<?xml version="1.0" encoding="UTF-8"?>
<testsuite xmlns:xsi="http://www.w3.org/2001/XMLSchema-instance" xsi:noNamespaceSchemaLocation="https://maven.apache.org/surefire/maven-failsafe-plugin/xsd/failsafe-test-report-3.0.xsd" version="3.0" name="starter.cucumberTestSuite" time="136.988" tests="7" errors="0" skipped="0" failures="0">
  <properties>
    <property name="java.specification.version" value="15"/>
    <property name="webdriver.chrome.driver" value="C:\Users\ASUS\.cache\selenium\chromedriver\win32\102.0.5005.61\chromedriver.exe"/>
    <property name="sun.cpu.isalist" value="amd64"/>
    <property name="sun.jnu.encoding" value="Cp1252"/>
    <property name="java.class.path" value="D:\PERKULIAHAN\Semester 6,Hebatt glad!\QE-FGD\Web\target\test-classes;C:\Users\ASUS\.m2\repository\net\serenity-bdd\serenity-core\3.2.1\serenity-core-3.2.1.jar;C:\Users\ASUS\.m2\repository\net\serenity-bdd\serenity-model\3.2.1\serenity-model-3.2.1.jar;C:\Users\ASUS\.m2\repository\org\apache\commons\commons-text\1.9\commons-text-1.9.jar;C:\Users\ASUS\.m2\repository\commons-net\commons-net\3.8.0\commons-net-3.8.0.jar;C:\Users\ASUS\.m2\repository\com\google\guava\guava\31.1-jre\guava-31.1-jre.jar;C:\Users\ASUS\.m2\repository\com\google\guava\failureaccess\1.0.1\failureaccess-1.0.1.jar;C:\Users\ASUS\.m2\repository\com\google\guava\listenablefuture\9999.0-empty-to-avoid-conflict-with-guava\listenablefuture-9999.0-empty-to-avoid-conflict-with-guava.jar;C:\Users\ASUS\.m2\repository\com\google\code\findbugs\jsr305\3.0.2\jsr305-3.0.2.jar;C:\Users\ASUS\.m2\repository\org\checkerframework\checker-qual\3.12.0\checker-qual-3.12.0.jar;C:\Users\ASUS\.m2\repository\com\google\errorprone\error_prone_annotations\2.11.0\error_prone_annotations-2.11.0.jar;C:\Users\ASUS\.m2\repository\com\google\j2objc\j2objc-annotations\1.3\j2objc-annotations-1.3.jar;C:\Users\ASUS\.m2\repository\com\google\inject\guice\5.1.0\guice-5.1.0.jar;C:\Users\ASUS\.m2\repository\javax\inject\javax.inject\1\javax.inject-1.jar;C:\Users\ASUS\.m2\repository\aopalliance\aopalliance\1.0\aopalliance-1.0.jar;C:\Users\ASUS\.m2\repository\org\jsoup\jsoup\1.14.3\jsoup-1.14.3.jar;C:\Users\ASUS\.m2\repository\com\thoughtworks\xstream\xstream\1.4.19\xstream-1.4.19.jar;C:\Users\ASUS\.m2\repository\io\github\x-stream\mxparser\1.2.2\mxparser-1.2.2.jar;C:\Users\ASUS\.m2\repository\xmlpull\xmlpull\1.1.3.1\xmlpull-1.1.3.1.jar;C:\Users\ASUS\.m2\repository\io\cucumber\cucumber-java\7.2.3\cucumber-java-7.2.3.jar;C:\Users\ASUS\.m2\repository\com\typesafe\config\1.4.2\config-1.4.2.jar;C:\Users\ASUS\.m2\repository\org\imgscalr\imgscalr-lib\4.2\imgscalr-lib-4.2.jar;C:\Users\ASUS\.m2\repository\org\awaitility\awaitility\4.2.0\awaitility-4.2.0.jar;C:\Users\ASUS\.m2\repository\org\freemarker\freemarker\2.3.31\freemarker-2.3.31.jar;C:\Users\ASUS\.m2\repository\io\github\classgraph\classgraph\4.8.138\classgraph-4.8.138.jar;C:\Users\ASUS\.m2\repository\net\sourceforge\jexcelapi\jxl\2.6.12\jxl-2.6.12.jar;C:\Users\ASUS\.m2\repository\net\bytebuddy\byte-buddy\1.12.8\byte-buddy-1.12.8.jar;C:\Users\ASUS\.m2\repository\net\bytebuddy\byte-buddy-agent\1.12.8\byte-buddy-agent-1.12.8.jar;C:\Users\ASUS\.m2\repository\org\objenesis\objenesis\3.1\objenesis-3.1.jar;C:\Users\ASUS\.m2\repository\net\serenity-bdd\serenity-reports\3.2.1\serenity-reports-3.2.1.jar;C:\Users\ASUS\.m2\repository\net\serenity-bdd\serenity-stats\3.2.1\serenity-stats-3.2.1.jar;C:\Users\ASUS\.m2\repository\net\serenity-bdd\serenity-reports-configuration\3.2.1\serenity-reports-configuration-3.2.1.jar;C:\Users\ASUS\.m2\repository\com\vladsch\flexmark\flexmark-all\0.34.30\flexmark-all-0.34.30.jar;C:\Users\ASUS\.m2\repository\com\vladsch\flexmark\flexmark\0.34.30\flexmark-0.34.30.jar;C:\Users\ASUS\.m2\repository\com\vladsch\flexmark\flexmark-ext-abbreviation\0.34.30\flexmark-ext-abbreviation-0.34.30.jar;C:\Users\ASUS\.m2\repository\com\vladsch\flexmark\flexmark-ext-admonition\0.34.30\flexmark-ext-admonition-0.34.30.jar;C:\Users\ASUS\.m2\repository\com\vladsch\flexmark\flexmark-ext-anchorlink\0.34.30\flexmark-ext-anchorlink-0.34.30.jar;C:\Users\ASUS\.m2\repository\com\vladsch\flexmark\flexmark-ext-aside\0.34.30\flexmark-ext-aside-0.34.30.jar;C:\Users\ASUS\.m2\repository\com\vladsch\flexmark\flexmark-ext-attributes\0.34.30\flexmark-ext-attributes-0.34.30.jar;C:\Users\ASUS\.m2\repository\com\vladsch\flexmark\flexmark-ext-autolink\0.34.30\flexmark-ext-autolink-0.34.30.jar;C:\Users\ASUS\.m2\repository\org\nibor\autolink\autolink\0.6.0\autolink-0.6.0.jar;C:\Users\ASUS\.m2\repository\com\vladsch\flexmark\flexmark-ext-definition\0.34.30\flexmark-ext-definition-0.34.30.jar;C:\Users\ASUS\.m2\repository\com\vladsch\flexmark\flexmark-ext-emoji\0.34.30\flexmark-ext-emoji-0.34.30.jar;C:\Users\ASUS\.m2\repository\com\vladsch\flexmark\flexmark-ext-enumerated-reference\0.34.30\flexmark-ext-enumerated-reference-0.34.30.jar;C:\Users\ASUS\.m2\repository\com\vladsch\flexmark\flexmark-ext-escaped-character\0.34.30\flexmark-ext-escaped-character-0.34.30.jar;C:\Users\ASUS\.m2\repository\com\vladsch\flexmark\flexmark-ext-footnotes\0.34.30\flexmark-ext-footnotes-0.34.30.jar;C:\Users\ASUS\.m2\repository\com\vladsch\flexmark\flexmark-ext-gfm-issues\0.34.30\flexmark-ext-gfm-issues-0.34.30.jar;C:\Users\ASUS\.m2\repository\com\vladsch\flexmark\flexmark-ext-gfm-strikethrough\0.34.30\flexmark-ext-gfm-strikethrough-0.34.30.jar;C:\Users\ASUS\.m2\repository\com\vladsch\flexmark\flexmark-ext-gfm-tables\0.34.30\flexmark-ext-gfm-tables-0.34.30.jar;C:\Users\ASUS\.m2\repository\com\vladsch\flexmark\flexmark-ext-gfm-tasklist\0.34.30\flexmark-ext-gfm-tasklist-0.34.30.jar;C:\Users\ASUS\.m2\repository\com\vladsch\flexmark\flexmark-ext-gfm-users\0.34.30\flexmark-ext-gfm-users-0.34.30.jar;C:\Users\ASUS\.m2\repository\com\vladsch\flexmark\flexmark-ext-gitlab\0.34.30\flexmark-ext-gitlab-0.34.30.jar;C:\Users\ASUS\.m2\repository\com\vladsch\flexmark\flexmark-ext-jekyll-front-matter\0.34.30\flexmark-ext-jekyll-front-matter-0.34.30.jar;C:\Users\ASUS\.m2\repository\com\vladsch\flexmark\flexmark-ext-jekyll-tag\0.34.30\flexmark-ext-jekyll-tag-0.34.30.jar;C:\Users\ASUS\.m2\repository\com\vladsch\flexmark\flexmark-ext-media-tags\0.34.30\flexmark-ext-media-tags-0.34.30.jar;C:\Users\ASUS\.m2\repository\com\vladsch\flexmark\flexmark-test-util\0.34.30\flexmark-test-util-0.34.30.jar;C:\Users\ASUS\.m2\repository\com\vladsch\flexmark\flexmark-ext-ins\0.34.30\flexmark-ext-ins-0.34.30.jar;C:\Users\ASUS\.m2\repository\com\vladsch\flexmark\flexmark-ext-xwiki-macros\0.34.30\flexmark-ext-xwiki-macros-0.34.30.jar;C:\Users\ASUS\.m2\repository\com\vladsch\flexmark\flexmark-ext-superscript\0.34.30\flexmark-ext-superscript-0.34.30.jar;C:\Users\ASUS\.m2\repository\com\vladsch\flexmark\flexmark-ext-tables\0.34.30\flexmark-ext-tables-0.34.30.jar;C:\Users\ASUS\.m2\repository\com\vladsch\flexmark\flexmark-ext-toc\0.34.30\flexmark-ext-toc-0.34.30.jar;C:\Users\ASUS\.m2\repository\com\vladsch\flexmark\flexmark-ext-typographic\0.34.30\flexmark-ext-typographic-0.34.30.jar;C:\Users\ASUS\.m2\repository\com\vladsch\flexmark\flexmark-ext-wikilink\0.34.30\flexmark-ext-wikilink-0.34.30.jar;C:\Users\ASUS\.m2\repository\com\vladsch\flexmark\flexmark-ext-yaml-front-matter\0.34.30\flexmark-ext-yaml-front-matter-0.34.30.jar;C:\Users\ASUS\.m2\repository\com\vladsch\flexmark\flexmark-ext-youtube-embedded\0.34.30\flexmark-ext-youtube-embedded-0.34.30.jar;C:\Users\ASUS\.m2\repository\com\vladsch\flexmark\flexmark-formatter\0.34.30\flexmark-formatter-0.34.30.jar;C:\Users\ASUS\.m2\repository\com\vladsch\flexmark\flexmark-html-parser\0.34.30\flexmark-html-parser-0.34.30.jar;C:\Users\ASUS\.m2\repository\com\vladsch\flexmark\flexmark-jira-converter\0.34.30\flexmark-jira-converter-0.34.30.jar;C:\Users\ASUS\.m2\repository\com\vladsch\flexmark\flexmark-pdf-converter\0.34.30\flexmark-pdf-converter-0.34.30.jar;C:\Users\ASUS\.m2\repository\com\openhtmltopdf\openhtmltopdf-core\0.0.1-RC13\openhtmltopdf-core-0.0.1-RC13.jar;C:\Users\ASUS\.m2\repository\com\openhtmltopdf\openhtmltopdf-pdfbox\0.0.1-RC13\openhtmltopdf-pdfbox-0.0.1-RC13.jar;C:\Users\ASUS\.m2\repository\org\apache\pdfbox\pdfbox\2.0.8\pdfbox-2.0.8.jar;C:\Users\ASUS\.m2\repository\org\apache\pdfbox\fontbox\2.0.8\fontbox-2.0.8.jar;C:\Users\ASUS\.m2\repository\commons-logging\commons-logging\1.2\commons-logging-1.2.jar;C:\Users\ASUS\.m2\repository\org\apache\pdfbox\xmpbox\2.0.8\xmpbox-2.0.8.jar;C:\Users\ASUS\.m2\repository\de\rototor\pdfbox\graphics2d\0.12\graphics2d-0.12.jar;C:\Users\ASUS\.m2\repository\com\openhtmltopdf\openhtmltopdf-rtl-support\0.0.1-RC13\openhtmltopdf-rtl-support-0.0.1-RC13.jar;C:\Users\ASUS\.m2\repository\com\ibm\icu\icu4j\59.1\icu4j-59.1.jar;C:\Users\ASUS\.m2\repository\com\openhtmltopdf\openhtmltopdf-jsoup-dom-converter\0.0.1-RC13\openhtmltopdf-jsoup-dom-converter-0.0.1-RC13.jar;C:\Users\ASUS\.m2\repository\com\vladsch\flexmark\flexmark-profile-pegdown\0.34.30\flexmark-profile-pegdown-0.34.30.jar;C:\Users\ASUS\.m2\repository\com\vladsch\flexmark\flexmark-util\0.34.30\flexmark-util-0.34.30.jar;C:\Users\ASUS\.m2\repository\com\vladsch\flexmark\flexmark-youtrack-converter\0.34.30\flexmark-youtrack-converter-0.34.30.jar;C:\Users\ASUS\.m2\repository\es\nitaur\markdown\txtmark\0.16\txtmark-0.16.jar;C:\Users\ASUS\.m2\repository\net\serenity-bdd\serenity-report-resources\3.2.1\serenity-report-resources-3.2.1.jar;C:\Users\ASUS\.m2\repository\com\google\code\gson\gson\2.9.0\gson-2.9.0.jar;C:\Users\ASUS\.m2\repository\com\fasterxml\jackson\core\jackson-core\2.13.2\jackson-core-2.13.2.jar;C:\Users\ASUS\.m2\repository\com\fasterxml\jackson\core\jackson-databind\2.13.2\jackson-databind-2.13.2.jar;C:\Users\ASUS\.m2\repository\com\fasterxml\jackson\core\jackson-annotations\2.13.2\jackson-annotations-2.13.2.jar;C:\Users\ASUS\.m2\repository\commons-codec\commons-codec\1.15\commons-codec-1.15.jar;C:\Users\ASUS\.m2\repository\commons-io\commons-io\2.11.0\commons-io-2.11.0.jar;C:\Users\ASUS\.m2\repository\org\seleniumhq\selenium\selenium-java\4.1.2\selenium-java-4.1.2.jar;C:\Users\ASUS\.m2\repository\org\seleniumhq\selenium\selenium-devtools-v85\4.1.2\selenium-devtools-v85-4.1.2.jar;C:\Users\ASUS\.m2\repository\org\seleniumhq\selenium\selenium-devtools-v95\4.1.2\selenium-devtools-v95-4.1.2.jar;C:\Users\ASUS\.m2\repository\org\seleniumhq\selenium\selenium-devtools-v96\4.1.2\selenium-devtools-v96-4.1.2.jar;C:\Users\ASUS\.m2\repository\org\seleniumhq\selenium\selenium-devtools-v97\4.1.2\selenium-devtools-v97-4.1.2.jar;C:\Users\ASUS\.m2\repository\org\seleniumhq\selenium\selenium-firefox-xpi-driver\4.1.2\selenium-firefox-xpi-driver-4.1.2.jar;C:\Users\ASUS\.m2\repository\org\seleniumhq\selenium\selenium-opera-driver\4.1.2\selenium-opera-driver-4.1.2.jar;C:\Users\ASUS\.m2\repository\org\seleniumhq\selenium\selenium-remote-driver\4.1.2\selenium-remote-driver-4.1.2.jar;C:\Users\ASUS\.m2\repository\com\beust\jcommander\1.82\jcommander-1.82.jar;C:\Users\ASUS\.m2\repository\io\netty\netty-buffer\4.1.73.Final\netty-buffer-4.1.73.Final.jar;C:\Users\ASUS\.m2\repository\io\netty\netty-codec-http\4.1.73.Final\netty-codec-http-4.1.73.Final.jar;C:\Users\ASUS\.m2\repository\io\netty\netty-codec\4.1.73.Final\netty-codec-4.1.73.Final.jar;C:\Users\ASUS\.m2\repository\io\netty\netty-handler\4.1.73.Final\netty-handler-4.1.73.Final.jar;C:\Users\ASUS\.m2\repository\io\netty\netty-tcnative-classes\2.0.46.Final\netty-tcnative-classes-2.0.46.Final.jar;C:\Users\ASUS\.m2\repository\io\netty\netty-common\4.1.73.Final\netty-common-4.1.73.Final.jar;C:\Users\ASUS\.m2\repository\io\netty\netty-transport-classes-epoll\4.1.73.Final\netty-transport-classes-epoll-4.1.73.Final.jar;C:\Users\ASUS\.m2\repository\io\netty\netty-transport-classes-kqueue\4.1.73.Final\netty-transport-classes-kqueue-4.1.73.Final.jar;C:\Users\ASUS\.m2\repository\io\netty\netty-transport-native-epoll\4.1.73.Final\netty-transport-native-epoll-4.1.73.Final.jar;C:\Users\ASUS\.m2\repository\io\netty\netty-transport-native-kqueue\4.1.73.Final\netty-transport-native-kqueue-4.1.73.Final.jar;C:\Users\ASUS\.m2\repository\io\netty\netty-transport-native-unix-common\4.1.73.Final\netty-transport-native-unix-common-4.1.73.Final.jar;C:\Users\ASUS\.m2\repository\io\netty\netty-transport\4.1.73.Final\netty-transport-4.1.73.Final.jar;C:\Users\ASUS\.m2\repository\io\netty\netty-resolver\4.1.73.Final\netty-resolver-4.1.73.Final.jar;C:\Users\ASUS\.m2\repository\io\opentelemetry\opentelemetry-api\1.10.1\opentelemetry-api-1.10.1.jar;C:\Users\ASUS\.m2\repository\io\opentelemetry\opentelemetry-context\1.10.1\opentelemetry-context-1.10.1.jar;C:\Users\ASUS\.m2\repository\io\opentelemetry\opentelemetry-exporter-logging\1.10.1\opentelemetry-exporter-logging-1.10.1.jar;C:\Users\ASUS\.m2\repository\io\opentelemetry\opentelemetry-sdk-metrics\1.10.1-alpha\opentelemetry-sdk-metrics-1.10.1-alpha.jar;C:\Users\ASUS\.m2\repository\io\opentelemetry\opentelemetry-sdk-logs\1.10.1-alpha\opentelemetry-sdk-logs-1.10.1-alpha.jar;C:\Users\ASUS\.m2\repository\io\opentelemetry\opentelemetry-sdk-common\1.10.1\opentelemetry-sdk-common-1.10.1.jar;C:\Users\ASUS\.m2\repository\io\opentelemetry\opentelemetry-sdk-extension-autoconfigure-spi\1.10.1\opentelemetry-sdk-extension-autoconfigure-spi-1.10.1.jar;C:\Users\ASUS\.m2\repository\io\opentelemetry\opentelemetry-sdk-extension-autoconfigure\1.10.1-alpha\opentelemetry-sdk-extension-autoconfigure-1.10.1-alpha.jar;C:\Users\ASUS\.m2\repository\io\opentelemetry\opentelemetry-sdk-trace\1.10.1\opentelemetry-sdk-trace-1.10.1.jar;C:\Users\ASUS\.m2\repository\io\opentelemetry\opentelemetry-sdk\1.10.1\opentelemetry-sdk-1.10.1.jar;C:\Users\ASUS\.m2\repository\io\opentelemetry\opentelemetry-semconv\1.10.1-alpha\opentelemetry-semconv-1.10.1-alpha.jar;C:\Users\ASUS\.m2\repository\io\ous\jtoml\2.0.0\jtoml-2.0.0.jar;C:\Users\ASUS\.m2\repository\org\apache\commons\commons-exec\1.3\commons-exec-1.3.jar;C:\Users\ASUS\.m2\repository\org\asynchttpclient\async-http-client\2.12.3\async-http-client-2.12.3.jar;C:\Users\ASUS\.m2\repository\org\asynchttpclient\async-http-client-netty-utils\2.12.3\async-http-client-netty-utils-2.12.3.jar;C:\Users\ASUS\.m2\repository\io\netty\netty-codec-socks\4.1.60.Final\netty-codec-socks-4.1.60.Final.jar;C:\Users\ASUS\.m2\repository\io\netty\netty-handler-proxy\4.1.60.Final\netty-handler-proxy-4.1.60.Final.jar;C:\Users\ASUS\.m2\repository\io\netty\netty-transport-native-epoll\4.1.60.Final\netty-transport-native-epoll-4.1.60.Final-linux-x86_64.jar;C:\Users\ASUS\.m2\repository\io\netty\netty-transport-native-kqueue\4.1.60.Final\netty-transport-native-kqueue-4.1.60.Final-osx-x86_64.jar;C:\Users\ASUS\.m2\repository\org\reactivestreams\reactive-streams\1.0.3\reactive-streams-1.0.3.jar;C:\Users\ASUS\.m2\repository\com\typesafe\netty\netty-reactive-streams\2.0.4\netty-reactive-streams-2.0.4.jar;C:\Users\ASUS\.m2\repository\org\seleniumhq\selenium\selenium-http\4.1.2\selenium-http-4.1.2.jar;C:\Users\ASUS\.m2\repository\net\jodah\failsafe\2.4.4\failsafe-2.4.4.jar;C:\Users\ASUS\.m2\repository\org\seleniumhq\selenium\selenium-safari-driver\4.1.2\selenium-safari-driver-4.1.2.jar;C:\Users\ASUS\.m2\repository\org\seleniumhq\selenium\selenium-api\4.1.2\selenium-api-4.1.2.jar;C:\Users\ASUS\.m2\repository\org\seleniumhq\selenium\selenium-support\4.1.2\selenium-support-4.1.2.jar;C:\Users\ASUS\.m2\repository\com\google\auto\service\auto-service-annotations\1.0.1\auto-service-annotations-1.0.1.jar;C:\Users\ASUS\.m2\repository\com\google\auto\service\auto-service\1.0.1\auto-service-1.0.1.jar;C:\Users\ASUS\.m2\repository\com\google\auto\auto-common\1.2\auto-common-1.2.jar;C:\Users\ASUS\.m2\repository\org\seleniumhq\selenium\selenium-json\4.1.2\selenium-json-4.1.2.jar;C:\Users\ASUS\.m2\repository\org\seleniumhq\selenium\selenium-chrome-driver\4.1.2\selenium-chrome-driver-4.1.2.jar;C:\Users\ASUS\.m2\repository\org\seleniumhq\selenium\selenium-chromium-driver\4.1.2\selenium-chromium-driver-4.1.2.jar;C:\Users\ASUS\.m2\repository\org\seleniumhq\selenium\selenium-firefox-driver\4.1.2\selenium-firefox-driver-4.1.2.jar;C:\Users\ASUS\.m2\repository\org\seleniumhq\selenium\selenium-edge-driver\4.1.2\selenium-edge-driver-4.1.2.jar;C:\Users\ASUS\.m2\repository\org\seleniumhq\selenium\selenium-ie-driver\4.1.2\selenium-ie-driver-4.1.2.jar;C:\Users\ASUS\.m2\repository\org\projectlombok\lombok\1.18.20\lombok-1.18.20.jar;C:\Users\ASUS\.m2\repository\io\appium\java-client\8.0.0\java-client-8.0.0.jar;C:\Users\ASUS\.m2\repository\commons-validator\commons-validator\1.7\commons-validator-1.7.jar;C:\Users\ASUS\.m2\repository\commons-digester\commons-digester\2.1\commons-digester-2.1.jar;C:\Users\ASUS\.m2\repository\org\aspectj\aspectjweaver\1.9.8\aspectjweaver-1.9.8.jar;C:\Users\ASUS\.m2\repository\org\codehaus\groovy\groovy\3.0.10\groovy-3.0.10.jar;C:\Users\ASUS\.m2\repository\net\sf\opencsv\opencsv\2.0\opencsv-2.0.jar;C:\Users\ASUS\.m2\repository\commons-beanutils\commons-beanutils\1.9.4\commons-beanutils-1.9.4.jar;C:\Users\ASUS\.m2\repository\org\apache\commons\commons-lang3\3.12.0\commons-lang3-3.12.0.jar;C:\Users\ASUS\.m2\repository\commons-collections\commons-collections\3.2.2\commons-collections-3.2.2.jar;C:\Users\ASUS\.m2\repository\org\fluentlenium\fluentlenium-core\0.10.2\fluentlenium-core-0.10.2.jar;C:\Users\ASUS\.m2\repository\io\github\bonigarcia\webdrivermanager\5.1.0\webdrivermanager-5.1.0.jar;C:\Users\ASUS\.m2\repository\com\github\docker-java\docker-java\3.2.13\docker-java-3.2.13.jar;C:\Users\ASUS\.m2\repository\com\github\docker-java\docker-java-core\3.2.13\docker-java-core-3.2.13.jar;C:\Users\ASUS\.m2\repository\com\github\docker-java\docker-java-api\3.2.13\docker-java-api-3.2.13.jar;C:\Users\ASUS\.m2\repository\org\apache\commons\commons-compress\1.21\commons-compress-1.21.jar;C:\Users\ASUS\.m2\repository\org\bouncycastle\bcpkix-jdk15on\1.64\bcpkix-jdk15on-1.64.jar;C:\Users\ASUS\.m2\repository\org\bouncycastle\bcprov-jdk15on\1.64\bcprov-jdk15on-1.64.jar;C:\Users\ASUS\.m2\repository\org\slf4j\jcl-over-slf4j\1.7.30\jcl-over-slf4j-1.7.30.jar;C:\Users\ASUS\.m2\repository\com\github\docker-java\docker-java-transport-httpclient5\3.2.13\docker-java-transport-httpclient5-3.2.13.jar;C:\Users\ASUS\.m2\repository\com\github\docker-java\docker-java-transport\3.2.13\docker-java-transport-3.2.13.jar;C:\Users\ASUS\.m2\repository\org\apache\httpcomponents\client5\httpclient5\5.0.3\httpclient5-5.0.3.jar;C:\Users\ASUS\.m2\repository\org\apache\httpcomponents\core5\httpcore5\5.0.2\httpcore5-5.0.2.jar;C:\Users\ASUS\.m2\repository\net\java\dev\jna\jna\5.8.0\jna-5.8.0.jar;C:\Users\ASUS\.m2\repository\org\brotli\dec\0.1.2\dec-0.1.2.jar;C:\Users\ASUS\.m2\repository\com\jhlabs\filters\2.0.235\filters-2.0.235.jar;C:\Users\ASUS\.m2\repository\com\paulhammant\ngwebdriver\1.1.6\ngwebdriver-1.1.6.jar;C:\Users\ASUS\.m2\repository\joda-time\joda-time\2.8.2\joda-time-2.8.2.jar;C:\Users\ASUS\.m2\repository\org\hamcrest\hamcrest\2.2\hamcrest-2.2.jar;C:\Users\ASUS\.m2\repository\com\google\jimfs\jimfs\1.2\jimfs-1.2.jar;C:\Users\ASUS\.m2\repository\org\mockito\mockito-core\3.3.3\mockito-core-3.3.3.jar;C:\Users\ASUS\.m2\repository\javax\xml\bind\jaxb-api\2.3.1\jaxb-api-2.3.1.jar;C:\Users\ASUS\.m2\repository\javax\activation\javax.activation-api\1.2.0\javax.activation-api-1.2.0.jar;C:\Users\ASUS\.m2\repository\com\sun\xml\bind\jaxb-core\2.3.0.1\jaxb-core-2.3.0.1.jar;C:\Users\ASUS\.m2\repository\com\sun\xml\bind\jaxb-impl\2.3.3\jaxb-impl-2.3.3.jar;C:\Users\ASUS\.m2\repository\jakarta\xml\bind\jakarta.xml.bind-api\2.3.3\jakarta.xml.bind-api-2.3.3.jar;C:\Users\ASUS\.m2\repository\com\sun\activation\jakarta.activation\1.2.2\jakarta.activation-1.2.2.jar;C:\Users\ASUS\.m2\repository\javax\activation\activation\1.1.1\activation-1.1.1.jar;C:\Users\ASUS\.m2\repository\net\serenity-bdd\serenity-cucumber\3.2.1\serenity-cucumber-3.2.1.jar;C:\Users\ASUS\.m2\repository\io\cucumber\cucumber-core\7.2.3\cucumber-core-7.2.3.jar;C:\Users\ASUS\.m2\repository\io\cucumber\cucumber-gherkin\7.2.3\cucumber-gherkin-7.2.3.jar;C:\Users\ASUS\.m2\repository\io\cucumber\cucumber-gherkin-messages\7.2.3\cucumber-gherkin-messages-7.2.3.jar;C:\Users\ASUS\.m2\repository\io\cucumber\messages\17.1.1\messages-17.1.1.jar;C:\Users\ASUS\.m2\repository\io\cucumber\tag-expressions\4.1.0\tag-expressions-4.1.0.jar;C:\Users\ASUS\.m2\repository\io\cucumber\cucumber-expressions\15.0.1\cucumber-expressions-15.0.1.jar;C:\Users\ASUS\.m2\repository\io\cucumber\datatable\7.2.3\datatable-7.2.3.jar;C:\Users\ASUS\.m2\repository\io\cucumber\cucumber-plugin\7.2.3\cucumber-plugin-7.2.3.jar;C:\Users\ASUS\.m2\repository\io\cucumber\docstring\7.2.3\docstring-7.2.3.jar;C:\Users\ASUS\.m2\repository\io\cucumber\html-formatter\17.0.0\html-formatter-17.0.0.jar;C:\Users\ASUS\.m2\repository\io\cucumber\ci-environment\8.1.0\ci-environment-8.1.0.jar;C:\Users\ASUS\.m2\repository\io\cucumber\cucumber-junit\7.2.3\cucumber-junit-7.2.3.jar;C:\Users\ASUS\.m2\repository\org\apache\commons\commons-csv\1.5\commons-csv-1.5.jar;C:\Users\ASUS\.m2\repository\net\serenity-bdd\serenity-screenplay\3.2.1\serenity-screenplay-3.2.1.jar;C:\Users\ASUS\.m2\repository\net\serenity-bdd\serenity-screenplay-webdriver\3.2.1\serenity-screenplay-webdriver-3.2.1.jar;C:\Users\ASUS\.m2\repository\net\serenity-bdd\serenity-ensure\3.2.1\serenity-ensure-3.2.1.jar;C:\Users\ASUS\.m2\repository\net\serenity-bdd\serenity-junit\3.2.1\serenity-junit-3.2.1.jar;C:\Users\ASUS\.m2\repository\org\jetbrains\kotlin\kotlin-stdlib\1.6.0\kotlin-stdlib-1.6.0.jar;C:\Users\ASUS\.m2\repository\org\jetbrains\annotations\13.0\annotations-13.0.jar;C:\Users\ASUS\.m2\repository\org\jetbrains\kotlin\kotlin-stdlib-common\1.6.0\kotlin-stdlib-common-1.6.0.jar;C:\Users\ASUS\.m2\repository\org\junit\platform\junit-platform-launcher\1.8.1\junit-platform-launcher-1.8.1.jar;C:\Users\ASUS\.m2\repository\org\junit\platform\junit-platform-engine\1.8.1\junit-platform-engine-1.8.1.jar;C:\Users\ASUS\.m2\repository\org\opentest4j\opentest4j\1.2.0\opentest4j-1.2.0.jar;C:\Users\ASUS\.m2\repository\org\junit\platform\junit-platform-commons\1.8.1\junit-platform-commons-1.8.1.jar;C:\Users\ASUS\.m2\repository\org\apiguardian\apiguardian-api\1.1.2\apiguardian-api-1.1.2.jar;C:\Users\ASUS\.m2\repository\org\junit\jupiter\junit-jupiter-engine\5.8.2\junit-jupiter-engine-5.8.2.jar;C:\Users\ASUS\.m2\repository\org\junit\jupiter\junit-jupiter-api\5.8.2\junit-jupiter-api-5.8.2.jar;C:\Users\ASUS\.m2\repository\org\junit\vintage\junit-vintage-engine\5.8.2\junit-vintage-engine-5.8.2.jar;C:\Users\ASUS\.m2\repository\junit\junit\4.13.2\junit-4.13.2.jar;C:\Users\ASUS\.m2\repository\org\hamcrest\hamcrest-core\1.3\hamcrest-core-1.3.jar;C:\Users\ASUS\.m2\repository\ch\qos\logback\logback-classic\1.2.10\logback-classic-1.2.10.jar;C:\Users\ASUS\.m2\repository\ch\qos\logback\logback-core\1.2.10\logback-core-1.2.10.jar;C:\Users\ASUS\.m2\repository\org\slf4j\slf4j-api\1.7.32\slf4j-api-1.7.32.jar;C:\Users\ASUS\.m2\repository\org\assertj\assertj-core\3.6.2\assertj-core-3.6.2.jar;"/>
    <property name="java.vm.vendor" value="Oracle Corporation"/>
    <property name="sun.arch.data.model" value="64"/>
    <property name="user.variant" value=""/>
    <property name="java.vendor.url" value="https://java.oracle.com/"/>
    <property name="user.timezone" value="Asia/Jakarta"/>
    <property name="log4j2.formatMsgNoLookups" value="true"/>
    <property name="os.name" value="Windows 10"/>
    <property name="java.vm.specification.version" value="15"/>
    <property name="sun.java.launcher" value="SUN_STANDARD"/>
    <property name="user.country" value="ID"/>
    <property name="sun.boot.library.path" value="C:\Program Files\Java\jdk-15.0.2\bin"/>
    <property name="sun.java.command" value="org.apache.maven.surefire.booter.ForkedBooter C:\Users\ASUS\AppData\Local\Temp\surefire3771963305751972610 2022-06-15T15-48-21_739-jvmRun1 surefire11155869415505563001tmp surefire_05738919030643182468tmp"/>
    <property name="jdk.debug" value="release"/>
    <property name="surefire.test.class.path" value="D:\PERKULIAHAN\Semester 6,Hebatt glad!\QE-FGD\Web\target\test-classes;C:\Users\ASUS\.m2\repository\net\serenity-bdd\serenity-core\3.2.1\serenity-core-3.2.1.jar;C:\Users\ASUS\.m2\repository\net\serenity-bdd\serenity-model\3.2.1\serenity-model-3.2.1.jar;C:\Users\ASUS\.m2\repository\org\apache\commons\commons-text\1.9\commons-text-1.9.jar;C:\Users\ASUS\.m2\repository\commons-net\commons-net\3.8.0\commons-net-3.8.0.jar;C:\Users\ASUS\.m2\repository\com\google\guava\guava\31.1-jre\guava-31.1-jre.jar;C:\Users\ASUS\.m2\repository\com\google\guava\failureaccess\1.0.1\failureaccess-1.0.1.jar;C:\Users\ASUS\.m2\repository\com\google\guava\listenablefuture\9999.0-empty-to-avoid-conflict-with-guava\listenablefuture-9999.0-empty-to-avoid-conflict-with-guava.jar;C:\Users\ASUS\.m2\repository\com\google\code\findbugs\jsr305\3.0.2\jsr305-3.0.2.jar;C:\Users\ASUS\.m2\repository\org\checkerframework\checker-qual\3.12.0\checker-qual-3.12.0.jar;C:\Users\ASUS\.m2\repository\com\google\errorprone\error_prone_annotations\2.11.0\error_prone_annotations-2.11.0.jar;C:\Users\ASUS\.m2\repository\com\google\j2objc\j2objc-annotations\1.3\j2objc-annotations-1.3.jar;C:\Users\ASUS\.m2\repository\com\google\inject\guice\5.1.0\guice-5.1.0.jar;C:\Users\ASUS\.m2\repository\javax\inject\javax.inject\1\javax.inject-1.jar;C:\Users\ASUS\.m2\repository\aopalliance\aopalliance\1.0\aopalliance-1.0.jar;C:\Users\ASUS\.m2\repository\org\jsoup\jsoup\1.14.3\jsoup-1.14.3.jar;C:\Users\ASUS\.m2\repository\com\thoughtworks\xstream\xstream\1.4.19\xstream-1.4.19.jar;C:\Users\ASUS\.m2\repository\io\github\x-stream\mxparser\1.2.2\mxparser-1.2.2.jar;C:\Users\ASUS\.m2\repository\xmlpull\xmlpull\1.1.3.1\xmlpull-1.1.3.1.jar;C:\Users\ASUS\.m2\repository\io\cucumber\cucumber-java\7.2.3\cucumber-java-7.2.3.jar;C:\Users\ASUS\.m2\repository\com\typesafe\config\1.4.2\config-1.4.2.jar;C:\Users\ASUS\.m2\repository\org\imgscalr\imgscalr-lib\4.2\imgscalr-lib-4.2.jar;C:\Users\ASUS\.m2\repository\org\awaitility\awaitility\4.2.0\awaitility-4.2.0.jar;C:\Users\ASUS\.m2\repository\org\freemarker\freemarker\2.3.31\freemarker-2.3.31.jar;C:\Users\ASUS\.m2\repository\io\github\classgraph\classgraph\4.8.138\classgraph-4.8.138.jar;C:\Users\ASUS\.m2\repository\net\sourceforge\jexcelapi\jxl\2.6.12\jxl-2.6.12.jar;C:\Users\ASUS\.m2\repository\net\bytebuddy\byte-buddy\1.12.8\byte-buddy-1.12.8.jar;C:\Users\ASUS\.m2\repository\net\bytebuddy\byte-buddy-agent\1.12.8\byte-buddy-agent-1.12.8.jar;C:\Users\ASUS\.m2\repository\org\objenesis\objenesis\3.1\objenesis-3.1.jar;C:\Users\ASUS\.m2\repository\net\serenity-bdd\serenity-reports\3.2.1\serenity-reports-3.2.1.jar;C:\Users\ASUS\.m2\repository\net\serenity-bdd\serenity-stats\3.2.1\serenity-stats-3.2.1.jar;C:\Users\ASUS\.m2\repository\net\serenity-bdd\serenity-reports-configuration\3.2.1\serenity-reports-configuration-3.2.1.jar;C:\Users\ASUS\.m2\repository\com\vladsch\flexmark\flexmark-all\0.34.30\flexmark-all-0.34.30.jar;C:\Users\ASUS\.m2\repository\com\vladsch\flexmark\flexmark\0.34.30\flexmark-0.34.30.jar;C:\Users\ASUS\.m2\repository\com\vladsch\flexmark\flexmark-ext-abbreviation\0.34.30\flexmark-ext-abbreviation-0.34.30.jar;C:\Users\ASUS\.m2\repository\com\vladsch\flexmark\flexmark-ext-admonition\0.34.30\flexmark-ext-admonition-0.34.30.jar;C:\Users\ASUS\.m2\repository\com\vladsch\flexmark\flexmark-ext-anchorlink\0.34.30\flexmark-ext-anchorlink-0.34.30.jar;C:\Users\ASUS\.m2\repository\com\vladsch\flexmark\flexmark-ext-aside\0.34.30\flexmark-ext-aside-0.34.30.jar;C:\Users\ASUS\.m2\repository\com\vladsch\flexmark\flexmark-ext-attributes\0.34.30\flexmark-ext-attributes-0.34.30.jar;C:\Users\ASUS\.m2\repository\com\vladsch\flexmark\flexmark-ext-autolink\0.34.30\flexmark-ext-autolink-0.34.30.jar;C:\Users\ASUS\.m2\repository\org\nibor\autolink\autolink\0.6.0\autolink-0.6.0.jar;C:\Users\ASUS\.m2\repository\com\vladsch\flexmark\flexmark-ext-definition\0.34.30\flexmark-ext-definition-0.34.30.jar;C:\Users\ASUS\.m2\repository\com\vladsch\flexmark\flexmark-ext-emoji\0.34.30\flexmark-ext-emoji-0.34.30.jar;C:\Users\ASUS\.m2\repository\com\vladsch\flexmark\flexmark-ext-enumerated-reference\0.34.30\flexmark-ext-enumerated-reference-0.34.30.jar;C:\Users\ASUS\.m2\repository\com\vladsch\flexmark\flexmark-ext-escaped-character\0.34.30\flexmark-ext-escaped-character-0.34.30.jar;C:\Users\ASUS\.m2\repository\com\vladsch\flexmark\flexmark-ext-footnotes\0.34.30\flexmark-ext-footnotes-0.34.30.jar;C:\Users\ASUS\.m2\repository\com\vladsch\flexmark\flexmark-ext-gfm-issues\0.34.30\flexmark-ext-gfm-issues-0.34.30.jar;C:\Users\ASUS\.m2\repository\com\vladsch\flexmark\flexmark-ext-gfm-strikethrough\0.34.30\flexmark-ext-gfm-strikethrough-0.34.30.jar;C:\Users\ASUS\.m2\repository\com\vladsch\flexmark\flexmark-ext-gfm-tables\0.34.30\flexmark-ext-gfm-tables-0.34.30.jar;C:\Users\ASUS\.m2\repository\com\vladsch\flexmark\flexmark-ext-gfm-tasklist\0.34.30\flexmark-ext-gfm-tasklist-0.34.30.jar;C:\Users\ASUS\.m2\repository\com\vladsch\flexmark\flexmark-ext-gfm-users\0.34.30\flexmark-ext-gfm-users-0.34.30.jar;C:\Users\ASUS\.m2\repository\com\vladsch\flexmark\flexmark-ext-gitlab\0.34.30\flexmark-ext-gitlab-0.34.30.jar;C:\Users\ASUS\.m2\repository\com\vladsch\flexmark\flexmark-ext-jekyll-front-matter\0.34.30\flexmark-ext-jekyll-front-matter-0.34.30.jar;C:\Users\ASUS\.m2\repository\com\vladsch\flexmark\flexmark-ext-jekyll-tag\0.34.30\flexmark-ext-jekyll-tag-0.34.30.jar;C:\Users\ASUS\.m2\repository\com\vladsch\flexmark\flexmark-ext-media-tags\0.34.30\flexmark-ext-media-tags-0.34.30.jar;C:\Users\ASUS\.m2\repository\com\vladsch\flexmark\flexmark-test-util\0.34.30\flexmark-test-util-0.34.30.jar;C:\Users\ASUS\.m2\repository\com\vladsch\flexmark\flexmark-ext-ins\0.34.30\flexmark-ext-ins-0.34.30.jar;C:\Users\ASUS\.m2\repository\com\vladsch\flexmark\flexmark-ext-xwiki-macros\0.34.30\flexmark-ext-xwiki-macros-0.34.30.jar;C:\Users\ASUS\.m2\repository\com\vladsch\flexmark\flexmark-ext-superscript\0.34.30\flexmark-ext-superscript-0.34.30.jar;C:\Users\ASUS\.m2\repository\com\vladsch\flexmark\flexmark-ext-tables\0.34.30\flexmark-ext-tables-0.34.30.jar;C:\Users\ASUS\.m2\repository\com\vladsch\flexmark\flexmark-ext-toc\0.34.30\flexmark-ext-toc-0.34.30.jar;C:\Users\ASUS\.m2\repository\com\vladsch\flexmark\flexmark-ext-typographic\0.34.30\flexmark-ext-typographic-0.34.30.jar;C:\Users\ASUS\.m2\repository\com\vladsch\flexmark\flexmark-ext-wikilink\0.34.30\flexmark-ext-wikilink-0.34.30.jar;C:\Users\ASUS\.m2\repository\com\vladsch\flexmark\flexmark-ext-yaml-front-matter\0.34.30\flexmark-ext-yaml-front-matter-0.34.30.jar;C:\Users\ASUS\.m2\repository\com\vladsch\flexmark\flexmark-ext-youtube-embedded\0.34.30\flexmark-ext-youtube-embedded-0.34.30.jar;C:\Users\ASUS\.m2\repository\com\vladsch\flexmark\flexmark-formatter\0.34.30\flexmark-formatter-0.34.30.jar;C:\Users\ASUS\.m2\repository\com\vladsch\flexmark\flexmark-html-parser\0.34.30\flexmark-html-parser-0.34.30.jar;C:\Users\ASUS\.m2\repository\com\vladsch\flexmark\flexmark-jira-converter\0.34.30\flexmark-jira-converter-0.34.30.jar;C:\Users\ASUS\.m2\repository\com\vladsch\flexmark\flexmark-pdf-converter\0.34.30\flexmark-pdf-converter-0.34.30.jar;C:\Users\ASUS\.m2\repository\com\openhtmltopdf\openhtmltopdf-core\0.0.1-RC13\openhtmltopdf-core-0.0.1-RC13.jar;C:\Users\ASUS\.m2\repository\com\openhtmltopdf\openhtmltopdf-pdfbox\0.0.1-RC13\openhtmltopdf-pdfbox-0.0.1-RC13.jar;C:\Users\ASUS\.m2\repository\org\apache\pdfbox\pdfbox\2.0.8\pdfbox-2.0.8.jar;C:\Users\ASUS\.m2\repository\org\apache\pdfbox\fontbox\2.0.8\fontbox-2.0.8.jar;C:\Users\ASUS\.m2\repository\commons-logging\commons-logging\1.2\commons-logging-1.2.jar;C:\Users\ASUS\.m2\repository\org\apache\pdfbox\xmpbox\2.0.8\xmpbox-2.0.8.jar;C:\Users\ASUS\.m2\repository\de\rototor\pdfbox\graphics2d\0.12\graphics2d-0.12.jar;C:\Users\ASUS\.m2\repository\com\openhtmltopdf\openhtmltopdf-rtl-support\0.0.1-RC13\openhtmltopdf-rtl-support-0.0.1-RC13.jar;C:\Users\ASUS\.m2\repository\com\ibm\icu\icu4j\59.1\icu4j-59.1.jar;C:\Users\ASUS\.m2\repository\com\openhtmltopdf\openhtmltopdf-jsoup-dom-converter\0.0.1-RC13\openhtmltopdf-jsoup-dom-converter-0.0.1-RC13.jar;C:\Users\ASUS\.m2\repository\com\vladsch\flexmark\flexmark-profile-pegdown\0.34.30\flexmark-profile-pegdown-0.34.30.jar;C:\Users\ASUS\.m2\repository\com\vladsch\flexmark\flexmark-util\0.34.30\flexmark-util-0.34.30.jar;C:\Users\ASUS\.m2\repository\com\vladsch\flexmark\flexmark-youtrack-converter\0.34.30\flexmark-youtrack-converter-0.34.30.jar;C:\Users\ASUS\.m2\repository\es\nitaur\markdown\txtmark\0.16\txtmark-0.16.jar;C:\Users\ASUS\.m2\repository\net\serenity-bdd\serenity-report-resources\3.2.1\serenity-report-resources-3.2.1.jar;C:\Users\ASUS\.m2\repository\com\google\code\gson\gson\2.9.0\gson-2.9.0.jar;C:\Users\ASUS\.m2\repository\com\fasterxml\jackson\core\jackson-core\2.13.2\jackson-core-2.13.2.jar;C:\Users\ASUS\.m2\repository\com\fasterxml\jackson\core\jackson-databind\2.13.2\jackson-databind-2.13.2.jar;C:\Users\ASUS\.m2\repository\com\fasterxml\jackson\core\jackson-annotations\2.13.2\jackson-annotations-2.13.2.jar;C:\Users\ASUS\.m2\repository\commons-codec\commons-codec\1.15\commons-codec-1.15.jar;C:\Users\ASUS\.m2\repository\commons-io\commons-io\2.11.0\commons-io-2.11.0.jar;C:\Users\ASUS\.m2\repository\org\seleniumhq\selenium\selenium-java\4.1.2\selenium-java-4.1.2.jar;C:\Users\ASUS\.m2\repository\org\seleniumhq\selenium\selenium-devtools-v85\4.1.2\selenium-devtools-v85-4.1.2.jar;C:\Users\ASUS\.m2\repository\org\seleniumhq\selenium\selenium-devtools-v95\4.1.2\selenium-devtools-v95-4.1.2.jar;C:\Users\ASUS\.m2\repository\org\seleniumhq\selenium\selenium-devtools-v96\4.1.2\selenium-devtools-v96-4.1.2.jar;C:\Users\ASUS\.m2\repository\org\seleniumhq\selenium\selenium-devtools-v97\4.1.2\selenium-devtools-v97-4.1.2.jar;C:\Users\ASUS\.m2\repository\org\seleniumhq\selenium\selenium-firefox-xpi-driver\4.1.2\selenium-firefox-xpi-driver-4.1.2.jar;C:\Users\ASUS\.m2\repository\org\seleniumhq\selenium\selenium-opera-driver\4.1.2\selenium-opera-driver-4.1.2.jar;C:\Users\ASUS\.m2\repository\org\seleniumhq\selenium\selenium-remote-driver\4.1.2\selenium-remote-driver-4.1.2.jar;C:\Users\ASUS\.m2\repository\com\beust\jcommander\1.82\jcommander-1.82.jar;C:\Users\ASUS\.m2\repository\io\netty\netty-buffer\4.1.73.Final\netty-buffer-4.1.73.Final.jar;C:\Users\ASUS\.m2\repository\io\netty\netty-codec-http\4.1.73.Final\netty-codec-http-4.1.73.Final.jar;C:\Users\ASUS\.m2\repository\io\netty\netty-codec\4.1.73.Final\netty-codec-4.1.73.Final.jar;C:\Users\ASUS\.m2\repository\io\netty\netty-handler\4.1.73.Final\netty-handler-4.1.73.Final.jar;C:\Users\ASUS\.m2\repository\io\netty\netty-tcnative-classes\2.0.46.Final\netty-tcnative-classes-2.0.46.Final.jar;C:\Users\ASUS\.m2\repository\io\netty\netty-common\4.1.73.Final\netty-common-4.1.73.Final.jar;C:\Users\ASUS\.m2\repository\io\netty\netty-transport-classes-epoll\4.1.73.Final\netty-transport-classes-epoll-4.1.73.Final.jar;C:\Users\ASUS\.m2\repository\io\netty\netty-transport-classes-kqueue\4.1.73.Final\netty-transport-classes-kqueue-4.1.73.Final.jar;C:\Users\ASUS\.m2\repository\io\netty\netty-transport-native-epoll\4.1.73.Final\netty-transport-native-epoll-4.1.73.Final.jar;C:\Users\ASUS\.m2\repository\io\netty\netty-transport-native-kqueue\4.1.73.Final\netty-transport-native-kqueue-4.1.73.Final.jar;C:\Users\ASUS\.m2\repository\io\netty\netty-transport-native-unix-common\4.1.73.Final\netty-transport-native-unix-common-4.1.73.Final.jar;C:\Users\ASUS\.m2\repository\io\netty\netty-transport\4.1.73.Final\netty-transport-4.1.73.Final.jar;C:\Users\ASUS\.m2\repository\io\netty\netty-resolver\4.1.73.Final\netty-resolver-4.1.73.Final.jar;C:\Users\ASUS\.m2\repository\io\opentelemetry\opentelemetry-api\1.10.1\opentelemetry-api-1.10.1.jar;C:\Users\ASUS\.m2\repository\io\opentelemetry\opentelemetry-context\1.10.1\opentelemetry-context-1.10.1.jar;C:\Users\ASUS\.m2\repository\io\opentelemetry\opentelemetry-exporter-logging\1.10.1\opentelemetry-exporter-logging-1.10.1.jar;C:\Users\ASUS\.m2\repository\io\opentelemetry\opentelemetry-sdk-metrics\1.10.1-alpha\opentelemetry-sdk-metrics-1.10.1-alpha.jar;C:\Users\ASUS\.m2\repository\io\opentelemetry\opentelemetry-sdk-logs\1.10.1-alpha\opentelemetry-sdk-logs-1.10.1-alpha.jar;C:\Users\ASUS\.m2\repository\io\opentelemetry\opentelemetry-sdk-common\1.10.1\opentelemetry-sdk-common-1.10.1.jar;C:\Users\ASUS\.m2\repository\io\opentelemetry\opentelemetry-sdk-extension-autoconfigure-spi\1.10.1\opentelemetry-sdk-extension-autoconfigure-spi-1.10.1.jar;C:\Users\ASUS\.m2\repository\io\opentelemetry\opentelemetry-sdk-extension-autoconfigure\1.10.1-alpha\opentelemetry-sdk-extension-autoconfigure-1.10.1-alpha.jar;C:\Users\ASUS\.m2\repository\io\opentelemetry\opentelemetry-sdk-trace\1.10.1\opentelemetry-sdk-trace-1.10.1.jar;C:\Users\ASUS\.m2\repository\io\opentelemetry\opentelemetry-sdk\1.10.1\opentelemetry-sdk-1.10.1.jar;C:\Users\ASUS\.m2\repository\io\opentelemetry\opentelemetry-semconv\1.10.1-alpha\opentelemetry-semconv-1.10.1-alpha.jar;C:\Users\ASUS\.m2\repository\io\ous\jtoml\2.0.0\jtoml-2.0.0.jar;C:\Users\ASUS\.m2\repository\org\apache\commons\commons-exec\1.3\commons-exec-1.3.jar;C:\Users\ASUS\.m2\repository\org\asynchttpclient\async-http-client\2.12.3\async-http-client-2.12.3.jar;C:\Users\ASUS\.m2\repository\org\asynchttpclient\async-http-client-netty-utils\2.12.3\async-http-client-netty-utils-2.12.3.jar;C:\Users\ASUS\.m2\repository\io\netty\netty-codec-socks\4.1.60.Final\netty-codec-socks-4.1.60.Final.jar;C:\Users\ASUS\.m2\repository\io\netty\netty-handler-proxy\4.1.60.Final\netty-handler-proxy-4.1.60.Final.jar;C:\Users\ASUS\.m2\repository\io\netty\netty-transport-native-epoll\4.1.60.Final\netty-transport-native-epoll-4.1.60.Final-linux-x86_64.jar;C:\Users\ASUS\.m2\repository\io\netty\netty-transport-native-kqueue\4.1.60.Final\netty-transport-native-kqueue-4.1.60.Final-osx-x86_64.jar;C:\Users\ASUS\.m2\repository\org\reactivestreams\reactive-streams\1.0.3\reactive-streams-1.0.3.jar;C:\Users\ASUS\.m2\repository\com\typesafe\netty\netty-reactive-streams\2.0.4\netty-reactive-streams-2.0.4.jar;C:\Users\ASUS\.m2\repository\org\seleniumhq\selenium\selenium-http\4.1.2\selenium-http-4.1.2.jar;C:\Users\ASUS\.m2\repository\net\jodah\failsafe\2.4.4\failsafe-2.4.4.jar;C:\Users\ASUS\.m2\repository\org\seleniumhq\selenium\selenium-safari-driver\4.1.2\selenium-safari-driver-4.1.2.jar;C:\Users\ASUS\.m2\repository\org\seleniumhq\selenium\selenium-api\4.1.2\selenium-api-4.1.2.jar;C:\Users\ASUS\.m2\repository\org\seleniumhq\selenium\selenium-support\4.1.2\selenium-support-4.1.2.jar;C:\Users\ASUS\.m2\repository\com\google\auto\service\auto-service-annotations\1.0.1\auto-service-annotations-1.0.1.jar;C:\Users\ASUS\.m2\repository\com\google\auto\service\auto-service\1.0.1\auto-service-1.0.1.jar;C:\Users\ASUS\.m2\repository\com\google\auto\auto-common\1.2\auto-common-1.2.jar;C:\Users\ASUS\.m2\repository\org\seleniumhq\selenium\selenium-json\4.1.2\selenium-json-4.1.2.jar;C:\Users\ASUS\.m2\repository\org\seleniumhq\selenium\selenium-chrome-driver\4.1.2\selenium-chrome-driver-4.1.2.jar;C:\Users\ASUS\.m2\repository\org\seleniumhq\selenium\selenium-chromium-driver\4.1.2\selenium-chromium-driver-4.1.2.jar;C:\Users\ASUS\.m2\repository\org\seleniumhq\selenium\selenium-firefox-driver\4.1.2\selenium-firefox-driver-4.1.2.jar;C:\Users\ASUS\.m2\repository\org\seleniumhq\selenium\selenium-edge-driver\4.1.2\selenium-edge-driver-4.1.2.jar;C:\Users\ASUS\.m2\repository\org\seleniumhq\selenium\selenium-ie-driver\4.1.2\selenium-ie-driver-4.1.2.jar;C:\Users\ASUS\.m2\repository\org\projectlombok\lombok\1.18.20\lombok-1.18.20.jar;C:\Users\ASUS\.m2\repository\io\appium\java-client\8.0.0\java-client-8.0.0.jar;C:\Users\ASUS\.m2\repository\commons-validator\commons-validator\1.7\commons-validator-1.7.jar;C:\Users\ASUS\.m2\repository\commons-digester\commons-digester\2.1\commons-digester-2.1.jar;C:\Users\ASUS\.m2\repository\org\aspectj\aspectjweaver\1.9.8\aspectjweaver-1.9.8.jar;C:\Users\ASUS\.m2\repository\org\codehaus\groovy\groovy\3.0.10\groovy-3.0.10.jar;C:\Users\ASUS\.m2\repository\net\sf\opencsv\opencsv\2.0\opencsv-2.0.jar;C:\Users\ASUS\.m2\repository\commons-beanutils\commons-beanutils\1.9.4\commons-beanutils-1.9.4.jar;C:\Users\ASUS\.m2\repository\org\apache\commons\commons-lang3\3.12.0\commons-lang3-3.12.0.jar;C:\Users\ASUS\.m2\repository\commons-collections\commons-collections\3.2.2\commons-collections-3.2.2.jar;C:\Users\ASUS\.m2\repository\org\fluentlenium\fluentlenium-core\0.10.2\fluentlenium-core-0.10.2.jar;C:\Users\ASUS\.m2\repository\io\github\bonigarcia\webdrivermanager\5.1.0\webdrivermanager-5.1.0.jar;C:\Users\ASUS\.m2\repository\com\github\docker-java\docker-java\3.2.13\docker-java-3.2.13.jar;C:\Users\ASUS\.m2\repository\com\github\docker-java\docker-java-core\3.2.13\docker-java-core-3.2.13.jar;C:\Users\ASUS\.m2\repository\com\github\docker-java\docker-java-api\3.2.13\docker-java-api-3.2.13.jar;C:\Users\ASUS\.m2\repository\org\apache\commons\commons-compress\1.21\commons-compress-1.21.jar;C:\Users\ASUS\.m2\repository\org\bouncycastle\bcpkix-jdk15on\1.64\bcpkix-jdk15on-1.64.jar;C:\Users\ASUS\.m2\repository\org\bouncycastle\bcprov-jdk15on\1.64\bcprov-jdk15on-1.64.jar;C:\Users\ASUS\.m2\repository\org\slf4j\jcl-over-slf4j\1.7.30\jcl-over-slf4j-1.7.30.jar;C:\Users\ASUS\.m2\repository\com\github\docker-java\docker-java-transport-httpclient5\3.2.13\docker-java-transport-httpclient5-3.2.13.jar;C:\Users\ASUS\.m2\repository\com\github\docker-java\docker-java-transport\3.2.13\docker-java-transport-3.2.13.jar;C:\Users\ASUS\.m2\repository\org\apache\httpcomponents\client5\httpclient5\5.0.3\httpclient5-5.0.3.jar;C:\Users\ASUS\.m2\repository\org\apache\httpcomponents\core5\httpcore5\5.0.2\httpcore5-5.0.2.jar;C:\Users\ASUS\.m2\repository\net\java\dev\jna\jna\5.8.0\jna-5.8.0.jar;C:\Users\ASUS\.m2\repository\org\brotli\dec\0.1.2\dec-0.1.2.jar;C:\Users\ASUS\.m2\repository\com\jhlabs\filters\2.0.235\filters-2.0.235.jar;C:\Users\ASUS\.m2\repository\com\paulhammant\ngwebdriver\1.1.6\ngwebdriver-1.1.6.jar;C:\Users\ASUS\.m2\repository\joda-time\joda-time\2.8.2\joda-time-2.8.2.jar;C:\Users\ASUS\.m2\repository\org\hamcrest\hamcrest\2.2\hamcrest-2.2.jar;C:\Users\ASUS\.m2\repository\com\google\jimfs\jimfs\1.2\jimfs-1.2.jar;C:\Users\ASUS\.m2\repository\org\mockito\mockito-core\3.3.3\mockito-core-3.3.3.jar;C:\Users\ASUS\.m2\repository\javax\xml\bind\jaxb-api\2.3.1\jaxb-api-2.3.1.jar;C:\Users\ASUS\.m2\repository\javax\activation\javax.activation-api\1.2.0\javax.activation-api-1.2.0.jar;C:\Users\ASUS\.m2\repository\com\sun\xml\bind\jaxb-core\2.3.0.1\jaxb-core-2.3.0.1.jar;C:\Users\ASUS\.m2\repository\com\sun\xml\bind\jaxb-impl\2.3.3\jaxb-impl-2.3.3.jar;C:\Users\ASUS\.m2\repository\jakarta\xml\bind\jakarta.xml.bind-api\2.3.3\jakarta.xml.bind-api-2.3.3.jar;C:\Users\ASUS\.m2\repository\com\sun\activation\jakarta.activation\1.2.2\jakarta.activation-1.2.2.jar;C:\Users\ASUS\.m2\repository\javax\activation\activation\1.1.1\activation-1.1.1.jar;C:\Users\ASUS\.m2\repository\net\serenity-bdd\serenity-cucumber\3.2.1\serenity-cucumber-3.2.1.jar;C:\Users\ASUS\.m2\repository\io\cucumber\cucumber-core\7.2.3\cucumber-core-7.2.3.jar;C:\Users\ASUS\.m2\repository\io\cucumber\cucumber-gherkin\7.2.3\cucumber-gherkin-7.2.3.jar;C:\Users\ASUS\.m2\repository\io\cucumber\cucumber-gherkin-messages\7.2.3\cucumber-gherkin-messages-7.2.3.jar;C:\Users\ASUS\.m2\repository\io\cucumber\messages\17.1.1\messages-17.1.1.jar;C:\Users\ASUS\.m2\repository\io\cucumber\tag-expressions\4.1.0\tag-expressions-4.1.0.jar;C:\Users\ASUS\.m2\repository\io\cucumber\cucumber-expressions\15.0.1\cucumber-expressions-15.0.1.jar;C:\Users\ASUS\.m2\repository\io\cucumber\datatable\7.2.3\datatable-7.2.3.jar;C:\Users\ASUS\.m2\repository\io\cucumber\cucumber-plugin\7.2.3\cucumber-plugin-7.2.3.jar;C:\Users\ASUS\.m2\repository\io\cucumber\docstring\7.2.3\docstring-7.2.3.jar;C:\Users\ASUS\.m2\repository\io\cucumber\html-formatter\17.0.0\html-formatter-17.0.0.jar;C:\Users\ASUS\.m2\repository\io\cucumber\ci-environment\8.1.0\ci-environment-8.1.0.jar;C:\Users\ASUS\.m2\repository\io\cucumber\cucumber-junit\7.2.3\cucumber-junit-7.2.3.jar;C:\Users\ASUS\.m2\repository\org\apache\commons\commons-csv\1.5\commons-csv-1.5.jar;C:\Users\ASUS\.m2\repository\net\serenity-bdd\serenity-screenplay\3.2.1\serenity-screenplay-3.2.1.jar;C:\Users\ASUS\.m2\repository\net\serenity-bdd\serenity-screenplay-webdriver\3.2.1\serenity-screenplay-webdriver-3.2.1.jar;C:\Users\ASUS\.m2\repository\net\serenity-bdd\serenity-ensure\3.2.1\serenity-ensure-3.2.1.jar;C:\Users\ASUS\.m2\repository\net\serenity-bdd\serenity-junit\3.2.1\serenity-junit-3.2.1.jar;C:\Users\ASUS\.m2\repository\org\jetbrains\kotlin\kotlin-stdlib\1.6.0\kotlin-stdlib-1.6.0.jar;C:\Users\ASUS\.m2\repository\org\jetbrains\annotations\13.0\annotations-13.0.jar;C:\Users\ASUS\.m2\repository\org\jetbrains\kotlin\kotlin-stdlib-common\1.6.0\kotlin-stdlib-common-1.6.0.jar;C:\Users\ASUS\.m2\repository\org\junit\platform\junit-platform-launcher\1.8.1\junit-platform-launcher-1.8.1.jar;C:\Users\ASUS\.m2\repository\org\junit\platform\junit-platform-engine\1.8.1\junit-platform-engine-1.8.1.jar;C:\Users\ASUS\.m2\repository\org\opentest4j\opentest4j\1.2.0\opentest4j-1.2.0.jar;C:\Users\ASUS\.m2\repository\org\junit\platform\junit-platform-commons\1.8.1\junit-platform-commons-1.8.1.jar;C:\Users\ASUS\.m2\repository\org\apiguardian\apiguardian-api\1.1.2\apiguardian-api-1.1.2.jar;C:\Users\ASUS\.m2\repository\org\junit\jupiter\junit-jupiter-engine\5.8.2\junit-jupiter-engine-5.8.2.jar;C:\Users\ASUS\.m2\repository\org\junit\jupiter\junit-jupiter-api\5.8.2\junit-jupiter-api-5.8.2.jar;C:\Users\ASUS\.m2\repository\org\junit\vintage\junit-vintage-engine\5.8.2\junit-vintage-engine-5.8.2.jar;C:\Users\ASUS\.m2\repository\junit\junit\4.13.2\junit-4.13.2.jar;C:\Users\ASUS\.m2\repository\org\hamcrest\hamcrest-core\1.3\hamcrest-core-1.3.jar;C:\Users\ASUS\.m2\repository\ch\qos\logback\logback-classic\1.2.10\logback-classic-1.2.10.jar;C:\Users\ASUS\.m2\repository\ch\qos\logback\logback-core\1.2.10\logback-core-1.2.10.jar;C:\Users\ASUS\.m2\repository\org\slf4j\slf4j-api\1.7.32\slf4j-api-1.7.32.jar;C:\Users\ASUS\.m2\repository\org\assertj\assertj-core\3.6.2\assertj-core-3.6.2.jar;"/>
    <property name="sun.cpu.endian" value="little"/>
    <property name="user.home" value="C:\Users\ASUS"/>
    <property name="user.language" value="en"/>
    <property name="java.specification.vendor" value="Oracle Corporation"/>
    <property name="jdk.module.path" value="D:\PERKULIAHAN\Semester 6,Hebatt glad!\QE-FGD\Web\target\Web-FGD-1.0-SNAPSHOT.jar"/>
    <property name="java.version.date" value="2021-01-19"/>
    <property name="java.home" value="C:\Program Files\Java\jdk-15.0.2"/>
    <property name="tags" value="@login"/>
    <property name="file.separator" value="\"/>
    <property name="basedir" value="D:\PERKULIAHAN\Semester 6,Hebatt glad!\QE-FGD\Web"/>
    <property name="java.vm.compressedOopsMode" value="Zero based"/>
    <property name="line.separator" value="&#10;"/>
    <property name="java.vm.specification.vendor" value="Oracle Corporation"/>
    <property name="java.specification.name" value="Java Platform API Specification"/>
    <property name="surefire.real.class.path" value="C:\Users\ASUS\.m2\repository\org\apache\maven\surefire\surefire-booter\3.0.0-M5\surefire-booter-3.0.0-M5.jar;C:\Users\ASUS\.m2\repository\org\apache\maven\surefire\surefire-api\3.0.0-M5\surefire-api-3.0.0-M5.jar;C:\Users\ASUS\.m2\repository\org\apache\maven\surefire\surefire-logger-api\3.0.0-M5\surefire-logger-api-3.0.0-M5.jar;C:\Users\ASUS\.m2\repository\org\apache\maven\surefire\surefire-shared-utils\3.0.0-M4\surefire-shared-utils-3.0.0-M4.jar;C:\Users\ASUS\.m2\repository\org\apache\maven\surefire\surefire-extensions-spi\3.0.0-M5\surefire-extensions-spi-3.0.0-M5.jar;D:\PERKULIAHAN\Semester 6,Hebatt glad!\QE-FGD\Web\target\test-classes;C:\Users\ASUS\.m2\repository\net\serenity-bdd\serenity-core\3.2.1\serenity-core-3.2.1.jar;C:\Users\ASUS\.m2\repository\net\serenity-bdd\serenity-model\3.2.1\serenity-model-3.2.1.jar;C:\Users\ASUS\.m2\repository\org\apache\commons\commons-text\1.9\commons-text-1.9.jar;C:\Users\ASUS\.m2\repository\commons-net\commons-net\3.8.0\commons-net-3.8.0.jar;C:\Users\ASUS\.m2\repository\com\google\guava\guava\31.1-jre\guava-31.1-jre.jar;C:\Users\ASUS\.m2\repository\com\google\guava\failureaccess\1.0.1\failureaccess-1.0.1.jar;C:\Users\ASUS\.m2\repository\com\google\guava\listenablefuture\9999.0-empty-to-avoid-conflict-with-guava\listenablefuture-9999.0-empty-to-avoid-conflict-with-guava.jar;C:\Users\ASUS\.m2\repository\com\google\code\findbugs\jsr305\3.0.2\jsr305-3.0.2.jar;C:\Users\ASUS\.m2\repository\org\checkerframework\checker-qual\3.12.0\checker-qual-3.12.0.jar;C:\Users\ASUS\.m2\repository\com\google\errorprone\error_prone_annotations\2.11.0\error_prone_annotations-2.11.0.jar;C:\Users\ASUS\.m2\repository\com\google\j2objc\j2objc-annotations\1.3\j2objc-annotations-1.3.jar;C:\Users\ASUS\.m2\repository\com\google\inject\guice\5.1.0\guice-5.1.0.jar;C:\Users\ASUS\.m2\repository\javax\inject\javax.inject\1\javax.inject-1.jar;C:\Users\ASUS\.m2\repository\aopalliance\aopalliance\1.0\aopalliance-1.0.jar;C:\Users\ASUS\.m2\repository\org\jsoup\jsoup\1.14.3\jsoup-1.14.3.jar;C:\Users\ASUS\.m2\repository\com\thoughtworks\xstream\xstream\1.4.19\xstream-1.4.19.jar;C:\Users\ASUS\.m2\repository\io\github\x-stream\mxparser\1.2.2\mxparser-1.2.2.jar;C:\Users\ASUS\.m2\repository\xmlpull\xmlpull\1.1.3.1\xmlpull-1.1.3.1.jar;C:\Users\ASUS\.m2\repository\io\cucumber\cucumber-java\7.2.3\cucumber-java-7.2.3.jar;C:\Users\ASUS\.m2\repository\com\typesafe\config\1.4.2\config-1.4.2.jar;C:\Users\ASUS\.m2\repository\org\imgscalr\imgscalr-lib\4.2\imgscalr-lib-4.2.jar;C:\Users\ASUS\.m2\repository\org\awaitility\awaitility\4.2.0\awaitility-4.2.0.jar;C:\Users\ASUS\.m2\repository\org\freemarker\freemarker\2.3.31\freemarker-2.3.31.jar;C:\Users\ASUS\.m2\repository\io\github\classgraph\classgraph\4.8.138\classgraph-4.8.138.jar;C:\Users\ASUS\.m2\repository\net\sourceforge\jexcelapi\jxl\2.6.12\jxl-2.6.12.jar;C:\Users\ASUS\.m2\repository\net\bytebuddy\byte-buddy\1.12.8\byte-buddy-1.12.8.jar;C:\Users\ASUS\.m2\repository\net\bytebuddy\byte-buddy-agent\1.12.8\byte-buddy-agent-1.12.8.jar;C:\Users\ASUS\.m2\repository\org\objenesis\objenesis\3.1\objenesis-3.1.jar;C:\Users\ASUS\.m2\repository\net\serenity-bdd\serenity-reports\3.2.1\serenity-reports-3.2.1.jar;C:\Users\ASUS\.m2\repository\net\serenity-bdd\serenity-stats\3.2.1\serenity-stats-3.2.1.jar;C:\Users\ASUS\.m2\repository\net\serenity-bdd\serenity-reports-configuration\3.2.1\serenity-reports-configuration-3.2.1.jar;C:\Users\ASUS\.m2\repository\com\vladsch\flexmark\flexmark-all\0.34.30\flexmark-all-0.34.30.jar;C:\Users\ASUS\.m2\repository\com\vladsch\flexmark\flexmark\0.34.30\flexmark-0.34.30.jar;C:\Users\ASUS\.m2\repository\com\vladsch\flexmark\flexmark-ext-abbreviation\0.34.30\flexmark-ext-abbreviation-0.34.30.jar;C:\Users\ASUS\.m2\repository\com\vladsch\flexmark\flexmark-ext-admonition\0.34.30\flexmark-ext-admonition-0.34.30.jar;C:\Users\ASUS\.m2\repository\com\vladsch\flexmark\flexmark-ext-anchorlink\0.34.30\flexmark-ext-anchorlink-0.34.30.jar;C:\Users\ASUS\.m2\repository\com\vladsch\flexmark\flexmark-ext-aside\0.34.30\flexmark-ext-aside-0.34.30.jar;C:\Users\ASUS\.m2\repository\com\vladsch\flexmark\flexmark-ext-attributes\0.34.30\flexmark-ext-attributes-0.34.30.jar;C:\Users\ASUS\.m2\repository\com\vladsch\flexmark\flexmark-ext-autolink\0.34.30\flexmark-ext-autolink-0.34.30.jar;C:\Users\ASUS\.m2\repository\org\nibor\autolink\autolink\0.6.0\autolink-0.6.0.jar;C:\Users\ASUS\.m2\repository\com\vladsch\flexmark\flexmark-ext-definition\0.34.30\flexmark-ext-definition-0.34.30.jar;C:\Users\ASUS\.m2\repository\com\vladsch\flexmark\flexmark-ext-emoji\0.34.30\flexmark-ext-emoji-0.34.30.jar;C:\Users\ASUS\.m2\repository\com\vladsch\flexmark\flexmark-ext-enumerated-reference\0.34.30\flexmark-ext-enumerated-reference-0.34.30.jar;C:\Users\ASUS\.m2\repository\com\vladsch\flexmark\flexmark-ext-escaped-character\0.34.30\flexmark-ext-escaped-character-0.34.30.jar;C:\Users\ASUS\.m2\repository\com\vladsch\flexmark\flexmark-ext-footnotes\0.34.30\flexmark-ext-footnotes-0.34.30.jar;C:\Users\ASUS\.m2\repository\com\vladsch\flexmark\flexmark-ext-gfm-issues\0.34.30\flexmark-ext-gfm-issues-0.34.30.jar;C:\Users\ASUS\.m2\repository\com\vladsch\flexmark\flexmark-ext-gfm-strikethrough\0.34.30\flexmark-ext-gfm-strikethrough-0.34.30.jar;C:\Users\ASUS\.m2\repository\com\vladsch\flexmark\flexmark-ext-gfm-tables\0.34.30\flexmark-ext-gfm-tables-0.34.30.jar;C:\Users\ASUS\.m2\repository\com\vladsch\flexmark\flexmark-ext-gfm-tasklist\0.34.30\flexmark-ext-gfm-tasklist-0.34.30.jar;C:\Users\ASUS\.m2\repository\com\vladsch\flexmark\flexmark-ext-gfm-users\0.34.30\flexmark-ext-gfm-users-0.34.30.jar;C:\Users\ASUS\.m2\repository\com\vladsch\flexmark\flexmark-ext-gitlab\0.34.30\flexmark-ext-gitlab-0.34.30.jar;C:\Users\ASUS\.m2\repository\com\vladsch\flexmark\flexmark-ext-jekyll-front-matter\0.34.30\flexmark-ext-jekyll-front-matter-0.34.30.jar;C:\Users\ASUS\.m2\repository\com\vladsch\flexmark\flexmark-ext-jekyll-tag\0.34.30\flexmark-ext-jekyll-tag-0.34.30.jar;C:\Users\ASUS\.m2\repository\com\vladsch\flexmark\flexmark-ext-media-tags\0.34.30\flexmark-ext-media-tags-0.34.30.jar;C:\Users\ASUS\.m2\repository\com\vladsch\flexmark\flexmark-test-util\0.34.30\flexmark-test-util-0.34.30.jar;C:\Users\ASUS\.m2\repository\com\vladsch\flexmark\flexmark-ext-ins\0.34.30\flexmark-ext-ins-0.34.30.jar;C:\Users\ASUS\.m2\repository\com\vladsch\flexmark\flexmark-ext-xwiki-macros\0.34.30\flexmark-ext-xwiki-macros-0.34.30.jar;C:\Users\ASUS\.m2\repository\com\vladsch\flexmark\flexmark-ext-superscript\0.34.30\flexmark-ext-superscript-0.34.30.jar;C:\Users\ASUS\.m2\repository\com\vladsch\flexmark\flexmark-ext-tables\0.34.30\flexmark-ext-tables-0.34.30.jar;C:\Users\ASUS\.m2\repository\com\vladsch\flexmark\flexmark-ext-toc\0.34.30\flexmark-ext-toc-0.34.30.jar;C:\Users\ASUS\.m2\repository\com\vladsch\flexmark\flexmark-ext-typographic\0.34.30\flexmark-ext-typographic-0.34.30.jar;C:\Users\ASUS\.m2\repository\com\vladsch\flexmark\flexmark-ext-wikilink\0.34.30\flexmark-ext-wikilink-0.34.30.jar;C:\Users\ASUS\.m2\repository\com\vladsch\flexmark\flexmark-ext-yaml-front-matter\0.34.30\flexmark-ext-yaml-front-matter-0.34.30.jar;C:\Users\ASUS\.m2\repository\com\vladsch\flexmark\flexmark-ext-youtube-embedded\0.34.30\flexmark-ext-youtube-embedded-0.34.30.jar;C:\Users\ASUS\.m2\repository\com\vladsch\flexmark\flexmark-formatter\0.34.30\flexmark-formatter-0.34.30.jar;C:\Users\ASUS\.m2\repository\com\vladsch\flexmark\flexmark-html-parser\0.34.30\flexmark-html-parser-0.34.30.jar;C:\Users\ASUS\.m2\repository\com\vladsch\flexmark\flexmark-jira-converter\0.34.30\flexmark-jira-converter-0.34.30.jar;C:\Users\ASUS\.m2\repository\com\vladsch\flexmark\flexmark-pdf-converter\0.34.30\flexmark-pdf-converter-0.34.30.jar;C:\Users\ASUS\.m2\repository\com\openhtmltopdf\openhtmltopdf-core\0.0.1-RC13\openhtmltopdf-core-0.0.1-RC13.jar;C:\Users\ASUS\.m2\repository\com\openhtmltopdf\openhtmltopdf-pdfbox\0.0.1-RC13\openhtmltopdf-pdfbox-0.0.1-RC13.jar;C:\Users\ASUS\.m2\repository\org\apache\pdfbox\pdfbox\2.0.8\pdfbox-2.0.8.jar;C:\Users\ASUS\.m2\repository\org\apache\pdfbox\fontbox\2.0.8\fontbox-2.0.8.jar;C:\Users\ASUS\.m2\repository\commons-logging\commons-logging\1.2\commons-logging-1.2.jar;C:\Users\ASUS\.m2\repository\org\apache\pdfbox\xmpbox\2.0.8\xmpbox-2.0.8.jar;C:\Users\ASUS\.m2\repository\de\rototor\pdfbox\graphics2d\0.12\graphics2d-0.12.jar;C:\Users\ASUS\.m2\repository\com\openhtmltopdf\openhtmltopdf-rtl-support\0.0.1-RC13\openhtmltopdf-rtl-support-0.0.1-RC13.jar;C:\Users\ASUS\.m2\repository\com\ibm\icu\icu4j\59.1\icu4j-59.1.jar;C:\Users\ASUS\.m2\repository\com\openhtmltopdf\openhtmltopdf-jsoup-dom-converter\0.0.1-RC13\openhtmltopdf-jsoup-dom-converter-0.0.1-RC13.jar;C:\Users\ASUS\.m2\repository\com\vladsch\flexmark\flexmark-profile-pegdown\0.34.30\flexmark-profile-pegdown-0.34.30.jar;C:\Users\ASUS\.m2\repository\com\vladsch\flexmark\flexmark-util\0.34.30\flexmark-util-0.34.30.jar;C:\Users\ASUS\.m2\repository\com\vladsch\flexmark\flexmark-youtrack-converter\0.34.30\flexmark-youtrack-converter-0.34.30.jar;C:\Users\ASUS\.m2\repository\es\nitaur\markdown\txtmark\0.16\txtmark-0.16.jar;C:\Users\ASUS\.m2\repository\net\serenity-bdd\serenity-report-resources\3.2.1\serenity-report-resources-3.2.1.jar;C:\Users\ASUS\.m2\repository\com\google\code\gson\gson\2.9.0\gson-2.9.0.jar;C:\Users\ASUS\.m2\repository\com\fasterxml\jackson\core\jackson-core\2.13.2\jackson-core-2.13.2.jar;C:\Users\ASUS\.m2\repository\com\fasterxml\jackson\core\jackson-databind\2.13.2\jackson-databind-2.13.2.jar;C:\Users\ASUS\.m2\repository\com\fasterxml\jackson\core\jackson-annotations\2.13.2\jackson-annotations-2.13.2.jar;C:\Users\ASUS\.m2\repository\commons-codec\commons-codec\1.15\commons-codec-1.15.jar;C:\Users\ASUS\.m2\repository\commons-io\commons-io\2.11.0\commons-io-2.11.0.jar;C:\Users\ASUS\.m2\repository\org\seleniumhq\selenium\selenium-java\4.1.2\selenium-java-4.1.2.jar;C:\Users\ASUS\.m2\repository\org\seleniumhq\selenium\selenium-devtools-v85\4.1.2\selenium-devtools-v85-4.1.2.jar;C:\Users\ASUS\.m2\repository\org\seleniumhq\selenium\selenium-devtools-v95\4.1.2\selenium-devtools-v95-4.1.2.jar;C:\Users\ASUS\.m2\repository\org\seleniumhq\selenium\selenium-devtools-v96\4.1.2\selenium-devtools-v96-4.1.2.jar;C:\Users\ASUS\.m2\repository\org\seleniumhq\selenium\selenium-devtools-v97\4.1.2\selenium-devtools-v97-4.1.2.jar;C:\Users\ASUS\.m2\repository\org\seleniumhq\selenium\selenium-firefox-xpi-driver\4.1.2\selenium-firefox-xpi-driver-4.1.2.jar;C:\Users\ASUS\.m2\repository\org\seleniumhq\selenium\selenium-opera-driver\4.1.2\selenium-opera-driver-4.1.2.jar;C:\Users\ASUS\.m2\repository\org\seleniumhq\selenium\selenium-remote-driver\4.1.2\selenium-remote-driver-4.1.2.jar;C:\Users\ASUS\.m2\repository\com\beust\jcommander\1.82\jcommander-1.82.jar;C:\Users\ASUS\.m2\repository\io\netty\netty-buffer\4.1.73.Final\netty-buffer-4.1.73.Final.jar;C:\Users\ASUS\.m2\repository\io\netty\netty-codec-http\4.1.73.Final\netty-codec-http-4.1.73.Final.jar;C:\Users\ASUS\.m2\repository\io\netty\netty-codec\4.1.73.Final\netty-codec-4.1.73.Final.jar;C:\Users\ASUS\.m2\repository\io\netty\netty-handler\4.1.73.Final\netty-handler-4.1.73.Final.jar;C:\Users\ASUS\.m2\repository\io\netty\netty-tcnative-classes\2.0.46.Final\netty-tcnative-classes-2.0.46.Final.jar;C:\Users\ASUS\.m2\repository\io\netty\netty-common\4.1.73.Final\netty-common-4.1.73.Final.jar;C:\Users\ASUS\.m2\repository\io\netty\netty-transport-classes-epoll\4.1.73.Final\netty-transport-classes-epoll-4.1.73.Final.jar;C:\Users\ASUS\.m2\repository\io\netty\netty-transport-classes-kqueue\4.1.73.Final\netty-transport-classes-kqueue-4.1.73.Final.jar;C:\Users\ASUS\.m2\repository\io\netty\netty-transport-native-epoll\4.1.73.Final\netty-transport-native-epoll-4.1.73.Final.jar;C:\Users\ASUS\.m2\repository\io\netty\netty-transport-native-kqueue\4.1.73.Final\netty-transport-native-kqueue-4.1.73.Final.jar;C:\Users\ASUS\.m2\repository\io\netty\netty-transport-native-unix-common\4.1.73.Final\netty-transport-native-unix-common-4.1.73.Final.jar;C:\Users\ASUS\.m2\repository\io\netty\netty-transport\4.1.73.Final\netty-transport-4.1.73.Final.jar;C:\Users\ASUS\.m2\repository\io\netty\netty-resolver\4.1.73.Final\netty-resolver-4.1.73.Final.jar;C:\Users\ASUS\.m2\repository\io\opentelemetry\opentelemetry-api\1.10.1\opentelemetry-api-1.10.1.jar;C:\Users\ASUS\.m2\repository\io\opentelemetry\opentelemetry-context\1.10.1\opentelemetry-context-1.10.1.jar;C:\Users\ASUS\.m2\repository\io\opentelemetry\opentelemetry-exporter-logging\1.10.1\opentelemetry-exporter-logging-1.10.1.jar;C:\Users\ASUS\.m2\repository\io\opentelemetry\opentelemetry-sdk-metrics\1.10.1-alpha\opentelemetry-sdk-metrics-1.10.1-alpha.jar;C:\Users\ASUS\.m2\repository\io\opentelemetry\opentelemetry-sdk-logs\1.10.1-alpha\opentelemetry-sdk-logs-1.10.1-alpha.jar;C:\Users\ASUS\.m2\repository\io\opentelemetry\opentelemetry-sdk-common\1.10.1\opentelemetry-sdk-common-1.10.1.jar;C:\Users\ASUS\.m2\repository\io\opentelemetry\opentelemetry-sdk-extension-autoconfigure-spi\1.10.1\opentelemetry-sdk-extension-autoconfigure-spi-1.10.1.jar;C:\Users\ASUS\.m2\repository\io\opentelemetry\opentelemetry-sdk-extension-autoconfigure\1.10.1-alpha\opentelemetry-sdk-extension-autoconfigure-1.10.1-alpha.jar;C:\Users\ASUS\.m2\repository\io\opentelemetry\opentelemetry-sdk-trace\1.10.1\opentelemetry-sdk-trace-1.10.1.jar;C:\Users\ASUS\.m2\repository\io\opentelemetry\opentelemetry-sdk\1.10.1\opentelemetry-sdk-1.10.1.jar;C:\Users\ASUS\.m2\repository\io\opentelemetry\opentelemetry-semconv\1.10.1-alpha\opentelemetry-semconv-1.10.1-alpha.jar;C:\Users\ASUS\.m2\repository\io\ous\jtoml\2.0.0\jtoml-2.0.0.jar;C:\Users\ASUS\.m2\repository\org\apache\commons\commons-exec\1.3\commons-exec-1.3.jar;C:\Users\ASUS\.m2\repository\org\asynchttpclient\async-http-client\2.12.3\async-http-client-2.12.3.jar;C:\Users\ASUS\.m2\repository\org\asynchttpclient\async-http-client-netty-utils\2.12.3\async-http-client-netty-utils-2.12.3.jar;C:\Users\ASUS\.m2\repository\io\netty\netty-codec-socks\4.1.60.Final\netty-codec-socks-4.1.60.Final.jar;C:\Users\ASUS\.m2\repository\io\netty\netty-handler-proxy\4.1.60.Final\netty-handler-proxy-4.1.60.Final.jar;C:\Users\ASUS\.m2\repository\io\netty\netty-transport-native-epoll\4.1.60.Final\netty-transport-native-epoll-4.1.60.Final-linux-x86_64.jar;C:\Users\ASUS\.m2\repository\io\netty\netty-transport-native-kqueue\4.1.60.Final\netty-transport-native-kqueue-4.1.60.Final-osx-x86_64.jar;C:\Users\ASUS\.m2\repository\org\reactivestreams\reactive-streams\1.0.3\reactive-streams-1.0.3.jar;C:\Users\ASUS\.m2\repository\com\typesafe\netty\netty-reactive-streams\2.0.4\netty-reactive-streams-2.0.4.jar;C:\Users\ASUS\.m2\repository\org\seleniumhq\selenium\selenium-http\4.1.2\selenium-http-4.1.2.jar;C:\Users\ASUS\.m2\repository\net\jodah\failsafe\2.4.4\failsafe-2.4.4.jar;C:\Users\ASUS\.m2\repository\org\seleniumhq\selenium\selenium-safari-driver\4.1.2\selenium-safari-driver-4.1.2.jar;C:\Users\ASUS\.m2\repository\org\seleniumhq\selenium\selenium-api\4.1.2\selenium-api-4.1.2.jar;C:\Users\ASUS\.m2\repository\org\seleniumhq\selenium\selenium-support\4.1.2\selenium-support-4.1.2.jar;C:\Users\ASUS\.m2\repository\com\google\auto\service\auto-service-annotations\1.0.1\auto-service-annotations-1.0.1.jar;C:\Users\ASUS\.m2\repository\com\google\auto\service\auto-service\1.0.1\auto-service-1.0.1.jar;C:\Users\ASUS\.m2\repository\com\google\auto\auto-common\1.2\auto-common-1.2.jar;C:\Users\ASUS\.m2\repository\org\seleniumhq\selenium\selenium-json\4.1.2\selenium-json-4.1.2.jar;C:\Users\ASUS\.m2\repository\org\seleniumhq\selenium\selenium-chrome-driver\4.1.2\selenium-chrome-driver-4.1.2.jar;C:\Users\ASUS\.m2\repository\org\seleniumhq\selenium\selenium-chromium-driver\4.1.2\selenium-chromium-driver-4.1.2.jar;C:\Users\ASUS\.m2\repository\org\seleniumhq\selenium\selenium-firefox-driver\4.1.2\selenium-firefox-driver-4.1.2.jar;C:\Users\ASUS\.m2\repository\org\seleniumhq\selenium\selenium-edge-driver\4.1.2\selenium-edge-driver-4.1.2.jar;C:\Users\ASUS\.m2\repository\org\seleniumhq\selenium\selenium-ie-driver\4.1.2\selenium-ie-driver-4.1.2.jar;C:\Users\ASUS\.m2\repository\org\projectlombok\lombok\1.18.20\lombok-1.18.20.jar;C:\Users\ASUS\.m2\repository\io\appium\java-client\8.0.0\java-client-8.0.0.jar;C:\Users\ASUS\.m2\repository\commons-validator\commons-validator\1.7\commons-validator-1.7.jar;C:\Users\ASUS\.m2\repository\commons-digester\commons-digester\2.1\commons-digester-2.1.jar;C:\Users\ASUS\.m2\repository\org\aspectj\aspectjweaver\1.9.8\aspectjweaver-1.9.8.jar;C:\Users\ASUS\.m2\repository\org\codehaus\groovy\groovy\3.0.10\groovy-3.0.10.jar;C:\Users\ASUS\.m2\repository\net\sf\opencsv\opencsv\2.0\opencsv-2.0.jar;C:\Users\ASUS\.m2\repository\commons-beanutils\commons-beanutils\1.9.4\commons-beanutils-1.9.4.jar;C:\Users\ASUS\.m2\repository\org\apache\commons\commons-lang3\3.12.0\commons-lang3-3.12.0.jar;C:\Users\ASUS\.m2\repository\commons-collections\commons-collections\3.2.2\commons-collections-3.2.2.jar;C:\Users\ASUS\.m2\repository\org\fluentlenium\fluentlenium-core\0.10.2\fluentlenium-core-0.10.2.jar;C:\Users\ASUS\.m2\repository\io\github\bonigarcia\webdrivermanager\5.1.0\webdrivermanager-5.1.0.jar;C:\Users\ASUS\.m2\repository\com\github\docker-java\docker-java\3.2.13\docker-java-3.2.13.jar;C:\Users\ASUS\.m2\repository\com\github\docker-java\docker-java-core\3.2.13\docker-java-core-3.2.13.jar;C:\Users\ASUS\.m2\repository\com\github\docker-java\docker-java-api\3.2.13\docker-java-api-3.2.13.jar;C:\Users\ASUS\.m2\repository\org\apache\commons\commons-compress\1.21\commons-compress-1.21.jar;C:\Users\ASUS\.m2\repository\org\bouncycastle\bcpkix-jdk15on\1.64\bcpkix-jdk15on-1.64.jar;C:\Users\ASUS\.m2\repository\org\bouncycastle\bcprov-jdk15on\1.64\bcprov-jdk15on-1.64.jar;C:\Users\ASUS\.m2\repository\org\slf4j\jcl-over-slf4j\1.7.30\jcl-over-slf4j-1.7.30.jar;C:\Users\ASUS\.m2\repository\com\github\docker-java\docker-java-transport-httpclient5\3.2.13\docker-java-transport-httpclient5-3.2.13.jar;C:\Users\ASUS\.m2\repository\com\github\docker-java\docker-java-transport\3.2.13\docker-java-transport-3.2.13.jar;C:\Users\ASUS\.m2\repository\org\apache\httpcomponents\client5\httpclient5\5.0.3\httpclient5-5.0.3.jar;C:\Users\ASUS\.m2\repository\org\apache\httpcomponents\core5\httpcore5\5.0.2\httpcore5-5.0.2.jar;C:\Users\ASUS\.m2\repository\net\java\dev\jna\jna\5.8.0\jna-5.8.0.jar;C:\Users\ASUS\.m2\repository\org\brotli\dec\0.1.2\dec-0.1.2.jar;C:\Users\ASUS\.m2\repository\com\jhlabs\filters\2.0.235\filters-2.0.235.jar;C:\Users\ASUS\.m2\repository\com\paulhammant\ngwebdriver\1.1.6\ngwebdriver-1.1.6.jar;C:\Users\ASUS\.m2\repository\joda-time\joda-time\2.8.2\joda-time-2.8.2.jar;C:\Users\ASUS\.m2\repository\org\hamcrest\hamcrest\2.2\hamcrest-2.2.jar;C:\Users\ASUS\.m2\repository\com\google\jimfs\jimfs\1.2\jimfs-1.2.jar;C:\Users\ASUS\.m2\repository\org\mockito\mockito-core\3.3.3\mockito-core-3.3.3.jar;C:\Users\ASUS\.m2\repository\javax\xml\bind\jaxb-api\2.3.1\jaxb-api-2.3.1.jar;C:\Users\ASUS\.m2\repository\javax\activation\javax.activation-api\1.2.0\javax.activation-api-1.2.0.jar;C:\Users\ASUS\.m2\repository\com\sun\xml\bind\jaxb-core\2.3.0.1\jaxb-core-2.3.0.1.jar;C:\Users\ASUS\.m2\repository\com\sun\xml\bind\jaxb-impl\2.3.3\jaxb-impl-2.3.3.jar;C:\Users\ASUS\.m2\repository\jakarta\xml\bind\jakarta.xml.bind-api\2.3.3\jakarta.xml.bind-api-2.3.3.jar;C:\Users\ASUS\.m2\repository\com\sun\activation\jakarta.activation\1.2.2\jakarta.activation-1.2.2.jar;C:\Users\ASUS\.m2\repository\javax\activation\activation\1.1.1\activation-1.1.1.jar;C:\Users\ASUS\.m2\repository\net\serenity-bdd\serenity-cucumber\3.2.1\serenity-cucumber-3.2.1.jar;C:\Users\ASUS\.m2\repository\io\cucumber\cucumber-core\7.2.3\cucumber-core-7.2.3.jar;C:\Users\ASUS\.m2\repository\io\cucumber\cucumber-gherkin\7.2.3\cucumber-gherkin-7.2.3.jar;C:\Users\ASUS\.m2\repository\io\cucumber\cucumber-gherkin-messages\7.2.3\cucumber-gherkin-messages-7.2.3.jar;C:\Users\ASUS\.m2\repository\io\cucumber\messages\17.1.1\messages-17.1.1.jar;C:\Users\ASUS\.m2\repository\io\cucumber\tag-expressions\4.1.0\tag-expressions-4.1.0.jar;C:\Users\ASUS\.m2\repository\io\cucumber\cucumber-expressions\15.0.1\cucumber-expressions-15.0.1.jar;C:\Users\ASUS\.m2\repository\io\cucumber\datatable\7.2.3\datatable-7.2.3.jar;C:\Users\ASUS\.m2\repository\io\cucumber\cucumber-plugin\7.2.3\cucumber-plugin-7.2.3.jar;C:\Users\ASUS\.m2\repository\io\cucumber\docstring\7.2.3\docstring-7.2.3.jar;C:\Users\ASUS\.m2\repository\io\cucumber\html-formatter\17.0.0\html-formatter-17.0.0.jar;C:\Users\ASUS\.m2\repository\io\cucumber\ci-environment\8.1.0\ci-environment-8.1.0.jar;C:\Users\ASUS\.m2\repository\io\cucumber\cucumber-junit\7.2.3\cucumber-junit-7.2.3.jar;C:\Users\ASUS\.m2\repository\org\apache\commons\commons-csv\1.5\commons-csv-1.5.jar;C:\Users\ASUS\.m2\repository\net\serenity-bdd\serenity-screenplay\3.2.1\serenity-screenplay-3.2.1.jar;C:\Users\ASUS\.m2\repository\net\serenity-bdd\serenity-screenplay-webdriver\3.2.1\serenity-screenplay-webdriver-3.2.1.jar;C:\Users\ASUS\.m2\repository\net\serenity-bdd\serenity-ensure\3.2.1\serenity-ensure-3.2.1.jar;C:\Users\ASUS\.m2\repository\net\serenity-bdd\serenity-junit\3.2.1\serenity-junit-3.2.1.jar;C:\Users\ASUS\.m2\repository\org\jetbrains\kotlin\kotlin-stdlib\1.6.0\kotlin-stdlib-1.6.0.jar;C:\Users\ASUS\.m2\repository\org\jetbrains\annotations\13.0\annotations-13.0.jar;C:\Users\ASUS\.m2\repository\org\jetbrains\kotlin\kotlin-stdlib-common\1.6.0\kotlin-stdlib-common-1.6.0.jar;C:\Users\ASUS\.m2\repository\org\junit\platform\junit-platform-launcher\1.8.1\junit-platform-launcher-1.8.1.jar;C:\Users\ASUS\.m2\repository\org\junit\platform\junit-platform-engine\1.8.1\junit-platform-engine-1.8.1.jar;C:\Users\ASUS\.m2\repository\org\opentest4j\opentest4j\1.2.0\opentest4j-1.2.0.jar;C:\Users\ASUS\.m2\repository\org\junit\platform\junit-platform-commons\1.8.1\junit-platform-commons-1.8.1.jar;C:\Users\ASUS\.m2\repository\org\apiguardian\apiguardian-api\1.1.2\apiguardian-api-1.1.2.jar;C:\Users\ASUS\.m2\repository\org\junit\jupiter\junit-jupiter-engine\5.8.2\junit-jupiter-engine-5.8.2.jar;C:\Users\ASUS\.m2\repository\org\junit\jupiter\junit-jupiter-api\5.8.2\junit-jupiter-api-5.8.2.jar;C:\Users\ASUS\.m2\repository\org\junit\vintage\junit-vintage-engine\5.8.2\junit-vintage-engine-5.8.2.jar;C:\Users\ASUS\.m2\repository\junit\junit\4.13.2\junit-4.13.2.jar;C:\Users\ASUS\.m2\repository\org\hamcrest\hamcrest-core\1.3\hamcrest-core-1.3.jar;C:\Users\ASUS\.m2\repository\ch\qos\logback\logback-classic\1.2.10\logback-classic-1.2.10.jar;C:\Users\ASUS\.m2\repository\ch\qos\logback\logback-core\1.2.10\logback-core-1.2.10.jar;C:\Users\ASUS\.m2\repository\org\slf4j\slf4j-api\1.7.32\slf4j-api-1.7.32.jar;C:\Users\ASUS\.m2\repository\org\assertj\assertj-core\3.6.2\assertj-core-3.6.2.jar;C:\Users\ASUS\.m2\repository\org\apache\maven\surefire\surefire-junit-platform\3.0.0-M5\surefire-junit-platform-3.0.0-M5.jar;C:\Users\ASUS\.m2\repository\org\apache\maven\surefire\common-java5\3.0.0-M5\common-java5-3.0.0-M5.jar"/>
    <property name="user.script" value=""/>
    <property name="java.protocol.handler.pkgs" value="com.google.common"/>
    <property name="sun.management.compiler" value="HotSpot 64-Bit Tiered Compilers"/>
    <property name="java.runtime.version" value="15.0.2+7-27"/>
    <property name="user.name" value="ASUS"/>
    <property name="path.separator" value=";"/>
    <property name="os.version" value="10.0"/>
    <property name="java.runtime.name" value="Java(TM) SE Runtime Environment"/>
    <property name="file.encoding" value="Cp1252"/>
    <property name="webdriver.base.url" value=""/>
    <property name="java.vm.name" value="Java HotSpot(TM) 64-Bit Server VM"/>
    <property name="localRepository" value="C:\Users\ASUS\.m2\repository"/>
    <property name="java.vendor.url.bug" value="https://bugreport.java.com/bugreport/"/>
    <property name="java.io.tmpdir" value="C:\Users\ASUS\AppData\Local\Temp\"/>
    <property name="java.version" value="15.0.2"/>
    <property name="user.dir" value="D:\PERKULIAHAN\Semester 6,Hebatt glad!\QE-FGD\Web"/>
    <property name="os.arch" value="amd64"/>
    <property name="java.vm.specification.name" value="Java Virtual Machine Specification"/>
    <property name="sun.os.patch.level" value=""/>
    <property name="java.library.path" value="C:\Program Files\Java\jdk-15.0.2\bin;C:\WINDOWS\Sun\Java\bin;C:\WINDOWS\system32;C:\WINDOWS;C:\Program Files\nodejs\;C:\Program Files\Java\jdk-15.0.2\bin;C:\Program Files\Common Files\Oracle\Java\javapath;C:\WINDOWS;C:\WINDOWS\system32;C:\WINDOWS\System32\Wbem;C:\WINDOWS\System32\WindowsPowerShell\v1.0\;C:\WINDOWS\System32\OpenSSH\;C:\Program Files\Intel\WiFi\bin\;C:\Program Files\Common Files\Intel\WirelessCommon\;C:\MinGw\bin;C:\Program Files\Microsoft SQL Server\Client SDK\ODBC\170\Tools\Binn\;C:\Program Files (x86)\Microsoft SQL Server\150\Tools\Binn\;C:\Program Files\Microsoft SQL Server\150\Tools\Binn\;C:\Program Files\Microsoft SQL Server\150\DTS\Binn\;C:\Program Files (x86)\dotnet\;C:\MinGW\bin;C:\Program Files\apache-maven-3.8.1\bin;C:\Program Files\chromedriver_win32;C:\Program Files\dotnet\;C:\Program Files\Git\cmd;%ANDROID_HOME%\platform-tools;%ANDROID_HOME%\tools;C:\Users\ASUS\AppData\Local\Microsoft\WindowsApps;C:\Users\ASUS\AppData\Local\Programs\Microsoft VS Code\bin;C:\Users\ASUS\.dotnet\tools;C:\Program Files\erl-24.1\bin;C:\Program Files\RabbitMQ Server;C:\Program Files (x86)\Sophos\Sophos SSL VPN Client\bin;C:\Program Files\JetBrains\IntelliJ IDEA 2021.3.2\bin;;C:\Users\ASUS\AppData\Roaming\npm;."/>
    <property name="java.vm.info" value="mixed mode"/>
    <property name="java.vendor" value="Oracle Corporation"/>
    <property name="java.vm.version" value="15.0.2+7-27"/>
    <property name="sun.io.unicode.encoding" value="UnicodeLittle"/>
    <property name="java.class.version" value="59.0"/>
  </properties>
  <testcase name="Login scenario #1" classname="Login" time="27.678">
    <system-out><![CDATA[15:48:27.538 [main] INFO io.cucumber.core.plugin.SerenityReporter - Running feature from file:///D:/PERKULIAHAN/Semester%206,Hebatt%20glad!/QE-FGD/Web/src/test/resources/features/login.feature
15:48:27.854 [main] INFO  - 

-------------------------------------------------------------------------------------
     _______. _______ .______       _______ .__   __.  __  .___________.____    ____ 
    /       ||   ____||   _  \     |   ____||  \ |  | |  | |           |\   \  /   / 
   |   (----`|  |__   |  |_)  |    |  |__   |   \|  | |  | `---|  |----` \   \/   /  
    \   \    |   __|  |      /     |   __|  |  . `  | |  |     |  |       \_    _/   
.----)   |   |  |____ |  |\  \----.|  |____ |  |\   | |  |     |  |         |  |     
|_______/    |_______|| _| `._____||_______||__| \__| |__|     |__|         |__|    
                                                                                     
 News and tutorials at http://www.serenity-bdd.info                                  
 Documentation at https://wakaleo.gitbooks.io/the-serenity-book/content/             
 Join the Serenity Community on Gitter: https://gitter.im/serenity-bdd/serenity-core 
 Serenity BDD Support and Training at http://serenity-bdd.info/#/trainingandsupport  
-------------------------------------------------------------------------------------

15:48:27.854 [main] DEBUG net.thucydides.core.steps.StepEventBus - Test suite started for story net.thucydides.core.model.Story@f388ff28
15:48:27.869 [main] INFO  - Test Suite Started: Login
15:48:27.885 [main] INFO io.cucumber.core.plugin.SerenityReporter - Running feature from file:///D:/PERKULIAHAN/Semester%206,Hebatt%20glad!/QE-FGD/Web/src/test/resources/features/register.feature
15:48:27.916 [main] DEBUG net.thucydides.core.steps.StepEventBus - Test suite started for story net.thucydides.core.model.Story@9f729512
15:48:27.916 [main] INFO  - Test Suite Started: Registration
15:48:27.916 [main] INFO io.cucumber.core.plugin.SerenityReporter - Running feature from file:///D:/PERKULIAHAN/Semester%206,Hebatt%20glad!/QE-FGD/Web/src/test/resources/features/login.feature
15:48:27.916 [main] DEBUG net.thucydides.core.steps.StepEventBus - Test suite started for story net.thucydides.core.model.Story@f388ff28
15:48:27.932 [main] INFO  - Test Suite Started: Login

@login
Scenario Outline: Login scenario                              &amp#27;[90m# src/test/resources/features/login.feature:19&amp#27;[0m
15:48:28.213 [main] INFO io.cucumber.core.plugin.SerenityReporter - Running feature from file:///D:/PERKULIAHAN/Semester%206,Hebatt%20glad!/QE-FGD/Web/src/test/resources/features/login.feature
15:48:28.479 [main] INFO  - 
  _____   ___   ___   _____     ___   _____     _     ___   _____   ___   ___  
 |_   _| | __| / __| |_   _|   / __| |_   _|   /_\   | _ \ |_   _| | __| |   \ 
   | |   | _|  \__ \   | |     \__ \   | |    / _ \  |   /   | |   | _|  | |) |
   |_|   |___| |___/   |_|     |___/   |_|   /_/ \_\ |_|_\   |_|   |___| |___/ 

Login scenario(login;login-scenario)
--------------------------------------------------------------------------------
15:48:29.147 [main] INFO net.serenitybdd.core.webdriver.driverproviders.ChromeDriverProvider - Using automatically driver download
15:48:30.383 [main] DEBUG io.github.bonigarcia.wdm.cache.ResolutionCache - Resolution chrome=102 in cache (valid until 16:30:12 15/06/2022 WIB)
15:48:30.399 [main] DEBUG io.github.bonigarcia.wdm.cache.ResolutionCache - Resolution chrome102=102.0.5005.61 in cache (valid until 14:29:55 16/06/2022 WIB)
15:48:30.399 [main] INFO io.github.bonigarcia.wdm.WebDriverManager - Using chromedriver 102.0.5005.61 (resolved driver for Chrome 102)
15:48:30.446 [main] DEBUG io.github.bonigarcia.wdm.WebDriverManager - Driver chromedriver 102.0.5005.61 found in cache
15:48:30.446 [main] INFO io.github.bonigarcia.wdm.WebDriverManager - Exporting webdriver.chrome.driver as C:\Users\ASUS\.cache\selenium\chromedriver\win32\102.0.5005.61\chromedriver.exe
15:48:31.244 [main] DEBUG net.thucydides.core.reflection.ClassFinder - Could not load class .starter.cucumberTestSuite
15:48:31.244 [main] DEBUG net.thucydides.core.reflection.ClassFinder - Could not load class .starter.pages.HomePage
15:48:31.244 [main] DEBUG net.thucydides.core.reflection.ClassFinder - Could not load class .starter.pages.LoginPage
15:48:31.244 [main] DEBUG net.thucydides.core.reflection.ClassFinder - Could not load class .starter.pages.RegisterPage
15:48:31.244 [main] DEBUG net.thucydides.core.reflection.ClassFinder - Could not load class .starter.stepdefinition.loginStep
15:48:31.244 [main] DEBUG net.thucydides.core.reflection.ClassFinder - Could not load class .starter.stepdefinition.registerStep
15:48:31.244 [main] DEBUG net.thucydides.core.reflection.ClassFinder - Could not load class .util.General
15:48:31.260 [main] DEBUG net.thucydides.core.reflection.ClassFinder - Could not load class META-INF.versions.9.com.sun.istack.logging.StackHelper
15:48:31.260 [main] DEBUG net.thucydides.core.reflection.ClassFinder - Could not load class META-INF.versions.9.com.sun.xml.bind.v2.runtime.reflect.opt.AccessorInjector
15:48:31.260 [main] DEBUG net.thucydides.core.reflection.ClassFinder - Could not load class META-INF.versions.9.com.sun.xml.bind.v2.runtime.reflect.opt.Injector
15:48:31.260 [main] DEBUG net.thucydides.core.reflection.ClassFinder - Could not load class META-INF.versions.9.com.sun.xml.bind.v2.runtime.reflect.opt.OptimizedAccessorFactory
15:48:31.260 [main] DEBUG net.thucydides.core.reflection.ClassFinder - Could not load class META-INF.versions.9.com.sun.xml.bind.v2.runtime.reflect.opt.OptimizedTransducedAccessorFactory
15:48:31.260 [main] DEBUG net.thucydides.core.reflection.ClassFinder - Could not load class META-INF.versions.9.io.opentelemetry.sdk.internal.CurrentJavaVersionSpecific
15:48:31.260 [main] DEBUG net.thucydides.core.reflection.ClassFinder - Could not load class META-INF.versions.9.io.opentelemetry.sdk.internal.Java9VersionSpecific
15:48:31.260 [main] DEBUG net.thucydides.core.reflection.ClassFinder - Could not load class META-INF.versions.9.javax.xml.bind.ModuleUtil
15:48:31.260 [main] DEBUG net.thucydides.core.reflection.ClassFinder - Could not load class META-INF.versions.9.module-info
15:48:31.260 [main] DEBUG net.thucydides.core.reflection.ClassFinder - Could not load class META-INF.versions.9.org.junit.platform.commons.util.ModuleUtils
15:48:31.636 [main] DEBUG net.thucydides.core.reflection.ClassFinder - Could not load class com.google.gson.internal.
15:48:31.793 [main] DEBUG net.thucydides.core.reflection.ClassFinder - Could not load class com.sun.xml.bind.v2.runtime.output.FastInfosetStreamWriterOutput
15:48:32.379 [main] DEBUG net.thucydides.core.reflection.ClassFinder - Could not load class module-info
15:48:36.821 [main] DEBUG io.netty.util.internal.logging.InternalLoggerFactory - Using SLF4J as the default logging framework
15:48:36.821 [main] DEBUG io.netty.util.ResourceLeakDetector - -Dio.netty.leakDetection.level: simple
15:48:36.821 [main] DEBUG io.netty.util.ResourceLeakDetector - -Dio.netty.leakDetection.targetRecords: 4
15:48:36.821 [main] DEBUG io.netty.util.ResourceLeakDetectorFactory - Loaded default ResourceLeakDetector: io.netty.util.ResourceLeakDetector@3f96ef2
15:48:36.837 [main] DEBUG io.netty.util.internal.PlatformDependent0 - -Dio.netty.noUnsafe: false
15:48:36.837 [main] DEBUG io.netty.util.internal.PlatformDependent0 - Java version: 15
15:48:36.852 [main] DEBUG io.netty.util.internal.PlatformDependent0 - sun.misc.Unsafe.theUnsafe: available
15:48:36.852 [main] DEBUG io.netty.util.internal.PlatformDependent0 - sun.misc.Unsafe.copyMemory: available
15:48:36.852 [main] DEBUG io.netty.util.internal.PlatformDependent0 - java.nio.Buffer.address: available
15:48:36.852 [main] DEBUG io.netty.util.internal.PlatformDependent0 - direct buffer constructor: unavailable: Reflective setAccessible(true) disabled
15:48:36.852 [main] DEBUG io.netty.util.internal.PlatformDependent0 - java.nio.Bits.unaligned: available, true
15:48:36.852 [main] DEBUG io.netty.util.internal.PlatformDependent0 - jdk.internal.misc.Unsafe.allocateUninitializedArray(int): unavailable: class io.netty.util.internal.PlatformDependent0$6 cannot access class jdk.internal.misc.Unsafe (in module java.base) because module java.base does not export jdk.internal.misc to unnamed module @c1fca1e
15:48:36.852 [main] DEBUG io.netty.util.internal.PlatformDependent0 - java.nio.DirectByteBuffer.<init>(long, int): unavailable
15:48:36.852 [main] DEBUG io.netty.util.internal.PlatformDependent - sun.misc.Unsafe: available
15:48:36.852 [main] DEBUG io.netty.util.internal.PlatformDependent - maxDirectMemory: 2671771648 bytes (maybe)
15:48:36.852 [main] DEBUG io.netty.util.internal.PlatformDependent - -Dio.netty.tmpdir: C:\Users\ASUS\AppData\Local\Temp (java.io.tmpdir)
15:48:36.852 [main] DEBUG io.netty.util.internal.PlatformDependent - -Dio.netty.bitMode: 64 (sun.arch.data.model)
15:48:36.852 [main] DEBUG io.netty.util.internal.PlatformDependent - Platform: Windows
15:48:36.852 [main] DEBUG io.netty.util.internal.PlatformDependent - -Dio.netty.maxDirectMemory: -1 bytes
15:48:36.852 [main] DEBUG io.netty.util.internal.PlatformDependent - -Dio.netty.uninitializedArrayAllocationThreshold: -1
15:48:36.852 [main] DEBUG io.netty.util.internal.CleanerJava9 - java.nio.ByteBuffer.cleaner(): available
15:48:36.852 [main] DEBUG io.netty.util.internal.PlatformDependent - -Dio.netty.noPreferDirect: false
15:48:36.868 [main] DEBUG io.netty.util.internal.PlatformDependent - org.jctools-core.MpscChunkedArrayQueue: available
15:48:36.884 [main] DEBUG io.netty.util.internal.InternalThreadLocalMap - -Dio.netty.threadLocalMap.stringBuilder.initialSize: 1024
15:48:36.884 [main] DEBUG io.netty.util.internal.InternalThreadLocalMap - -Dio.netty.threadLocalMap.stringBuilder.maxSize: 4096
15:48:36.977 [main] DEBUG io.netty.handler.ssl.JdkSslContext - Default protocols (JDK): [TLSv1.3, TLSv1.2, TLSv1.1, TLSv1] 
15:48:36.977 [main] DEBUG io.netty.handler.ssl.JdkSslContext - Default cipher suites (JDK): [TLS_ECDHE_ECDSA_WITH_AES_256_GCM_SHA384, TLS_ECDHE_ECDSA_WITH_AES_128_GCM_SHA256, TLS_ECDHE_RSA_WITH_AES_128_GCM_SHA256, TLS_ECDHE_RSA_WITH_AES_256_GCM_SHA384, TLS_ECDHE_RSA_WITH_AES_128_CBC_SHA, TLS_ECDHE_RSA_WITH_AES_256_CBC_SHA, TLS_RSA_WITH_AES_128_GCM_SHA256, TLS_RSA_WITH_AES_128_CBC_SHA, TLS_RSA_WITH_AES_256_CBC_SHA, TLS_AES_128_GCM_SHA256, TLS_AES_256_GCM_SHA384]
15:48:37.009 [main] DEBUG io.netty.channel.MultithreadEventLoopGroup - -Dio.netty.eventLoopThreads: 16
15:48:37.009 [main] DEBUG io.netty.channel.nio.NioEventLoop - -Dio.netty.noKeySetOptimization: false
15:48:37.009 [main] DEBUG io.netty.channel.nio.NioEventLoop - -Dio.netty.selectorAutoRebuildThreshold: 512
15:48:37.090 [main] DEBUG io.netty.buffer.PooledByteBufAllocator - -Dio.netty.allocator.numHeapArenas: 16
15:48:37.090 [main] DEBUG io.netty.buffer.PooledByteBufAllocator - -Dio.netty.allocator.numDirectArenas: 16
15:48:37.090 [main] DEBUG io.netty.buffer.PooledByteBufAllocator - -Dio.netty.allocator.pageSize: 8192
15:48:37.090 [main] DEBUG io.netty.buffer.PooledByteBufAllocator - -Dio.netty.allocator.maxOrder: 11
15:48:37.090 [main] DEBUG io.netty.buffer.PooledByteBufAllocator - -Dio.netty.allocator.chunkSize: 16777216
15:48:37.090 [main] DEBUG io.netty.buffer.PooledByteBufAllocator - -Dio.netty.allocator.smallCacheSize: 256
15:48:37.090 [main] DEBUG io.netty.buffer.PooledByteBufAllocator - -Dio.netty.allocator.normalCacheSize: 64
15:48:37.090 [main] DEBUG io.netty.buffer.PooledByteBufAllocator - -Dio.netty.allocator.maxCachedBufferCapacity: 32768
15:48:37.090 [main] DEBUG io.netty.buffer.PooledByteBufAllocator - -Dio.netty.allocator.cacheTrimInterval: 8192
15:48:37.090 [main] DEBUG io.netty.buffer.PooledByteBufAllocator - -Dio.netty.allocator.cacheTrimIntervalMillis: 0
15:48:37.090 [main] DEBUG io.netty.buffer.PooledByteBufAllocator - -Dio.netty.allocator.useCacheForAllThreads: true
15:48:37.090 [main] DEBUG io.netty.buffer.PooledByteBufAllocator - -Dio.netty.allocator.maxCachedByteBuffersPerChunk: 1023
15:48:37.105 [main] DEBUG io.netty.buffer.ByteBufUtil - -Dio.netty.allocator.type: pooled
15:48:37.105 [main] DEBUG io.netty.buffer.ByteBufUtil - -Dio.netty.threadLocalDirectBufferSize: 0
15:48:37.105 [main] DEBUG io.netty.buffer.ByteBufUtil - -Dio.netty.maxThreadLocalCharBufferSize: 16384
15:48:37.439 [main] DEBUG net.serenitybdd.core.webdriver.driverproviders.ProvideNewDriver - Instantiating driver
15:48:37.439 [main] DEBUG net.serenitybdd.core.webdriver.driverproviders.ProvideNewDriver - Driver capabilities: Capabilities {acceptInsecureCerts: false, base.url: , browserName: chrome, goog:chromeOptions: {args: [], extensions: []}}
15:48:38.240 [Forwarding newSession on session null to remote] DEBUG io.netty.channel.DefaultChannelId - -Dio.netty.processId: 91924 (auto-detected)
15:48:38.255 [Forwarding newSession on session null to remote] DEBUG io.netty.util.NetUtil - -Djava.net.preferIPv4Stack: false
15:48:38.255 [Forwarding newSession on session null to remote] DEBUG io.netty.util.NetUtil - -Djava.net.preferIPv6Addresses: false
15:48:38.277 [Forwarding newSession on session null to remote] DEBUG io.netty.util.NetUtilInitializations - Loopback interface: lo (Software Loopback Interface 1, 127.0.0.1)
15:48:38.277 [Forwarding newSession on session null to remote] DEBUG io.netty.util.NetUtil - Failed to get SOMAXCONN from sysctl and file \proc\sys\net\core\somaxconn. Default: 200
15:48:38.355 [Forwarding newSession on session null to remote] DEBUG io.netty.channel.DefaultChannelId - -Dio.netty.machineId: 04:ea:56:ff:fe:54:1b:1d (auto-detected)
15:48:38.477 [AsyncHttpClient-1-2] DEBUG io.netty.buffer.AbstractByteBuf - -Dio.netty.buffer.checkAccessible: true
15:48:38.477 [AsyncHttpClient-1-2] DEBUG io.netty.buffer.AbstractByteBuf - -Dio.netty.buffer.checkBounds: true
15:48:38.477 [AsyncHttpClient-1-2] DEBUG io.netty.util.ResourceLeakDetectorFactory - Loaded default ResourceLeakDetector: io.netty.util.ResourceLeakDetector@53c684ec
15:48:38.508 [AsyncHttpClient-1-2] DEBUG org.asynchttpclient.netty.channel.NettyConnectListener - Using new Channel '[id: 0xd51d122e, L:/127.0.0.1:53162 - R:localhost/127.0.0.1:57651]' for 'POST' to '/session'
15:48:38.555 [AsyncHttpClient-1-2] DEBUG io.netty.util.Recycler - -Dio.netty.recycler.maxCapacityPerThread: 4096
15:48:38.555 [AsyncHttpClient-1-2] DEBUG io.netty.util.Recycler - -Dio.netty.recycler.ratio: 8
15:48:38.555 [AsyncHttpClient-1-2] DEBUG io.netty.util.Recycler - -Dio.netty.recycler.chunkSize: 32
15:48:38.555 [AsyncHttpClient-1-2] DEBUG io.netty.util.Recycler - -Dio.netty.recycler.blocking: false
15:48:39.906 [AsyncHttpClient-1-2] DEBUG io.netty.handler.codec.compression.Brotli - brotli4j not in the classpath; Brotli support will be unavailable.
15:48:39.906 [AsyncHttpClient-1-2] DEBUG org.asynchttpclient.netty.handler.HttpHandler - 

Request DefaultHttpRequest(decodeResult: success, version: HTTP/1.1)
POST /session HTTP/1.1
User-Agent: selenium/4.1.2 (java windows)
Content-Length: 457
Content-Type: application/json; charset=utf-8
host: localhost:57651
accept: */*

Response DefaultHttpResponse(decodeResult: success, version: HTTP/1.1)
HTTP/1.1 200 OK
Content-Type: application/json; charset=utf-8
cache-control: no-cache
content-length: 790

15:48:39.906 [AsyncHttpClient-1-2] DEBUG org.asynchttpclient.netty.channel.ChannelManager - Adding key: http://localhost:57651 for channel [id: 0xd51d122e, L:/127.0.0.1:53162 - R:localhost/127.0.0.1:57651]
15:48:39.982 [AsyncHttpClient-1-3] DEBUG org.asynchttpclient.netty.channel.NettyConnectListener - Using new Channel '[id: 0xa5f02027, L:/127.0.0.1:53169 - R:localhost/127.0.0.1:53163]' for 'GET' to '/json/version'
15:48:39.990 [AsyncHttpClient-1-3] DEBUG org.asynchttpclient.netty.handler.HttpHandler - 

Request DefaultFullHttpRequest(decodeResult: success, version: HTTP/1.1, content: EmptyByteBufBE)
GET /json/version HTTP/1.1
User-Agent: selenium/4.1.2 (java windows)
host: localhost:53163
accept: */*

Response DefaultHttpResponse(decodeResult: success, version: HTTP/1.1)
HTTP/1.1 200 OK
Content-Type: application/json; charset=UTF-8
content-length: 428

15:48:39.991 [AsyncHttpClient-1-3] DEBUG org.asynchttpclient.netty.channel.ChannelManager - Adding key: http://localhost:53163 for channel [id: 0xa5f02027, L:/127.0.0.1:53169 - R:localhost/127.0.0.1:53163]
15:48:39.997 [main] DEBUG io.netty.util.internal.ThreadLocalRandom - -Dio.netty.initialSeedUniquifier: 0xd631996dd9e628ff
15:48:40.002 [AsyncHttpClient-1-4] DEBUG org.asynchttpclient.netty.channel.NettyConnectListener - Using new Channel '[id: 0x7054093d, L:/127.0.0.1:53171 - R:localhost/127.0.0.1:53163]' for 'GET' to '/devtools/browser/fa25278c-f138-4108-b8c3-5a2f29cd3ca5'
15:48:40.008 [AsyncHttpClient-1-4] DEBUG org.asynchttpclient.netty.handler.WebSocketHandler - 

Request DefaultFullHttpRequest(decodeResult: success, version: HTTP/1.1, content: EmptyByteBufBE)
GET /devtools/browser/fa25278c-f138-4108-b8c3-5a2f29cd3ca5 HTTP/1.1
upgrade: websocket
connection: upgrade
sec-websocket-key: NZbiYS53ivJLIWfo6BLLDw==
sec-websocket-version: 13
origin: http://localhost:53163
host: localhost:53163
accept: */*
user-agent: AHC/2.1

Response DefaultHttpResponse(decodeResult: success, version: HTTP/1.1)
HTTP/1.1 101 WebSocket Protocol Handshake
Upgrade: WebSocket
Connection: Upgrade
Sec-WebSocket-Accept: xZF8sBwf7gGTQDqXxG2U6boUKy4=

15:48:40.277 [AsyncHttpClient-1-1] DEBUG org.asynchttpclient.netty.channel.DefaultChannelPool - Entry count for : http://localhost:57651 : 1
15:48:40.277 [AsyncHttpClient-1-1] DEBUG org.asynchttpclient.netty.channel.DefaultChannelPool - Entry count for : http://localhost:53163 : 1
15:48:40.942 [main] DEBUG net.thucydides.core.reflection.ClassFinder - Could not load class .starter.cucumberTestSuite
15:48:40.957 [main] DEBUG net.thucydides.core.reflection.ClassFinder - Could not load class .starter.pages.HomePage
15:48:40.957 [main] DEBUG net.thucydides.core.reflection.ClassFinder - Could not load class .starter.pages.LoginPage
15:48:40.957 [main] DEBUG net.thucydides.core.reflection.ClassFinder - Could not load class .starter.pages.RegisterPage
15:48:40.957 [main] DEBUG net.thucydides.core.reflection.ClassFinder - Could not load class .starter.stepdefinition.loginStep
15:48:40.957 [main] DEBUG net.thucydides.core.reflection.ClassFinder - Could not load class .starter.stepdefinition.registerStep
15:48:40.957 [main] DEBUG net.thucydides.core.reflection.ClassFinder - Could not load class .util.General
15:48:40.957 [main] DEBUG net.thucydides.core.reflection.ClassFinder - Could not load class META-INF.versions.9.com.sun.istack.logging.StackHelper
15:48:40.957 [main] DEBUG net.thucydides.core.reflection.ClassFinder - Could not load class META-INF.versions.9.com.sun.xml.bind.v2.runtime.reflect.opt.AccessorInjector
15:48:40.957 [main] DEBUG net.thucydides.core.reflection.ClassFinder - Could not load class META-INF.versions.9.com.sun.xml.bind.v2.runtime.reflect.opt.Injector
15:48:40.957 [main] DEBUG net.thucydides.core.reflection.ClassFinder - Could not load class META-INF.versions.9.com.sun.xml.bind.v2.runtime.reflect.opt.OptimizedAccessorFactory
15:48:40.957 [main] DEBUG net.thucydides.core.reflection.ClassFinder - Could not load class META-INF.versions.9.com.sun.xml.bind.v2.runtime.reflect.opt.OptimizedTransducedAccessorFactory
15:48:40.957 [main] DEBUG net.thucydides.core.reflection.ClassFinder - Could not load class META-INF.versions.9.io.opentelemetry.sdk.internal.CurrentJavaVersionSpecific
15:48:40.957 [main] DEBUG net.thucydides.core.reflection.ClassFinder - Could not load class META-INF.versions.9.io.opentelemetry.sdk.internal.Java9VersionSpecific
15:48:40.957 [main] DEBUG net.thucydides.core.reflection.ClassFinder - Could not load class META-INF.versions.9.javax.xml.bind.ModuleUtil
15:48:40.957 [main] DEBUG net.thucydides.core.reflection.ClassFinder - Could not load class META-INF.versions.9.module-info
15:48:40.957 [main] DEBUG net.thucydides.core.reflection.ClassFinder - Could not load class META-INF.versions.9.org.junit.platform.commons.util.ModuleUtils
15:48:40.957 [main] DEBUG net.thucydides.core.reflection.ClassFinder - Could not load class com.google.gson.internal.
15:48:40.957 [main] DEBUG net.thucydides.core.reflection.ClassFinder - Could not load class com.sun.xml.bind.v2.runtime.output.FastInfosetStreamWriterOutput
15:48:40.957 [main] DEBUG net.thucydides.core.reflection.ClassFinder - Could not load class module-info
15:48:40.977 [Forwarding get on session b46ccd9c534becdd6e7726f77ed416a2 to remote] DEBUG org.asynchttpclient.netty.request.NettyRequestSender - Using pooled Channel '[id: 0xd51d122e, L:/127.0.0.1:53162 - R:localhost/127.0.0.1:57651]' for 'POST' to 'http://localhost:57651/session/b46ccd9c534becdd6e7726f77ed416a2/url'
15:48:40.977 [Forwarding get on session b46ccd9c534becdd6e7726f77ed416a2 to remote] DEBUG org.asynchttpclient.netty.request.NettyRequestSender - Using open Channel [id: 0xd51d122e, L:/127.0.0.1:53162 - R:localhost/127.0.0.1:57651] for POST '/session/b46ccd9c534becdd6e7726f77ed416a2/url'
15:48:41.376 [AsyncHttpClient-1-1] DEBUG org.asynchttpclient.netty.channel.DefaultChannelPool - Entry count for : http://localhost:53163 : 1
15:48:42.478 [AsyncHttpClient-1-1] DEBUG org.asynchttpclient.netty.channel.DefaultChannelPool - Entry count for : http://localhost:53163 : 1
15:48:43.578 [AsyncHttpClient-1-1] DEBUG org.asynchttpclient.netty.channel.DefaultChannelPool - Entry count for : http://localhost:53163 : 1
15:48:44.681 [AsyncHttpClient-1-1] DEBUG org.asynchttpclient.netty.channel.DefaultChannelPool - Entry count for : http://localhost:53163 : 1
15:48:45.781 [AsyncHttpClient-1-1] DEBUG org.asynchttpclient.netty.channel.DefaultChannelPool - Entry count for : http://localhost:53163 : 1
15:48:46.881 [AsyncHttpClient-1-1] DEBUG org.asynchttpclient.netty.channel.DefaultChannelPool - Entry count for : http://localhost:53163 : 1
15:48:47.977 [AsyncHttpClient-1-1] DEBUG org.asynchttpclient.netty.channel.DefaultChannelPool - Entry count for : http://localhost:53163 : 1
15:48:49.044 [AsyncHttpClient-1-2] DEBUG org.asynchttpclient.netty.handler.HttpHandler - 

Request DefaultHttpRequest(decodeResult: success, version: HTTP/1.1)
POST /session/b46ccd9c534becdd6e7726f77ed416a2/url HTTP/1.1
User-Agent: selenium/4.1.2 (java windows)
Content-Length: 53
Content-Type: application/json; charset=utf-8
host: localhost:57651
accept: */*

Response DefaultHttpResponse(decodeResult: success, version: HTTP/1.1)
HTTP/1.1 200 OK
Content-Type: application/json; charset=utf-8
cache-control: no-cache
content-length: 14

15:48:49.044 [AsyncHttpClient-1-2] DEBUG org.asynchttpclient.netty.channel.ChannelManager - Adding key: http://localhost:57651 for channel [id: 0xd51d122e, L:/127.0.0.1:53162 - R:localhost/127.0.0.1:57651]
15:48:49.060 [Forwarding setTimeout on session b46ccd9c534becdd6e7726f77ed416a2 to remote] DEBUG org.asynchttpclient.netty.request.NettyRequestSender - Using pooled Channel '[id: 0xd51d122e, L:/127.0.0.1:53162 - R:localhost/127.0.0.1:57651]' for 'POST' to 'http://localhost:57651/session/b46ccd9c534becdd6e7726f77ed416a2/timeouts'
15:48:49.060 [Forwarding setTimeout on session b46ccd9c534becdd6e7726f77ed416a2 to remote] DEBUG org.asynchttpclient.netty.request.NettyRequestSender - Using open Channel [id: 0xd51d122e, L:/127.0.0.1:53162 - R:localhost/127.0.0.1:57651] for POST '/session/b46ccd9c534becdd6e7726f77ed416a2/timeouts'
15:48:49.063 [AsyncHttpClient-1-2] DEBUG org.asynchttpclient.netty.handler.HttpHandler - 

Request DefaultHttpRequest(decodeResult: success, version: HTTP/1.1)
POST /session/b46ccd9c534becdd6e7726f77ed416a2/timeouts HTTP/1.1
User-Agent: selenium/4.1.2 (java windows)
Content-Length: 22
Content-Type: application/json; charset=utf-8
host: localhost:57651
accept: */*

Response DefaultHttpResponse(decodeResult: success, version: HTTP/1.1)
HTTP/1.1 200 OK
Content-Type: application/json; charset=utf-8
cache-control: no-cache
content-length: 14

15:48:49.063 [AsyncHttpClient-1-2] DEBUG org.asynchttpclient.netty.channel.ChannelManager - Adding key: http://localhost:57651 for channel [id: 0xd51d122e, L:/127.0.0.1:53162 - R:localhost/127.0.0.1:57651]
15:48:49.069 [Forwarding getCurrentUrl on session b46ccd9c534becdd6e7726f77ed416a2 to remote] DEBUG org.asynchttpclient.netty.request.NettyRequestSender - Using pooled Channel '[id: 0xd51d122e, L:/127.0.0.1:53162 - R:localhost/127.0.0.1:57651]' for 'GET' to 'http://localhost:57651/session/b46ccd9c534becdd6e7726f77ed416a2/url'
15:48:49.069 [Forwarding getCurrentUrl on session b46ccd9c534becdd6e7726f77ed416a2 to remote] DEBUG org.asynchttpclient.netty.request.NettyRequestSender - Using open Channel [id: 0xd51d122e, L:/127.0.0.1:53162 - R:localhost/127.0.0.1:57651] for GET '/session/b46ccd9c534becdd6e7726f77ed416a2/url'
15:48:49.079 [AsyncHttpClient-1-1] DEBUG org.asynchttpclient.netty.channel.DefaultChannelPool - Entry count for : http://localhost:53163 : 1
15:48:49.108 [AsyncHttpClient-1-2] DEBUG org.asynchttpclient.netty.handler.HttpHandler - 

Request DefaultFullHttpRequest(decodeResult: success, version: HTTP/1.1, content: EmptyByteBufBE)
GET /session/b46ccd9c534becdd6e7726f77ed416a2/url HTTP/1.1
User-Agent: selenium/4.1.2 (java windows)
Cache-Control: no-cache
Content-Type: application/json; charset=utf-8
host: localhost:57651
accept: */*

Response DefaultHttpResponse(decodeResult: success, version: HTTP/1.1)
HTTP/1.1 200 OK
Content-Type: application/json; charset=utf-8
cache-control: no-cache
content-length: 35

15:48:49.109 [AsyncHttpClient-1-2] DEBUG org.asynchttpclient.netty.channel.ChannelManager - Adding key: http://localhost:57651 for channel [id: 0xd51d122e, L:/127.0.0.1:53162 - R:localhost/127.0.0.1:57651]
  &amp#27;[32mGiven &amp#27;[0m&amp#27;[32mi have registered&amp#27;[0m                                     &amp#27;[90m# starter.stepdefinition.loginStep.iHaveRegistered()&amp#27;[0m
15:48:49.134 [main] DEBUG net.serenitybdd.core.photography.Darkroom - Opening darkroom
15:48:49.135 [Darkroom Processing Line] DEBUG net.serenitybdd.core.photography.DarkroomProcessingLine - Darkroom processing line starting up
15:48:49.136 [Forwarding screenshot on session b46ccd9c534becdd6e7726f77ed416a2 to remote] DEBUG org.asynchttpclient.netty.request.NettyRequestSender - Using pooled Channel '[id: 0xd51d122e, L:/127.0.0.1:53162 - R:localhost/127.0.0.1:57651]' for 'GET' to 'http://localhost:57651/session/b46ccd9c534becdd6e7726f77ed416a2/screenshot'
15:48:49.136 [Forwarding screenshot on session b46ccd9c534becdd6e7726f77ed416a2 to remote] DEBUG org.asynchttpclient.netty.request.NettyRequestSender - Using open Channel [id: 0xd51d122e, L:/127.0.0.1:53162 - R:localhost/127.0.0.1:57651] for GET '/session/b46ccd9c534becdd6e7726f77ed416a2/screenshot'
15:48:49.418 [AsyncHttpClient-1-2] DEBUG org.asynchttpclient.netty.handler.HttpHandler - 

Request DefaultFullHttpRequest(decodeResult: success, version: HTTP/1.1, content: EmptyByteBufBE)
GET /session/b46ccd9c534becdd6e7726f77ed416a2/screenshot HTTP/1.1
User-Agent: selenium/4.1.2 (java windows)
Cache-Control: no-cache
Content-Type: application/json; charset=utf-8
host: localhost:57651
accept: */*

Response DefaultHttpResponse(decodeResult: success, version: HTTP/1.1)
HTTP/1.1 200 OK
Content-Type: application/json; charset=utf-8
cache-control: no-cache
content-length: 344292

15:48:49.422 [AsyncHttpClient-1-2] DEBUG org.asynchttpclient.netty.channel.ChannelManager - Adding key: http://localhost:57651 for channel [id: 0xd51d122e, L:/127.0.0.1:53162 - R:localhost/127.0.0.1:57651]
15:48:49.526 [main] DEBUG net.serenitybdd.core.photography.Darkroom - Send negative for processing for target\site\serenity\923bee840879811ac6082d8b3bd0e9d9c5cb93a24c165f29e28bc0a19288a5b7.png
15:48:49.527 [Darkroom Processing Line] DEBUG net.serenitybdd.core.photography.DarkroomProcessingLine - Processing screenshot image in /var/screenshots/screenshot-12164019564066955840
15:48:49.527 [Darkroom Processing Line] DEBUG net.serenitybdd.core.photography.DarkroomProcessingLine - Saving screenshot to target\site\serenity\923bee840879811ac6082d8b3bd0e9d9c5cb93a24c165f29e28bc0a19288a5b7.png
15:48:49.552 [Forwarding findElement on session b46ccd9c534becdd6e7726f77ed416a2 to remote] DEBUG org.asynchttpclient.netty.request.NettyRequestSender - Using pooled Channel '[id: 0xd51d122e, L:/127.0.0.1:53162 - R:localhost/127.0.0.1:57651]' for 'POST' to 'http://localhost:57651/session/b46ccd9c534becdd6e7726f77ed416a2/element'
15:48:49.552 [Forwarding findElement on session b46ccd9c534becdd6e7726f77ed416a2 to remote] DEBUG org.asynchttpclient.netty.request.NettyRequestSender - Using open Channel [id: 0xd51d122e, L:/127.0.0.1:53162 - R:localhost/127.0.0.1:57651] for POST '/session/b46ccd9c534becdd6e7726f77ed416a2/element'
15:48:49.592 [AsyncHttpClient-1-2] DEBUG org.asynchttpclient.netty.handler.HttpHandler - 

Request DefaultHttpRequest(decodeResult: success, version: HTTP/1.1)
POST /session/b46ccd9c534becdd6e7726f77ed416a2/element HTTP/1.1
User-Agent: selenium/4.1.2 (java windows)
Content-Length: 55
Content-Type: application/json; charset=utf-8
host: localhost:57651
accept: */*

Response DefaultHttpResponse(decodeResult: success, version: HTTP/1.1)
HTTP/1.1 200 OK
Content-Type: application/json; charset=utf-8
cache-control: no-cache
content-length: 88

15:48:49.592 [AsyncHttpClient-1-2] DEBUG org.asynchttpclient.netty.channel.ChannelManager - Adding key: http://localhost:57651 for channel [id: 0xd51d122e, L:/127.0.0.1:53162 - R:localhost/127.0.0.1:57651]
15:48:49.619 [Forwarding isElementDisplayed on session b46ccd9c534becdd6e7726f77ed416a2 to remote] DEBUG org.asynchttpclient.netty.request.NettyRequestSender - Using pooled Channel '[id: 0xd51d122e, L:/127.0.0.1:53162 - R:localhost/127.0.0.1:57651]' for 'POST' to 'http://localhost:57651/session/b46ccd9c534becdd6e7726f77ed416a2/execute/sync'
15:48:49.619 [Forwarding isElementDisplayed on session b46ccd9c534becdd6e7726f77ed416a2 to remote] DEBUG org.asynchttpclient.netty.request.NettyRequestSender - Using open Channel [id: 0xd51d122e, L:/127.0.0.1:53162 - R:localhost/127.0.0.1:57651] for POST '/session/b46ccd9c534becdd6e7726f77ed416a2/execute/sync'
15:48:49.675 [AsyncHttpClient-1-2] DEBUG org.asynchttpclient.netty.handler.HttpHandler - 

Request DefaultHttpRequest(decodeResult: success, version: HTTP/1.1)
POST /session/b46ccd9c534becdd6e7726f77ed416a2/execute/sync HTTP/1.1
User-Agent: selenium/4.1.2 (java windows)
Content-Length: 48780
Content-Type: application/json; charset=utf-8
host: localhost:57651
accept: */*

Response DefaultHttpResponse(decodeResult: success, version: HTTP/1.1)
HTTP/1.1 200 OK
Content-Type: application/json; charset=utf-8
cache-control: no-cache
content-length: 14

15:48:49.676 [AsyncHttpClient-1-2] DEBUG org.asynchttpclient.netty.channel.ChannelManager - Adding key: http://localhost:57651 for channel [id: 0xd51d122e, L:/127.0.0.1:53162 - R:localhost/127.0.0.1:57651]
15:48:49.685 [Forwarding findElement on session b46ccd9c534becdd6e7726f77ed416a2 to remote] DEBUG org.asynchttpclient.netty.request.NettyRequestSender - Using pooled Channel '[id: 0xd51d122e, L:/127.0.0.1:53162 - R:localhost/127.0.0.1:57651]' for 'POST' to 'http://localhost:57651/session/b46ccd9c534becdd6e7726f77ed416a2/element'
15:48:49.685 [Forwarding findElement on session b46ccd9c534becdd6e7726f77ed416a2 to remote] DEBUG org.asynchttpclient.netty.request.NettyRequestSender - Using open Channel [id: 0xd51d122e, L:/127.0.0.1:53162 - R:localhost/127.0.0.1:57651] for POST '/session/b46ccd9c534becdd6e7726f77ed416a2/element'
15:48:49.725 [AsyncHttpClient-1-2] DEBUG org.asynchttpclient.netty.handler.HttpHandler - 

Request DefaultHttpRequest(decodeResult: success, version: HTTP/1.1)
POST /session/b46ccd9c534becdd6e7726f77ed416a2/element HTTP/1.1
User-Agent: selenium/4.1.2 (java windows)
Content-Length: 72
Content-Type: application/json; charset=utf-8
host: localhost:57651
accept: */*

Response DefaultHttpResponse(decodeResult: success, version: HTTP/1.1)
HTTP/1.1 200 OK
Content-Type: application/json; charset=utf-8
cache-control: no-cache
content-length: 88

15:48:49.725 [AsyncHttpClient-1-2] DEBUG org.asynchttpclient.netty.channel.ChannelManager - Adding key: http://localhost:57651 for channel [id: 0xd51d122e, L:/127.0.0.1:53162 - R:localhost/127.0.0.1:57651]
15:48:49.725 [Forwarding getElementTagName on session b46ccd9c534becdd6e7726f77ed416a2 to remote] DEBUG org.asynchttpclient.netty.request.NettyRequestSender - Using pooled Channel '[id: 0xd51d122e, L:/127.0.0.1:53162 - R:localhost/127.0.0.1:57651]' for 'GET' to 'http://localhost:57651/session/b46ccd9c534becdd6e7726f77ed416a2/element/4711499f-7739-4bb8-ab3b-fbfb589c68e9/name'
15:48:49.725 [Forwarding getElementTagName on session b46ccd9c534becdd6e7726f77ed416a2 to remote] DEBUG org.asynchttpclient.netty.request.NettyRequestSender - Using open Channel [id: 0xd51d122e, L:/127.0.0.1:53162 - R:localhost/127.0.0.1:57651] for GET '/session/b46ccd9c534becdd6e7726f77ed416a2/element/4711499f-7739-4bb8-ab3b-fbfb589c68e9/name'
15:48:49.778 [AsyncHttpClient-1-2] DEBUG org.asynchttpclient.netty.handler.HttpHandler - 

Request DefaultFullHttpRequest(decodeResult: success, version: HTTP/1.1, content: EmptyByteBufBE)
GET /session/b46ccd9c534becdd6e7726f77ed416a2/element/4711499f-7739-4bb8-ab3b-fbfb589c68e9/name HTTP/1.1
User-Agent: selenium/4.1.2 (java windows)
Cache-Control: no-cache
Content-Type: application/json; charset=utf-8
host: localhost:57651
accept: */*

Response DefaultHttpResponse(decodeResult: success, version: HTTP/1.1)
HTTP/1.1 200 OK
Content-Type: application/json; charset=utf-8
cache-control: no-cache
content-length: 13

15:48:49.779 [AsyncHttpClient-1-2] DEBUG org.asynchttpclient.netty.channel.ChannelManager - Adding key: http://localhost:57651 for channel [id: 0xd51d122e, L:/127.0.0.1:53162 - R:localhost/127.0.0.1:57651]
15:48:49.784 [Forwarding getElementTagName on session b46ccd9c534becdd6e7726f77ed416a2 to remote] DEBUG org.asynchttpclient.netty.request.NettyRequestSender - Using pooled Channel '[id: 0xd51d122e, L:/127.0.0.1:53162 - R:localhost/127.0.0.1:57651]' for 'GET' to 'http://localhost:57651/session/b46ccd9c534becdd6e7726f77ed416a2/element/4711499f-7739-4bb8-ab3b-fbfb589c68e9/name'
15:48:49.785 [Forwarding getElementTagName on session b46ccd9c534becdd6e7726f77ed416a2 to remote] DEBUG org.asynchttpclient.netty.request.NettyRequestSender - Using open Channel [id: 0xd51d122e, L:/127.0.0.1:53162 - R:localhost/127.0.0.1:57651] for GET '/session/b46ccd9c534becdd6e7726f77ed416a2/element/4711499f-7739-4bb8-ab3b-fbfb589c68e9/name'
15:48:49.827 [AsyncHttpClient-1-2] DEBUG org.asynchttpclient.netty.handler.HttpHandler - 

Request DefaultFullHttpRequest(decodeResult: success, version: HTTP/1.1, content: EmptyByteBufBE)
GET /session/b46ccd9c534becdd6e7726f77ed416a2/element/4711499f-7739-4bb8-ab3b-fbfb589c68e9/name HTTP/1.1
User-Agent: selenium/4.1.2 (java windows)
Cache-Control: no-cache
Content-Type: application/json; charset=utf-8
host: localhost:57651
accept: */*

Response DefaultHttpResponse(decodeResult: success, version: HTTP/1.1)
HTTP/1.1 200 OK
Content-Type: application/json; charset=utf-8
cache-control: no-cache
content-length: 13

15:48:49.827 [AsyncHttpClient-1-2] DEBUG org.asynchttpclient.netty.channel.ChannelManager - Adding key: http://localhost:57651 for channel [id: 0xd51d122e, L:/127.0.0.1:53162 - R:localhost/127.0.0.1:57651]
15:48:49.836 [Forwarding findElement on session b46ccd9c534becdd6e7726f77ed416a2 to remote] DEBUG org.asynchttpclient.netty.request.NettyRequestSender - Using pooled Channel '[id: 0xd51d122e, L:/127.0.0.1:53162 - R:localhost/127.0.0.1:57651]' for 'POST' to 'http://localhost:57651/session/b46ccd9c534becdd6e7726f77ed416a2/element'
15:48:49.853 [Forwarding findElement on session b46ccd9c534becdd6e7726f77ed416a2 to remote] DEBUG org.asynchttpclient.netty.request.NettyRequestSender - Using open Channel [id: 0xd51d122e, L:/127.0.0.1:53162 - R:localhost/127.0.0.1:57651] for POST '/session/b46ccd9c534becdd6e7726f77ed416a2/element'
15:48:49.893 [AsyncHttpClient-1-2] DEBUG org.asynchttpclient.netty.handler.HttpHandler - 

Request DefaultHttpRequest(decodeResult: success, version: HTTP/1.1)
POST /session/b46ccd9c534becdd6e7726f77ed416a2/element HTTP/1.1
User-Agent: selenium/4.1.2 (java windows)
Content-Length: 72
Content-Type: application/json; charset=utf-8
host: localhost:57651
accept: */*

Response DefaultHttpResponse(decodeResult: success, version: HTTP/1.1)
HTTP/1.1 200 OK
Content-Type: application/json; charset=utf-8
cache-control: no-cache
content-length: 88

15:48:49.894 [AsyncHttpClient-1-2] DEBUG org.asynchttpclient.netty.channel.ChannelManager - Adding key: http://localhost:57651 for channel [id: 0xd51d122e, L:/127.0.0.1:53162 - R:localhost/127.0.0.1:57651]
15:48:49.899 [Forwarding clickElement on session b46ccd9c534becdd6e7726f77ed416a2 to remote] DEBUG org.asynchttpclient.netty.request.NettyRequestSender - Using pooled Channel '[id: 0xd51d122e, L:/127.0.0.1:53162 - R:localhost/127.0.0.1:57651]' for 'POST' to 'http://localhost:57651/session/b46ccd9c534becdd6e7726f77ed416a2/element/4711499f-7739-4bb8-ab3b-fbfb589c68e9/click'
15:48:49.900 [Forwarding clickElement on session b46ccd9c534becdd6e7726f77ed416a2 to remote] DEBUG org.asynchttpclient.netty.request.NettyRequestSender - Using open Channel [id: 0xd51d122e, L:/127.0.0.1:53162 - R:localhost/127.0.0.1:57651] for POST '/session/b46ccd9c534becdd6e7726f77ed416a2/element/4711499f-7739-4bb8-ab3b-fbfb589c68e9/click'
15:48:50.121 [AsyncHttpClient-1-2] DEBUG org.asynchttpclient.netty.handler.HttpHandler - 

Request DefaultHttpRequest(decodeResult: success, version: HTTP/1.1)
POST /session/b46ccd9c534becdd6e7726f77ed416a2/element/4711499f-7739-4bb8-ab3b-fbfb589c68e9/click HTTP/1.1
User-Agent: selenium/4.1.2 (java windows)
Content-Length: 50
Content-Type: application/json; charset=utf-8
host: localhost:57651
accept: */*

Response DefaultHttpResponse(decodeResult: success, version: HTTP/1.1)
HTTP/1.1 200 OK
Content-Type: application/json; charset=utf-8
cache-control: no-cache
content-length: 14

15:48:50.122 [AsyncHttpClient-1-2] DEBUG org.asynchttpclient.netty.channel.ChannelManager - Adding key: http://localhost:57651 for channel [id: 0xd51d122e, L:/127.0.0.1:53162 - R:localhost/127.0.0.1:57651]
  &amp#27;[32mWhen &amp#27;[0m&amp#27;[32mi click get started&amp#27;[0m                                    &amp#27;[90m# starter.stepdefinition.registerStep.iClickGetStarted()&amp#27;[0m
15:48:50.147 [Forwarding screenshot on session b46ccd9c534becdd6e7726f77ed416a2 to remote] DEBUG org.asynchttpclient.netty.request.NettyRequestSender - Using pooled Channel '[id: 0xd51d122e, L:/127.0.0.1:53162 - R:localhost/127.0.0.1:57651]' for 'GET' to 'http://localhost:57651/session/b46ccd9c534becdd6e7726f77ed416a2/screenshot'
15:48:50.147 [Forwarding screenshot on session b46ccd9c534becdd6e7726f77ed416a2 to remote] DEBUG org.asynchttpclient.netty.request.NettyRequestSender - Using open Channel [id: 0xd51d122e, L:/127.0.0.1:53162 - R:localhost/127.0.0.1:57651] for GET '/session/b46ccd9c534becdd6e7726f77ed416a2/screenshot'
15:48:50.176 [AsyncHttpClient-1-1] DEBUG org.asynchttpclient.netty.channel.DefaultChannelPool - Entry count for : http://localhost:53163 : 1
15:48:50.768 [AsyncHttpClient-1-2] DEBUG org.asynchttpclient.netty.handler.HttpHandler - 

Request DefaultFullHttpRequest(decodeResult: success, version: HTTP/1.1, content: EmptyByteBufBE)
GET /session/b46ccd9c534becdd6e7726f77ed416a2/screenshot HTTP/1.1
User-Agent: selenium/4.1.2 (java windows)
Cache-Control: no-cache
Content-Type: application/json; charset=utf-8
host: localhost:57651
accept: */*

Response DefaultHttpResponse(decodeResult: success, version: HTTP/1.1)
HTTP/1.1 200 OK
Content-Type: application/json; charset=utf-8
cache-control: no-cache
content-length: 132804

15:48:50.772 [AsyncHttpClient-1-2] DEBUG org.asynchttpclient.netty.channel.ChannelManager - Adding key: http://localhost:57651 for channel [id: 0xd51d122e, L:/127.0.0.1:53162 - R:localhost/127.0.0.1:57651]
15:48:50.786 [main] DEBUG net.serenitybdd.core.photography.Darkroom - Send negative for processing for target\site\serenity\3419d0992714763ad93adceb87de6ff21cb4fefa0278bfd77094625a91e0c110.png
15:48:50.787 [Darkroom Processing Line] DEBUG net.serenitybdd.core.photography.DarkroomProcessingLine - Processing screenshot image in /var/screenshots/screenshot-13542561267380973960
15:48:50.787 [Darkroom Processing Line] DEBUG net.serenitybdd.core.photography.DarkroomProcessingLine - Saving screenshot to target\site\serenity\3419d0992714763ad93adceb87de6ff21cb4fefa0278bfd77094625a91e0c110.png
15:48:50.828 [Forwarding findElement on session b46ccd9c534becdd6e7726f77ed416a2 to remote] DEBUG org.asynchttpclient.netty.request.NettyRequestSender - Using pooled Channel '[id: 0xd51d122e, L:/127.0.0.1:53162 - R:localhost/127.0.0.1:57651]' for 'POST' to 'http://localhost:57651/session/b46ccd9c534becdd6e7726f77ed416a2/element'
15:48:50.829 [Forwarding findElement on session b46ccd9c534becdd6e7726f77ed416a2 to remote] DEBUG org.asynchttpclient.netty.request.NettyRequestSender - Using open Channel [id: 0xd51d122e, L:/127.0.0.1:53162 - R:localhost/127.0.0.1:57651] for POST '/session/b46ccd9c534becdd6e7726f77ed416a2/element'
15:48:50.873 [AsyncHttpClient-1-2] DEBUG org.asynchttpclient.netty.handler.HttpHandler - 

Request DefaultHttpRequest(decodeResult: success, version: HTTP/1.1)
POST /session/b46ccd9c534becdd6e7726f77ed416a2/element HTTP/1.1
User-Agent: selenium/4.1.2 (java windows)
Content-Length: 67
Content-Type: application/json; charset=utf-8
host: localhost:57651
accept: */*

Response DefaultHttpResponse(decodeResult: success, version: HTTP/1.1)
HTTP/1.1 200 OK
Content-Type: application/json; charset=utf-8
cache-control: no-cache
content-length: 88

15:48:50.873 [AsyncHttpClient-1-2] DEBUG org.asynchttpclient.netty.channel.ChannelManager - Adding key: http://localhost:57651 for channel [id: 0xd51d122e, L:/127.0.0.1:53162 - R:localhost/127.0.0.1:57651]
15:48:50.884 [Forwarding clearElement on session b46ccd9c534becdd6e7726f77ed416a2 to remote] DEBUG org.asynchttpclient.netty.request.NettyRequestSender - Using pooled Channel '[id: 0xd51d122e, L:/127.0.0.1:53162 - R:localhost/127.0.0.1:57651]' for 'POST' to 'http://localhost:57651/session/b46ccd9c534becdd6e7726f77ed416a2/element/ae5ec051-37c2-4c9c-b480-4b05ac4f1e32/clear'
15:48:50.885 [Forwarding clearElement on session b46ccd9c534becdd6e7726f77ed416a2 to remote] DEBUG org.asynchttpclient.netty.request.NettyRequestSender - Using open Channel [id: 0xd51d122e, L:/127.0.0.1:53162 - R:localhost/127.0.0.1:57651] for POST '/session/b46ccd9c534becdd6e7726f77ed416a2/element/ae5ec051-37c2-4c9c-b480-4b05ac4f1e32/clear'
15:48:51.021 [AsyncHttpClient-1-2] DEBUG org.asynchttpclient.netty.handler.HttpHandler - 

Request DefaultHttpRequest(decodeResult: success, version: HTTP/1.1)
POST /session/b46ccd9c534becdd6e7726f77ed416a2/element/ae5ec051-37c2-4c9c-b480-4b05ac4f1e32/clear HTTP/1.1
User-Agent: selenium/4.1.2 (java windows)
Content-Length: 50
Content-Type: application/json; charset=utf-8
host: localhost:57651
accept: */*

Response DefaultHttpResponse(decodeResult: success, version: HTTP/1.1)
HTTP/1.1 200 OK
Content-Type: application/json; charset=utf-8
cache-control: no-cache
content-length: 14

15:48:51.023 [AsyncHttpClient-1-2] DEBUG org.asynchttpclient.netty.channel.ChannelManager - Adding key: http://localhost:57651 for channel [id: 0xd51d122e, L:/127.0.0.1:53162 - R:localhost/127.0.0.1:57651]
15:48:51.045 [Forwarding sendKeysToElement on session b46ccd9c534becdd6e7726f77ed416a2 to remote] DEBUG org.asynchttpclient.netty.request.NettyRequestSender - Using pooled Channel '[id: 0xd51d122e, L:/127.0.0.1:53162 - R:localhost/127.0.0.1:57651]' for 'POST' to 'http://localhost:57651/session/b46ccd9c534becdd6e7726f77ed416a2/element/ae5ec051-37c2-4c9c-b480-4b05ac4f1e32/value'
15:48:51.046 [Forwarding sendKeysToElement on session b46ccd9c534becdd6e7726f77ed416a2 to remote] DEBUG org.asynchttpclient.netty.request.NettyRequestSender - Using open Channel [id: 0xd51d122e, L:/127.0.0.1:53162 - R:localhost/127.0.0.1:57651] for POST '/session/b46ccd9c534becdd6e7726f77ed416a2/element/ae5ec051-37c2-4c9c-b480-4b05ac4f1e32/value'
15:48:51.277 [AsyncHttpClient-1-1] DEBUG org.asynchttpclient.netty.channel.DefaultChannelPool - Entry count for : http://localhost:53163 : 1
15:48:51.355 [AsyncHttpClient-1-2] DEBUG org.asynchttpclient.netty.handler.HttpHandler - 

Request DefaultHttpRequest(decodeResult: success, version: HTTP/1.1)
POST /session/b46ccd9c534becdd6e7726f77ed416a2/element/ae5ec051-37c2-4c9c-b480-4b05ac4f1e32/value HTTP/1.1
User-Agent: selenium/4.1.2 (java windows)
Content-Length: 231
Content-Type: application/json; charset=utf-8
host: localhost:57651
accept: */*

Response DefaultHttpResponse(decodeResult: success, version: HTTP/1.1)
HTTP/1.1 200 OK
Content-Type: application/json; charset=utf-8
cache-control: no-cache
content-length: 14

15:48:51.356 [AsyncHttpClient-1-2] DEBUG org.asynchttpclient.netty.channel.ChannelManager - Adding key: http://localhost:57651 for channel [id: 0xd51d122e, L:/127.0.0.1:53162 - R:localhost/127.0.0.1:57651]
15:48:51.379 [Forwarding findElement on session b46ccd9c534becdd6e7726f77ed416a2 to remote] DEBUG org.asynchttpclient.netty.request.NettyRequestSender - Using pooled Channel '[id: 0xd51d122e, L:/127.0.0.1:53162 - R:localhost/127.0.0.1:57651]' for 'POST' to 'http://localhost:57651/session/b46ccd9c534becdd6e7726f77ed416a2/element'
15:48:51.380 [Forwarding findElement on session b46ccd9c534becdd6e7726f77ed416a2 to remote] DEBUG org.asynchttpclient.netty.request.NettyRequestSender - Using open Channel [id: 0xd51d122e, L:/127.0.0.1:53162 - R:localhost/127.0.0.1:57651] for POST '/session/b46ccd9c534becdd6e7726f77ed416a2/element'
15:48:51.423 [AsyncHttpClient-1-2] DEBUG org.asynchttpclient.netty.handler.HttpHandler - 

Request DefaultHttpRequest(decodeResult: success, version: HTTP/1.1)
POST /session/b46ccd9c534becdd6e7726f77ed416a2/element HTTP/1.1
User-Agent: selenium/4.1.2 (java windows)
Content-Length: 70
Content-Type: application/json; charset=utf-8
host: localhost:57651
accept: */*

Response DefaultHttpResponse(decodeResult: success, version: HTTP/1.1)
HTTP/1.1 200 OK
Content-Type: application/json; charset=utf-8
cache-control: no-cache
content-length: 88

15:48:51.423 [AsyncHttpClient-1-2] DEBUG org.asynchttpclient.netty.channel.ChannelManager - Adding key: http://localhost:57651 for channel [id: 0xd51d122e, L:/127.0.0.1:53162 - R:localhost/127.0.0.1:57651]
15:48:51.439 [Forwarding clearElement on session b46ccd9c534becdd6e7726f77ed416a2 to remote] DEBUG org.asynchttpclient.netty.request.NettyRequestSender - Using pooled Channel '[id: 0xd51d122e, L:/127.0.0.1:53162 - R:localhost/127.0.0.1:57651]' for 'POST' to 'http://localhost:57651/session/b46ccd9c534becdd6e7726f77ed416a2/element/efc0a340-1aea-466b-9905-95b6e4954899/clear'
15:48:51.439 [Forwarding clearElement on session b46ccd9c534becdd6e7726f77ed416a2 to remote] DEBUG org.asynchttpclient.netty.request.NettyRequestSender - Using open Channel [id: 0xd51d122e, L:/127.0.0.1:53162 - R:localhost/127.0.0.1:57651] for POST '/session/b46ccd9c534becdd6e7726f77ed416a2/element/efc0a340-1aea-466b-9905-95b6e4954899/clear'
15:48:51.580 [AsyncHttpClient-1-2] DEBUG org.asynchttpclient.netty.handler.HttpHandler - 

Request DefaultHttpRequest(decodeResult: success, version: HTTP/1.1)
POST /session/b46ccd9c534becdd6e7726f77ed416a2/element/efc0a340-1aea-466b-9905-95b6e4954899/clear HTTP/1.1
User-Agent: selenium/4.1.2 (java windows)
Content-Length: 50
Content-Type: application/json; charset=utf-8
host: localhost:57651
accept: */*

Response DefaultHttpResponse(decodeResult: success, version: HTTP/1.1)
HTTP/1.1 200 OK
Content-Type: application/json; charset=utf-8
cache-control: no-cache
content-length: 14

15:48:51.580 [AsyncHttpClient-1-2] DEBUG org.asynchttpclient.netty.channel.ChannelManager - Adding key: http://localhost:57651 for channel [id: 0xd51d122e, L:/127.0.0.1:53162 - R:localhost/127.0.0.1:57651]
15:48:51.595 [Forwarding sendKeysToElement on session b46ccd9c534becdd6e7726f77ed416a2 to remote] DEBUG org.asynchttpclient.netty.request.NettyRequestSender - Using pooled Channel '[id: 0xd51d122e, L:/127.0.0.1:53162 - R:localhost/127.0.0.1:57651]' for 'POST' to 'http://localhost:57651/session/b46ccd9c534becdd6e7726f77ed416a2/element/efc0a340-1aea-466b-9905-95b6e4954899/value'
15:48:51.595 [Forwarding sendKeysToElement on session b46ccd9c534becdd6e7726f77ed416a2 to remote] DEBUG org.asynchttpclient.netty.request.NettyRequestSender - Using open Channel [id: 0xd51d122e, L:/127.0.0.1:53162 - R:localhost/127.0.0.1:57651] for POST '/session/b46ccd9c534becdd6e7726f77ed416a2/element/efc0a340-1aea-466b-9905-95b6e4954899/value'
15:48:51.876 [AsyncHttpClient-1-2] DEBUG org.asynchttpclient.netty.handler.HttpHandler - 

Request DefaultHttpRequest(decodeResult: success, version: HTTP/1.1)
POST /session/b46ccd9c534becdd6e7726f77ed416a2/element/efc0a340-1aea-466b-9905-95b6e4954899/value HTTP/1.1
User-Agent: selenium/4.1.2 (java windows)
Content-Length: 211
Content-Type: application/json; charset=utf-8
host: localhost:57651
accept: */*

Response DefaultHttpResponse(decodeResult: success, version: HTTP/1.1)
HTTP/1.1 200 OK
Content-Type: application/json; charset=utf-8
cache-control: no-cache
content-length: 14

15:48:51.877 [AsyncHttpClient-1-2] DEBUG org.asynchttpclient.netty.channel.ChannelManager - Adding key: http://localhost:57651 for channel [id: 0xd51d122e, L:/127.0.0.1:53162 - R:localhost/127.0.0.1:57651]
  &amp#27;[32mAnd &amp#27;[0m&amp#27;[32mi input &amp#27;[0m&amp#27;[32m&amp#27;[1m"sonya@gmail.com"&amp#27;[0m&amp#27;[32m and &amp#27;[0m&amp#27;[32m&amp#27;[1m"SonyaPrds1511"&amp#27;[0m&amp#27;[32m for login&amp#27;[0m &amp#27;[90m# starter.stepdefinition.loginStep.iInputAndForLogin(java.lang.String,java.lang.String)&amp#27;[0m
15:48:51.908 [Forwarding screenshot on session b46ccd9c534becdd6e7726f77ed416a2 to remote] DEBUG org.asynchttpclient.netty.request.NettyRequestSender - Using pooled Channel '[id: 0xd51d122e, L:/127.0.0.1:53162 - R:localhost/127.0.0.1:57651]' for 'GET' to 'http://localhost:57651/session/b46ccd9c534becdd6e7726f77ed416a2/screenshot'
15:48:51.908 [Forwarding screenshot on session b46ccd9c534becdd6e7726f77ed416a2 to remote] DEBUG org.asynchttpclient.netty.request.NettyRequestSender - Using open Channel [id: 0xd51d122e, L:/127.0.0.1:53162 - R:localhost/127.0.0.1:57651] for GET '/session/b46ccd9c534becdd6e7726f77ed416a2/screenshot'
15:48:52.248 [AsyncHttpClient-1-2] DEBUG org.asynchttpclient.netty.handler.HttpHandler - 

Request DefaultFullHttpRequest(decodeResult: success, version: HTTP/1.1, content: EmptyByteBufBE)
GET /session/b46ccd9c534becdd6e7726f77ed416a2/screenshot HTTP/1.1
User-Agent: selenium/4.1.2 (java windows)
Cache-Control: no-cache
Content-Type: application/json; charset=utf-8
host: localhost:57651
accept: */*

Response DefaultHttpResponse(decodeResult: success, version: HTTP/1.1)
HTTP/1.1 200 OK
Content-Type: application/json; charset=utf-8
cache-control: no-cache
content-length: 119068

15:48:52.248 [AsyncHttpClient-1-2] DEBUG org.asynchttpclient.netty.channel.ChannelManager - Adding key: http://localhost:57651 for channel [id: 0xd51d122e, L:/127.0.0.1:53162 - R:localhost/127.0.0.1:57651]
15:48:52.279 [main] DEBUG net.serenitybdd.core.photography.Darkroom - Send negative for processing for target\site\serenity\cac6d6554dbb68554d3587511bc8fe2bdefdbd206492635de3811cc96ae9db43.png
15:48:52.279 [Darkroom Processing Line] DEBUG net.serenitybdd.core.photography.DarkroomProcessingLine - Processing screenshot image in /var/screenshots/screenshot-10169712584814701911
15:48:52.279 [Darkroom Processing Line] DEBUG net.serenitybdd.core.photography.DarkroomProcessingLine - Saving screenshot to target\site\serenity\cac6d6554dbb68554d3587511bc8fe2bdefdbd206492635de3811cc96ae9db43.png
15:48:52.295 [Forwarding findElement on session b46ccd9c534becdd6e7726f77ed416a2 to remote] DEBUG org.asynchttpclient.netty.request.NettyRequestSender - Using pooled Channel '[id: 0xd51d122e, L:/127.0.0.1:53162 - R:localhost/127.0.0.1:57651]' for 'POST' to 'http://localhost:57651/session/b46ccd9c534becdd6e7726f77ed416a2/element'
15:48:52.295 [Forwarding findElement on session b46ccd9c534becdd6e7726f77ed416a2 to remote] DEBUG org.asynchttpclient.netty.request.NettyRequestSender - Using open Channel [id: 0xd51d122e, L:/127.0.0.1:53162 - R:localhost/127.0.0.1:57651] for POST '/session/b46ccd9c534becdd6e7726f77ed416a2/element'
15:48:52.326 [AsyncHttpClient-1-2] DEBUG org.asynchttpclient.netty.handler.HttpHandler - 

Request DefaultHttpRequest(decodeResult: success, version: HTTP/1.1)
POST /session/b46ccd9c534becdd6e7726f77ed416a2/element HTTP/1.1
User-Agent: selenium/4.1.2 (java windows)
Content-Length: 53
Content-Type: application/json; charset=utf-8
host: localhost:57651
accept: */*

Response DefaultHttpResponse(decodeResult: success, version: HTTP/1.1)
HTTP/1.1 200 OK
Content-Type: application/json; charset=utf-8
cache-control: no-cache
content-length: 88

15:48:52.326 [AsyncHttpClient-1-2] DEBUG org.asynchttpclient.netty.channel.ChannelManager - Adding key: http://localhost:57651 for channel [id: 0xd51d122e, L:/127.0.0.1:53162 - R:localhost/127.0.0.1:57651]
15:48:52.326 [Forwarding getElementTagName on session b46ccd9c534becdd6e7726f77ed416a2 to remote] DEBUG org.asynchttpclient.netty.request.NettyRequestSender - Using pooled Channel '[id: 0xd51d122e, L:/127.0.0.1:53162 - R:localhost/127.0.0.1:57651]' for 'GET' to 'http://localhost:57651/session/b46ccd9c534becdd6e7726f77ed416a2/element/4907f5a6-1b7c-4d2b-9cb0-b2a4e028db77/name'
15:48:52.326 [Forwarding getElementTagName on session b46ccd9c534becdd6e7726f77ed416a2 to remote] DEBUG org.asynchttpclient.netty.request.NettyRequestSender - Using open Channel [id: 0xd51d122e, L:/127.0.0.1:53162 - R:localhost/127.0.0.1:57651] for GET '/session/b46ccd9c534becdd6e7726f77ed416a2/element/4907f5a6-1b7c-4d2b-9cb0-b2a4e028db77/name'
15:48:52.341 [AsyncHttpClient-1-2] DEBUG org.asynchttpclient.netty.handler.HttpHandler - 

Request DefaultFullHttpRequest(decodeResult: success, version: HTTP/1.1, content: EmptyByteBufBE)
GET /session/b46ccd9c534becdd6e7726f77ed416a2/element/4907f5a6-1b7c-4d2b-9cb0-b2a4e028db77/name HTTP/1.1
User-Agent: selenium/4.1.2 (java windows)
Cache-Control: no-cache
Content-Type: application/json; charset=utf-8
host: localhost:57651
accept: */*

Response DefaultHttpResponse(decodeResult: success, version: HTTP/1.1)
HTTP/1.1 200 OK
Content-Type: application/json; charset=utf-8
cache-control: no-cache
content-length: 18

15:48:52.341 [AsyncHttpClient-1-2] DEBUG org.asynchttpclient.netty.channel.ChannelManager - Adding key: http://localhost:57651 for channel [id: 0xd51d122e, L:/127.0.0.1:53162 - R:localhost/127.0.0.1:57651]
15:48:52.341 [Forwarding getElementTagName on session b46ccd9c534becdd6e7726f77ed416a2 to remote] DEBUG org.asynchttpclient.netty.request.NettyRequestSender - Using pooled Channel '[id: 0xd51d122e, L:/127.0.0.1:53162 - R:localhost/127.0.0.1:57651]' for 'GET' to 'http://localhost:57651/session/b46ccd9c534becdd6e7726f77ed416a2/element/4907f5a6-1b7c-4d2b-9cb0-b2a4e028db77/name'
15:48:52.341 [Forwarding getElementTagName on session b46ccd9c534becdd6e7726f77ed416a2 to remote] DEBUG org.asynchttpclient.netty.request.NettyRequestSender - Using open Channel [id: 0xd51d122e, L:/127.0.0.1:53162 - R:localhost/127.0.0.1:57651] for GET '/session/b46ccd9c534becdd6e7726f77ed416a2/element/4907f5a6-1b7c-4d2b-9cb0-b2a4e028db77/name'
15:48:52.350 [AsyncHttpClient-1-2] DEBUG org.asynchttpclient.netty.handler.HttpHandler - 

Request DefaultFullHttpRequest(decodeResult: success, version: HTTP/1.1, content: EmptyByteBufBE)
GET /session/b46ccd9c534becdd6e7726f77ed416a2/element/4907f5a6-1b7c-4d2b-9cb0-b2a4e028db77/name HTTP/1.1
User-Agent: selenium/4.1.2 (java windows)
Cache-Control: no-cache
Content-Type: application/json; charset=utf-8
host: localhost:57651
accept: */*

Response DefaultHttpResponse(decodeResult: success, version: HTTP/1.1)
HTTP/1.1 200 OK
Content-Type: application/json; charset=utf-8
cache-control: no-cache
content-length: 18

15:48:52.350 [AsyncHttpClient-1-2] DEBUG org.asynchttpclient.netty.channel.ChannelManager - Adding key: http://localhost:57651 for channel [id: 0xd51d122e, L:/127.0.0.1:53162 - R:localhost/127.0.0.1:57651]
15:48:52.366 [Forwarding isElementEnabled on session b46ccd9c534becdd6e7726f77ed416a2 to remote] DEBUG org.asynchttpclient.netty.request.NettyRequestSender - Using pooled Channel '[id: 0xd51d122e, L:/127.0.0.1:53162 - R:localhost/127.0.0.1:57651]' for 'GET' to 'http://localhost:57651/session/b46ccd9c534becdd6e7726f77ed416a2/element/4907f5a6-1b7c-4d2b-9cb0-b2a4e028db77/enabled'
15:48:52.366 [Forwarding isElementEnabled on session b46ccd9c534becdd6e7726f77ed416a2 to remote] DEBUG org.asynchttpclient.netty.request.NettyRequestSender - Using open Channel [id: 0xd51d122e, L:/127.0.0.1:53162 - R:localhost/127.0.0.1:57651] for GET '/session/b46ccd9c534becdd6e7726f77ed416a2/element/4907f5a6-1b7c-4d2b-9cb0-b2a4e028db77/enabled'
15:48:52.373 [AsyncHttpClient-1-1] DEBUG org.asynchttpclient.netty.channel.DefaultChannelPool - Entry count for : http://localhost:53163 : 1
15:48:52.397 [AsyncHttpClient-1-2] DEBUG org.asynchttpclient.netty.handler.HttpHandler - 

Request DefaultFullHttpRequest(decodeResult: success, version: HTTP/1.1, content: EmptyByteBufBE)
GET /session/b46ccd9c534becdd6e7726f77ed416a2/element/4907f5a6-1b7c-4d2b-9cb0-b2a4e028db77/enabled HTTP/1.1
User-Agent: selenium/4.1.2 (java windows)
Cache-Control: no-cache
Content-Type: application/json; charset=utf-8
host: localhost:57651
accept: */*

Response DefaultHttpResponse(decodeResult: success, version: HTTP/1.1)
HTTP/1.1 200 OK
Content-Type: application/json; charset=utf-8
cache-control: no-cache
content-length: 14

15:48:52.398 [AsyncHttpClient-1-2] DEBUG org.asynchttpclient.netty.channel.ChannelManager - Adding key: http://localhost:57651 for channel [id: 0xd51d122e, L:/127.0.0.1:53162 - R:localhost/127.0.0.1:57651]
15:48:52.403 [Forwarding isElementEnabled on session b46ccd9c534becdd6e7726f77ed416a2 to remote] DEBUG org.asynchttpclient.netty.request.NettyRequestSender - Using pooled Channel '[id: 0xd51d122e, L:/127.0.0.1:53162 - R:localhost/127.0.0.1:57651]' for 'GET' to 'http://localhost:57651/session/b46ccd9c534becdd6e7726f77ed416a2/element/4907f5a6-1b7c-4d2b-9cb0-b2a4e028db77/enabled'
15:48:52.403 [Forwarding isElementEnabled on session b46ccd9c534becdd6e7726f77ed416a2 to remote] DEBUG org.asynchttpclient.netty.request.NettyRequestSender - Using open Channel [id: 0xd51d122e, L:/127.0.0.1:53162 - R:localhost/127.0.0.1:57651] for GET '/session/b46ccd9c534becdd6e7726f77ed416a2/element/4907f5a6-1b7c-4d2b-9cb0-b2a4e028db77/enabled'
15:48:52.418 [AsyncHttpClient-1-2] DEBUG org.asynchttpclient.netty.handler.HttpHandler - 

Request DefaultFullHttpRequest(decodeResult: success, version: HTTP/1.1, content: EmptyByteBufBE)
GET /session/b46ccd9c534becdd6e7726f77ed416a2/element/4907f5a6-1b7c-4d2b-9cb0-b2a4e028db77/enabled HTTP/1.1
User-Agent: selenium/4.1.2 (java windows)
Cache-Control: no-cache
Content-Type: application/json; charset=utf-8
host: localhost:57651
accept: */*

Response DefaultHttpResponse(decodeResult: success, version: HTTP/1.1)
HTTP/1.1 200 OK
Content-Type: application/json; charset=utf-8
cache-control: no-cache
content-length: 14

15:48:52.419 [AsyncHttpClient-1-2] DEBUG org.asynchttpclient.netty.channel.ChannelManager - Adding key: http://localhost:57651 for channel [id: 0xd51d122e, L:/127.0.0.1:53162 - R:localhost/127.0.0.1:57651]
15:48:52.430 [Forwarding findElement on session b46ccd9c534becdd6e7726f77ed416a2 to remote] DEBUG org.asynchttpclient.netty.request.NettyRequestSender - Using pooled Channel '[id: 0xd51d122e, L:/127.0.0.1:53162 - R:localhost/127.0.0.1:57651]' for 'POST' to 'http://localhost:57651/session/b46ccd9c534becdd6e7726f77ed416a2/element'
15:48:52.430 [Forwarding findElement on session b46ccd9c534becdd6e7726f77ed416a2 to remote] DEBUG org.asynchttpclient.netty.request.NettyRequestSender - Using open Channel [id: 0xd51d122e, L:/127.0.0.1:53162 - R:localhost/127.0.0.1:57651] for POST '/session/b46ccd9c534becdd6e7726f77ed416a2/element'
15:48:52.442 [AsyncHttpClient-1-2] DEBUG org.asynchttpclient.netty.handler.HttpHandler - 

Request DefaultHttpRequest(decodeResult: success, version: HTTP/1.1)
POST /session/b46ccd9c534becdd6e7726f77ed416a2/element HTTP/1.1
User-Agent: selenium/4.1.2 (java windows)
Content-Length: 53
Content-Type: application/json; charset=utf-8
host: localhost:57651
accept: */*

Response DefaultHttpResponse(decodeResult: success, version: HTTP/1.1)
HTTP/1.1 200 OK
Content-Type: application/json; charset=utf-8
cache-control: no-cache
content-length: 88

15:48:52.442 [AsyncHttpClient-1-2] DEBUG org.asynchttpclient.netty.channel.ChannelManager - Adding key: http://localhost:57651 for channel [id: 0xd51d122e, L:/127.0.0.1:53162 - R:localhost/127.0.0.1:57651]
15:48:52.442 [Forwarding clickElement on session b46ccd9c534becdd6e7726f77ed416a2 to remote] DEBUG org.asynchttpclient.netty.request.NettyRequestSender - Using pooled Channel '[id: 0xd51d122e, L:/127.0.0.1:53162 - R:localhost/127.0.0.1:57651]' for 'POST' to 'http://localhost:57651/session/b46ccd9c534becdd6e7726f77ed416a2/element/4907f5a6-1b7c-4d2b-9cb0-b2a4e028db77/click'
15:48:52.442 [Forwarding clickElement on session b46ccd9c534becdd6e7726f77ed416a2 to remote] DEBUG org.asynchttpclient.netty.request.NettyRequestSender - Using open Channel [id: 0xd51d122e, L:/127.0.0.1:53162 - R:localhost/127.0.0.1:57651] for POST '/session/b46ccd9c534becdd6e7726f77ed416a2/element/4907f5a6-1b7c-4d2b-9cb0-b2a4e028db77/click'
15:48:52.550 [AsyncHttpClient-1-2] DEBUG org.asynchttpclient.netty.handler.HttpHandler - 

Request DefaultHttpRequest(decodeResult: success, version: HTTP/1.1)
POST /session/b46ccd9c534becdd6e7726f77ed416a2/element/4907f5a6-1b7c-4d2b-9cb0-b2a4e028db77/click HTTP/1.1
User-Agent: selenium/4.1.2 (java windows)
Content-Length: 50
Content-Type: application/json; charset=utf-8
host: localhost:57651
accept: */*

Response DefaultHttpResponse(decodeResult: success, version: HTTP/1.1)
HTTP/1.1 200 OK
Content-Type: application/json; charset=utf-8
cache-control: no-cache
content-length: 14

15:48:52.550 [AsyncHttpClient-1-2] DEBUG org.asynchttpclient.netty.channel.ChannelManager - Adding key: http://localhost:57651 for channel [id: 0xd51d122e, L:/127.0.0.1:53162 - R:localhost/127.0.0.1:57651]
  &amp#27;[32mAnd &amp#27;[0m&amp#27;[32mi click continue button for login&amp#27;[0m                       &amp#27;[90m# starter.stepdefinition.loginStep.iClickContinueButtonForLogin()&amp#27;[0m
15:48:52.571 [Forwarding screenshot on session b46ccd9c534becdd6e7726f77ed416a2 to remote] DEBUG org.asynchttpclient.netty.request.NettyRequestSender - Using pooled Channel '[id: 0xd51d122e, L:/127.0.0.1:53162 - R:localhost/127.0.0.1:57651]' for 'GET' to 'http://localhost:57651/session/b46ccd9c534becdd6e7726f77ed416a2/screenshot'
15:48:52.571 [Forwarding screenshot on session b46ccd9c534becdd6e7726f77ed416a2 to remote] DEBUG org.asynchttpclient.netty.request.NettyRequestSender - Using open Channel [id: 0xd51d122e, L:/127.0.0.1:53162 - R:localhost/127.0.0.1:57651] for GET '/session/b46ccd9c534becdd6e7726f77ed416a2/screenshot'
15:48:52.833 [AsyncHttpClient-1-2] DEBUG org.asynchttpclient.netty.handler.HttpHandler - 

Request DefaultFullHttpRequest(decodeResult: success, version: HTTP/1.1, content: EmptyByteBufBE)
GET /session/b46ccd9c534becdd6e7726f77ed416a2/screenshot HTTP/1.1
User-Agent: selenium/4.1.2 (java windows)
Cache-Control: no-cache
Content-Type: application/json; charset=utf-8
host: localhost:57651
accept: */*

Response DefaultHttpResponse(decodeResult: success, version: HTTP/1.1)
HTTP/1.1 200 OK
Content-Type: application/json; charset=utf-8
cache-control: no-cache
content-length: 119008

15:48:52.833 [AsyncHttpClient-1-2] DEBUG org.asynchttpclient.netty.channel.ChannelManager - Adding key: http://localhost:57651 for channel [id: 0xd51d122e, L:/127.0.0.1:53162 - R:localhost/127.0.0.1:57651]
15:48:52.848 [main] DEBUG net.serenitybdd.core.photography.Darkroom - Send negative for processing for target\site\serenity\39ab8a1acd55d9fef4df76093ff92f609245abdcdc20403478503332cad50949.png
15:48:52.848 [Darkroom Processing Line] DEBUG net.serenitybdd.core.photography.DarkroomProcessingLine - Processing screenshot image in /var/screenshots/screenshot-12398322561449407769
15:48:52.848 [Darkroom Processing Line] DEBUG net.serenitybdd.core.photography.DarkroomProcessingLine - Saving screenshot to target\site\serenity\39ab8a1acd55d9fef4df76093ff92f609245abdcdc20403478503332cad50949.png
15:48:53.477 [AsyncHttpClient-1-1] DEBUG org.asynchttpclient.netty.channel.DefaultChannelPool - Entry count for : http://localhost:57651 : 1
15:48:53.477 [AsyncHttpClient-1-1] DEBUG org.asynchttpclient.netty.channel.DefaultChannelPool - Entry count for : http://localhost:53163 : 1
15:48:53.866 [Forwarding findElement on session b46ccd9c534becdd6e7726f77ed416a2 to remote] DEBUG org.asynchttpclient.netty.request.NettyRequestSender - Using pooled Channel '[id: 0xd51d122e, L:/127.0.0.1:53162 - R:localhost/127.0.0.1:57651]' for 'POST' to 'http://localhost:57651/session/b46ccd9c534becdd6e7726f77ed416a2/element'
15:48:53.866 [Forwarding findElement on session b46ccd9c534becdd6e7726f77ed416a2 to remote] DEBUG org.asynchttpclient.netty.request.NettyRequestSender - Using open Channel [id: 0xd51d122e, L:/127.0.0.1:53162 - R:localhost/127.0.0.1:57651] for POST '/session/b46ccd9c534becdd6e7726f77ed416a2/element'
15:48:53.988 [AsyncHttpClient-1-2] DEBUG org.asynchttpclient.netty.handler.HttpHandler - 

Request DefaultHttpRequest(decodeResult: success, version: HTTP/1.1)
POST /session/b46ccd9c534becdd6e7726f77ed416a2/element HTTP/1.1
User-Agent: selenium/4.1.2 (java windows)
Content-Length: 58
Content-Type: application/json; charset=utf-8
host: localhost:57651
accept: */*

Response DefaultHttpResponse(decodeResult: success, version: HTTP/1.1)
HTTP/1.1 200 OK
Content-Type: application/json; charset=utf-8
cache-control: no-cache
content-length: 88

15:48:53.989 [AsyncHttpClient-1-2] DEBUG org.asynchttpclient.netty.channel.ChannelManager - Adding key: http://localhost:57651 for channel [id: 0xd51d122e, L:/127.0.0.1:53162 - R:localhost/127.0.0.1:57651]
15:48:53.995 [Forwarding isElementDisplayed on session b46ccd9c534becdd6e7726f77ed416a2 to remote] DEBUG org.asynchttpclient.netty.request.NettyRequestSender - Using pooled Channel '[id: 0xd51d122e, L:/127.0.0.1:53162 - R:localhost/127.0.0.1:57651]' for 'POST' to 'http://localhost:57651/session/b46ccd9c534becdd6e7726f77ed416a2/execute/sync'
15:48:53.996 [Forwarding isElementDisplayed on session b46ccd9c534becdd6e7726f77ed416a2 to remote] DEBUG org.asynchttpclient.netty.request.NettyRequestSender - Using open Channel [id: 0xd51d122e, L:/127.0.0.1:53162 - R:localhost/127.0.0.1:57651] for POST '/session/b46ccd9c534becdd6e7726f77ed416a2/execute/sync'
15:48:54.009 [AsyncHttpClient-1-2] DEBUG org.asynchttpclient.netty.handler.HttpHandler - 

Request DefaultHttpRequest(decodeResult: success, version: HTTP/1.1)
POST /session/b46ccd9c534becdd6e7726f77ed416a2/execute/sync HTTP/1.1
User-Agent: selenium/4.1.2 (java windows)
Content-Length: 48780
Content-Type: application/json; charset=utf-8
host: localhost:57651
accept: */*

Response DefaultHttpResponse(decodeResult: success, version: HTTP/1.1)
HTTP/1.1 200 OK
Content-Type: application/json; charset=utf-8
cache-control: no-cache
content-length: 14

15:48:54.009 [AsyncHttpClient-1-2] DEBUG org.asynchttpclient.netty.channel.ChannelManager - Adding key: http://localhost:57651 for channel [id: 0xd51d122e, L:/127.0.0.1:53162 - R:localhost/127.0.0.1:57651]
  &amp#27;[32mThen &amp#27;[0m&amp#27;[32mi get my &amp#27;[0m&amp#27;[32m&amp#27;[1m"homepage"&amp#27;[0m&amp#27;[32m after login&amp#27;[0m                        &amp#27;[90m# starter.stepdefinition.loginStep.iGetMyAfterLogin(java.lang.String)&amp#27;[0m
15:48:54.009 [Forwarding screenshot on session b46ccd9c534becdd6e7726f77ed416a2 to remote] DEBUG org.asynchttpclient.netty.request.NettyRequestSender - Using pooled Channel '[id: 0xd51d122e, L:/127.0.0.1:53162 - R:localhost/127.0.0.1:57651]' for 'GET' to 'http://localhost:57651/session/b46ccd9c534becdd6e7726f77ed416a2/screenshot'
15:48:54.009 [Forwarding screenshot on session b46ccd9c534becdd6e7726f77ed416a2 to remote] DEBUG org.asynchttpclient.netty.request.NettyRequestSender - Using open Channel [id: 0xd51d122e, L:/127.0.0.1:53162 - R:localhost/127.0.0.1:57651] for GET '/session/b46ccd9c534becdd6e7726f77ed416a2/screenshot'
15:48:54.138 [AsyncHttpClient-1-2] DEBUG org.asynchttpclient.netty.handler.HttpHandler - 

Request DefaultFullHttpRequest(decodeResult: success, version: HTTP/1.1, content: EmptyByteBufBE)
GET /session/b46ccd9c534becdd6e7726f77ed416a2/screenshot HTTP/1.1
User-Agent: selenium/4.1.2 (java windows)
Cache-Control: no-cache
Content-Type: application/json; charset=utf-8
host: localhost:57651
accept: */*

Response DefaultHttpResponse(decodeResult: success, version: HTTP/1.1)
HTTP/1.1 200 OK
Content-Type: application/json; charset=utf-8
cache-control: no-cache
content-length: 95104

15:48:54.138 [AsyncHttpClient-1-2] DEBUG org.asynchttpclient.netty.channel.ChannelManager - Adding key: http://localhost:57651 for channel [id: 0xd51d122e, L:/127.0.0.1:53162 - R:localhost/127.0.0.1:57651]
15:48:54.138 [main] DEBUG net.serenitybdd.core.photography.Darkroom - Send negative for processing for target\site\serenity\b5685de3684219be51480f427622e0d77a11ccb30df36088cf780db31ff1ac8d.png
15:48:54.138 [Darkroom Processing Line] DEBUG net.serenitybdd.core.photography.DarkroomProcessingLine - Processing screenshot image in /var/screenshots/screenshot-4221996610121880110
15:48:54.138 [Darkroom Processing Line] DEBUG net.serenitybdd.core.photography.DarkroomProcessingLine - Saving screenshot to target\site\serenity\b5685de3684219be51480f427622e0d77a11ccb30df36088cf780db31ff1ac8d.png
15:48:54.248 [Driver Command Executor] DEBUG org.asynchttpclient.netty.request.NettyRequestSender - Using pooled Channel '[id: 0xd51d122e, L:/127.0.0.1:53162 - R:localhost/127.0.0.1:57651]' for 'DELETE' to 'http://localhost:57651/session/b46ccd9c534becdd6e7726f77ed416a2'
15:48:54.248 [Driver Command Executor] DEBUG org.asynchttpclient.netty.request.NettyRequestSender - Using open Channel [id: 0xd51d122e, L:/127.0.0.1:53162 - R:localhost/127.0.0.1:57651] for DELETE '/session/b46ccd9c534becdd6e7726f77ed416a2'
15:48:54.262 [AsyncHttpClient-1-4] DEBUG org.asynchttpclient.netty.handler.WebSocketHandler - Channel Closed: [id: 0x7054093d, L:/127.0.0.1:53171 ! R:localhost/127.0.0.1:53163] with attribute NettyResponseFuture{currentRetry=5,
	isDone=1,
	isCancelled=0,
	asyncHandler=org.asynchttpclient.ws.WebSocketUpgradeHandler@6e05c651,
	nettyRequest=org.asynchttpclient.netty.request.NettyRequest@6ae26991,
	future=java.util.concurrent.CompletableFuture@69bcf7d8[Completed normally],
	uri=ws://localhost:53163/devtools/browser/fa25278c-f138-4108-b8c3-5a2f29cd3ca5,
	keepAlive=true,
	redirectCount=0,
	timeoutsHolder=null,
	inAuth=0,
	touch=1655282920008}
15:48:54.262 [AsyncHttpClient-1-4] DEBUG org.asynchttpclient.netty.channel.ChannelManager - Closing Channel [id: 0x7054093d, L:/127.0.0.1:53171 ! R:localhost/127.0.0.1:53163] 
15:48:54.577 [AsyncHttpClient-1-1] DEBUG org.asynchttpclient.netty.channel.DefaultChannelPool - Entry count for : http://localhost:53163 : 1
15:48:54.943 [AsyncHttpClient-1-3] DEBUG org.asynchttpclient.netty.handler.HttpHandler - Unexpected I/O exception on channel [id: 0xa5f02027, L:/127.0.0.1:53169 - R:localhost/127.0.0.1:53163]
java.net.SocketException: Connection reset
	at java.base/sun.nio.ch.SocketChannelImpl.throwConnectionReset(SocketChannelImpl.java:367)
	at java.base/sun.nio.ch.SocketChannelImpl.read(SocketChannelImpl.java:398)
	at io.netty.buffer.PooledByteBuf.setBytes(PooledByteBuf.java:258)
	at io.netty.buffer.AbstractByteBuf.writeBytes(AbstractByteBuf.java:1132)
	at io.netty.channel.socket.nio.NioSocketChannel.doReadBytes(NioSocketChannel.java:350)
	at io.netty.channel.nio.AbstractNioByteChannel$NioByteUnsafe.read(AbstractNioByteChannel.java:151)
	at io.netty.channel.nio.NioEventLoop.processSelectedKey(NioEventLoop.java:722)
	at io.netty.channel.nio.NioEventLoop.processSelectedKeysOptimized(NioEventLoop.java:658)
	at io.netty.channel.nio.NioEventLoop.processSelectedKeys(NioEventLoop.java:584)
	at io.netty.channel.nio.NioEventLoop.run(NioEventLoop.java:496)
	at io.netty.util.concurrent.SingleThreadEventExecutor$4.run(SingleThreadEventExecutor.java:986)
	at io.netty.util.internal.ThreadExecutorMap$2.run(ThreadExecutorMap.java:74)
	at io.netty.util.concurrent.FastThreadLocalRunnable.run(FastThreadLocalRunnable.java:30)
	at java.base/java.lang.Thread.run(Thread.java:832)
15:48:54.944 [AsyncHttpClient-1-3] DEBUG org.asynchttpclient.netty.channel.ChannelManager - Closing Channel [id: 0xa5f02027, L:/127.0.0.1:53169 - R:localhost/127.0.0.1:53163] 
15:48:54.946 [AsyncHttpClient-1-3] DEBUG org.asynchttpclient.netty.handler.HttpHandler - Channel Closed: [id: 0xa5f02027, L:/127.0.0.1:53169 ! R:localhost/127.0.0.1:53163] with attribute DISCARD
15:48:54.972 [AsyncHttpClient-1-2] DEBUG org.asynchttpclient.netty.handler.HttpHandler - 

Request DefaultFullHttpRequest(decodeResult: success, version: HTTP/1.1, content: EmptyByteBufBE)
DELETE /session/b46ccd9c534becdd6e7726f77ed416a2 HTTP/1.1
User-Agent: selenium/4.1.2 (java windows)
Content-Type: application/json; charset=utf-8
host: localhost:57651
accept: */*

Response DefaultHttpResponse(decodeResult: success, version: HTTP/1.1)
HTTP/1.1 200 OK
Content-Type: application/json; charset=utf-8
cache-control: no-cache
content-length: 14

15:48:54.973 [AsyncHttpClient-1-2] DEBUG org.asynchttpclient.netty.channel.ChannelManager - Adding key: http://localhost:57651 for channel [id: 0xd51d122e, L:/127.0.0.1:53162 - R:localhost/127.0.0.1:57651]
15:48:55.084 [AsyncHttpClient-1-2] DEBUG org.asynchttpclient.netty.handler.HttpHandler - Channel Closed: [id: 0xd51d122e, L:/127.0.0.1:53162 ! R:localhost/127.0.0.1:57651] with attribute DISCARD
15:48:55.610 [main] INFO  - 
  _____   ___   ___   _____     ___     _     ___   ___   ___   ___  
 |_   _| | __| / __| |_   _|   | _ \   /_\   / __| / __| | __| |   \ 
   | |   | _|  \__ \   | |     |  _/  / _ \  \__ \ \__ \ | _|  | |) |
   |_|   |___| |___/   |_|     |_|   /_/ \_\ |___/ |___/ |___| |___/ 

Login scenario
----------------------------------------------------------------------
]]></system-out>
    <system-err><![CDATA[Starting ChromeDriver 102.0.5005.61 (0e59bcc00cc4985ce39ad31c150065f159d95ad3-refs/branch-heads/5005@{#819}) on port 57651
Only local connections are allowed.
Please see https://chromedriver.chromium.org/security-considerations for suggestions on keeping ChromeDriver safe.
ChromeDriver was started successfully.
Jun 15, 2022 3:48:39 PM org.openqa.selenium.remote.ProtocolHandshake createSession
INFO: Detected dialect: W3C
Jun 15, 2022 3:48:40 PM org.openqa.selenium.devtools.CdpVersionFinder findNearestMatch
WARNING: Unable to find an exact match for CDP version 102, so returning the closest version found: a no-op implementation
Jun 15, 2022 3:48:40 PM org.openqa.selenium.devtools.CdpVersionFinder findNearestMatch
INFO: Unable to find CDP implementation matching 102.
Jun 15, 2022 3:48:40 PM org.openqa.selenium.chromium.ChromiumDriver lambda$new$3
WARNING: Unable to find version of CDP to use for . You may need to include a dependency on a specific version of the CDP using something similar to `org.seleniumhq.selenium:selenium-devtools-v86:4.1.2` where the version ("v86") matches the version of the chromium-based browser you're using and the version number of the artifact is the same as Selenium's.
]]></system-err>
  </testcase>
  <testcase name="Login scenario #2" classname="Login" time="30.73">
    <system-out><![CDATA[
@login
Scenario Outline: Login scenario               &amp#27;[90m# src/test/resources/features/login.feature:20&amp#27;[0m
15:48:55.626 [main] INFO io.cucumber.core.plugin.SerenityReporter - Running feature from file:///D:/PERKULIAHAN/Semester%206,Hebatt%20glad!/QE-FGD/Web/src/test/resources/features/login.feature
15:48:55.641 [main] INFO net.serenitybdd.core.webdriver.driverproviders.ChromeDriverProvider - Using automatically driver download
15:48:55.677 [AsyncHttpClient-1-1] DEBUG org.asynchttpclient.netty.channel.DefaultChannelPool - Entry count for : http://localhost:57651 : 1
15:48:55.677 [AsyncHttpClient-1-1] DEBUG org.asynchttpclient.netty.channel.DefaultChannelPool - Entry count for : http://localhost:53163 : 1
15:48:55.677 [AsyncHttpClient-1-1] DEBUG org.asynchttpclient.netty.channel.DefaultChannelPool - Adding Candidate expired Channel [id: 0xd51d122e, L:/127.0.0.1:53162 ! R:localhost/127.0.0.1:57651] isIdleTimeoutExpired=false isRemotelyClosed=true isTtlExpired=false
15:48:55.677 [AsyncHttpClient-1-1] DEBUG org.asynchttpclient.netty.channel.DefaultChannelPool - Closing Idle Channel [id: 0xd51d122e, L:/127.0.0.1:53162 ! R:localhost/127.0.0.1:57651]
15:48:55.677 [AsyncHttpClient-1-1] DEBUG org.asynchttpclient.netty.channel.DefaultChannelPool - Adding Candidate expired Channel [id: 0xa5f02027, L:/127.0.0.1:53169 ! R:localhost/127.0.0.1:53163] isIdleTimeoutExpired=false isRemotelyClosed=true isTtlExpired=false
15:48:55.677 [AsyncHttpClient-1-1] DEBUG org.asynchttpclient.netty.channel.DefaultChannelPool - Closing Idle Channel [id: 0xa5f02027, L:/127.0.0.1:53169 ! R:localhost/127.0.0.1:53163]
15:48:55.677 [AsyncHttpClient-1-1] DEBUG org.asynchttpclient.netty.channel.DefaultChannelPool - Closed 2 connections out of 2 in 0 ms
15:48:55.808 [main] DEBUG io.github.bonigarcia.wdm.cache.ResolutionCache - Resolution chrome=102 in cache (valid until 16:30:12 15/06/2022 WIB)
15:48:55.808 [main] DEBUG io.github.bonigarcia.wdm.cache.ResolutionCache - Resolution chrome102=102.0.5005.61 in cache (valid until 14:29:55 16/06/2022 WIB)
15:48:55.823 [main] INFO io.github.bonigarcia.wdm.WebDriverManager - Using chromedriver 102.0.5005.61 (resolved driver for Chrome 102)
15:48:55.839 [main] DEBUG io.github.bonigarcia.wdm.WebDriverManager - Driver chromedriver 102.0.5005.61 found in cache
15:48:55.839 [main] INFO io.github.bonigarcia.wdm.WebDriverManager - Exporting webdriver.chrome.driver as C:\Users\ASUS\.cache\selenium\chromedriver\win32\102.0.5005.61\chromedriver.exe
15:48:56.023 [main] DEBUG net.serenitybdd.core.webdriver.driverproviders.ProvideNewDriver - Instantiating driver
15:48:56.023 [main] DEBUG net.serenitybdd.core.webdriver.driverproviders.ProvideNewDriver - Driver capabilities: Capabilities {acceptInsecureCerts: false, base.url: , browserName: chrome, goog:chromeOptions: {args: [], extensions: []}}
15:48:56.539 [AsyncHttpClient-1-5] DEBUG org.asynchttpclient.netty.channel.NettyConnectListener - Using new Channel '[id: 0x62330db7, L:/127.0.0.1:53194 - R:localhost/127.0.0.1:64740]' for 'POST' to '/session'
15:48:57.773 [AsyncHttpClient-1-5] DEBUG org.asynchttpclient.netty.handler.HttpHandler - 

Request DefaultHttpRequest(decodeResult: success, version: HTTP/1.1)
POST /session HTTP/1.1
User-Agent: selenium/4.1.2 (java windows)
Content-Length: 457
Content-Type: application/json; charset=utf-8
host: localhost:64740
accept: */*

Response DefaultHttpResponse(decodeResult: success, version: HTTP/1.1)
HTTP/1.1 200 OK
Content-Type: application/json; charset=utf-8
cache-control: no-cache
content-length: 789

15:48:57.773 [AsyncHttpClient-1-5] DEBUG org.asynchttpclient.netty.channel.ChannelManager - Adding key: http://localhost:64740 for channel [id: 0x62330db7, L:/127.0.0.1:53194 - R:localhost/127.0.0.1:64740]
15:48:57.789 [AsyncHttpClient-1-6] DEBUG org.asynchttpclient.netty.channel.NettyConnectListener - Using new Channel '[id: 0x907c47ee, L:/127.0.0.1:53202 - R:localhost/127.0.0.1:53195]' for 'GET' to '/json/version'
15:48:57.789 [AsyncHttpClient-1-6] DEBUG org.asynchttpclient.netty.handler.HttpHandler - 

Request DefaultFullHttpRequest(decodeResult: success, version: HTTP/1.1, content: EmptyByteBufBE)
GET /json/version HTTP/1.1
User-Agent: selenium/4.1.2 (java windows)
host: localhost:53195
accept: */*

Response DefaultHttpResponse(decodeResult: success, version: HTTP/1.1)
HTTP/1.1 200 OK
Content-Type: application/json; charset=UTF-8
content-length: 428

15:48:57.789 [AsyncHttpClient-1-6] DEBUG org.asynchttpclient.netty.channel.ChannelManager - Adding key: http://localhost:53195 for channel [id: 0x907c47ee, L:/127.0.0.1:53202 - R:localhost/127.0.0.1:53195]
15:48:57.804 [AsyncHttpClient-1-7] DEBUG org.asynchttpclient.netty.channel.NettyConnectListener - Using new Channel '[id: 0x93d1ebcf, L:/127.0.0.1:53204 - R:localhost/127.0.0.1:53195]' for 'GET' to '/devtools/browser/58cb8a51-ac80-4d4e-adde-50f17005829f'
15:48:57.804 [AsyncHttpClient-1-7] DEBUG org.asynchttpclient.netty.handler.WebSocketHandler - 

Request DefaultFullHttpRequest(decodeResult: success, version: HTTP/1.1, content: EmptyByteBufBE)
GET /devtools/browser/58cb8a51-ac80-4d4e-adde-50f17005829f HTTP/1.1
upgrade: websocket
connection: upgrade
sec-websocket-key: B9wEe9K1doYW2IJVILfh7g==
sec-websocket-version: 13
origin: http://localhost:53195
host: localhost:53195
accept: */*
user-agent: AHC/2.1

Response DefaultHttpResponse(decodeResult: success, version: HTTP/1.1)
HTTP/1.1 101 WebSocket Protocol Handshake
Upgrade: WebSocket
Connection: Upgrade
Sec-WebSocket-Accept: fxZ0J+pbRuoKuBISsk52Lt3/Pa0=

15:48:57.804 [Forwarding get on session a8f76ad3091bd9655455fa515686d4d6 to remote] DEBUG org.asynchttpclient.netty.request.NettyRequestSender - Using pooled Channel '[id: 0x62330db7, L:/127.0.0.1:53194 - R:localhost/127.0.0.1:64740]' for 'POST' to 'http://localhost:64740/session/a8f76ad3091bd9655455fa515686d4d6/url'
15:48:57.804 [Forwarding get on session a8f76ad3091bd9655455fa515686d4d6 to remote] DEBUG org.asynchttpclient.netty.request.NettyRequestSender - Using open Channel [id: 0x62330db7, L:/127.0.0.1:53194 - R:localhost/127.0.0.1:64740] for POST '/session/a8f76ad3091bd9655455fa515686d4d6/url'
15:48:57.882 [AsyncHttpClient-1-1] DEBUG org.asynchttpclient.netty.channel.DefaultChannelPool - Entry count for : http://localhost:53195 : 1
15:48:58.976 [AsyncHttpClient-1-1] DEBUG org.asynchttpclient.netty.channel.DefaultChannelPool - Entry count for : http://localhost:53195 : 1
15:49:00.084 [AsyncHttpClient-1-1] DEBUG org.asynchttpclient.netty.channel.DefaultChannelPool - Entry count for : http://localhost:53195 : 1
15:49:01.188 [AsyncHttpClient-1-1] DEBUG org.asynchttpclient.netty.channel.DefaultChannelPool - Entry count for : http://localhost:53195 : 1
15:49:02.278 [AsyncHttpClient-1-1] DEBUG org.asynchttpclient.netty.channel.DefaultChannelPool - Entry count for : http://localhost:53195 : 1
15:49:03.377 [AsyncHttpClient-1-1] DEBUG org.asynchttpclient.netty.channel.DefaultChannelPool - Entry count for : http://localhost:53195 : 1
15:49:04.483 [AsyncHttpClient-1-1] DEBUG org.asynchttpclient.netty.channel.DefaultChannelPool - Entry count for : http://localhost:53195 : 1
15:49:05.579 [AsyncHttpClient-1-1] DEBUG org.asynchttpclient.netty.channel.DefaultChannelPool - Entry count for : http://localhost:53195 : 1
15:49:06.678 [AsyncHttpClient-1-1] DEBUG org.asynchttpclient.netty.channel.DefaultChannelPool - Entry count for : http://localhost:53195 : 1
15:49:07.777 [AsyncHttpClient-1-1] DEBUG org.asynchttpclient.netty.channel.DefaultChannelPool - Entry count for : http://localhost:53195 : 1
15:49:08.884 [AsyncHttpClient-1-1] DEBUG org.asynchttpclient.netty.channel.DefaultChannelPool - Entry count for : http://localhost:53195 : 1
15:49:09.977 [AsyncHttpClient-1-1] DEBUG org.asynchttpclient.netty.channel.DefaultChannelPool - Entry count for : http://localhost:53195 : 1
15:49:11.083 [AsyncHttpClient-1-1] DEBUG org.asynchttpclient.netty.channel.DefaultChannelPool - Entry count for : http://localhost:53195 : 1
15:49:12.178 [AsyncHttpClient-1-1] DEBUG org.asynchttpclient.netty.channel.DefaultChannelPool - Entry count for : http://localhost:53195 : 1
15:49:13.277 [AsyncHttpClient-1-1] DEBUG org.asynchttpclient.netty.channel.DefaultChannelPool - Entry count for : http://localhost:53195 : 1
15:49:14.377 [AsyncHttpClient-1-1] DEBUG org.asynchttpclient.netty.channel.DefaultChannelPool - Entry count for : http://localhost:53195 : 1
15:49:15.476 [AsyncHttpClient-1-1] DEBUG org.asynchttpclient.netty.channel.DefaultChannelPool - Entry count for : http://localhost:53195 : 1
15:49:16.578 [AsyncHttpClient-1-1] DEBUG org.asynchttpclient.netty.channel.DefaultChannelPool - Entry count for : http://localhost:53195 : 1
15:49:17.679 [AsyncHttpClient-1-1] DEBUG org.asynchttpclient.netty.channel.DefaultChannelPool - Entry count for : http://localhost:53195 : 1
15:49:18.779 [AsyncHttpClient-1-1] DEBUG org.asynchttpclient.netty.channel.DefaultChannelPool - Entry count for : http://localhost:53195 : 1
15:49:19.876 [AsyncHttpClient-1-1] DEBUG org.asynchttpclient.netty.channel.DefaultChannelPool - Entry count for : http://localhost:53195 : 1
15:49:20.726 [AsyncHttpClient-1-5] DEBUG org.asynchttpclient.netty.handler.HttpHandler - 

Request DefaultHttpRequest(decodeResult: success, version: HTTP/1.1)
POST /session/a8f76ad3091bd9655455fa515686d4d6/url HTTP/1.1
User-Agent: selenium/4.1.2 (java windows)
Content-Length: 53
Content-Type: application/json; charset=utf-8
host: localhost:64740
accept: */*

Response DefaultHttpResponse(decodeResult: success, version: HTTP/1.1)
HTTP/1.1 200 OK
Content-Type: application/json; charset=utf-8
cache-control: no-cache
content-length: 14

15:49:20.726 [AsyncHttpClient-1-5] DEBUG org.asynchttpclient.netty.channel.ChannelManager - Adding key: http://localhost:64740 for channel [id: 0x62330db7, L:/127.0.0.1:53194 - R:localhost/127.0.0.1:64740]
15:49:20.729 [Forwarding setTimeout on session a8f76ad3091bd9655455fa515686d4d6 to remote] DEBUG org.asynchttpclient.netty.request.NettyRequestSender - Using pooled Channel '[id: 0x62330db7, L:/127.0.0.1:53194 - R:localhost/127.0.0.1:64740]' for 'POST' to 'http://localhost:64740/session/a8f76ad3091bd9655455fa515686d4d6/timeouts'
15:49:20.729 [Forwarding setTimeout on session a8f76ad3091bd9655455fa515686d4d6 to remote] DEBUG org.asynchttpclient.netty.request.NettyRequestSender - Using open Channel [id: 0x62330db7, L:/127.0.0.1:53194 - R:localhost/127.0.0.1:64740] for POST '/session/a8f76ad3091bd9655455fa515686d4d6/timeouts'
15:49:20.730 [AsyncHttpClient-1-5] DEBUG org.asynchttpclient.netty.handler.HttpHandler - 

Request DefaultHttpRequest(decodeResult: success, version: HTTP/1.1)
POST /session/a8f76ad3091bd9655455fa515686d4d6/timeouts HTTP/1.1
User-Agent: selenium/4.1.2 (java windows)
Content-Length: 22
Content-Type: application/json; charset=utf-8
host: localhost:64740
accept: */*

Response DefaultHttpResponse(decodeResult: success, version: HTTP/1.1)
HTTP/1.1 200 OK
Content-Type: application/json; charset=utf-8
cache-control: no-cache
content-length: 14

15:49:20.731 [AsyncHttpClient-1-5] DEBUG org.asynchttpclient.netty.channel.ChannelManager - Adding key: http://localhost:64740 for channel [id: 0x62330db7, L:/127.0.0.1:53194 - R:localhost/127.0.0.1:64740]
15:49:20.733 [Forwarding getCurrentUrl on session a8f76ad3091bd9655455fa515686d4d6 to remote] DEBUG org.asynchttpclient.netty.request.NettyRequestSender - Using pooled Channel '[id: 0x62330db7, L:/127.0.0.1:53194 - R:localhost/127.0.0.1:64740]' for 'GET' to 'http://localhost:64740/session/a8f76ad3091bd9655455fa515686d4d6/url'
15:49:20.734 [Forwarding getCurrentUrl on session a8f76ad3091bd9655455fa515686d4d6 to remote] DEBUG org.asynchttpclient.netty.request.NettyRequestSender - Using open Channel [id: 0x62330db7, L:/127.0.0.1:53194 - R:localhost/127.0.0.1:64740] for GET '/session/a8f76ad3091bd9655455fa515686d4d6/url'
15:49:20.775 [AsyncHttpClient-1-5] DEBUG org.asynchttpclient.netty.handler.HttpHandler - 

Request DefaultFullHttpRequest(decodeResult: success, version: HTTP/1.1, content: EmptyByteBufBE)
GET /session/a8f76ad3091bd9655455fa515686d4d6/url HTTP/1.1
User-Agent: selenium/4.1.2 (java windows)
Cache-Control: no-cache
Content-Type: application/json; charset=utf-8
host: localhost:64740
accept: */*

Response DefaultHttpResponse(decodeResult: success, version: HTTP/1.1)
HTTP/1.1 200 OK
Content-Type: application/json; charset=utf-8
cache-control: no-cache
content-length: 35

15:49:20.776 [AsyncHttpClient-1-5] DEBUG org.asynchttpclient.netty.channel.ChannelManager - Adding key: http://localhost:64740 for channel [id: 0x62330db7, L:/127.0.0.1:53194 - R:localhost/127.0.0.1:64740]
  &amp#27;[32mGiven &amp#27;[0m&amp#27;[32mi have registered&amp#27;[0m                      &amp#27;[90m# starter.stepdefinition.loginStep.iHaveRegistered()&amp#27;[0m
15:49:20.785 [Forwarding screenshot on session a8f76ad3091bd9655455fa515686d4d6 to remote] DEBUG org.asynchttpclient.netty.request.NettyRequestSender - Using pooled Channel '[id: 0x62330db7, L:/127.0.0.1:53194 - R:localhost/127.0.0.1:64740]' for 'GET' to 'http://localhost:64740/session/a8f76ad3091bd9655455fa515686d4d6/screenshot'
15:49:20.785 [Forwarding screenshot on session a8f76ad3091bd9655455fa515686d4d6 to remote] DEBUG org.asynchttpclient.netty.request.NettyRequestSender - Using open Channel [id: 0x62330db7, L:/127.0.0.1:53194 - R:localhost/127.0.0.1:64740] for GET '/session/a8f76ad3091bd9655455fa515686d4d6/screenshot'
15:49:20.985 [AsyncHttpClient-1-1] DEBUG org.asynchttpclient.netty.channel.DefaultChannelPool - Entry count for : http://localhost:53195 : 1
15:49:21.051 [AsyncHttpClient-1-5] DEBUG org.asynchttpclient.netty.handler.HttpHandler - 

Request DefaultFullHttpRequest(decodeResult: success, version: HTTP/1.1, content: EmptyByteBufBE)
GET /session/a8f76ad3091bd9655455fa515686d4d6/screenshot HTTP/1.1
User-Agent: selenium/4.1.2 (java windows)
Cache-Control: no-cache
Content-Type: application/json; charset=utf-8
host: localhost:64740
accept: */*

Response DefaultHttpResponse(decodeResult: success, version: HTTP/1.1)
HTTP/1.1 200 OK
Content-Type: application/json; charset=utf-8
cache-control: no-cache
content-length: 344292

15:49:21.053 [AsyncHttpClient-1-5] DEBUG org.asynchttpclient.netty.channel.ChannelManager - Adding key: http://localhost:64740 for channel [id: 0x62330db7, L:/127.0.0.1:53194 - R:localhost/127.0.0.1:64740]
15:49:21.064 [main] DEBUG net.serenitybdd.core.photography.Darkroom - Send negative for processing for target\site\serenity\923bee840879811ac6082d8b3bd0e9d9c5cb93a24c165f29e28bc0a19288a5b7.png
15:49:21.080 [Forwarding findElement on session a8f76ad3091bd9655455fa515686d4d6 to remote] DEBUG org.asynchttpclient.netty.request.NettyRequestSender - Using pooled Channel '[id: 0x62330db7, L:/127.0.0.1:53194 - R:localhost/127.0.0.1:64740]' for 'POST' to 'http://localhost:64740/session/a8f76ad3091bd9655455fa515686d4d6/element'
15:49:21.080 [Forwarding findElement on session a8f76ad3091bd9655455fa515686d4d6 to remote] DEBUG org.asynchttpclient.netty.request.NettyRequestSender - Using open Channel [id: 0x62330db7, L:/127.0.0.1:53194 - R:localhost/127.0.0.1:64740] for POST '/session/a8f76ad3091bd9655455fa515686d4d6/element'
15:49:21.194 [AsyncHttpClient-1-5] DEBUG org.asynchttpclient.netty.handler.HttpHandler - 

Request DefaultHttpRequest(decodeResult: success, version: HTTP/1.1)
POST /session/a8f76ad3091bd9655455fa515686d4d6/element HTTP/1.1
User-Agent: selenium/4.1.2 (java windows)
Content-Length: 55
Content-Type: application/json; charset=utf-8
host: localhost:64740
accept: */*

Response DefaultHttpResponse(decodeResult: success, version: HTTP/1.1)
HTTP/1.1 200 OK
Content-Type: application/json; charset=utf-8
cache-control: no-cache
content-length: 88

15:49:21.195 [AsyncHttpClient-1-5] DEBUG org.asynchttpclient.netty.channel.ChannelManager - Adding key: http://localhost:64740 for channel [id: 0x62330db7, L:/127.0.0.1:53194 - R:localhost/127.0.0.1:64740]
15:49:21.200 [Forwarding isElementDisplayed on session a8f76ad3091bd9655455fa515686d4d6 to remote] DEBUG org.asynchttpclient.netty.request.NettyRequestSender - Using pooled Channel '[id: 0x62330db7, L:/127.0.0.1:53194 - R:localhost/127.0.0.1:64740]' for 'POST' to 'http://localhost:64740/session/a8f76ad3091bd9655455fa515686d4d6/execute/sync'
15:49:21.200 [Forwarding isElementDisplayed on session a8f76ad3091bd9655455fa515686d4d6 to remote] DEBUG org.asynchttpclient.netty.request.NettyRequestSender - Using open Channel [id: 0x62330db7, L:/127.0.0.1:53194 - R:localhost/127.0.0.1:64740] for POST '/session/a8f76ad3091bd9655455fa515686d4d6/execute/sync'
15:49:21.216 [AsyncHttpClient-1-5] DEBUG org.asynchttpclient.netty.handler.HttpHandler - 

Request DefaultHttpRequest(decodeResult: success, version: HTTP/1.1)
POST /session/a8f76ad3091bd9655455fa515686d4d6/execute/sync HTTP/1.1
User-Agent: selenium/4.1.2 (java windows)
Content-Length: 48780
Content-Type: application/json; charset=utf-8
host: localhost:64740
accept: */*

Response DefaultHttpResponse(decodeResult: success, version: HTTP/1.1)
HTTP/1.1 200 OK
Content-Type: application/json; charset=utf-8
cache-control: no-cache
content-length: 14

15:49:21.217 [AsyncHttpClient-1-5] DEBUG org.asynchttpclient.netty.channel.ChannelManager - Adding key: http://localhost:64740 for channel [id: 0x62330db7, L:/127.0.0.1:53194 - R:localhost/127.0.0.1:64740]
15:49:21.221 [Forwarding findElement on session a8f76ad3091bd9655455fa515686d4d6 to remote] DEBUG org.asynchttpclient.netty.request.NettyRequestSender - Using pooled Channel '[id: 0x62330db7, L:/127.0.0.1:53194 - R:localhost/127.0.0.1:64740]' for 'POST' to 'http://localhost:64740/session/a8f76ad3091bd9655455fa515686d4d6/element'
15:49:21.221 [Forwarding findElement on session a8f76ad3091bd9655455fa515686d4d6 to remote] DEBUG org.asynchttpclient.netty.request.NettyRequestSender - Using open Channel [id: 0x62330db7, L:/127.0.0.1:53194 - R:localhost/127.0.0.1:64740] for POST '/session/a8f76ad3091bd9655455fa515686d4d6/element'
15:49:21.234 [AsyncHttpClient-1-5] DEBUG org.asynchttpclient.netty.handler.HttpHandler - 

Request DefaultHttpRequest(decodeResult: success, version: HTTP/1.1)
POST /session/a8f76ad3091bd9655455fa515686d4d6/element HTTP/1.1
User-Agent: selenium/4.1.2 (java windows)
Content-Length: 72
Content-Type: application/json; charset=utf-8
host: localhost:64740
accept: */*

Response DefaultHttpResponse(decodeResult: success, version: HTTP/1.1)
HTTP/1.1 200 OK
Content-Type: application/json; charset=utf-8
cache-control: no-cache
content-length: 88

15:49:21.234 [AsyncHttpClient-1-5] DEBUG org.asynchttpclient.netty.channel.ChannelManager - Adding key: http://localhost:64740 for channel [id: 0x62330db7, L:/127.0.0.1:53194 - R:localhost/127.0.0.1:64740]
15:49:21.236 [Forwarding getElementTagName on session a8f76ad3091bd9655455fa515686d4d6 to remote] DEBUG org.asynchttpclient.netty.request.NettyRequestSender - Using pooled Channel '[id: 0x62330db7, L:/127.0.0.1:53194 - R:localhost/127.0.0.1:64740]' for 'GET' to 'http://localhost:64740/session/a8f76ad3091bd9655455fa515686d4d6/element/30a11938-55b5-40eb-949d-5ec7a88ba342/name'
15:49:21.237 [Forwarding getElementTagName on session a8f76ad3091bd9655455fa515686d4d6 to remote] DEBUG org.asynchttpclient.netty.request.NettyRequestSender - Using open Channel [id: 0x62330db7, L:/127.0.0.1:53194 - R:localhost/127.0.0.1:64740] for GET '/session/a8f76ad3091bd9655455fa515686d4d6/element/30a11938-55b5-40eb-949d-5ec7a88ba342/name'
15:49:21.241 [AsyncHttpClient-1-5] DEBUG org.asynchttpclient.netty.handler.HttpHandler - 

Request DefaultFullHttpRequest(decodeResult: success, version: HTTP/1.1, content: EmptyByteBufBE)
GET /session/a8f76ad3091bd9655455fa515686d4d6/element/30a11938-55b5-40eb-949d-5ec7a88ba342/name HTTP/1.1
User-Agent: selenium/4.1.2 (java windows)
Cache-Control: no-cache
Content-Type: application/json; charset=utf-8
host: localhost:64740
accept: */*

Response DefaultHttpResponse(decodeResult: success, version: HTTP/1.1)
HTTP/1.1 200 OK
Content-Type: application/json; charset=utf-8
cache-control: no-cache
content-length: 13

15:49:21.241 [AsyncHttpClient-1-5] DEBUG org.asynchttpclient.netty.channel.ChannelManager - Adding key: http://localhost:64740 for channel [id: 0x62330db7, L:/127.0.0.1:53194 - R:localhost/127.0.0.1:64740]
15:49:21.244 [Forwarding getElementTagName on session a8f76ad3091bd9655455fa515686d4d6 to remote] DEBUG org.asynchttpclient.netty.request.NettyRequestSender - Using pooled Channel '[id: 0x62330db7, L:/127.0.0.1:53194 - R:localhost/127.0.0.1:64740]' for 'GET' to 'http://localhost:64740/session/a8f76ad3091bd9655455fa515686d4d6/element/30a11938-55b5-40eb-949d-5ec7a88ba342/name'
15:49:21.244 [Forwarding getElementTagName on session a8f76ad3091bd9655455fa515686d4d6 to remote] DEBUG org.asynchttpclient.netty.request.NettyRequestSender - Using open Channel [id: 0x62330db7, L:/127.0.0.1:53194 - R:localhost/127.0.0.1:64740] for GET '/session/a8f76ad3091bd9655455fa515686d4d6/element/30a11938-55b5-40eb-949d-5ec7a88ba342/name'
15:49:21.247 [AsyncHttpClient-1-5] DEBUG org.asynchttpclient.netty.handler.HttpHandler - 

Request DefaultFullHttpRequest(decodeResult: success, version: HTTP/1.1, content: EmptyByteBufBE)
GET /session/a8f76ad3091bd9655455fa515686d4d6/element/30a11938-55b5-40eb-949d-5ec7a88ba342/name HTTP/1.1
User-Agent: selenium/4.1.2 (java windows)
Cache-Control: no-cache
Content-Type: application/json; charset=utf-8
host: localhost:64740
accept: */*

Response DefaultHttpResponse(decodeResult: success, version: HTTP/1.1)
HTTP/1.1 200 OK
Content-Type: application/json; charset=utf-8
cache-control: no-cache
content-length: 13

15:49:21.247 [AsyncHttpClient-1-5] DEBUG org.asynchttpclient.netty.channel.ChannelManager - Adding key: http://localhost:64740 for channel [id: 0x62330db7, L:/127.0.0.1:53194 - R:localhost/127.0.0.1:64740]
15:49:21.250 [Forwarding findElement on session a8f76ad3091bd9655455fa515686d4d6 to remote] DEBUG org.asynchttpclient.netty.request.NettyRequestSender - Using pooled Channel '[id: 0x62330db7, L:/127.0.0.1:53194 - R:localhost/127.0.0.1:64740]' for 'POST' to 'http://localhost:64740/session/a8f76ad3091bd9655455fa515686d4d6/element'
15:49:21.250 [Forwarding findElement on session a8f76ad3091bd9655455fa515686d4d6 to remote] DEBUG org.asynchttpclient.netty.request.NettyRequestSender - Using open Channel [id: 0x62330db7, L:/127.0.0.1:53194 - R:localhost/127.0.0.1:64740] for POST '/session/a8f76ad3091bd9655455fa515686d4d6/element'
15:49:21.257 [AsyncHttpClient-1-5] DEBUG org.asynchttpclient.netty.handler.HttpHandler - 

Request DefaultHttpRequest(decodeResult: success, version: HTTP/1.1)
POST /session/a8f76ad3091bd9655455fa515686d4d6/element HTTP/1.1
User-Agent: selenium/4.1.2 (java windows)
Content-Length: 72
Content-Type: application/json; charset=utf-8
host: localhost:64740
accept: */*

Response DefaultHttpResponse(decodeResult: success, version: HTTP/1.1)
HTTP/1.1 200 OK
Content-Type: application/json; charset=utf-8
cache-control: no-cache
content-length: 88

15:49:21.258 [AsyncHttpClient-1-5] DEBUG org.asynchttpclient.netty.channel.ChannelManager - Adding key: http://localhost:64740 for channel [id: 0x62330db7, L:/127.0.0.1:53194 - R:localhost/127.0.0.1:64740]
15:49:21.261 [Forwarding clickElement on session a8f76ad3091bd9655455fa515686d4d6 to remote] DEBUG org.asynchttpclient.netty.request.NettyRequestSender - Using pooled Channel '[id: 0x62330db7, L:/127.0.0.1:53194 - R:localhost/127.0.0.1:64740]' for 'POST' to 'http://localhost:64740/session/a8f76ad3091bd9655455fa515686d4d6/element/30a11938-55b5-40eb-949d-5ec7a88ba342/click'
15:49:21.261 [Forwarding clickElement on session a8f76ad3091bd9655455fa515686d4d6 to remote] DEBUG org.asynchttpclient.netty.request.NettyRequestSender - Using open Channel [id: 0x62330db7, L:/127.0.0.1:53194 - R:localhost/127.0.0.1:64740] for POST '/session/a8f76ad3091bd9655455fa515686d4d6/element/30a11938-55b5-40eb-949d-5ec7a88ba342/click'
15:49:21.319 [AsyncHttpClient-1-5] DEBUG org.asynchttpclient.netty.handler.HttpHandler - 

Request DefaultHttpRequest(decodeResult: success, version: HTTP/1.1)
POST /session/a8f76ad3091bd9655455fa515686d4d6/element/30a11938-55b5-40eb-949d-5ec7a88ba342/click HTTP/1.1
User-Agent: selenium/4.1.2 (java windows)
Content-Length: 50
Content-Type: application/json; charset=utf-8
host: localhost:64740
accept: */*

Response DefaultHttpResponse(decodeResult: success, version: HTTP/1.1)
HTTP/1.1 200 OK
Content-Type: application/json; charset=utf-8
cache-control: no-cache
content-length: 14

15:49:21.319 [AsyncHttpClient-1-5] DEBUG org.asynchttpclient.netty.channel.ChannelManager - Adding key: http://localhost:64740 for channel [id: 0x62330db7, L:/127.0.0.1:53194 - R:localhost/127.0.0.1:64740]
  &amp#27;[32mWhen &amp#27;[0m&amp#27;[32mi click get started&amp#27;[0m                     &amp#27;[90m# starter.stepdefinition.registerStep.iClickGetStarted()&amp#27;[0m
15:49:21.331 [Forwarding screenshot on session a8f76ad3091bd9655455fa515686d4d6 to remote] DEBUG org.asynchttpclient.netty.request.NettyRequestSender - Using pooled Channel '[id: 0x62330db7, L:/127.0.0.1:53194 - R:localhost/127.0.0.1:64740]' for 'GET' to 'http://localhost:64740/session/a8f76ad3091bd9655455fa515686d4d6/screenshot'
15:49:21.331 [Forwarding screenshot on session a8f76ad3091bd9655455fa515686d4d6 to remote] DEBUG org.asynchttpclient.netty.request.NettyRequestSender - Using open Channel [id: 0x62330db7, L:/127.0.0.1:53194 - R:localhost/127.0.0.1:64740] for GET '/session/a8f76ad3091bd9655455fa515686d4d6/screenshot'
15:49:21.606 [AsyncHttpClient-1-5] DEBUG org.asynchttpclient.netty.handler.HttpHandler - 

Request DefaultFullHttpRequest(decodeResult: success, version: HTTP/1.1, content: EmptyByteBufBE)
GET /session/a8f76ad3091bd9655455fa515686d4d6/screenshot HTTP/1.1
User-Agent: selenium/4.1.2 (java windows)
Cache-Control: no-cache
Content-Type: application/json; charset=utf-8
host: localhost:64740
accept: */*

Response DefaultHttpResponse(decodeResult: success, version: HTTP/1.1)
HTTP/1.1 200 OK
Content-Type: application/json; charset=utf-8
cache-control: no-cache
content-length: 89684

15:49:21.607 [AsyncHttpClient-1-5] DEBUG org.asynchttpclient.netty.channel.ChannelManager - Adding key: http://localhost:64740 for channel [id: 0x62330db7, L:/127.0.0.1:53194 - R:localhost/127.0.0.1:64740]
15:49:21.611 [main] DEBUG net.serenitybdd.core.photography.Darkroom - Send negative for processing for target\site\serenity\7327892a0619bcc8a3c1c5968a1f6193e04fbc70292734316f5b745c9f65b1c0.png
15:49:21.611 [Darkroom Processing Line] DEBUG net.serenitybdd.core.photography.DarkroomProcessingLine - Processing screenshot image in /var/screenshots/screenshot-15971523131016163299
15:49:21.612 [Darkroom Processing Line] DEBUG net.serenitybdd.core.photography.DarkroomProcessingLine - Saving screenshot to target\site\serenity\7327892a0619bcc8a3c1c5968a1f6193e04fbc70292734316f5b745c9f65b1c0.png
15:49:21.619 [Forwarding findElement on session a8f76ad3091bd9655455fa515686d4d6 to remote] DEBUG org.asynchttpclient.netty.request.NettyRequestSender - Using pooled Channel '[id: 0x62330db7, L:/127.0.0.1:53194 - R:localhost/127.0.0.1:64740]' for 'POST' to 'http://localhost:64740/session/a8f76ad3091bd9655455fa515686d4d6/element'
15:49:21.619 [Forwarding findElement on session a8f76ad3091bd9655455fa515686d4d6 to remote] DEBUG org.asynchttpclient.netty.request.NettyRequestSender - Using open Channel [id: 0x62330db7, L:/127.0.0.1:53194 - R:localhost/127.0.0.1:64740] for POST '/session/a8f76ad3091bd9655455fa515686d4d6/element'
15:49:21.632 [AsyncHttpClient-1-5] DEBUG org.asynchttpclient.netty.handler.HttpHandler - 

Request DefaultHttpRequest(decodeResult: success, version: HTTP/1.1)
POST /session/a8f76ad3091bd9655455fa515686d4d6/element HTTP/1.1
User-Agent: selenium/4.1.2 (java windows)
Content-Length: 67
Content-Type: application/json; charset=utf-8
host: localhost:64740
accept: */*

Response DefaultHttpResponse(decodeResult: success, version: HTTP/1.1)
HTTP/1.1 200 OK
Content-Type: application/json; charset=utf-8
cache-control: no-cache
content-length: 88

15:49:21.632 [AsyncHttpClient-1-5] DEBUG org.asynchttpclient.netty.channel.ChannelManager - Adding key: http://localhost:64740 for channel [id: 0x62330db7, L:/127.0.0.1:53194 - R:localhost/127.0.0.1:64740]
15:49:21.635 [Forwarding clearElement on session a8f76ad3091bd9655455fa515686d4d6 to remote] DEBUG org.asynchttpclient.netty.request.NettyRequestSender - Using pooled Channel '[id: 0x62330db7, L:/127.0.0.1:53194 - R:localhost/127.0.0.1:64740]' for 'POST' to 'http://localhost:64740/session/a8f76ad3091bd9655455fa515686d4d6/element/ad77dc8b-7562-4d34-a816-1eda8ae9e678/clear'
15:49:21.635 [Forwarding clearElement on session a8f76ad3091bd9655455fa515686d4d6 to remote] DEBUG org.asynchttpclient.netty.request.NettyRequestSender - Using open Channel [id: 0x62330db7, L:/127.0.0.1:53194 - R:localhost/127.0.0.1:64740] for POST '/session/a8f76ad3091bd9655455fa515686d4d6/element/ad77dc8b-7562-4d34-a816-1eda8ae9e678/clear'
15:49:21.670 [AsyncHttpClient-1-5] DEBUG org.asynchttpclient.netty.handler.HttpHandler - 

Request DefaultHttpRequest(decodeResult: success, version: HTTP/1.1)
POST /session/a8f76ad3091bd9655455fa515686d4d6/element/ad77dc8b-7562-4d34-a816-1eda8ae9e678/clear HTTP/1.1
User-Agent: selenium/4.1.2 (java windows)
Content-Length: 50
Content-Type: application/json; charset=utf-8
host: localhost:64740
accept: */*

Response DefaultHttpResponse(decodeResult: success, version: HTTP/1.1)
HTTP/1.1 200 OK
Content-Type: application/json; charset=utf-8
cache-control: no-cache
content-length: 14

15:49:21.671 [AsyncHttpClient-1-5] DEBUG org.asynchttpclient.netty.channel.ChannelManager - Adding key: http://localhost:64740 for channel [id: 0x62330db7, L:/127.0.0.1:53194 - R:localhost/127.0.0.1:64740]
15:49:21.676 [Forwarding sendKeysToElement on session a8f76ad3091bd9655455fa515686d4d6 to remote] DEBUG org.asynchttpclient.netty.request.NettyRequestSender - Using pooled Channel '[id: 0x62330db7, L:/127.0.0.1:53194 - R:localhost/127.0.0.1:64740]' for 'POST' to 'http://localhost:64740/session/a8f76ad3091bd9655455fa515686d4d6/element/ad77dc8b-7562-4d34-a816-1eda8ae9e678/value'
15:49:21.676 [Forwarding sendKeysToElement on session a8f76ad3091bd9655455fa515686d4d6 to remote] DEBUG org.asynchttpclient.netty.request.NettyRequestSender - Using open Channel [id: 0x62330db7, L:/127.0.0.1:53194 - R:localhost/127.0.0.1:64740] for POST '/session/a8f76ad3091bd9655455fa515686d4d6/element/ad77dc8b-7562-4d34-a816-1eda8ae9e678/value'
15:49:21.716 [AsyncHttpClient-1-5] DEBUG org.asynchttpclient.netty.handler.HttpHandler - 

Request DefaultHttpRequest(decodeResult: success, version: HTTP/1.1)
POST /session/a8f76ad3091bd9655455fa515686d4d6/element/ad77dc8b-7562-4d34-a816-1eda8ae9e678/value HTTP/1.1
User-Agent: selenium/4.1.2 (java windows)
Content-Length: 82
Content-Type: application/json; charset=utf-8
host: localhost:64740
accept: */*

Response DefaultHttpResponse(decodeResult: success, version: HTTP/1.1)
HTTP/1.1 200 OK
Content-Type: application/json; charset=utf-8
cache-control: no-cache
content-length: 14

15:49:21.716 [AsyncHttpClient-1-5] DEBUG org.asynchttpclient.netty.channel.ChannelManager - Adding key: http://localhost:64740 for channel [id: 0x62330db7, L:/127.0.0.1:53194 - R:localhost/127.0.0.1:64740]
15:49:21.722 [Forwarding findElement on session a8f76ad3091bd9655455fa515686d4d6 to remote] DEBUG org.asynchttpclient.netty.request.NettyRequestSender - Using pooled Channel '[id: 0x62330db7, L:/127.0.0.1:53194 - R:localhost/127.0.0.1:64740]' for 'POST' to 'http://localhost:64740/session/a8f76ad3091bd9655455fa515686d4d6/element'
15:49:21.722 [Forwarding findElement on session a8f76ad3091bd9655455fa515686d4d6 to remote] DEBUG org.asynchttpclient.netty.request.NettyRequestSender - Using open Channel [id: 0x62330db7, L:/127.0.0.1:53194 - R:localhost/127.0.0.1:64740] for POST '/session/a8f76ad3091bd9655455fa515686d4d6/element'
15:49:21.738 [AsyncHttpClient-1-5] DEBUG org.asynchttpclient.netty.handler.HttpHandler - 

Request DefaultHttpRequest(decodeResult: success, version: HTTP/1.1)
POST /session/a8f76ad3091bd9655455fa515686d4d6/element HTTP/1.1
User-Agent: selenium/4.1.2 (java windows)
Content-Length: 70
Content-Type: application/json; charset=utf-8
host: localhost:64740
accept: */*

Response DefaultHttpResponse(decodeResult: success, version: HTTP/1.1)
HTTP/1.1 200 OK
Content-Type: application/json; charset=utf-8
cache-control: no-cache
content-length: 88

15:49:21.739 [AsyncHttpClient-1-5] DEBUG org.asynchttpclient.netty.channel.ChannelManager - Adding key: http://localhost:64740 for channel [id: 0x62330db7, L:/127.0.0.1:53194 - R:localhost/127.0.0.1:64740]
15:49:21.743 [Forwarding clearElement on session a8f76ad3091bd9655455fa515686d4d6 to remote] DEBUG org.asynchttpclient.netty.request.NettyRequestSender - Using pooled Channel '[id: 0x62330db7, L:/127.0.0.1:53194 - R:localhost/127.0.0.1:64740]' for 'POST' to 'http://localhost:64740/session/a8f76ad3091bd9655455fa515686d4d6/element/99d45aab-5fef-43c6-bffe-2ad19c5e1abb/clear'
15:49:21.743 [Forwarding clearElement on session a8f76ad3091bd9655455fa515686d4d6 to remote] DEBUG org.asynchttpclient.netty.request.NettyRequestSender - Using open Channel [id: 0x62330db7, L:/127.0.0.1:53194 - R:localhost/127.0.0.1:64740] for POST '/session/a8f76ad3091bd9655455fa515686d4d6/element/99d45aab-5fef-43c6-bffe-2ad19c5e1abb/clear'
15:49:21.814 [AsyncHttpClient-1-5] DEBUG org.asynchttpclient.netty.handler.HttpHandler - 

Request DefaultHttpRequest(decodeResult: success, version: HTTP/1.1)
POST /session/a8f76ad3091bd9655455fa515686d4d6/element/99d45aab-5fef-43c6-bffe-2ad19c5e1abb/clear HTTP/1.1
User-Agent: selenium/4.1.2 (java windows)
Content-Length: 50
Content-Type: application/json; charset=utf-8
host: localhost:64740
accept: */*

Response DefaultHttpResponse(decodeResult: success, version: HTTP/1.1)
HTTP/1.1 200 OK
Content-Type: application/json; charset=utf-8
cache-control: no-cache
content-length: 14

15:49:21.815 [AsyncHttpClient-1-5] DEBUG org.asynchttpclient.netty.channel.ChannelManager - Adding key: http://localhost:64740 for channel [id: 0x62330db7, L:/127.0.0.1:53194 - R:localhost/127.0.0.1:64740]
15:49:21.819 [Forwarding sendKeysToElement on session a8f76ad3091bd9655455fa515686d4d6 to remote] DEBUG org.asynchttpclient.netty.request.NettyRequestSender - Using pooled Channel '[id: 0x62330db7, L:/127.0.0.1:53194 - R:localhost/127.0.0.1:64740]' for 'POST' to 'http://localhost:64740/session/a8f76ad3091bd9655455fa515686d4d6/element/99d45aab-5fef-43c6-bffe-2ad19c5e1abb/value'
15:49:21.819 [Forwarding sendKeysToElement on session a8f76ad3091bd9655455fa515686d4d6 to remote] DEBUG org.asynchttpclient.netty.request.NettyRequestSender - Using open Channel [id: 0x62330db7, L:/127.0.0.1:53194 - R:localhost/127.0.0.1:64740] for POST '/session/a8f76ad3091bd9655455fa515686d4d6/element/99d45aab-5fef-43c6-bffe-2ad19c5e1abb/value'
15:49:21.924 [AsyncHttpClient-1-5] DEBUG org.asynchttpclient.netty.handler.HttpHandler - 

Request DefaultHttpRequest(decodeResult: success, version: HTTP/1.1)
POST /session/a8f76ad3091bd9655455fa515686d4d6/element/99d45aab-5fef-43c6-bffe-2ad19c5e1abb/value HTTP/1.1
User-Agent: selenium/4.1.2 (java windows)
Content-Length: 211
Content-Type: application/json; charset=utf-8
host: localhost:64740
accept: */*

Response DefaultHttpResponse(decodeResult: success, version: HTTP/1.1)
HTTP/1.1 200 OK
Content-Type: application/json; charset=utf-8
cache-control: no-cache
content-length: 14

15:49:21.925 [AsyncHttpClient-1-5] DEBUG org.asynchttpclient.netty.channel.ChannelManager - Adding key: http://localhost:64740 for channel [id: 0x62330db7, L:/127.0.0.1:53194 - R:localhost/127.0.0.1:64740]
  &amp#27;[32mAnd &amp#27;[0m&amp#27;[32mi input &amp#27;[0m&amp#27;[32m&amp#27;[1m""&amp#27;[0m&amp#27;[32m and &amp#27;[0m&amp#27;[32m&amp#27;[1m"SonyaPrds1511"&amp#27;[0m&amp#27;[32m for login&amp#27;[0m &amp#27;[90m# starter.stepdefinition.loginStep.iInputAndForLogin(java.lang.String,java.lang.String)&amp#27;[0m
15:49:21.937 [Forwarding screenshot on session a8f76ad3091bd9655455fa515686d4d6 to remote] DEBUG org.asynchttpclient.netty.request.NettyRequestSender - Using pooled Channel '[id: 0x62330db7, L:/127.0.0.1:53194 - R:localhost/127.0.0.1:64740]' for 'GET' to 'http://localhost:64740/session/a8f76ad3091bd9655455fa515686d4d6/screenshot'
15:49:21.937 [Forwarding screenshot on session a8f76ad3091bd9655455fa515686d4d6 to remote] DEBUG org.asynchttpclient.netty.request.NettyRequestSender - Using open Channel [id: 0x62330db7, L:/127.0.0.1:53194 - R:localhost/127.0.0.1:64740] for GET '/session/a8f76ad3091bd9655455fa515686d4d6/screenshot'
15:49:22.077 [AsyncHttpClient-1-1] DEBUG org.asynchttpclient.netty.channel.DefaultChannelPool - Entry count for : http://localhost:53195 : 1
15:49:22.197 [AsyncHttpClient-1-5] DEBUG org.asynchttpclient.netty.handler.HttpHandler - 

Request DefaultFullHttpRequest(decodeResult: success, version: HTTP/1.1, content: EmptyByteBufBE)
GET /session/a8f76ad3091bd9655455fa515686d4d6/screenshot HTTP/1.1
User-Agent: selenium/4.1.2 (java windows)
Cache-Control: no-cache
Content-Type: application/json; charset=utf-8
host: localhost:64740
accept: */*

Response DefaultHttpResponse(decodeResult: success, version: HTTP/1.1)
HTTP/1.1 200 OK
Content-Type: application/json; charset=utf-8
cache-control: no-cache
content-length: 150892

15:49:22.199 [AsyncHttpClient-1-5] DEBUG org.asynchttpclient.netty.channel.ChannelManager - Adding key: http://localhost:64740 for channel [id: 0x62330db7, L:/127.0.0.1:53194 - R:localhost/127.0.0.1:64740]
15:49:22.205 [main] DEBUG net.serenitybdd.core.photography.Darkroom - Send negative for processing for target\site\serenity\2a1d123776d77ee2955d7db0dc455181f218ddb86f41405b3a7e9e8f6ac30a45.png
15:49:22.205 [Darkroom Processing Line] DEBUG net.serenitybdd.core.photography.DarkroomProcessingLine - Processing screenshot image in /var/screenshots/screenshot-3184450889759903433
15:49:22.205 [Darkroom Processing Line] DEBUG net.serenitybdd.core.photography.DarkroomProcessingLine - Saving screenshot to target\site\serenity\2a1d123776d77ee2955d7db0dc455181f218ddb86f41405b3a7e9e8f6ac30a45.png
15:49:22.214 [Forwarding findElement on session a8f76ad3091bd9655455fa515686d4d6 to remote] DEBUG org.asynchttpclient.netty.request.NettyRequestSender - Using pooled Channel '[id: 0x62330db7, L:/127.0.0.1:53194 - R:localhost/127.0.0.1:64740]' for 'POST' to 'http://localhost:64740/session/a8f76ad3091bd9655455fa515686d4d6/element'
15:49:22.214 [Forwarding findElement on session a8f76ad3091bd9655455fa515686d4d6 to remote] DEBUG org.asynchttpclient.netty.request.NettyRequestSender - Using open Channel [id: 0x62330db7, L:/127.0.0.1:53194 - R:localhost/127.0.0.1:64740] for POST '/session/a8f76ad3091bd9655455fa515686d4d6/element'
15:49:22.227 [AsyncHttpClient-1-5] DEBUG org.asynchttpclient.netty.handler.HttpHandler - 

Request DefaultHttpRequest(decodeResult: success, version: HTTP/1.1)
POST /session/a8f76ad3091bd9655455fa515686d4d6/element HTTP/1.1
User-Agent: selenium/4.1.2 (java windows)
Content-Length: 53
Content-Type: application/json; charset=utf-8
host: localhost:64740
accept: */*

Response DefaultHttpResponse(decodeResult: success, version: HTTP/1.1)
HTTP/1.1 200 OK
Content-Type: application/json; charset=utf-8
cache-control: no-cache
content-length: 88

15:49:22.227 [AsyncHttpClient-1-5] DEBUG org.asynchttpclient.netty.channel.ChannelManager - Adding key: http://localhost:64740 for channel [id: 0x62330db7, L:/127.0.0.1:53194 - R:localhost/127.0.0.1:64740]
15:49:22.229 [Forwarding getElementTagName on session a8f76ad3091bd9655455fa515686d4d6 to remote] DEBUG org.asynchttpclient.netty.request.NettyRequestSender - Using pooled Channel '[id: 0x62330db7, L:/127.0.0.1:53194 - R:localhost/127.0.0.1:64740]' for 'GET' to 'http://localhost:64740/session/a8f76ad3091bd9655455fa515686d4d6/element/3142e161-d0ed-4212-8857-cf96aad3b2c0/name'
15:49:22.230 [Forwarding getElementTagName on session a8f76ad3091bd9655455fa515686d4d6 to remote] DEBUG org.asynchttpclient.netty.request.NettyRequestSender - Using open Channel [id: 0x62330db7, L:/127.0.0.1:53194 - R:localhost/127.0.0.1:64740] for GET '/session/a8f76ad3091bd9655455fa515686d4d6/element/3142e161-d0ed-4212-8857-cf96aad3b2c0/name'
15:49:22.234 [AsyncHttpClient-1-5] DEBUG org.asynchttpclient.netty.handler.HttpHandler - 

Request DefaultFullHttpRequest(decodeResult: success, version: HTTP/1.1, content: EmptyByteBufBE)
GET /session/a8f76ad3091bd9655455fa515686d4d6/element/3142e161-d0ed-4212-8857-cf96aad3b2c0/name HTTP/1.1
User-Agent: selenium/4.1.2 (java windows)
Cache-Control: no-cache
Content-Type: application/json; charset=utf-8
host: localhost:64740
accept: */*

Response DefaultHttpResponse(decodeResult: success, version: HTTP/1.1)
HTTP/1.1 200 OK
Content-Type: application/json; charset=utf-8
cache-control: no-cache
content-length: 18

15:49:22.235 [AsyncHttpClient-1-5] DEBUG org.asynchttpclient.netty.channel.ChannelManager - Adding key: http://localhost:64740 for channel [id: 0x62330db7, L:/127.0.0.1:53194 - R:localhost/127.0.0.1:64740]
15:49:22.237 [Forwarding getElementTagName on session a8f76ad3091bd9655455fa515686d4d6 to remote] DEBUG org.asynchttpclient.netty.request.NettyRequestSender - Using pooled Channel '[id: 0x62330db7, L:/127.0.0.1:53194 - R:localhost/127.0.0.1:64740]' for 'GET' to 'http://localhost:64740/session/a8f76ad3091bd9655455fa515686d4d6/element/3142e161-d0ed-4212-8857-cf96aad3b2c0/name'
15:49:22.237 [Forwarding getElementTagName on session a8f76ad3091bd9655455fa515686d4d6 to remote] DEBUG org.asynchttpclient.netty.request.NettyRequestSender - Using open Channel [id: 0x62330db7, L:/127.0.0.1:53194 - R:localhost/127.0.0.1:64740] for GET '/session/a8f76ad3091bd9655455fa515686d4d6/element/3142e161-d0ed-4212-8857-cf96aad3b2c0/name'
15:49:22.240 [AsyncHttpClient-1-5] DEBUG org.asynchttpclient.netty.handler.HttpHandler - 

Request DefaultFullHttpRequest(decodeResult: success, version: HTTP/1.1, content: EmptyByteBufBE)
GET /session/a8f76ad3091bd9655455fa515686d4d6/element/3142e161-d0ed-4212-8857-cf96aad3b2c0/name HTTP/1.1
User-Agent: selenium/4.1.2 (java windows)
Cache-Control: no-cache
Content-Type: application/json; charset=utf-8
host: localhost:64740
accept: */*

Response DefaultHttpResponse(decodeResult: success, version: HTTP/1.1)
HTTP/1.1 200 OK
Content-Type: application/json; charset=utf-8
cache-control: no-cache
content-length: 18

15:49:22.241 [AsyncHttpClient-1-5] DEBUG org.asynchttpclient.netty.channel.ChannelManager - Adding key: http://localhost:64740 for channel [id: 0x62330db7, L:/127.0.0.1:53194 - R:localhost/127.0.0.1:64740]
15:49:22.244 [Forwarding isElementEnabled on session a8f76ad3091bd9655455fa515686d4d6 to remote] DEBUG org.asynchttpclient.netty.request.NettyRequestSender - Using pooled Channel '[id: 0x62330db7, L:/127.0.0.1:53194 - R:localhost/127.0.0.1:64740]' for 'GET' to 'http://localhost:64740/session/a8f76ad3091bd9655455fa515686d4d6/element/3142e161-d0ed-4212-8857-cf96aad3b2c0/enabled'
15:49:22.244 [Forwarding isElementEnabled on session a8f76ad3091bd9655455fa515686d4d6 to remote] DEBUG org.asynchttpclient.netty.request.NettyRequestSender - Using open Channel [id: 0x62330db7, L:/127.0.0.1:53194 - R:localhost/127.0.0.1:64740] for GET '/session/a8f76ad3091bd9655455fa515686d4d6/element/3142e161-d0ed-4212-8857-cf96aad3b2c0/enabled'
15:49:22.254 [AsyncHttpClient-1-5] DEBUG org.asynchttpclient.netty.handler.HttpHandler - 

Request DefaultFullHttpRequest(decodeResult: success, version: HTTP/1.1, content: EmptyByteBufBE)
GET /session/a8f76ad3091bd9655455fa515686d4d6/element/3142e161-d0ed-4212-8857-cf96aad3b2c0/enabled HTTP/1.1
User-Agent: selenium/4.1.2 (java windows)
Cache-Control: no-cache
Content-Type: application/json; charset=utf-8
host: localhost:64740
accept: */*

Response DefaultHttpResponse(decodeResult: success, version: HTTP/1.1)
HTTP/1.1 200 OK
Content-Type: application/json; charset=utf-8
cache-control: no-cache
content-length: 14

15:49:22.254 [AsyncHttpClient-1-5] DEBUG org.asynchttpclient.netty.channel.ChannelManager - Adding key: http://localhost:64740 for channel [id: 0x62330db7, L:/127.0.0.1:53194 - R:localhost/127.0.0.1:64740]
15:49:22.256 [Forwarding isElementEnabled on session a8f76ad3091bd9655455fa515686d4d6 to remote] DEBUG org.asynchttpclient.netty.request.NettyRequestSender - Using pooled Channel '[id: 0x62330db7, L:/127.0.0.1:53194 - R:localhost/127.0.0.1:64740]' for 'GET' to 'http://localhost:64740/session/a8f76ad3091bd9655455fa515686d4d6/element/3142e161-d0ed-4212-8857-cf96aad3b2c0/enabled'
15:49:22.256 [Forwarding isElementEnabled on session a8f76ad3091bd9655455fa515686d4d6 to remote] DEBUG org.asynchttpclient.netty.request.NettyRequestSender - Using open Channel [id: 0x62330db7, L:/127.0.0.1:53194 - R:localhost/127.0.0.1:64740] for GET '/session/a8f76ad3091bd9655455fa515686d4d6/element/3142e161-d0ed-4212-8857-cf96aad3b2c0/enabled'
15:49:22.263 [AsyncHttpClient-1-5] DEBUG org.asynchttpclient.netty.handler.HttpHandler - 

Request DefaultFullHttpRequest(decodeResult: success, version: HTTP/1.1, content: EmptyByteBufBE)
GET /session/a8f76ad3091bd9655455fa515686d4d6/element/3142e161-d0ed-4212-8857-cf96aad3b2c0/enabled HTTP/1.1
User-Agent: selenium/4.1.2 (java windows)
Cache-Control: no-cache
Content-Type: application/json; charset=utf-8
host: localhost:64740
accept: */*

Response DefaultHttpResponse(decodeResult: success, version: HTTP/1.1)
HTTP/1.1 200 OK
Content-Type: application/json; charset=utf-8
cache-control: no-cache
content-length: 14

15:49:22.263 [AsyncHttpClient-1-5] DEBUG org.asynchttpclient.netty.channel.ChannelManager - Adding key: http://localhost:64740 for channel [id: 0x62330db7, L:/127.0.0.1:53194 - R:localhost/127.0.0.1:64740]
15:49:22.266 [Forwarding findElement on session a8f76ad3091bd9655455fa515686d4d6 to remote] DEBUG org.asynchttpclient.netty.request.NettyRequestSender - Using pooled Channel '[id: 0x62330db7, L:/127.0.0.1:53194 - R:localhost/127.0.0.1:64740]' for 'POST' to 'http://localhost:64740/session/a8f76ad3091bd9655455fa515686d4d6/element'
15:49:22.266 [Forwarding findElement on session a8f76ad3091bd9655455fa515686d4d6 to remote] DEBUG org.asynchttpclient.netty.request.NettyRequestSender - Using open Channel [id: 0x62330db7, L:/127.0.0.1:53194 - R:localhost/127.0.0.1:64740] for POST '/session/a8f76ad3091bd9655455fa515686d4d6/element'
15:49:22.273 [AsyncHttpClient-1-5] DEBUG org.asynchttpclient.netty.handler.HttpHandler - 

Request DefaultHttpRequest(decodeResult: success, version: HTTP/1.1)
POST /session/a8f76ad3091bd9655455fa515686d4d6/element HTTP/1.1
User-Agent: selenium/4.1.2 (java windows)
Content-Length: 53
Content-Type: application/json; charset=utf-8
host: localhost:64740
accept: */*

Response DefaultHttpResponse(decodeResult: success, version: HTTP/1.1)
HTTP/1.1 200 OK
Content-Type: application/json; charset=utf-8
cache-control: no-cache
content-length: 88

15:49:22.273 [AsyncHttpClient-1-5] DEBUG org.asynchttpclient.netty.channel.ChannelManager - Adding key: http://localhost:64740 for channel [id: 0x62330db7, L:/127.0.0.1:53194 - R:localhost/127.0.0.1:64740]
15:49:22.276 [Forwarding clickElement on session a8f76ad3091bd9655455fa515686d4d6 to remote] DEBUG org.asynchttpclient.netty.request.NettyRequestSender - Using pooled Channel '[id: 0x62330db7, L:/127.0.0.1:53194 - R:localhost/127.0.0.1:64740]' for 'POST' to 'http://localhost:64740/session/a8f76ad3091bd9655455fa515686d4d6/element/3142e161-d0ed-4212-8857-cf96aad3b2c0/click'
15:49:22.276 [Forwarding clickElement on session a8f76ad3091bd9655455fa515686d4d6 to remote] DEBUG org.asynchttpclient.netty.request.NettyRequestSender - Using open Channel [id: 0x62330db7, L:/127.0.0.1:53194 - R:localhost/127.0.0.1:64740] for POST '/session/a8f76ad3091bd9655455fa515686d4d6/element/3142e161-d0ed-4212-8857-cf96aad3b2c0/click'
15:49:22.919 [AsyncHttpClient-1-5] DEBUG org.asynchttpclient.netty.handler.HttpHandler - 

Request DefaultHttpRequest(decodeResult: success, version: HTTP/1.1)
POST /session/a8f76ad3091bd9655455fa515686d4d6/element/3142e161-d0ed-4212-8857-cf96aad3b2c0/click HTTP/1.1
User-Agent: selenium/4.1.2 (java windows)
Content-Length: 50
Content-Type: application/json; charset=utf-8
host: localhost:64740
accept: */*

Response DefaultHttpResponse(decodeResult: success, version: HTTP/1.1)
HTTP/1.1 200 OK
Content-Type: application/json; charset=utf-8
cache-control: no-cache
content-length: 14

15:49:22.919 [AsyncHttpClient-1-5] DEBUG org.asynchttpclient.netty.channel.ChannelManager - Adding key: http://localhost:64740 for channel [id: 0x62330db7, L:/127.0.0.1:53194 - R:localhost/127.0.0.1:64740]
  &amp#27;[32mAnd &amp#27;[0m&amp#27;[32mi click continue button for login&amp#27;[0m        &amp#27;[90m# starter.stepdefinition.loginStep.iClickContinueButtonForLogin()&amp#27;[0m
15:49:22.939 [Forwarding screenshot on session a8f76ad3091bd9655455fa515686d4d6 to remote] DEBUG org.asynchttpclient.netty.request.NettyRequestSender - Using pooled Channel '[id: 0x62330db7, L:/127.0.0.1:53194 - R:localhost/127.0.0.1:64740]' for 'GET' to 'http://localhost:64740/session/a8f76ad3091bd9655455fa515686d4d6/screenshot'
15:49:22.939 [Forwarding screenshot on session a8f76ad3091bd9655455fa515686d4d6 to remote] DEBUG org.asynchttpclient.netty.request.NettyRequestSender - Using open Channel [id: 0x62330db7, L:/127.0.0.1:53194 - R:localhost/127.0.0.1:64740] for GET '/session/a8f76ad3091bd9655455fa515686d4d6/screenshot'
15:49:23.178 [AsyncHttpClient-1-1] DEBUG org.asynchttpclient.netty.channel.DefaultChannelPool - Entry count for : http://localhost:53195 : 1
15:49:23.375 [AsyncHttpClient-1-5] DEBUG org.asynchttpclient.netty.handler.HttpHandler - 

Request DefaultFullHttpRequest(decodeResult: success, version: HTTP/1.1, content: EmptyByteBufBE)
GET /session/a8f76ad3091bd9655455fa515686d4d6/screenshot HTTP/1.1
User-Agent: selenium/4.1.2 (java windows)
Cache-Control: no-cache
Content-Type: application/json; charset=utf-8
host: localhost:64740
accept: */*

Response DefaultHttpResponse(decodeResult: success, version: HTTP/1.1)
HTTP/1.1 200 OK
Content-Type: application/json; charset=utf-8
cache-control: no-cache
content-length: 122424

15:49:23.376 [AsyncHttpClient-1-5] DEBUG org.asynchttpclient.netty.channel.ChannelManager - Adding key: http://localhost:64740 for channel [id: 0x62330db7, L:/127.0.0.1:53194 - R:localhost/127.0.0.1:64740]
15:49:23.380 [main] DEBUG net.serenitybdd.core.photography.Darkroom - Send negative for processing for target\site\serenity\52a98056c8c7217405972fa8030a6be27781ec545e861086bbd5d02d22e18b59.png
15:49:23.381 [Darkroom Processing Line] DEBUG net.serenitybdd.core.photography.DarkroomProcessingLine - Processing screenshot image in /var/screenshots/screenshot-46923325831433109
15:49:23.381 [Darkroom Processing Line] DEBUG net.serenitybdd.core.photography.DarkroomProcessingLine - Saving screenshot to target\site\serenity\52a98056c8c7217405972fa8030a6be27781ec545e861086bbd5d02d22e18b59.png
15:49:23.388 [Forwarding findElement on session a8f76ad3091bd9655455fa515686d4d6 to remote] DEBUG org.asynchttpclient.netty.request.NettyRequestSender - Using pooled Channel '[id: 0x62330db7, L:/127.0.0.1:53194 - R:localhost/127.0.0.1:64740]' for 'POST' to 'http://localhost:64740/session/a8f76ad3091bd9655455fa515686d4d6/element'
15:49:23.388 [Forwarding findElement on session a8f76ad3091bd9655455fa515686d4d6 to remote] DEBUG org.asynchttpclient.netty.request.NettyRequestSender - Using open Channel [id: 0x62330db7, L:/127.0.0.1:53194 - R:localhost/127.0.0.1:64740] for POST '/session/a8f76ad3091bd9655455fa515686d4d6/element'
15:49:23.401 [AsyncHttpClient-1-5] DEBUG org.asynchttpclient.netty.handler.HttpHandler - 

Request DefaultHttpRequest(decodeResult: success, version: HTTP/1.1)
POST /session/a8f76ad3091bd9655455fa515686d4d6/element HTTP/1.1
User-Agent: selenium/4.1.2 (java windows)
Content-Length: 90
Content-Type: application/json; charset=utf-8
host: localhost:64740
accept: */*

Response DefaultHttpResponse(decodeResult: success, version: HTTP/1.1)
HTTP/1.1 200 OK
Content-Type: application/json; charset=utf-8
cache-control: no-cache
content-length: 88

15:49:23.401 [AsyncHttpClient-1-5] DEBUG org.asynchttpclient.netty.channel.ChannelManager - Adding key: http://localhost:64740 for channel [id: 0x62330db7, L:/127.0.0.1:53194 - R:localhost/127.0.0.1:64740]
15:49:23.406 [Forwarding isElementDisplayed on session a8f76ad3091bd9655455fa515686d4d6 to remote] DEBUG org.asynchttpclient.netty.request.NettyRequestSender - Using pooled Channel '[id: 0x62330db7, L:/127.0.0.1:53194 - R:localhost/127.0.0.1:64740]' for 'POST' to 'http://localhost:64740/session/a8f76ad3091bd9655455fa515686d4d6/execute/sync'
15:49:23.406 [Forwarding isElementDisplayed on session a8f76ad3091bd9655455fa515686d4d6 to remote] DEBUG org.asynchttpclient.netty.request.NettyRequestSender - Using open Channel [id: 0x62330db7, L:/127.0.0.1:53194 - R:localhost/127.0.0.1:64740] for POST '/session/a8f76ad3091bd9655455fa515686d4d6/execute/sync'
15:49:23.422 [AsyncHttpClient-1-5] DEBUG org.asynchttpclient.netty.handler.HttpHandler - 

Request DefaultHttpRequest(decodeResult: success, version: HTTP/1.1)
POST /session/a8f76ad3091bd9655455fa515686d4d6/execute/sync HTTP/1.1
User-Agent: selenium/4.1.2 (java windows)
Content-Length: 48780
Content-Type: application/json; charset=utf-8
host: localhost:64740
accept: */*

Response DefaultHttpResponse(decodeResult: success, version: HTTP/1.1)
HTTP/1.1 200 OK
Content-Type: application/json; charset=utf-8
cache-control: no-cache
content-length: 14

15:49:23.422 [AsyncHttpClient-1-5] DEBUG org.asynchttpclient.netty.channel.ChannelManager - Adding key: http://localhost:64740 for channel [id: 0x62330db7, L:/127.0.0.1:53194 - R:localhost/127.0.0.1:64740]
  &amp#27;[32mThen &amp#27;[0m&amp#27;[32mi get my &amp#27;[0m&amp#27;[32m&amp#27;[1m"login page"&amp#27;[0m&amp#27;[32m after login&amp#27;[0m       &amp#27;[90m# starter.stepdefinition.loginStep.iGetMyAfterLogin(java.lang.String)&amp#27;[0m
15:49:23.435 [Forwarding screenshot on session a8f76ad3091bd9655455fa515686d4d6 to remote] DEBUG org.asynchttpclient.netty.request.NettyRequestSender - Using pooled Channel '[id: 0x62330db7, L:/127.0.0.1:53194 - R:localhost/127.0.0.1:64740]' for 'GET' to 'http://localhost:64740/session/a8f76ad3091bd9655455fa515686d4d6/screenshot'
15:49:23.435 [Forwarding screenshot on session a8f76ad3091bd9655455fa515686d4d6 to remote] DEBUG org.asynchttpclient.netty.request.NettyRequestSender - Using open Channel [id: 0x62330db7, L:/127.0.0.1:53194 - R:localhost/127.0.0.1:64740] for GET '/session/a8f76ad3091bd9655455fa515686d4d6/screenshot'
15:49:23.659 [AsyncHttpClient-1-5] DEBUG org.asynchttpclient.netty.handler.HttpHandler - 

Request DefaultFullHttpRequest(decodeResult: success, version: HTTP/1.1, content: EmptyByteBufBE)
GET /session/a8f76ad3091bd9655455fa515686d4d6/screenshot HTTP/1.1
User-Agent: selenium/4.1.2 (java windows)
Cache-Control: no-cache
Content-Type: application/json; charset=utf-8
host: localhost:64740
accept: */*

Response DefaultHttpResponse(decodeResult: success, version: HTTP/1.1)
HTTP/1.1 200 OK
Content-Type: application/json; charset=utf-8
cache-control: no-cache
content-length: 122056

15:49:23.660 [AsyncHttpClient-1-5] DEBUG org.asynchttpclient.netty.channel.ChannelManager - Adding key: http://localhost:64740 for channel [id: 0x62330db7, L:/127.0.0.1:53194 - R:localhost/127.0.0.1:64740]
15:49:23.664 [main] DEBUG net.serenitybdd.core.photography.Darkroom - Send negative for processing for target\site\serenity\923a0e05ca01b4ff039f079627335feb6c69df0772d75f1dcbebfc2f58b44ae6.png
15:49:23.665 [Darkroom Processing Line] DEBUG net.serenitybdd.core.photography.DarkroomProcessingLine - Processing screenshot image in /var/screenshots/screenshot-1976808364299307371
15:49:23.665 [Darkroom Processing Line] DEBUG net.serenitybdd.core.photography.DarkroomProcessingLine - Saving screenshot to target\site\serenity\923a0e05ca01b4ff039f079627335feb6c69df0772d75f1dcbebfc2f58b44ae6.png
15:49:23.667 [Driver Command Executor] DEBUG org.asynchttpclient.netty.request.NettyRequestSender - Using pooled Channel '[id: 0x62330db7, L:/127.0.0.1:53194 - R:localhost/127.0.0.1:64740]' for 'DELETE' to 'http://localhost:64740/session/a8f76ad3091bd9655455fa515686d4d6'
15:49:23.667 [AsyncHttpClient-1-7] DEBUG org.asynchttpclient.netty.handler.WebSocketHandler - Channel Closed: [id: 0x93d1ebcf, L:/127.0.0.1:53204 ! R:localhost/127.0.0.1:53195] with attribute NettyResponseFuture{currentRetry=5,
	isDone=1,
	isCancelled=0,
	asyncHandler=org.asynchttpclient.ws.WebSocketUpgradeHandler@46d08db9,
	nettyRequest=org.asynchttpclient.netty.request.NettyRequest@3d21b07,
	future=java.util.concurrent.CompletableFuture@8c7bb1a[Completed normally],
	uri=ws://localhost:53195/devtools/browser/58cb8a51-ac80-4d4e-adde-50f17005829f,
	keepAlive=true,
	redirectCount=0,
	timeoutsHolder=null,
	inAuth=0,
	touch=1655282937804}
15:49:23.667 [Driver Command Executor] DEBUG org.asynchttpclient.netty.request.NettyRequestSender - Using open Channel [id: 0x62330db7, L:/127.0.0.1:53194 - R:localhost/127.0.0.1:64740] for DELETE '/session/a8f76ad3091bd9655455fa515686d4d6'
15:49:23.667 [AsyncHttpClient-1-7] DEBUG org.asynchttpclient.netty.channel.ChannelManager - Closing Channel [id: 0x93d1ebcf, L:/127.0.0.1:53204 ! R:localhost/127.0.0.1:53195] 
15:49:24.288 [AsyncHttpClient-1-1] DEBUG org.asynchttpclient.netty.channel.DefaultChannelPool - Entry count for : http://localhost:53195 : 1
15:49:25.172 [AsyncHttpClient-1-6] DEBUG org.asynchttpclient.netty.handler.HttpHandler - Unexpected I/O exception on channel [id: 0x907c47ee, L:/127.0.0.1:53202 - R:localhost/127.0.0.1:53195]
java.net.SocketException: Connection reset
	at java.base/sun.nio.ch.SocketChannelImpl.throwConnectionReset(SocketChannelImpl.java:367)
	at java.base/sun.nio.ch.SocketChannelImpl.read(SocketChannelImpl.java:398)
	at io.netty.buffer.PooledByteBuf.setBytes(PooledByteBuf.java:258)
	at io.netty.buffer.AbstractByteBuf.writeBytes(AbstractByteBuf.java:1132)
	at io.netty.channel.socket.nio.NioSocketChannel.doReadBytes(NioSocketChannel.java:350)
	at io.netty.channel.nio.AbstractNioByteChannel$NioByteUnsafe.read(AbstractNioByteChannel.java:151)
	at io.netty.channel.nio.NioEventLoop.processSelectedKey(NioEventLoop.java:722)
	at io.netty.channel.nio.NioEventLoop.processSelectedKeysOptimized(NioEventLoop.java:658)
	at io.netty.channel.nio.NioEventLoop.processSelectedKeys(NioEventLoop.java:584)
	at io.netty.channel.nio.NioEventLoop.run(NioEventLoop.java:496)
	at io.netty.util.concurrent.SingleThreadEventExecutor$4.run(SingleThreadEventExecutor.java:986)
	at io.netty.util.internal.ThreadExecutorMap$2.run(ThreadExecutorMap.java:74)
	at io.netty.util.concurrent.FastThreadLocalRunnable.run(FastThreadLocalRunnable.java:30)
	at java.base/java.lang.Thread.run(Thread.java:832)
15:49:25.172 [AsyncHttpClient-1-6] DEBUG org.asynchttpclient.netty.channel.ChannelManager - Closing Channel [id: 0x907c47ee, L:/127.0.0.1:53202 - R:localhost/127.0.0.1:53195] 
15:49:25.172 [AsyncHttpClient-1-6] DEBUG org.asynchttpclient.netty.handler.HttpHandler - Channel Closed: [id: 0x907c47ee, L:/127.0.0.1:53202 ! R:localhost/127.0.0.1:53195] with attribute DISCARD
15:49:25.188 [AsyncHttpClient-1-5] DEBUG org.asynchttpclient.netty.handler.HttpHandler - 

Request DefaultFullHttpRequest(decodeResult: success, version: HTTP/1.1, content: EmptyByteBufBE)
DELETE /session/a8f76ad3091bd9655455fa515686d4d6 HTTP/1.1
User-Agent: selenium/4.1.2 (java windows)
Content-Type: application/json; charset=utf-8
host: localhost:64740
accept: */*

Response DefaultHttpResponse(decodeResult: success, version: HTTP/1.1)
HTTP/1.1 200 OK
Content-Type: application/json; charset=utf-8
cache-control: no-cache
content-length: 14

15:49:25.188 [AsyncHttpClient-1-5] DEBUG org.asynchttpclient.netty.channel.ChannelManager - Adding key: http://localhost:64740 for channel [id: 0x62330db7, L:/127.0.0.1:53194 - R:localhost/127.0.0.1:64740]
15:49:25.375 [AsyncHttpClient-1-1] DEBUG org.asynchttpclient.netty.channel.DefaultChannelPool - Entry count for : http://localhost:53195 : 1
15:49:25.375 [AsyncHttpClient-1-1] DEBUG org.asynchttpclient.netty.channel.DefaultChannelPool - Entry count for : http://localhost:64740 : 1
15:49:25.375 [AsyncHttpClient-1-1] DEBUG org.asynchttpclient.netty.channel.DefaultChannelPool - Adding Candidate expired Channel [id: 0x907c47ee, L:/127.0.0.1:53202 ! R:localhost/127.0.0.1:53195] isIdleTimeoutExpired=false isRemotelyClosed=true isTtlExpired=false
15:49:25.375 [AsyncHttpClient-1-1] DEBUG org.asynchttpclient.netty.channel.DefaultChannelPool - Closing Idle Channel [id: 0x907c47ee, L:/127.0.0.1:53202 ! R:localhost/127.0.0.1:53195]
15:49:25.375 [AsyncHttpClient-1-1] DEBUG org.asynchttpclient.netty.channel.DefaultChannelPool - Closed 1 connections out of 2 in 0 ms
15:49:26.277 [AsyncHttpClient-1-5] DEBUG org.asynchttpclient.netty.handler.HttpHandler - Unexpected I/O exception on channel [id: 0x62330db7, L:/127.0.0.1:53194 - R:localhost/127.0.0.1:64740]
java.net.SocketException: Connection reset
	at java.base/sun.nio.ch.SocketChannelImpl.throwConnectionReset(SocketChannelImpl.java:367)
	at java.base/sun.nio.ch.SocketChannelImpl.read(SocketChannelImpl.java:398)
	at io.netty.buffer.PooledByteBuf.setBytes(PooledByteBuf.java:258)
	at io.netty.buffer.AbstractByteBuf.writeBytes(AbstractByteBuf.java:1132)
	at io.netty.channel.socket.nio.NioSocketChannel.doReadBytes(NioSocketChannel.java:350)
	at io.netty.channel.nio.AbstractNioByteChannel$NioByteUnsafe.read(AbstractNioByteChannel.java:151)
	at io.netty.channel.nio.NioEventLoop.processSelectedKey(NioEventLoop.java:722)
	at io.netty.channel.nio.NioEventLoop.processSelectedKeysOptimized(NioEventLoop.java:658)
	at io.netty.channel.nio.NioEventLoop.processSelectedKeys(NioEventLoop.java:584)
	at io.netty.channel.nio.NioEventLoop.run(NioEventLoop.java:496)
	at io.netty.util.concurrent.SingleThreadEventExecutor$4.run(SingleThreadEventExecutor.java:986)
	at io.netty.util.internal.ThreadExecutorMap$2.run(ThreadExecutorMap.java:74)
	at io.netty.util.concurrent.FastThreadLocalRunnable.run(FastThreadLocalRunnable.java:30)
	at java.base/java.lang.Thread.run(Thread.java:832)
15:49:26.277 [AsyncHttpClient-1-5] DEBUG org.asynchttpclient.netty.channel.ChannelManager - Closing Channel [id: 0x62330db7, L:/127.0.0.1:53194 - R:localhost/127.0.0.1:64740] 
15:49:26.277 [AsyncHttpClient-1-5] DEBUG org.asynchttpclient.netty.handler.HttpHandler - Channel Closed: [id: 0x62330db7, L:/127.0.0.1:53194 ! R:localhost/127.0.0.1:64740] with attribute DISCARD
15:49:26.340 [main] INFO  - 
  _____   ___   ___   _____     ___     _     ___   ___   ___   ___  
 |_   _| | __| / __| |_   _|   | _ \   /_\   / __| / __| | __| |   \ 
   | |   | _|  \__ \   | |     |  _/  / _ \  \__ \ \__ \ | _|  | |) |
   |_|   |___| |___/   |_|     |_|   /_/ \_\ |___/ |___/ |___| |___/ 

Login scenario
----------------------------------------------------------------------
]]></system-out>
    <system-err><![CDATA[Starting ChromeDriver 102.0.5005.61 (0e59bcc00cc4985ce39ad31c150065f159d95ad3-refs/branch-heads/5005@{#819}) on port 64740
Only local connections are allowed.
Please see https://chromedriver.chromium.org/security-considerations for suggestions on keeping ChromeDriver safe.
ChromeDriver was started successfully.
Jun 15, 2022 3:48:57 PM org.openqa.selenium.remote.ProtocolHandshake createSession
INFO: Detected dialect: W3C
Jun 15, 2022 3:48:57 PM org.openqa.selenium.devtools.CdpVersionFinder findNearestMatch
WARNING: Unable to find an exact match for CDP version 102, so returning the closest version found: a no-op implementation
Jun 15, 2022 3:48:57 PM org.openqa.selenium.devtools.CdpVersionFinder findNearestMatch
INFO: Unable to find CDP implementation matching 102.
Jun 15, 2022 3:48:57 PM org.openqa.selenium.chromium.ChromiumDriver lambda$new$3
WARNING: Unable to find version of CDP to use for . You may need to include a dependency on a specific version of the CDP using something similar to `org.seleniumhq.selenium:selenium-devtools-v86:4.1.2` where the version ("v86") matches the version of the chromium-based browser you're using and the version number of the artifact is the same as Selenium's.
]]></system-err>
  </testcase>
  <testcase name="Login scenario #3" classname="Login" time="12.9">
    <system-out><![CDATA[
@login
Scenario Outline: Login scenario                 &amp#27;[90m# src/test/resources/features/login.feature:21&amp#27;[0m
15:49:26.340 [main] INFO io.cucumber.core.plugin.SerenityReporter - Running feature from file:///D:/PERKULIAHAN/Semester%206,Hebatt%20glad!/QE-FGD/Web/src/test/resources/features/login.feature
15:49:26.355 [main] INFO net.serenitybdd.core.webdriver.driverproviders.ChromeDriverProvider - Using automatically driver download
15:49:26.477 [AsyncHttpClient-1-1] DEBUG org.asynchttpclient.netty.channel.DefaultChannelPool - Entry count for : http://localhost:64740 : 1
15:49:26.477 [AsyncHttpClient-1-1] DEBUG org.asynchttpclient.netty.channel.DefaultChannelPool - Adding Candidate expired Channel [id: 0x62330db7, L:/127.0.0.1:53194 ! R:localhost/127.0.0.1:64740] isIdleTimeoutExpired=false isRemotelyClosed=true isTtlExpired=false
15:49:26.477 [AsyncHttpClient-1-1] DEBUG org.asynchttpclient.netty.channel.DefaultChannelPool - Closing Idle Channel [id: 0x62330db7, L:/127.0.0.1:53194 ! R:localhost/127.0.0.1:64740]
15:49:26.477 [AsyncHttpClient-1-1] DEBUG org.asynchttpclient.netty.channel.DefaultChannelPool - Closed 1 connections out of 1 in 0 ms
15:49:26.477 [main] DEBUG io.github.bonigarcia.wdm.cache.ResolutionCache - Resolution chrome=102 in cache (valid until 16:30:12 15/06/2022 WIB)
15:49:26.493 [main] DEBUG io.github.bonigarcia.wdm.cache.ResolutionCache - Resolution chrome102=102.0.5005.61 in cache (valid until 14:29:55 16/06/2022 WIB)
15:49:26.493 [main] INFO io.github.bonigarcia.wdm.WebDriverManager - Using chromedriver 102.0.5005.61 (resolved driver for Chrome 102)
15:49:26.509 [main] DEBUG io.github.bonigarcia.wdm.WebDriverManager - Driver chromedriver 102.0.5005.61 found in cache
15:49:26.509 [main] INFO io.github.bonigarcia.wdm.WebDriverManager - Exporting webdriver.chrome.driver as C:\Users\ASUS\.cache\selenium\chromedriver\win32\102.0.5005.61\chromedriver.exe
15:49:26.624 [main] DEBUG net.serenitybdd.core.webdriver.driverproviders.ProvideNewDriver - Instantiating driver
15:49:26.624 [main] DEBUG net.serenitybdd.core.webdriver.driverproviders.ProvideNewDriver - Driver capabilities: Capabilities {acceptInsecureCerts: false, base.url: , browserName: chrome, goog:chromeOptions: {args: [], extensions: []}}
15:49:27.155 [AsyncHttpClient-1-8] DEBUG org.asynchttpclient.netty.channel.NettyConnectListener - Using new Channel '[id: 0x85b24d5c, L:/127.0.0.1:53229 - R:localhost/127.0.0.1:63430]' for 'POST' to '/session'
15:49:28.554 [AsyncHttpClient-1-8] DEBUG org.asynchttpclient.netty.handler.HttpHandler - 

Request DefaultHttpRequest(decodeResult: success, version: HTTP/1.1)
POST /session HTTP/1.1
User-Agent: selenium/4.1.2 (java windows)
Content-Length: 457
Content-Type: application/json; charset=utf-8
host: localhost:63430
accept: */*

Response DefaultHttpResponse(decodeResult: success, version: HTTP/1.1)
HTTP/1.1 200 OK
Content-Type: application/json; charset=utf-8
cache-control: no-cache
content-length: 787

15:49:28.554 [AsyncHttpClient-1-8] DEBUG org.asynchttpclient.netty.channel.ChannelManager - Adding key: http://localhost:63430 for channel [id: 0x85b24d5c, L:/127.0.0.1:53229 - R:localhost/127.0.0.1:63430]
15:49:28.576 [AsyncHttpClient-1-9] DEBUG org.asynchttpclient.netty.channel.NettyConnectListener - Using new Channel '[id: 0x2970d376, L:/127.0.0.1:53238 - R:localhost/127.0.0.1:53231]' for 'GET' to '/json/version'
15:49:28.576 [AsyncHttpClient-1-9] DEBUG org.asynchttpclient.netty.handler.HttpHandler - 

Request DefaultFullHttpRequest(decodeResult: success, version: HTTP/1.1, content: EmptyByteBufBE)
GET /json/version HTTP/1.1
User-Agent: selenium/4.1.2 (java windows)
host: localhost:53231
accept: */*

Response DefaultHttpResponse(decodeResult: success, version: HTTP/1.1)
HTTP/1.1 200 OK
Content-Type: application/json; charset=UTF-8
content-length: 428

15:49:28.576 [AsyncHttpClient-1-9] DEBUG org.asynchttpclient.netty.channel.ChannelManager - Adding key: http://localhost:53231 for channel [id: 0x2970d376, L:/127.0.0.1:53238 - R:localhost/127.0.0.1:53231]
15:49:28.586 [AsyncHttpClient-1-10] DEBUG org.asynchttpclient.netty.channel.NettyConnectListener - Using new Channel '[id: 0x02db1fc3, L:/127.0.0.1:53239 - R:localhost/127.0.0.1:53231]' for 'GET' to '/devtools/browser/0933f51a-3cf7-4232-b6c3-6592ece4f6be'
15:49:28.594 [AsyncHttpClient-1-10] DEBUG org.asynchttpclient.netty.handler.WebSocketHandler - 

Request DefaultFullHttpRequest(decodeResult: success, version: HTTP/1.1, content: EmptyByteBufBE)
GET /devtools/browser/0933f51a-3cf7-4232-b6c3-6592ece4f6be HTTP/1.1
upgrade: websocket
connection: upgrade
sec-websocket-key: +Ram3uGCBeQ8QbcPbMV2cA==
sec-websocket-version: 13
origin: http://localhost:53231
host: localhost:53231
accept: */*
user-agent: AHC/2.1

Response DefaultHttpResponse(decodeResult: success, version: HTTP/1.1)
HTTP/1.1 101 WebSocket Protocol Handshake
Upgrade: WebSocket
Connection: Upgrade
Sec-WebSocket-Accept: wVkPf3EZ3h4QjHeYBOlTTXJ/2Aw=

15:49:28.600 [Forwarding get on session 6be0c36e43c463d89341c70cbfa577a8 to remote] DEBUG org.asynchttpclient.netty.request.NettyRequestSender - Using pooled Channel '[id: 0x85b24d5c, L:/127.0.0.1:53229 - R:localhost/127.0.0.1:63430]' for 'POST' to 'http://localhost:63430/session/6be0c36e43c463d89341c70cbfa577a8/url'
15:49:28.600 [Forwarding get on session 6be0c36e43c463d89341c70cbfa577a8 to remote] DEBUG org.asynchttpclient.netty.request.NettyRequestSender - Using open Channel [id: 0x85b24d5c, L:/127.0.0.1:53229 - R:localhost/127.0.0.1:63430] for POST '/session/6be0c36e43c463d89341c70cbfa577a8/url'
15:49:28.682 [AsyncHttpClient-1-1] DEBUG org.asynchttpclient.netty.channel.DefaultChannelPool - Entry count for : http://localhost:53231 : 1
15:49:29.775 [AsyncHttpClient-1-1] DEBUG org.asynchttpclient.netty.channel.DefaultChannelPool - Entry count for : http://localhost:53231 : 1
15:49:30.884 [AsyncHttpClient-1-1] DEBUG org.asynchttpclient.netty.channel.DefaultChannelPool - Entry count for : http://localhost:53231 : 1
15:49:31.976 [AsyncHttpClient-1-1] DEBUG org.asynchttpclient.netty.channel.DefaultChannelPool - Entry count for : http://localhost:53231 : 1
15:49:33.077 [AsyncHttpClient-1-1] DEBUG org.asynchttpclient.netty.channel.DefaultChannelPool - Entry count for : http://localhost:53231 : 1
15:49:34.177 [AsyncHttpClient-1-1] DEBUG org.asynchttpclient.netty.channel.DefaultChannelPool - Entry count for : http://localhost:53231 : 1
15:49:35.281 [AsyncHttpClient-1-1] DEBUG org.asynchttpclient.netty.channel.DefaultChannelPool - Entry count for : http://localhost:53231 : 1
15:49:35.809 [AsyncHttpClient-1-8] DEBUG org.asynchttpclient.netty.handler.HttpHandler - 

Request DefaultHttpRequest(decodeResult: success, version: HTTP/1.1)
POST /session/6be0c36e43c463d89341c70cbfa577a8/url HTTP/1.1
User-Agent: selenium/4.1.2 (java windows)
Content-Length: 53
Content-Type: application/json; charset=utf-8
host: localhost:63430
accept: */*

Response DefaultHttpResponse(decodeResult: success, version: HTTP/1.1)
HTTP/1.1 200 OK
Content-Type: application/json; charset=utf-8
cache-control: no-cache
content-length: 14

15:49:35.809 [AsyncHttpClient-1-8] DEBUG org.asynchttpclient.netty.channel.ChannelManager - Adding key: http://localhost:63430 for channel [id: 0x85b24d5c, L:/127.0.0.1:53229 - R:localhost/127.0.0.1:63430]
15:49:35.812 [Forwarding setTimeout on session 6be0c36e43c463d89341c70cbfa577a8 to remote] DEBUG org.asynchttpclient.netty.request.NettyRequestSender - Using pooled Channel '[id: 0x85b24d5c, L:/127.0.0.1:53229 - R:localhost/127.0.0.1:63430]' for 'POST' to 'http://localhost:63430/session/6be0c36e43c463d89341c70cbfa577a8/timeouts'
15:49:35.812 [Forwarding setTimeout on session 6be0c36e43c463d89341c70cbfa577a8 to remote] DEBUG org.asynchttpclient.netty.request.NettyRequestSender - Using open Channel [id: 0x85b24d5c, L:/127.0.0.1:53229 - R:localhost/127.0.0.1:63430] for POST '/session/6be0c36e43c463d89341c70cbfa577a8/timeouts'
15:49:35.814 [AsyncHttpClient-1-8] DEBUG org.asynchttpclient.netty.handler.HttpHandler - 

Request DefaultHttpRequest(decodeResult: success, version: HTTP/1.1)
POST /session/6be0c36e43c463d89341c70cbfa577a8/timeouts HTTP/1.1
User-Agent: selenium/4.1.2 (java windows)
Content-Length: 22
Content-Type: application/json; charset=utf-8
host: localhost:63430
accept: */*

Response DefaultHttpResponse(decodeResult: success, version: HTTP/1.1)
HTTP/1.1 200 OK
Content-Type: application/json; charset=utf-8
cache-control: no-cache
content-length: 14

15:49:35.814 [AsyncHttpClient-1-8] DEBUG org.asynchttpclient.netty.channel.ChannelManager - Adding key: http://localhost:63430 for channel [id: 0x85b24d5c, L:/127.0.0.1:53229 - R:localhost/127.0.0.1:63430]
15:49:35.817 [Forwarding getCurrentUrl on session 6be0c36e43c463d89341c70cbfa577a8 to remote] DEBUG org.asynchttpclient.netty.request.NettyRequestSender - Using pooled Channel '[id: 0x85b24d5c, L:/127.0.0.1:53229 - R:localhost/127.0.0.1:63430]' for 'GET' to 'http://localhost:63430/session/6be0c36e43c463d89341c70cbfa577a8/url'
15:49:35.817 [Forwarding getCurrentUrl on session 6be0c36e43c463d89341c70cbfa577a8 to remote] DEBUG org.asynchttpclient.netty.request.NettyRequestSender - Using open Channel [id: 0x85b24d5c, L:/127.0.0.1:53229 - R:localhost/127.0.0.1:63430] for GET '/session/6be0c36e43c463d89341c70cbfa577a8/url'
15:49:35.858 [AsyncHttpClient-1-8] DEBUG org.asynchttpclient.netty.handler.HttpHandler - 

Request DefaultFullHttpRequest(decodeResult: success, version: HTTP/1.1, content: EmptyByteBufBE)
GET /session/6be0c36e43c463d89341c70cbfa577a8/url HTTP/1.1
User-Agent: selenium/4.1.2 (java windows)
Cache-Control: no-cache
Content-Type: application/json; charset=utf-8
host: localhost:63430
accept: */*

Response DefaultHttpResponse(decodeResult: success, version: HTTP/1.1)
HTTP/1.1 200 OK
Content-Type: application/json; charset=utf-8
cache-control: no-cache
content-length: 35

15:49:35.859 [AsyncHttpClient-1-8] DEBUG org.asynchttpclient.netty.channel.ChannelManager - Adding key: http://localhost:63430 for channel [id: 0x85b24d5c, L:/127.0.0.1:53229 - R:localhost/127.0.0.1:63430]
  &amp#27;[32mGiven &amp#27;[0m&amp#27;[32mi have registered&amp#27;[0m                        &amp#27;[90m# starter.stepdefinition.loginStep.iHaveRegistered()&amp#27;[0m
15:49:35.866 [Forwarding screenshot on session 6be0c36e43c463d89341c70cbfa577a8 to remote] DEBUG org.asynchttpclient.netty.request.NettyRequestSender - Using pooled Channel '[id: 0x85b24d5c, L:/127.0.0.1:53229 - R:localhost/127.0.0.1:63430]' for 'GET' to 'http://localhost:63430/session/6be0c36e43c463d89341c70cbfa577a8/screenshot'
15:49:35.866 [Forwarding screenshot on session 6be0c36e43c463d89341c70cbfa577a8 to remote] DEBUG org.asynchttpclient.netty.request.NettyRequestSender - Using open Channel [id: 0x85b24d5c, L:/127.0.0.1:53229 - R:localhost/127.0.0.1:63430] for GET '/session/6be0c36e43c463d89341c70cbfa577a8/screenshot'
15:49:36.121 [AsyncHttpClient-1-8] DEBUG org.asynchttpclient.netty.handler.HttpHandler - 

Request DefaultFullHttpRequest(decodeResult: success, version: HTTP/1.1, content: EmptyByteBufBE)
GET /session/6be0c36e43c463d89341c70cbfa577a8/screenshot HTTP/1.1
User-Agent: selenium/4.1.2 (java windows)
Cache-Control: no-cache
Content-Type: application/json; charset=utf-8
host: localhost:63430
accept: */*

Response DefaultHttpResponse(decodeResult: success, version: HTTP/1.1)
HTTP/1.1 200 OK
Content-Type: application/json; charset=utf-8
cache-control: no-cache
content-length: 344292

15:49:36.126 [AsyncHttpClient-1-8] DEBUG org.asynchttpclient.netty.channel.ChannelManager - Adding key: http://localhost:63430 for channel [id: 0x85b24d5c, L:/127.0.0.1:53229 - R:localhost/127.0.0.1:63430]
15:49:36.137 [main] DEBUG net.serenitybdd.core.photography.Darkroom - Send negative for processing for target\site\serenity\923bee840879811ac6082d8b3bd0e9d9c5cb93a24c165f29e28bc0a19288a5b7.png
15:49:36.152 [Forwarding findElement on session 6be0c36e43c463d89341c70cbfa577a8 to remote] DEBUG org.asynchttpclient.netty.request.NettyRequestSender - Using pooled Channel '[id: 0x85b24d5c, L:/127.0.0.1:53229 - R:localhost/127.0.0.1:63430]' for 'POST' to 'http://localhost:63430/session/6be0c36e43c463d89341c70cbfa577a8/element'
15:49:36.152 [Forwarding findElement on session 6be0c36e43c463d89341c70cbfa577a8 to remote] DEBUG org.asynchttpclient.netty.request.NettyRequestSender - Using open Channel [id: 0x85b24d5c, L:/127.0.0.1:53229 - R:localhost/127.0.0.1:63430] for POST '/session/6be0c36e43c463d89341c70cbfa577a8/element'
15:49:36.193 [AsyncHttpClient-1-8] DEBUG org.asynchttpclient.netty.handler.HttpHandler - 

Request DefaultHttpRequest(decodeResult: success, version: HTTP/1.1)
POST /session/6be0c36e43c463d89341c70cbfa577a8/element HTTP/1.1
User-Agent: selenium/4.1.2 (java windows)
Content-Length: 55
Content-Type: application/json; charset=utf-8
host: localhost:63430
accept: */*

Response DefaultHttpResponse(decodeResult: success, version: HTTP/1.1)
HTTP/1.1 200 OK
Content-Type: application/json; charset=utf-8
cache-control: no-cache
content-length: 88

15:49:36.193 [AsyncHttpClient-1-8] DEBUG org.asynchttpclient.netty.channel.ChannelManager - Adding key: http://localhost:63430 for channel [id: 0x85b24d5c, L:/127.0.0.1:53229 - R:localhost/127.0.0.1:63430]
15:49:36.198 [Forwarding isElementDisplayed on session 6be0c36e43c463d89341c70cbfa577a8 to remote] DEBUG org.asynchttpclient.netty.request.NettyRequestSender - Using pooled Channel '[id: 0x85b24d5c, L:/127.0.0.1:53229 - R:localhost/127.0.0.1:63430]' for 'POST' to 'http://localhost:63430/session/6be0c36e43c463d89341c70cbfa577a8/execute/sync'
15:49:36.198 [Forwarding isElementDisplayed on session 6be0c36e43c463d89341c70cbfa577a8 to remote] DEBUG org.asynchttpclient.netty.request.NettyRequestSender - Using open Channel [id: 0x85b24d5c, L:/127.0.0.1:53229 - R:localhost/127.0.0.1:63430] for POST '/session/6be0c36e43c463d89341c70cbfa577a8/execute/sync'
15:49:36.242 [AsyncHttpClient-1-8] DEBUG org.asynchttpclient.netty.handler.HttpHandler - 

Request DefaultHttpRequest(decodeResult: success, version: HTTP/1.1)
POST /session/6be0c36e43c463d89341c70cbfa577a8/execute/sync HTTP/1.1
User-Agent: selenium/4.1.2 (java windows)
Content-Length: 48780
Content-Type: application/json; charset=utf-8
host: localhost:63430
accept: */*

Response DefaultHttpResponse(decodeResult: success, version: HTTP/1.1)
HTTP/1.1 200 OK
Content-Type: application/json; charset=utf-8
cache-control: no-cache
content-length: 14

15:49:36.242 [AsyncHttpClient-1-8] DEBUG org.asynchttpclient.netty.channel.ChannelManager - Adding key: http://localhost:63430 for channel [id: 0x85b24d5c, L:/127.0.0.1:53229 - R:localhost/127.0.0.1:63430]
15:49:36.246 [Forwarding findElement on session 6be0c36e43c463d89341c70cbfa577a8 to remote] DEBUG org.asynchttpclient.netty.request.NettyRequestSender - Using pooled Channel '[id: 0x85b24d5c, L:/127.0.0.1:53229 - R:localhost/127.0.0.1:63430]' for 'POST' to 'http://localhost:63430/session/6be0c36e43c463d89341c70cbfa577a8/element'
15:49:36.246 [Forwarding findElement on session 6be0c36e43c463d89341c70cbfa577a8 to remote] DEBUG org.asynchttpclient.netty.request.NettyRequestSender - Using open Channel [id: 0x85b24d5c, L:/127.0.0.1:53229 - R:localhost/127.0.0.1:63430] for POST '/session/6be0c36e43c463d89341c70cbfa577a8/element'
15:49:36.292 [AsyncHttpClient-1-8] DEBUG org.asynchttpclient.netty.handler.HttpHandler - 

Request DefaultHttpRequest(decodeResult: success, version: HTTP/1.1)
POST /session/6be0c36e43c463d89341c70cbfa577a8/element HTTP/1.1
User-Agent: selenium/4.1.2 (java windows)
Content-Length: 72
Content-Type: application/json; charset=utf-8
host: localhost:63430
accept: */*

Response DefaultHttpResponse(decodeResult: success, version: HTTP/1.1)
HTTP/1.1 200 OK
Content-Type: application/json; charset=utf-8
cache-control: no-cache
content-length: 88

15:49:36.292 [AsyncHttpClient-1-8] DEBUG org.asynchttpclient.netty.channel.ChannelManager - Adding key: http://localhost:63430 for channel [id: 0x85b24d5c, L:/127.0.0.1:53229 - R:localhost/127.0.0.1:63430]
15:49:36.294 [Forwarding getElementTagName on session 6be0c36e43c463d89341c70cbfa577a8 to remote] DEBUG org.asynchttpclient.netty.request.NettyRequestSender - Using pooled Channel '[id: 0x85b24d5c, L:/127.0.0.1:53229 - R:localhost/127.0.0.1:63430]' for 'GET' to 'http://localhost:63430/session/6be0c36e43c463d89341c70cbfa577a8/element/dfe16138-81b0-4856-9768-e4ea00291961/name'
15:49:36.294 [Forwarding getElementTagName on session 6be0c36e43c463d89341c70cbfa577a8 to remote] DEBUG org.asynchttpclient.netty.request.NettyRequestSender - Using open Channel [id: 0x85b24d5c, L:/127.0.0.1:53229 - R:localhost/127.0.0.1:63430] for GET '/session/6be0c36e43c463d89341c70cbfa577a8/element/dfe16138-81b0-4856-9768-e4ea00291961/name'
15:49:36.342 [AsyncHttpClient-1-8] DEBUG org.asynchttpclient.netty.handler.HttpHandler - 

Request DefaultFullHttpRequest(decodeResult: success, version: HTTP/1.1, content: EmptyByteBufBE)
GET /session/6be0c36e43c463d89341c70cbfa577a8/element/dfe16138-81b0-4856-9768-e4ea00291961/name HTTP/1.1
User-Agent: selenium/4.1.2 (java windows)
Cache-Control: no-cache
Content-Type: application/json; charset=utf-8
host: localhost:63430
accept: */*

Response DefaultHttpResponse(decodeResult: success, version: HTTP/1.1)
HTTP/1.1 200 OK
Content-Type: application/json; charset=utf-8
cache-control: no-cache
content-length: 13

15:49:36.342 [AsyncHttpClient-1-8] DEBUG org.asynchttpclient.netty.channel.ChannelManager - Adding key: http://localhost:63430 for channel [id: 0x85b24d5c, L:/127.0.0.1:53229 - R:localhost/127.0.0.1:63430]
15:49:36.344 [Forwarding getElementTagName on session 6be0c36e43c463d89341c70cbfa577a8 to remote] DEBUG org.asynchttpclient.netty.request.NettyRequestSender - Using pooled Channel '[id: 0x85b24d5c, L:/127.0.0.1:53229 - R:localhost/127.0.0.1:63430]' for 'GET' to 'http://localhost:63430/session/6be0c36e43c463d89341c70cbfa577a8/element/dfe16138-81b0-4856-9768-e4ea00291961/name'
15:49:36.344 [Forwarding getElementTagName on session 6be0c36e43c463d89341c70cbfa577a8 to remote] DEBUG org.asynchttpclient.netty.request.NettyRequestSender - Using open Channel [id: 0x85b24d5c, L:/127.0.0.1:53229 - R:localhost/127.0.0.1:63430] for GET '/session/6be0c36e43c463d89341c70cbfa577a8/element/dfe16138-81b0-4856-9768-e4ea00291961/name'
15:49:36.378 [AsyncHttpClient-1-1] DEBUG org.asynchttpclient.netty.channel.DefaultChannelPool - Entry count for : http://localhost:53231 : 1
15:49:36.392 [AsyncHttpClient-1-8] DEBUG org.asynchttpclient.netty.handler.HttpHandler - 

Request DefaultFullHttpRequest(decodeResult: success, version: HTTP/1.1, content: EmptyByteBufBE)
GET /session/6be0c36e43c463d89341c70cbfa577a8/element/dfe16138-81b0-4856-9768-e4ea00291961/name HTTP/1.1
User-Agent: selenium/4.1.2 (java windows)
Cache-Control: no-cache
Content-Type: application/json; charset=utf-8
host: localhost:63430
accept: */*

Response DefaultHttpResponse(decodeResult: success, version: HTTP/1.1)
HTTP/1.1 200 OK
Content-Type: application/json; charset=utf-8
cache-control: no-cache
content-length: 13

15:49:36.392 [AsyncHttpClient-1-8] DEBUG org.asynchttpclient.netty.channel.ChannelManager - Adding key: http://localhost:63430 for channel [id: 0x85b24d5c, L:/127.0.0.1:53229 - R:localhost/127.0.0.1:63430]
15:49:36.399 [Forwarding findElement on session 6be0c36e43c463d89341c70cbfa577a8 to remote] DEBUG org.asynchttpclient.netty.request.NettyRequestSender - Using pooled Channel '[id: 0x85b24d5c, L:/127.0.0.1:53229 - R:localhost/127.0.0.1:63430]' for 'POST' to 'http://localhost:63430/session/6be0c36e43c463d89341c70cbfa577a8/element'
15:49:36.400 [Forwarding findElement on session 6be0c36e43c463d89341c70cbfa577a8 to remote] DEBUG org.asynchttpclient.netty.request.NettyRequestSender - Using open Channel [id: 0x85b24d5c, L:/127.0.0.1:53229 - R:localhost/127.0.0.1:63430] for POST '/session/6be0c36e43c463d89341c70cbfa577a8/element'
15:49:36.453 [AsyncHttpClient-1-8] DEBUG org.asynchttpclient.netty.handler.HttpHandler - 

Request DefaultHttpRequest(decodeResult: success, version: HTTP/1.1)
POST /session/6be0c36e43c463d89341c70cbfa577a8/element HTTP/1.1
User-Agent: selenium/4.1.2 (java windows)
Content-Length: 72
Content-Type: application/json; charset=utf-8
host: localhost:63430
accept: */*

Response DefaultHttpResponse(decodeResult: success, version: HTTP/1.1)
HTTP/1.1 200 OK
Content-Type: application/json; charset=utf-8
cache-control: no-cache
content-length: 88

15:49:36.453 [AsyncHttpClient-1-8] DEBUG org.asynchttpclient.netty.channel.ChannelManager - Adding key: http://localhost:63430 for channel [id: 0x85b24d5c, L:/127.0.0.1:53229 - R:localhost/127.0.0.1:63430]
15:49:36.455 [Forwarding clickElement on session 6be0c36e43c463d89341c70cbfa577a8 to remote] DEBUG org.asynchttpclient.netty.request.NettyRequestSender - Using pooled Channel '[id: 0x85b24d5c, L:/127.0.0.1:53229 - R:localhost/127.0.0.1:63430]' for 'POST' to 'http://localhost:63430/session/6be0c36e43c463d89341c70cbfa577a8/element/dfe16138-81b0-4856-9768-e4ea00291961/click'
15:49:36.455 [Forwarding clickElement on session 6be0c36e43c463d89341c70cbfa577a8 to remote] DEBUG org.asynchttpclient.netty.request.NettyRequestSender - Using open Channel [id: 0x85b24d5c, L:/127.0.0.1:53229 - R:localhost/127.0.0.1:63430] for POST '/session/6be0c36e43c463d89341c70cbfa577a8/element/dfe16138-81b0-4856-9768-e4ea00291961/click'
15:49:36.610 [AsyncHttpClient-1-8] DEBUG org.asynchttpclient.netty.handler.HttpHandler - 

Request DefaultHttpRequest(decodeResult: success, version: HTTP/1.1)
POST /session/6be0c36e43c463d89341c70cbfa577a8/element/dfe16138-81b0-4856-9768-e4ea00291961/click HTTP/1.1
User-Agent: selenium/4.1.2 (java windows)
Content-Length: 50
Content-Type: application/json; charset=utf-8
host: localhost:63430
accept: */*

Response DefaultHttpResponse(decodeResult: success, version: HTTP/1.1)
HTTP/1.1 200 OK
Content-Type: application/json; charset=utf-8
cache-control: no-cache
content-length: 14

15:49:36.610 [AsyncHttpClient-1-8] DEBUG org.asynchttpclient.netty.channel.ChannelManager - Adding key: http://localhost:63430 for channel [id: 0x85b24d5c, L:/127.0.0.1:53229 - R:localhost/127.0.0.1:63430]
  &amp#27;[32mWhen &amp#27;[0m&amp#27;[32mi click get started&amp#27;[0m                       &amp#27;[90m# starter.stepdefinition.registerStep.iClickGetStarted()&amp#27;[0m
15:49:36.617 [Forwarding screenshot on session 6be0c36e43c463d89341c70cbfa577a8 to remote] DEBUG org.asynchttpclient.netty.request.NettyRequestSender - Using pooled Channel '[id: 0x85b24d5c, L:/127.0.0.1:53229 - R:localhost/127.0.0.1:63430]' for 'GET' to 'http://localhost:63430/session/6be0c36e43c463d89341c70cbfa577a8/screenshot'
15:49:36.617 [Forwarding screenshot on session 6be0c36e43c463d89341c70cbfa577a8 to remote] DEBUG org.asynchttpclient.netty.request.NettyRequestSender - Using open Channel [id: 0x85b24d5c, L:/127.0.0.1:53229 - R:localhost/127.0.0.1:63430] for GET '/session/6be0c36e43c463d89341c70cbfa577a8/screenshot'
15:49:36.900 [AsyncHttpClient-1-8] DEBUG org.asynchttpclient.netty.handler.HttpHandler - 

Request DefaultFullHttpRequest(decodeResult: success, version: HTTP/1.1, content: EmptyByteBufBE)
GET /session/6be0c36e43c463d89341c70cbfa577a8/screenshot HTTP/1.1
User-Agent: selenium/4.1.2 (java windows)
Cache-Control: no-cache
Content-Type: application/json; charset=utf-8
host: localhost:63430
accept: */*

Response DefaultHttpResponse(decodeResult: success, version: HTTP/1.1)
HTTP/1.1 200 OK
Content-Type: application/json; charset=utf-8
cache-control: no-cache
content-length: 88868

15:49:36.901 [AsyncHttpClient-1-8] DEBUG org.asynchttpclient.netty.channel.ChannelManager - Adding key: http://localhost:63430 for channel [id: 0x85b24d5c, L:/127.0.0.1:53229 - R:localhost/127.0.0.1:63430]
15:49:36.906 [main] DEBUG net.serenitybdd.core.photography.Darkroom - Send negative for processing for target\site\serenity\22be3da2e4adaa169b5459bb2c3a8ac10e2c88bcfa7e93ab5c5f968c738fa7a1.png
15:49:36.906 [Darkroom Processing Line] DEBUG net.serenitybdd.core.photography.DarkroomProcessingLine - Processing screenshot image in /var/screenshots/screenshot-5490686587224782178
15:49:36.906 [Darkroom Processing Line] DEBUG net.serenitybdd.core.photography.DarkroomProcessingLine - Saving screenshot to target\site\serenity\22be3da2e4adaa169b5459bb2c3a8ac10e2c88bcfa7e93ab5c5f968c738fa7a1.png
15:49:36.927 [Forwarding findElement on session 6be0c36e43c463d89341c70cbfa577a8 to remote] DEBUG org.asynchttpclient.netty.request.NettyRequestSender - Using pooled Channel '[id: 0x85b24d5c, L:/127.0.0.1:53229 - R:localhost/127.0.0.1:63430]' for 'POST' to 'http://localhost:63430/session/6be0c36e43c463d89341c70cbfa577a8/element'
15:49:36.927 [Forwarding findElement on session 6be0c36e43c463d89341c70cbfa577a8 to remote] DEBUG org.asynchttpclient.netty.request.NettyRequestSender - Using open Channel [id: 0x85b24d5c, L:/127.0.0.1:53229 - R:localhost/127.0.0.1:63430] for POST '/session/6be0c36e43c463d89341c70cbfa577a8/element'
15:49:36.939 [AsyncHttpClient-1-8] DEBUG org.asynchttpclient.netty.handler.HttpHandler - 

Request DefaultHttpRequest(decodeResult: success, version: HTTP/1.1)
POST /session/6be0c36e43c463d89341c70cbfa577a8/element HTTP/1.1
User-Agent: selenium/4.1.2 (java windows)
Content-Length: 67
Content-Type: application/json; charset=utf-8
host: localhost:63430
accept: */*

Response DefaultHttpResponse(decodeResult: success, version: HTTP/1.1)
HTTP/1.1 200 OK
Content-Type: application/json; charset=utf-8
cache-control: no-cache
content-length: 88

15:49:36.939 [AsyncHttpClient-1-8] DEBUG org.asynchttpclient.netty.channel.ChannelManager - Adding key: http://localhost:63430 for channel [id: 0x85b24d5c, L:/127.0.0.1:53229 - R:localhost/127.0.0.1:63430]
15:49:36.943 [Forwarding clearElement on session 6be0c36e43c463d89341c70cbfa577a8 to remote] DEBUG org.asynchttpclient.netty.request.NettyRequestSender - Using pooled Channel '[id: 0x85b24d5c, L:/127.0.0.1:53229 - R:localhost/127.0.0.1:63430]' for 'POST' to 'http://localhost:63430/session/6be0c36e43c463d89341c70cbfa577a8/element/5da99898-d78d-43c5-b1f7-196cbf5956c0/clear'
15:49:36.943 [Forwarding clearElement on session 6be0c36e43c463d89341c70cbfa577a8 to remote] DEBUG org.asynchttpclient.netty.request.NettyRequestSender - Using open Channel [id: 0x85b24d5c, L:/127.0.0.1:53229 - R:localhost/127.0.0.1:63430] for POST '/session/6be0c36e43c463d89341c70cbfa577a8/element/5da99898-d78d-43c5-b1f7-196cbf5956c0/clear'
15:49:36.977 [AsyncHttpClient-1-8] DEBUG org.asynchttpclient.netty.handler.HttpHandler - 

Request DefaultHttpRequest(decodeResult: success, version: HTTP/1.1)
POST /session/6be0c36e43c463d89341c70cbfa577a8/element/5da99898-d78d-43c5-b1f7-196cbf5956c0/clear HTTP/1.1
User-Agent: selenium/4.1.2 (java windows)
Content-Length: 50
Content-Type: application/json; charset=utf-8
host: localhost:63430
accept: */*

Response DefaultHttpResponse(decodeResult: success, version: HTTP/1.1)
HTTP/1.1 200 OK
Content-Type: application/json; charset=utf-8
cache-control: no-cache
content-length: 14

15:49:36.977 [AsyncHttpClient-1-8] DEBUG org.asynchttpclient.netty.channel.ChannelManager - Adding key: http://localhost:63430 for channel [id: 0x85b24d5c, L:/127.0.0.1:53229 - R:localhost/127.0.0.1:63430]
15:49:36.979 [Forwarding sendKeysToElement on session 6be0c36e43c463d89341c70cbfa577a8 to remote] DEBUG org.asynchttpclient.netty.request.NettyRequestSender - Using pooled Channel '[id: 0x85b24d5c, L:/127.0.0.1:53229 - R:localhost/127.0.0.1:63430]' for 'POST' to 'http://localhost:63430/session/6be0c36e43c463d89341c70cbfa577a8/element/5da99898-d78d-43c5-b1f7-196cbf5956c0/value'
15:49:36.979 [Forwarding sendKeysToElement on session 6be0c36e43c463d89341c70cbfa577a8 to remote] DEBUG org.asynchttpclient.netty.request.NettyRequestSender - Using open Channel [id: 0x85b24d5c, L:/127.0.0.1:53229 - R:localhost/127.0.0.1:63430] for POST '/session/6be0c36e43c463d89341c70cbfa577a8/element/5da99898-d78d-43c5-b1f7-196cbf5956c0/value'
15:49:37.051 [AsyncHttpClient-1-8] DEBUG org.asynchttpclient.netty.handler.HttpHandler - 

Request DefaultHttpRequest(decodeResult: success, version: HTTP/1.1)
POST /session/6be0c36e43c463d89341c70cbfa577a8/element/5da99898-d78d-43c5-b1f7-196cbf5956c0/value HTTP/1.1
User-Agent: selenium/4.1.2 (java windows)
Content-Length: 231
Content-Type: application/json; charset=utf-8
host: localhost:63430
accept: */*

Response DefaultHttpResponse(decodeResult: success, version: HTTP/1.1)
HTTP/1.1 200 OK
Content-Type: application/json; charset=utf-8
cache-control: no-cache
content-length: 14

15:49:37.052 [AsyncHttpClient-1-8] DEBUG org.asynchttpclient.netty.channel.ChannelManager - Adding key: http://localhost:63430 for channel [id: 0x85b24d5c, L:/127.0.0.1:53229 - R:localhost/127.0.0.1:63430]
15:49:37.055 [Forwarding findElement on session 6be0c36e43c463d89341c70cbfa577a8 to remote] DEBUG org.asynchttpclient.netty.request.NettyRequestSender - Using pooled Channel '[id: 0x85b24d5c, L:/127.0.0.1:53229 - R:localhost/127.0.0.1:63430]' for 'POST' to 'http://localhost:63430/session/6be0c36e43c463d89341c70cbfa577a8/element'
15:49:37.056 [Forwarding findElement on session 6be0c36e43c463d89341c70cbfa577a8 to remote] DEBUG org.asynchttpclient.netty.request.NettyRequestSender - Using open Channel [id: 0x85b24d5c, L:/127.0.0.1:53229 - R:localhost/127.0.0.1:63430] for POST '/session/6be0c36e43c463d89341c70cbfa577a8/element'
15:49:37.068 [AsyncHttpClient-1-8] DEBUG org.asynchttpclient.netty.handler.HttpHandler - 

Request DefaultHttpRequest(decodeResult: success, version: HTTP/1.1)
POST /session/6be0c36e43c463d89341c70cbfa577a8/element HTTP/1.1
User-Agent: selenium/4.1.2 (java windows)
Content-Length: 70
Content-Type: application/json; charset=utf-8
host: localhost:63430
accept: */*

Response DefaultHttpResponse(decodeResult: success, version: HTTP/1.1)
HTTP/1.1 200 OK
Content-Type: application/json; charset=utf-8
cache-control: no-cache
content-length: 88

15:49:37.068 [AsyncHttpClient-1-8] DEBUG org.asynchttpclient.netty.channel.ChannelManager - Adding key: http://localhost:63430 for channel [id: 0x85b24d5c, L:/127.0.0.1:53229 - R:localhost/127.0.0.1:63430]
15:49:37.072 [Forwarding clearElement on session 6be0c36e43c463d89341c70cbfa577a8 to remote] DEBUG org.asynchttpclient.netty.request.NettyRequestSender - Using pooled Channel '[id: 0x85b24d5c, L:/127.0.0.1:53229 - R:localhost/127.0.0.1:63430]' for 'POST' to 'http://localhost:63430/session/6be0c36e43c463d89341c70cbfa577a8/element/792efab9-8dc2-4e6a-8f66-b14684463c7a/clear'
15:49:37.072 [Forwarding clearElement on session 6be0c36e43c463d89341c70cbfa577a8 to remote] DEBUG org.asynchttpclient.netty.request.NettyRequestSender - Using open Channel [id: 0x85b24d5c, L:/127.0.0.1:53229 - R:localhost/127.0.0.1:63430] for POST '/session/6be0c36e43c463d89341c70cbfa577a8/element/792efab9-8dc2-4e6a-8f66-b14684463c7a/clear'
15:49:37.108 [AsyncHttpClient-1-8] DEBUG org.asynchttpclient.netty.handler.HttpHandler - 

Request DefaultHttpRequest(decodeResult: success, version: HTTP/1.1)
POST /session/6be0c36e43c463d89341c70cbfa577a8/element/792efab9-8dc2-4e6a-8f66-b14684463c7a/clear HTTP/1.1
User-Agent: selenium/4.1.2 (java windows)
Content-Length: 50
Content-Type: application/json; charset=utf-8
host: localhost:63430
accept: */*

Response DefaultHttpResponse(decodeResult: success, version: HTTP/1.1)
HTTP/1.1 200 OK
Content-Type: application/json; charset=utf-8
cache-control: no-cache
content-length: 14

15:49:37.109 [AsyncHttpClient-1-8] DEBUG org.asynchttpclient.netty.channel.ChannelManager - Adding key: http://localhost:63430 for channel [id: 0x85b24d5c, L:/127.0.0.1:53229 - R:localhost/127.0.0.1:63430]
15:49:37.112 [Forwarding sendKeysToElement on session 6be0c36e43c463d89341c70cbfa577a8 to remote] DEBUG org.asynchttpclient.netty.request.NettyRequestSender - Using pooled Channel '[id: 0x85b24d5c, L:/127.0.0.1:53229 - R:localhost/127.0.0.1:63430]' for 'POST' to 'http://localhost:63430/session/6be0c36e43c463d89341c70cbfa577a8/element/792efab9-8dc2-4e6a-8f66-b14684463c7a/value'
15:49:37.112 [Forwarding sendKeysToElement on session 6be0c36e43c463d89341c70cbfa577a8 to remote] DEBUG org.asynchttpclient.netty.request.NettyRequestSender - Using open Channel [id: 0x85b24d5c, L:/127.0.0.1:53229 - R:localhost/127.0.0.1:63430] for POST '/session/6be0c36e43c463d89341c70cbfa577a8/element/792efab9-8dc2-4e6a-8f66-b14684463c7a/value'
15:49:37.151 [AsyncHttpClient-1-8] DEBUG org.asynchttpclient.netty.handler.HttpHandler - 

Request DefaultHttpRequest(decodeResult: success, version: HTTP/1.1)
POST /session/6be0c36e43c463d89341c70cbfa577a8/element/792efab9-8dc2-4e6a-8f66-b14684463c7a/value HTTP/1.1
User-Agent: selenium/4.1.2 (java windows)
Content-Length: 82
Content-Type: application/json; charset=utf-8
host: localhost:63430
accept: */*

Response DefaultHttpResponse(decodeResult: success, version: HTTP/1.1)
HTTP/1.1 200 OK
Content-Type: application/json; charset=utf-8
cache-control: no-cache
content-length: 14

15:49:37.152 [AsyncHttpClient-1-8] DEBUG org.asynchttpclient.netty.channel.ChannelManager - Adding key: http://localhost:63430 for channel [id: 0x85b24d5c, L:/127.0.0.1:53229 - R:localhost/127.0.0.1:63430]
  &amp#27;[32mAnd &amp#27;[0m&amp#27;[32mi input &amp#27;[0m&amp#27;[32m&amp#27;[1m"sonya@gmail.com"&amp#27;[0m&amp#27;[32m and &amp#27;[0m&amp#27;[32m&amp#27;[1m""&amp#27;[0m&amp#27;[32m for login&amp#27;[0m &amp#27;[90m# starter.stepdefinition.loginStep.iInputAndForLogin(java.lang.String,java.lang.String)&amp#27;[0m
15:49:37.160 [Forwarding screenshot on session 6be0c36e43c463d89341c70cbfa577a8 to remote] DEBUG org.asynchttpclient.netty.request.NettyRequestSender - Using pooled Channel '[id: 0x85b24d5c, L:/127.0.0.1:53229 - R:localhost/127.0.0.1:63430]' for 'GET' to 'http://localhost:63430/session/6be0c36e43c463d89341c70cbfa577a8/screenshot'
15:49:37.160 [Forwarding screenshot on session 6be0c36e43c463d89341c70cbfa577a8 to remote] DEBUG org.asynchttpclient.netty.request.NettyRequestSender - Using open Channel [id: 0x85b24d5c, L:/127.0.0.1:53229 - R:localhost/127.0.0.1:63430] for GET '/session/6be0c36e43c463d89341c70cbfa577a8/screenshot'
15:49:37.417 [AsyncHttpClient-1-8] DEBUG org.asynchttpclient.netty.handler.HttpHandler - 

Request DefaultFullHttpRequest(decodeResult: success, version: HTTP/1.1, content: EmptyByteBufBE)
GET /session/6be0c36e43c463d89341c70cbfa577a8/screenshot HTTP/1.1
User-Agent: selenium/4.1.2 (java windows)
Cache-Control: no-cache
Content-Type: application/json; charset=utf-8
host: localhost:63430
accept: */*

Response DefaultHttpResponse(decodeResult: success, version: HTTP/1.1)
HTTP/1.1 200 OK
Content-Type: application/json; charset=utf-8
cache-control: no-cache
content-length: 219952

15:49:37.419 [AsyncHttpClient-1-8] DEBUG org.asynchttpclient.netty.channel.ChannelManager - Adding key: http://localhost:63430 for channel [id: 0x85b24d5c, L:/127.0.0.1:53229 - R:localhost/127.0.0.1:63430]
15:49:37.426 [main] DEBUG net.serenitybdd.core.photography.Darkroom - Send negative for processing for target\site\serenity\a1ada81a3a6b19d47a0414df68f20a0429813d6275889bf815f82ff276c666e0.png
15:49:37.427 [Darkroom Processing Line] DEBUG net.serenitybdd.core.photography.DarkroomProcessingLine - Processing screenshot image in /var/screenshots/screenshot-3007982853658395145
15:49:37.427 [Darkroom Processing Line] DEBUG net.serenitybdd.core.photography.DarkroomProcessingLine - Saving screenshot to target\site\serenity\a1ada81a3a6b19d47a0414df68f20a0429813d6275889bf815f82ff276c666e0.png
15:49:37.436 [Forwarding findElement on session 6be0c36e43c463d89341c70cbfa577a8 to remote] DEBUG org.asynchttpclient.netty.request.NettyRequestSender - Using pooled Channel '[id: 0x85b24d5c, L:/127.0.0.1:53229 - R:localhost/127.0.0.1:63430]' for 'POST' to 'http://localhost:63430/session/6be0c36e43c463d89341c70cbfa577a8/element'
15:49:37.436 [Forwarding findElement on session 6be0c36e43c463d89341c70cbfa577a8 to remote] DEBUG org.asynchttpclient.netty.request.NettyRequestSender - Using open Channel [id: 0x85b24d5c, L:/127.0.0.1:53229 - R:localhost/127.0.0.1:63430] for POST '/session/6be0c36e43c463d89341c70cbfa577a8/element'
15:49:37.448 [AsyncHttpClient-1-8] DEBUG org.asynchttpclient.netty.handler.HttpHandler - 

Request DefaultHttpRequest(decodeResult: success, version: HTTP/1.1)
POST /session/6be0c36e43c463d89341c70cbfa577a8/element HTTP/1.1
User-Agent: selenium/4.1.2 (java windows)
Content-Length: 53
Content-Type: application/json; charset=utf-8
host: localhost:63430
accept: */*

Response DefaultHttpResponse(decodeResult: success, version: HTTP/1.1)
HTTP/1.1 200 OK
Content-Type: application/json; charset=utf-8
cache-control: no-cache
content-length: 88

15:49:37.448 [AsyncHttpClient-1-8] DEBUG org.asynchttpclient.netty.channel.ChannelManager - Adding key: http://localhost:63430 for channel [id: 0x85b24d5c, L:/127.0.0.1:53229 - R:localhost/127.0.0.1:63430]
15:49:37.450 [Forwarding getElementTagName on session 6be0c36e43c463d89341c70cbfa577a8 to remote] DEBUG org.asynchttpclient.netty.request.NettyRequestSender - Using pooled Channel '[id: 0x85b24d5c, L:/127.0.0.1:53229 - R:localhost/127.0.0.1:63430]' for 'GET' to 'http://localhost:63430/session/6be0c36e43c463d89341c70cbfa577a8/element/d5b1b84e-d4b5-4599-9ff2-92db5cc11f6b/name'
15:49:37.450 [Forwarding getElementTagName on session 6be0c36e43c463d89341c70cbfa577a8 to remote] DEBUG org.asynchttpclient.netty.request.NettyRequestSender - Using open Channel [id: 0x85b24d5c, L:/127.0.0.1:53229 - R:localhost/127.0.0.1:63430] for GET '/session/6be0c36e43c463d89341c70cbfa577a8/element/d5b1b84e-d4b5-4599-9ff2-92db5cc11f6b/name'
15:49:37.455 [AsyncHttpClient-1-8] DEBUG org.asynchttpclient.netty.handler.HttpHandler - 

Request DefaultFullHttpRequest(decodeResult: success, version: HTTP/1.1, content: EmptyByteBufBE)
GET /session/6be0c36e43c463d89341c70cbfa577a8/element/d5b1b84e-d4b5-4599-9ff2-92db5cc11f6b/name HTTP/1.1
User-Agent: selenium/4.1.2 (java windows)
Cache-Control: no-cache
Content-Type: application/json; charset=utf-8
host: localhost:63430
accept: */*

Response DefaultHttpResponse(decodeResult: success, version: HTTP/1.1)
HTTP/1.1 200 OK
Content-Type: application/json; charset=utf-8
cache-control: no-cache
content-length: 18

15:49:37.455 [AsyncHttpClient-1-8] DEBUG org.asynchttpclient.netty.channel.ChannelManager - Adding key: http://localhost:63430 for channel [id: 0x85b24d5c, L:/127.0.0.1:53229 - R:localhost/127.0.0.1:63430]
15:49:37.456 [Forwarding getElementTagName on session 6be0c36e43c463d89341c70cbfa577a8 to remote] DEBUG org.asynchttpclient.netty.request.NettyRequestSender - Using pooled Channel '[id: 0x85b24d5c, L:/127.0.0.1:53229 - R:localhost/127.0.0.1:63430]' for 'GET' to 'http://localhost:63430/session/6be0c36e43c463d89341c70cbfa577a8/element/d5b1b84e-d4b5-4599-9ff2-92db5cc11f6b/name'
15:49:37.457 [Forwarding getElementTagName on session 6be0c36e43c463d89341c70cbfa577a8 to remote] DEBUG org.asynchttpclient.netty.request.NettyRequestSender - Using open Channel [id: 0x85b24d5c, L:/127.0.0.1:53229 - R:localhost/127.0.0.1:63430] for GET '/session/6be0c36e43c463d89341c70cbfa577a8/element/d5b1b84e-d4b5-4599-9ff2-92db5cc11f6b/name'
15:49:37.461 [AsyncHttpClient-1-8] DEBUG org.asynchttpclient.netty.handler.HttpHandler - 

Request DefaultFullHttpRequest(decodeResult: success, version: HTTP/1.1, content: EmptyByteBufBE)
GET /session/6be0c36e43c463d89341c70cbfa577a8/element/d5b1b84e-d4b5-4599-9ff2-92db5cc11f6b/name HTTP/1.1
User-Agent: selenium/4.1.2 (java windows)
Cache-Control: no-cache
Content-Type: application/json; charset=utf-8
host: localhost:63430
accept: */*

Response DefaultHttpResponse(decodeResult: success, version: HTTP/1.1)
HTTP/1.1 200 OK
Content-Type: application/json; charset=utf-8
cache-control: no-cache
content-length: 18

15:49:37.462 [AsyncHttpClient-1-8] DEBUG org.asynchttpclient.netty.channel.ChannelManager - Adding key: http://localhost:63430 for channel [id: 0x85b24d5c, L:/127.0.0.1:53229 - R:localhost/127.0.0.1:63430]
15:49:37.464 [Forwarding isElementEnabled on session 6be0c36e43c463d89341c70cbfa577a8 to remote] DEBUG org.asynchttpclient.netty.request.NettyRequestSender - Using pooled Channel '[id: 0x85b24d5c, L:/127.0.0.1:53229 - R:localhost/127.0.0.1:63430]' for 'GET' to 'http://localhost:63430/session/6be0c36e43c463d89341c70cbfa577a8/element/d5b1b84e-d4b5-4599-9ff2-92db5cc11f6b/enabled'
15:49:37.464 [Forwarding isElementEnabled on session 6be0c36e43c463d89341c70cbfa577a8 to remote] DEBUG org.asynchttpclient.netty.request.NettyRequestSender - Using open Channel [id: 0x85b24d5c, L:/127.0.0.1:53229 - R:localhost/127.0.0.1:63430] for GET '/session/6be0c36e43c463d89341c70cbfa577a8/element/d5b1b84e-d4b5-4599-9ff2-92db5cc11f6b/enabled'
15:49:37.472 [AsyncHttpClient-1-8] DEBUG org.asynchttpclient.netty.handler.HttpHandler - 

Request DefaultFullHttpRequest(decodeResult: success, version: HTTP/1.1, content: EmptyByteBufBE)
GET /session/6be0c36e43c463d89341c70cbfa577a8/element/d5b1b84e-d4b5-4599-9ff2-92db5cc11f6b/enabled HTTP/1.1
User-Agent: selenium/4.1.2 (java windows)
Cache-Control: no-cache
Content-Type: application/json; charset=utf-8
host: localhost:63430
accept: */*

Response DefaultHttpResponse(decodeResult: success, version: HTTP/1.1)
HTTP/1.1 200 OK
Content-Type: application/json; charset=utf-8
cache-control: no-cache
content-length: 14

15:49:37.472 [AsyncHttpClient-1-8] DEBUG org.asynchttpclient.netty.channel.ChannelManager - Adding key: http://localhost:63430 for channel [id: 0x85b24d5c, L:/127.0.0.1:53229 - R:localhost/127.0.0.1:63430]
15:49:37.475 [Forwarding isElementEnabled on session 6be0c36e43c463d89341c70cbfa577a8 to remote] DEBUG org.asynchttpclient.netty.request.NettyRequestSender - Using pooled Channel '[id: 0x85b24d5c, L:/127.0.0.1:53229 - R:localhost/127.0.0.1:63430]' for 'GET' to 'http://localhost:63430/session/6be0c36e43c463d89341c70cbfa577a8/element/d5b1b84e-d4b5-4599-9ff2-92db5cc11f6b/enabled'
15:49:37.475 [Forwarding isElementEnabled on session 6be0c36e43c463d89341c70cbfa577a8 to remote] DEBUG org.asynchttpclient.netty.request.NettyRequestSender - Using open Channel [id: 0x85b24d5c, L:/127.0.0.1:53229 - R:localhost/127.0.0.1:63430] for GET '/session/6be0c36e43c463d89341c70cbfa577a8/element/d5b1b84e-d4b5-4599-9ff2-92db5cc11f6b/enabled'
15:49:37.476 [AsyncHttpClient-1-1] DEBUG org.asynchttpclient.netty.channel.DefaultChannelPool - Entry count for : http://localhost:53231 : 1
15:49:37.483 [AsyncHttpClient-1-8] DEBUG org.asynchttpclient.netty.handler.HttpHandler - 

Request DefaultFullHttpRequest(decodeResult: success, version: HTTP/1.1, content: EmptyByteBufBE)
GET /session/6be0c36e43c463d89341c70cbfa577a8/element/d5b1b84e-d4b5-4599-9ff2-92db5cc11f6b/enabled HTTP/1.1
User-Agent: selenium/4.1.2 (java windows)
Cache-Control: no-cache
Content-Type: application/json; charset=utf-8
host: localhost:63430
accept: */*

Response DefaultHttpResponse(decodeResult: success, version: HTTP/1.1)
HTTP/1.1 200 OK
Content-Type: application/json; charset=utf-8
cache-control: no-cache
content-length: 14

15:49:37.483 [AsyncHttpClient-1-8] DEBUG org.asynchttpclient.netty.channel.ChannelManager - Adding key: http://localhost:63430 for channel [id: 0x85b24d5c, L:/127.0.0.1:53229 - R:localhost/127.0.0.1:63430]
15:49:37.486 [Forwarding findElement on session 6be0c36e43c463d89341c70cbfa577a8 to remote] DEBUG org.asynchttpclient.netty.request.NettyRequestSender - Using pooled Channel '[id: 0x85b24d5c, L:/127.0.0.1:53229 - R:localhost/127.0.0.1:63430]' for 'POST' to 'http://localhost:63430/session/6be0c36e43c463d89341c70cbfa577a8/element'
15:49:37.486 [Forwarding findElement on session 6be0c36e43c463d89341c70cbfa577a8 to remote] DEBUG org.asynchttpclient.netty.request.NettyRequestSender - Using open Channel [id: 0x85b24d5c, L:/127.0.0.1:53229 - R:localhost/127.0.0.1:63430] for POST '/session/6be0c36e43c463d89341c70cbfa577a8/element'
15:49:37.494 [AsyncHttpClient-1-8] DEBUG org.asynchttpclient.netty.handler.HttpHandler - 

Request DefaultHttpRequest(decodeResult: success, version: HTTP/1.1)
POST /session/6be0c36e43c463d89341c70cbfa577a8/element HTTP/1.1
User-Agent: selenium/4.1.2 (java windows)
Content-Length: 53
Content-Type: application/json; charset=utf-8
host: localhost:63430
accept: */*

Response DefaultHttpResponse(decodeResult: success, version: HTTP/1.1)
HTTP/1.1 200 OK
Content-Type: application/json; charset=utf-8
cache-control: no-cache
content-length: 88

15:49:37.494 [AsyncHttpClient-1-8] DEBUG org.asynchttpclient.netty.channel.ChannelManager - Adding key: http://localhost:63430 for channel [id: 0x85b24d5c, L:/127.0.0.1:53229 - R:localhost/127.0.0.1:63430]
15:49:37.496 [Forwarding clickElement on session 6be0c36e43c463d89341c70cbfa577a8 to remote] DEBUG org.asynchttpclient.netty.request.NettyRequestSender - Using pooled Channel '[id: 0x85b24d5c, L:/127.0.0.1:53229 - R:localhost/127.0.0.1:63430]' for 'POST' to 'http://localhost:63430/session/6be0c36e43c463d89341c70cbfa577a8/element/d5b1b84e-d4b5-4599-9ff2-92db5cc11f6b/click'
15:49:37.496 [Forwarding clickElement on session 6be0c36e43c463d89341c70cbfa577a8 to remote] DEBUG org.asynchttpclient.netty.request.NettyRequestSender - Using open Channel [id: 0x85b24d5c, L:/127.0.0.1:53229 - R:localhost/127.0.0.1:63430] for POST '/session/6be0c36e43c463d89341c70cbfa577a8/element/d5b1b84e-d4b5-4599-9ff2-92db5cc11f6b/click'
15:49:37.746 [AsyncHttpClient-1-8] DEBUG org.asynchttpclient.netty.handler.HttpHandler - 

Request DefaultHttpRequest(decodeResult: success, version: HTTP/1.1)
POST /session/6be0c36e43c463d89341c70cbfa577a8/element/d5b1b84e-d4b5-4599-9ff2-92db5cc11f6b/click HTTP/1.1
User-Agent: selenium/4.1.2 (java windows)
Content-Length: 50
Content-Type: application/json; charset=utf-8
host: localhost:63430
accept: */*

Response DefaultHttpResponse(decodeResult: success, version: HTTP/1.1)
HTTP/1.1 200 OK
Content-Type: application/json; charset=utf-8
cache-control: no-cache
content-length: 14

15:49:37.746 [AsyncHttpClient-1-8] DEBUG org.asynchttpclient.netty.channel.ChannelManager - Adding key: http://localhost:63430 for channel [id: 0x85b24d5c, L:/127.0.0.1:53229 - R:localhost/127.0.0.1:63430]
  &amp#27;[32mAnd &amp#27;[0m&amp#27;[32mi click continue button for login&amp#27;[0m          &amp#27;[90m# starter.stepdefinition.loginStep.iClickContinueButtonForLogin()&amp#27;[0m
15:49:37.757 [Forwarding screenshot on session 6be0c36e43c463d89341c70cbfa577a8 to remote] DEBUG org.asynchttpclient.netty.request.NettyRequestSender - Using pooled Channel '[id: 0x85b24d5c, L:/127.0.0.1:53229 - R:localhost/127.0.0.1:63430]' for 'GET' to 'http://localhost:63430/session/6be0c36e43c463d89341c70cbfa577a8/screenshot'
15:49:37.757 [Forwarding screenshot on session 6be0c36e43c463d89341c70cbfa577a8 to remote] DEBUG org.asynchttpclient.netty.request.NettyRequestSender - Using open Channel [id: 0x85b24d5c, L:/127.0.0.1:53229 - R:localhost/127.0.0.1:63430] for GET '/session/6be0c36e43c463d89341c70cbfa577a8/screenshot'
15:49:38.209 [AsyncHttpClient-1-8] DEBUG org.asynchttpclient.netty.handler.HttpHandler - 

Request DefaultFullHttpRequest(decodeResult: success, version: HTTP/1.1, content: EmptyByteBufBE)
GET /session/6be0c36e43c463d89341c70cbfa577a8/screenshot HTTP/1.1
User-Agent: selenium/4.1.2 (java windows)
Cache-Control: no-cache
Content-Type: application/json; charset=utf-8
host: localhost:63430
accept: */*

Response DefaultHttpResponse(decodeResult: success, version: HTTP/1.1)
HTTP/1.1 200 OK
Content-Type: application/json; charset=utf-8
cache-control: no-cache
content-length: 125708

15:49:38.210 [AsyncHttpClient-1-8] DEBUG org.asynchttpclient.netty.channel.ChannelManager - Adding key: http://localhost:63430 for channel [id: 0x85b24d5c, L:/127.0.0.1:53229 - R:localhost/127.0.0.1:63430]
15:49:38.223 [main] DEBUG net.serenitybdd.core.photography.Darkroom - Send negative for processing for target\site\serenity\71da4494f622444d2f37edde5b57275e8e1e32a01fe29ef14daf4bb08f61ecee.png
15:49:38.224 [Darkroom Processing Line] DEBUG net.serenitybdd.core.photography.DarkroomProcessingLine - Processing screenshot image in /var/screenshots/screenshot-16956512070191735307
15:49:38.224 [Darkroom Processing Line] DEBUG net.serenitybdd.core.photography.DarkroomProcessingLine - Saving screenshot to target\site\serenity\71da4494f622444d2f37edde5b57275e8e1e32a01fe29ef14daf4bb08f61ecee.png
15:49:38.227 [Forwarding findElement on session 6be0c36e43c463d89341c70cbfa577a8 to remote] DEBUG org.asynchttpclient.netty.request.NettyRequestSender - Using pooled Channel '[id: 0x85b24d5c, L:/127.0.0.1:53229 - R:localhost/127.0.0.1:63430]' for 'POST' to 'http://localhost:63430/session/6be0c36e43c463d89341c70cbfa577a8/element'
15:49:38.227 [Forwarding findElement on session 6be0c36e43c463d89341c70cbfa577a8 to remote] DEBUG org.asynchttpclient.netty.request.NettyRequestSender - Using open Channel [id: 0x85b24d5c, L:/127.0.0.1:53229 - R:localhost/127.0.0.1:63430] for POST '/session/6be0c36e43c463d89341c70cbfa577a8/element'
15:49:38.244 [AsyncHttpClient-1-8] DEBUG org.asynchttpclient.netty.handler.HttpHandler - 

Request DefaultHttpRequest(decodeResult: success, version: HTTP/1.1)
POST /session/6be0c36e43c463d89341c70cbfa577a8/element HTTP/1.1
User-Agent: selenium/4.1.2 (java windows)
Content-Length: 90
Content-Type: application/json; charset=utf-8
host: localhost:63430
accept: */*

Response DefaultHttpResponse(decodeResult: success, version: HTTP/1.1)
HTTP/1.1 200 OK
Content-Type: application/json; charset=utf-8
cache-control: no-cache
content-length: 88

15:49:38.244 [AsyncHttpClient-1-8] DEBUG org.asynchttpclient.netty.channel.ChannelManager - Adding key: http://localhost:63430 for channel [id: 0x85b24d5c, L:/127.0.0.1:53229 - R:localhost/127.0.0.1:63430]
15:49:38.248 [Forwarding isElementDisplayed on session 6be0c36e43c463d89341c70cbfa577a8 to remote] DEBUG org.asynchttpclient.netty.request.NettyRequestSender - Using pooled Channel '[id: 0x85b24d5c, L:/127.0.0.1:53229 - R:localhost/127.0.0.1:63430]' for 'POST' to 'http://localhost:63430/session/6be0c36e43c463d89341c70cbfa577a8/execute/sync'
15:49:38.249 [Forwarding isElementDisplayed on session 6be0c36e43c463d89341c70cbfa577a8 to remote] DEBUG org.asynchttpclient.netty.request.NettyRequestSender - Using open Channel [id: 0x85b24d5c, L:/127.0.0.1:53229 - R:localhost/127.0.0.1:63430] for POST '/session/6be0c36e43c463d89341c70cbfa577a8/execute/sync'
15:49:38.266 [AsyncHttpClient-1-8] DEBUG org.asynchttpclient.netty.handler.HttpHandler - 

Request DefaultHttpRequest(decodeResult: success, version: HTTP/1.1)
POST /session/6be0c36e43c463d89341c70cbfa577a8/execute/sync HTTP/1.1
User-Agent: selenium/4.1.2 (java windows)
Content-Length: 48780
Content-Type: application/json; charset=utf-8
host: localhost:63430
accept: */*

Response DefaultHttpResponse(decodeResult: success, version: HTTP/1.1)
HTTP/1.1 200 OK
Content-Type: application/json; charset=utf-8
cache-control: no-cache
content-length: 14

15:49:38.266 [AsyncHttpClient-1-8] DEBUG org.asynchttpclient.netty.channel.ChannelManager - Adding key: http://localhost:63430 for channel [id: 0x85b24d5c, L:/127.0.0.1:53229 - R:localhost/127.0.0.1:63430]
  &amp#27;[32mThen &amp#27;[0m&amp#27;[32mi get my &amp#27;[0m&amp#27;[32m&amp#27;[1m"login page"&amp#27;[0m&amp#27;[32m after login&amp#27;[0m         &amp#27;[90m# starter.stepdefinition.loginStep.iGetMyAfterLogin(java.lang.String)&amp#27;[0m
15:49:38.278 [Forwarding screenshot on session 6be0c36e43c463d89341c70cbfa577a8 to remote] DEBUG org.asynchttpclient.netty.request.NettyRequestSender - Using pooled Channel '[id: 0x85b24d5c, L:/127.0.0.1:53229 - R:localhost/127.0.0.1:63430]' for 'GET' to 'http://localhost:63430/session/6be0c36e43c463d89341c70cbfa577a8/screenshot'
15:49:38.279 [Forwarding screenshot on session 6be0c36e43c463d89341c70cbfa577a8 to remote] DEBUG org.asynchttpclient.netty.request.NettyRequestSender - Using open Channel [id: 0x85b24d5c, L:/127.0.0.1:53229 - R:localhost/127.0.0.1:63430] for GET '/session/6be0c36e43c463d89341c70cbfa577a8/screenshot'
15:49:38.509 [AsyncHttpClient-1-8] DEBUG org.asynchttpclient.netty.handler.HttpHandler - 

Request DefaultFullHttpRequest(decodeResult: success, version: HTTP/1.1, content: EmptyByteBufBE)
GET /session/6be0c36e43c463d89341c70cbfa577a8/screenshot HTTP/1.1
User-Agent: selenium/4.1.2 (java windows)
Cache-Control: no-cache
Content-Type: application/json; charset=utf-8
host: localhost:63430
accept: */*

Response DefaultHttpResponse(decodeResult: success, version: HTTP/1.1)
HTTP/1.1 200 OK
Content-Type: application/json; charset=utf-8
cache-control: no-cache
content-length: 125356

15:49:38.509 [AsyncHttpClient-1-8] DEBUG org.asynchttpclient.netty.channel.ChannelManager - Adding key: http://localhost:63430 for channel [id: 0x85b24d5c, L:/127.0.0.1:53229 - R:localhost/127.0.0.1:63430]
15:49:38.519 [main] DEBUG net.serenitybdd.core.photography.Darkroom - Send negative for processing for target\site\serenity\d71abe87caa04be3621d67e3f316f27f2733d3cef1e43d7497da77e0e60bd1a0.png
15:49:38.520 [Darkroom Processing Line] DEBUG net.serenitybdd.core.photography.DarkroomProcessingLine - Processing screenshot image in /var/screenshots/screenshot-7990345635643319099
15:49:38.520 [Darkroom Processing Line] DEBUG net.serenitybdd.core.photography.DarkroomProcessingLine - Saving screenshot to target\site\serenity\d71abe87caa04be3621d67e3f316f27f2733d3cef1e43d7497da77e0e60bd1a0.png
15:49:38.522 [AsyncHttpClient-1-10] DEBUG org.asynchttpclient.netty.handler.WebSocketHandler - Channel Closed: [id: 0x02db1fc3, L:/127.0.0.1:53239 ! R:localhost/127.0.0.1:53231] with attribute NettyResponseFuture{currentRetry=5,
	isDone=1,
	isCancelled=0,
	asyncHandler=org.asynchttpclient.ws.WebSocketUpgradeHandler@69d22c5d,
	nettyRequest=org.asynchttpclient.netty.request.NettyRequest@2cd0bf03,
	future=java.util.concurrent.CompletableFuture@1df2969b[Completed normally],
	uri=ws://localhost:53231/devtools/browser/0933f51a-3cf7-4232-b6c3-6592ece4f6be,
	keepAlive=true,
	redirectCount=0,
	timeoutsHolder=null,
	inAuth=0,
	touch=1655282968595}
15:49:38.522 [AsyncHttpClient-1-10] DEBUG org.asynchttpclient.netty.channel.ChannelManager - Closing Channel [id: 0x02db1fc3, L:/127.0.0.1:53239 ! R:localhost/127.0.0.1:53231] 
15:49:38.522 [Driver Command Executor] DEBUG org.asynchttpclient.netty.request.NettyRequestSender - Using pooled Channel '[id: 0x85b24d5c, L:/127.0.0.1:53229 - R:localhost/127.0.0.1:63430]' for 'DELETE' to 'http://localhost:63430/session/6be0c36e43c463d89341c70cbfa577a8'
15:49:38.522 [Driver Command Executor] DEBUG org.asynchttpclient.netty.request.NettyRequestSender - Using open Channel [id: 0x85b24d5c, L:/127.0.0.1:53229 - R:localhost/127.0.0.1:63430] for DELETE '/session/6be0c36e43c463d89341c70cbfa577a8'
15:49:38.557 [AsyncHttpClient-1-9] DEBUG org.asynchttpclient.netty.handler.HttpHandler - Unexpected I/O exception on channel [id: 0x2970d376, L:/127.0.0.1:53238 - R:localhost/127.0.0.1:53231]
java.net.SocketException: Connection reset
	at java.base/sun.nio.ch.SocketChannelImpl.throwConnectionReset(SocketChannelImpl.java:367)
	at java.base/sun.nio.ch.SocketChannelImpl.read(SocketChannelImpl.java:398)
	at io.netty.buffer.PooledByteBuf.setBytes(PooledByteBuf.java:258)
	at io.netty.buffer.AbstractByteBuf.writeBytes(AbstractByteBuf.java:1132)
	at io.netty.channel.socket.nio.NioSocketChannel.doReadBytes(NioSocketChannel.java:350)
	at io.netty.channel.nio.AbstractNioByteChannel$NioByteUnsafe.read(AbstractNioByteChannel.java:151)
	at io.netty.channel.nio.NioEventLoop.processSelectedKey(NioEventLoop.java:722)
	at io.netty.channel.nio.NioEventLoop.processSelectedKeysOptimized(NioEventLoop.java:658)
	at io.netty.channel.nio.NioEventLoop.processSelectedKeys(NioEventLoop.java:584)
	at io.netty.channel.nio.NioEventLoop.run(NioEventLoop.java:496)
	at io.netty.util.concurrent.SingleThreadEventExecutor$4.run(SingleThreadEventExecutor.java:986)
	at io.netty.util.internal.ThreadExecutorMap$2.run(ThreadExecutorMap.java:74)
	at io.netty.util.concurrent.FastThreadLocalRunnable.run(FastThreadLocalRunnable.java:30)
	at java.base/java.lang.Thread.run(Thread.java:832)
15:49:38.557 [AsyncHttpClient-1-9] DEBUG org.asynchttpclient.netty.channel.ChannelManager - Closing Channel [id: 0x2970d376, L:/127.0.0.1:53238 - R:localhost/127.0.0.1:53231] 
15:49:38.557 [AsyncHttpClient-1-9] DEBUG org.asynchttpclient.netty.handler.HttpHandler - Channel Closed: [id: 0x2970d376, L:/127.0.0.1:53238 ! R:localhost/127.0.0.1:53231] with attribute DISCARD
15:49:38.577 [AsyncHttpClient-1-1] DEBUG org.asynchttpclient.netty.channel.DefaultChannelPool - Entry count for : http://localhost:53231 : 1
15:49:38.577 [AsyncHttpClient-1-1] DEBUG org.asynchttpclient.netty.channel.DefaultChannelPool - Adding Candidate expired Channel [id: 0x2970d376, L:/127.0.0.1:53238 ! R:localhost/127.0.0.1:53231] isIdleTimeoutExpired=false isRemotelyClosed=true isTtlExpired=false
15:49:38.577 [AsyncHttpClient-1-1] DEBUG org.asynchttpclient.netty.channel.DefaultChannelPool - Closing Idle Channel [id: 0x2970d376, L:/127.0.0.1:53238 ! R:localhost/127.0.0.1:53231]
15:49:38.577 [AsyncHttpClient-1-1] DEBUG org.asynchttpclient.netty.channel.DefaultChannelPool - Closed 1 connections out of 1 in 0 ms
15:49:38.593 [AsyncHttpClient-1-8] DEBUG org.asynchttpclient.netty.handler.HttpHandler - 

Request DefaultFullHttpRequest(decodeResult: success, version: HTTP/1.1, content: EmptyByteBufBE)
DELETE /session/6be0c36e43c463d89341c70cbfa577a8 HTTP/1.1
User-Agent: selenium/4.1.2 (java windows)
Content-Type: application/json; charset=utf-8
host: localhost:63430
accept: */*

Response DefaultHttpResponse(decodeResult: success, version: HTTP/1.1)
HTTP/1.1 200 OK
Content-Type: application/json; charset=utf-8
cache-control: no-cache
content-length: 14

15:49:38.593 [AsyncHttpClient-1-8] DEBUG org.asynchttpclient.netty.channel.ChannelManager - Adding key: http://localhost:63430 for channel [id: 0x85b24d5c, L:/127.0.0.1:53229 - R:localhost/127.0.0.1:63430]
15:49:38.724 [AsyncHttpClient-1-8] DEBUG org.asynchttpclient.netty.handler.HttpHandler - Channel Closed: [id: 0x85b24d5c, L:/127.0.0.1:53229 ! R:localhost/127.0.0.1:63430] with attribute DISCARD
]]></system-out>
    <system-err><![CDATA[Starting ChromeDriver 102.0.5005.61 (0e59bcc00cc4985ce39ad31c150065f159d95ad3-refs/branch-heads/5005@{#819}) on port 63430
Only local connections are allowed.
Please see https://chromedriver.chromium.org/security-considerations for suggestions on keeping ChromeDriver safe.
ChromeDriver was started successfully.
Jun 15, 2022 3:49:28 PM org.openqa.selenium.remote.ProtocolHandshake createSession
INFO: Detected dialect: W3C
Jun 15, 2022 3:49:28 PM org.openqa.selenium.devtools.CdpVersionFinder findNearestMatch
WARNING: Unable to find an exact match for CDP version 102, so returning the closest version found: a no-op implementation
Jun 15, 2022 3:49:28 PM org.openqa.selenium.devtools.CdpVersionFinder findNearestMatch
INFO: Unable to find CDP implementation matching 102.
Jun 15, 2022 3:49:28 PM org.openqa.selenium.chromium.ChromiumDriver lambda$new$3
WARNING: Unable to find version of CDP to use for . You may need to include a dependency on a specific version of the CDP using something similar to `org.seleniumhq.selenium:selenium-devtools-v86:4.1.2` where the version ("v86") matches the version of the chromium-based browser you're using and the version number of the artifact is the same as Selenium's.
]]></system-err>
  </testcase>
  <testcase name="Login scenario #4" classname="Login" time="14.133">
    <system-out><![CDATA[
@login
Scenario Outline: Login scenario         &amp#27;[90m# src/test/resources/features/login.feature:22&amp#27;[0m
15:49:39.240 [main] INFO io.cucumber.core.plugin.SerenityReporter - Running feature from file:///D:/PERKULIAHAN/Semester%206,Hebatt%20glad!/QE-FGD/Web/src/test/resources/features/login.feature
15:49:39.255 [main] INFO net.serenitybdd.core.webdriver.driverproviders.ChromeDriverProvider - Using automatically driver download
15:49:39.377 [main] DEBUG io.github.bonigarcia.wdm.cache.ResolutionCache - Resolution chrome=102 in cache (valid until 16:30:12 15/06/2022 WIB)
15:49:39.377 [main] DEBUG io.github.bonigarcia.wdm.cache.ResolutionCache - Resolution chrome102=102.0.5005.61 in cache (valid until 14:29:55 16/06/2022 WIB)
15:49:39.377 [main] INFO io.github.bonigarcia.wdm.WebDriverManager - Using chromedriver 102.0.5005.61 (resolved driver for Chrome 102)
15:49:39.393 [main] DEBUG io.github.bonigarcia.wdm.WebDriverManager - Driver chromedriver 102.0.5005.61 found in cache
15:49:39.393 [main] INFO io.github.bonigarcia.wdm.WebDriverManager - Exporting webdriver.chrome.driver as C:\Users\ASUS\.cache\selenium\chromedriver\win32\102.0.5005.61\chromedriver.exe
15:49:39.508 [main] DEBUG net.serenitybdd.core.webdriver.driverproviders.ProvideNewDriver - Instantiating driver
15:49:39.508 [main] DEBUG net.serenitybdd.core.webdriver.driverproviders.ProvideNewDriver - Driver capabilities: Capabilities {acceptInsecureCerts: false, base.url: , browserName: chrome, goog:chromeOptions: {args: [], extensions: []}}
15:49:39.677 [AsyncHttpClient-1-1] DEBUG org.asynchttpclient.netty.channel.DefaultChannelPool - Entry count for : http://localhost:63430 : 1
15:49:39.677 [AsyncHttpClient-1-1] DEBUG org.asynchttpclient.netty.channel.DefaultChannelPool - Adding Candidate expired Channel [id: 0x85b24d5c, L:/127.0.0.1:53229 ! R:localhost/127.0.0.1:63430] isIdleTimeoutExpired=false isRemotelyClosed=true isTtlExpired=false
15:49:39.677 [AsyncHttpClient-1-1] DEBUG org.asynchttpclient.netty.channel.DefaultChannelPool - Closing Idle Channel [id: 0x85b24d5c, L:/127.0.0.1:53229 ! R:localhost/127.0.0.1:63430]
15:49:39.677 [AsyncHttpClient-1-1] DEBUG org.asynchttpclient.netty.channel.DefaultChannelPool - Closed 1 connections out of 1 in 0 ms
15:49:40.040 [AsyncHttpClient-1-11] DEBUG org.asynchttpclient.netty.channel.NettyConnectListener - Using new Channel '[id: 0x24c825cf, L:/127.0.0.1:53271 - R:localhost/127.0.0.1:56694]' for 'POST' to '/session'
15:49:41.437 [AsyncHttpClient-1-11] DEBUG org.asynchttpclient.netty.handler.HttpHandler - 

Request DefaultHttpRequest(decodeResult: success, version: HTTP/1.1)
POST /session HTTP/1.1
User-Agent: selenium/4.1.2 (java windows)
Content-Length: 457
Content-Type: application/json; charset=utf-8
host: localhost:56694
accept: */*

Response DefaultHttpResponse(decodeResult: success, version: HTTP/1.1)
HTTP/1.1 200 OK
Content-Type: application/json; charset=utf-8
cache-control: no-cache
content-length: 789

15:49:41.438 [AsyncHttpClient-1-11] DEBUG org.asynchttpclient.netty.channel.ChannelManager - Adding key: http://localhost:56694 for channel [id: 0x24c825cf, L:/127.0.0.1:53271 - R:localhost/127.0.0.1:56694]
15:49:41.446 [AsyncHttpClient-1-12] DEBUG org.asynchttpclient.netty.channel.NettyConnectListener - Using new Channel '[id: 0xa909b595, L:/127.0.0.1:53279 - R:localhost/127.0.0.1:53272]' for 'GET' to '/json/version'
15:49:41.452 [AsyncHttpClient-1-12] DEBUG org.asynchttpclient.netty.handler.HttpHandler - 

Request DefaultFullHttpRequest(decodeResult: success, version: HTTP/1.1, content: EmptyByteBufBE)
GET /json/version HTTP/1.1
User-Agent: selenium/4.1.2 (java windows)
host: localhost:53272
accept: */*

Response DefaultHttpResponse(decodeResult: success, version: HTTP/1.1)
HTTP/1.1 200 OK
Content-Type: application/json; charset=UTF-8
content-length: 428

15:49:41.452 [AsyncHttpClient-1-12] DEBUG org.asynchttpclient.netty.channel.ChannelManager - Adding key: http://localhost:53272 for channel [id: 0xa909b595, L:/127.0.0.1:53279 - R:localhost/127.0.0.1:53272]
15:49:41.455 [AsyncHttpClient-1-13] DEBUG org.asynchttpclient.netty.channel.NettyConnectListener - Using new Channel '[id: 0x320355ce, L:/127.0.0.1:53280 - R:localhost/127.0.0.1:53272]' for 'GET' to '/devtools/browser/1fde7528-2a65-4883-92f4-ea3160c01888'
15:49:41.462 [AsyncHttpClient-1-13] DEBUG org.asynchttpclient.netty.handler.WebSocketHandler - 

Request DefaultFullHttpRequest(decodeResult: success, version: HTTP/1.1, content: EmptyByteBufBE)
GET /devtools/browser/1fde7528-2a65-4883-92f4-ea3160c01888 HTTP/1.1
upgrade: websocket
connection: upgrade
sec-websocket-key: Rt9zbtaIiEXnvyy8n3tjOw==
sec-websocket-version: 13
origin: http://localhost:53272
host: localhost:53272
accept: */*
user-agent: AHC/2.1

Response DefaultHttpResponse(decodeResult: success, version: HTTP/1.1)
HTTP/1.1 101 WebSocket Protocol Handshake
Upgrade: WebSocket
Connection: Upgrade
Sec-WebSocket-Accept: iQoYV9887A0V9GfHDehLpFxGHmM=

15:49:41.468 [Forwarding get on session 01b578f8fc6e25ea6131b3ab2d8b67a3 to remote] DEBUG org.asynchttpclient.netty.request.NettyRequestSender - Using pooled Channel '[id: 0x24c825cf, L:/127.0.0.1:53271 - R:localhost/127.0.0.1:56694]' for 'POST' to 'http://localhost:56694/session/01b578f8fc6e25ea6131b3ab2d8b67a3/url'
15:49:41.468 [Forwarding get on session 01b578f8fc6e25ea6131b3ab2d8b67a3 to remote] DEBUG org.asynchttpclient.netty.request.NettyRequestSender - Using open Channel [id: 0x24c825cf, L:/127.0.0.1:53271 - R:localhost/127.0.0.1:56694] for POST '/session/01b578f8fc6e25ea6131b3ab2d8b67a3/url'
15:49:41.883 [AsyncHttpClient-1-1] DEBUG org.asynchttpclient.netty.channel.DefaultChannelPool - Entry count for : http://localhost:53272 : 1
15:49:42.985 [AsyncHttpClient-1-1] DEBUG org.asynchttpclient.netty.channel.DefaultChannelPool - Entry count for : http://localhost:53272 : 1
15:49:44.083 [AsyncHttpClient-1-1] DEBUG org.asynchttpclient.netty.channel.DefaultChannelPool - Entry count for : http://localhost:53272 : 1
15:49:45.177 [AsyncHttpClient-1-1] DEBUG org.asynchttpclient.netty.channel.DefaultChannelPool - Entry count for : http://localhost:53272 : 1
15:49:46.276 [AsyncHttpClient-1-1] DEBUG org.asynchttpclient.netty.channel.DefaultChannelPool - Entry count for : http://localhost:53272 : 1
15:49:47.376 [AsyncHttpClient-1-1] DEBUG org.asynchttpclient.netty.channel.DefaultChannelPool - Entry count for : http://localhost:53272 : 1
15:49:48.476 [AsyncHttpClient-1-1] DEBUG org.asynchttpclient.netty.channel.DefaultChannelPool - Entry count for : http://localhost:53272 : 1
15:49:49.577 [AsyncHttpClient-1-1] DEBUG org.asynchttpclient.netty.channel.DefaultChannelPool - Entry count for : http://localhost:53272 : 1
15:49:50.159 [AsyncHttpClient-1-11] DEBUG org.asynchttpclient.netty.handler.HttpHandler - 

Request DefaultHttpRequest(decodeResult: success, version: HTTP/1.1)
POST /session/01b578f8fc6e25ea6131b3ab2d8b67a3/url HTTP/1.1
User-Agent: selenium/4.1.2 (java windows)
Content-Length: 53
Content-Type: application/json; charset=utf-8
host: localhost:56694
accept: */*

Response DefaultHttpResponse(decodeResult: success, version: HTTP/1.1)
HTTP/1.1 200 OK
Content-Type: application/json; charset=utf-8
cache-control: no-cache
content-length: 14

15:49:50.159 [AsyncHttpClient-1-11] DEBUG org.asynchttpclient.netty.channel.ChannelManager - Adding key: http://localhost:56694 for channel [id: 0x24c825cf, L:/127.0.0.1:53271 - R:localhost/127.0.0.1:56694]
15:49:50.161 [Forwarding setTimeout on session 01b578f8fc6e25ea6131b3ab2d8b67a3 to remote] DEBUG org.asynchttpclient.netty.request.NettyRequestSender - Using pooled Channel '[id: 0x24c825cf, L:/127.0.0.1:53271 - R:localhost/127.0.0.1:56694]' for 'POST' to 'http://localhost:56694/session/01b578f8fc6e25ea6131b3ab2d8b67a3/timeouts'
15:49:50.161 [Forwarding setTimeout on session 01b578f8fc6e25ea6131b3ab2d8b67a3 to remote] DEBUG org.asynchttpclient.netty.request.NettyRequestSender - Using open Channel [id: 0x24c825cf, L:/127.0.0.1:53271 - R:localhost/127.0.0.1:56694] for POST '/session/01b578f8fc6e25ea6131b3ab2d8b67a3/timeouts'
15:49:50.162 [AsyncHttpClient-1-11] DEBUG org.asynchttpclient.netty.handler.HttpHandler - 

Request DefaultHttpRequest(decodeResult: success, version: HTTP/1.1)
POST /session/01b578f8fc6e25ea6131b3ab2d8b67a3/timeouts HTTP/1.1
User-Agent: selenium/4.1.2 (java windows)
Content-Length: 22
Content-Type: application/json; charset=utf-8
host: localhost:56694
accept: */*

Response DefaultHttpResponse(decodeResult: success, version: HTTP/1.1)
HTTP/1.1 200 OK
Content-Type: application/json; charset=utf-8
cache-control: no-cache
content-length: 14

15:49:50.163 [AsyncHttpClient-1-11] DEBUG org.asynchttpclient.netty.channel.ChannelManager - Adding key: http://localhost:56694 for channel [id: 0x24c825cf, L:/127.0.0.1:53271 - R:localhost/127.0.0.1:56694]
15:49:50.165 [Forwarding getCurrentUrl on session 01b578f8fc6e25ea6131b3ab2d8b67a3 to remote] DEBUG org.asynchttpclient.netty.request.NettyRequestSender - Using pooled Channel '[id: 0x24c825cf, L:/127.0.0.1:53271 - R:localhost/127.0.0.1:56694]' for 'GET' to 'http://localhost:56694/session/01b578f8fc6e25ea6131b3ab2d8b67a3/url'
15:49:50.165 [Forwarding getCurrentUrl on session 01b578f8fc6e25ea6131b3ab2d8b67a3 to remote] DEBUG org.asynchttpclient.netty.request.NettyRequestSender - Using open Channel [id: 0x24c825cf, L:/127.0.0.1:53271 - R:localhost/127.0.0.1:56694] for GET '/session/01b578f8fc6e25ea6131b3ab2d8b67a3/url'
15:49:50.209 [AsyncHttpClient-1-11] DEBUG org.asynchttpclient.netty.handler.HttpHandler - 

Request DefaultFullHttpRequest(decodeResult: success, version: HTTP/1.1, content: EmptyByteBufBE)
GET /session/01b578f8fc6e25ea6131b3ab2d8b67a3/url HTTP/1.1
User-Agent: selenium/4.1.2 (java windows)
Cache-Control: no-cache
Content-Type: application/json; charset=utf-8
host: localhost:56694
accept: */*

Response DefaultHttpResponse(decodeResult: success, version: HTTP/1.1)
HTTP/1.1 200 OK
Content-Type: application/json; charset=utf-8
cache-control: no-cache
content-length: 35

15:49:50.209 [AsyncHttpClient-1-11] DEBUG org.asynchttpclient.netty.channel.ChannelManager - Adding key: http://localhost:56694 for channel [id: 0x24c825cf, L:/127.0.0.1:53271 - R:localhost/127.0.0.1:56694]
  &amp#27;[32mGiven &amp#27;[0m&amp#27;[32mi have registered&amp#27;[0m                &amp#27;[90m# starter.stepdefinition.loginStep.iHaveRegistered()&amp#27;[0m
15:49:50.217 [Forwarding screenshot on session 01b578f8fc6e25ea6131b3ab2d8b67a3 to remote] DEBUG org.asynchttpclient.netty.request.NettyRequestSender - Using pooled Channel '[id: 0x24c825cf, L:/127.0.0.1:53271 - R:localhost/127.0.0.1:56694]' for 'GET' to 'http://localhost:56694/session/01b578f8fc6e25ea6131b3ab2d8b67a3/screenshot'
15:49:50.217 [Forwarding screenshot on session 01b578f8fc6e25ea6131b3ab2d8b67a3 to remote] DEBUG org.asynchttpclient.netty.request.NettyRequestSender - Using open Channel [id: 0x24c825cf, L:/127.0.0.1:53271 - R:localhost/127.0.0.1:56694] for GET '/session/01b578f8fc6e25ea6131b3ab2d8b67a3/screenshot'
15:49:50.467 [AsyncHttpClient-1-11] DEBUG org.asynchttpclient.netty.handler.HttpHandler - 

Request DefaultFullHttpRequest(decodeResult: success, version: HTTP/1.1, content: EmptyByteBufBE)
GET /session/01b578f8fc6e25ea6131b3ab2d8b67a3/screenshot HTTP/1.1
User-Agent: selenium/4.1.2 (java windows)
Cache-Control: no-cache
Content-Type: application/json; charset=utf-8
host: localhost:56694
accept: */*

Response DefaultHttpResponse(decodeResult: success, version: HTTP/1.1)
HTTP/1.1 200 OK
Content-Type: application/json; charset=utf-8
cache-control: no-cache
content-length: 344292

15:49:50.469 [AsyncHttpClient-1-11] DEBUG org.asynchttpclient.netty.channel.ChannelManager - Adding key: http://localhost:56694 for channel [id: 0x24c825cf, L:/127.0.0.1:53271 - R:localhost/127.0.0.1:56694]
15:49:50.480 [main] DEBUG net.serenitybdd.core.photography.Darkroom - Send negative for processing for target\site\serenity\923bee840879811ac6082d8b3bd0e9d9c5cb93a24c165f29e28bc0a19288a5b7.png
15:49:50.490 [Forwarding findElement on session 01b578f8fc6e25ea6131b3ab2d8b67a3 to remote] DEBUG org.asynchttpclient.netty.request.NettyRequestSender - Using pooled Channel '[id: 0x24c825cf, L:/127.0.0.1:53271 - R:localhost/127.0.0.1:56694]' for 'POST' to 'http://localhost:56694/session/01b578f8fc6e25ea6131b3ab2d8b67a3/element'
15:49:50.490 [Forwarding findElement on session 01b578f8fc6e25ea6131b3ab2d8b67a3 to remote] DEBUG org.asynchttpclient.netty.request.NettyRequestSender - Using open Channel [id: 0x24c825cf, L:/127.0.0.1:53271 - R:localhost/127.0.0.1:56694] for POST '/session/01b578f8fc6e25ea6131b3ab2d8b67a3/element'
15:49:50.526 [AsyncHttpClient-1-11] DEBUG org.asynchttpclient.netty.handler.HttpHandler - 

Request DefaultHttpRequest(decodeResult: success, version: HTTP/1.1)
POST /session/01b578f8fc6e25ea6131b3ab2d8b67a3/element HTTP/1.1
User-Agent: selenium/4.1.2 (java windows)
Content-Length: 55
Content-Type: application/json; charset=utf-8
host: localhost:56694
accept: */*

Response DefaultHttpResponse(decodeResult: success, version: HTTP/1.1)
HTTP/1.1 200 OK
Content-Type: application/json; charset=utf-8
cache-control: no-cache
content-length: 88

15:49:50.526 [AsyncHttpClient-1-11] DEBUG org.asynchttpclient.netty.channel.ChannelManager - Adding key: http://localhost:56694 for channel [id: 0x24c825cf, L:/127.0.0.1:53271 - R:localhost/127.0.0.1:56694]
15:49:50.531 [Forwarding isElementDisplayed on session 01b578f8fc6e25ea6131b3ab2d8b67a3 to remote] DEBUG org.asynchttpclient.netty.request.NettyRequestSender - Using pooled Channel '[id: 0x24c825cf, L:/127.0.0.1:53271 - R:localhost/127.0.0.1:56694]' for 'POST' to 'http://localhost:56694/session/01b578f8fc6e25ea6131b3ab2d8b67a3/execute/sync'
15:49:50.531 [Forwarding isElementDisplayed on session 01b578f8fc6e25ea6131b3ab2d8b67a3 to remote] DEBUG org.asynchttpclient.netty.request.NettyRequestSender - Using open Channel [id: 0x24c825cf, L:/127.0.0.1:53271 - R:localhost/127.0.0.1:56694] for POST '/session/01b578f8fc6e25ea6131b3ab2d8b67a3/execute/sync'
15:49:50.575 [AsyncHttpClient-1-11] DEBUG org.asynchttpclient.netty.handler.HttpHandler - 

Request DefaultHttpRequest(decodeResult: success, version: HTTP/1.1)
POST /session/01b578f8fc6e25ea6131b3ab2d8b67a3/execute/sync HTTP/1.1
User-Agent: selenium/4.1.2 (java windows)
Content-Length: 48780
Content-Type: application/json; charset=utf-8
host: localhost:56694
accept: */*

Response DefaultHttpResponse(decodeResult: success, version: HTTP/1.1)
HTTP/1.1 200 OK
Content-Type: application/json; charset=utf-8
cache-control: no-cache
content-length: 14

15:49:50.575 [AsyncHttpClient-1-11] DEBUG org.asynchttpclient.netty.channel.ChannelManager - Adding key: http://localhost:56694 for channel [id: 0x24c825cf, L:/127.0.0.1:53271 - R:localhost/127.0.0.1:56694]
15:49:50.578 [Forwarding findElement on session 01b578f8fc6e25ea6131b3ab2d8b67a3 to remote] DEBUG org.asynchttpclient.netty.request.NettyRequestSender - Using pooled Channel '[id: 0x24c825cf, L:/127.0.0.1:53271 - R:localhost/127.0.0.1:56694]' for 'POST' to 'http://localhost:56694/session/01b578f8fc6e25ea6131b3ab2d8b67a3/element'
15:49:50.578 [Forwarding findElement on session 01b578f8fc6e25ea6131b3ab2d8b67a3 to remote] DEBUG org.asynchttpclient.netty.request.NettyRequestSender - Using open Channel [id: 0x24c825cf, L:/127.0.0.1:53271 - R:localhost/127.0.0.1:56694] for POST '/session/01b578f8fc6e25ea6131b3ab2d8b67a3/element'
15:49:50.625 [AsyncHttpClient-1-11] DEBUG org.asynchttpclient.netty.handler.HttpHandler - 

Request DefaultHttpRequest(decodeResult: success, version: HTTP/1.1)
POST /session/01b578f8fc6e25ea6131b3ab2d8b67a3/element HTTP/1.1
User-Agent: selenium/4.1.2 (java windows)
Content-Length: 72
Content-Type: application/json; charset=utf-8
host: localhost:56694
accept: */*

Response DefaultHttpResponse(decodeResult: success, version: HTTP/1.1)
HTTP/1.1 200 OK
Content-Type: application/json; charset=utf-8
cache-control: no-cache
content-length: 88

15:49:50.625 [AsyncHttpClient-1-11] DEBUG org.asynchttpclient.netty.channel.ChannelManager - Adding key: http://localhost:56694 for channel [id: 0x24c825cf, L:/127.0.0.1:53271 - R:localhost/127.0.0.1:56694]
15:49:50.627 [Forwarding getElementTagName on session 01b578f8fc6e25ea6131b3ab2d8b67a3 to remote] DEBUG org.asynchttpclient.netty.request.NettyRequestSender - Using pooled Channel '[id: 0x24c825cf, L:/127.0.0.1:53271 - R:localhost/127.0.0.1:56694]' for 'GET' to 'http://localhost:56694/session/01b578f8fc6e25ea6131b3ab2d8b67a3/element/8ba79a19-6ec8-44d5-9f7a-2ae70e0c0e76/name'
15:49:50.627 [Forwarding getElementTagName on session 01b578f8fc6e25ea6131b3ab2d8b67a3 to remote] DEBUG org.asynchttpclient.netty.request.NettyRequestSender - Using open Channel [id: 0x24c825cf, L:/127.0.0.1:53271 - R:localhost/127.0.0.1:56694] for GET '/session/01b578f8fc6e25ea6131b3ab2d8b67a3/element/8ba79a19-6ec8-44d5-9f7a-2ae70e0c0e76/name'
15:49:50.676 [AsyncHttpClient-1-11] DEBUG org.asynchttpclient.netty.handler.HttpHandler - 

Request DefaultFullHttpRequest(decodeResult: success, version: HTTP/1.1, content: EmptyByteBufBE)
GET /session/01b578f8fc6e25ea6131b3ab2d8b67a3/element/8ba79a19-6ec8-44d5-9f7a-2ae70e0c0e76/name HTTP/1.1
User-Agent: selenium/4.1.2 (java windows)
Cache-Control: no-cache
Content-Type: application/json; charset=utf-8
host: localhost:56694
accept: */*

Response DefaultHttpResponse(decodeResult: success, version: HTTP/1.1)
HTTP/1.1 200 OK
Content-Type: application/json; charset=utf-8
cache-control: no-cache
content-length: 13

15:49:50.676 [AsyncHttpClient-1-11] DEBUG org.asynchttpclient.netty.channel.ChannelManager - Adding key: http://localhost:56694 for channel [id: 0x24c825cf, L:/127.0.0.1:53271 - R:localhost/127.0.0.1:56694]
15:49:50.678 [Forwarding getElementTagName on session 01b578f8fc6e25ea6131b3ab2d8b67a3 to remote] DEBUG org.asynchttpclient.netty.request.NettyRequestSender - Using pooled Channel '[id: 0x24c825cf, L:/127.0.0.1:53271 - R:localhost/127.0.0.1:56694]' for 'GET' to 'http://localhost:56694/session/01b578f8fc6e25ea6131b3ab2d8b67a3/element/8ba79a19-6ec8-44d5-9f7a-2ae70e0c0e76/name'
15:49:50.678 [Forwarding getElementTagName on session 01b578f8fc6e25ea6131b3ab2d8b67a3 to remote] DEBUG org.asynchttpclient.netty.request.NettyRequestSender - Using open Channel [id: 0x24c825cf, L:/127.0.0.1:53271 - R:localhost/127.0.0.1:56694] for GET '/session/01b578f8fc6e25ea6131b3ab2d8b67a3/element/8ba79a19-6ec8-44d5-9f7a-2ae70e0c0e76/name'
15:49:50.688 [AsyncHttpClient-1-1] DEBUG org.asynchttpclient.netty.channel.DefaultChannelPool - Entry count for : http://localhost:53272 : 1
15:49:50.725 [AsyncHttpClient-1-11] DEBUG org.asynchttpclient.netty.handler.HttpHandler - 

Request DefaultFullHttpRequest(decodeResult: success, version: HTTP/1.1, content: EmptyByteBufBE)
GET /session/01b578f8fc6e25ea6131b3ab2d8b67a3/element/8ba79a19-6ec8-44d5-9f7a-2ae70e0c0e76/name HTTP/1.1
User-Agent: selenium/4.1.2 (java windows)
Cache-Control: no-cache
Content-Type: application/json; charset=utf-8
host: localhost:56694
accept: */*

Response DefaultHttpResponse(decodeResult: success, version: HTTP/1.1)
HTTP/1.1 200 OK
Content-Type: application/json; charset=utf-8
cache-control: no-cache
content-length: 13

15:49:50.725 [AsyncHttpClient-1-11] DEBUG org.asynchttpclient.netty.channel.ChannelManager - Adding key: http://localhost:56694 for channel [id: 0x24c825cf, L:/127.0.0.1:53271 - R:localhost/127.0.0.1:56694]
15:49:50.728 [Forwarding findElement on session 01b578f8fc6e25ea6131b3ab2d8b67a3 to remote] DEBUG org.asynchttpclient.netty.request.NettyRequestSender - Using pooled Channel '[id: 0x24c825cf, L:/127.0.0.1:53271 - R:localhost/127.0.0.1:56694]' for 'POST' to 'http://localhost:56694/session/01b578f8fc6e25ea6131b3ab2d8b67a3/element'
15:49:50.728 [Forwarding findElement on session 01b578f8fc6e25ea6131b3ab2d8b67a3 to remote] DEBUG org.asynchttpclient.netty.request.NettyRequestSender - Using open Channel [id: 0x24c825cf, L:/127.0.0.1:53271 - R:localhost/127.0.0.1:56694] for POST '/session/01b578f8fc6e25ea6131b3ab2d8b67a3/element'
15:49:50.777 [AsyncHttpClient-1-11] DEBUG org.asynchttpclient.netty.handler.HttpHandler - 

Request DefaultHttpRequest(decodeResult: success, version: HTTP/1.1)
POST /session/01b578f8fc6e25ea6131b3ab2d8b67a3/element HTTP/1.1
User-Agent: selenium/4.1.2 (java windows)
Content-Length: 72
Content-Type: application/json; charset=utf-8
host: localhost:56694
accept: */*

Response DefaultHttpResponse(decodeResult: success, version: HTTP/1.1)
HTTP/1.1 200 OK
Content-Type: application/json; charset=utf-8
cache-control: no-cache
content-length: 88

15:49:50.777 [AsyncHttpClient-1-11] DEBUG org.asynchttpclient.netty.channel.ChannelManager - Adding key: http://localhost:56694 for channel [id: 0x24c825cf, L:/127.0.0.1:53271 - R:localhost/127.0.0.1:56694]
15:49:50.779 [Forwarding clickElement on session 01b578f8fc6e25ea6131b3ab2d8b67a3 to remote] DEBUG org.asynchttpclient.netty.request.NettyRequestSender - Using pooled Channel '[id: 0x24c825cf, L:/127.0.0.1:53271 - R:localhost/127.0.0.1:56694]' for 'POST' to 'http://localhost:56694/session/01b578f8fc6e25ea6131b3ab2d8b67a3/element/8ba79a19-6ec8-44d5-9f7a-2ae70e0c0e76/click'
15:49:50.779 [Forwarding clickElement on session 01b578f8fc6e25ea6131b3ab2d8b67a3 to remote] DEBUG org.asynchttpclient.netty.request.NettyRequestSender - Using open Channel [id: 0x24c825cf, L:/127.0.0.1:53271 - R:localhost/127.0.0.1:56694] for POST '/session/01b578f8fc6e25ea6131b3ab2d8b67a3/element/8ba79a19-6ec8-44d5-9f7a-2ae70e0c0e76/click'
15:49:50.944 [AsyncHttpClient-1-11] DEBUG org.asynchttpclient.netty.handler.HttpHandler - 

Request DefaultHttpRequest(decodeResult: success, version: HTTP/1.1)
POST /session/01b578f8fc6e25ea6131b3ab2d8b67a3/element/8ba79a19-6ec8-44d5-9f7a-2ae70e0c0e76/click HTTP/1.1
User-Agent: selenium/4.1.2 (java windows)
Content-Length: 50
Content-Type: application/json; charset=utf-8
host: localhost:56694
accept: */*

Response DefaultHttpResponse(decodeResult: success, version: HTTP/1.1)
HTTP/1.1 200 OK
Content-Type: application/json; charset=utf-8
cache-control: no-cache
content-length: 14

15:49:50.944 [AsyncHttpClient-1-11] DEBUG org.asynchttpclient.netty.channel.ChannelManager - Adding key: http://localhost:56694 for channel [id: 0x24c825cf, L:/127.0.0.1:53271 - R:localhost/127.0.0.1:56694]
  &amp#27;[32mWhen &amp#27;[0m&amp#27;[32mi click get started&amp#27;[0m               &amp#27;[90m# starter.stepdefinition.registerStep.iClickGetStarted()&amp#27;[0m
15:49:50.951 [Forwarding screenshot on session 01b578f8fc6e25ea6131b3ab2d8b67a3 to remote] DEBUG org.asynchttpclient.netty.request.NettyRequestSender - Using pooled Channel '[id: 0x24c825cf, L:/127.0.0.1:53271 - R:localhost/127.0.0.1:56694]' for 'GET' to 'http://localhost:56694/session/01b578f8fc6e25ea6131b3ab2d8b67a3/screenshot'
15:49:50.951 [Forwarding screenshot on session 01b578f8fc6e25ea6131b3ab2d8b67a3 to remote] DEBUG org.asynchttpclient.netty.request.NettyRequestSender - Using open Channel [id: 0x24c825cf, L:/127.0.0.1:53271 - R:localhost/127.0.0.1:56694] for GET '/session/01b578f8fc6e25ea6131b3ab2d8b67a3/screenshot'
15:49:51.211 [AsyncHttpClient-1-11] DEBUG org.asynchttpclient.netty.handler.HttpHandler - 

Request DefaultFullHttpRequest(decodeResult: success, version: HTTP/1.1, content: EmptyByteBufBE)
GET /session/01b578f8fc6e25ea6131b3ab2d8b67a3/screenshot HTTP/1.1
User-Agent: selenium/4.1.2 (java windows)
Cache-Control: no-cache
Content-Type: application/json; charset=utf-8
host: localhost:56694
accept: */*

Response DefaultHttpResponse(decodeResult: success, version: HTTP/1.1)
HTTP/1.1 200 OK
Content-Type: application/json; charset=utf-8
cache-control: no-cache
content-length: 75744

15:49:51.211 [AsyncHttpClient-1-11] DEBUG org.asynchttpclient.netty.channel.ChannelManager - Adding key: http://localhost:56694 for channel [id: 0x24c825cf, L:/127.0.0.1:53271 - R:localhost/127.0.0.1:56694]
15:49:51.215 [main] DEBUG net.serenitybdd.core.photography.Darkroom - Send negative for processing for target\site\serenity\c153f2cd69a66647c1fbbab02a46edb87f828a52386e831933f01f3ca1b324ec.png
15:49:51.216 [Darkroom Processing Line] DEBUG net.serenitybdd.core.photography.DarkroomProcessingLine - Processing screenshot image in /var/screenshots/screenshot-17629909170648662530
15:49:51.216 [Darkroom Processing Line] DEBUG net.serenitybdd.core.photography.DarkroomProcessingLine - Saving screenshot to target\site\serenity\c153f2cd69a66647c1fbbab02a46edb87f828a52386e831933f01f3ca1b324ec.png
15:49:51.223 [Forwarding findElement on session 01b578f8fc6e25ea6131b3ab2d8b67a3 to remote] DEBUG org.asynchttpclient.netty.request.NettyRequestSender - Using pooled Channel '[id: 0x24c825cf, L:/127.0.0.1:53271 - R:localhost/127.0.0.1:56694]' for 'POST' to 'http://localhost:56694/session/01b578f8fc6e25ea6131b3ab2d8b67a3/element'
15:49:51.223 [Forwarding findElement on session 01b578f8fc6e25ea6131b3ab2d8b67a3 to remote] DEBUG org.asynchttpclient.netty.request.NettyRequestSender - Using open Channel [id: 0x24c825cf, L:/127.0.0.1:53271 - R:localhost/127.0.0.1:56694] for POST '/session/01b578f8fc6e25ea6131b3ab2d8b67a3/element'
15:49:51.236 [AsyncHttpClient-1-11] DEBUG org.asynchttpclient.netty.handler.HttpHandler - 

Request DefaultHttpRequest(decodeResult: success, version: HTTP/1.1)
POST /session/01b578f8fc6e25ea6131b3ab2d8b67a3/element HTTP/1.1
User-Agent: selenium/4.1.2 (java windows)
Content-Length: 67
Content-Type: application/json; charset=utf-8
host: localhost:56694
accept: */*

Response DefaultHttpResponse(decodeResult: success, version: HTTP/1.1)
HTTP/1.1 200 OK
Content-Type: application/json; charset=utf-8
cache-control: no-cache
content-length: 88

15:49:51.237 [AsyncHttpClient-1-11] DEBUG org.asynchttpclient.netty.channel.ChannelManager - Adding key: http://localhost:56694 for channel [id: 0x24c825cf, L:/127.0.0.1:53271 - R:localhost/127.0.0.1:56694]
15:49:51.239 [Forwarding clearElement on session 01b578f8fc6e25ea6131b3ab2d8b67a3 to remote] DEBUG org.asynchttpclient.netty.request.NettyRequestSender - Using pooled Channel '[id: 0x24c825cf, L:/127.0.0.1:53271 - R:localhost/127.0.0.1:56694]' for 'POST' to 'http://localhost:56694/session/01b578f8fc6e25ea6131b3ab2d8b67a3/element/c891624f-64c5-4f2f-a61e-35ecb0edfff1/clear'
15:49:51.239 [Forwarding clearElement on session 01b578f8fc6e25ea6131b3ab2d8b67a3 to remote] DEBUG org.asynchttpclient.netty.request.NettyRequestSender - Using open Channel [id: 0x24c825cf, L:/127.0.0.1:53271 - R:localhost/127.0.0.1:56694] for POST '/session/01b578f8fc6e25ea6131b3ab2d8b67a3/element/c891624f-64c5-4f2f-a61e-35ecb0edfff1/clear'
15:49:51.272 [AsyncHttpClient-1-11] DEBUG org.asynchttpclient.netty.handler.HttpHandler - 

Request DefaultHttpRequest(decodeResult: success, version: HTTP/1.1)
POST /session/01b578f8fc6e25ea6131b3ab2d8b67a3/element/c891624f-64c5-4f2f-a61e-35ecb0edfff1/clear HTTP/1.1
User-Agent: selenium/4.1.2 (java windows)
Content-Length: 50
Content-Type: application/json; charset=utf-8
host: localhost:56694
accept: */*

Response DefaultHttpResponse(decodeResult: success, version: HTTP/1.1)
HTTP/1.1 200 OK
Content-Type: application/json; charset=utf-8
cache-control: no-cache
content-length: 14

15:49:51.273 [AsyncHttpClient-1-11] DEBUG org.asynchttpclient.netty.channel.ChannelManager - Adding key: http://localhost:56694 for channel [id: 0x24c825cf, L:/127.0.0.1:53271 - R:localhost/127.0.0.1:56694]
15:49:51.277 [Forwarding sendKeysToElement on session 01b578f8fc6e25ea6131b3ab2d8b67a3 to remote] DEBUG org.asynchttpclient.netty.request.NettyRequestSender - Using pooled Channel '[id: 0x24c825cf, L:/127.0.0.1:53271 - R:localhost/127.0.0.1:56694]' for 'POST' to 'http://localhost:56694/session/01b578f8fc6e25ea6131b3ab2d8b67a3/element/c891624f-64c5-4f2f-a61e-35ecb0edfff1/value'
15:49:51.277 [Forwarding sendKeysToElement on session 01b578f8fc6e25ea6131b3ab2d8b67a3 to remote] DEBUG org.asynchttpclient.netty.request.NettyRequestSender - Using open Channel [id: 0x24c825cf, L:/127.0.0.1:53271 - R:localhost/127.0.0.1:56694] for POST '/session/01b578f8fc6e25ea6131b3ab2d8b67a3/element/c891624f-64c5-4f2f-a61e-35ecb0edfff1/value'
15:49:51.316 [AsyncHttpClient-1-11] DEBUG org.asynchttpclient.netty.handler.HttpHandler - 

Request DefaultHttpRequest(decodeResult: success, version: HTTP/1.1)
POST /session/01b578f8fc6e25ea6131b3ab2d8b67a3/element/c891624f-64c5-4f2f-a61e-35ecb0edfff1/value HTTP/1.1
User-Agent: selenium/4.1.2 (java windows)
Content-Length: 82
Content-Type: application/json; charset=utf-8
host: localhost:56694
accept: */*

Response DefaultHttpResponse(decodeResult: success, version: HTTP/1.1)
HTTP/1.1 200 OK
Content-Type: application/json; charset=utf-8
cache-control: no-cache
content-length: 14

15:49:51.316 [AsyncHttpClient-1-11] DEBUG org.asynchttpclient.netty.channel.ChannelManager - Adding key: http://localhost:56694 for channel [id: 0x24c825cf, L:/127.0.0.1:53271 - R:localhost/127.0.0.1:56694]
15:49:51.320 [Forwarding findElement on session 01b578f8fc6e25ea6131b3ab2d8b67a3 to remote] DEBUG org.asynchttpclient.netty.request.NettyRequestSender - Using pooled Channel '[id: 0x24c825cf, L:/127.0.0.1:53271 - R:localhost/127.0.0.1:56694]' for 'POST' to 'http://localhost:56694/session/01b578f8fc6e25ea6131b3ab2d8b67a3/element'
15:49:51.320 [Forwarding findElement on session 01b578f8fc6e25ea6131b3ab2d8b67a3 to remote] DEBUG org.asynchttpclient.netty.request.NettyRequestSender - Using open Channel [id: 0x24c825cf, L:/127.0.0.1:53271 - R:localhost/127.0.0.1:56694] for POST '/session/01b578f8fc6e25ea6131b3ab2d8b67a3/element'
15:49:51.354 [AsyncHttpClient-1-11] DEBUG org.asynchttpclient.netty.handler.HttpHandler - 

Request DefaultHttpRequest(decodeResult: success, version: HTTP/1.1)
POST /session/01b578f8fc6e25ea6131b3ab2d8b67a3/element HTTP/1.1
User-Agent: selenium/4.1.2 (java windows)
Content-Length: 70
Content-Type: application/json; charset=utf-8
host: localhost:56694
accept: */*

Response DefaultHttpResponse(decodeResult: success, version: HTTP/1.1)
HTTP/1.1 200 OK
Content-Type: application/json; charset=utf-8
cache-control: no-cache
content-length: 88

15:49:51.354 [AsyncHttpClient-1-11] DEBUG org.asynchttpclient.netty.channel.ChannelManager - Adding key: http://localhost:56694 for channel [id: 0x24c825cf, L:/127.0.0.1:53271 - R:localhost/127.0.0.1:56694]
15:49:51.356 [Forwarding clearElement on session 01b578f8fc6e25ea6131b3ab2d8b67a3 to remote] DEBUG org.asynchttpclient.netty.request.NettyRequestSender - Using pooled Channel '[id: 0x24c825cf, L:/127.0.0.1:53271 - R:localhost/127.0.0.1:56694]' for 'POST' to 'http://localhost:56694/session/01b578f8fc6e25ea6131b3ab2d8b67a3/element/b79a5270-7385-47a9-b81a-26ac661bd42c/clear'
15:49:51.356 [Forwarding clearElement on session 01b578f8fc6e25ea6131b3ab2d8b67a3 to remote] DEBUG org.asynchttpclient.netty.request.NettyRequestSender - Using open Channel [id: 0x24c825cf, L:/127.0.0.1:53271 - R:localhost/127.0.0.1:56694] for POST '/session/01b578f8fc6e25ea6131b3ab2d8b67a3/element/b79a5270-7385-47a9-b81a-26ac661bd42c/clear'
15:49:51.396 [AsyncHttpClient-1-11] DEBUG org.asynchttpclient.netty.handler.HttpHandler - 

Request DefaultHttpRequest(decodeResult: success, version: HTTP/1.1)
POST /session/01b578f8fc6e25ea6131b3ab2d8b67a3/element/b79a5270-7385-47a9-b81a-26ac661bd42c/clear HTTP/1.1
User-Agent: selenium/4.1.2 (java windows)
Content-Length: 50
Content-Type: application/json; charset=utf-8
host: localhost:56694
accept: */*

Response DefaultHttpResponse(decodeResult: success, version: HTTP/1.1)
HTTP/1.1 200 OK
Content-Type: application/json; charset=utf-8
cache-control: no-cache
content-length: 14

15:49:51.397 [AsyncHttpClient-1-11] DEBUG org.asynchttpclient.netty.channel.ChannelManager - Adding key: http://localhost:56694 for channel [id: 0x24c825cf, L:/127.0.0.1:53271 - R:localhost/127.0.0.1:56694]
15:49:51.399 [Forwarding sendKeysToElement on session 01b578f8fc6e25ea6131b3ab2d8b67a3 to remote] DEBUG org.asynchttpclient.netty.request.NettyRequestSender - Using pooled Channel '[id: 0x24c825cf, L:/127.0.0.1:53271 - R:localhost/127.0.0.1:56694]' for 'POST' to 'http://localhost:56694/session/01b578f8fc6e25ea6131b3ab2d8b67a3/element/b79a5270-7385-47a9-b81a-26ac661bd42c/value'
15:49:51.399 [Forwarding sendKeysToElement on session 01b578f8fc6e25ea6131b3ab2d8b67a3 to remote] DEBUG org.asynchttpclient.netty.request.NettyRequestSender - Using open Channel [id: 0x24c825cf, L:/127.0.0.1:53271 - R:localhost/127.0.0.1:56694] for POST '/session/01b578f8fc6e25ea6131b3ab2d8b67a3/element/b79a5270-7385-47a9-b81a-26ac661bd42c/value'
15:49:51.439 [AsyncHttpClient-1-11] DEBUG org.asynchttpclient.netty.handler.HttpHandler - 

Request DefaultHttpRequest(decodeResult: success, version: HTTP/1.1)
POST /session/01b578f8fc6e25ea6131b3ab2d8b67a3/element/b79a5270-7385-47a9-b81a-26ac661bd42c/value HTTP/1.1
User-Agent: selenium/4.1.2 (java windows)
Content-Length: 82
Content-Type: application/json; charset=utf-8
host: localhost:56694
accept: */*

Response DefaultHttpResponse(decodeResult: success, version: HTTP/1.1)
HTTP/1.1 200 OK
Content-Type: application/json; charset=utf-8
cache-control: no-cache
content-length: 14

15:49:51.439 [AsyncHttpClient-1-11] DEBUG org.asynchttpclient.netty.channel.ChannelManager - Adding key: http://localhost:56694 for channel [id: 0x24c825cf, L:/127.0.0.1:53271 - R:localhost/127.0.0.1:56694]
  &amp#27;[32mAnd &amp#27;[0m&amp#27;[32mi input &amp#27;[0m&amp#27;[32m&amp#27;[1m""&amp#27;[0m&amp#27;[32m and &amp#27;[0m&amp#27;[32m&amp#27;[1m""&amp#27;[0m&amp#27;[32m for login&amp#27;[0m        &amp#27;[90m# starter.stepdefinition.loginStep.iInputAndForLogin(java.lang.String,java.lang.String)&amp#27;[0m
15:49:51.446 [Forwarding screenshot on session 01b578f8fc6e25ea6131b3ab2d8b67a3 to remote] DEBUG org.asynchttpclient.netty.request.NettyRequestSender - Using pooled Channel '[id: 0x24c825cf, L:/127.0.0.1:53271 - R:localhost/127.0.0.1:56694]' for 'GET' to 'http://localhost:56694/session/01b578f8fc6e25ea6131b3ab2d8b67a3/screenshot'
15:49:51.446 [Forwarding screenshot on session 01b578f8fc6e25ea6131b3ab2d8b67a3 to remote] DEBUG org.asynchttpclient.netty.request.NettyRequestSender - Using open Channel [id: 0x24c825cf, L:/127.0.0.1:53271 - R:localhost/127.0.0.1:56694] for GET '/session/01b578f8fc6e25ea6131b3ab2d8b67a3/screenshot'
15:49:51.649 [AsyncHttpClient-1-11] DEBUG org.asynchttpclient.netty.handler.HttpHandler - 

Request DefaultFullHttpRequest(decodeResult: success, version: HTTP/1.1, content: EmptyByteBufBE)
GET /session/01b578f8fc6e25ea6131b3ab2d8b67a3/screenshot HTTP/1.1
User-Agent: selenium/4.1.2 (java windows)
Cache-Control: no-cache
Content-Type: application/json; charset=utf-8
host: localhost:56694
accept: */*

Response DefaultHttpResponse(decodeResult: success, version: HTTP/1.1)
HTTP/1.1 200 OK
Content-Type: application/json; charset=utf-8
cache-control: no-cache
content-length: 155664

15:49:51.650 [AsyncHttpClient-1-11] DEBUG org.asynchttpclient.netty.channel.ChannelManager - Adding key: http://localhost:56694 for channel [id: 0x24c825cf, L:/127.0.0.1:53271 - R:localhost/127.0.0.1:56694]
15:49:51.655 [main] DEBUG net.serenitybdd.core.photography.Darkroom - Send negative for processing for target\site\serenity\d35373bebb821fc3461fd09059e41ff7fbc14d014d5f306130a7edab9807dd4a.png
15:49:51.656 [Darkroom Processing Line] DEBUG net.serenitybdd.core.photography.DarkroomProcessingLine - Processing screenshot image in /var/screenshots/screenshot-15304656678921875485
15:49:51.656 [Darkroom Processing Line] DEBUG net.serenitybdd.core.photography.DarkroomProcessingLine - Saving screenshot to target\site\serenity\d35373bebb821fc3461fd09059e41ff7fbc14d014d5f306130a7edab9807dd4a.png
15:49:51.667 [Forwarding findElement on session 01b578f8fc6e25ea6131b3ab2d8b67a3 to remote] DEBUG org.asynchttpclient.netty.request.NettyRequestSender - Using pooled Channel '[id: 0x24c825cf, L:/127.0.0.1:53271 - R:localhost/127.0.0.1:56694]' for 'POST' to 'http://localhost:56694/session/01b578f8fc6e25ea6131b3ab2d8b67a3/element'
15:49:51.667 [Forwarding findElement on session 01b578f8fc6e25ea6131b3ab2d8b67a3 to remote] DEBUG org.asynchttpclient.netty.request.NettyRequestSender - Using open Channel [id: 0x24c825cf, L:/127.0.0.1:53271 - R:localhost/127.0.0.1:56694] for POST '/session/01b578f8fc6e25ea6131b3ab2d8b67a3/element'
15:49:51.679 [AsyncHttpClient-1-11] DEBUG org.asynchttpclient.netty.handler.HttpHandler - 

Request DefaultHttpRequest(decodeResult: success, version: HTTP/1.1)
POST /session/01b578f8fc6e25ea6131b3ab2d8b67a3/element HTTP/1.1
User-Agent: selenium/4.1.2 (java windows)
Content-Length: 53
Content-Type: application/json; charset=utf-8
host: localhost:56694
accept: */*

Response DefaultHttpResponse(decodeResult: success, version: HTTP/1.1)
HTTP/1.1 200 OK
Content-Type: application/json; charset=utf-8
cache-control: no-cache
content-length: 88

15:49:51.679 [AsyncHttpClient-1-11] DEBUG org.asynchttpclient.netty.channel.ChannelManager - Adding key: http://localhost:56694 for channel [id: 0x24c825cf, L:/127.0.0.1:53271 - R:localhost/127.0.0.1:56694]
15:49:51.681 [Forwarding getElementTagName on session 01b578f8fc6e25ea6131b3ab2d8b67a3 to remote] DEBUG org.asynchttpclient.netty.request.NettyRequestSender - Using pooled Channel '[id: 0x24c825cf, L:/127.0.0.1:53271 - R:localhost/127.0.0.1:56694]' for 'GET' to 'http://localhost:56694/session/01b578f8fc6e25ea6131b3ab2d8b67a3/element/3c29f9e4-43a6-4fb2-b075-7691d9df3e89/name'
15:49:51.682 [Forwarding getElementTagName on session 01b578f8fc6e25ea6131b3ab2d8b67a3 to remote] DEBUG org.asynchttpclient.netty.request.NettyRequestSender - Using open Channel [id: 0x24c825cf, L:/127.0.0.1:53271 - R:localhost/127.0.0.1:56694] for GET '/session/01b578f8fc6e25ea6131b3ab2d8b67a3/element/3c29f9e4-43a6-4fb2-b075-7691d9df3e89/name'
15:49:51.689 [AsyncHttpClient-1-11] DEBUG org.asynchttpclient.netty.handler.HttpHandler - 

Request DefaultFullHttpRequest(decodeResult: success, version: HTTP/1.1, content: EmptyByteBufBE)
GET /session/01b578f8fc6e25ea6131b3ab2d8b67a3/element/3c29f9e4-43a6-4fb2-b075-7691d9df3e89/name HTTP/1.1
User-Agent: selenium/4.1.2 (java windows)
Cache-Control: no-cache
Content-Type: application/json; charset=utf-8
host: localhost:56694
accept: */*

Response DefaultHttpResponse(decodeResult: success, version: HTTP/1.1)
HTTP/1.1 200 OK
Content-Type: application/json; charset=utf-8
cache-control: no-cache
content-length: 18

15:49:51.689 [AsyncHttpClient-1-11] DEBUG org.asynchttpclient.netty.channel.ChannelManager - Adding key: http://localhost:56694 for channel [id: 0x24c825cf, L:/127.0.0.1:53271 - R:localhost/127.0.0.1:56694]
15:49:51.691 [Forwarding getElementTagName on session 01b578f8fc6e25ea6131b3ab2d8b67a3 to remote] DEBUG org.asynchttpclient.netty.request.NettyRequestSender - Using pooled Channel '[id: 0x24c825cf, L:/127.0.0.1:53271 - R:localhost/127.0.0.1:56694]' for 'GET' to 'http://localhost:56694/session/01b578f8fc6e25ea6131b3ab2d8b67a3/element/3c29f9e4-43a6-4fb2-b075-7691d9df3e89/name'
15:49:51.691 [Forwarding getElementTagName on session 01b578f8fc6e25ea6131b3ab2d8b67a3 to remote] DEBUG org.asynchttpclient.netty.request.NettyRequestSender - Using open Channel [id: 0x24c825cf, L:/127.0.0.1:53271 - R:localhost/127.0.0.1:56694] for GET '/session/01b578f8fc6e25ea6131b3ab2d8b67a3/element/3c29f9e4-43a6-4fb2-b075-7691d9df3e89/name'
15:49:51.695 [AsyncHttpClient-1-11] DEBUG org.asynchttpclient.netty.handler.HttpHandler - 

Request DefaultFullHttpRequest(decodeResult: success, version: HTTP/1.1, content: EmptyByteBufBE)
GET /session/01b578f8fc6e25ea6131b3ab2d8b67a3/element/3c29f9e4-43a6-4fb2-b075-7691d9df3e89/name HTTP/1.1
User-Agent: selenium/4.1.2 (java windows)
Cache-Control: no-cache
Content-Type: application/json; charset=utf-8
host: localhost:56694
accept: */*

Response DefaultHttpResponse(decodeResult: success, version: HTTP/1.1)
HTTP/1.1 200 OK
Content-Type: application/json; charset=utf-8
cache-control: no-cache
content-length: 18

15:49:51.695 [AsyncHttpClient-1-11] DEBUG org.asynchttpclient.netty.channel.ChannelManager - Adding key: http://localhost:56694 for channel [id: 0x24c825cf, L:/127.0.0.1:53271 - R:localhost/127.0.0.1:56694]
15:49:51.699 [Forwarding isElementEnabled on session 01b578f8fc6e25ea6131b3ab2d8b67a3 to remote] DEBUG org.asynchttpclient.netty.request.NettyRequestSender - Using pooled Channel '[id: 0x24c825cf, L:/127.0.0.1:53271 - R:localhost/127.0.0.1:56694]' for 'GET' to 'http://localhost:56694/session/01b578f8fc6e25ea6131b3ab2d8b67a3/element/3c29f9e4-43a6-4fb2-b075-7691d9df3e89/enabled'
15:49:51.699 [Forwarding isElementEnabled on session 01b578f8fc6e25ea6131b3ab2d8b67a3 to remote] DEBUG org.asynchttpclient.netty.request.NettyRequestSender - Using open Channel [id: 0x24c825cf, L:/127.0.0.1:53271 - R:localhost/127.0.0.1:56694] for GET '/session/01b578f8fc6e25ea6131b3ab2d8b67a3/element/3c29f9e4-43a6-4fb2-b075-7691d9df3e89/enabled'
15:49:51.714 [AsyncHttpClient-1-11] DEBUG org.asynchttpclient.netty.handler.HttpHandler - 

Request DefaultFullHttpRequest(decodeResult: success, version: HTTP/1.1, content: EmptyByteBufBE)
GET /session/01b578f8fc6e25ea6131b3ab2d8b67a3/element/3c29f9e4-43a6-4fb2-b075-7691d9df3e89/enabled HTTP/1.1
User-Agent: selenium/4.1.2 (java windows)
Cache-Control: no-cache
Content-Type: application/json; charset=utf-8
host: localhost:56694
accept: */*

Response DefaultHttpResponse(decodeResult: success, version: HTTP/1.1)
HTTP/1.1 200 OK
Content-Type: application/json; charset=utf-8
cache-control: no-cache
content-length: 14

15:49:51.715 [AsyncHttpClient-1-11] DEBUG org.asynchttpclient.netty.channel.ChannelManager - Adding key: http://localhost:56694 for channel [id: 0x24c825cf, L:/127.0.0.1:53271 - R:localhost/127.0.0.1:56694]
15:49:51.716 [Forwarding isElementEnabled on session 01b578f8fc6e25ea6131b3ab2d8b67a3 to remote] DEBUG org.asynchttpclient.netty.request.NettyRequestSender - Using pooled Channel '[id: 0x24c825cf, L:/127.0.0.1:53271 - R:localhost/127.0.0.1:56694]' for 'GET' to 'http://localhost:56694/session/01b578f8fc6e25ea6131b3ab2d8b67a3/element/3c29f9e4-43a6-4fb2-b075-7691d9df3e89/enabled'
15:49:51.716 [Forwarding isElementEnabled on session 01b578f8fc6e25ea6131b3ab2d8b67a3 to remote] DEBUG org.asynchttpclient.netty.request.NettyRequestSender - Using open Channel [id: 0x24c825cf, L:/127.0.0.1:53271 - R:localhost/127.0.0.1:56694] for GET '/session/01b578f8fc6e25ea6131b3ab2d8b67a3/element/3c29f9e4-43a6-4fb2-b075-7691d9df3e89/enabled'
15:49:51.721 [AsyncHttpClient-1-11] DEBUG org.asynchttpclient.netty.handler.HttpHandler - 

Request DefaultFullHttpRequest(decodeResult: success, version: HTTP/1.1, content: EmptyByteBufBE)
GET /session/01b578f8fc6e25ea6131b3ab2d8b67a3/element/3c29f9e4-43a6-4fb2-b075-7691d9df3e89/enabled HTTP/1.1
User-Agent: selenium/4.1.2 (java windows)
Cache-Control: no-cache
Content-Type: application/json; charset=utf-8
host: localhost:56694
accept: */*

Response DefaultHttpResponse(decodeResult: success, version: HTTP/1.1)
HTTP/1.1 200 OK
Content-Type: application/json; charset=utf-8
cache-control: no-cache
content-length: 14

15:49:51.722 [AsyncHttpClient-1-11] DEBUG org.asynchttpclient.netty.channel.ChannelManager - Adding key: http://localhost:56694 for channel [id: 0x24c825cf, L:/127.0.0.1:53271 - R:localhost/127.0.0.1:56694]
15:49:51.724 [Forwarding findElement on session 01b578f8fc6e25ea6131b3ab2d8b67a3 to remote] DEBUG org.asynchttpclient.netty.request.NettyRequestSender - Using pooled Channel '[id: 0x24c825cf, L:/127.0.0.1:53271 - R:localhost/127.0.0.1:56694]' for 'POST' to 'http://localhost:56694/session/01b578f8fc6e25ea6131b3ab2d8b67a3/element'
15:49:51.724 [Forwarding findElement on session 01b578f8fc6e25ea6131b3ab2d8b67a3 to remote] DEBUG org.asynchttpclient.netty.request.NettyRequestSender - Using open Channel [id: 0x24c825cf, L:/127.0.0.1:53271 - R:localhost/127.0.0.1:56694] for POST '/session/01b578f8fc6e25ea6131b3ab2d8b67a3/element'
15:49:51.734 [AsyncHttpClient-1-11] DEBUG org.asynchttpclient.netty.handler.HttpHandler - 

Request DefaultHttpRequest(decodeResult: success, version: HTTP/1.1)
POST /session/01b578f8fc6e25ea6131b3ab2d8b67a3/element HTTP/1.1
User-Agent: selenium/4.1.2 (java windows)
Content-Length: 53
Content-Type: application/json; charset=utf-8
host: localhost:56694
accept: */*

Response DefaultHttpResponse(decodeResult: success, version: HTTP/1.1)
HTTP/1.1 200 OK
Content-Type: application/json; charset=utf-8
cache-control: no-cache
content-length: 88

15:49:51.734 [AsyncHttpClient-1-11] DEBUG org.asynchttpclient.netty.channel.ChannelManager - Adding key: http://localhost:56694 for channel [id: 0x24c825cf, L:/127.0.0.1:53271 - R:localhost/127.0.0.1:56694]
15:49:51.736 [Forwarding clickElement on session 01b578f8fc6e25ea6131b3ab2d8b67a3 to remote] DEBUG org.asynchttpclient.netty.request.NettyRequestSender - Using pooled Channel '[id: 0x24c825cf, L:/127.0.0.1:53271 - R:localhost/127.0.0.1:56694]' for 'POST' to 'http://localhost:56694/session/01b578f8fc6e25ea6131b3ab2d8b67a3/element/3c29f9e4-43a6-4fb2-b075-7691d9df3e89/click'
15:49:51.736 [Forwarding clickElement on session 01b578f8fc6e25ea6131b3ab2d8b67a3 to remote] DEBUG org.asynchttpclient.netty.request.NettyRequestSender - Using open Channel [id: 0x24c825cf, L:/127.0.0.1:53271 - R:localhost/127.0.0.1:56694] for POST '/session/01b578f8fc6e25ea6131b3ab2d8b67a3/element/3c29f9e4-43a6-4fb2-b075-7691d9df3e89/click'
15:49:51.786 [AsyncHttpClient-1-1] DEBUG org.asynchttpclient.netty.channel.DefaultChannelPool - Entry count for : http://localhost:53272 : 1
15:49:51.961 [AsyncHttpClient-1-11] DEBUG org.asynchttpclient.netty.handler.HttpHandler - 

Request DefaultHttpRequest(decodeResult: success, version: HTTP/1.1)
POST /session/01b578f8fc6e25ea6131b3ab2d8b67a3/element/3c29f9e4-43a6-4fb2-b075-7691d9df3e89/click HTTP/1.1
User-Agent: selenium/4.1.2 (java windows)
Content-Length: 50
Content-Type: application/json; charset=utf-8
host: localhost:56694
accept: */*

Response DefaultHttpResponse(decodeResult: success, version: HTTP/1.1)
HTTP/1.1 200 OK
Content-Type: application/json; charset=utf-8
cache-control: no-cache
content-length: 14

15:49:51.962 [AsyncHttpClient-1-11] DEBUG org.asynchttpclient.netty.channel.ChannelManager - Adding key: http://localhost:56694 for channel [id: 0x24c825cf, L:/127.0.0.1:53271 - R:localhost/127.0.0.1:56694]
  &amp#27;[32mAnd &amp#27;[0m&amp#27;[32mi click continue button for login&amp#27;[0m  &amp#27;[90m# starter.stepdefinition.loginStep.iClickContinueButtonForLogin()&amp#27;[0m
15:49:51.970 [Forwarding screenshot on session 01b578f8fc6e25ea6131b3ab2d8b67a3 to remote] DEBUG org.asynchttpclient.netty.request.NettyRequestSender - Using pooled Channel '[id: 0x24c825cf, L:/127.0.0.1:53271 - R:localhost/127.0.0.1:56694]' for 'GET' to 'http://localhost:56694/session/01b578f8fc6e25ea6131b3ab2d8b67a3/screenshot'
15:49:51.970 [Forwarding screenshot on session 01b578f8fc6e25ea6131b3ab2d8b67a3 to remote] DEBUG org.asynchttpclient.netty.request.NettyRequestSender - Using open Channel [id: 0x24c825cf, L:/127.0.0.1:53271 - R:localhost/127.0.0.1:56694] for GET '/session/01b578f8fc6e25ea6131b3ab2d8b67a3/screenshot'
15:49:52.392 [AsyncHttpClient-1-11] DEBUG org.asynchttpclient.netty.handler.HttpHandler - 

Request DefaultFullHttpRequest(decodeResult: success, version: HTTP/1.1, content: EmptyByteBufBE)
GET /session/01b578f8fc6e25ea6131b3ab2d8b67a3/screenshot HTTP/1.1
User-Agent: selenium/4.1.2 (java windows)
Cache-Control: no-cache
Content-Type: application/json; charset=utf-8
host: localhost:56694
accept: */*

Response DefaultHttpResponse(decodeResult: success, version: HTTP/1.1)
HTTP/1.1 200 OK
Content-Type: application/json; charset=utf-8
cache-control: no-cache
content-length: 124604

15:49:52.397 [AsyncHttpClient-1-11] DEBUG org.asynchttpclient.netty.channel.ChannelManager - Adding key: http://localhost:56694 for channel [id: 0x24c825cf, L:/127.0.0.1:53271 - R:localhost/127.0.0.1:56694]
15:49:52.407 [main] DEBUG net.serenitybdd.core.photography.Darkroom - Send negative for processing for target\site\serenity\81e464360e0e4942b888b952b0d272f7f0a05f91ed131b62f6c949556f0c2069.png
15:49:52.407 [Darkroom Processing Line] DEBUG net.serenitybdd.core.photography.DarkroomProcessingLine - Processing screenshot image in /var/screenshots/screenshot-14323554067897793326
15:49:52.407 [Darkroom Processing Line] DEBUG net.serenitybdd.core.photography.DarkroomProcessingLine - Saving screenshot to target\site\serenity\81e464360e0e4942b888b952b0d272f7f0a05f91ed131b62f6c949556f0c2069.png
15:49:52.417 [Forwarding findElement on session 01b578f8fc6e25ea6131b3ab2d8b67a3 to remote] DEBUG org.asynchttpclient.netty.request.NettyRequestSender - Using pooled Channel '[id: 0x24c825cf, L:/127.0.0.1:53271 - R:localhost/127.0.0.1:56694]' for 'POST' to 'http://localhost:56694/session/01b578f8fc6e25ea6131b3ab2d8b67a3/element'
15:49:52.417 [Forwarding findElement on session 01b578f8fc6e25ea6131b3ab2d8b67a3 to remote] DEBUG org.asynchttpclient.netty.request.NettyRequestSender - Using open Channel [id: 0x24c825cf, L:/127.0.0.1:53271 - R:localhost/127.0.0.1:56694] for POST '/session/01b578f8fc6e25ea6131b3ab2d8b67a3/element'
15:49:52.429 [AsyncHttpClient-1-11] DEBUG org.asynchttpclient.netty.handler.HttpHandler - 

Request DefaultHttpRequest(decodeResult: success, version: HTTP/1.1)
POST /session/01b578f8fc6e25ea6131b3ab2d8b67a3/element HTTP/1.1
User-Agent: selenium/4.1.2 (java windows)
Content-Length: 90
Content-Type: application/json; charset=utf-8
host: localhost:56694
accept: */*

Response DefaultHttpResponse(decodeResult: success, version: HTTP/1.1)
HTTP/1.1 200 OK
Content-Type: application/json; charset=utf-8
cache-control: no-cache
content-length: 88

15:49:52.429 [AsyncHttpClient-1-11] DEBUG org.asynchttpclient.netty.channel.ChannelManager - Adding key: http://localhost:56694 for channel [id: 0x24c825cf, L:/127.0.0.1:53271 - R:localhost/127.0.0.1:56694]
15:49:52.434 [Forwarding isElementDisplayed on session 01b578f8fc6e25ea6131b3ab2d8b67a3 to remote] DEBUG org.asynchttpclient.netty.request.NettyRequestSender - Using pooled Channel '[id: 0x24c825cf, L:/127.0.0.1:53271 - R:localhost/127.0.0.1:56694]' for 'POST' to 'http://localhost:56694/session/01b578f8fc6e25ea6131b3ab2d8b67a3/execute/sync'
15:49:52.434 [Forwarding isElementDisplayed on session 01b578f8fc6e25ea6131b3ab2d8b67a3 to remote] DEBUG org.asynchttpclient.netty.request.NettyRequestSender - Using open Channel [id: 0x24c825cf, L:/127.0.0.1:53271 - R:localhost/127.0.0.1:56694] for POST '/session/01b578f8fc6e25ea6131b3ab2d8b67a3/execute/sync'
15:49:52.448 [AsyncHttpClient-1-11] DEBUG org.asynchttpclient.netty.handler.HttpHandler - 

Request DefaultHttpRequest(decodeResult: success, version: HTTP/1.1)
POST /session/01b578f8fc6e25ea6131b3ab2d8b67a3/execute/sync HTTP/1.1
User-Agent: selenium/4.1.2 (java windows)
Content-Length: 48780
Content-Type: application/json; charset=utf-8
host: localhost:56694
accept: */*

Response DefaultHttpResponse(decodeResult: success, version: HTTP/1.1)
HTTP/1.1 200 OK
Content-Type: application/json; charset=utf-8
cache-control: no-cache
content-length: 14

15:49:52.449 [AsyncHttpClient-1-11] DEBUG org.asynchttpclient.netty.channel.ChannelManager - Adding key: http://localhost:56694 for channel [id: 0x24c825cf, L:/127.0.0.1:53271 - R:localhost/127.0.0.1:56694]
  &amp#27;[32mThen &amp#27;[0m&amp#27;[32mi get my &amp#27;[0m&amp#27;[32m&amp#27;[1m"login page"&amp#27;[0m&amp#27;[32m after login&amp#27;[0m &amp#27;[90m# starter.stepdefinition.loginStep.iGetMyAfterLogin(java.lang.String)&amp#27;[0m
15:49:52.459 [Forwarding screenshot on session 01b578f8fc6e25ea6131b3ab2d8b67a3 to remote] DEBUG org.asynchttpclient.netty.request.NettyRequestSender - Using pooled Channel '[id: 0x24c825cf, L:/127.0.0.1:53271 - R:localhost/127.0.0.1:56694]' for 'GET' to 'http://localhost:56694/session/01b578f8fc6e25ea6131b3ab2d8b67a3/screenshot'
15:49:52.459 [Forwarding screenshot on session 01b578f8fc6e25ea6131b3ab2d8b67a3 to remote] DEBUG org.asynchttpclient.netty.request.NettyRequestSender - Using open Channel [id: 0x24c825cf, L:/127.0.0.1:53271 - R:localhost/127.0.0.1:56694] for GET '/session/01b578f8fc6e25ea6131b3ab2d8b67a3/screenshot'
15:49:52.675 [AsyncHttpClient-1-11] DEBUG org.asynchttpclient.netty.handler.HttpHandler - 

Request DefaultFullHttpRequest(decodeResult: success, version: HTTP/1.1, content: EmptyByteBufBE)
GET /session/01b578f8fc6e25ea6131b3ab2d8b67a3/screenshot HTTP/1.1
User-Agent: selenium/4.1.2 (java windows)
Cache-Control: no-cache
Content-Type: application/json; charset=utf-8
host: localhost:56694
accept: */*

Response DefaultHttpResponse(decodeResult: success, version: HTTP/1.1)
HTTP/1.1 200 OK
Content-Type: application/json; charset=utf-8
cache-control: no-cache
content-length: 124328

15:49:52.676 [AsyncHttpClient-1-11] DEBUG org.asynchttpclient.netty.channel.ChannelManager - Adding key: http://localhost:56694 for channel [id: 0x24c825cf, L:/127.0.0.1:53271 - R:localhost/127.0.0.1:56694]
15:49:52.679 [main] DEBUG net.serenitybdd.core.photography.Darkroom - Send negative for processing for target\site\serenity\bed6ff31e18338fe659932abf60f91700a5b81852f82346946dab534c22dcad5.png
15:49:52.680 [Darkroom Processing Line] DEBUG net.serenitybdd.core.photography.DarkroomProcessingLine - Processing screenshot image in /var/screenshots/screenshot-14366189481837739370
15:49:52.680 [Darkroom Processing Line] DEBUG net.serenitybdd.core.photography.DarkroomProcessingLine - Saving screenshot to target\site\serenity\bed6ff31e18338fe659932abf60f91700a5b81852f82346946dab534c22dcad5.png
15:49:52.682 [AsyncHttpClient-1-13] DEBUG org.asynchttpclient.netty.handler.WebSocketHandler - Channel Closed: [id: 0x320355ce, L:/127.0.0.1:53280 ! R:localhost/127.0.0.1:53272] with attribute NettyResponseFuture{currentRetry=5,
	isDone=1,
	isCancelled=0,
	asyncHandler=org.asynchttpclient.ws.WebSocketUpgradeHandler@3d4fe5b4,
	nettyRequest=org.asynchttpclient.netty.request.NettyRequest@784d7c79,
	future=java.util.concurrent.CompletableFuture@73070c1a[Completed normally],
	uri=ws://localhost:53272/devtools/browser/1fde7528-2a65-4883-92f4-ea3160c01888,
	keepAlive=true,
	redirectCount=0,
	timeoutsHolder=null,
	inAuth=0,
	touch=1655282981462}
15:49:52.682 [AsyncHttpClient-1-13] DEBUG org.asynchttpclient.netty.channel.ChannelManager - Closing Channel [id: 0x320355ce, L:/127.0.0.1:53280 ! R:localhost/127.0.0.1:53272] 
15:49:52.682 [Driver Command Executor] DEBUG org.asynchttpclient.netty.request.NettyRequestSender - Using pooled Channel '[id: 0x24c825cf, L:/127.0.0.1:53271 - R:localhost/127.0.0.1:56694]' for 'DELETE' to 'http://localhost:56694/session/01b578f8fc6e25ea6131b3ab2d8b67a3'
15:49:52.682 [Driver Command Executor] DEBUG org.asynchttpclient.netty.request.NettyRequestSender - Using open Channel [id: 0x24c825cf, L:/127.0.0.1:53271 - R:localhost/127.0.0.1:56694] for DELETE '/session/01b578f8fc6e25ea6131b3ab2d8b67a3'
15:49:52.708 [AsyncHttpClient-1-12] DEBUG org.asynchttpclient.netty.handler.HttpHandler - Unexpected I/O exception on channel [id: 0xa909b595, L:/127.0.0.1:53279 - R:localhost/127.0.0.1:53272]
java.net.SocketException: Connection reset
	at java.base/sun.nio.ch.SocketChannelImpl.throwConnectionReset(SocketChannelImpl.java:367)
	at java.base/sun.nio.ch.SocketChannelImpl.read(SocketChannelImpl.java:398)
	at io.netty.buffer.PooledByteBuf.setBytes(PooledByteBuf.java:258)
	at io.netty.buffer.AbstractByteBuf.writeBytes(AbstractByteBuf.java:1132)
	at io.netty.channel.socket.nio.NioSocketChannel.doReadBytes(NioSocketChannel.java:350)
	at io.netty.channel.nio.AbstractNioByteChannel$NioByteUnsafe.read(AbstractNioByteChannel.java:151)
	at io.netty.channel.nio.NioEventLoop.processSelectedKey(NioEventLoop.java:722)
	at io.netty.channel.nio.NioEventLoop.processSelectedKeysOptimized(NioEventLoop.java:658)
	at io.netty.channel.nio.NioEventLoop.processSelectedKeys(NioEventLoop.java:584)
	at io.netty.channel.nio.NioEventLoop.run(NioEventLoop.java:496)
	at io.netty.util.concurrent.SingleThreadEventExecutor$4.run(SingleThreadEventExecutor.java:986)
	at io.netty.util.internal.ThreadExecutorMap$2.run(ThreadExecutorMap.java:74)
	at io.netty.util.concurrent.FastThreadLocalRunnable.run(FastThreadLocalRunnable.java:30)
	at java.base/java.lang.Thread.run(Thread.java:832)
15:49:52.708 [AsyncHttpClient-1-12] DEBUG org.asynchttpclient.netty.channel.ChannelManager - Closing Channel [id: 0xa909b595, L:/127.0.0.1:53279 - R:localhost/127.0.0.1:53272] 
15:49:52.709 [AsyncHttpClient-1-12] DEBUG org.asynchttpclient.netty.handler.HttpHandler - Channel Closed: [id: 0xa909b595, L:/127.0.0.1:53279 ! R:localhost/127.0.0.1:53272] with attribute DISCARD
15:49:52.730 [AsyncHttpClient-1-11] DEBUG org.asynchttpclient.netty.handler.HttpHandler - 

Request DefaultFullHttpRequest(decodeResult: success, version: HTTP/1.1, content: EmptyByteBufBE)
DELETE /session/01b578f8fc6e25ea6131b3ab2d8b67a3 HTTP/1.1
User-Agent: selenium/4.1.2 (java windows)
Content-Type: application/json; charset=utf-8
host: localhost:56694
accept: */*

Response DefaultHttpResponse(decodeResult: success, version: HTTP/1.1)
HTTP/1.1 200 OK
Content-Type: application/json; charset=utf-8
cache-control: no-cache
content-length: 14

15:49:52.730 [AsyncHttpClient-1-11] DEBUG org.asynchttpclient.netty.channel.ChannelManager - Adding key: http://localhost:56694 for channel [id: 0x24c825cf, L:/127.0.0.1:53271 - R:localhost/127.0.0.1:56694]
15:49:52.855 [AsyncHttpClient-1-11] DEBUG org.asynchttpclient.netty.handler.HttpHandler - Channel Closed: [id: 0x24c825cf, L:/127.0.0.1:53271 ! R:localhost/127.0.0.1:56694] with attribute DISCARD
15:49:52.877 [AsyncHttpClient-1-1] DEBUG org.asynchttpclient.netty.channel.DefaultChannelPool - Entry count for : http://localhost:56694 : 1
15:49:52.877 [AsyncHttpClient-1-1] DEBUG org.asynchttpclient.netty.channel.DefaultChannelPool - Entry count for : http://localhost:53272 : 1
15:49:52.877 [AsyncHttpClient-1-1] DEBUG org.asynchttpclient.netty.channel.DefaultChannelPool - Adding Candidate expired Channel [id: 0x24c825cf, L:/127.0.0.1:53271 ! R:localhost/127.0.0.1:56694] isIdleTimeoutExpired=false isRemotelyClosed=true isTtlExpired=false
15:49:52.877 [AsyncHttpClient-1-1] DEBUG org.asynchttpclient.netty.channel.DefaultChannelPool - Closing Idle Channel [id: 0x24c825cf, L:/127.0.0.1:53271 ! R:localhost/127.0.0.1:56694]
15:49:52.877 [AsyncHttpClient-1-1] DEBUG org.asynchttpclient.netty.channel.DefaultChannelPool - Adding Candidate expired Channel [id: 0xa909b595, L:/127.0.0.1:53279 ! R:localhost/127.0.0.1:53272] isIdleTimeoutExpired=false isRemotelyClosed=true isTtlExpired=false
15:49:52.877 [AsyncHttpClient-1-1] DEBUG org.asynchttpclient.netty.channel.DefaultChannelPool - Closing Idle Channel [id: 0xa909b595, L:/127.0.0.1:53279 ! R:localhost/127.0.0.1:53272]
15:49:52.877 [AsyncHttpClient-1-1] DEBUG org.asynchttpclient.netty.channel.DefaultChannelPool - Closed 2 connections out of 2 in 0 ms
]]></system-out>
    <system-err><![CDATA[Starting ChromeDriver 102.0.5005.61 (0e59bcc00cc4985ce39ad31c150065f159d95ad3-refs/branch-heads/5005@{#819}) on port 56694
Only local connections are allowed.
Please see https://chromedriver.chromium.org/security-considerations for suggestions on keeping ChromeDriver safe.
ChromeDriver was started successfully.
Jun 15, 2022 3:49:41 PM org.openqa.selenium.remote.ProtocolHandshake createSession
INFO: Detected dialect: W3C
Jun 15, 2022 3:49:41 PM org.openqa.selenium.devtools.CdpVersionFinder findNearestMatch
WARNING: Unable to find an exact match for CDP version 102, so returning the closest version found: a no-op implementation
Jun 15, 2022 3:49:41 PM org.openqa.selenium.devtools.CdpVersionFinder findNearestMatch
INFO: Unable to find CDP implementation matching 102.
Jun 15, 2022 3:49:41 PM org.openqa.selenium.chromium.ChromiumDriver lambda$new$3
WARNING: Unable to find version of CDP to use for . You may need to include a dependency on a specific version of the CDP using something similar to `org.seleniumhq.selenium:selenium-devtools-v86:4.1.2` where the version ("v86") matches the version of the chromium-based browser you're using and the version number of the artifact is the same as Selenium's.
]]></system-err>
  </testcase>
  <testcase name="Login scenario #5" classname="Login" time="12.079">
    <system-out><![CDATA[
@login
Scenario Outline: Login scenario                                 &amp#27;[90m# src/test/resources/features/login.feature:23&amp#27;[0m
15:49:53.377 [main] INFO io.cucumber.core.plugin.SerenityReporter - Running feature from file:///D:/PERKULIAHAN/Semester%206,Hebatt%20glad!/QE-FGD/Web/src/test/resources/features/login.feature
15:49:53.377 [main] INFO net.serenitybdd.core.webdriver.driverproviders.ChromeDriverProvider - Using automatically driver download
15:49:53.524 [main] DEBUG io.github.bonigarcia.wdm.cache.ResolutionCache - Resolution chrome=102 in cache (valid until 16:30:12 15/06/2022 WIB)
15:49:53.524 [main] DEBUG io.github.bonigarcia.wdm.cache.ResolutionCache - Resolution chrome102=102.0.5005.61 in cache (valid until 14:29:55 16/06/2022 WIB)
15:49:53.524 [main] INFO io.github.bonigarcia.wdm.WebDriverManager - Using chromedriver 102.0.5005.61 (resolved driver for Chrome 102)
15:49:53.540 [main] DEBUG io.github.bonigarcia.wdm.WebDriverManager - Driver chromedriver 102.0.5005.61 found in cache
15:49:53.540 [main] INFO io.github.bonigarcia.wdm.WebDriverManager - Exporting webdriver.chrome.driver as C:\Users\ASUS\.cache\selenium\chromedriver\win32\102.0.5005.61\chromedriver.exe
15:49:53.669 [main] DEBUG net.serenitybdd.core.webdriver.driverproviders.ProvideNewDriver - Instantiating driver
15:49:53.669 [main] DEBUG net.serenitybdd.core.webdriver.driverproviders.ProvideNewDriver - Driver capabilities: Capabilities {acceptInsecureCerts: false, base.url: , browserName: chrome, goog:chromeOptions: {args: [], extensions: []}}
15:49:54.212 [AsyncHttpClient-1-14] DEBUG org.asynchttpclient.netty.channel.NettyConnectListener - Using new Channel '[id: 0x91c3fac8, L:/127.0.0.1:53299 - R:localhost/127.0.0.1:50945]' for 'POST' to '/session'
15:49:55.547 [AsyncHttpClient-1-14] DEBUG org.asynchttpclient.netty.handler.HttpHandler - 

Request DefaultHttpRequest(decodeResult: success, version: HTTP/1.1)
POST /session HTTP/1.1
User-Agent: selenium/4.1.2 (java windows)
Content-Length: 457
Content-Type: application/json; charset=utf-8
host: localhost:50945
accept: */*

Response DefaultHttpResponse(decodeResult: success, version: HTTP/1.1)
HTTP/1.1 200 OK
Content-Type: application/json; charset=utf-8
cache-control: no-cache
content-length: 789

15:49:55.547 [AsyncHttpClient-1-14] DEBUG org.asynchttpclient.netty.channel.ChannelManager - Adding key: http://localhost:50945 for channel [id: 0x91c3fac8, L:/127.0.0.1:53299 - R:localhost/127.0.0.1:50945]
15:49:55.556 [AsyncHttpClient-1-15] DEBUG org.asynchttpclient.netty.channel.NettyConnectListener - Using new Channel '[id: 0xe8e23b17, L:/127.0.0.1:53307 - R:localhost/127.0.0.1:53300]' for 'GET' to '/json/version'
15:49:55.562 [AsyncHttpClient-1-15] DEBUG org.asynchttpclient.netty.handler.HttpHandler - 

Request DefaultFullHttpRequest(decodeResult: success, version: HTTP/1.1, content: EmptyByteBufBE)
GET /json/version HTTP/1.1
User-Agent: selenium/4.1.2 (java windows)
host: localhost:53300
accept: */*

Response DefaultHttpResponse(decodeResult: success, version: HTTP/1.1)
HTTP/1.1 200 OK
Content-Type: application/json; charset=UTF-8
content-length: 428

15:49:55.562 [AsyncHttpClient-1-15] DEBUG org.asynchttpclient.netty.channel.ChannelManager - Adding key: http://localhost:53300 for channel [id: 0xe8e23b17, L:/127.0.0.1:53307 - R:localhost/127.0.0.1:53300]
15:49:55.565 [AsyncHttpClient-1-16] DEBUG org.asynchttpclient.netty.channel.NettyConnectListener - Using new Channel '[id: 0x74be48f3, L:/127.0.0.1:53308 - R:localhost/127.0.0.1:53300]' for 'GET' to '/devtools/browser/557b128f-1937-4826-b94b-e9742eb4de29'
15:49:55.570 [AsyncHttpClient-1-16] DEBUG org.asynchttpclient.netty.handler.WebSocketHandler - 

Request DefaultFullHttpRequest(decodeResult: success, version: HTTP/1.1, content: EmptyByteBufBE)
GET /devtools/browser/557b128f-1937-4826-b94b-e9742eb4de29 HTTP/1.1
upgrade: websocket
connection: upgrade
sec-websocket-key: IvLTkmkla9sR1Blcvh6h5Q==
sec-websocket-version: 13
origin: http://localhost:53300
host: localhost:53300
accept: */*
user-agent: AHC/2.1

Response DefaultHttpResponse(decodeResult: success, version: HTTP/1.1)
HTTP/1.1 101 WebSocket Protocol Handshake
Upgrade: WebSocket
Connection: Upgrade
Sec-WebSocket-Accept: M+lEK+0ls49QzKt33Bm0XqTGDjQ=

15:49:55.574 [Forwarding get on session 106766eb610bf8a961822583c8945411 to remote] DEBUG org.asynchttpclient.netty.request.NettyRequestSender - Using pooled Channel '[id: 0x91c3fac8, L:/127.0.0.1:53299 - R:localhost/127.0.0.1:50945]' for 'POST' to 'http://localhost:50945/session/106766eb610bf8a961822583c8945411/url'
15:49:55.574 [Forwarding get on session 106766eb610bf8a961822583c8945411 to remote] DEBUG org.asynchttpclient.netty.request.NettyRequestSender - Using open Channel [id: 0x91c3fac8, L:/127.0.0.1:53299 - R:localhost/127.0.0.1:50945] for POST '/session/106766eb610bf8a961822583c8945411/url'
15:49:56.179 [AsyncHttpClient-1-1] DEBUG org.asynchttpclient.netty.channel.DefaultChannelPool - Entry count for : http://localhost:53300 : 1
15:49:57.278 [AsyncHttpClient-1-1] DEBUG org.asynchttpclient.netty.channel.DefaultChannelPool - Entry count for : http://localhost:53300 : 1
15:49:58.386 [AsyncHttpClient-1-1] DEBUG org.asynchttpclient.netty.channel.DefaultChannelPool - Entry count for : http://localhost:53300 : 1
15:49:59.481 [AsyncHttpClient-1-1] DEBUG org.asynchttpclient.netty.channel.DefaultChannelPool - Entry count for : http://localhost:53300 : 1
15:50:00.579 [AsyncHttpClient-1-1] DEBUG org.asynchttpclient.netty.channel.DefaultChannelPool - Entry count for : http://localhost:53300 : 1
15:50:01.607 [AsyncHttpClient-1-14] DEBUG org.asynchttpclient.netty.handler.HttpHandler - 

Request DefaultHttpRequest(decodeResult: success, version: HTTP/1.1)
POST /session/106766eb610bf8a961822583c8945411/url HTTP/1.1
User-Agent: selenium/4.1.2 (java windows)
Content-Length: 53
Content-Type: application/json; charset=utf-8
host: localhost:50945
accept: */*

Response DefaultHttpResponse(decodeResult: success, version: HTTP/1.1)
HTTP/1.1 200 OK
Content-Type: application/json; charset=utf-8
cache-control: no-cache
content-length: 14

15:50:01.607 [AsyncHttpClient-1-14] DEBUG org.asynchttpclient.netty.channel.ChannelManager - Adding key: http://localhost:50945 for channel [id: 0x91c3fac8, L:/127.0.0.1:53299 - R:localhost/127.0.0.1:50945]
15:50:01.610 [Forwarding setTimeout on session 106766eb610bf8a961822583c8945411 to remote] DEBUG org.asynchttpclient.netty.request.NettyRequestSender - Using pooled Channel '[id: 0x91c3fac8, L:/127.0.0.1:53299 - R:localhost/127.0.0.1:50945]' for 'POST' to 'http://localhost:50945/session/106766eb610bf8a961822583c8945411/timeouts'
15:50:01.610 [Forwarding setTimeout on session 106766eb610bf8a961822583c8945411 to remote] DEBUG org.asynchttpclient.netty.request.NettyRequestSender - Using open Channel [id: 0x91c3fac8, L:/127.0.0.1:53299 - R:localhost/127.0.0.1:50945] for POST '/session/106766eb610bf8a961822583c8945411/timeouts'
15:50:01.611 [AsyncHttpClient-1-14] DEBUG org.asynchttpclient.netty.handler.HttpHandler - 

Request DefaultHttpRequest(decodeResult: success, version: HTTP/1.1)
POST /session/106766eb610bf8a961822583c8945411/timeouts HTTP/1.1
User-Agent: selenium/4.1.2 (java windows)
Content-Length: 22
Content-Type: application/json; charset=utf-8
host: localhost:50945
accept: */*

Response DefaultHttpResponse(decodeResult: success, version: HTTP/1.1)
HTTP/1.1 200 OK
Content-Type: application/json; charset=utf-8
cache-control: no-cache
content-length: 14

15:50:01.611 [AsyncHttpClient-1-14] DEBUG org.asynchttpclient.netty.channel.ChannelManager - Adding key: http://localhost:50945 for channel [id: 0x91c3fac8, L:/127.0.0.1:53299 - R:localhost/127.0.0.1:50945]
15:50:01.613 [Forwarding getCurrentUrl on session 106766eb610bf8a961822583c8945411 to remote] DEBUG org.asynchttpclient.netty.request.NettyRequestSender - Using pooled Channel '[id: 0x91c3fac8, L:/127.0.0.1:53299 - R:localhost/127.0.0.1:50945]' for 'GET' to 'http://localhost:50945/session/106766eb610bf8a961822583c8945411/url'
15:50:01.613 [Forwarding getCurrentUrl on session 106766eb610bf8a961822583c8945411 to remote] DEBUG org.asynchttpclient.netty.request.NettyRequestSender - Using open Channel [id: 0x91c3fac8, L:/127.0.0.1:53299 - R:localhost/127.0.0.1:50945] for GET '/session/106766eb610bf8a961822583c8945411/url'
15:50:01.618 [AsyncHttpClient-1-14] DEBUG org.asynchttpclient.netty.handler.HttpHandler - 

Request DefaultFullHttpRequest(decodeResult: success, version: HTTP/1.1, content: EmptyByteBufBE)
GET /session/106766eb610bf8a961822583c8945411/url HTTP/1.1
User-Agent: selenium/4.1.2 (java windows)
Cache-Control: no-cache
Content-Type: application/json; charset=utf-8
host: localhost:50945
accept: */*

Response DefaultHttpResponse(decodeResult: success, version: HTTP/1.1)
HTTP/1.1 200 OK
Content-Type: application/json; charset=utf-8
cache-control: no-cache
content-length: 35

15:50:01.618 [AsyncHttpClient-1-14] DEBUG org.asynchttpclient.netty.channel.ChannelManager - Adding key: http://localhost:50945 for channel [id: 0x91c3fac8, L:/127.0.0.1:53299 - R:localhost/127.0.0.1:50945]
  &amp#27;[32mGiven &amp#27;[0m&amp#27;[32mi have registered&amp#27;[0m                                        &amp#27;[90m# starter.stepdefinition.loginStep.iHaveRegistered()&amp#27;[0m
15:50:01.623 [Forwarding screenshot on session 106766eb610bf8a961822583c8945411 to remote] DEBUG org.asynchttpclient.netty.request.NettyRequestSender - Using pooled Channel '[id: 0x91c3fac8, L:/127.0.0.1:53299 - R:localhost/127.0.0.1:50945]' for 'GET' to 'http://localhost:50945/session/106766eb610bf8a961822583c8945411/screenshot'
15:50:01.623 [Forwarding screenshot on session 106766eb610bf8a961822583c8945411 to remote] DEBUG org.asynchttpclient.netty.request.NettyRequestSender - Using open Channel [id: 0x91c3fac8, L:/127.0.0.1:53299 - R:localhost/127.0.0.1:50945] for GET '/session/106766eb610bf8a961822583c8945411/screenshot'
15:50:01.676 [AsyncHttpClient-1-1] DEBUG org.asynchttpclient.netty.channel.DefaultChannelPool - Entry count for : http://localhost:53300 : 1
15:50:01.884 [AsyncHttpClient-1-14] DEBUG org.asynchttpclient.netty.handler.HttpHandler - 

Request DefaultFullHttpRequest(decodeResult: success, version: HTTP/1.1, content: EmptyByteBufBE)
GET /session/106766eb610bf8a961822583c8945411/screenshot HTTP/1.1
User-Agent: selenium/4.1.2 (java windows)
Cache-Control: no-cache
Content-Type: application/json; charset=utf-8
host: localhost:50945
accept: */*

Response DefaultHttpResponse(decodeResult: success, version: HTTP/1.1)
HTTP/1.1 200 OK
Content-Type: application/json; charset=utf-8
cache-control: no-cache
content-length: 344292

15:50:01.887 [AsyncHttpClient-1-14] DEBUG org.asynchttpclient.netty.channel.ChannelManager - Adding key: http://localhost:50945 for channel [id: 0x91c3fac8, L:/127.0.0.1:53299 - R:localhost/127.0.0.1:50945]
15:50:01.901 [main] DEBUG net.serenitybdd.core.photography.Darkroom - Send negative for processing for target\site\serenity\923bee840879811ac6082d8b3bd0e9d9c5cb93a24c165f29e28bc0a19288a5b7.png
15:50:01.914 [Forwarding findElement on session 106766eb610bf8a961822583c8945411 to remote] DEBUG org.asynchttpclient.netty.request.NettyRequestSender - Using pooled Channel '[id: 0x91c3fac8, L:/127.0.0.1:53299 - R:localhost/127.0.0.1:50945]' for 'POST' to 'http://localhost:50945/session/106766eb610bf8a961822583c8945411/element'
15:50:01.914 [Forwarding findElement on session 106766eb610bf8a961822583c8945411 to remote] DEBUG org.asynchttpclient.netty.request.NettyRequestSender - Using open Channel [id: 0x91c3fac8, L:/127.0.0.1:53299 - R:localhost/127.0.0.1:50945] for POST '/session/106766eb610bf8a961822583c8945411/element'
15:50:01.959 [AsyncHttpClient-1-14] DEBUG org.asynchttpclient.netty.handler.HttpHandler - 

Request DefaultHttpRequest(decodeResult: success, version: HTTP/1.1)
POST /session/106766eb610bf8a961822583c8945411/element HTTP/1.1
User-Agent: selenium/4.1.2 (java windows)
Content-Length: 55
Content-Type: application/json; charset=utf-8
host: localhost:50945
accept: */*

Response DefaultHttpResponse(decodeResult: success, version: HTTP/1.1)
HTTP/1.1 200 OK
Content-Type: application/json; charset=utf-8
cache-control: no-cache
content-length: 88

15:50:01.959 [AsyncHttpClient-1-14] DEBUG org.asynchttpclient.netty.channel.ChannelManager - Adding key: http://localhost:50945 for channel [id: 0x91c3fac8, L:/127.0.0.1:53299 - R:localhost/127.0.0.1:50945]
15:50:01.963 [Forwarding isElementDisplayed on session 106766eb610bf8a961822583c8945411 to remote] DEBUG org.asynchttpclient.netty.request.NettyRequestSender - Using pooled Channel '[id: 0x91c3fac8, L:/127.0.0.1:53299 - R:localhost/127.0.0.1:50945]' for 'POST' to 'http://localhost:50945/session/106766eb610bf8a961822583c8945411/execute/sync'
15:50:01.964 [Forwarding isElementDisplayed on session 106766eb610bf8a961822583c8945411 to remote] DEBUG org.asynchttpclient.netty.request.NettyRequestSender - Using open Channel [id: 0x91c3fac8, L:/127.0.0.1:53299 - R:localhost/127.0.0.1:50945] for POST '/session/106766eb610bf8a961822583c8945411/execute/sync'
15:50:02.009 [AsyncHttpClient-1-14] DEBUG org.asynchttpclient.netty.handler.HttpHandler - 

Request DefaultHttpRequest(decodeResult: success, version: HTTP/1.1)
POST /session/106766eb610bf8a961822583c8945411/execute/sync HTTP/1.1
User-Agent: selenium/4.1.2 (java windows)
Content-Length: 48780
Content-Type: application/json; charset=utf-8
host: localhost:50945
accept: */*

Response DefaultHttpResponse(decodeResult: success, version: HTTP/1.1)
HTTP/1.1 200 OK
Content-Type: application/json; charset=utf-8
cache-control: no-cache
content-length: 14

15:50:02.009 [AsyncHttpClient-1-14] DEBUG org.asynchttpclient.netty.channel.ChannelManager - Adding key: http://localhost:50945 for channel [id: 0x91c3fac8, L:/127.0.0.1:53299 - R:localhost/127.0.0.1:50945]
15:50:02.014 [Forwarding findElement on session 106766eb610bf8a961822583c8945411 to remote] DEBUG org.asynchttpclient.netty.request.NettyRequestSender - Using pooled Channel '[id: 0x91c3fac8, L:/127.0.0.1:53299 - R:localhost/127.0.0.1:50945]' for 'POST' to 'http://localhost:50945/session/106766eb610bf8a961822583c8945411/element'
15:50:02.014 [Forwarding findElement on session 106766eb610bf8a961822583c8945411 to remote] DEBUG org.asynchttpclient.netty.request.NettyRequestSender - Using open Channel [id: 0x91c3fac8, L:/127.0.0.1:53299 - R:localhost/127.0.0.1:50945] for POST '/session/106766eb610bf8a961822583c8945411/element'
15:50:02.059 [AsyncHttpClient-1-14] DEBUG org.asynchttpclient.netty.handler.HttpHandler - 

Request DefaultHttpRequest(decodeResult: success, version: HTTP/1.1)
POST /session/106766eb610bf8a961822583c8945411/element HTTP/1.1
User-Agent: selenium/4.1.2 (java windows)
Content-Length: 72
Content-Type: application/json; charset=utf-8
host: localhost:50945
accept: */*

Response DefaultHttpResponse(decodeResult: success, version: HTTP/1.1)
HTTP/1.1 200 OK
Content-Type: application/json; charset=utf-8
cache-control: no-cache
content-length: 88

15:50:02.059 [AsyncHttpClient-1-14] DEBUG org.asynchttpclient.netty.channel.ChannelManager - Adding key: http://localhost:50945 for channel [id: 0x91c3fac8, L:/127.0.0.1:53299 - R:localhost/127.0.0.1:50945]
15:50:02.061 [Forwarding getElementTagName on session 106766eb610bf8a961822583c8945411 to remote] DEBUG org.asynchttpclient.netty.request.NettyRequestSender - Using pooled Channel '[id: 0x91c3fac8, L:/127.0.0.1:53299 - R:localhost/127.0.0.1:50945]' for 'GET' to 'http://localhost:50945/session/106766eb610bf8a961822583c8945411/element/3951b4d2-32bf-4c0e-98dc-9634a825ef71/name'
15:50:02.061 [Forwarding getElementTagName on session 106766eb610bf8a961822583c8945411 to remote] DEBUG org.asynchttpclient.netty.request.NettyRequestSender - Using open Channel [id: 0x91c3fac8, L:/127.0.0.1:53299 - R:localhost/127.0.0.1:50945] for GET '/session/106766eb610bf8a961822583c8945411/element/3951b4d2-32bf-4c0e-98dc-9634a825ef71/name'
15:50:02.109 [AsyncHttpClient-1-14] DEBUG org.asynchttpclient.netty.handler.HttpHandler - 

Request DefaultFullHttpRequest(decodeResult: success, version: HTTP/1.1, content: EmptyByteBufBE)
GET /session/106766eb610bf8a961822583c8945411/element/3951b4d2-32bf-4c0e-98dc-9634a825ef71/name HTTP/1.1
User-Agent: selenium/4.1.2 (java windows)
Cache-Control: no-cache
Content-Type: application/json; charset=utf-8
host: localhost:50945
accept: */*

Response DefaultHttpResponse(decodeResult: success, version: HTTP/1.1)
HTTP/1.1 200 OK
Content-Type: application/json; charset=utf-8
cache-control: no-cache
content-length: 13

15:50:02.109 [AsyncHttpClient-1-14] DEBUG org.asynchttpclient.netty.channel.ChannelManager - Adding key: http://localhost:50945 for channel [id: 0x91c3fac8, L:/127.0.0.1:53299 - R:localhost/127.0.0.1:50945]
15:50:02.112 [Forwarding getElementTagName on session 106766eb610bf8a961822583c8945411 to remote] DEBUG org.asynchttpclient.netty.request.NettyRequestSender - Using pooled Channel '[id: 0x91c3fac8, L:/127.0.0.1:53299 - R:localhost/127.0.0.1:50945]' for 'GET' to 'http://localhost:50945/session/106766eb610bf8a961822583c8945411/element/3951b4d2-32bf-4c0e-98dc-9634a825ef71/name'
15:50:02.112 [Forwarding getElementTagName on session 106766eb610bf8a961822583c8945411 to remote] DEBUG org.asynchttpclient.netty.request.NettyRequestSender - Using open Channel [id: 0x91c3fac8, L:/127.0.0.1:53299 - R:localhost/127.0.0.1:50945] for GET '/session/106766eb610bf8a961822583c8945411/element/3951b4d2-32bf-4c0e-98dc-9634a825ef71/name'
15:50:02.159 [AsyncHttpClient-1-14] DEBUG org.asynchttpclient.netty.handler.HttpHandler - 

Request DefaultFullHttpRequest(decodeResult: success, version: HTTP/1.1, content: EmptyByteBufBE)
GET /session/106766eb610bf8a961822583c8945411/element/3951b4d2-32bf-4c0e-98dc-9634a825ef71/name HTTP/1.1
User-Agent: selenium/4.1.2 (java windows)
Cache-Control: no-cache
Content-Type: application/json; charset=utf-8
host: localhost:50945
accept: */*

Response DefaultHttpResponse(decodeResult: success, version: HTTP/1.1)
HTTP/1.1 200 OK
Content-Type: application/json; charset=utf-8
cache-control: no-cache
content-length: 13

15:50:02.159 [AsyncHttpClient-1-14] DEBUG org.asynchttpclient.netty.channel.ChannelManager - Adding key: http://localhost:50945 for channel [id: 0x91c3fac8, L:/127.0.0.1:53299 - R:localhost/127.0.0.1:50945]
15:50:02.161 [Forwarding findElement on session 106766eb610bf8a961822583c8945411 to remote] DEBUG org.asynchttpclient.netty.request.NettyRequestSender - Using pooled Channel '[id: 0x91c3fac8, L:/127.0.0.1:53299 - R:localhost/127.0.0.1:50945]' for 'POST' to 'http://localhost:50945/session/106766eb610bf8a961822583c8945411/element'
15:50:02.162 [Forwarding findElement on session 106766eb610bf8a961822583c8945411 to remote] DEBUG org.asynchttpclient.netty.request.NettyRequestSender - Using open Channel [id: 0x91c3fac8, L:/127.0.0.1:53299 - R:localhost/127.0.0.1:50945] for POST '/session/106766eb610bf8a961822583c8945411/element'
15:50:02.208 [AsyncHttpClient-1-14] DEBUG org.asynchttpclient.netty.handler.HttpHandler - 

Request DefaultHttpRequest(decodeResult: success, version: HTTP/1.1)
POST /session/106766eb610bf8a961822583c8945411/element HTTP/1.1
User-Agent: selenium/4.1.2 (java windows)
Content-Length: 72
Content-Type: application/json; charset=utf-8
host: localhost:50945
accept: */*

Response DefaultHttpResponse(decodeResult: success, version: HTTP/1.1)
HTTP/1.1 200 OK
Content-Type: application/json; charset=utf-8
cache-control: no-cache
content-length: 88

15:50:02.208 [AsyncHttpClient-1-14] DEBUG org.asynchttpclient.netty.channel.ChannelManager - Adding key: http://localhost:50945 for channel [id: 0x91c3fac8, L:/127.0.0.1:53299 - R:localhost/127.0.0.1:50945]
15:50:02.210 [Forwarding clickElement on session 106766eb610bf8a961822583c8945411 to remote] DEBUG org.asynchttpclient.netty.request.NettyRequestSender - Using pooled Channel '[id: 0x91c3fac8, L:/127.0.0.1:53299 - R:localhost/127.0.0.1:50945]' for 'POST' to 'http://localhost:50945/session/106766eb610bf8a961822583c8945411/element/3951b4d2-32bf-4c0e-98dc-9634a825ef71/click'
15:50:02.210 [Forwarding clickElement on session 106766eb610bf8a961822583c8945411 to remote] DEBUG org.asynchttpclient.netty.request.NettyRequestSender - Using open Channel [id: 0x91c3fac8, L:/127.0.0.1:53299 - R:localhost/127.0.0.1:50945] for POST '/session/106766eb610bf8a961822583c8945411/element/3951b4d2-32bf-4c0e-98dc-9634a825ef71/click'
15:50:02.394 [AsyncHttpClient-1-14] DEBUG org.asynchttpclient.netty.handler.HttpHandler - 

Request DefaultHttpRequest(decodeResult: success, version: HTTP/1.1)
POST /session/106766eb610bf8a961822583c8945411/element/3951b4d2-32bf-4c0e-98dc-9634a825ef71/click HTTP/1.1
User-Agent: selenium/4.1.2 (java windows)
Content-Length: 50
Content-Type: application/json; charset=utf-8
host: localhost:50945
accept: */*

Response DefaultHttpResponse(decodeResult: success, version: HTTP/1.1)
HTTP/1.1 200 OK
Content-Type: application/json; charset=utf-8
cache-control: no-cache
content-length: 14

15:50:02.394 [AsyncHttpClient-1-14] DEBUG org.asynchttpclient.netty.channel.ChannelManager - Adding key: http://localhost:50945 for channel [id: 0x91c3fac8, L:/127.0.0.1:53299 - R:localhost/127.0.0.1:50945]
  &amp#27;[32mWhen &amp#27;[0m&amp#27;[32mi click get started&amp#27;[0m                                       &amp#27;[90m# starter.stepdefinition.registerStep.iClickGetStarted()&amp#27;[0m
15:50:02.402 [Forwarding screenshot on session 106766eb610bf8a961822583c8945411 to remote] DEBUG org.asynchttpclient.netty.request.NettyRequestSender - Using pooled Channel '[id: 0x91c3fac8, L:/127.0.0.1:53299 - R:localhost/127.0.0.1:50945]' for 'GET' to 'http://localhost:50945/session/106766eb610bf8a961822583c8945411/screenshot'
15:50:02.402 [Forwarding screenshot on session 106766eb610bf8a961822583c8945411 to remote] DEBUG org.asynchttpclient.netty.request.NettyRequestSender - Using open Channel [id: 0x91c3fac8, L:/127.0.0.1:53299 - R:localhost/127.0.0.1:50945] for GET '/session/106766eb610bf8a961822583c8945411/screenshot'
15:50:02.668 [AsyncHttpClient-1-14] DEBUG org.asynchttpclient.netty.handler.HttpHandler - 

Request DefaultFullHttpRequest(decodeResult: success, version: HTTP/1.1, content: EmptyByteBufBE)
GET /session/106766eb610bf8a961822583c8945411/screenshot HTTP/1.1
User-Agent: selenium/4.1.2 (java windows)
Cache-Control: no-cache
Content-Type: application/json; charset=utf-8
host: localhost:50945
accept: */*

Response DefaultHttpResponse(decodeResult: success, version: HTTP/1.1)
HTTP/1.1 200 OK
Content-Type: application/json; charset=utf-8
cache-control: no-cache
content-length: 72036

15:50:02.669 [AsyncHttpClient-1-14] DEBUG org.asynchttpclient.netty.channel.ChannelManager - Adding key: http://localhost:50945 for channel [id: 0x91c3fac8, L:/127.0.0.1:53299 - R:localhost/127.0.0.1:50945]
15:50:02.672 [main] DEBUG net.serenitybdd.core.photography.Darkroom - Send negative for processing for target\site\serenity\958769d0cf3ee372797e074e2a2624f31fe379d615bb77f696c9d5ad34c63d1f.png
15:50:02.672 [Darkroom Processing Line] DEBUG net.serenitybdd.core.photography.DarkroomProcessingLine - Processing screenshot image in /var/screenshots/screenshot-4376418479902386662
15:50:02.672 [Darkroom Processing Line] DEBUG net.serenitybdd.core.photography.DarkroomProcessingLine - Saving screenshot to target\site\serenity\958769d0cf3ee372797e074e2a2624f31fe379d615bb77f696c9d5ad34c63d1f.png
15:50:02.679 [Forwarding findElement on session 106766eb610bf8a961822583c8945411 to remote] DEBUG org.asynchttpclient.netty.request.NettyRequestSender - Using pooled Channel '[id: 0x91c3fac8, L:/127.0.0.1:53299 - R:localhost/127.0.0.1:50945]' for 'POST' to 'http://localhost:50945/session/106766eb610bf8a961822583c8945411/element'
15:50:02.679 [Forwarding findElement on session 106766eb610bf8a961822583c8945411 to remote] DEBUG org.asynchttpclient.netty.request.NettyRequestSender - Using open Channel [id: 0x91c3fac8, L:/127.0.0.1:53299 - R:localhost/127.0.0.1:50945] for POST '/session/106766eb610bf8a961822583c8945411/element'
15:50:02.691 [AsyncHttpClient-1-14] DEBUG org.asynchttpclient.netty.handler.HttpHandler - 

Request DefaultHttpRequest(decodeResult: success, version: HTTP/1.1)
POST /session/106766eb610bf8a961822583c8945411/element HTTP/1.1
User-Agent: selenium/4.1.2 (java windows)
Content-Length: 67
Content-Type: application/json; charset=utf-8
host: localhost:50945
accept: */*

Response DefaultHttpResponse(decodeResult: success, version: HTTP/1.1)
HTTP/1.1 200 OK
Content-Type: application/json; charset=utf-8
cache-control: no-cache
content-length: 88

15:50:02.691 [AsyncHttpClient-1-14] DEBUG org.asynchttpclient.netty.channel.ChannelManager - Adding key: http://localhost:50945 for channel [id: 0x91c3fac8, L:/127.0.0.1:53299 - R:localhost/127.0.0.1:50945]
15:50:02.693 [Forwarding clearElement on session 106766eb610bf8a961822583c8945411 to remote] DEBUG org.asynchttpclient.netty.request.NettyRequestSender - Using pooled Channel '[id: 0x91c3fac8, L:/127.0.0.1:53299 - R:localhost/127.0.0.1:50945]' for 'POST' to 'http://localhost:50945/session/106766eb610bf8a961822583c8945411/element/9fc5aae4-6ddc-4070-912d-8d588eacd7ba/clear'
15:50:02.693 [Forwarding clearElement on session 106766eb610bf8a961822583c8945411 to remote] DEBUG org.asynchttpclient.netty.request.NettyRequestSender - Using open Channel [id: 0x91c3fac8, L:/127.0.0.1:53299 - R:localhost/127.0.0.1:50945] for POST '/session/106766eb610bf8a961822583c8945411/element/9fc5aae4-6ddc-4070-912d-8d588eacd7ba/clear'
15:50:02.725 [AsyncHttpClient-1-14] DEBUG org.asynchttpclient.netty.handler.HttpHandler - 

Request DefaultHttpRequest(decodeResult: success, version: HTTP/1.1)
POST /session/106766eb610bf8a961822583c8945411/element/9fc5aae4-6ddc-4070-912d-8d588eacd7ba/clear HTTP/1.1
User-Agent: selenium/4.1.2 (java windows)
Content-Length: 50
Content-Type: application/json; charset=utf-8
host: localhost:50945
accept: */*

Response DefaultHttpResponse(decodeResult: success, version: HTTP/1.1)
HTTP/1.1 200 OK
Content-Type: application/json; charset=utf-8
cache-control: no-cache
content-length: 14

15:50:02.725 [AsyncHttpClient-1-14] DEBUG org.asynchttpclient.netty.channel.ChannelManager - Adding key: http://localhost:50945 for channel [id: 0x91c3fac8, L:/127.0.0.1:53299 - R:localhost/127.0.0.1:50945]
15:50:02.728 [Forwarding sendKeysToElement on session 106766eb610bf8a961822583c8945411 to remote] DEBUG org.asynchttpclient.netty.request.NettyRequestSender - Using pooled Channel '[id: 0x91c3fac8, L:/127.0.0.1:53299 - R:localhost/127.0.0.1:50945]' for 'POST' to 'http://localhost:50945/session/106766eb610bf8a961822583c8945411/element/9fc5aae4-6ddc-4070-912d-8d588eacd7ba/value'
15:50:02.728 [Forwarding sendKeysToElement on session 106766eb610bf8a961822583c8945411 to remote] DEBUG org.asynchttpclient.netty.request.NettyRequestSender - Using open Channel [id: 0x91c3fac8, L:/127.0.0.1:53299 - R:localhost/127.0.0.1:50945] for POST '/session/106766eb610bf8a961822583c8945411/element/9fc5aae4-6ddc-4070-912d-8d588eacd7ba/value'
15:50:02.776 [AsyncHttpClient-1-1] DEBUG org.asynchttpclient.netty.channel.DefaultChannelPool - Entry count for : http://localhost:53300 : 1
15:50:02.812 [AsyncHttpClient-1-14] DEBUG org.asynchttpclient.netty.handler.HttpHandler - 

Request DefaultHttpRequest(decodeResult: success, version: HTTP/1.1)
POST /session/106766eb610bf8a961822583c8945411/element/9fc5aae4-6ddc-4070-912d-8d588eacd7ba/value HTTP/1.1
User-Agent: selenium/4.1.2 (java windows)
Content-Length: 261
Content-Type: application/json; charset=utf-8
host: localhost:50945
accept: */*

Response DefaultHttpResponse(decodeResult: success, version: HTTP/1.1)
HTTP/1.1 200 OK
Content-Type: application/json; charset=utf-8
cache-control: no-cache
content-length: 14

15:50:02.812 [AsyncHttpClient-1-14] DEBUG org.asynchttpclient.netty.channel.ChannelManager - Adding key: http://localhost:50945 for channel [id: 0x91c3fac8, L:/127.0.0.1:53299 - R:localhost/127.0.0.1:50945]
15:50:02.815 [Forwarding findElement on session 106766eb610bf8a961822583c8945411 to remote] DEBUG org.asynchttpclient.netty.request.NettyRequestSender - Using pooled Channel '[id: 0x91c3fac8, L:/127.0.0.1:53299 - R:localhost/127.0.0.1:50945]' for 'POST' to 'http://localhost:50945/session/106766eb610bf8a961822583c8945411/element'
15:50:02.815 [Forwarding findElement on session 106766eb610bf8a961822583c8945411 to remote] DEBUG org.asynchttpclient.netty.request.NettyRequestSender - Using open Channel [id: 0x91c3fac8, L:/127.0.0.1:53299 - R:localhost/127.0.0.1:50945] for POST '/session/106766eb610bf8a961822583c8945411/element'
15:50:02.830 [AsyncHttpClient-1-14] DEBUG org.asynchttpclient.netty.handler.HttpHandler - 

Request DefaultHttpRequest(decodeResult: success, version: HTTP/1.1)
POST /session/106766eb610bf8a961822583c8945411/element HTTP/1.1
User-Agent: selenium/4.1.2 (java windows)
Content-Length: 70
Content-Type: application/json; charset=utf-8
host: localhost:50945
accept: */*

Response DefaultHttpResponse(decodeResult: success, version: HTTP/1.1)
HTTP/1.1 200 OK
Content-Type: application/json; charset=utf-8
cache-control: no-cache
content-length: 88

15:50:02.830 [AsyncHttpClient-1-14] DEBUG org.asynchttpclient.netty.channel.ChannelManager - Adding key: http://localhost:50945 for channel [id: 0x91c3fac8, L:/127.0.0.1:53299 - R:localhost/127.0.0.1:50945]
15:50:02.831 [Forwarding clearElement on session 106766eb610bf8a961822583c8945411 to remote] DEBUG org.asynchttpclient.netty.request.NettyRequestSender - Using pooled Channel '[id: 0x91c3fac8, L:/127.0.0.1:53299 - R:localhost/127.0.0.1:50945]' for 'POST' to 'http://localhost:50945/session/106766eb610bf8a961822583c8945411/element/a527c6ce-ee6d-456a-9b9d-ca7bb679e9ca/clear'
15:50:02.831 [Forwarding clearElement on session 106766eb610bf8a961822583c8945411 to remote] DEBUG org.asynchttpclient.netty.request.NettyRequestSender - Using open Channel [id: 0x91c3fac8, L:/127.0.0.1:53299 - R:localhost/127.0.0.1:50945] for POST '/session/106766eb610bf8a961822583c8945411/element/a527c6ce-ee6d-456a-9b9d-ca7bb679e9ca/clear'
15:50:02.869 [AsyncHttpClient-1-14] DEBUG org.asynchttpclient.netty.handler.HttpHandler - 

Request DefaultHttpRequest(decodeResult: success, version: HTTP/1.1)
POST /session/106766eb610bf8a961822583c8945411/element/a527c6ce-ee6d-456a-9b9d-ca7bb679e9ca/clear HTTP/1.1
User-Agent: selenium/4.1.2 (java windows)
Content-Length: 50
Content-Type: application/json; charset=utf-8
host: localhost:50945
accept: */*

Response DefaultHttpResponse(decodeResult: success, version: HTTP/1.1)
HTTP/1.1 200 OK
Content-Type: application/json; charset=utf-8
cache-control: no-cache
content-length: 14

15:50:02.869 [AsyncHttpClient-1-14] DEBUG org.asynchttpclient.netty.channel.ChannelManager - Adding key: http://localhost:50945 for channel [id: 0x91c3fac8, L:/127.0.0.1:53299 - R:localhost/127.0.0.1:50945]
15:50:02.871 [Forwarding sendKeysToElement on session 106766eb610bf8a961822583c8945411 to remote] DEBUG org.asynchttpclient.netty.request.NettyRequestSender - Using pooled Channel '[id: 0x91c3fac8, L:/127.0.0.1:53299 - R:localhost/127.0.0.1:50945]' for 'POST' to 'http://localhost:50945/session/106766eb610bf8a961822583c8945411/element/a527c6ce-ee6d-456a-9b9d-ca7bb679e9ca/value'
15:50:02.871 [Forwarding sendKeysToElement on session 106766eb610bf8a961822583c8945411 to remote] DEBUG org.asynchttpclient.netty.request.NettyRequestSender - Using open Channel [id: 0x91c3fac8, L:/127.0.0.1:53299 - R:localhost/127.0.0.1:50945] for POST '/session/106766eb610bf8a961822583c8945411/element/a527c6ce-ee6d-456a-9b9d-ca7bb679e9ca/value'
15:50:02.967 [AsyncHttpClient-1-14] DEBUG org.asynchttpclient.netty.handler.HttpHandler - 

Request DefaultHttpRequest(decodeResult: success, version: HTTP/1.1)
POST /session/106766eb610bf8a961822583c8945411/element/a527c6ce-ee6d-456a-9b9d-ca7bb679e9ca/value HTTP/1.1
User-Agent: selenium/4.1.2 (java windows)
Content-Length: 211
Content-Type: application/json; charset=utf-8
host: localhost:50945
accept: */*

Response DefaultHttpResponse(decodeResult: success, version: HTTP/1.1)
HTTP/1.1 200 OK
Content-Type: application/json; charset=utf-8
cache-control: no-cache
content-length: 14

15:50:02.967 [AsyncHttpClient-1-14] DEBUG org.asynchttpclient.netty.channel.ChannelManager - Adding key: http://localhost:50945 for channel [id: 0x91c3fac8, L:/127.0.0.1:53299 - R:localhost/127.0.0.1:50945]
  &amp#27;[32mAnd &amp#27;[0m&amp#27;[32mi input &amp#27;[0m&amp#27;[32m&amp#27;[1m"korakora@gmail.com"&amp#27;[0m&amp#27;[32m and &amp#27;[0m&amp#27;[32m&amp#27;[1m"SonyaPrds1511"&amp#27;[0m&amp#27;[32m for login&amp#27;[0m &amp#27;[90m# starter.stepdefinition.loginStep.iInputAndForLogin(java.lang.String,java.lang.String)&amp#27;[0m
15:50:02.973 [Forwarding screenshot on session 106766eb610bf8a961822583c8945411 to remote] DEBUG org.asynchttpclient.netty.request.NettyRequestSender - Using pooled Channel '[id: 0x91c3fac8, L:/127.0.0.1:53299 - R:localhost/127.0.0.1:50945]' for 'GET' to 'http://localhost:50945/session/106766eb610bf8a961822583c8945411/screenshot'
15:50:02.973 [Forwarding screenshot on session 106766eb610bf8a961822583c8945411 to remote] DEBUG org.asynchttpclient.netty.request.NettyRequestSender - Using open Channel [id: 0x91c3fac8, L:/127.0.0.1:53299 - R:localhost/127.0.0.1:50945] for GET '/session/106766eb610bf8a961822583c8945411/screenshot'
15:50:03.208 [AsyncHttpClient-1-14] DEBUG org.asynchttpclient.netty.handler.HttpHandler - 

Request DefaultFullHttpRequest(decodeResult: success, version: HTTP/1.1, content: EmptyByteBufBE)
GET /session/106766eb610bf8a961822583c8945411/screenshot HTTP/1.1
User-Agent: selenium/4.1.2 (java windows)
Cache-Control: no-cache
Content-Type: application/json; charset=utf-8
host: localhost:50945
accept: */*

Response DefaultHttpResponse(decodeResult: success, version: HTTP/1.1)
HTTP/1.1 200 OK
Content-Type: application/json; charset=utf-8
cache-control: no-cache
content-length: 160004

15:50:03.209 [AsyncHttpClient-1-14] DEBUG org.asynchttpclient.netty.channel.ChannelManager - Adding key: http://localhost:50945 for channel [id: 0x91c3fac8, L:/127.0.0.1:53299 - R:localhost/127.0.0.1:50945]
15:50:03.214 [main] DEBUG net.serenitybdd.core.photography.Darkroom - Send negative for processing for target\site\serenity\636017e41f75fdcd9908e65780db823a073eef5daa30f2fb737c95626f7fa3f3.png
15:50:03.215 [Darkroom Processing Line] DEBUG net.serenitybdd.core.photography.DarkroomProcessingLine - Processing screenshot image in /var/screenshots/screenshot-17594140516284523541
15:50:03.215 [Darkroom Processing Line] DEBUG net.serenitybdd.core.photography.DarkroomProcessingLine - Saving screenshot to target\site\serenity\636017e41f75fdcd9908e65780db823a073eef5daa30f2fb737c95626f7fa3f3.png
15:50:03.221 [Forwarding findElement on session 106766eb610bf8a961822583c8945411 to remote] DEBUG org.asynchttpclient.netty.request.NettyRequestSender - Using pooled Channel '[id: 0x91c3fac8, L:/127.0.0.1:53299 - R:localhost/127.0.0.1:50945]' for 'POST' to 'http://localhost:50945/session/106766eb610bf8a961822583c8945411/element'
15:50:03.221 [Forwarding findElement on session 106766eb610bf8a961822583c8945411 to remote] DEBUG org.asynchttpclient.netty.request.NettyRequestSender - Using open Channel [id: 0x91c3fac8, L:/127.0.0.1:53299 - R:localhost/127.0.0.1:50945] for POST '/session/106766eb610bf8a961822583c8945411/element'
15:50:03.234 [AsyncHttpClient-1-14] DEBUG org.asynchttpclient.netty.handler.HttpHandler - 

Request DefaultHttpRequest(decodeResult: success, version: HTTP/1.1)
POST /session/106766eb610bf8a961822583c8945411/element HTTP/1.1
User-Agent: selenium/4.1.2 (java windows)
Content-Length: 53
Content-Type: application/json; charset=utf-8
host: localhost:50945
accept: */*

Response DefaultHttpResponse(decodeResult: success, version: HTTP/1.1)
HTTP/1.1 200 OK
Content-Type: application/json; charset=utf-8
cache-control: no-cache
content-length: 88

15:50:03.235 [AsyncHttpClient-1-14] DEBUG org.asynchttpclient.netty.channel.ChannelManager - Adding key: http://localhost:50945 for channel [id: 0x91c3fac8, L:/127.0.0.1:53299 - R:localhost/127.0.0.1:50945]
15:50:03.236 [Forwarding getElementTagName on session 106766eb610bf8a961822583c8945411 to remote] DEBUG org.asynchttpclient.netty.request.NettyRequestSender - Using pooled Channel '[id: 0x91c3fac8, L:/127.0.0.1:53299 - R:localhost/127.0.0.1:50945]' for 'GET' to 'http://localhost:50945/session/106766eb610bf8a961822583c8945411/element/24d7dd86-c0f8-4661-836b-6c069eb29e27/name'
15:50:03.236 [Forwarding getElementTagName on session 106766eb610bf8a961822583c8945411 to remote] DEBUG org.asynchttpclient.netty.request.NettyRequestSender - Using open Channel [id: 0x91c3fac8, L:/127.0.0.1:53299 - R:localhost/127.0.0.1:50945] for GET '/session/106766eb610bf8a961822583c8945411/element/24d7dd86-c0f8-4661-836b-6c069eb29e27/name'
15:50:03.240 [AsyncHttpClient-1-14] DEBUG org.asynchttpclient.netty.handler.HttpHandler - 

Request DefaultFullHttpRequest(decodeResult: success, version: HTTP/1.1, content: EmptyByteBufBE)
GET /session/106766eb610bf8a961822583c8945411/element/24d7dd86-c0f8-4661-836b-6c069eb29e27/name HTTP/1.1
User-Agent: selenium/4.1.2 (java windows)
Cache-Control: no-cache
Content-Type: application/json; charset=utf-8
host: localhost:50945
accept: */*

Response DefaultHttpResponse(decodeResult: success, version: HTTP/1.1)
HTTP/1.1 200 OK
Content-Type: application/json; charset=utf-8
cache-control: no-cache
content-length: 18

15:50:03.240 [AsyncHttpClient-1-14] DEBUG org.asynchttpclient.netty.channel.ChannelManager - Adding key: http://localhost:50945 for channel [id: 0x91c3fac8, L:/127.0.0.1:53299 - R:localhost/127.0.0.1:50945]
15:50:03.242 [Forwarding getElementTagName on session 106766eb610bf8a961822583c8945411 to remote] DEBUG org.asynchttpclient.netty.request.NettyRequestSender - Using pooled Channel '[id: 0x91c3fac8, L:/127.0.0.1:53299 - R:localhost/127.0.0.1:50945]' for 'GET' to 'http://localhost:50945/session/106766eb610bf8a961822583c8945411/element/24d7dd86-c0f8-4661-836b-6c069eb29e27/name'
15:50:03.242 [Forwarding getElementTagName on session 106766eb610bf8a961822583c8945411 to remote] DEBUG org.asynchttpclient.netty.request.NettyRequestSender - Using open Channel [id: 0x91c3fac8, L:/127.0.0.1:53299 - R:localhost/127.0.0.1:50945] for GET '/session/106766eb610bf8a961822583c8945411/element/24d7dd86-c0f8-4661-836b-6c069eb29e27/name'
15:50:03.246 [AsyncHttpClient-1-14] DEBUG org.asynchttpclient.netty.handler.HttpHandler - 

Request DefaultFullHttpRequest(decodeResult: success, version: HTTP/1.1, content: EmptyByteBufBE)
GET /session/106766eb610bf8a961822583c8945411/element/24d7dd86-c0f8-4661-836b-6c069eb29e27/name HTTP/1.1
User-Agent: selenium/4.1.2 (java windows)
Cache-Control: no-cache
Content-Type: application/json; charset=utf-8
host: localhost:50945
accept: */*

Response DefaultHttpResponse(decodeResult: success, version: HTTP/1.1)
HTTP/1.1 200 OK
Content-Type: application/json; charset=utf-8
cache-control: no-cache
content-length: 18

15:50:03.246 [AsyncHttpClient-1-14] DEBUG org.asynchttpclient.netty.channel.ChannelManager - Adding key: http://localhost:50945 for channel [id: 0x91c3fac8, L:/127.0.0.1:53299 - R:localhost/127.0.0.1:50945]
15:50:03.249 [Forwarding isElementEnabled on session 106766eb610bf8a961822583c8945411 to remote] DEBUG org.asynchttpclient.netty.request.NettyRequestSender - Using pooled Channel '[id: 0x91c3fac8, L:/127.0.0.1:53299 - R:localhost/127.0.0.1:50945]' for 'GET' to 'http://localhost:50945/session/106766eb610bf8a961822583c8945411/element/24d7dd86-c0f8-4661-836b-6c069eb29e27/enabled'
15:50:03.249 [Forwarding isElementEnabled on session 106766eb610bf8a961822583c8945411 to remote] DEBUG org.asynchttpclient.netty.request.NettyRequestSender - Using open Channel [id: 0x91c3fac8, L:/127.0.0.1:53299 - R:localhost/127.0.0.1:50945] for GET '/session/106766eb610bf8a961822583c8945411/element/24d7dd86-c0f8-4661-836b-6c069eb29e27/enabled'
15:50:03.257 [AsyncHttpClient-1-14] DEBUG org.asynchttpclient.netty.handler.HttpHandler - 

Request DefaultFullHttpRequest(decodeResult: success, version: HTTP/1.1, content: EmptyByteBufBE)
GET /session/106766eb610bf8a961822583c8945411/element/24d7dd86-c0f8-4661-836b-6c069eb29e27/enabled HTTP/1.1
User-Agent: selenium/4.1.2 (java windows)
Cache-Control: no-cache
Content-Type: application/json; charset=utf-8
host: localhost:50945
accept: */*

Response DefaultHttpResponse(decodeResult: success, version: HTTP/1.1)
HTTP/1.1 200 OK
Content-Type: application/json; charset=utf-8
cache-control: no-cache
content-length: 14

15:50:03.257 [AsyncHttpClient-1-14] DEBUG org.asynchttpclient.netty.channel.ChannelManager - Adding key: http://localhost:50945 for channel [id: 0x91c3fac8, L:/127.0.0.1:53299 - R:localhost/127.0.0.1:50945]
15:50:03.259 [Forwarding isElementEnabled on session 106766eb610bf8a961822583c8945411 to remote] DEBUG org.asynchttpclient.netty.request.NettyRequestSender - Using pooled Channel '[id: 0x91c3fac8, L:/127.0.0.1:53299 - R:localhost/127.0.0.1:50945]' for 'GET' to 'http://localhost:50945/session/106766eb610bf8a961822583c8945411/element/24d7dd86-c0f8-4661-836b-6c069eb29e27/enabled'
15:50:03.259 [Forwarding isElementEnabled on session 106766eb610bf8a961822583c8945411 to remote] DEBUG org.asynchttpclient.netty.request.NettyRequestSender - Using open Channel [id: 0x91c3fac8, L:/127.0.0.1:53299 - R:localhost/127.0.0.1:50945] for GET '/session/106766eb610bf8a961822583c8945411/element/24d7dd86-c0f8-4661-836b-6c069eb29e27/enabled'
15:50:03.265 [AsyncHttpClient-1-14] DEBUG org.asynchttpclient.netty.handler.HttpHandler - 

Request DefaultFullHttpRequest(decodeResult: success, version: HTTP/1.1, content: EmptyByteBufBE)
GET /session/106766eb610bf8a961822583c8945411/element/24d7dd86-c0f8-4661-836b-6c069eb29e27/enabled HTTP/1.1
User-Agent: selenium/4.1.2 (java windows)
Cache-Control: no-cache
Content-Type: application/json; charset=utf-8
host: localhost:50945
accept: */*

Response DefaultHttpResponse(decodeResult: success, version: HTTP/1.1)
HTTP/1.1 200 OK
Content-Type: application/json; charset=utf-8
cache-control: no-cache
content-length: 14

15:50:03.265 [AsyncHttpClient-1-14] DEBUG org.asynchttpclient.netty.channel.ChannelManager - Adding key: http://localhost:50945 for channel [id: 0x91c3fac8, L:/127.0.0.1:53299 - R:localhost/127.0.0.1:50945]
15:50:03.267 [Forwarding findElement on session 106766eb610bf8a961822583c8945411 to remote] DEBUG org.asynchttpclient.netty.request.NettyRequestSender - Using pooled Channel '[id: 0x91c3fac8, L:/127.0.0.1:53299 - R:localhost/127.0.0.1:50945]' for 'POST' to 'http://localhost:50945/session/106766eb610bf8a961822583c8945411/element'
15:50:03.267 [Forwarding findElement on session 106766eb610bf8a961822583c8945411 to remote] DEBUG org.asynchttpclient.netty.request.NettyRequestSender - Using open Channel [id: 0x91c3fac8, L:/127.0.0.1:53299 - R:localhost/127.0.0.1:50945] for POST '/session/106766eb610bf8a961822583c8945411/element'
15:50:03.273 [AsyncHttpClient-1-14] DEBUG org.asynchttpclient.netty.handler.HttpHandler - 

Request DefaultHttpRequest(decodeResult: success, version: HTTP/1.1)
POST /session/106766eb610bf8a961822583c8945411/element HTTP/1.1
User-Agent: selenium/4.1.2 (java windows)
Content-Length: 53
Content-Type: application/json; charset=utf-8
host: localhost:50945
accept: */*

Response DefaultHttpResponse(decodeResult: success, version: HTTP/1.1)
HTTP/1.1 200 OK
Content-Type: application/json; charset=utf-8
cache-control: no-cache
content-length: 88

15:50:03.274 [AsyncHttpClient-1-14] DEBUG org.asynchttpclient.netty.channel.ChannelManager - Adding key: http://localhost:50945 for channel [id: 0x91c3fac8, L:/127.0.0.1:53299 - R:localhost/127.0.0.1:50945]
15:50:03.276 [Forwarding clickElement on session 106766eb610bf8a961822583c8945411 to remote] DEBUG org.asynchttpclient.netty.request.NettyRequestSender - Using pooled Channel '[id: 0x91c3fac8, L:/127.0.0.1:53299 - R:localhost/127.0.0.1:50945]' for 'POST' to 'http://localhost:50945/session/106766eb610bf8a961822583c8945411/element/24d7dd86-c0f8-4661-836b-6c069eb29e27/click'
15:50:03.276 [Forwarding clickElement on session 106766eb610bf8a961822583c8945411 to remote] DEBUG org.asynchttpclient.netty.request.NettyRequestSender - Using open Channel [id: 0x91c3fac8, L:/127.0.0.1:53299 - R:localhost/127.0.0.1:50945] for POST '/session/106766eb610bf8a961822583c8945411/element/24d7dd86-c0f8-4661-836b-6c069eb29e27/click'
15:50:03.317 [AsyncHttpClient-1-14] DEBUG org.asynchttpclient.netty.handler.HttpHandler - 

Request DefaultHttpRequest(decodeResult: success, version: HTTP/1.1)
POST /session/106766eb610bf8a961822583c8945411/element/24d7dd86-c0f8-4661-836b-6c069eb29e27/click HTTP/1.1
User-Agent: selenium/4.1.2 (java windows)
Content-Length: 50
Content-Type: application/json; charset=utf-8
host: localhost:50945
accept: */*

Response DefaultHttpResponse(decodeResult: success, version: HTTP/1.1)
HTTP/1.1 200 OK
Content-Type: application/json; charset=utf-8
cache-control: no-cache
content-length: 14

15:50:03.317 [AsyncHttpClient-1-14] DEBUG org.asynchttpclient.netty.channel.ChannelManager - Adding key: http://localhost:50945 for channel [id: 0x91c3fac8, L:/127.0.0.1:53299 - R:localhost/127.0.0.1:50945]
  &amp#27;[32mAnd &amp#27;[0m&amp#27;[32mi click continue button for login&amp#27;[0m                          &amp#27;[90m# starter.stepdefinition.loginStep.iClickContinueButtonForLogin()&amp#27;[0m
15:50:03.323 [Forwarding screenshot on session 106766eb610bf8a961822583c8945411 to remote] DEBUG org.asynchttpclient.netty.request.NettyRequestSender - Using pooled Channel '[id: 0x91c3fac8, L:/127.0.0.1:53299 - R:localhost/127.0.0.1:50945]' for 'GET' to 'http://localhost:50945/session/106766eb610bf8a961822583c8945411/screenshot'
15:50:03.323 [Forwarding screenshot on session 106766eb610bf8a961822583c8945411 to remote] DEBUG org.asynchttpclient.netty.request.NettyRequestSender - Using open Channel [id: 0x91c3fac8, L:/127.0.0.1:53299 - R:localhost/127.0.0.1:50945] for GET '/session/106766eb610bf8a961822583c8945411/screenshot'
15:50:03.522 [AsyncHttpClient-1-14] DEBUG org.asynchttpclient.netty.handler.HttpHandler - 

Request DefaultFullHttpRequest(decodeResult: success, version: HTTP/1.1, content: EmptyByteBufBE)
GET /session/106766eb610bf8a961822583c8945411/screenshot HTTP/1.1
User-Agent: selenium/4.1.2 (java windows)
Cache-Control: no-cache
Content-Type: application/json; charset=utf-8
host: localhost:50945
accept: */*

Response DefaultHttpResponse(decodeResult: success, version: HTTP/1.1)
HTTP/1.1 200 OK
Content-Type: application/json; charset=utf-8
cache-control: no-cache
content-length: 138868

15:50:03.522 [AsyncHttpClient-1-14] DEBUG org.asynchttpclient.netty.channel.ChannelManager - Adding key: http://localhost:50945 for channel [id: 0x91c3fac8, L:/127.0.0.1:53299 - R:localhost/127.0.0.1:50945]
15:50:03.538 [main] DEBUG net.serenitybdd.core.photography.Darkroom - Send negative for processing for target\site\serenity\4451d19b350c98c8a906547db5c52de972a5bf77902cf749fa106d67b830aa86.png
15:50:03.538 [Darkroom Processing Line] DEBUG net.serenitybdd.core.photography.DarkroomProcessingLine - Processing screenshot image in /var/screenshots/screenshot-18031900165646465688
15:50:03.538 [Darkroom Processing Line] DEBUG net.serenitybdd.core.photography.DarkroomProcessingLine - Saving screenshot to target\site\serenity\4451d19b350c98c8a906547db5c52de972a5bf77902cf749fa106d67b830aa86.png
15:50:03.877 [AsyncHttpClient-1-1] DEBUG org.asynchttpclient.netty.channel.DefaultChannelPool - Entry count for : http://localhost:50945 : 1
15:50:03.877 [AsyncHttpClient-1-1] DEBUG org.asynchttpclient.netty.channel.DefaultChannelPool - Entry count for : http://localhost:53300 : 1
15:50:04.550 [Forwarding findElement on session 106766eb610bf8a961822583c8945411 to remote] DEBUG org.asynchttpclient.netty.request.NettyRequestSender - Using pooled Channel '[id: 0x91c3fac8, L:/127.0.0.1:53299 - R:localhost/127.0.0.1:50945]' for 'POST' to 'http://localhost:50945/session/106766eb610bf8a961822583c8945411/element'
15:50:04.550 [Forwarding findElement on session 106766eb610bf8a961822583c8945411 to remote] DEBUG org.asynchttpclient.netty.request.NettyRequestSender - Using open Channel [id: 0x91c3fac8, L:/127.0.0.1:53299 - R:localhost/127.0.0.1:50945] for POST '/session/106766eb610bf8a961822583c8945411/element'
15:50:04.567 [AsyncHttpClient-1-14] DEBUG org.asynchttpclient.netty.handler.HttpHandler - 

Request DefaultHttpRequest(decodeResult: success, version: HTTP/1.1)
POST /session/106766eb610bf8a961822583c8945411/element HTTP/1.1
User-Agent: selenium/4.1.2 (java windows)
Content-Length: 58
Content-Type: application/json; charset=utf-8
host: localhost:50945
accept: */*

Response DefaultHttpResponse(decodeResult: success, version: HTTP/1.1)
HTTP/1.1 200 OK
Content-Type: application/json; charset=utf-8
cache-control: no-cache
content-length: 88

15:50:04.567 [AsyncHttpClient-1-14] DEBUG org.asynchttpclient.netty.channel.ChannelManager - Adding key: http://localhost:50945 for channel [id: 0x91c3fac8, L:/127.0.0.1:53299 - R:localhost/127.0.0.1:50945]
15:50:04.571 [Forwarding isElementDisplayed on session 106766eb610bf8a961822583c8945411 to remote] DEBUG org.asynchttpclient.netty.request.NettyRequestSender - Using pooled Channel '[id: 0x91c3fac8, L:/127.0.0.1:53299 - R:localhost/127.0.0.1:50945]' for 'POST' to 'http://localhost:50945/session/106766eb610bf8a961822583c8945411/execute/sync'
15:50:04.571 [Forwarding isElementDisplayed on session 106766eb610bf8a961822583c8945411 to remote] DEBUG org.asynchttpclient.netty.request.NettyRequestSender - Using open Channel [id: 0x91c3fac8, L:/127.0.0.1:53299 - R:localhost/127.0.0.1:50945] for POST '/session/106766eb610bf8a961822583c8945411/execute/sync'
15:50:04.588 [AsyncHttpClient-1-14] DEBUG org.asynchttpclient.netty.handler.HttpHandler - 

Request DefaultHttpRequest(decodeResult: success, version: HTTP/1.1)
POST /session/106766eb610bf8a961822583c8945411/execute/sync HTTP/1.1
User-Agent: selenium/4.1.2 (java windows)
Content-Length: 48780
Content-Type: application/json; charset=utf-8
host: localhost:50945
accept: */*

Response DefaultHttpResponse(decodeResult: success, version: HTTP/1.1)
HTTP/1.1 200 OK
Content-Type: application/json; charset=utf-8
cache-control: no-cache
content-length: 14

15:50:04.589 [AsyncHttpClient-1-14] DEBUG org.asynchttpclient.netty.channel.ChannelManager - Adding key: http://localhost:50945 for channel [id: 0x91c3fac8, L:/127.0.0.1:53299 - R:localhost/127.0.0.1:50945]
  &amp#27;[32mThen &amp#27;[0m&amp#27;[32mi get my &amp#27;[0m&amp#27;[32m&amp#27;[1m"invalid email or password"&amp#27;[0m&amp#27;[32m after login&amp#27;[0m          &amp#27;[90m# starter.stepdefinition.loginStep.iGetMyAfterLogin(java.lang.String)&amp#27;[0m
15:50:04.595 [Forwarding screenshot on session 106766eb610bf8a961822583c8945411 to remote] DEBUG org.asynchttpclient.netty.request.NettyRequestSender - Using pooled Channel '[id: 0x91c3fac8, L:/127.0.0.1:53299 - R:localhost/127.0.0.1:50945]' for 'GET' to 'http://localhost:50945/session/106766eb610bf8a961822583c8945411/screenshot'
15:50:04.595 [Forwarding screenshot on session 106766eb610bf8a961822583c8945411 to remote] DEBUG org.asynchttpclient.netty.request.NettyRequestSender - Using open Channel [id: 0x91c3fac8, L:/127.0.0.1:53299 - R:localhost/127.0.0.1:50945] for GET '/session/106766eb610bf8a961822583c8945411/screenshot'
15:50:04.755 [AsyncHttpClient-1-14] DEBUG org.asynchttpclient.netty.handler.HttpHandler - 

Request DefaultFullHttpRequest(decodeResult: success, version: HTTP/1.1, content: EmptyByteBufBE)
GET /session/106766eb610bf8a961822583c8945411/screenshot HTTP/1.1
User-Agent: selenium/4.1.2 (java windows)
Cache-Control: no-cache
Content-Type: application/json; charset=utf-8
host: localhost:50945
accept: */*

Response DefaultHttpResponse(decodeResult: success, version: HTTP/1.1)
HTTP/1.1 200 OK
Content-Type: application/json; charset=utf-8
cache-control: no-cache
content-length: 95104

15:50:04.755 [AsyncHttpClient-1-14] DEBUG org.asynchttpclient.netty.channel.ChannelManager - Adding key: http://localhost:50945 for channel [id: 0x91c3fac8, L:/127.0.0.1:53299 - R:localhost/127.0.0.1:50945]
15:50:04.755 [main] DEBUG net.serenitybdd.core.photography.Darkroom - Send negative for processing for target\site\serenity\b5685de3684219be51480f427622e0d77a11ccb30df36088cf780db31ff1ac8d.png
15:50:04.755 [AsyncHttpClient-1-16] DEBUG org.asynchttpclient.netty.handler.WebSocketHandler - Channel Closed: [id: 0x74be48f3, L:/127.0.0.1:53308 ! R:localhost/127.0.0.1:53300] with attribute NettyResponseFuture{currentRetry=5,
	isDone=1,
	isCancelled=0,
	asyncHandler=org.asynchttpclient.ws.WebSocketUpgradeHandler@293f8ae6,
	nettyRequest=org.asynchttpclient.netty.request.NettyRequest@6c3d01a5,
	future=java.util.concurrent.CompletableFuture@706a96e5[Completed normally],
	uri=ws://localhost:53300/devtools/browser/557b128f-1937-4826-b94b-e9742eb4de29,
	keepAlive=true,
	redirectCount=0,
	timeoutsHolder=null,
	inAuth=0,
	touch=1655282995571}
15:50:04.755 [AsyncHttpClient-1-16] DEBUG org.asynchttpclient.netty.channel.ChannelManager - Closing Channel [id: 0x74be48f3, L:/127.0.0.1:53308 ! R:localhost/127.0.0.1:53300] 
15:50:04.755 [Driver Command Executor] DEBUG org.asynchttpclient.netty.request.NettyRequestSender - Using pooled Channel '[id: 0x91c3fac8, L:/127.0.0.1:53299 - R:localhost/127.0.0.1:50945]' for 'DELETE' to 'http://localhost:50945/session/106766eb610bf8a961822583c8945411'
15:50:04.755 [Driver Command Executor] DEBUG org.asynchttpclient.netty.request.NettyRequestSender - Using open Channel [id: 0x91c3fac8, L:/127.0.0.1:53299 - R:localhost/127.0.0.1:50945] for DELETE '/session/106766eb610bf8a961822583c8945411'
15:50:04.796 [AsyncHttpClient-1-15] DEBUG org.asynchttpclient.netty.handler.HttpHandler - Unexpected I/O exception on channel [id: 0xe8e23b17, L:/127.0.0.1:53307 - R:localhost/127.0.0.1:53300]
java.net.SocketException: Connection reset
	at java.base/sun.nio.ch.SocketChannelImpl.throwConnectionReset(SocketChannelImpl.java:367)
	at java.base/sun.nio.ch.SocketChannelImpl.read(SocketChannelImpl.java:398)
	at io.netty.buffer.PooledByteBuf.setBytes(PooledByteBuf.java:258)
	at io.netty.buffer.AbstractByteBuf.writeBytes(AbstractByteBuf.java:1132)
	at io.netty.channel.socket.nio.NioSocketChannel.doReadBytes(NioSocketChannel.java:350)
	at io.netty.channel.nio.AbstractNioByteChannel$NioByteUnsafe.read(AbstractNioByteChannel.java:151)
	at io.netty.channel.nio.NioEventLoop.processSelectedKey(NioEventLoop.java:722)
	at io.netty.channel.nio.NioEventLoop.processSelectedKeysOptimized(NioEventLoop.java:658)
	at io.netty.channel.nio.NioEventLoop.processSelectedKeys(NioEventLoop.java:584)
	at io.netty.channel.nio.NioEventLoop.run(NioEventLoop.java:496)
	at io.netty.util.concurrent.SingleThreadEventExecutor$4.run(SingleThreadEventExecutor.java:986)
	at io.netty.util.internal.ThreadExecutorMap$2.run(ThreadExecutorMap.java:74)
	at io.netty.util.concurrent.FastThreadLocalRunnable.run(FastThreadLocalRunnable.java:30)
	at java.base/java.lang.Thread.run(Thread.java:832)
15:50:04.796 [AsyncHttpClient-1-15] DEBUG org.asynchttpclient.netty.channel.ChannelManager - Closing Channel [id: 0xe8e23b17, L:/127.0.0.1:53307 - R:localhost/127.0.0.1:53300] 
15:50:04.796 [AsyncHttpClient-1-15] DEBUG org.asynchttpclient.netty.handler.HttpHandler - Channel Closed: [id: 0xe8e23b17, L:/127.0.0.1:53307 ! R:localhost/127.0.0.1:53300] with attribute DISCARD
15:50:04.822 [AsyncHttpClient-1-14] DEBUG org.asynchttpclient.netty.handler.HttpHandler - 

Request DefaultFullHttpRequest(decodeResult: success, version: HTTP/1.1, content: EmptyByteBufBE)
DELETE /session/106766eb610bf8a961822583c8945411 HTTP/1.1
User-Agent: selenium/4.1.2 (java windows)
Content-Type: application/json; charset=utf-8
host: localhost:50945
accept: */*

Response DefaultHttpResponse(decodeResult: success, version: HTTP/1.1)
HTTP/1.1 200 OK
Content-Type: application/json; charset=utf-8
cache-control: no-cache
content-length: 14

15:50:04.822 [AsyncHttpClient-1-14] DEBUG org.asynchttpclient.netty.channel.ChannelManager - Adding key: http://localhost:50945 for channel [id: 0x91c3fac8, L:/127.0.0.1:53299 - R:localhost/127.0.0.1:50945]
15:50:04.931 [AsyncHttpClient-1-14] DEBUG org.asynchttpclient.netty.handler.HttpHandler - Channel Closed: [id: 0x91c3fac8, L:/127.0.0.1:53299 ! R:localhost/127.0.0.1:50945] with attribute DISCARD
15:50:04.978 [AsyncHttpClient-1-1] DEBUG org.asynchttpclient.netty.channel.DefaultChannelPool - Entry count for : http://localhost:50945 : 1
15:50:04.978 [AsyncHttpClient-1-1] DEBUG org.asynchttpclient.netty.channel.DefaultChannelPool - Entry count for : http://localhost:53300 : 1
15:50:04.978 [AsyncHttpClient-1-1] DEBUG org.asynchttpclient.netty.channel.DefaultChannelPool - Adding Candidate expired Channel [id: 0x91c3fac8, L:/127.0.0.1:53299 ! R:localhost/127.0.0.1:50945] isIdleTimeoutExpired=false isRemotelyClosed=true isTtlExpired=false
15:50:04.978 [AsyncHttpClient-1-1] DEBUG org.asynchttpclient.netty.channel.DefaultChannelPool - Closing Idle Channel [id: 0x91c3fac8, L:/127.0.0.1:53299 ! R:localhost/127.0.0.1:50945]
15:50:04.978 [AsyncHttpClient-1-1] DEBUG org.asynchttpclient.netty.channel.DefaultChannelPool - Adding Candidate expired Channel [id: 0xe8e23b17, L:/127.0.0.1:53307 ! R:localhost/127.0.0.1:53300] isIdleTimeoutExpired=false isRemotelyClosed=true isTtlExpired=false
15:50:04.978 [AsyncHttpClient-1-1] DEBUG org.asynchttpclient.netty.channel.DefaultChannelPool - Closing Idle Channel [id: 0xe8e23b17, L:/127.0.0.1:53307 ! R:localhost/127.0.0.1:53300]
15:50:04.978 [AsyncHttpClient-1-1] DEBUG org.asynchttpclient.netty.channel.DefaultChannelPool - Closed 2 connections out of 2 in 0 ms
]]></system-out>
    <system-err><![CDATA[Starting ChromeDriver 102.0.5005.61 (0e59bcc00cc4985ce39ad31c150065f159d95ad3-refs/branch-heads/5005@{#819}) on port 50945
Only local connections are allowed.
Please see https://chromedriver.chromium.org/security-considerations for suggestions on keeping ChromeDriver safe.
ChromeDriver was started successfully.
Jun 15, 2022 3:49:55 PM org.openqa.selenium.remote.ProtocolHandshake createSession
INFO: Detected dialect: W3C
Jun 15, 2022 3:49:55 PM org.openqa.selenium.devtools.CdpVersionFinder findNearestMatch
WARNING: Unable to find an exact match for CDP version 102, so returning the closest version found: a no-op implementation
Jun 15, 2022 3:49:55 PM org.openqa.selenium.devtools.CdpVersionFinder findNearestMatch
INFO: Unable to find CDP implementation matching 102.
Jun 15, 2022 3:49:55 PM org.openqa.selenium.chromium.ChromiumDriver lambda$new$3
WARNING: Unable to find version of CDP to use for . You may need to include a dependency on a specific version of the CDP using something similar to `org.seleniumhq.selenium:selenium-devtools-v86:4.1.2` where the version ("v86") matches the version of the chromium-based browser you're using and the version number of the artifact is the same as Selenium's.
]]></system-err>
  </testcase>
  <testcase name="Login scenario #6" classname="Login" time="12.316">
    <system-out><![CDATA[
@login
Scenario Outline: Login scenario                          &amp#27;[90m# src/test/resources/features/login.feature:24&amp#27;[0m
15:50:05.454 [main] INFO io.cucumber.core.plugin.SerenityReporter - Running feature from file:///D:/PERKULIAHAN/Semester%206,Hebatt%20glad!/QE-FGD/Web/src/test/resources/features/login.feature
15:50:05.454 [main] INFO net.serenitybdd.core.webdriver.driverproviders.ChromeDriverProvider - Using automatically driver download
15:50:05.595 [main] DEBUG io.github.bonigarcia.wdm.cache.ResolutionCache - Resolution chrome=102 in cache (valid until 16:30:12 15/06/2022 WIB)
15:50:05.595 [main] DEBUG io.github.bonigarcia.wdm.cache.ResolutionCache - Resolution chrome102=102.0.5005.61 in cache (valid until 14:29:55 16/06/2022 WIB)
15:50:05.595 [main] INFO io.github.bonigarcia.wdm.WebDriverManager - Using chromedriver 102.0.5005.61 (resolved driver for Chrome 102)
15:50:05.611 [main] DEBUG io.github.bonigarcia.wdm.WebDriverManager - Driver chromedriver 102.0.5005.61 found in cache
15:50:05.611 [main] INFO io.github.bonigarcia.wdm.WebDriverManager - Exporting webdriver.chrome.driver as C:\Users\ASUS\.cache\selenium\chromedriver\win32\102.0.5005.61\chromedriver.exe
15:50:05.738 [main] DEBUG net.serenitybdd.core.webdriver.driverproviders.ProvideNewDriver - Instantiating driver
15:50:05.738 [main] DEBUG net.serenitybdd.core.webdriver.driverproviders.ProvideNewDriver - Driver capabilities: Capabilities {acceptInsecureCerts: false, base.url: , browserName: chrome, goog:chromeOptions: {args: [], extensions: []}}
15:50:06.276 [AsyncHttpClient-1-17] DEBUG org.asynchttpclient.netty.channel.NettyConnectListener - Using new Channel '[id: 0x8578f520, L:/127.0.0.1:53327 - R:localhost/127.0.0.1:57865]' for 'POST' to '/session'
15:50:07.756 [AsyncHttpClient-1-17] DEBUG org.asynchttpclient.netty.handler.HttpHandler - 

Request DefaultHttpRequest(decodeResult: success, version: HTTP/1.1)
POST /session HTTP/1.1
User-Agent: selenium/4.1.2 (java windows)
Content-Length: 457
Content-Type: application/json; charset=utf-8
host: localhost:57865
accept: */*

Response DefaultHttpResponse(decodeResult: success, version: HTTP/1.1)
HTTP/1.1 200 OK
Content-Type: application/json; charset=utf-8
cache-control: no-cache
content-length: 789

15:50:07.756 [AsyncHttpClient-1-17] DEBUG org.asynchttpclient.netty.channel.ChannelManager - Adding key: http://localhost:57865 for channel [id: 0x8578f520, L:/127.0.0.1:53327 - R:localhost/127.0.0.1:57865]
15:50:07.756 [AsyncHttpClient-1-2] DEBUG org.asynchttpclient.netty.channel.NettyConnectListener - Using new Channel '[id: 0xeaf47f57, L:/127.0.0.1:53334 - R:localhost/127.0.0.1:53328]' for 'GET' to '/json/version'
15:50:07.756 [AsyncHttpClient-1-2] DEBUG org.asynchttpclient.netty.handler.HttpHandler - 

Request DefaultFullHttpRequest(decodeResult: success, version: HTTP/1.1, content: EmptyByteBufBE)
GET /json/version HTTP/1.1
User-Agent: selenium/4.1.2 (java windows)
host: localhost:53328
accept: */*

Response DefaultHttpResponse(decodeResult: success, version: HTTP/1.1)
HTTP/1.1 200 OK
Content-Type: application/json; charset=UTF-8
content-length: 428

15:50:07.756 [AsyncHttpClient-1-2] DEBUG org.asynchttpclient.netty.channel.ChannelManager - Adding key: http://localhost:53328 for channel [id: 0xeaf47f57, L:/127.0.0.1:53334 - R:localhost/127.0.0.1:53328]
15:50:07.756 [AsyncHttpClient-1-3] DEBUG org.asynchttpclient.netty.channel.NettyConnectListener - Using new Channel '[id: 0x7c2d67a2, L:/127.0.0.1:53335 - R:localhost/127.0.0.1:53328]' for 'GET' to '/devtools/browser/49ba322b-b154-4584-8465-ec5710b663ed'
15:50:07.756 [AsyncHttpClient-1-3] DEBUG org.asynchttpclient.netty.handler.WebSocketHandler - 

Request DefaultFullHttpRequest(decodeResult: success, version: HTTP/1.1, content: EmptyByteBufBE)
GET /devtools/browser/49ba322b-b154-4584-8465-ec5710b663ed HTTP/1.1
upgrade: websocket
connection: upgrade
sec-websocket-key: w88dODJXVVYXRr1zVJNKXg==
sec-websocket-version: 13
origin: http://localhost:53328
host: localhost:53328
accept: */*
user-agent: AHC/2.1

Response DefaultHttpResponse(decodeResult: success, version: HTTP/1.1)
HTTP/1.1 101 WebSocket Protocol Handshake
Upgrade: WebSocket
Connection: Upgrade
Sec-WebSocket-Accept: ri8ypeMOUNvcjg5jK7f5Fw4iv18=

15:50:07.772 [Forwarding get on session da00cba7f6be97058866c9a437b9b435 to remote] DEBUG org.asynchttpclient.netty.request.NettyRequestSender - Using pooled Channel '[id: 0x8578f520, L:/127.0.0.1:53327 - R:localhost/127.0.0.1:57865]' for 'POST' to 'http://localhost:57865/session/da00cba7f6be97058866c9a437b9b435/url'
15:50:07.773 [Forwarding get on session da00cba7f6be97058866c9a437b9b435 to remote] DEBUG org.asynchttpclient.netty.request.NettyRequestSender - Using open Channel [id: 0x8578f520, L:/127.0.0.1:53327 - R:localhost/127.0.0.1:57865] for POST '/session/da00cba7f6be97058866c9a437b9b435/url'
15:50:08.286 [AsyncHttpClient-1-1] DEBUG org.asynchttpclient.netty.channel.DefaultChannelPool - Entry count for : http://localhost:53328 : 1
15:50:09.382 [AsyncHttpClient-1-1] DEBUG org.asynchttpclient.netty.channel.DefaultChannelPool - Entry count for : http://localhost:53328 : 1
15:50:10.478 [AsyncHttpClient-1-1] DEBUG org.asynchttpclient.netty.channel.DefaultChannelPool - Entry count for : http://localhost:53328 : 1
15:50:11.576 [AsyncHttpClient-1-1] DEBUG org.asynchttpclient.netty.channel.DefaultChannelPool - Entry count for : http://localhost:53328 : 1
15:50:12.683 [AsyncHttpClient-1-1] DEBUG org.asynchttpclient.netty.channel.DefaultChannelPool - Entry count for : http://localhost:53328 : 1
15:50:13.778 [AsyncHttpClient-1-1] DEBUG org.asynchttpclient.netty.channel.DefaultChannelPool - Entry count for : http://localhost:53328 : 1
15:50:13.943 [AsyncHttpClient-1-17] DEBUG org.asynchttpclient.netty.handler.HttpHandler - 

Request DefaultHttpRequest(decodeResult: success, version: HTTP/1.1)
POST /session/da00cba7f6be97058866c9a437b9b435/url HTTP/1.1
User-Agent: selenium/4.1.2 (java windows)
Content-Length: 53
Content-Type: application/json; charset=utf-8
host: localhost:57865
accept: */*

Response DefaultHttpResponse(decodeResult: success, version: HTTP/1.1)
HTTP/1.1 200 OK
Content-Type: application/json; charset=utf-8
cache-control: no-cache
content-length: 14

15:50:13.943 [AsyncHttpClient-1-17] DEBUG org.asynchttpclient.netty.channel.ChannelManager - Adding key: http://localhost:57865 for channel [id: 0x8578f520, L:/127.0.0.1:53327 - R:localhost/127.0.0.1:57865]
15:50:13.945 [Forwarding setTimeout on session da00cba7f6be97058866c9a437b9b435 to remote] DEBUG org.asynchttpclient.netty.request.NettyRequestSender - Using pooled Channel '[id: 0x8578f520, L:/127.0.0.1:53327 - R:localhost/127.0.0.1:57865]' for 'POST' to 'http://localhost:57865/session/da00cba7f6be97058866c9a437b9b435/timeouts'
15:50:13.945 [Forwarding setTimeout on session da00cba7f6be97058866c9a437b9b435 to remote] DEBUG org.asynchttpclient.netty.request.NettyRequestSender - Using open Channel [id: 0x8578f520, L:/127.0.0.1:53327 - R:localhost/127.0.0.1:57865] for POST '/session/da00cba7f6be97058866c9a437b9b435/timeouts'
15:50:13.946 [AsyncHttpClient-1-17] DEBUG org.asynchttpclient.netty.handler.HttpHandler - 

Request DefaultHttpRequest(decodeResult: success, version: HTTP/1.1)
POST /session/da00cba7f6be97058866c9a437b9b435/timeouts HTTP/1.1
User-Agent: selenium/4.1.2 (java windows)
Content-Length: 22
Content-Type: application/json; charset=utf-8
host: localhost:57865
accept: */*

Response DefaultHttpResponse(decodeResult: success, version: HTTP/1.1)
HTTP/1.1 200 OK
Content-Type: application/json; charset=utf-8
cache-control: no-cache
content-length: 14

15:50:13.946 [AsyncHttpClient-1-17] DEBUG org.asynchttpclient.netty.channel.ChannelManager - Adding key: http://localhost:57865 for channel [id: 0x8578f520, L:/127.0.0.1:53327 - R:localhost/127.0.0.1:57865]
15:50:13.947 [Forwarding getCurrentUrl on session da00cba7f6be97058866c9a437b9b435 to remote] DEBUG org.asynchttpclient.netty.request.NettyRequestSender - Using pooled Channel '[id: 0x8578f520, L:/127.0.0.1:53327 - R:localhost/127.0.0.1:57865]' for 'GET' to 'http://localhost:57865/session/da00cba7f6be97058866c9a437b9b435/url'
15:50:13.947 [Forwarding getCurrentUrl on session da00cba7f6be97058866c9a437b9b435 to remote] DEBUG org.asynchttpclient.netty.request.NettyRequestSender - Using open Channel [id: 0x8578f520, L:/127.0.0.1:53327 - R:localhost/127.0.0.1:57865] for GET '/session/da00cba7f6be97058866c9a437b9b435/url'
15:50:13.992 [AsyncHttpClient-1-17] DEBUG org.asynchttpclient.netty.handler.HttpHandler - 

Request DefaultFullHttpRequest(decodeResult: success, version: HTTP/1.1, content: EmptyByteBufBE)
GET /session/da00cba7f6be97058866c9a437b9b435/url HTTP/1.1
User-Agent: selenium/4.1.2 (java windows)
Cache-Control: no-cache
Content-Type: application/json; charset=utf-8
host: localhost:57865
accept: */*

Response DefaultHttpResponse(decodeResult: success, version: HTTP/1.1)
HTTP/1.1 200 OK
Content-Type: application/json; charset=utf-8
cache-control: no-cache
content-length: 35

15:50:13.992 [AsyncHttpClient-1-17] DEBUG org.asynchttpclient.netty.channel.ChannelManager - Adding key: http://localhost:57865 for channel [id: 0x8578f520, L:/127.0.0.1:53327 - R:localhost/127.0.0.1:57865]
  &amp#27;[32mGiven &amp#27;[0m&amp#27;[32mi have registered&amp#27;[0m                                 &amp#27;[90m# starter.stepdefinition.loginStep.iHaveRegistered()&amp#27;[0m
15:50:13.992 [Forwarding screenshot on session da00cba7f6be97058866c9a437b9b435 to remote] DEBUG org.asynchttpclient.netty.request.NettyRequestSender - Using pooled Channel '[id: 0x8578f520, L:/127.0.0.1:53327 - R:localhost/127.0.0.1:57865]' for 'GET' to 'http://localhost:57865/session/da00cba7f6be97058866c9a437b9b435/screenshot'
15:50:13.992 [Forwarding screenshot on session da00cba7f6be97058866c9a437b9b435 to remote] DEBUG org.asynchttpclient.netty.request.NettyRequestSender - Using open Channel [id: 0x8578f520, L:/127.0.0.1:53327 - R:localhost/127.0.0.1:57865] for GET '/session/da00cba7f6be97058866c9a437b9b435/screenshot'
15:50:14.251 [AsyncHttpClient-1-17] DEBUG org.asynchttpclient.netty.handler.HttpHandler - 

Request DefaultFullHttpRequest(decodeResult: success, version: HTTP/1.1, content: EmptyByteBufBE)
GET /session/da00cba7f6be97058866c9a437b9b435/screenshot HTTP/1.1
User-Agent: selenium/4.1.2 (java windows)
Cache-Control: no-cache
Content-Type: application/json; charset=utf-8
host: localhost:57865
accept: */*

Response DefaultHttpResponse(decodeResult: success, version: HTTP/1.1)
HTTP/1.1 200 OK
Content-Type: application/json; charset=utf-8
cache-control: no-cache
content-length: 344292

15:50:14.252 [AsyncHttpClient-1-17] DEBUG org.asynchttpclient.netty.channel.ChannelManager - Adding key: http://localhost:57865 for channel [id: 0x8578f520, L:/127.0.0.1:53327 - R:localhost/127.0.0.1:57865]
15:50:14.261 [main] DEBUG net.serenitybdd.core.photography.Darkroom - Send negative for processing for target\site\serenity\923bee840879811ac6082d8b3bd0e9d9c5cb93a24c165f29e28bc0a19288a5b7.png
15:50:14.273 [Forwarding findElement on session da00cba7f6be97058866c9a437b9b435 to remote] DEBUG org.asynchttpclient.netty.request.NettyRequestSender - Using pooled Channel '[id: 0x8578f520, L:/127.0.0.1:53327 - R:localhost/127.0.0.1:57865]' for 'POST' to 'http://localhost:57865/session/da00cba7f6be97058866c9a437b9b435/element'
15:50:14.273 [Forwarding findElement on session da00cba7f6be97058866c9a437b9b435 to remote] DEBUG org.asynchttpclient.netty.request.NettyRequestSender - Using open Channel [id: 0x8578f520, L:/127.0.0.1:53327 - R:localhost/127.0.0.1:57865] for POST '/session/da00cba7f6be97058866c9a437b9b435/element'
15:50:14.308 [AsyncHttpClient-1-17] DEBUG org.asynchttpclient.netty.handler.HttpHandler - 

Request DefaultHttpRequest(decodeResult: success, version: HTTP/1.1)
POST /session/da00cba7f6be97058866c9a437b9b435/element HTTP/1.1
User-Agent: selenium/4.1.2 (java windows)
Content-Length: 55
Content-Type: application/json; charset=utf-8
host: localhost:57865
accept: */*

Response DefaultHttpResponse(decodeResult: success, version: HTTP/1.1)
HTTP/1.1 200 OK
Content-Type: application/json; charset=utf-8
cache-control: no-cache
content-length: 88

15:50:14.309 [AsyncHttpClient-1-17] DEBUG org.asynchttpclient.netty.channel.ChannelManager - Adding key: http://localhost:57865 for channel [id: 0x8578f520, L:/127.0.0.1:53327 - R:localhost/127.0.0.1:57865]
15:50:14.313 [Forwarding isElementDisplayed on session da00cba7f6be97058866c9a437b9b435 to remote] DEBUG org.asynchttpclient.netty.request.NettyRequestSender - Using pooled Channel '[id: 0x8578f520, L:/127.0.0.1:53327 - R:localhost/127.0.0.1:57865]' for 'POST' to 'http://localhost:57865/session/da00cba7f6be97058866c9a437b9b435/execute/sync'
15:50:14.313 [Forwarding isElementDisplayed on session da00cba7f6be97058866c9a437b9b435 to remote] DEBUG org.asynchttpclient.netty.request.NettyRequestSender - Using open Channel [id: 0x8578f520, L:/127.0.0.1:53327 - R:localhost/127.0.0.1:57865] for POST '/session/da00cba7f6be97058866c9a437b9b435/execute/sync'
15:50:14.359 [AsyncHttpClient-1-17] DEBUG org.asynchttpclient.netty.handler.HttpHandler - 

Request DefaultHttpRequest(decodeResult: success, version: HTTP/1.1)
POST /session/da00cba7f6be97058866c9a437b9b435/execute/sync HTTP/1.1
User-Agent: selenium/4.1.2 (java windows)
Content-Length: 48780
Content-Type: application/json; charset=utf-8
host: localhost:57865
accept: */*

Response DefaultHttpResponse(decodeResult: success, version: HTTP/1.1)
HTTP/1.1 200 OK
Content-Type: application/json; charset=utf-8
cache-control: no-cache
content-length: 14

15:50:14.359 [AsyncHttpClient-1-17] DEBUG org.asynchttpclient.netty.channel.ChannelManager - Adding key: http://localhost:57865 for channel [id: 0x8578f520, L:/127.0.0.1:53327 - R:localhost/127.0.0.1:57865]
15:50:14.363 [Forwarding findElement on session da00cba7f6be97058866c9a437b9b435 to remote] DEBUG org.asynchttpclient.netty.request.NettyRequestSender - Using pooled Channel '[id: 0x8578f520, L:/127.0.0.1:53327 - R:localhost/127.0.0.1:57865]' for 'POST' to 'http://localhost:57865/session/da00cba7f6be97058866c9a437b9b435/element'
15:50:14.363 [Forwarding findElement on session da00cba7f6be97058866c9a437b9b435 to remote] DEBUG org.asynchttpclient.netty.request.NettyRequestSender - Using open Channel [id: 0x8578f520, L:/127.0.0.1:53327 - R:localhost/127.0.0.1:57865] for POST '/session/da00cba7f6be97058866c9a437b9b435/element'
15:50:14.409 [AsyncHttpClient-1-17] DEBUG org.asynchttpclient.netty.handler.HttpHandler - 

Request DefaultHttpRequest(decodeResult: success, version: HTTP/1.1)
POST /session/da00cba7f6be97058866c9a437b9b435/element HTTP/1.1
User-Agent: selenium/4.1.2 (java windows)
Content-Length: 72
Content-Type: application/json; charset=utf-8
host: localhost:57865
accept: */*

Response DefaultHttpResponse(decodeResult: success, version: HTTP/1.1)
HTTP/1.1 200 OK
Content-Type: application/json; charset=utf-8
cache-control: no-cache
content-length: 88

15:50:14.409 [AsyncHttpClient-1-17] DEBUG org.asynchttpclient.netty.channel.ChannelManager - Adding key: http://localhost:57865 for channel [id: 0x8578f520, L:/127.0.0.1:53327 - R:localhost/127.0.0.1:57865]
15:50:14.411 [Forwarding getElementTagName on session da00cba7f6be97058866c9a437b9b435 to remote] DEBUG org.asynchttpclient.netty.request.NettyRequestSender - Using pooled Channel '[id: 0x8578f520, L:/127.0.0.1:53327 - R:localhost/127.0.0.1:57865]' for 'GET' to 'http://localhost:57865/session/da00cba7f6be97058866c9a437b9b435/element/0be8e521-5cde-47e5-bebc-ee2d5415ac63/name'
15:50:14.412 [Forwarding getElementTagName on session da00cba7f6be97058866c9a437b9b435 to remote] DEBUG org.asynchttpclient.netty.request.NettyRequestSender - Using open Channel [id: 0x8578f520, L:/127.0.0.1:53327 - R:localhost/127.0.0.1:57865] for GET '/session/da00cba7f6be97058866c9a437b9b435/element/0be8e521-5cde-47e5-bebc-ee2d5415ac63/name'
15:50:14.458 [AsyncHttpClient-1-17] DEBUG org.asynchttpclient.netty.handler.HttpHandler - 

Request DefaultFullHttpRequest(decodeResult: success, version: HTTP/1.1, content: EmptyByteBufBE)
GET /session/da00cba7f6be97058866c9a437b9b435/element/0be8e521-5cde-47e5-bebc-ee2d5415ac63/name HTTP/1.1
User-Agent: selenium/4.1.2 (java windows)
Cache-Control: no-cache
Content-Type: application/json; charset=utf-8
host: localhost:57865
accept: */*

Response DefaultHttpResponse(decodeResult: success, version: HTTP/1.1)
HTTP/1.1 200 OK
Content-Type: application/json; charset=utf-8
cache-control: no-cache
content-length: 13

15:50:14.458 [AsyncHttpClient-1-17] DEBUG org.asynchttpclient.netty.channel.ChannelManager - Adding key: http://localhost:57865 for channel [id: 0x8578f520, L:/127.0.0.1:53327 - R:localhost/127.0.0.1:57865]
15:50:14.460 [Forwarding getElementTagName on session da00cba7f6be97058866c9a437b9b435 to remote] DEBUG org.asynchttpclient.netty.request.NettyRequestSender - Using pooled Channel '[id: 0x8578f520, L:/127.0.0.1:53327 - R:localhost/127.0.0.1:57865]' for 'GET' to 'http://localhost:57865/session/da00cba7f6be97058866c9a437b9b435/element/0be8e521-5cde-47e5-bebc-ee2d5415ac63/name'
15:50:14.460 [Forwarding getElementTagName on session da00cba7f6be97058866c9a437b9b435 to remote] DEBUG org.asynchttpclient.netty.request.NettyRequestSender - Using open Channel [id: 0x8578f520, L:/127.0.0.1:53327 - R:localhost/127.0.0.1:57865] for GET '/session/da00cba7f6be97058866c9a437b9b435/element/0be8e521-5cde-47e5-bebc-ee2d5415ac63/name'
15:50:14.509 [AsyncHttpClient-1-17] DEBUG org.asynchttpclient.netty.handler.HttpHandler - 

Request DefaultFullHttpRequest(decodeResult: success, version: HTTP/1.1, content: EmptyByteBufBE)
GET /session/da00cba7f6be97058866c9a437b9b435/element/0be8e521-5cde-47e5-bebc-ee2d5415ac63/name HTTP/1.1
User-Agent: selenium/4.1.2 (java windows)
Cache-Control: no-cache
Content-Type: application/json; charset=utf-8
host: localhost:57865
accept: */*

Response DefaultHttpResponse(decodeResult: success, version: HTTP/1.1)
HTTP/1.1 200 OK
Content-Type: application/json; charset=utf-8
cache-control: no-cache
content-length: 13

15:50:14.509 [AsyncHttpClient-1-17] DEBUG org.asynchttpclient.netty.channel.ChannelManager - Adding key: http://localhost:57865 for channel [id: 0x8578f520, L:/127.0.0.1:53327 - R:localhost/127.0.0.1:57865]
15:50:14.511 [Forwarding findElement on session da00cba7f6be97058866c9a437b9b435 to remote] DEBUG org.asynchttpclient.netty.request.NettyRequestSender - Using pooled Channel '[id: 0x8578f520, L:/127.0.0.1:53327 - R:localhost/127.0.0.1:57865]' for 'POST' to 'http://localhost:57865/session/da00cba7f6be97058866c9a437b9b435/element'
15:50:14.511 [Forwarding findElement on session da00cba7f6be97058866c9a437b9b435 to remote] DEBUG org.asynchttpclient.netty.request.NettyRequestSender - Using open Channel [id: 0x8578f520, L:/127.0.0.1:53327 - R:localhost/127.0.0.1:57865] for POST '/session/da00cba7f6be97058866c9a437b9b435/element'
15:50:14.558 [AsyncHttpClient-1-17] DEBUG org.asynchttpclient.netty.handler.HttpHandler - 

Request DefaultHttpRequest(decodeResult: success, version: HTTP/1.1)
POST /session/da00cba7f6be97058866c9a437b9b435/element HTTP/1.1
User-Agent: selenium/4.1.2 (java windows)
Content-Length: 72
Content-Type: application/json; charset=utf-8
host: localhost:57865
accept: */*

Response DefaultHttpResponse(decodeResult: success, version: HTTP/1.1)
HTTP/1.1 200 OK
Content-Type: application/json; charset=utf-8
cache-control: no-cache
content-length: 88

15:50:14.559 [AsyncHttpClient-1-17] DEBUG org.asynchttpclient.netty.channel.ChannelManager - Adding key: http://localhost:57865 for channel [id: 0x8578f520, L:/127.0.0.1:53327 - R:localhost/127.0.0.1:57865]
15:50:14.560 [Forwarding clickElement on session da00cba7f6be97058866c9a437b9b435 to remote] DEBUG org.asynchttpclient.netty.request.NettyRequestSender - Using pooled Channel '[id: 0x8578f520, L:/127.0.0.1:53327 - R:localhost/127.0.0.1:57865]' for 'POST' to 'http://localhost:57865/session/da00cba7f6be97058866c9a437b9b435/element/0be8e521-5cde-47e5-bebc-ee2d5415ac63/click'
15:50:14.560 [Forwarding clickElement on session da00cba7f6be97058866c9a437b9b435 to remote] DEBUG org.asynchttpclient.netty.request.NettyRequestSender - Using open Channel [id: 0x8578f520, L:/127.0.0.1:53327 - R:localhost/127.0.0.1:57865] for POST '/session/da00cba7f6be97058866c9a437b9b435/element/0be8e521-5cde-47e5-bebc-ee2d5415ac63/click'
15:50:14.713 [AsyncHttpClient-1-17] DEBUG org.asynchttpclient.netty.handler.HttpHandler - 

Request DefaultHttpRequest(decodeResult: success, version: HTTP/1.1)
POST /session/da00cba7f6be97058866c9a437b9b435/element/0be8e521-5cde-47e5-bebc-ee2d5415ac63/click HTTP/1.1
User-Agent: selenium/4.1.2 (java windows)
Content-Length: 50
Content-Type: application/json; charset=utf-8
host: localhost:57865
accept: */*

Response DefaultHttpResponse(decodeResult: success, version: HTTP/1.1)
HTTP/1.1 200 OK
Content-Type: application/json; charset=utf-8
cache-control: no-cache
content-length: 14

15:50:14.713 [AsyncHttpClient-1-17] DEBUG org.asynchttpclient.netty.channel.ChannelManager - Adding key: http://localhost:57865 for channel [id: 0x8578f520, L:/127.0.0.1:53327 - R:localhost/127.0.0.1:57865]
  &amp#27;[32mWhen &amp#27;[0m&amp#27;[32mi click get started&amp#27;[0m                                &amp#27;[90m# starter.stepdefinition.registerStep.iClickGetStarted()&amp#27;[0m
15:50:14.721 [Forwarding screenshot on session da00cba7f6be97058866c9a437b9b435 to remote] DEBUG org.asynchttpclient.netty.request.NettyRequestSender - Using pooled Channel '[id: 0x8578f520, L:/127.0.0.1:53327 - R:localhost/127.0.0.1:57865]' for 'GET' to 'http://localhost:57865/session/da00cba7f6be97058866c9a437b9b435/screenshot'
15:50:14.721 [Forwarding screenshot on session da00cba7f6be97058866c9a437b9b435 to remote] DEBUG org.asynchttpclient.netty.request.NettyRequestSender - Using open Channel [id: 0x8578f520, L:/127.0.0.1:53327 - R:localhost/127.0.0.1:57865] for GET '/session/da00cba7f6be97058866c9a437b9b435/screenshot'
15:50:14.883 [AsyncHttpClient-1-1] DEBUG org.asynchttpclient.netty.channel.DefaultChannelPool - Entry count for : http://localhost:53328 : 1
15:50:15.001 [AsyncHttpClient-1-17] DEBUG org.asynchttpclient.netty.handler.HttpHandler - 

Request DefaultFullHttpRequest(decodeResult: success, version: HTTP/1.1, content: EmptyByteBufBE)
GET /session/da00cba7f6be97058866c9a437b9b435/screenshot HTTP/1.1
User-Agent: selenium/4.1.2 (java windows)
Cache-Control: no-cache
Content-Type: application/json; charset=utf-8
host: localhost:57865
accept: */*

Response DefaultHttpResponse(decodeResult: success, version: HTTP/1.1)
HTTP/1.1 200 OK
Content-Type: application/json; charset=utf-8
cache-control: no-cache
content-length: 89684

15:50:15.001 [AsyncHttpClient-1-17] DEBUG org.asynchttpclient.netty.channel.ChannelManager - Adding key: http://localhost:57865 for channel [id: 0x8578f520, L:/127.0.0.1:53327 - R:localhost/127.0.0.1:57865]
15:50:15.004 [main] DEBUG net.serenitybdd.core.photography.Darkroom - Send negative for processing for target\site\serenity\7327892a0619bcc8a3c1c5968a1f6193e04fbc70292734316f5b745c9f65b1c0.png
15:50:15.013 [Forwarding findElement on session da00cba7f6be97058866c9a437b9b435 to remote] DEBUG org.asynchttpclient.netty.request.NettyRequestSender - Using pooled Channel '[id: 0x8578f520, L:/127.0.0.1:53327 - R:localhost/127.0.0.1:57865]' for 'POST' to 'http://localhost:57865/session/da00cba7f6be97058866c9a437b9b435/element'
15:50:15.013 [Forwarding findElement on session da00cba7f6be97058866c9a437b9b435 to remote] DEBUG org.asynchttpclient.netty.request.NettyRequestSender - Using open Channel [id: 0x8578f520, L:/127.0.0.1:53327 - R:localhost/127.0.0.1:57865] for POST '/session/da00cba7f6be97058866c9a437b9b435/element'
15:50:15.025 [AsyncHttpClient-1-17] DEBUG org.asynchttpclient.netty.handler.HttpHandler - 

Request DefaultHttpRequest(decodeResult: success, version: HTTP/1.1)
POST /session/da00cba7f6be97058866c9a437b9b435/element HTTP/1.1
User-Agent: selenium/4.1.2 (java windows)
Content-Length: 67
Content-Type: application/json; charset=utf-8
host: localhost:57865
accept: */*

Response DefaultHttpResponse(decodeResult: success, version: HTTP/1.1)
HTTP/1.1 200 OK
Content-Type: application/json; charset=utf-8
cache-control: no-cache
content-length: 88

15:50:15.025 [AsyncHttpClient-1-17] DEBUG org.asynchttpclient.netty.channel.ChannelManager - Adding key: http://localhost:57865 for channel [id: 0x8578f520, L:/127.0.0.1:53327 - R:localhost/127.0.0.1:57865]
15:50:15.027 [Forwarding clearElement on session da00cba7f6be97058866c9a437b9b435 to remote] DEBUG org.asynchttpclient.netty.request.NettyRequestSender - Using pooled Channel '[id: 0x8578f520, L:/127.0.0.1:53327 - R:localhost/127.0.0.1:57865]' for 'POST' to 'http://localhost:57865/session/da00cba7f6be97058866c9a437b9b435/element/96e7dac2-4da1-467c-b84f-8eaa36d99c11/clear'
15:50:15.027 [Forwarding clearElement on session da00cba7f6be97058866c9a437b9b435 to remote] DEBUG org.asynchttpclient.netty.request.NettyRequestSender - Using open Channel [id: 0x8578f520, L:/127.0.0.1:53327 - R:localhost/127.0.0.1:57865] for POST '/session/da00cba7f6be97058866c9a437b9b435/element/96e7dac2-4da1-467c-b84f-8eaa36d99c11/clear'
15:50:15.064 [AsyncHttpClient-1-17] DEBUG org.asynchttpclient.netty.handler.HttpHandler - 

Request DefaultHttpRequest(decodeResult: success, version: HTTP/1.1)
POST /session/da00cba7f6be97058866c9a437b9b435/element/96e7dac2-4da1-467c-b84f-8eaa36d99c11/clear HTTP/1.1
User-Agent: selenium/4.1.2 (java windows)
Content-Length: 50
Content-Type: application/json; charset=utf-8
host: localhost:57865
accept: */*

Response DefaultHttpResponse(decodeResult: success, version: HTTP/1.1)
HTTP/1.1 200 OK
Content-Type: application/json; charset=utf-8
cache-control: no-cache
content-length: 14

15:50:15.065 [AsyncHttpClient-1-17] DEBUG org.asynchttpclient.netty.channel.ChannelManager - Adding key: http://localhost:57865 for channel [id: 0x8578f520, L:/127.0.0.1:53327 - R:localhost/127.0.0.1:57865]
15:50:15.067 [Forwarding sendKeysToElement on session da00cba7f6be97058866c9a437b9b435 to remote] DEBUG org.asynchttpclient.netty.request.NettyRequestSender - Using pooled Channel '[id: 0x8578f520, L:/127.0.0.1:53327 - R:localhost/127.0.0.1:57865]' for 'POST' to 'http://localhost:57865/session/da00cba7f6be97058866c9a437b9b435/element/96e7dac2-4da1-467c-b84f-8eaa36d99c11/value'
15:50:15.067 [Forwarding sendKeysToElement on session da00cba7f6be97058866c9a437b9b435 to remote] DEBUG org.asynchttpclient.netty.request.NettyRequestSender - Using open Channel [id: 0x8578f520, L:/127.0.0.1:53327 - R:localhost/127.0.0.1:57865] for POST '/session/da00cba7f6be97058866c9a437b9b435/element/96e7dac2-4da1-467c-b84f-8eaa36d99c11/value'
15:50:15.146 [AsyncHttpClient-1-17] DEBUG org.asynchttpclient.netty.handler.HttpHandler - 

Request DefaultHttpRequest(decodeResult: success, version: HTTP/1.1)
POST /session/da00cba7f6be97058866c9a437b9b435/element/96e7dac2-4da1-467c-b84f-8eaa36d99c11/value HTTP/1.1
User-Agent: selenium/4.1.2 (java windows)
Content-Length: 231
Content-Type: application/json; charset=utf-8
host: localhost:57865
accept: */*

Response DefaultHttpResponse(decodeResult: success, version: HTTP/1.1)
HTTP/1.1 200 OK
Content-Type: application/json; charset=utf-8
cache-control: no-cache
content-length: 14

15:50:15.146 [AsyncHttpClient-1-17] DEBUG org.asynchttpclient.netty.channel.ChannelManager - Adding key: http://localhost:57865 for channel [id: 0x8578f520, L:/127.0.0.1:53327 - R:localhost/127.0.0.1:57865]
15:50:15.150 [Forwarding findElement on session da00cba7f6be97058866c9a437b9b435 to remote] DEBUG org.asynchttpclient.netty.request.NettyRequestSender - Using pooled Channel '[id: 0x8578f520, L:/127.0.0.1:53327 - R:localhost/127.0.0.1:57865]' for 'POST' to 'http://localhost:57865/session/da00cba7f6be97058866c9a437b9b435/element'
15:50:15.150 [Forwarding findElement on session da00cba7f6be97058866c9a437b9b435 to remote] DEBUG org.asynchttpclient.netty.request.NettyRequestSender - Using open Channel [id: 0x8578f520, L:/127.0.0.1:53327 - R:localhost/127.0.0.1:57865] for POST '/session/da00cba7f6be97058866c9a437b9b435/element'
15:50:15.162 [AsyncHttpClient-1-17] DEBUG org.asynchttpclient.netty.handler.HttpHandler - 

Request DefaultHttpRequest(decodeResult: success, version: HTTP/1.1)
POST /session/da00cba7f6be97058866c9a437b9b435/element HTTP/1.1
User-Agent: selenium/4.1.2 (java windows)
Content-Length: 70
Content-Type: application/json; charset=utf-8
host: localhost:57865
accept: */*

Response DefaultHttpResponse(decodeResult: success, version: HTTP/1.1)
HTTP/1.1 200 OK
Content-Type: application/json; charset=utf-8
cache-control: no-cache
content-length: 88

15:50:15.162 [AsyncHttpClient-1-17] DEBUG org.asynchttpclient.netty.channel.ChannelManager - Adding key: http://localhost:57865 for channel [id: 0x8578f520, L:/127.0.0.1:53327 - R:localhost/127.0.0.1:57865]
15:50:15.164 [Forwarding clearElement on session da00cba7f6be97058866c9a437b9b435 to remote] DEBUG org.asynchttpclient.netty.request.NettyRequestSender - Using pooled Channel '[id: 0x8578f520, L:/127.0.0.1:53327 - R:localhost/127.0.0.1:57865]' for 'POST' to 'http://localhost:57865/session/da00cba7f6be97058866c9a437b9b435/element/b06e0cda-095f-4c1b-87c5-4276bb4dc34c/clear'
15:50:15.164 [Forwarding clearElement on session da00cba7f6be97058866c9a437b9b435 to remote] DEBUG org.asynchttpclient.netty.request.NettyRequestSender - Using open Channel [id: 0x8578f520, L:/127.0.0.1:53327 - R:localhost/127.0.0.1:57865] for POST '/session/da00cba7f6be97058866c9a437b9b435/element/b06e0cda-095f-4c1b-87c5-4276bb4dc34c/clear'
15:50:15.201 [AsyncHttpClient-1-17] DEBUG org.asynchttpclient.netty.handler.HttpHandler - 

Request DefaultHttpRequest(decodeResult: success, version: HTTP/1.1)
POST /session/da00cba7f6be97058866c9a437b9b435/element/b06e0cda-095f-4c1b-87c5-4276bb4dc34c/clear HTTP/1.1
User-Agent: selenium/4.1.2 (java windows)
Content-Length: 50
Content-Type: application/json; charset=utf-8
host: localhost:57865
accept: */*

Response DefaultHttpResponse(decodeResult: success, version: HTTP/1.1)
HTTP/1.1 200 OK
Content-Type: application/json; charset=utf-8
cache-control: no-cache
content-length: 14

15:50:15.201 [AsyncHttpClient-1-17] DEBUG org.asynchttpclient.netty.channel.ChannelManager - Adding key: http://localhost:57865 for channel [id: 0x8578f520, L:/127.0.0.1:53327 - R:localhost/127.0.0.1:57865]
15:50:15.203 [Forwarding sendKeysToElement on session da00cba7f6be97058866c9a437b9b435 to remote] DEBUG org.asynchttpclient.netty.request.NettyRequestSender - Using pooled Channel '[id: 0x8578f520, L:/127.0.0.1:53327 - R:localhost/127.0.0.1:57865]' for 'POST' to 'http://localhost:57865/session/da00cba7f6be97058866c9a437b9b435/element/b06e0cda-095f-4c1b-87c5-4276bb4dc34c/value'
15:50:15.203 [Forwarding sendKeysToElement on session da00cba7f6be97058866c9a437b9b435 to remote] DEBUG org.asynchttpclient.netty.request.NettyRequestSender - Using open Channel [id: 0x8578f520, L:/127.0.0.1:53327 - R:localhost/127.0.0.1:57865] for POST '/session/da00cba7f6be97058866c9a437b9b435/element/b06e0cda-095f-4c1b-87c5-4276bb4dc34c/value'
15:50:15.268 [AsyncHttpClient-1-17] DEBUG org.asynchttpclient.netty.handler.HttpHandler - 

Request DefaultHttpRequest(decodeResult: success, version: HTTP/1.1)
POST /session/da00cba7f6be97058866c9a437b9b435/element/b06e0cda-095f-4c1b-87c5-4276bb4dc34c/value HTTP/1.1
User-Agent: selenium/4.1.2 (java windows)
Content-Length: 171
Content-Type: application/json; charset=utf-8
host: localhost:57865
accept: */*

Response DefaultHttpResponse(decodeResult: success, version: HTTP/1.1)
HTTP/1.1 200 OK
Content-Type: application/json; charset=utf-8
cache-control: no-cache
content-length: 14

15:50:15.268 [AsyncHttpClient-1-17] DEBUG org.asynchttpclient.netty.channel.ChannelManager - Adding key: http://localhost:57865 for channel [id: 0x8578f520, L:/127.0.0.1:53327 - R:localhost/127.0.0.1:57865]
  &amp#27;[32mAnd &amp#27;[0m&amp#27;[32mi input &amp#27;[0m&amp#27;[32m&amp#27;[1m"sonya@gmail.com"&amp#27;[0m&amp#27;[32m and &amp#27;[0m&amp#27;[32m&amp#27;[1m"SonyaPrds"&amp#27;[0m&amp#27;[32m for login&amp#27;[0m &amp#27;[90m# starter.stepdefinition.loginStep.iInputAndForLogin(java.lang.String,java.lang.String)&amp#27;[0m
15:50:15.276 [Forwarding screenshot on session da00cba7f6be97058866c9a437b9b435 to remote] DEBUG org.asynchttpclient.netty.request.NettyRequestSender - Using pooled Channel '[id: 0x8578f520, L:/127.0.0.1:53327 - R:localhost/127.0.0.1:57865]' for 'GET' to 'http://localhost:57865/session/da00cba7f6be97058866c9a437b9b435/screenshot'
15:50:15.277 [Forwarding screenshot on session da00cba7f6be97058866c9a437b9b435 to remote] DEBUG org.asynchttpclient.netty.request.NettyRequestSender - Using open Channel [id: 0x8578f520, L:/127.0.0.1:53327 - R:localhost/127.0.0.1:57865] for GET '/session/da00cba7f6be97058866c9a437b9b435/screenshot'
15:50:15.518 [AsyncHttpClient-1-17] DEBUG org.asynchttpclient.netty.handler.HttpHandler - 

Request DefaultFullHttpRequest(decodeResult: success, version: HTTP/1.1, content: EmptyByteBufBE)
GET /session/da00cba7f6be97058866c9a437b9b435/screenshot HTTP/1.1
User-Agent: selenium/4.1.2 (java windows)
Cache-Control: no-cache
Content-Type: application/json; charset=utf-8
host: localhost:57865
accept: */*

Response DefaultHttpResponse(decodeResult: success, version: HTTP/1.1)
HTTP/1.1 200 OK
Content-Type: application/json; charset=utf-8
cache-control: no-cache
content-length: 175868

15:50:15.519 [AsyncHttpClient-1-17] DEBUG org.asynchttpclient.netty.channel.ChannelManager - Adding key: http://localhost:57865 for channel [id: 0x8578f520, L:/127.0.0.1:53327 - R:localhost/127.0.0.1:57865]
15:50:15.524 [main] DEBUG net.serenitybdd.core.photography.Darkroom - Send negative for processing for target\site\serenity\1a07ee55d90bd36872d3b9cd01c1d64b65eeb46cceed8a448338478c243a7957.png
15:50:15.525 [Darkroom Processing Line] DEBUG net.serenitybdd.core.photography.DarkroomProcessingLine - Processing screenshot image in /var/screenshots/screenshot-15937812590996506573
15:50:15.525 [Darkroom Processing Line] DEBUG net.serenitybdd.core.photography.DarkroomProcessingLine - Saving screenshot to target\site\serenity\1a07ee55d90bd36872d3b9cd01c1d64b65eeb46cceed8a448338478c243a7957.png
15:50:15.534 [Forwarding findElement on session da00cba7f6be97058866c9a437b9b435 to remote] DEBUG org.asynchttpclient.netty.request.NettyRequestSender - Using pooled Channel '[id: 0x8578f520, L:/127.0.0.1:53327 - R:localhost/127.0.0.1:57865]' for 'POST' to 'http://localhost:57865/session/da00cba7f6be97058866c9a437b9b435/element'
15:50:15.534 [Forwarding findElement on session da00cba7f6be97058866c9a437b9b435 to remote] DEBUG org.asynchttpclient.netty.request.NettyRequestSender - Using open Channel [id: 0x8578f520, L:/127.0.0.1:53327 - R:localhost/127.0.0.1:57865] for POST '/session/da00cba7f6be97058866c9a437b9b435/element'
15:50:15.548 [AsyncHttpClient-1-17] DEBUG org.asynchttpclient.netty.handler.HttpHandler - 

Request DefaultHttpRequest(decodeResult: success, version: HTTP/1.1)
POST /session/da00cba7f6be97058866c9a437b9b435/element HTTP/1.1
User-Agent: selenium/4.1.2 (java windows)
Content-Length: 53
Content-Type: application/json; charset=utf-8
host: localhost:57865
accept: */*

Response DefaultHttpResponse(decodeResult: success, version: HTTP/1.1)
HTTP/1.1 200 OK
Content-Type: application/json; charset=utf-8
cache-control: no-cache
content-length: 88

15:50:15.549 [AsyncHttpClient-1-17] DEBUG org.asynchttpclient.netty.channel.ChannelManager - Adding key: http://localhost:57865 for channel [id: 0x8578f520, L:/127.0.0.1:53327 - R:localhost/127.0.0.1:57865]
15:50:15.550 [Forwarding getElementTagName on session da00cba7f6be97058866c9a437b9b435 to remote] DEBUG org.asynchttpclient.netty.request.NettyRequestSender - Using pooled Channel '[id: 0x8578f520, L:/127.0.0.1:53327 - R:localhost/127.0.0.1:57865]' for 'GET' to 'http://localhost:57865/session/da00cba7f6be97058866c9a437b9b435/element/45aa69f9-4f6a-4123-9ae8-368c7ce70c43/name'
15:50:15.550 [Forwarding getElementTagName on session da00cba7f6be97058866c9a437b9b435 to remote] DEBUG org.asynchttpclient.netty.request.NettyRequestSender - Using open Channel [id: 0x8578f520, L:/127.0.0.1:53327 - R:localhost/127.0.0.1:57865] for GET '/session/da00cba7f6be97058866c9a437b9b435/element/45aa69f9-4f6a-4123-9ae8-368c7ce70c43/name'
15:50:15.554 [AsyncHttpClient-1-17] DEBUG org.asynchttpclient.netty.handler.HttpHandler - 

Request DefaultFullHttpRequest(decodeResult: success, version: HTTP/1.1, content: EmptyByteBufBE)
GET /session/da00cba7f6be97058866c9a437b9b435/element/45aa69f9-4f6a-4123-9ae8-368c7ce70c43/name HTTP/1.1
User-Agent: selenium/4.1.2 (java windows)
Cache-Control: no-cache
Content-Type: application/json; charset=utf-8
host: localhost:57865
accept: */*

Response DefaultHttpResponse(decodeResult: success, version: HTTP/1.1)
HTTP/1.1 200 OK
Content-Type: application/json; charset=utf-8
cache-control: no-cache
content-length: 18

15:50:15.555 [AsyncHttpClient-1-17] DEBUG org.asynchttpclient.netty.channel.ChannelManager - Adding key: http://localhost:57865 for channel [id: 0x8578f520, L:/127.0.0.1:53327 - R:localhost/127.0.0.1:57865]
15:50:15.556 [Forwarding getElementTagName on session da00cba7f6be97058866c9a437b9b435 to remote] DEBUG org.asynchttpclient.netty.request.NettyRequestSender - Using pooled Channel '[id: 0x8578f520, L:/127.0.0.1:53327 - R:localhost/127.0.0.1:57865]' for 'GET' to 'http://localhost:57865/session/da00cba7f6be97058866c9a437b9b435/element/45aa69f9-4f6a-4123-9ae8-368c7ce70c43/name'
15:50:15.556 [Forwarding getElementTagName on session da00cba7f6be97058866c9a437b9b435 to remote] DEBUG org.asynchttpclient.netty.request.NettyRequestSender - Using open Channel [id: 0x8578f520, L:/127.0.0.1:53327 - R:localhost/127.0.0.1:57865] for GET '/session/da00cba7f6be97058866c9a437b9b435/element/45aa69f9-4f6a-4123-9ae8-368c7ce70c43/name'
15:50:15.560 [AsyncHttpClient-1-17] DEBUG org.asynchttpclient.netty.handler.HttpHandler - 

Request DefaultFullHttpRequest(decodeResult: success, version: HTTP/1.1, content: EmptyByteBufBE)
GET /session/da00cba7f6be97058866c9a437b9b435/element/45aa69f9-4f6a-4123-9ae8-368c7ce70c43/name HTTP/1.1
User-Agent: selenium/4.1.2 (java windows)
Cache-Control: no-cache
Content-Type: application/json; charset=utf-8
host: localhost:57865
accept: */*

Response DefaultHttpResponse(decodeResult: success, version: HTTP/1.1)
HTTP/1.1 200 OK
Content-Type: application/json; charset=utf-8
cache-control: no-cache
content-length: 18

15:50:15.560 [AsyncHttpClient-1-17] DEBUG org.asynchttpclient.netty.channel.ChannelManager - Adding key: http://localhost:57865 for channel [id: 0x8578f520, L:/127.0.0.1:53327 - R:localhost/127.0.0.1:57865]
15:50:15.563 [Forwarding isElementEnabled on session da00cba7f6be97058866c9a437b9b435 to remote] DEBUG org.asynchttpclient.netty.request.NettyRequestSender - Using pooled Channel '[id: 0x8578f520, L:/127.0.0.1:53327 - R:localhost/127.0.0.1:57865]' for 'GET' to 'http://localhost:57865/session/da00cba7f6be97058866c9a437b9b435/element/45aa69f9-4f6a-4123-9ae8-368c7ce70c43/enabled'
15:50:15.563 [Forwarding isElementEnabled on session da00cba7f6be97058866c9a437b9b435 to remote] DEBUG org.asynchttpclient.netty.request.NettyRequestSender - Using open Channel [id: 0x8578f520, L:/127.0.0.1:53327 - R:localhost/127.0.0.1:57865] for GET '/session/da00cba7f6be97058866c9a437b9b435/element/45aa69f9-4f6a-4123-9ae8-368c7ce70c43/enabled'
15:50:15.572 [AsyncHttpClient-1-17] DEBUG org.asynchttpclient.netty.handler.HttpHandler - 

Request DefaultFullHttpRequest(decodeResult: success, version: HTTP/1.1, content: EmptyByteBufBE)
GET /session/da00cba7f6be97058866c9a437b9b435/element/45aa69f9-4f6a-4123-9ae8-368c7ce70c43/enabled HTTP/1.1
User-Agent: selenium/4.1.2 (java windows)
Cache-Control: no-cache
Content-Type: application/json; charset=utf-8
host: localhost:57865
accept: */*

Response DefaultHttpResponse(decodeResult: success, version: HTTP/1.1)
HTTP/1.1 200 OK
Content-Type: application/json; charset=utf-8
cache-control: no-cache
content-length: 14

15:50:15.572 [AsyncHttpClient-1-17] DEBUG org.asynchttpclient.netty.channel.ChannelManager - Adding key: http://localhost:57865 for channel [id: 0x8578f520, L:/127.0.0.1:53327 - R:localhost/127.0.0.1:57865]
15:50:15.574 [Forwarding isElementEnabled on session da00cba7f6be97058866c9a437b9b435 to remote] DEBUG org.asynchttpclient.netty.request.NettyRequestSender - Using pooled Channel '[id: 0x8578f520, L:/127.0.0.1:53327 - R:localhost/127.0.0.1:57865]' for 'GET' to 'http://localhost:57865/session/da00cba7f6be97058866c9a437b9b435/element/45aa69f9-4f6a-4123-9ae8-368c7ce70c43/enabled'
15:50:15.574 [Forwarding isElementEnabled on session da00cba7f6be97058866c9a437b9b435 to remote] DEBUG org.asynchttpclient.netty.request.NettyRequestSender - Using open Channel [id: 0x8578f520, L:/127.0.0.1:53327 - R:localhost/127.0.0.1:57865] for GET '/session/da00cba7f6be97058866c9a437b9b435/element/45aa69f9-4f6a-4123-9ae8-368c7ce70c43/enabled'
15:50:15.581 [AsyncHttpClient-1-17] DEBUG org.asynchttpclient.netty.handler.HttpHandler - 

Request DefaultFullHttpRequest(decodeResult: success, version: HTTP/1.1, content: EmptyByteBufBE)
GET /session/da00cba7f6be97058866c9a437b9b435/element/45aa69f9-4f6a-4123-9ae8-368c7ce70c43/enabled HTTP/1.1
User-Agent: selenium/4.1.2 (java windows)
Cache-Control: no-cache
Content-Type: application/json; charset=utf-8
host: localhost:57865
accept: */*

Response DefaultHttpResponse(decodeResult: success, version: HTTP/1.1)
HTTP/1.1 200 OK
Content-Type: application/json; charset=utf-8
cache-control: no-cache
content-length: 14

15:50:15.582 [AsyncHttpClient-1-17] DEBUG org.asynchttpclient.netty.channel.ChannelManager - Adding key: http://localhost:57865 for channel [id: 0x8578f520, L:/127.0.0.1:53327 - R:localhost/127.0.0.1:57865]
15:50:15.584 [Forwarding findElement on session da00cba7f6be97058866c9a437b9b435 to remote] DEBUG org.asynchttpclient.netty.request.NettyRequestSender - Using pooled Channel '[id: 0x8578f520, L:/127.0.0.1:53327 - R:localhost/127.0.0.1:57865]' for 'POST' to 'http://localhost:57865/session/da00cba7f6be97058866c9a437b9b435/element'
15:50:15.584 [Forwarding findElement on session da00cba7f6be97058866c9a437b9b435 to remote] DEBUG org.asynchttpclient.netty.request.NettyRequestSender - Using open Channel [id: 0x8578f520, L:/127.0.0.1:53327 - R:localhost/127.0.0.1:57865] for POST '/session/da00cba7f6be97058866c9a437b9b435/element'
15:50:15.592 [AsyncHttpClient-1-17] DEBUG org.asynchttpclient.netty.handler.HttpHandler - 

Request DefaultHttpRequest(decodeResult: success, version: HTTP/1.1)
POST /session/da00cba7f6be97058866c9a437b9b435/element HTTP/1.1
User-Agent: selenium/4.1.2 (java windows)
Content-Length: 53
Content-Type: application/json; charset=utf-8
host: localhost:57865
accept: */*

Response DefaultHttpResponse(decodeResult: success, version: HTTP/1.1)
HTTP/1.1 200 OK
Content-Type: application/json; charset=utf-8
cache-control: no-cache
content-length: 88

15:50:15.592 [AsyncHttpClient-1-17] DEBUG org.asynchttpclient.netty.channel.ChannelManager - Adding key: http://localhost:57865 for channel [id: 0x8578f520, L:/127.0.0.1:53327 - R:localhost/127.0.0.1:57865]
15:50:15.595 [Forwarding clickElement on session da00cba7f6be97058866c9a437b9b435 to remote] DEBUG org.asynchttpclient.netty.request.NettyRequestSender - Using pooled Channel '[id: 0x8578f520, L:/127.0.0.1:53327 - R:localhost/127.0.0.1:57865]' for 'POST' to 'http://localhost:57865/session/da00cba7f6be97058866c9a437b9b435/element/45aa69f9-4f6a-4123-9ae8-368c7ce70c43/click'
15:50:15.595 [Forwarding clickElement on session da00cba7f6be97058866c9a437b9b435 to remote] DEBUG org.asynchttpclient.netty.request.NettyRequestSender - Using open Channel [id: 0x8578f520, L:/127.0.0.1:53327 - R:localhost/127.0.0.1:57865] for POST '/session/da00cba7f6be97058866c9a437b9b435/element/45aa69f9-4f6a-4123-9ae8-368c7ce70c43/click'
15:50:15.645 [AsyncHttpClient-1-17] DEBUG org.asynchttpclient.netty.handler.HttpHandler - 

Request DefaultHttpRequest(decodeResult: success, version: HTTP/1.1)
POST /session/da00cba7f6be97058866c9a437b9b435/element/45aa69f9-4f6a-4123-9ae8-368c7ce70c43/click HTTP/1.1
User-Agent: selenium/4.1.2 (java windows)
Content-Length: 50
Content-Type: application/json; charset=utf-8
host: localhost:57865
accept: */*

Response DefaultHttpResponse(decodeResult: success, version: HTTP/1.1)
HTTP/1.1 200 OK
Content-Type: application/json; charset=utf-8
cache-control: no-cache
content-length: 14

15:50:15.645 [AsyncHttpClient-1-17] DEBUG org.asynchttpclient.netty.channel.ChannelManager - Adding key: http://localhost:57865 for channel [id: 0x8578f520, L:/127.0.0.1:53327 - R:localhost/127.0.0.1:57865]
  &amp#27;[32mAnd &amp#27;[0m&amp#27;[32mi click continue button for login&amp#27;[0m                   &amp#27;[90m# starter.stepdefinition.loginStep.iClickContinueButtonForLogin()&amp#27;[0m
15:50:15.652 [Forwarding screenshot on session da00cba7f6be97058866c9a437b9b435 to remote] DEBUG org.asynchttpclient.netty.request.NettyRequestSender - Using pooled Channel '[id: 0x8578f520, L:/127.0.0.1:53327 - R:localhost/127.0.0.1:57865]' for 'GET' to 'http://localhost:57865/session/da00cba7f6be97058866c9a437b9b435/screenshot'
15:50:15.652 [Forwarding screenshot on session da00cba7f6be97058866c9a437b9b435 to remote] DEBUG org.asynchttpclient.netty.request.NettyRequestSender - Using open Channel [id: 0x8578f520, L:/127.0.0.1:53327 - R:localhost/127.0.0.1:57865] for GET '/session/da00cba7f6be97058866c9a437b9b435/screenshot'
15:50:15.855 [AsyncHttpClient-1-17] DEBUG org.asynchttpclient.netty.handler.HttpHandler - 

Request DefaultFullHttpRequest(decodeResult: success, version: HTTP/1.1, content: EmptyByteBufBE)
GET /session/da00cba7f6be97058866c9a437b9b435/screenshot HTTP/1.1
User-Agent: selenium/4.1.2 (java windows)
Cache-Control: no-cache
Content-Type: application/json; charset=utf-8
host: localhost:57865
accept: */*

Response DefaultHttpResponse(decodeResult: success, version: HTTP/1.1)
HTTP/1.1 200 OK
Content-Type: application/json; charset=utf-8
cache-control: no-cache
content-length: 138328

15:50:15.858 [AsyncHttpClient-1-17] DEBUG org.asynchttpclient.netty.channel.ChannelManager - Adding key: http://localhost:57865 for channel [id: 0x8578f520, L:/127.0.0.1:53327 - R:localhost/127.0.0.1:57865]
15:50:15.863 [main] DEBUG net.serenitybdd.core.photography.Darkroom - Send negative for processing for target\site\serenity\ca476783b7814f9439d69aa23786e35d10e30da9e87c9a2c5040cc4d96ec4f70.png
15:50:15.864 [Darkroom Processing Line] DEBUG net.serenitybdd.core.photography.DarkroomProcessingLine - Processing screenshot image in /var/screenshots/screenshot-9950601767104840609
15:50:15.864 [Darkroom Processing Line] DEBUG net.serenitybdd.core.photography.DarkroomProcessingLine - Saving screenshot to target\site\serenity\ca476783b7814f9439d69aa23786e35d10e30da9e87c9a2c5040cc4d96ec4f70.png
15:50:15.976 [AsyncHttpClient-1-1] DEBUG org.asynchttpclient.netty.channel.DefaultChannelPool - Entry count for : http://localhost:57865 : 1
15:50:15.976 [AsyncHttpClient-1-1] DEBUG org.asynchttpclient.netty.channel.DefaultChannelPool - Entry count for : http://localhost:53328 : 1
15:50:16.877 [Forwarding findElement on session da00cba7f6be97058866c9a437b9b435 to remote] DEBUG org.asynchttpclient.netty.request.NettyRequestSender - Using pooled Channel '[id: 0x8578f520, L:/127.0.0.1:53327 - R:localhost/127.0.0.1:57865]' for 'POST' to 'http://localhost:57865/session/da00cba7f6be97058866c9a437b9b435/element'
15:50:16.877 [Forwarding findElement on session da00cba7f6be97058866c9a437b9b435 to remote] DEBUG org.asynchttpclient.netty.request.NettyRequestSender - Using open Channel [id: 0x8578f520, L:/127.0.0.1:53327 - R:localhost/127.0.0.1:57865] for POST '/session/da00cba7f6be97058866c9a437b9b435/element'
15:50:16.887 [AsyncHttpClient-1-17] DEBUG org.asynchttpclient.netty.handler.HttpHandler - 

Request DefaultHttpRequest(decodeResult: success, version: HTTP/1.1)
POST /session/da00cba7f6be97058866c9a437b9b435/element HTTP/1.1
User-Agent: selenium/4.1.2 (java windows)
Content-Length: 58
Content-Type: application/json; charset=utf-8
host: localhost:57865
accept: */*

Response DefaultHttpResponse(decodeResult: success, version: HTTP/1.1)
HTTP/1.1 200 OK
Content-Type: application/json; charset=utf-8
cache-control: no-cache
content-length: 88

15:50:16.888 [AsyncHttpClient-1-17] DEBUG org.asynchttpclient.netty.channel.ChannelManager - Adding key: http://localhost:57865 for channel [id: 0x8578f520, L:/127.0.0.1:53327 - R:localhost/127.0.0.1:57865]
15:50:16.892 [Forwarding isElementDisplayed on session da00cba7f6be97058866c9a437b9b435 to remote] DEBUG org.asynchttpclient.netty.request.NettyRequestSender - Using pooled Channel '[id: 0x8578f520, L:/127.0.0.1:53327 - R:localhost/127.0.0.1:57865]' for 'POST' to 'http://localhost:57865/session/da00cba7f6be97058866c9a437b9b435/execute/sync'
15:50:16.892 [Forwarding isElementDisplayed on session da00cba7f6be97058866c9a437b9b435 to remote] DEBUG org.asynchttpclient.netty.request.NettyRequestSender - Using open Channel [id: 0x8578f520, L:/127.0.0.1:53327 - R:localhost/127.0.0.1:57865] for POST '/session/da00cba7f6be97058866c9a437b9b435/execute/sync'
15:50:16.909 [AsyncHttpClient-1-17] DEBUG org.asynchttpclient.netty.handler.HttpHandler - 

Request DefaultHttpRequest(decodeResult: success, version: HTTP/1.1)
POST /session/da00cba7f6be97058866c9a437b9b435/execute/sync HTTP/1.1
User-Agent: selenium/4.1.2 (java windows)
Content-Length: 48780
Content-Type: application/json; charset=utf-8
host: localhost:57865
accept: */*

Response DefaultHttpResponse(decodeResult: success, version: HTTP/1.1)
HTTP/1.1 200 OK
Content-Type: application/json; charset=utf-8
cache-control: no-cache
content-length: 14

15:50:16.909 [AsyncHttpClient-1-17] DEBUG org.asynchttpclient.netty.channel.ChannelManager - Adding key: http://localhost:57865 for channel [id: 0x8578f520, L:/127.0.0.1:53327 - R:localhost/127.0.0.1:57865]
  &amp#27;[32mThen &amp#27;[0m&amp#27;[32mi get my &amp#27;[0m&amp#27;[32m&amp#27;[1m"invalid email or password"&amp#27;[0m&amp#27;[32m after login&amp#27;[0m   &amp#27;[90m# starter.stepdefinition.loginStep.iGetMyAfterLogin(java.lang.String)&amp#27;[0m
15:50:16.914 [Forwarding screenshot on session da00cba7f6be97058866c9a437b9b435 to remote] DEBUG org.asynchttpclient.netty.request.NettyRequestSender - Using pooled Channel '[id: 0x8578f520, L:/127.0.0.1:53327 - R:localhost/127.0.0.1:57865]' for 'GET' to 'http://localhost:57865/session/da00cba7f6be97058866c9a437b9b435/screenshot'
15:50:16.914 [Forwarding screenshot on session da00cba7f6be97058866c9a437b9b435 to remote] DEBUG org.asynchttpclient.netty.request.NettyRequestSender - Using open Channel [id: 0x8578f520, L:/127.0.0.1:53327 - R:localhost/127.0.0.1:57865] for GET '/session/da00cba7f6be97058866c9a437b9b435/screenshot'
15:50:17.070 [AsyncHttpClient-1-17] DEBUG org.asynchttpclient.netty.handler.HttpHandler - 

Request DefaultFullHttpRequest(decodeResult: success, version: HTTP/1.1, content: EmptyByteBufBE)
GET /session/da00cba7f6be97058866c9a437b9b435/screenshot HTTP/1.1
User-Agent: selenium/4.1.2 (java windows)
Cache-Control: no-cache
Content-Type: application/json; charset=utf-8
host: localhost:57865
accept: */*

Response DefaultHttpResponse(decodeResult: success, version: HTTP/1.1)
HTTP/1.1 200 OK
Content-Type: application/json; charset=utf-8
cache-control: no-cache
content-length: 95104

15:50:17.070 [AsyncHttpClient-1-17] DEBUG org.asynchttpclient.netty.channel.ChannelManager - Adding key: http://localhost:57865 for channel [id: 0x8578f520, L:/127.0.0.1:53327 - R:localhost/127.0.0.1:57865]
15:50:17.073 [main] DEBUG net.serenitybdd.core.photography.Darkroom - Send negative for processing for target\site\serenity\b5685de3684219be51480f427622e0d77a11ccb30df36088cf780db31ff1ac8d.png
15:50:17.077 [AsyncHttpClient-1-1] DEBUG org.asynchttpclient.netty.channel.DefaultChannelPool - Entry count for : http://localhost:57865 : 1
15:50:17.077 [AsyncHttpClient-1-1] DEBUG org.asynchttpclient.netty.channel.DefaultChannelPool - Entry count for : http://localhost:53328 : 1
15:50:17.077 [AsyncHttpClient-1-3] DEBUG org.asynchttpclient.netty.handler.WebSocketHandler - Channel Closed: [id: 0x7c2d67a2, L:/127.0.0.1:53335 ! R:localhost/127.0.0.1:53328] with attribute NettyResponseFuture{currentRetry=5,
	isDone=1,
	isCancelled=0,
	asyncHandler=org.asynchttpclient.ws.WebSocketUpgradeHandler@5c32e4fb,
	nettyRequest=org.asynchttpclient.netty.request.NettyRequest@68b22017,
	future=java.util.concurrent.CompletableFuture@527eb957[Completed normally],
	uri=ws://localhost:53328/devtools/browser/49ba322b-b154-4584-8465-ec5710b663ed,
	keepAlive=true,
	redirectCount=0,
	timeoutsHolder=null,
	inAuth=0,
	touch=1655283007756}
15:50:17.077 [AsyncHttpClient-1-3] DEBUG org.asynchttpclient.netty.channel.ChannelManager - Closing Channel [id: 0x7c2d67a2, L:/127.0.0.1:53335 ! R:localhost/127.0.0.1:53328] 
15:50:17.077 [Driver Command Executor] DEBUG org.asynchttpclient.netty.request.NettyRequestSender - Using pooled Channel '[id: 0x8578f520, L:/127.0.0.1:53327 - R:localhost/127.0.0.1:57865]' for 'DELETE' to 'http://localhost:57865/session/da00cba7f6be97058866c9a437b9b435'
15:50:17.077 [Driver Command Executor] DEBUG org.asynchttpclient.netty.request.NettyRequestSender - Using open Channel [id: 0x8578f520, L:/127.0.0.1:53327 - R:localhost/127.0.0.1:57865] for DELETE '/session/da00cba7f6be97058866c9a437b9b435'
15:50:17.132 [AsyncHttpClient-1-2] DEBUG org.asynchttpclient.netty.handler.HttpHandler - Unexpected I/O exception on channel [id: 0xeaf47f57, L:/127.0.0.1:53334 - R:localhost/127.0.0.1:53328]
java.net.SocketException: Connection reset
	at java.base/sun.nio.ch.SocketChannelImpl.throwConnectionReset(SocketChannelImpl.java:367)
	at java.base/sun.nio.ch.SocketChannelImpl.read(SocketChannelImpl.java:398)
	at io.netty.buffer.PooledByteBuf.setBytes(PooledByteBuf.java:258)
	at io.netty.buffer.AbstractByteBuf.writeBytes(AbstractByteBuf.java:1132)
	at io.netty.channel.socket.nio.NioSocketChannel.doReadBytes(NioSocketChannel.java:350)
	at io.netty.channel.nio.AbstractNioByteChannel$NioByteUnsafe.read(AbstractNioByteChannel.java:151)
	at io.netty.channel.nio.NioEventLoop.processSelectedKey(NioEventLoop.java:722)
	at io.netty.channel.nio.NioEventLoop.processSelectedKeysOptimized(NioEventLoop.java:658)
	at io.netty.channel.nio.NioEventLoop.processSelectedKeys(NioEventLoop.java:584)
	at io.netty.channel.nio.NioEventLoop.run(NioEventLoop.java:496)
	at io.netty.util.concurrent.SingleThreadEventExecutor$4.run(SingleThreadEventExecutor.java:986)
	at io.netty.util.internal.ThreadExecutorMap$2.run(ThreadExecutorMap.java:74)
	at io.netty.util.concurrent.FastThreadLocalRunnable.run(FastThreadLocalRunnable.java:30)
	at java.base/java.lang.Thread.run(Thread.java:832)
15:50:17.132 [AsyncHttpClient-1-2] DEBUG org.asynchttpclient.netty.channel.ChannelManager - Closing Channel [id: 0xeaf47f57, L:/127.0.0.1:53334 - R:localhost/127.0.0.1:53328] 
15:50:17.132 [AsyncHttpClient-1-2] DEBUG org.asynchttpclient.netty.handler.HttpHandler - Channel Closed: [id: 0xeaf47f57, L:/127.0.0.1:53334 ! R:localhost/127.0.0.1:53328] with attribute DISCARD
15:50:17.148 [AsyncHttpClient-1-17] DEBUG org.asynchttpclient.netty.handler.HttpHandler - 

Request DefaultFullHttpRequest(decodeResult: success, version: HTTP/1.1, content: EmptyByteBufBE)
DELETE /session/da00cba7f6be97058866c9a437b9b435 HTTP/1.1
User-Agent: selenium/4.1.2 (java windows)
Content-Type: application/json; charset=utf-8
host: localhost:57865
accept: */*

Response DefaultHttpResponse(decodeResult: success, version: HTTP/1.1)
HTTP/1.1 200 OK
Content-Type: application/json; charset=utf-8
cache-control: no-cache
content-length: 14

15:50:17.148 [AsyncHttpClient-1-17] DEBUG org.asynchttpclient.netty.channel.ChannelManager - Adding key: http://localhost:57865 for channel [id: 0x8578f520, L:/127.0.0.1:53327 - R:localhost/127.0.0.1:57865]
15:50:17.244 [AsyncHttpClient-1-17] DEBUG org.asynchttpclient.netty.handler.HttpHandler - Channel Closed: [id: 0x8578f520, L:/127.0.0.1:53327 ! R:localhost/127.0.0.1:57865] with attribute DISCARD
]]></system-out>
    <system-err><![CDATA[Starting ChromeDriver 102.0.5005.61 (0e59bcc00cc4985ce39ad31c150065f159d95ad3-refs/branch-heads/5005@{#819}) on port 57865
Only local connections are allowed.
Please see https://chromedriver.chromium.org/security-considerations for suggestions on keeping ChromeDriver safe.
ChromeDriver was started successfully.
Jun 15, 2022 3:50:07 PM org.openqa.selenium.remote.ProtocolHandshake createSession
INFO: Detected dialect: W3C
Jun 15, 2022 3:50:07 PM org.openqa.selenium.devtools.CdpVersionFinder findNearestMatch
WARNING: Unable to find an exact match for CDP version 102, so returning the closest version found: a no-op implementation
Jun 15, 2022 3:50:07 PM org.openqa.selenium.devtools.CdpVersionFinder findNearestMatch
INFO: Unable to find CDP implementation matching 102.
Jun 15, 2022 3:50:07 PM org.openqa.selenium.chromium.ChromiumDriver lambda$new$3
WARNING: Unable to find version of CDP to use for . You may need to include a dependency on a specific version of the CDP using something similar to `org.seleniumhq.selenium:selenium-devtools-v86:4.1.2` where the version ("v86") matches the version of the chromium-based browser you're using and the version number of the artifact is the same as Selenium's.
]]></system-err>
  </testcase>
  <testcase name="Login scenario #7" classname="Login" time="19.437">
    <system-out><![CDATA[
@login
Scenario Outline: Login scenario                             &amp#27;[90m# src/test/resources/features/login.feature:25&amp#27;[0m
15:50:17.770 [main] INFO io.cucumber.core.plugin.SerenityReporter - Running feature from file:///D:/PERKULIAHAN/Semester%206,Hebatt%20glad!/QE-FGD/Web/src/test/resources/features/login.feature
15:50:17.770 [main] INFO net.serenitybdd.core.webdriver.driverproviders.ChromeDriverProvider - Using automatically driver download
15:50:17.895 [main] DEBUG io.github.bonigarcia.wdm.cache.ResolutionCache - Resolution chrome=102 in cache (valid until 16:30:12 15/06/2022 WIB)
15:50:17.895 [main] DEBUG io.github.bonigarcia.wdm.cache.ResolutionCache - Resolution chrome102=102.0.5005.61 in cache (valid until 14:29:55 16/06/2022 WIB)
15:50:17.895 [main] INFO io.github.bonigarcia.wdm.WebDriverManager - Using chromedriver 102.0.5005.61 (resolved driver for Chrome 102)
15:50:17.911 [main] DEBUG io.github.bonigarcia.wdm.WebDriverManager - Driver chromedriver 102.0.5005.61 found in cache
15:50:17.911 [main] INFO io.github.bonigarcia.wdm.WebDriverManager - Exporting webdriver.chrome.driver as C:\Users\ASUS\.cache\selenium\chromedriver\win32\102.0.5005.61\chromedriver.exe
15:50:18.024 [main] DEBUG net.serenitybdd.core.webdriver.driverproviders.ProvideNewDriver - Instantiating driver
15:50:18.024 [main] DEBUG net.serenitybdd.core.webdriver.driverproviders.ProvideNewDriver - Driver capabilities: Capabilities {acceptInsecureCerts: false, base.url: , browserName: chrome, goog:chromeOptions: {args: [], extensions: []}}
15:50:18.177 [AsyncHttpClient-1-1] DEBUG org.asynchttpclient.netty.channel.DefaultChannelPool - Entry count for : http://localhost:57865 : 1
15:50:18.177 [AsyncHttpClient-1-1] DEBUG org.asynchttpclient.netty.channel.DefaultChannelPool - Entry count for : http://localhost:53328 : 1
15:50:18.177 [AsyncHttpClient-1-1] DEBUG org.asynchttpclient.netty.channel.DefaultChannelPool - Adding Candidate expired Channel [id: 0x8578f520, L:/127.0.0.1:53327 ! R:localhost/127.0.0.1:57865] isIdleTimeoutExpired=false isRemotelyClosed=true isTtlExpired=false
15:50:18.177 [AsyncHttpClient-1-1] DEBUG org.asynchttpclient.netty.channel.DefaultChannelPool - Closing Idle Channel [id: 0x8578f520, L:/127.0.0.1:53327 ! R:localhost/127.0.0.1:57865]
15:50:18.177 [AsyncHttpClient-1-1] DEBUG org.asynchttpclient.netty.channel.DefaultChannelPool - Adding Candidate expired Channel [id: 0xeaf47f57, L:/127.0.0.1:53334 ! R:localhost/127.0.0.1:53328] isIdleTimeoutExpired=false isRemotelyClosed=true isTtlExpired=false
15:50:18.177 [AsyncHttpClient-1-1] DEBUG org.asynchttpclient.netty.channel.DefaultChannelPool - Closing Idle Channel [id: 0xeaf47f57, L:/127.0.0.1:53334 ! R:localhost/127.0.0.1:53328]
15:50:18.177 [AsyncHttpClient-1-1] DEBUG org.asynchttpclient.netty.channel.DefaultChannelPool - Closed 2 connections out of 2 in 0 ms
15:50:18.564 [AsyncHttpClient-1-4] DEBUG org.asynchttpclient.netty.channel.NettyConnectListener - Using new Channel '[id: 0x0dc2294f, L:/127.0.0.1:53354 - R:localhost/127.0.0.1:56880]' for 'POST' to '/session'
15:50:19.806 [AsyncHttpClient-1-4] DEBUG org.asynchttpclient.netty.handler.HttpHandler - 

Request DefaultHttpRequest(decodeResult: success, version: HTTP/1.1)
POST /session HTTP/1.1
User-Agent: selenium/4.1.2 (java windows)
Content-Length: 457
Content-Type: application/json; charset=utf-8
host: localhost:56880
accept: */*

Response DefaultHttpResponse(decodeResult: success, version: HTTP/1.1)
HTTP/1.1 200 OK
Content-Type: application/json; charset=utf-8
cache-control: no-cache
content-length: 789

15:50:19.806 [AsyncHttpClient-1-4] DEBUG org.asynchttpclient.netty.channel.ChannelManager - Adding key: http://localhost:56880 for channel [id: 0x0dc2294f, L:/127.0.0.1:53354 - R:localhost/127.0.0.1:56880]
15:50:19.826 [AsyncHttpClient-1-5] DEBUG org.asynchttpclient.netty.channel.NettyConnectListener - Using new Channel '[id: 0x1739e71f, L:/127.0.0.1:53361 - R:localhost/127.0.0.1:53355]' for 'GET' to '/json/version'
15:50:19.828 [AsyncHttpClient-1-5] DEBUG org.asynchttpclient.netty.handler.HttpHandler - 

Request DefaultFullHttpRequest(decodeResult: success, version: HTTP/1.1, content: EmptyByteBufBE)
GET /json/version HTTP/1.1
User-Agent: selenium/4.1.2 (java windows)
host: localhost:53355
accept: */*

Response DefaultHttpResponse(decodeResult: success, version: HTTP/1.1)
HTTP/1.1 200 OK
Content-Type: application/json; charset=UTF-8
content-length: 428

15:50:19.828 [AsyncHttpClient-1-5] DEBUG org.asynchttpclient.netty.channel.ChannelManager - Adding key: http://localhost:53355 for channel [id: 0x1739e71f, L:/127.0.0.1:53361 - R:localhost/127.0.0.1:53355]
15:50:19.832 [AsyncHttpClient-1-6] DEBUG org.asynchttpclient.netty.channel.NettyConnectListener - Using new Channel '[id: 0x3f15bae8, L:/127.0.0.1:53362 - R:localhost/127.0.0.1:53355]' for 'GET' to '/devtools/browser/0f998eb4-b4f8-4a89-b61f-df0a814e7b76'
15:50:19.833 [AsyncHttpClient-1-6] DEBUG org.asynchttpclient.netty.handler.WebSocketHandler - 

Request DefaultFullHttpRequest(decodeResult: success, version: HTTP/1.1, content: EmptyByteBufBE)
GET /devtools/browser/0f998eb4-b4f8-4a89-b61f-df0a814e7b76 HTTP/1.1
upgrade: websocket
connection: upgrade
sec-websocket-key: nMRhoveJYoBI8uyZLfLXMQ==
sec-websocket-version: 13
origin: http://localhost:53355
host: localhost:53355
accept: */*
user-agent: AHC/2.1

Response DefaultHttpResponse(decodeResult: success, version: HTTP/1.1)
HTTP/1.1 101 WebSocket Protocol Handshake
Upgrade: WebSocket
Connection: Upgrade
Sec-WebSocket-Accept: O/6kGLl1gaJS61omG91/3A21kr0=

15:50:19.840 [Forwarding get on session 4cd6a8860dccd862faa9ad674461b7f7 to remote] DEBUG org.asynchttpclient.netty.request.NettyRequestSender - Using pooled Channel '[id: 0x0dc2294f, L:/127.0.0.1:53354 - R:localhost/127.0.0.1:56880]' for 'POST' to 'http://localhost:56880/session/4cd6a8860dccd862faa9ad674461b7f7/url'
15:50:19.840 [Forwarding get on session 4cd6a8860dccd862faa9ad674461b7f7 to remote] DEBUG org.asynchttpclient.netty.request.NettyRequestSender - Using open Channel [id: 0x0dc2294f, L:/127.0.0.1:53354 - R:localhost/127.0.0.1:56880] for POST '/session/4cd6a8860dccd862faa9ad674461b7f7/url'
15:50:20.379 [AsyncHttpClient-1-1] DEBUG org.asynchttpclient.netty.channel.DefaultChannelPool - Entry count for : http://localhost:53355 : 1
15:50:21.478 [AsyncHttpClient-1-1] DEBUG org.asynchttpclient.netty.channel.DefaultChannelPool - Entry count for : http://localhost:53355 : 1
15:50:22.579 [AsyncHttpClient-1-1] DEBUG org.asynchttpclient.netty.channel.DefaultChannelPool - Entry count for : http://localhost:53355 : 1
15:50:23.677 [AsyncHttpClient-1-1] DEBUG org.asynchttpclient.netty.channel.DefaultChannelPool - Entry count for : http://localhost:53355 : 1
15:50:24.777 [AsyncHttpClient-1-1] DEBUG org.asynchttpclient.netty.channel.DefaultChannelPool - Entry count for : http://localhost:53355 : 1
15:50:25.880 [AsyncHttpClient-1-1] DEBUG org.asynchttpclient.netty.channel.DefaultChannelPool - Entry count for : http://localhost:53355 : 1
15:50:26.984 [AsyncHttpClient-1-1] DEBUG org.asynchttpclient.netty.channel.DefaultChannelPool - Entry count for : http://localhost:53355 : 1
15:50:28.077 [AsyncHttpClient-1-1] DEBUG org.asynchttpclient.netty.channel.DefaultChannelPool - Entry count for : http://localhost:53355 : 1
15:50:29.178 [AsyncHttpClient-1-1] DEBUG org.asynchttpclient.netty.channel.DefaultChannelPool - Entry count for : http://localhost:53355 : 1
15:50:30.285 [AsyncHttpClient-1-1] DEBUG org.asynchttpclient.netty.channel.DefaultChannelPool - Entry count for : http://localhost:53355 : 1
15:50:31.378 [AsyncHttpClient-1-1] DEBUG org.asynchttpclient.netty.channel.DefaultChannelPool - Entry count for : http://localhost:53355 : 1
15:50:32.479 [AsyncHttpClient-1-1] DEBUG org.asynchttpclient.netty.channel.DefaultChannelPool - Entry count for : http://localhost:53355 : 1
15:50:33.393 [AsyncHttpClient-1-4] DEBUG org.asynchttpclient.netty.handler.HttpHandler - 

Request DefaultHttpRequest(decodeResult: success, version: HTTP/1.1)
POST /session/4cd6a8860dccd862faa9ad674461b7f7/url HTTP/1.1
User-Agent: selenium/4.1.2 (java windows)
Content-Length: 53
Content-Type: application/json; charset=utf-8
host: localhost:56880
accept: */*

Response DefaultHttpResponse(decodeResult: success, version: HTTP/1.1)
HTTP/1.1 200 OK
Content-Type: application/json; charset=utf-8
cache-control: no-cache
content-length: 14

15:50:33.393 [AsyncHttpClient-1-4] DEBUG org.asynchttpclient.netty.channel.ChannelManager - Adding key: http://localhost:56880 for channel [id: 0x0dc2294f, L:/127.0.0.1:53354 - R:localhost/127.0.0.1:56880]
15:50:33.394 [Forwarding setTimeout on session 4cd6a8860dccd862faa9ad674461b7f7 to remote] DEBUG org.asynchttpclient.netty.request.NettyRequestSender - Using pooled Channel '[id: 0x0dc2294f, L:/127.0.0.1:53354 - R:localhost/127.0.0.1:56880]' for 'POST' to 'http://localhost:56880/session/4cd6a8860dccd862faa9ad674461b7f7/timeouts'
15:50:33.394 [Forwarding setTimeout on session 4cd6a8860dccd862faa9ad674461b7f7 to remote] DEBUG org.asynchttpclient.netty.request.NettyRequestSender - Using open Channel [id: 0x0dc2294f, L:/127.0.0.1:53354 - R:localhost/127.0.0.1:56880] for POST '/session/4cd6a8860dccd862faa9ad674461b7f7/timeouts'
15:50:33.395 [AsyncHttpClient-1-4] DEBUG org.asynchttpclient.netty.handler.HttpHandler - 

Request DefaultHttpRequest(decodeResult: success, version: HTTP/1.1)
POST /session/4cd6a8860dccd862faa9ad674461b7f7/timeouts HTTP/1.1
User-Agent: selenium/4.1.2 (java windows)
Content-Length: 22
Content-Type: application/json; charset=utf-8
host: localhost:56880
accept: */*

Response DefaultHttpResponse(decodeResult: success, version: HTTP/1.1)
HTTP/1.1 200 OK
Content-Type: application/json; charset=utf-8
cache-control: no-cache
content-length: 14

15:50:33.395 [AsyncHttpClient-1-4] DEBUG org.asynchttpclient.netty.channel.ChannelManager - Adding key: http://localhost:56880 for channel [id: 0x0dc2294f, L:/127.0.0.1:53354 - R:localhost/127.0.0.1:56880]
15:50:33.397 [Forwarding getCurrentUrl on session 4cd6a8860dccd862faa9ad674461b7f7 to remote] DEBUG org.asynchttpclient.netty.request.NettyRequestSender - Using pooled Channel '[id: 0x0dc2294f, L:/127.0.0.1:53354 - R:localhost/127.0.0.1:56880]' for 'GET' to 'http://localhost:56880/session/4cd6a8860dccd862faa9ad674461b7f7/url'
15:50:33.397 [Forwarding getCurrentUrl on session 4cd6a8860dccd862faa9ad674461b7f7 to remote] DEBUG org.asynchttpclient.netty.request.NettyRequestSender - Using open Channel [id: 0x0dc2294f, L:/127.0.0.1:53354 - R:localhost/127.0.0.1:56880] for GET '/session/4cd6a8860dccd862faa9ad674461b7f7/url'
15:50:33.441 [AsyncHttpClient-1-4] DEBUG org.asynchttpclient.netty.handler.HttpHandler - 

Request DefaultFullHttpRequest(decodeResult: success, version: HTTP/1.1, content: EmptyByteBufBE)
GET /session/4cd6a8860dccd862faa9ad674461b7f7/url HTTP/1.1
User-Agent: selenium/4.1.2 (java windows)
Cache-Control: no-cache
Content-Type: application/json; charset=utf-8
host: localhost:56880
accept: */*

Response DefaultHttpResponse(decodeResult: success, version: HTTP/1.1)
HTTP/1.1 200 OK
Content-Type: application/json; charset=utf-8
cache-control: no-cache
content-length: 35

15:50:33.441 [AsyncHttpClient-1-4] DEBUG org.asynchttpclient.netty.channel.ChannelManager - Adding key: http://localhost:56880 for channel [id: 0x0dc2294f, L:/127.0.0.1:53354 - R:localhost/127.0.0.1:56880]
  &amp#27;[32mGiven &amp#27;[0m&amp#27;[32mi have registered&amp#27;[0m                                    &amp#27;[90m# starter.stepdefinition.loginStep.iHaveRegistered()&amp#27;[0m
15:50:33.441 [Forwarding screenshot on session 4cd6a8860dccd862faa9ad674461b7f7 to remote] DEBUG org.asynchttpclient.netty.request.NettyRequestSender - Using pooled Channel '[id: 0x0dc2294f, L:/127.0.0.1:53354 - R:localhost/127.0.0.1:56880]' for 'GET' to 'http://localhost:56880/session/4cd6a8860dccd862faa9ad674461b7f7/screenshot'
15:50:33.441 [Forwarding screenshot on session 4cd6a8860dccd862faa9ad674461b7f7 to remote] DEBUG org.asynchttpclient.netty.request.NettyRequestSender - Using open Channel [id: 0x0dc2294f, L:/127.0.0.1:53354 - R:localhost/127.0.0.1:56880] for GET '/session/4cd6a8860dccd862faa9ad674461b7f7/screenshot'
15:50:33.575 [AsyncHttpClient-1-1] DEBUG org.asynchttpclient.netty.channel.DefaultChannelPool - Entry count for : http://localhost:53355 : 1
15:50:33.718 [AsyncHttpClient-1-4] DEBUG org.asynchttpclient.netty.handler.HttpHandler - 

Request DefaultFullHttpRequest(decodeResult: success, version: HTTP/1.1, content: EmptyByteBufBE)
GET /session/4cd6a8860dccd862faa9ad674461b7f7/screenshot HTTP/1.1
User-Agent: selenium/4.1.2 (java windows)
Cache-Control: no-cache
Content-Type: application/json; charset=utf-8
host: localhost:56880
accept: */*

Response DefaultHttpResponse(decodeResult: success, version: HTTP/1.1)
HTTP/1.1 200 OK
Content-Type: application/json; charset=utf-8
cache-control: no-cache
content-length: 344292

15:50:33.720 [AsyncHttpClient-1-4] DEBUG org.asynchttpclient.netty.channel.ChannelManager - Adding key: http://localhost:56880 for channel [id: 0x0dc2294f, L:/127.0.0.1:53354 - R:localhost/127.0.0.1:56880]
15:50:33.729 [main] DEBUG net.serenitybdd.core.photography.Darkroom - Send negative for processing for target\site\serenity\923bee840879811ac6082d8b3bd0e9d9c5cb93a24c165f29e28bc0a19288a5b7.png
15:50:33.739 [Forwarding findElement on session 4cd6a8860dccd862faa9ad674461b7f7 to remote] DEBUG org.asynchttpclient.netty.request.NettyRequestSender - Using pooled Channel '[id: 0x0dc2294f, L:/127.0.0.1:53354 - R:localhost/127.0.0.1:56880]' for 'POST' to 'http://localhost:56880/session/4cd6a8860dccd862faa9ad674461b7f7/element'
15:50:33.739 [Forwarding findElement on session 4cd6a8860dccd862faa9ad674461b7f7 to remote] DEBUG org.asynchttpclient.netty.request.NettyRequestSender - Using open Channel [id: 0x0dc2294f, L:/127.0.0.1:53354 - R:localhost/127.0.0.1:56880] for POST '/session/4cd6a8860dccd862faa9ad674461b7f7/element'
15:50:33.775 [AsyncHttpClient-1-4] DEBUG org.asynchttpclient.netty.handler.HttpHandler - 

Request DefaultHttpRequest(decodeResult: success, version: HTTP/1.1)
POST /session/4cd6a8860dccd862faa9ad674461b7f7/element HTTP/1.1
User-Agent: selenium/4.1.2 (java windows)
Content-Length: 55
Content-Type: application/json; charset=utf-8
host: localhost:56880
accept: */*

Response DefaultHttpResponse(decodeResult: success, version: HTTP/1.1)
HTTP/1.1 200 OK
Content-Type: application/json; charset=utf-8
cache-control: no-cache
content-length: 88

15:50:33.775 [AsyncHttpClient-1-4] DEBUG org.asynchttpclient.netty.channel.ChannelManager - Adding key: http://localhost:56880 for channel [id: 0x0dc2294f, L:/127.0.0.1:53354 - R:localhost/127.0.0.1:56880]
15:50:33.780 [Forwarding isElementDisplayed on session 4cd6a8860dccd862faa9ad674461b7f7 to remote] DEBUG org.asynchttpclient.netty.request.NettyRequestSender - Using pooled Channel '[id: 0x0dc2294f, L:/127.0.0.1:53354 - R:localhost/127.0.0.1:56880]' for 'POST' to 'http://localhost:56880/session/4cd6a8860dccd862faa9ad674461b7f7/execute/sync'
15:50:33.780 [Forwarding isElementDisplayed on session 4cd6a8860dccd862faa9ad674461b7f7 to remote] DEBUG org.asynchttpclient.netty.request.NettyRequestSender - Using open Channel [id: 0x0dc2294f, L:/127.0.0.1:53354 - R:localhost/127.0.0.1:56880] for POST '/session/4cd6a8860dccd862faa9ad674461b7f7/execute/sync'
15:50:33.828 [AsyncHttpClient-1-4] DEBUG org.asynchttpclient.netty.handler.HttpHandler - 

Request DefaultHttpRequest(decodeResult: success, version: HTTP/1.1)
POST /session/4cd6a8860dccd862faa9ad674461b7f7/execute/sync HTTP/1.1
User-Agent: selenium/4.1.2 (java windows)
Content-Length: 48780
Content-Type: application/json; charset=utf-8
host: localhost:56880
accept: */*

Response DefaultHttpResponse(decodeResult: success, version: HTTP/1.1)
HTTP/1.1 200 OK
Content-Type: application/json; charset=utf-8
cache-control: no-cache
content-length: 14

15:50:33.829 [AsyncHttpClient-1-4] DEBUG org.asynchttpclient.netty.channel.ChannelManager - Adding key: http://localhost:56880 for channel [id: 0x0dc2294f, L:/127.0.0.1:53354 - R:localhost/127.0.0.1:56880]
15:50:33.832 [Forwarding findElement on session 4cd6a8860dccd862faa9ad674461b7f7 to remote] DEBUG org.asynchttpclient.netty.request.NettyRequestSender - Using pooled Channel '[id: 0x0dc2294f, L:/127.0.0.1:53354 - R:localhost/127.0.0.1:56880]' for 'POST' to 'http://localhost:56880/session/4cd6a8860dccd862faa9ad674461b7f7/element'
15:50:33.832 [Forwarding findElement on session 4cd6a8860dccd862faa9ad674461b7f7 to remote] DEBUG org.asynchttpclient.netty.request.NettyRequestSender - Using open Channel [id: 0x0dc2294f, L:/127.0.0.1:53354 - R:localhost/127.0.0.1:56880] for POST '/session/4cd6a8860dccd862faa9ad674461b7f7/element'
15:50:33.876 [AsyncHttpClient-1-4] DEBUG org.asynchttpclient.netty.handler.HttpHandler - 

Request DefaultHttpRequest(decodeResult: success, version: HTTP/1.1)
POST /session/4cd6a8860dccd862faa9ad674461b7f7/element HTTP/1.1
User-Agent: selenium/4.1.2 (java windows)
Content-Length: 72
Content-Type: application/json; charset=utf-8
host: localhost:56880
accept: */*

Response DefaultHttpResponse(decodeResult: success, version: HTTP/1.1)
HTTP/1.1 200 OK
Content-Type: application/json; charset=utf-8
cache-control: no-cache
content-length: 88

15:50:33.876 [AsyncHttpClient-1-4] DEBUG org.asynchttpclient.netty.channel.ChannelManager - Adding key: http://localhost:56880 for channel [id: 0x0dc2294f, L:/127.0.0.1:53354 - R:localhost/127.0.0.1:56880]
15:50:33.878 [Forwarding getElementTagName on session 4cd6a8860dccd862faa9ad674461b7f7 to remote] DEBUG org.asynchttpclient.netty.request.NettyRequestSender - Using pooled Channel '[id: 0x0dc2294f, L:/127.0.0.1:53354 - R:localhost/127.0.0.1:56880]' for 'GET' to 'http://localhost:56880/session/4cd6a8860dccd862faa9ad674461b7f7/element/7f082e7c-ceb9-465c-bb49-3ad30feca1f0/name'
15:50:33.878 [Forwarding getElementTagName on session 4cd6a8860dccd862faa9ad674461b7f7 to remote] DEBUG org.asynchttpclient.netty.request.NettyRequestSender - Using open Channel [id: 0x0dc2294f, L:/127.0.0.1:53354 - R:localhost/127.0.0.1:56880] for GET '/session/4cd6a8860dccd862faa9ad674461b7f7/element/7f082e7c-ceb9-465c-bb49-3ad30feca1f0/name'
15:50:33.926 [AsyncHttpClient-1-4] DEBUG org.asynchttpclient.netty.handler.HttpHandler - 

Request DefaultFullHttpRequest(decodeResult: success, version: HTTP/1.1, content: EmptyByteBufBE)
GET /session/4cd6a8860dccd862faa9ad674461b7f7/element/7f082e7c-ceb9-465c-bb49-3ad30feca1f0/name HTTP/1.1
User-Agent: selenium/4.1.2 (java windows)
Cache-Control: no-cache
Content-Type: application/json; charset=utf-8
host: localhost:56880
accept: */*

Response DefaultHttpResponse(decodeResult: success, version: HTTP/1.1)
HTTP/1.1 200 OK
Content-Type: application/json; charset=utf-8
cache-control: no-cache
content-length: 13

15:50:33.926 [AsyncHttpClient-1-4] DEBUG org.asynchttpclient.netty.channel.ChannelManager - Adding key: http://localhost:56880 for channel [id: 0x0dc2294f, L:/127.0.0.1:53354 - R:localhost/127.0.0.1:56880]
15:50:33.928 [Forwarding getElementTagName on session 4cd6a8860dccd862faa9ad674461b7f7 to remote] DEBUG org.asynchttpclient.netty.request.NettyRequestSender - Using pooled Channel '[id: 0x0dc2294f, L:/127.0.0.1:53354 - R:localhost/127.0.0.1:56880]' for 'GET' to 'http://localhost:56880/session/4cd6a8860dccd862faa9ad674461b7f7/element/7f082e7c-ceb9-465c-bb49-3ad30feca1f0/name'
15:50:33.928 [Forwarding getElementTagName on session 4cd6a8860dccd862faa9ad674461b7f7 to remote] DEBUG org.asynchttpclient.netty.request.NettyRequestSender - Using open Channel [id: 0x0dc2294f, L:/127.0.0.1:53354 - R:localhost/127.0.0.1:56880] for GET '/session/4cd6a8860dccd862faa9ad674461b7f7/element/7f082e7c-ceb9-465c-bb49-3ad30feca1f0/name'
15:50:33.976 [AsyncHttpClient-1-4] DEBUG org.asynchttpclient.netty.handler.HttpHandler - 

Request DefaultFullHttpRequest(decodeResult: success, version: HTTP/1.1, content: EmptyByteBufBE)
GET /session/4cd6a8860dccd862faa9ad674461b7f7/element/7f082e7c-ceb9-465c-bb49-3ad30feca1f0/name HTTP/1.1
User-Agent: selenium/4.1.2 (java windows)
Cache-Control: no-cache
Content-Type: application/json; charset=utf-8
host: localhost:56880
accept: */*

Response DefaultHttpResponse(decodeResult: success, version: HTTP/1.1)
HTTP/1.1 200 OK
Content-Type: application/json; charset=utf-8
cache-control: no-cache
content-length: 13

15:50:33.976 [AsyncHttpClient-1-4] DEBUG org.asynchttpclient.netty.channel.ChannelManager - Adding key: http://localhost:56880 for channel [id: 0x0dc2294f, L:/127.0.0.1:53354 - R:localhost/127.0.0.1:56880]
15:50:33.979 [Forwarding findElement on session 4cd6a8860dccd862faa9ad674461b7f7 to remote] DEBUG org.asynchttpclient.netty.request.NettyRequestSender - Using pooled Channel '[id: 0x0dc2294f, L:/127.0.0.1:53354 - R:localhost/127.0.0.1:56880]' for 'POST' to 'http://localhost:56880/session/4cd6a8860dccd862faa9ad674461b7f7/element'
15:50:33.979 [Forwarding findElement on session 4cd6a8860dccd862faa9ad674461b7f7 to remote] DEBUG org.asynchttpclient.netty.request.NettyRequestSender - Using open Channel [id: 0x0dc2294f, L:/127.0.0.1:53354 - R:localhost/127.0.0.1:56880] for POST '/session/4cd6a8860dccd862faa9ad674461b7f7/element'
15:50:34.027 [AsyncHttpClient-1-4] DEBUG org.asynchttpclient.netty.handler.HttpHandler - 

Request DefaultHttpRequest(decodeResult: success, version: HTTP/1.1)
POST /session/4cd6a8860dccd862faa9ad674461b7f7/element HTTP/1.1
User-Agent: selenium/4.1.2 (java windows)
Content-Length: 72
Content-Type: application/json; charset=utf-8
host: localhost:56880
accept: */*

Response DefaultHttpResponse(decodeResult: success, version: HTTP/1.1)
HTTP/1.1 200 OK
Content-Type: application/json; charset=utf-8
cache-control: no-cache
content-length: 88

15:50:34.028 [AsyncHttpClient-1-4] DEBUG org.asynchttpclient.netty.channel.ChannelManager - Adding key: http://localhost:56880 for channel [id: 0x0dc2294f, L:/127.0.0.1:53354 - R:localhost/127.0.0.1:56880]
15:50:34.030 [Forwarding clickElement on session 4cd6a8860dccd862faa9ad674461b7f7 to remote] DEBUG org.asynchttpclient.netty.request.NettyRequestSender - Using pooled Channel '[id: 0x0dc2294f, L:/127.0.0.1:53354 - R:localhost/127.0.0.1:56880]' for 'POST' to 'http://localhost:56880/session/4cd6a8860dccd862faa9ad674461b7f7/element/7f082e7c-ceb9-465c-bb49-3ad30feca1f0/click'
15:50:34.030 [Forwarding clickElement on session 4cd6a8860dccd862faa9ad674461b7f7 to remote] DEBUG org.asynchttpclient.netty.request.NettyRequestSender - Using open Channel [id: 0x0dc2294f, L:/127.0.0.1:53354 - R:localhost/127.0.0.1:56880] for POST '/session/4cd6a8860dccd862faa9ad674461b7f7/element/7f082e7c-ceb9-465c-bb49-3ad30feca1f0/click'
15:50:34.193 [AsyncHttpClient-1-4] DEBUG org.asynchttpclient.netty.handler.HttpHandler - 

Request DefaultHttpRequest(decodeResult: success, version: HTTP/1.1)
POST /session/4cd6a8860dccd862faa9ad674461b7f7/element/7f082e7c-ceb9-465c-bb49-3ad30feca1f0/click HTTP/1.1
User-Agent: selenium/4.1.2 (java windows)
Content-Length: 50
Content-Type: application/json; charset=utf-8
host: localhost:56880
accept: */*

Response DefaultHttpResponse(decodeResult: success, version: HTTP/1.1)
HTTP/1.1 200 OK
Content-Type: application/json; charset=utf-8
cache-control: no-cache
content-length: 14

15:50:34.194 [AsyncHttpClient-1-4] DEBUG org.asynchttpclient.netty.channel.ChannelManager - Adding key: http://localhost:56880 for channel [id: 0x0dc2294f, L:/127.0.0.1:53354 - R:localhost/127.0.0.1:56880]
  &amp#27;[32mWhen &amp#27;[0m&amp#27;[32mi click get started&amp#27;[0m                                   &amp#27;[90m# starter.stepdefinition.registerStep.iClickGetStarted()&amp#27;[0m
15:50:34.200 [Forwarding screenshot on session 4cd6a8860dccd862faa9ad674461b7f7 to remote] DEBUG org.asynchttpclient.netty.request.NettyRequestSender - Using pooled Channel '[id: 0x0dc2294f, L:/127.0.0.1:53354 - R:localhost/127.0.0.1:56880]' for 'GET' to 'http://localhost:56880/session/4cd6a8860dccd862faa9ad674461b7f7/screenshot'
15:50:34.200 [Forwarding screenshot on session 4cd6a8860dccd862faa9ad674461b7f7 to remote] DEBUG org.asynchttpclient.netty.request.NettyRequestSender - Using open Channel [id: 0x0dc2294f, L:/127.0.0.1:53354 - R:localhost/127.0.0.1:56880] for GET '/session/4cd6a8860dccd862faa9ad674461b7f7/screenshot'
15:50:34.463 [AsyncHttpClient-1-4] DEBUG org.asynchttpclient.netty.handler.HttpHandler - 

Request DefaultFullHttpRequest(decodeResult: success, version: HTTP/1.1, content: EmptyByteBufBE)
GET /session/4cd6a8860dccd862faa9ad674461b7f7/screenshot HTTP/1.1
User-Agent: selenium/4.1.2 (java windows)
Cache-Control: no-cache
Content-Type: application/json; charset=utf-8
host: localhost:56880
accept: */*

Response DefaultHttpResponse(decodeResult: success, version: HTTP/1.1)
HTTP/1.1 200 OK
Content-Type: application/json; charset=utf-8
cache-control: no-cache
content-length: 75864

15:50:34.464 [AsyncHttpClient-1-4] DEBUG org.asynchttpclient.netty.channel.ChannelManager - Adding key: http://localhost:56880 for channel [id: 0x0dc2294f, L:/127.0.0.1:53354 - R:localhost/127.0.0.1:56880]
15:50:34.467 [main] DEBUG net.serenitybdd.core.photography.Darkroom - Send negative for processing for target\site\serenity\cf43eee91c9eb0cc4b36bc077806b704a023cd18e0e7918d3ac266e56881d4da.png
15:50:34.467 [Darkroom Processing Line] DEBUG net.serenitybdd.core.photography.DarkroomProcessingLine - Processing screenshot image in /var/screenshots/screenshot-3845753413516422277
15:50:34.467 [Darkroom Processing Line] DEBUG net.serenitybdd.core.photography.DarkroomProcessingLine - Saving screenshot to target\site\serenity\cf43eee91c9eb0cc4b36bc077806b704a023cd18e0e7918d3ac266e56881d4da.png
15:50:34.472 [Forwarding findElement on session 4cd6a8860dccd862faa9ad674461b7f7 to remote] DEBUG org.asynchttpclient.netty.request.NettyRequestSender - Using pooled Channel '[id: 0x0dc2294f, L:/127.0.0.1:53354 - R:localhost/127.0.0.1:56880]' for 'POST' to 'http://localhost:56880/session/4cd6a8860dccd862faa9ad674461b7f7/element'
15:50:34.472 [Forwarding findElement on session 4cd6a8860dccd862faa9ad674461b7f7 to remote] DEBUG org.asynchttpclient.netty.request.NettyRequestSender - Using open Channel [id: 0x0dc2294f, L:/127.0.0.1:53354 - R:localhost/127.0.0.1:56880] for POST '/session/4cd6a8860dccd862faa9ad674461b7f7/element'
15:50:34.486 [AsyncHttpClient-1-4] DEBUG org.asynchttpclient.netty.handler.HttpHandler - 

Request DefaultHttpRequest(decodeResult: success, version: HTTP/1.1)
POST /session/4cd6a8860dccd862faa9ad674461b7f7/element HTTP/1.1
User-Agent: selenium/4.1.2 (java windows)
Content-Length: 67
Content-Type: application/json; charset=utf-8
host: localhost:56880
accept: */*

Response DefaultHttpResponse(decodeResult: success, version: HTTP/1.1)
HTTP/1.1 200 OK
Content-Type: application/json; charset=utf-8
cache-control: no-cache
content-length: 88

15:50:34.486 [AsyncHttpClient-1-4] DEBUG org.asynchttpclient.netty.channel.ChannelManager - Adding key: http://localhost:56880 for channel [id: 0x0dc2294f, L:/127.0.0.1:53354 - R:localhost/127.0.0.1:56880]
15:50:34.488 [Forwarding clearElement on session 4cd6a8860dccd862faa9ad674461b7f7 to remote] DEBUG org.asynchttpclient.netty.request.NettyRequestSender - Using pooled Channel '[id: 0x0dc2294f, L:/127.0.0.1:53354 - R:localhost/127.0.0.1:56880]' for 'POST' to 'http://localhost:56880/session/4cd6a8860dccd862faa9ad674461b7f7/element/00ab5edc-2466-4dab-a4ff-0b0573771826/clear'
15:50:34.488 [Forwarding clearElement on session 4cd6a8860dccd862faa9ad674461b7f7 to remote] DEBUG org.asynchttpclient.netty.request.NettyRequestSender - Using open Channel [id: 0x0dc2294f, L:/127.0.0.1:53354 - R:localhost/127.0.0.1:56880] for POST '/session/4cd6a8860dccd862faa9ad674461b7f7/element/00ab5edc-2466-4dab-a4ff-0b0573771826/clear'
15:50:34.522 [AsyncHttpClient-1-4] DEBUG org.asynchttpclient.netty.handler.HttpHandler - 

Request DefaultHttpRequest(decodeResult: success, version: HTTP/1.1)
POST /session/4cd6a8860dccd862faa9ad674461b7f7/element/00ab5edc-2466-4dab-a4ff-0b0573771826/clear HTTP/1.1
User-Agent: selenium/4.1.2 (java windows)
Content-Length: 50
Content-Type: application/json; charset=utf-8
host: localhost:56880
accept: */*

Response DefaultHttpResponse(decodeResult: success, version: HTTP/1.1)
HTTP/1.1 200 OK
Content-Type: application/json; charset=utf-8
cache-control: no-cache
content-length: 14

15:50:34.522 [AsyncHttpClient-1-4] DEBUG org.asynchttpclient.netty.channel.ChannelManager - Adding key: http://localhost:56880 for channel [id: 0x0dc2294f, L:/127.0.0.1:53354 - R:localhost/127.0.0.1:56880]
15:50:34.523 [Forwarding sendKeysToElement on session 4cd6a8860dccd862faa9ad674461b7f7 to remote] DEBUG org.asynchttpclient.netty.request.NettyRequestSender - Using pooled Channel '[id: 0x0dc2294f, L:/127.0.0.1:53354 - R:localhost/127.0.0.1:56880]' for 'POST' to 'http://localhost:56880/session/4cd6a8860dccd862faa9ad674461b7f7/element/00ab5edc-2466-4dab-a4ff-0b0573771826/value'
15:50:34.523 [Forwarding sendKeysToElement on session 4cd6a8860dccd862faa9ad674461b7f7 to remote] DEBUG org.asynchttpclient.netty.request.NettyRequestSender - Using open Channel [id: 0x0dc2294f, L:/127.0.0.1:53354 - R:localhost/127.0.0.1:56880] for POST '/session/4cd6a8860dccd862faa9ad674461b7f7/element/00ab5edc-2466-4dab-a4ff-0b0573771826/value'
15:50:34.608 [AsyncHttpClient-1-4] DEBUG org.asynchttpclient.netty.handler.HttpHandler - 

Request DefaultHttpRequest(decodeResult: success, version: HTTP/1.1)
POST /session/4cd6a8860dccd862faa9ad674461b7f7/element/00ab5edc-2466-4dab-a4ff-0b0573771826/value HTTP/1.1
User-Agent: selenium/4.1.2 (java windows)
Content-Length: 261
Content-Type: application/json; charset=utf-8
host: localhost:56880
accept: */*

Response DefaultHttpResponse(decodeResult: success, version: HTTP/1.1)
HTTP/1.1 200 OK
Content-Type: application/json; charset=utf-8
cache-control: no-cache
content-length: 14

15:50:34.608 [AsyncHttpClient-1-4] DEBUG org.asynchttpclient.netty.channel.ChannelManager - Adding key: http://localhost:56880 for channel [id: 0x0dc2294f, L:/127.0.0.1:53354 - R:localhost/127.0.0.1:56880]
15:50:34.611 [Forwarding findElement on session 4cd6a8860dccd862faa9ad674461b7f7 to remote] DEBUG org.asynchttpclient.netty.request.NettyRequestSender - Using pooled Channel '[id: 0x0dc2294f, L:/127.0.0.1:53354 - R:localhost/127.0.0.1:56880]' for 'POST' to 'http://localhost:56880/session/4cd6a8860dccd862faa9ad674461b7f7/element'
15:50:34.611 [Forwarding findElement on session 4cd6a8860dccd862faa9ad674461b7f7 to remote] DEBUG org.asynchttpclient.netty.request.NettyRequestSender - Using open Channel [id: 0x0dc2294f, L:/127.0.0.1:53354 - R:localhost/127.0.0.1:56880] for POST '/session/4cd6a8860dccd862faa9ad674461b7f7/element'
15:50:34.622 [AsyncHttpClient-1-4] DEBUG org.asynchttpclient.netty.handler.HttpHandler - 

Request DefaultHttpRequest(decodeResult: success, version: HTTP/1.1)
POST /session/4cd6a8860dccd862faa9ad674461b7f7/element HTTP/1.1
User-Agent: selenium/4.1.2 (java windows)
Content-Length: 70
Content-Type: application/json; charset=utf-8
host: localhost:56880
accept: */*

Response DefaultHttpResponse(decodeResult: success, version: HTTP/1.1)
HTTP/1.1 200 OK
Content-Type: application/json; charset=utf-8
cache-control: no-cache
content-length: 88

15:50:34.623 [AsyncHttpClient-1-4] DEBUG org.asynchttpclient.netty.channel.ChannelManager - Adding key: http://localhost:56880 for channel [id: 0x0dc2294f, L:/127.0.0.1:53354 - R:localhost/127.0.0.1:56880]
15:50:34.625 [Forwarding clearElement on session 4cd6a8860dccd862faa9ad674461b7f7 to remote] DEBUG org.asynchttpclient.netty.request.NettyRequestSender - Using pooled Channel '[id: 0x0dc2294f, L:/127.0.0.1:53354 - R:localhost/127.0.0.1:56880]' for 'POST' to 'http://localhost:56880/session/4cd6a8860dccd862faa9ad674461b7f7/element/c25e1054-4a56-4423-92cb-baea9ef38daa/clear'
15:50:34.625 [Forwarding clearElement on session 4cd6a8860dccd862faa9ad674461b7f7 to remote] DEBUG org.asynchttpclient.netty.request.NettyRequestSender - Using open Channel [id: 0x0dc2294f, L:/127.0.0.1:53354 - R:localhost/127.0.0.1:56880] for POST '/session/4cd6a8860dccd862faa9ad674461b7f7/element/c25e1054-4a56-4423-92cb-baea9ef38daa/clear'
15:50:34.663 [AsyncHttpClient-1-4] DEBUG org.asynchttpclient.netty.handler.HttpHandler - 

Request DefaultHttpRequest(decodeResult: success, version: HTTP/1.1)
POST /session/4cd6a8860dccd862faa9ad674461b7f7/element/c25e1054-4a56-4423-92cb-baea9ef38daa/clear HTTP/1.1
User-Agent: selenium/4.1.2 (java windows)
Content-Length: 50
Content-Type: application/json; charset=utf-8
host: localhost:56880
accept: */*

Response DefaultHttpResponse(decodeResult: success, version: HTTP/1.1)
HTTP/1.1 200 OK
Content-Type: application/json; charset=utf-8
cache-control: no-cache
content-length: 14

15:50:34.663 [AsyncHttpClient-1-4] DEBUG org.asynchttpclient.netty.channel.ChannelManager - Adding key: http://localhost:56880 for channel [id: 0x0dc2294f, L:/127.0.0.1:53354 - R:localhost/127.0.0.1:56880]
15:50:34.666 [Forwarding sendKeysToElement on session 4cd6a8860dccd862faa9ad674461b7f7 to remote] DEBUG org.asynchttpclient.netty.request.NettyRequestSender - Using pooled Channel '[id: 0x0dc2294f, L:/127.0.0.1:53354 - R:localhost/127.0.0.1:56880]' for 'POST' to 'http://localhost:56880/session/4cd6a8860dccd862faa9ad674461b7f7/element/c25e1054-4a56-4423-92cb-baea9ef38daa/value'
15:50:34.666 [Forwarding sendKeysToElement on session 4cd6a8860dccd862faa9ad674461b7f7 to remote] DEBUG org.asynchttpclient.netty.request.NettyRequestSender - Using open Channel [id: 0x0dc2294f, L:/127.0.0.1:53354 - R:localhost/127.0.0.1:56880] for POST '/session/4cd6a8860dccd862faa9ad674461b7f7/element/c25e1054-4a56-4423-92cb-baea9ef38daa/value'
15:50:34.681 [AsyncHttpClient-1-1] DEBUG org.asynchttpclient.netty.channel.DefaultChannelPool - Entry count for : http://localhost:53355 : 1
15:50:34.733 [AsyncHttpClient-1-4] DEBUG org.asynchttpclient.netty.handler.HttpHandler - 

Request DefaultHttpRequest(decodeResult: success, version: HTTP/1.1)
POST /session/4cd6a8860dccd862faa9ad674461b7f7/element/c25e1054-4a56-4423-92cb-baea9ef38daa/value HTTP/1.1
User-Agent: selenium/4.1.2 (java windows)
Content-Length: 171
Content-Type: application/json; charset=utf-8
host: localhost:56880
accept: */*

Response DefaultHttpResponse(decodeResult: success, version: HTTP/1.1)
HTTP/1.1 200 OK
Content-Type: application/json; charset=utf-8
cache-control: no-cache
content-length: 14

15:50:34.733 [AsyncHttpClient-1-4] DEBUG org.asynchttpclient.netty.channel.ChannelManager - Adding key: http://localhost:56880 for channel [id: 0x0dc2294f, L:/127.0.0.1:53354 - R:localhost/127.0.0.1:56880]
  &amp#27;[32mAnd &amp#27;[0m&amp#27;[32mi input &amp#27;[0m&amp#27;[32m&amp#27;[1m"korakora@gmail.com"&amp#27;[0m&amp#27;[32m and &amp#27;[0m&amp#27;[32m&amp#27;[1m"SonyaPrds"&amp#27;[0m&amp#27;[32m for login&amp#27;[0m &amp#27;[90m# starter.stepdefinition.loginStep.iInputAndForLogin(java.lang.String,java.lang.String)&amp#27;[0m
15:50:34.743 [Forwarding screenshot on session 4cd6a8860dccd862faa9ad674461b7f7 to remote] DEBUG org.asynchttpclient.netty.request.NettyRequestSender - Using pooled Channel '[id: 0x0dc2294f, L:/127.0.0.1:53354 - R:localhost/127.0.0.1:56880]' for 'GET' to 'http://localhost:56880/session/4cd6a8860dccd862faa9ad674461b7f7/screenshot'
15:50:34.743 [Forwarding screenshot on session 4cd6a8860dccd862faa9ad674461b7f7 to remote] DEBUG org.asynchttpclient.netty.request.NettyRequestSender - Using open Channel [id: 0x0dc2294f, L:/127.0.0.1:53354 - R:localhost/127.0.0.1:56880] for GET '/session/4cd6a8860dccd862faa9ad674461b7f7/screenshot'
15:50:34.959 [AsyncHttpClient-1-4] DEBUG org.asynchttpclient.netty.handler.HttpHandler - 

Request DefaultFullHttpRequest(decodeResult: success, version: HTTP/1.1, content: EmptyByteBufBE)
GET /session/4cd6a8860dccd862faa9ad674461b7f7/screenshot HTTP/1.1
User-Agent: selenium/4.1.2 (java windows)
Cache-Control: no-cache
Content-Type: application/json; charset=utf-8
host: localhost:56880
accept: */*

Response DefaultHttpResponse(decodeResult: success, version: HTTP/1.1)
HTTP/1.1 200 OK
Content-Type: application/json; charset=utf-8
cache-control: no-cache
content-length: 158208

15:50:34.960 [AsyncHttpClient-1-4] DEBUG org.asynchttpclient.netty.channel.ChannelManager - Adding key: http://localhost:56880 for channel [id: 0x0dc2294f, L:/127.0.0.1:53354 - R:localhost/127.0.0.1:56880]
15:50:34.965 [main] DEBUG net.serenitybdd.core.photography.Darkroom - Send negative for processing for target\site\serenity\413da4016a2fe52c43d7dbb09cf9045dd067231bc4f3328efacca4b0ddd7d4a4.png
15:50:34.965 [Darkroom Processing Line] DEBUG net.serenitybdd.core.photography.DarkroomProcessingLine - Processing screenshot image in /var/screenshots/screenshot-15296329461424639675
15:50:34.965 [Darkroom Processing Line] DEBUG net.serenitybdd.core.photography.DarkroomProcessingLine - Saving screenshot to target\site\serenity\413da4016a2fe52c43d7dbb09cf9045dd067231bc4f3328efacca4b0ddd7d4a4.png
15:50:34.972 [Forwarding findElement on session 4cd6a8860dccd862faa9ad674461b7f7 to remote] DEBUG org.asynchttpclient.netty.request.NettyRequestSender - Using pooled Channel '[id: 0x0dc2294f, L:/127.0.0.1:53354 - R:localhost/127.0.0.1:56880]' for 'POST' to 'http://localhost:56880/session/4cd6a8860dccd862faa9ad674461b7f7/element'
15:50:34.972 [Forwarding findElement on session 4cd6a8860dccd862faa9ad674461b7f7 to remote] DEBUG org.asynchttpclient.netty.request.NettyRequestSender - Using open Channel [id: 0x0dc2294f, L:/127.0.0.1:53354 - R:localhost/127.0.0.1:56880] for POST '/session/4cd6a8860dccd862faa9ad674461b7f7/element'
15:50:34.984 [AsyncHttpClient-1-4] DEBUG org.asynchttpclient.netty.handler.HttpHandler - 

Request DefaultHttpRequest(decodeResult: success, version: HTTP/1.1)
POST /session/4cd6a8860dccd862faa9ad674461b7f7/element HTTP/1.1
User-Agent: selenium/4.1.2 (java windows)
Content-Length: 53
Content-Type: application/json; charset=utf-8
host: localhost:56880
accept: */*

Response DefaultHttpResponse(decodeResult: success, version: HTTP/1.1)
HTTP/1.1 200 OK
Content-Type: application/json; charset=utf-8
cache-control: no-cache
content-length: 88

15:50:34.984 [AsyncHttpClient-1-4] DEBUG org.asynchttpclient.netty.channel.ChannelManager - Adding key: http://localhost:56880 for channel [id: 0x0dc2294f, L:/127.0.0.1:53354 - R:localhost/127.0.0.1:56880]
15:50:34.986 [Forwarding getElementTagName on session 4cd6a8860dccd862faa9ad674461b7f7 to remote] DEBUG org.asynchttpclient.netty.request.NettyRequestSender - Using pooled Channel '[id: 0x0dc2294f, L:/127.0.0.1:53354 - R:localhost/127.0.0.1:56880]' for 'GET' to 'http://localhost:56880/session/4cd6a8860dccd862faa9ad674461b7f7/element/a7b6e350-9de1-4cd6-ab2b-62deaa18a98c/name'
15:50:34.986 [Forwarding getElementTagName on session 4cd6a8860dccd862faa9ad674461b7f7 to remote] DEBUG org.asynchttpclient.netty.request.NettyRequestSender - Using open Channel [id: 0x0dc2294f, L:/127.0.0.1:53354 - R:localhost/127.0.0.1:56880] for GET '/session/4cd6a8860dccd862faa9ad674461b7f7/element/a7b6e350-9de1-4cd6-ab2b-62deaa18a98c/name'
15:50:34.990 [AsyncHttpClient-1-4] DEBUG org.asynchttpclient.netty.handler.HttpHandler - 

Request DefaultFullHttpRequest(decodeResult: success, version: HTTP/1.1, content: EmptyByteBufBE)
GET /session/4cd6a8860dccd862faa9ad674461b7f7/element/a7b6e350-9de1-4cd6-ab2b-62deaa18a98c/name HTTP/1.1
User-Agent: selenium/4.1.2 (java windows)
Cache-Control: no-cache
Content-Type: application/json; charset=utf-8
host: localhost:56880
accept: */*

Response DefaultHttpResponse(decodeResult: success, version: HTTP/1.1)
HTTP/1.1 200 OK
Content-Type: application/json; charset=utf-8
cache-control: no-cache
content-length: 18

15:50:34.990 [AsyncHttpClient-1-4] DEBUG org.asynchttpclient.netty.channel.ChannelManager - Adding key: http://localhost:56880 for channel [id: 0x0dc2294f, L:/127.0.0.1:53354 - R:localhost/127.0.0.1:56880]
15:50:34.992 [Forwarding getElementTagName on session 4cd6a8860dccd862faa9ad674461b7f7 to remote] DEBUG org.asynchttpclient.netty.request.NettyRequestSender - Using pooled Channel '[id: 0x0dc2294f, L:/127.0.0.1:53354 - R:localhost/127.0.0.1:56880]' for 'GET' to 'http://localhost:56880/session/4cd6a8860dccd862faa9ad674461b7f7/element/a7b6e350-9de1-4cd6-ab2b-62deaa18a98c/name'
15:50:34.992 [Forwarding getElementTagName on session 4cd6a8860dccd862faa9ad674461b7f7 to remote] DEBUG org.asynchttpclient.netty.request.NettyRequestSender - Using open Channel [id: 0x0dc2294f, L:/127.0.0.1:53354 - R:localhost/127.0.0.1:56880] for GET '/session/4cd6a8860dccd862faa9ad674461b7f7/element/a7b6e350-9de1-4cd6-ab2b-62deaa18a98c/name'
15:50:34.996 [AsyncHttpClient-1-4] DEBUG org.asynchttpclient.netty.handler.HttpHandler - 

Request DefaultFullHttpRequest(decodeResult: success, version: HTTP/1.1, content: EmptyByteBufBE)
GET /session/4cd6a8860dccd862faa9ad674461b7f7/element/a7b6e350-9de1-4cd6-ab2b-62deaa18a98c/name HTTP/1.1
User-Agent: selenium/4.1.2 (java windows)
Cache-Control: no-cache
Content-Type: application/json; charset=utf-8
host: localhost:56880
accept: */*

Response DefaultHttpResponse(decodeResult: success, version: HTTP/1.1)
HTTP/1.1 200 OK
Content-Type: application/json; charset=utf-8
cache-control: no-cache
content-length: 18

15:50:34.996 [AsyncHttpClient-1-4] DEBUG org.asynchttpclient.netty.channel.ChannelManager - Adding key: http://localhost:56880 for channel [id: 0x0dc2294f, L:/127.0.0.1:53354 - R:localhost/127.0.0.1:56880]
15:50:34.998 [Forwarding isElementEnabled on session 4cd6a8860dccd862faa9ad674461b7f7 to remote] DEBUG org.asynchttpclient.netty.request.NettyRequestSender - Using pooled Channel '[id: 0x0dc2294f, L:/127.0.0.1:53354 - R:localhost/127.0.0.1:56880]' for 'GET' to 'http://localhost:56880/session/4cd6a8860dccd862faa9ad674461b7f7/element/a7b6e350-9de1-4cd6-ab2b-62deaa18a98c/enabled'
15:50:34.998 [Forwarding isElementEnabled on session 4cd6a8860dccd862faa9ad674461b7f7 to remote] DEBUG org.asynchttpclient.netty.request.NettyRequestSender - Using open Channel [id: 0x0dc2294f, L:/127.0.0.1:53354 - R:localhost/127.0.0.1:56880] for GET '/session/4cd6a8860dccd862faa9ad674461b7f7/element/a7b6e350-9de1-4cd6-ab2b-62deaa18a98c/enabled'
15:50:35.008 [AsyncHttpClient-1-4] DEBUG org.asynchttpclient.netty.handler.HttpHandler - 

Request DefaultFullHttpRequest(decodeResult: success, version: HTTP/1.1, content: EmptyByteBufBE)
GET /session/4cd6a8860dccd862faa9ad674461b7f7/element/a7b6e350-9de1-4cd6-ab2b-62deaa18a98c/enabled HTTP/1.1
User-Agent: selenium/4.1.2 (java windows)
Cache-Control: no-cache
Content-Type: application/json; charset=utf-8
host: localhost:56880
accept: */*

Response DefaultHttpResponse(decodeResult: success, version: HTTP/1.1)
HTTP/1.1 200 OK
Content-Type: application/json; charset=utf-8
cache-control: no-cache
content-length: 14

15:50:35.008 [AsyncHttpClient-1-4] DEBUG org.asynchttpclient.netty.channel.ChannelManager - Adding key: http://localhost:56880 for channel [id: 0x0dc2294f, L:/127.0.0.1:53354 - R:localhost/127.0.0.1:56880]
15:50:35.010 [Forwarding isElementEnabled on session 4cd6a8860dccd862faa9ad674461b7f7 to remote] DEBUG org.asynchttpclient.netty.request.NettyRequestSender - Using pooled Channel '[id: 0x0dc2294f, L:/127.0.0.1:53354 - R:localhost/127.0.0.1:56880]' for 'GET' to 'http://localhost:56880/session/4cd6a8860dccd862faa9ad674461b7f7/element/a7b6e350-9de1-4cd6-ab2b-62deaa18a98c/enabled'
15:50:35.010 [Forwarding isElementEnabled on session 4cd6a8860dccd862faa9ad674461b7f7 to remote] DEBUG org.asynchttpclient.netty.request.NettyRequestSender - Using open Channel [id: 0x0dc2294f, L:/127.0.0.1:53354 - R:localhost/127.0.0.1:56880] for GET '/session/4cd6a8860dccd862faa9ad674461b7f7/element/a7b6e350-9de1-4cd6-ab2b-62deaa18a98c/enabled'
15:50:35.015 [AsyncHttpClient-1-4] DEBUG org.asynchttpclient.netty.handler.HttpHandler - 

Request DefaultFullHttpRequest(decodeResult: success, version: HTTP/1.1, content: EmptyByteBufBE)
GET /session/4cd6a8860dccd862faa9ad674461b7f7/element/a7b6e350-9de1-4cd6-ab2b-62deaa18a98c/enabled HTTP/1.1
User-Agent: selenium/4.1.2 (java windows)
Cache-Control: no-cache
Content-Type: application/json; charset=utf-8
host: localhost:56880
accept: */*

Response DefaultHttpResponse(decodeResult: success, version: HTTP/1.1)
HTTP/1.1 200 OK
Content-Type: application/json; charset=utf-8
cache-control: no-cache
content-length: 14

15:50:35.016 [AsyncHttpClient-1-4] DEBUG org.asynchttpclient.netty.channel.ChannelManager - Adding key: http://localhost:56880 for channel [id: 0x0dc2294f, L:/127.0.0.1:53354 - R:localhost/127.0.0.1:56880]
15:50:35.018 [Forwarding findElement on session 4cd6a8860dccd862faa9ad674461b7f7 to remote] DEBUG org.asynchttpclient.netty.request.NettyRequestSender - Using pooled Channel '[id: 0x0dc2294f, L:/127.0.0.1:53354 - R:localhost/127.0.0.1:56880]' for 'POST' to 'http://localhost:56880/session/4cd6a8860dccd862faa9ad674461b7f7/element'
15:50:35.018 [Forwarding findElement on session 4cd6a8860dccd862faa9ad674461b7f7 to remote] DEBUG org.asynchttpclient.netty.request.NettyRequestSender - Using open Channel [id: 0x0dc2294f, L:/127.0.0.1:53354 - R:localhost/127.0.0.1:56880] for POST '/session/4cd6a8860dccd862faa9ad674461b7f7/element'
15:50:35.025 [AsyncHttpClient-1-4] DEBUG org.asynchttpclient.netty.handler.HttpHandler - 

Request DefaultHttpRequest(decodeResult: success, version: HTTP/1.1)
POST /session/4cd6a8860dccd862faa9ad674461b7f7/element HTTP/1.1
User-Agent: selenium/4.1.2 (java windows)
Content-Length: 53
Content-Type: application/json; charset=utf-8
host: localhost:56880
accept: */*

Response DefaultHttpResponse(decodeResult: success, version: HTTP/1.1)
HTTP/1.1 200 OK
Content-Type: application/json; charset=utf-8
cache-control: no-cache
content-length: 88

15:50:35.026 [AsyncHttpClient-1-4] DEBUG org.asynchttpclient.netty.channel.ChannelManager - Adding key: http://localhost:56880 for channel [id: 0x0dc2294f, L:/127.0.0.1:53354 - R:localhost/127.0.0.1:56880]
15:50:35.027 [Forwarding clickElement on session 4cd6a8860dccd862faa9ad674461b7f7 to remote] DEBUG org.asynchttpclient.netty.request.NettyRequestSender - Using pooled Channel '[id: 0x0dc2294f, L:/127.0.0.1:53354 - R:localhost/127.0.0.1:56880]' for 'POST' to 'http://localhost:56880/session/4cd6a8860dccd862faa9ad674461b7f7/element/a7b6e350-9de1-4cd6-ab2b-62deaa18a98c/click'
15:50:35.027 [Forwarding clickElement on session 4cd6a8860dccd862faa9ad674461b7f7 to remote] DEBUG org.asynchttpclient.netty.request.NettyRequestSender - Using open Channel [id: 0x0dc2294f, L:/127.0.0.1:53354 - R:localhost/127.0.0.1:56880] for POST '/session/4cd6a8860dccd862faa9ad674461b7f7/element/a7b6e350-9de1-4cd6-ab2b-62deaa18a98c/click'
15:50:35.066 [AsyncHttpClient-1-4] DEBUG org.asynchttpclient.netty.handler.HttpHandler - 

Request DefaultHttpRequest(decodeResult: success, version: HTTP/1.1)
POST /session/4cd6a8860dccd862faa9ad674461b7f7/element/a7b6e350-9de1-4cd6-ab2b-62deaa18a98c/click HTTP/1.1
User-Agent: selenium/4.1.2 (java windows)
Content-Length: 50
Content-Type: application/json; charset=utf-8
host: localhost:56880
accept: */*

Response DefaultHttpResponse(decodeResult: success, version: HTTP/1.1)
HTTP/1.1 200 OK
Content-Type: application/json; charset=utf-8
cache-control: no-cache
content-length: 14

15:50:35.066 [AsyncHttpClient-1-4] DEBUG org.asynchttpclient.netty.channel.ChannelManager - Adding key: http://localhost:56880 for channel [id: 0x0dc2294f, L:/127.0.0.1:53354 - R:localhost/127.0.0.1:56880]
  &amp#27;[32mAnd &amp#27;[0m&amp#27;[32mi click continue button for login&amp#27;[0m                      &amp#27;[90m# starter.stepdefinition.loginStep.iClickContinueButtonForLogin()&amp#27;[0m
15:50:35.073 [Forwarding screenshot on session 4cd6a8860dccd862faa9ad674461b7f7 to remote] DEBUG org.asynchttpclient.netty.request.NettyRequestSender - Using pooled Channel '[id: 0x0dc2294f, L:/127.0.0.1:53354 - R:localhost/127.0.0.1:56880]' for 'GET' to 'http://localhost:56880/session/4cd6a8860dccd862faa9ad674461b7f7/screenshot'
15:50:35.074 [Forwarding screenshot on session 4cd6a8860dccd862faa9ad674461b7f7 to remote] DEBUG org.asynchttpclient.netty.request.NettyRequestSender - Using open Channel [id: 0x0dc2294f, L:/127.0.0.1:53354 - R:localhost/127.0.0.1:56880] for GET '/session/4cd6a8860dccd862faa9ad674461b7f7/screenshot'
15:50:35.292 [AsyncHttpClient-1-4] DEBUG org.asynchttpclient.netty.handler.HttpHandler - 

Request DefaultFullHttpRequest(decodeResult: success, version: HTTP/1.1, content: EmptyByteBufBE)
GET /session/4cd6a8860dccd862faa9ad674461b7f7/screenshot HTTP/1.1
User-Agent: selenium/4.1.2 (java windows)
Cache-Control: no-cache
Content-Type: application/json; charset=utf-8
host: localhost:56880
accept: */*

Response DefaultHttpResponse(decodeResult: success, version: HTTP/1.1)
HTTP/1.1 200 OK
Content-Type: application/json; charset=utf-8
cache-control: no-cache
content-length: 191628

15:50:35.292 [AsyncHttpClient-1-4] DEBUG org.asynchttpclient.netty.channel.ChannelManager - Adding key: http://localhost:56880 for channel [id: 0x0dc2294f, L:/127.0.0.1:53354 - R:localhost/127.0.0.1:56880]
15:50:35.292 [main] DEBUG net.serenitybdd.core.photography.Darkroom - Send negative for processing for target\site\serenity\ea427a40633b72b86e167006297987a00e6e2baaecdf1ebe8a0aa7924ba9a9e6.png
15:50:35.292 [Darkroom Processing Line] DEBUG net.serenitybdd.core.photography.DarkroomProcessingLine - Processing screenshot image in /var/screenshots/screenshot-8302405951086311075
15:50:35.292 [Darkroom Processing Line] DEBUG net.serenitybdd.core.photography.DarkroomProcessingLine - Saving screenshot to target\site\serenity\ea427a40633b72b86e167006297987a00e6e2baaecdf1ebe8a0aa7924ba9a9e6.png
15:50:35.777 [AsyncHttpClient-1-1] DEBUG org.asynchttpclient.netty.channel.DefaultChannelPool - Entry count for : http://localhost:56880 : 1
15:50:35.777 [AsyncHttpClient-1-1] DEBUG org.asynchttpclient.netty.channel.DefaultChannelPool - Entry count for : http://localhost:53355 : 1
15:50:36.313 [Forwarding findElement on session 4cd6a8860dccd862faa9ad674461b7f7 to remote] DEBUG org.asynchttpclient.netty.request.NettyRequestSender - Using pooled Channel '[id: 0x0dc2294f, L:/127.0.0.1:53354 - R:localhost/127.0.0.1:56880]' for 'POST' to 'http://localhost:56880/session/4cd6a8860dccd862faa9ad674461b7f7/element'
15:50:36.313 [Forwarding findElement on session 4cd6a8860dccd862faa9ad674461b7f7 to remote] DEBUG org.asynchttpclient.netty.request.NettyRequestSender - Using open Channel [id: 0x0dc2294f, L:/127.0.0.1:53354 - R:localhost/127.0.0.1:56880] for POST '/session/4cd6a8860dccd862faa9ad674461b7f7/element'
15:50:36.324 [AsyncHttpClient-1-4] DEBUG org.asynchttpclient.netty.handler.HttpHandler - 

Request DefaultHttpRequest(decodeResult: success, version: HTTP/1.1)
POST /session/4cd6a8860dccd862faa9ad674461b7f7/element HTTP/1.1
User-Agent: selenium/4.1.2 (java windows)
Content-Length: 58
Content-Type: application/json; charset=utf-8
host: localhost:56880
accept: */*

Response DefaultHttpResponse(decodeResult: success, version: HTTP/1.1)
HTTP/1.1 200 OK
Content-Type: application/json; charset=utf-8
cache-control: no-cache
content-length: 88

15:50:36.324 [AsyncHttpClient-1-4] DEBUG org.asynchttpclient.netty.channel.ChannelManager - Adding key: http://localhost:56880 for channel [id: 0x0dc2294f, L:/127.0.0.1:53354 - R:localhost/127.0.0.1:56880]
15:50:36.329 [Forwarding isElementDisplayed on session 4cd6a8860dccd862faa9ad674461b7f7 to remote] DEBUG org.asynchttpclient.netty.request.NettyRequestSender - Using pooled Channel '[id: 0x0dc2294f, L:/127.0.0.1:53354 - R:localhost/127.0.0.1:56880]' for 'POST' to 'http://localhost:56880/session/4cd6a8860dccd862faa9ad674461b7f7/execute/sync'
15:50:36.329 [Forwarding isElementDisplayed on session 4cd6a8860dccd862faa9ad674461b7f7 to remote] DEBUG org.asynchttpclient.netty.request.NettyRequestSender - Using open Channel [id: 0x0dc2294f, L:/127.0.0.1:53354 - R:localhost/127.0.0.1:56880] for POST '/session/4cd6a8860dccd862faa9ad674461b7f7/execute/sync'
15:50:36.342 [AsyncHttpClient-1-4] DEBUG org.asynchttpclient.netty.handler.HttpHandler - 

Request DefaultHttpRequest(decodeResult: success, version: HTTP/1.1)
POST /session/4cd6a8860dccd862faa9ad674461b7f7/execute/sync HTTP/1.1
User-Agent: selenium/4.1.2 (java windows)
Content-Length: 48780
Content-Type: application/json; charset=utf-8
host: localhost:56880
accept: */*

Response DefaultHttpResponse(decodeResult: success, version: HTTP/1.1)
HTTP/1.1 200 OK
Content-Type: application/json; charset=utf-8
cache-control: no-cache
content-length: 14

15:50:36.343 [AsyncHttpClient-1-4] DEBUG org.asynchttpclient.netty.channel.ChannelManager - Adding key: http://localhost:56880 for channel [id: 0x0dc2294f, L:/127.0.0.1:53354 - R:localhost/127.0.0.1:56880]
  &amp#27;[32mThen &amp#27;[0m&amp#27;[32mi get my &amp#27;[0m&amp#27;[32m&amp#27;[1m"invalid email or password"&amp#27;[0m&amp#27;[32m after login&amp#27;[0m      &amp#27;[90m# starter.stepdefinition.loginStep.iGetMyAfterLogin(java.lang.String)&amp#27;[0m
15:50:36.348 [Forwarding screenshot on session 4cd6a8860dccd862faa9ad674461b7f7 to remote] DEBUG org.asynchttpclient.netty.request.NettyRequestSender - Using pooled Channel '[id: 0x0dc2294f, L:/127.0.0.1:53354 - R:localhost/127.0.0.1:56880]' for 'GET' to 'http://localhost:56880/session/4cd6a8860dccd862faa9ad674461b7f7/screenshot'
15:50:36.348 [Forwarding screenshot on session 4cd6a8860dccd862faa9ad674461b7f7 to remote] DEBUG org.asynchttpclient.netty.request.NettyRequestSender - Using open Channel [id: 0x0dc2294f, L:/127.0.0.1:53354 - R:localhost/127.0.0.1:56880] for GET '/session/4cd6a8860dccd862faa9ad674461b7f7/screenshot'
15:50:36.508 [AsyncHttpClient-1-4] DEBUG org.asynchttpclient.netty.handler.HttpHandler - 

Request DefaultFullHttpRequest(decodeResult: success, version: HTTP/1.1, content: EmptyByteBufBE)
GET /session/4cd6a8860dccd862faa9ad674461b7f7/screenshot HTTP/1.1
User-Agent: selenium/4.1.2 (java windows)
Cache-Control: no-cache
Content-Type: application/json; charset=utf-8
host: localhost:56880
accept: */*

Response DefaultHttpResponse(decodeResult: success, version: HTTP/1.1)
HTTP/1.1 200 OK
Content-Type: application/json; charset=utf-8
cache-control: no-cache
content-length: 95104

15:50:36.508 [AsyncHttpClient-1-4] DEBUG org.asynchttpclient.netty.channel.ChannelManager - Adding key: http://localhost:56880 for channel [id: 0x0dc2294f, L:/127.0.0.1:53354 - R:localhost/127.0.0.1:56880]
15:50:36.508 [main] DEBUG net.serenitybdd.core.photography.Darkroom - Send negative for processing for target\site\serenity\b5685de3684219be51480f427622e0d77a11ccb30df36088cf780db31ff1ac8d.png
15:50:36.508 [AsyncHttpClient-1-6] DEBUG org.asynchttpclient.netty.handler.WebSocketHandler - Channel Closed: [id: 0x3f15bae8, L:/127.0.0.1:53362 ! R:localhost/127.0.0.1:53355] with attribute NettyResponseFuture{currentRetry=5,
	isDone=1,
	isCancelled=0,
	asyncHandler=org.asynchttpclient.ws.WebSocketUpgradeHandler@2fe708b3,
	nettyRequest=org.asynchttpclient.netty.request.NettyRequest@3a67a13d,
	future=java.util.concurrent.CompletableFuture@574c1ccd[Completed normally],
	uri=ws://localhost:53355/devtools/browser/0f998eb4-b4f8-4a89-b61f-df0a814e7b76,
	keepAlive=true,
	redirectCount=0,
	timeoutsHolder=null,
	inAuth=0,
	touch=1655283019833}
15:50:36.508 [AsyncHttpClient-1-6] DEBUG org.asynchttpclient.netty.channel.ChannelManager - Closing Channel [id: 0x3f15bae8, L:/127.0.0.1:53362 ! R:localhost/127.0.0.1:53355] 
15:50:36.508 [Driver Command Executor] DEBUG org.asynchttpclient.netty.request.NettyRequestSender - Using pooled Channel '[id: 0x0dc2294f, L:/127.0.0.1:53354 - R:localhost/127.0.0.1:56880]' for 'DELETE' to 'http://localhost:56880/session/4cd6a8860dccd862faa9ad674461b7f7'
15:50:36.508 [Driver Command Executor] DEBUG org.asynchttpclient.netty.request.NettyRequestSender - Using open Channel [id: 0x0dc2294f, L:/127.0.0.1:53354 - R:localhost/127.0.0.1:56880] for DELETE '/session/4cd6a8860dccd862faa9ad674461b7f7'
15:50:36.569 [AsyncHttpClient-1-5] DEBUG org.asynchttpclient.netty.handler.HttpHandler - Unexpected I/O exception on channel [id: 0x1739e71f, L:/127.0.0.1:53361 - R:localhost/127.0.0.1:53355]
java.net.SocketException: Connection reset
	at java.base/sun.nio.ch.SocketChannelImpl.throwConnectionReset(SocketChannelImpl.java:367)
	at java.base/sun.nio.ch.SocketChannelImpl.read(SocketChannelImpl.java:398)
	at io.netty.buffer.PooledByteBuf.setBytes(PooledByteBuf.java:258)
	at io.netty.buffer.AbstractByteBuf.writeBytes(AbstractByteBuf.java:1132)
	at io.netty.channel.socket.nio.NioSocketChannel.doReadBytes(NioSocketChannel.java:350)
	at io.netty.channel.nio.AbstractNioByteChannel$NioByteUnsafe.read(AbstractNioByteChannel.java:151)
	at io.netty.channel.nio.NioEventLoop.processSelectedKey(NioEventLoop.java:722)
	at io.netty.channel.nio.NioEventLoop.processSelectedKeysOptimized(NioEventLoop.java:658)
	at io.netty.channel.nio.NioEventLoop.processSelectedKeys(NioEventLoop.java:584)
	at io.netty.channel.nio.NioEventLoop.run(NioEventLoop.java:496)
	at io.netty.util.concurrent.SingleThreadEventExecutor$4.run(SingleThreadEventExecutor.java:986)
	at io.netty.util.internal.ThreadExecutorMap$2.run(ThreadExecutorMap.java:74)
	at io.netty.util.concurrent.FastThreadLocalRunnable.run(FastThreadLocalRunnable.java:30)
	at java.base/java.lang.Thread.run(Thread.java:832)
15:50:36.570 [AsyncHttpClient-1-5] DEBUG org.asynchttpclient.netty.channel.ChannelManager - Closing Channel [id: 0x1739e71f, L:/127.0.0.1:53361 - R:localhost/127.0.0.1:53355] 
15:50:36.570 [AsyncHttpClient-1-5] DEBUG org.asynchttpclient.netty.handler.HttpHandler - Channel Closed: [id: 0x1739e71f, L:/127.0.0.1:53361 ! R:localhost/127.0.0.1:53355] with attribute DISCARD
15:50:36.573 [AsyncHttpClient-1-4] DEBUG org.asynchttpclient.netty.handler.HttpHandler - 

Request DefaultFullHttpRequest(decodeResult: success, version: HTTP/1.1, content: EmptyByteBufBE)
DELETE /session/4cd6a8860dccd862faa9ad674461b7f7 HTTP/1.1
User-Agent: selenium/4.1.2 (java windows)
Content-Type: application/json; charset=utf-8
host: localhost:56880
accept: */*

Response DefaultHttpResponse(decodeResult: success, version: HTTP/1.1)
HTTP/1.1 200 OK
Content-Type: application/json; charset=utf-8
cache-control: no-cache
content-length: 14

15:50:36.573 [AsyncHttpClient-1-4] DEBUG org.asynchttpclient.netty.channel.ChannelManager - Adding key: http://localhost:56880 for channel [id: 0x0dc2294f, L:/127.0.0.1:53354 - R:localhost/127.0.0.1:56880]
15:50:36.683 [AsyncHttpClient-1-4] DEBUG org.asynchttpclient.netty.handler.HttpHandler - Channel Closed: [id: 0x0dc2294f, L:/127.0.0.1:53354 ! R:localhost/127.0.0.1:56880] with attribute DISCARD
15:50:36.877 [AsyncHttpClient-1-1] DEBUG org.asynchttpclient.netty.channel.DefaultChannelPool - Entry count for : http://localhost:56880 : 1
15:50:36.877 [AsyncHttpClient-1-1] DEBUG org.asynchttpclient.netty.channel.DefaultChannelPool - Entry count for : http://localhost:53355 : 1
15:50:36.877 [AsyncHttpClient-1-1] DEBUG org.asynchttpclient.netty.channel.DefaultChannelPool - Adding Candidate expired Channel [id: 0x0dc2294f, L:/127.0.0.1:53354 ! R:localhost/127.0.0.1:56880] isIdleTimeoutExpired=false isRemotelyClosed=true isTtlExpired=false
15:50:36.877 [AsyncHttpClient-1-1] DEBUG org.asynchttpclient.netty.channel.DefaultChannelPool - Closing Idle Channel [id: 0x0dc2294f, L:/127.0.0.1:53354 ! R:localhost/127.0.0.1:56880]
15:50:36.877 [AsyncHttpClient-1-1] DEBUG org.asynchttpclient.netty.channel.DefaultChannelPool - Adding Candidate expired Channel [id: 0x1739e71f, L:/127.0.0.1:53361 ! R:localhost/127.0.0.1:53355] isIdleTimeoutExpired=false isRemotelyClosed=true isTtlExpired=false
15:50:36.877 [AsyncHttpClient-1-1] DEBUG org.asynchttpclient.netty.channel.DefaultChannelPool - Closing Idle Channel [id: 0x1739e71f, L:/127.0.0.1:53361 ! R:localhost/127.0.0.1:53355]
15:50:36.877 [AsyncHttpClient-1-1] DEBUG org.asynchttpclient.netty.channel.DefaultChannelPool - Closed 2 connections out of 2 in 0 ms
]]></system-out>
    <system-err><![CDATA[Starting ChromeDriver 102.0.5005.61 (0e59bcc00cc4985ce39ad31c150065f159d95ad3-refs/branch-heads/5005@{#819}) on port 56880
Only local connections are allowed.
Please see https://chromedriver.chromium.org/security-considerations for suggestions on keeping ChromeDriver safe.
ChromeDriver was started successfully.
Jun 15, 2022 3:50:19 PM org.openqa.selenium.remote.ProtocolHandshake createSession
INFO: Detected dialect: W3C
Jun 15, 2022 3:50:19 PM org.openqa.selenium.devtools.CdpVersionFinder findNearestMatch
WARNING: Unable to find an exact match for CDP version 102, so returning the closest version found: a no-op implementation
Jun 15, 2022 3:50:19 PM org.openqa.selenium.devtools.CdpVersionFinder findNearestMatch
INFO: Unable to find CDP implementation matching 102.
Jun 15, 2022 3:50:19 PM org.openqa.selenium.chromium.ChromiumDriver lambda$new$3
WARNING: Unable to find version of CDP to use for . You may need to include a dependency on a specific version of the CDP using something similar to `org.seleniumhq.selenium:selenium-devtools-v86:4.1.2` where the version ("v86") matches the version of the chromium-based browser you're using and the version number of the artifact is the same as Selenium's.
]]></system-err>
  </testcase>
</testsuite>