<?xml version="1.0" encoding="UTF-8"?>
<testsuite xmlns:xsi="http://www.w3.org/2001/XMLSchema-instance" xsi:noNamespaceSchemaLocation="https://maven.apache.org/surefire/maven-failsafe-plugin/xsd/failsafe-test-report-3.0.xsd" version="3.0" name="cucumberTestSuite" time="363.541" tests="18" errors="1" skipped="0" failures="0">
  <properties>
    <property name="java.specification.version" value="15"/>
    <property name="webdriver.chrome.driver" value="D:\PERKULIAHAN\Semester 6,Hebatt glad!\QE-FGD\Automation-test-Website - Copy\src\test\resources\webdriver\chromedriver.exe"/>
    <property name="sun.cpu.isalist" value="amd64"/>
    <property name="sun.jnu.encoding" value="Cp1252"/>
    <property name="java.class.path" value="D:\PERKULIAHAN\Semester 6,Hebatt glad!\QE-FGD\Automation-test-Website - Copy\target\test-classes;C:\Users\ASUS\.m2\repository\net\serenity-bdd\serenity-core\3.2.1\serenity-core-3.2.1.jar;C:\Users\ASUS\.m2\repository\net\serenity-bdd\serenity-model\3.2.1\serenity-model-3.2.1.jar;C:\Users\ASUS\.m2\repository\org\apache\commons\commons-text\1.9\commons-text-1.9.jar;C:\Users\ASUS\.m2\repository\commons-net\commons-net\3.8.0\commons-net-3.8.0.jar;C:\Users\ASUS\.m2\repository\com\google\guava\guava\31.1-jre\guava-31.1-jre.jar;C:\Users\ASUS\.m2\repository\com\google\guava\failureaccess\1.0.1\failureaccess-1.0.1.jar;C:\Users\ASUS\.m2\repository\com\google\guava\listenablefuture\9999.0-empty-to-avoid-conflict-with-guava\listenablefuture-9999.0-empty-to-avoid-conflict-with-guava.jar;C:\Users\ASUS\.m2\repository\com\google\code\findbugs\jsr305\3.0.2\jsr305-3.0.2.jar;C:\Users\ASUS\.m2\repository\org\checkerframework\checker-qual\3.12.0\checker-qual-3.12.0.jar;C:\Users\ASUS\.m2\repository\com\google\errorprone\error_prone_annotations\2.11.0\error_prone_annotations-2.11.0.jar;C:\Users\ASUS\.m2\repository\com\google\j2objc\j2objc-annotations\1.3\j2objc-annotations-1.3.jar;C:\Users\ASUS\.m2\repository\com\google\inject\guice\5.1.0\guice-5.1.0.jar;C:\Users\ASUS\.m2\repository\javax\inject\javax.inject\1\javax.inject-1.jar;C:\Users\ASUS\.m2\repository\aopalliance\aopalliance\1.0\aopalliance-1.0.jar;C:\Users\ASUS\.m2\repository\org\jsoup\jsoup\1.14.3\jsoup-1.14.3.jar;C:\Users\ASUS\.m2\repository\com\thoughtworks\xstream\xstream\1.4.19\xstream-1.4.19.jar;C:\Users\ASUS\.m2\repository\io\github\x-stream\mxparser\1.2.2\mxparser-1.2.2.jar;C:\Users\ASUS\.m2\repository\xmlpull\xmlpull\1.1.3.1\xmlpull-1.1.3.1.jar;C:\Users\ASUS\.m2\repository\io\cucumber\cucumber-java\7.2.3\cucumber-java-7.2.3.jar;C:\Users\ASUS\.m2\repository\com\typesafe\config\1.4.2\config-1.4.2.jar;C:\Users\ASUS\.m2\repository\org\imgscalr\imgscalr-lib\4.2\imgscalr-lib-4.2.jar;C:\Users\ASUS\.m2\repository\org\awaitility\awaitility\4.2.0\awaitility-4.2.0.jar;C:\Users\ASUS\.m2\repository\org\freemarker\freemarker\2.3.31\freemarker-2.3.31.jar;C:\Users\ASUS\.m2\repository\io\github\classgraph\classgraph\4.8.138\classgraph-4.8.138.jar;C:\Users\ASUS\.m2\repository\net\sourceforge\jexcelapi\jxl\2.6.12\jxl-2.6.12.jar;C:\Users\ASUS\.m2\repository\net\bytebuddy\byte-buddy\1.12.8\byte-buddy-1.12.8.jar;C:\Users\ASUS\.m2\repository\net\bytebuddy\byte-buddy-agent\1.12.8\byte-buddy-agent-1.12.8.jar;C:\Users\ASUS\.m2\repository\org\objenesis\objenesis\3.1\objenesis-3.1.jar;C:\Users\ASUS\.m2\repository\net\serenity-bdd\serenity-reports\3.2.1\serenity-reports-3.2.1.jar;C:\Users\ASUS\.m2\repository\net\serenity-bdd\serenity-stats\3.2.1\serenity-stats-3.2.1.jar;C:\Users\ASUS\.m2\repository\net\serenity-bdd\serenity-reports-configuration\3.2.1\serenity-reports-configuration-3.2.1.jar;C:\Users\ASUS\.m2\repository\com\vladsch\flexmark\flexmark-all\0.34.30\flexmark-all-0.34.30.jar;C:\Users\ASUS\.m2\repository\com\vladsch\flexmark\flexmark\0.34.30\flexmark-0.34.30.jar;C:\Users\ASUS\.m2\repository\com\vladsch\flexmark\flexmark-ext-abbreviation\0.34.30\flexmark-ext-abbreviation-0.34.30.jar;C:\Users\ASUS\.m2\repository\com\vladsch\flexmark\flexmark-ext-admonition\0.34.30\flexmark-ext-admonition-0.34.30.jar;C:\Users\ASUS\.m2\repository\com\vladsch\flexmark\flexmark-ext-anchorlink\0.34.30\flexmark-ext-anchorlink-0.34.30.jar;C:\Users\ASUS\.m2\repository\com\vladsch\flexmark\flexmark-ext-aside\0.34.30\flexmark-ext-aside-0.34.30.jar;C:\Users\ASUS\.m2\repository\com\vladsch\flexmark\flexmark-ext-attributes\0.34.30\flexmark-ext-attributes-0.34.30.jar;C:\Users\ASUS\.m2\repository\com\vladsch\flexmark\flexmark-ext-autolink\0.34.30\flexmark-ext-autolink-0.34.30.jar;C:\Users\ASUS\.m2\repository\org\nibor\autolink\autolink\0.6.0\autolink-0.6.0.jar;C:\Users\ASUS\.m2\repository\com\vladsch\flexmark\flexmark-ext-definition\0.34.30\flexmark-ext-definition-0.34.30.jar;C:\Users\ASUS\.m2\repository\com\vladsch\flexmark\flexmark-ext-emoji\0.34.30\flexmark-ext-emoji-0.34.30.jar;C:\Users\ASUS\.m2\repository\com\vladsch\flexmark\flexmark-ext-enumerated-reference\0.34.30\flexmark-ext-enumerated-reference-0.34.30.jar;C:\Users\ASUS\.m2\repository\com\vladsch\flexmark\flexmark-ext-escaped-character\0.34.30\flexmark-ext-escaped-character-0.34.30.jar;C:\Users\ASUS\.m2\repository\com\vladsch\flexmark\flexmark-ext-footnotes\0.34.30\flexmark-ext-footnotes-0.34.30.jar;C:\Users\ASUS\.m2\repository\com\vladsch\flexmark\flexmark-ext-gfm-issues\0.34.30\flexmark-ext-gfm-issues-0.34.30.jar;C:\Users\ASUS\.m2\repository\com\vladsch\flexmark\flexmark-ext-gfm-strikethrough\0.34.30\flexmark-ext-gfm-strikethrough-0.34.30.jar;C:\Users\ASUS\.m2\repository\com\vladsch\flexmark\flexmark-ext-gfm-tables\0.34.30\flexmark-ext-gfm-tables-0.34.30.jar;C:\Users\ASUS\.m2\repository\com\vladsch\flexmark\flexmark-ext-gfm-tasklist\0.34.30\flexmark-ext-gfm-tasklist-0.34.30.jar;C:\Users\ASUS\.m2\repository\com\vladsch\flexmark\flexmark-ext-gfm-users\0.34.30\flexmark-ext-gfm-users-0.34.30.jar;C:\Users\ASUS\.m2\repository\com\vladsch\flexmark\flexmark-ext-gitlab\0.34.30\flexmark-ext-gitlab-0.34.30.jar;C:\Users\ASUS\.m2\repository\com\vladsch\flexmark\flexmark-ext-jekyll-front-matter\0.34.30\flexmark-ext-jekyll-front-matter-0.34.30.jar;C:\Users\ASUS\.m2\repository\com\vladsch\flexmark\flexmark-ext-jekyll-tag\0.34.30\flexmark-ext-jekyll-tag-0.34.30.jar;C:\Users\ASUS\.m2\repository\com\vladsch\flexmark\flexmark-ext-media-tags\0.34.30\flexmark-ext-media-tags-0.34.30.jar;C:\Users\ASUS\.m2\repository\com\vladsch\flexmark\flexmark-test-util\0.34.30\flexmark-test-util-0.34.30.jar;C:\Users\ASUS\.m2\repository\com\vladsch\flexmark\flexmark-ext-ins\0.34.30\flexmark-ext-ins-0.34.30.jar;C:\Users\ASUS\.m2\repository\com\vladsch\flexmark\flexmark-ext-xwiki-macros\0.34.30\flexmark-ext-xwiki-macros-0.34.30.jar;C:\Users\ASUS\.m2\repository\com\vladsch\flexmark\flexmark-ext-superscript\0.34.30\flexmark-ext-superscript-0.34.30.jar;C:\Users\ASUS\.m2\repository\com\vladsch\flexmark\flexmark-ext-tables\0.34.30\flexmark-ext-tables-0.34.30.jar;C:\Users\ASUS\.m2\repository\com\vladsch\flexmark\flexmark-ext-toc\0.34.30\flexmark-ext-toc-0.34.30.jar;C:\Users\ASUS\.m2\repository\com\vladsch\flexmark\flexmark-ext-typographic\0.34.30\flexmark-ext-typographic-0.34.30.jar;C:\Users\ASUS\.m2\repository\com\vladsch\flexmark\flexmark-ext-wikilink\0.34.30\flexmark-ext-wikilink-0.34.30.jar;C:\Users\ASUS\.m2\repository\com\vladsch\flexmark\flexmark-ext-yaml-front-matter\0.34.30\flexmark-ext-yaml-front-matter-0.34.30.jar;C:\Users\ASUS\.m2\repository\com\vladsch\flexmark\flexmark-ext-youtube-embedded\0.34.30\flexmark-ext-youtube-embedded-0.34.30.jar;C:\Users\ASUS\.m2\repository\com\vladsch\flexmark\flexmark-formatter\0.34.30\flexmark-formatter-0.34.30.jar;C:\Users\ASUS\.m2\repository\com\vladsch\flexmark\flexmark-html-parser\0.34.30\flexmark-html-parser-0.34.30.jar;C:\Users\ASUS\.m2\repository\com\vladsch\flexmark\flexmark-jira-converter\0.34.30\flexmark-jira-converter-0.34.30.jar;C:\Users\ASUS\.m2\repository\com\vladsch\flexmark\flexmark-pdf-converter\0.34.30\flexmark-pdf-converter-0.34.30.jar;C:\Users\ASUS\.m2\repository\com\openhtmltopdf\openhtmltopdf-core\0.0.1-RC13\openhtmltopdf-core-0.0.1-RC13.jar;C:\Users\ASUS\.m2\repository\com\openhtmltopdf\openhtmltopdf-pdfbox\0.0.1-RC13\openhtmltopdf-pdfbox-0.0.1-RC13.jar;C:\Users\ASUS\.m2\repository\org\apache\pdfbox\pdfbox\2.0.8\pdfbox-2.0.8.jar;C:\Users\ASUS\.m2\repository\org\apache\pdfbox\fontbox\2.0.8\fontbox-2.0.8.jar;C:\Users\ASUS\.m2\repository\commons-logging\commons-logging\1.2\commons-logging-1.2.jar;C:\Users\ASUS\.m2\repository\org\apache\pdfbox\xmpbox\2.0.8\xmpbox-2.0.8.jar;C:\Users\ASUS\.m2\repository\de\rototor\pdfbox\graphics2d\0.12\graphics2d-0.12.jar;C:\Users\ASUS\.m2\repository\com\openhtmltopdf\openhtmltopdf-rtl-support\0.0.1-RC13\openhtmltopdf-rtl-support-0.0.1-RC13.jar;C:\Users\ASUS\.m2\repository\com\ibm\icu\icu4j\59.1\icu4j-59.1.jar;C:\Users\ASUS\.m2\repository\com\openhtmltopdf\openhtmltopdf-jsoup-dom-converter\0.0.1-RC13\openhtmltopdf-jsoup-dom-converter-0.0.1-RC13.jar;C:\Users\ASUS\.m2\repository\com\vladsch\flexmark\flexmark-profile-pegdown\0.34.30\flexmark-profile-pegdown-0.34.30.jar;C:\Users\ASUS\.m2\repository\com\vladsch\flexmark\flexmark-util\0.34.30\flexmark-util-0.34.30.jar;C:\Users\ASUS\.m2\repository\com\vladsch\flexmark\flexmark-youtrack-converter\0.34.30\flexmark-youtrack-converter-0.34.30.jar;C:\Users\ASUS\.m2\repository\es\nitaur\markdown\txtmark\0.16\txtmark-0.16.jar;C:\Users\ASUS\.m2\repository\net\serenity-bdd\serenity-report-resources\3.2.1\serenity-report-resources-3.2.1.jar;C:\Users\ASUS\.m2\repository\com\google\code\gson\gson\2.9.0\gson-2.9.0.jar;C:\Users\ASUS\.m2\repository\com\fasterxml\jackson\core\jackson-core\2.13.2\jackson-core-2.13.2.jar;C:\Users\ASUS\.m2\repository\com\fasterxml\jackson\core\jackson-databind\2.13.2\jackson-databind-2.13.2.jar;C:\Users\ASUS\.m2\repository\com\fasterxml\jackson\core\jackson-annotations\2.13.2\jackson-annotations-2.13.2.jar;C:\Users\ASUS\.m2\repository\commons-codec\commons-codec\1.15\commons-codec-1.15.jar;C:\Users\ASUS\.m2\repository\commons-io\commons-io\2.11.0\commons-io-2.11.0.jar;C:\Users\ASUS\.m2\repository\org\seleniumhq\selenium\selenium-java\4.1.2\selenium-java-4.1.2.jar;C:\Users\ASUS\.m2\repository\org\seleniumhq\selenium\selenium-devtools-v85\4.1.2\selenium-devtools-v85-4.1.2.jar;C:\Users\ASUS\.m2\repository\org\seleniumhq\selenium\selenium-devtools-v95\4.1.2\selenium-devtools-v95-4.1.2.jar;C:\Users\ASUS\.m2\repository\org\seleniumhq\selenium\selenium-devtools-v96\4.1.2\selenium-devtools-v96-4.1.2.jar;C:\Users\ASUS\.m2\repository\org\seleniumhq\selenium\selenium-devtools-v97\4.1.2\selenium-devtools-v97-4.1.2.jar;C:\Users\ASUS\.m2\repository\org\seleniumhq\selenium\selenium-firefox-xpi-driver\4.1.2\selenium-firefox-xpi-driver-4.1.2.jar;C:\Users\ASUS\.m2\repository\org\seleniumhq\selenium\selenium-opera-driver\4.1.2\selenium-opera-driver-4.1.2.jar;C:\Users\ASUS\.m2\repository\org\seleniumhq\selenium\selenium-remote-driver\4.1.2\selenium-remote-driver-4.1.2.jar;C:\Users\ASUS\.m2\repository\com\beust\jcommander\1.82\jcommander-1.82.jar;C:\Users\ASUS\.m2\repository\io\netty\netty-buffer\4.1.73.Final\netty-buffer-4.1.73.Final.jar;C:\Users\ASUS\.m2\repository\io\netty\netty-codec-http\4.1.73.Final\netty-codec-http-4.1.73.Final.jar;C:\Users\ASUS\.m2\repository\io\netty\netty-codec\4.1.73.Final\netty-codec-4.1.73.Final.jar;C:\Users\ASUS\.m2\repository\io\netty\netty-handler\4.1.73.Final\netty-handler-4.1.73.Final.jar;C:\Users\ASUS\.m2\repository\io\netty\netty-tcnative-classes\2.0.46.Final\netty-tcnative-classes-2.0.46.Final.jar;C:\Users\ASUS\.m2\repository\io\netty\netty-common\4.1.73.Final\netty-common-4.1.73.Final.jar;C:\Users\ASUS\.m2\repository\io\netty\netty-transport-classes-epoll\4.1.73.Final\netty-transport-classes-epoll-4.1.73.Final.jar;C:\Users\ASUS\.m2\repository\io\netty\netty-transport-classes-kqueue\4.1.73.Final\netty-transport-classes-kqueue-4.1.73.Final.jar;C:\Users\ASUS\.m2\repository\io\netty\netty-transport-native-epoll\4.1.73.Final\netty-transport-native-epoll-4.1.73.Final.jar;C:\Users\ASUS\.m2\repository\io\netty\netty-transport-native-kqueue\4.1.73.Final\netty-transport-native-kqueue-4.1.73.Final.jar;C:\Users\ASUS\.m2\repository\io\netty\netty-transport-native-unix-common\4.1.73.Final\netty-transport-native-unix-common-4.1.73.Final.jar;C:\Users\ASUS\.m2\repository\io\netty\netty-transport\4.1.73.Final\netty-transport-4.1.73.Final.jar;C:\Users\ASUS\.m2\repository\io\netty\netty-resolver\4.1.73.Final\netty-resolver-4.1.73.Final.jar;C:\Users\ASUS\.m2\repository\io\opentelemetry\opentelemetry-api\1.10.1\opentelemetry-api-1.10.1.jar;C:\Users\ASUS\.m2\repository\io\opentelemetry\opentelemetry-context\1.10.1\opentelemetry-context-1.10.1.jar;C:\Users\ASUS\.m2\repository\io\opentelemetry\opentelemetry-exporter-logging\1.10.1\opentelemetry-exporter-logging-1.10.1.jar;C:\Users\ASUS\.m2\repository\io\opentelemetry\opentelemetry-sdk-metrics\1.10.1-alpha\opentelemetry-sdk-metrics-1.10.1-alpha.jar;C:\Users\ASUS\.m2\repository\io\opentelemetry\opentelemetry-sdk-logs\1.10.1-alpha\opentelemetry-sdk-logs-1.10.1-alpha.jar;C:\Users\ASUS\.m2\repository\io\opentelemetry\opentelemetry-sdk-common\1.10.1\opentelemetry-sdk-common-1.10.1.jar;C:\Users\ASUS\.m2\repository\io\opentelemetry\opentelemetry-sdk-extension-autoconfigure-spi\1.10.1\opentelemetry-sdk-extension-autoconfigure-spi-1.10.1.jar;C:\Users\ASUS\.m2\repository\io\opentelemetry\opentelemetry-sdk-extension-autoconfigure\1.10.1-alpha\opentelemetry-sdk-extension-autoconfigure-1.10.1-alpha.jar;C:\Users\ASUS\.m2\repository\io\opentelemetry\opentelemetry-sdk-trace\1.10.1\opentelemetry-sdk-trace-1.10.1.jar;C:\Users\ASUS\.m2\repository\io\opentelemetry\opentelemetry-sdk\1.10.1\opentelemetry-sdk-1.10.1.jar;C:\Users\ASUS\.m2\repository\io\opentelemetry\opentelemetry-semconv\1.10.1-alpha\opentelemetry-semconv-1.10.1-alpha.jar;C:\Users\ASUS\.m2\repository\io\ous\jtoml\2.0.0\jtoml-2.0.0.jar;C:\Users\ASUS\.m2\repository\org\apache\commons\commons-exec\1.3\commons-exec-1.3.jar;C:\Users\ASUS\.m2\repository\org\asynchttpclient\async-http-client\2.12.3\async-http-client-2.12.3.jar;C:\Users\ASUS\.m2\repository\org\asynchttpclient\async-http-client-netty-utils\2.12.3\async-http-client-netty-utils-2.12.3.jar;C:\Users\ASUS\.m2\repository\io\netty\netty-codec-socks\4.1.60.Final\netty-codec-socks-4.1.60.Final.jar;C:\Users\ASUS\.m2\repository\io\netty\netty-handler-proxy\4.1.60.Final\netty-handler-proxy-4.1.60.Final.jar;C:\Users\ASUS\.m2\repository\io\netty\netty-transport-native-epoll\4.1.60.Final\netty-transport-native-epoll-4.1.60.Final-linux-x86_64.jar;C:\Users\ASUS\.m2\repository\io\netty\netty-transport-native-kqueue\4.1.60.Final\netty-transport-native-kqueue-4.1.60.Final-osx-x86_64.jar;C:\Users\ASUS\.m2\repository\org\reactivestreams\reactive-streams\1.0.3\reactive-streams-1.0.3.jar;C:\Users\ASUS\.m2\repository\com\typesafe\netty\netty-reactive-streams\2.0.4\netty-reactive-streams-2.0.4.jar;C:\Users\ASUS\.m2\repository\org\seleniumhq\selenium\selenium-http\4.1.2\selenium-http-4.1.2.jar;C:\Users\ASUS\.m2\repository\net\jodah\failsafe\2.4.4\failsafe-2.4.4.jar;C:\Users\ASUS\.m2\repository\org\seleniumhq\selenium\selenium-safari-driver\4.1.2\selenium-safari-driver-4.1.2.jar;C:\Users\ASUS\.m2\repository\org\seleniumhq\selenium\selenium-api\4.1.2\selenium-api-4.1.2.jar;C:\Users\ASUS\.m2\repository\org\seleniumhq\selenium\selenium-support\4.1.2\selenium-support-4.1.2.jar;C:\Users\ASUS\.m2\repository\com\google\auto\service\auto-service-annotations\1.0.1\auto-service-annotations-1.0.1.jar;C:\Users\ASUS\.m2\repository\com\google\auto\service\auto-service\1.0.1\auto-service-1.0.1.jar;C:\Users\ASUS\.m2\repository\com\google\auto\auto-common\1.2\auto-common-1.2.jar;C:\Users\ASUS\.m2\repository\org\seleniumhq\selenium\selenium-json\4.1.2\selenium-json-4.1.2.jar;C:\Users\ASUS\.m2\repository\org\seleniumhq\selenium\selenium-chrome-driver\4.1.2\selenium-chrome-driver-4.1.2.jar;C:\Users\ASUS\.m2\repository\org\seleniumhq\selenium\selenium-chromium-driver\4.1.2\selenium-chromium-driver-4.1.2.jar;C:\Users\ASUS\.m2\repository\org\seleniumhq\selenium\selenium-firefox-driver\4.1.2\selenium-firefox-driver-4.1.2.jar;C:\Users\ASUS\.m2\repository\org\seleniumhq\selenium\selenium-edge-driver\4.1.2\selenium-edge-driver-4.1.2.jar;C:\Users\ASUS\.m2\repository\org\seleniumhq\selenium\selenium-ie-driver\4.1.2\selenium-ie-driver-4.1.2.jar;C:\Users\ASUS\.m2\repository\org\projectlombok\lombok\1.18.20\lombok-1.18.20.jar;C:\Users\ASUS\.m2\repository\io\appium\java-client\8.0.0\java-client-8.0.0.jar;C:\Users\ASUS\.m2\repository\commons-validator\commons-validator\1.7\commons-validator-1.7.jar;C:\Users\ASUS\.m2\repository\commons-digester\commons-digester\2.1\commons-digester-2.1.jar;C:\Users\ASUS\.m2\repository\org\aspectj\aspectjweaver\1.9.8\aspectjweaver-1.9.8.jar;C:\Users\ASUS\.m2\repository\org\codehaus\groovy\groovy\3.0.10\groovy-3.0.10.jar;C:\Users\ASUS\.m2\repository\net\sf\opencsv\opencsv\2.0\opencsv-2.0.jar;C:\Users\ASUS\.m2\repository\commons-beanutils\commons-beanutils\1.9.4\commons-beanutils-1.9.4.jar;C:\Users\ASUS\.m2\repository\org\apache\commons\commons-lang3\3.12.0\commons-lang3-3.12.0.jar;C:\Users\ASUS\.m2\repository\commons-collections\commons-collections\3.2.2\commons-collections-3.2.2.jar;C:\Users\ASUS\.m2\repository\org\fluentlenium\fluentlenium-core\0.10.2\fluentlenium-core-0.10.2.jar;C:\Users\ASUS\.m2\repository\io\github\bonigarcia\webdrivermanager\5.1.0\webdrivermanager-5.1.0.jar;C:\Users\ASUS\.m2\repository\com\github\docker-java\docker-java\3.2.13\docker-java-3.2.13.jar;C:\Users\ASUS\.m2\repository\com\github\docker-java\docker-java-core\3.2.13\docker-java-core-3.2.13.jar;C:\Users\ASUS\.m2\repository\com\github\docker-java\docker-java-api\3.2.13\docker-java-api-3.2.13.jar;C:\Users\ASUS\.m2\repository\org\apache\commons\commons-compress\1.21\commons-compress-1.21.jar;C:\Users\ASUS\.m2\repository\org\bouncycastle\bcpkix-jdk15on\1.64\bcpkix-jdk15on-1.64.jar;C:\Users\ASUS\.m2\repository\org\bouncycastle\bcprov-jdk15on\1.64\bcprov-jdk15on-1.64.jar;C:\Users\ASUS\.m2\repository\org\slf4j\jcl-over-slf4j\1.7.30\jcl-over-slf4j-1.7.30.jar;C:\Users\ASUS\.m2\repository\com\github\docker-java\docker-java-transport-httpclient5\3.2.13\docker-java-transport-httpclient5-3.2.13.jar;C:\Users\ASUS\.m2\repository\com\github\docker-java\docker-java-transport\3.2.13\docker-java-transport-3.2.13.jar;C:\Users\ASUS\.m2\repository\org\apache\httpcomponents\client5\httpclient5\5.0.3\httpclient5-5.0.3.jar;C:\Users\ASUS\.m2\repository\org\apache\httpcomponents\core5\httpcore5\5.0.2\httpcore5-5.0.2.jar;C:\Users\ASUS\.m2\repository\net\java\dev\jna\jna\5.8.0\jna-5.8.0.jar;C:\Users\ASUS\.m2\repository\org\brotli\dec\0.1.2\dec-0.1.2.jar;C:\Users\ASUS\.m2\repository\com\jhlabs\filters\2.0.235\filters-2.0.235.jar;C:\Users\ASUS\.m2\repository\com\paulhammant\ngwebdriver\1.1.6\ngwebdriver-1.1.6.jar;C:\Users\ASUS\.m2\repository\joda-time\joda-time\2.8.2\joda-time-2.8.2.jar;C:\Users\ASUS\.m2\repository\org\hamcrest\hamcrest\2.2\hamcrest-2.2.jar;C:\Users\ASUS\.m2\repository\com\google\jimfs\jimfs\1.2\jimfs-1.2.jar;C:\Users\ASUS\.m2\repository\org\mockito\mockito-core\3.3.3\mockito-core-3.3.3.jar;C:\Users\ASUS\.m2\repository\javax\xml\bind\jaxb-api\2.3.1\jaxb-api-2.3.1.jar;C:\Users\ASUS\.m2\repository\javax\activation\javax.activation-api\1.2.0\javax.activation-api-1.2.0.jar;C:\Users\ASUS\.m2\repository\com\sun\xml\bind\jaxb-core\2.3.0.1\jaxb-core-2.3.0.1.jar;C:\Users\ASUS\.m2\repository\com\sun\xml\bind\jaxb-impl\2.3.3\jaxb-impl-2.3.3.jar;C:\Users\ASUS\.m2\repository\jakarta\xml\bind\jakarta.xml.bind-api\2.3.3\jakarta.xml.bind-api-2.3.3.jar;C:\Users\ASUS\.m2\repository\com\sun\activation\jakarta.activation\1.2.2\jakarta.activation-1.2.2.jar;C:\Users\ASUS\.m2\repository\javax\activation\activation\1.1.1\activation-1.1.1.jar;C:\Users\ASUS\.m2\repository\net\serenity-bdd\serenity-cucumber\3.2.1\serenity-cucumber-3.2.1.jar;C:\Users\ASUS\.m2\repository\io\cucumber\cucumber-core\7.2.3\cucumber-core-7.2.3.jar;C:\Users\ASUS\.m2\repository\io\cucumber\cucumber-gherkin\7.2.3\cucumber-gherkin-7.2.3.jar;C:\Users\ASUS\.m2\repository\io\cucumber\cucumber-gherkin-messages\7.2.3\cucumber-gherkin-messages-7.2.3.jar;C:\Users\ASUS\.m2\repository\io\cucumber\messages\17.1.1\messages-17.1.1.jar;C:\Users\ASUS\.m2\repository\io\cucumber\tag-expressions\4.1.0\tag-expressions-4.1.0.jar;C:\Users\ASUS\.m2\repository\io\cucumber\cucumber-expressions\15.0.1\cucumber-expressions-15.0.1.jar;C:\Users\ASUS\.m2\repository\io\cucumber\datatable\7.2.3\datatable-7.2.3.jar;C:\Users\ASUS\.m2\repository\io\cucumber\cucumber-plugin\7.2.3\cucumber-plugin-7.2.3.jar;C:\Users\ASUS\.m2\repository\io\cucumber\docstring\7.2.3\docstring-7.2.3.jar;C:\Users\ASUS\.m2\repository\io\cucumber\html-formatter\17.0.0\html-formatter-17.0.0.jar;C:\Users\ASUS\.m2\repository\io\cucumber\ci-environment\8.1.0\ci-environment-8.1.0.jar;C:\Users\ASUS\.m2\repository\io\cucumber\cucumber-junit\7.2.3\cucumber-junit-7.2.3.jar;C:\Users\ASUS\.m2\repository\org\apache\commons\commons-csv\1.5\commons-csv-1.5.jar;C:\Users\ASUS\.m2\repository\net\serenity-bdd\serenity-screenplay\3.2.1\serenity-screenplay-3.2.1.jar;C:\Users\ASUS\.m2\repository\net\serenity-bdd\serenity-screenplay-webdriver\3.2.1\serenity-screenplay-webdriver-3.2.1.jar;C:\Users\ASUS\.m2\repository\net\serenity-bdd\serenity-ensure\3.2.1\serenity-ensure-3.2.1.jar;C:\Users\ASUS\.m2\repository\net\serenity-bdd\serenity-junit\3.2.1\serenity-junit-3.2.1.jar;C:\Users\ASUS\.m2\repository\org\jetbrains\kotlin\kotlin-stdlib\1.6.0\kotlin-stdlib-1.6.0.jar;C:\Users\ASUS\.m2\repository\org\jetbrains\annotations\13.0\annotations-13.0.jar;C:\Users\ASUS\.m2\repository\org\jetbrains\kotlin\kotlin-stdlib-common\1.6.0\kotlin-stdlib-common-1.6.0.jar;C:\Users\ASUS\.m2\repository\org\junit\platform\junit-platform-launcher\1.8.1\junit-platform-launcher-1.8.1.jar;C:\Users\ASUS\.m2\repository\org\junit\platform\junit-platform-engine\1.8.1\junit-platform-engine-1.8.1.jar;C:\Users\ASUS\.m2\repository\org\opentest4j\opentest4j\1.2.0\opentest4j-1.2.0.jar;C:\Users\ASUS\.m2\repository\org\junit\platform\junit-platform-commons\1.8.1\junit-platform-commons-1.8.1.jar;C:\Users\ASUS\.m2\repository\org\apiguardian\apiguardian-api\1.1.2\apiguardian-api-1.1.2.jar;C:\Users\ASUS\.m2\repository\org\junit\jupiter\junit-jupiter-engine\5.8.2\junit-jupiter-engine-5.8.2.jar;C:\Users\ASUS\.m2\repository\org\junit\jupiter\junit-jupiter-api\5.8.2\junit-jupiter-api-5.8.2.jar;C:\Users\ASUS\.m2\repository\org\junit\vintage\junit-vintage-engine\5.8.2\junit-vintage-engine-5.8.2.jar;C:\Users\ASUS\.m2\repository\junit\junit\4.13.2\junit-4.13.2.jar;C:\Users\ASUS\.m2\repository\org\hamcrest\hamcrest-core\1.3\hamcrest-core-1.3.jar;C:\Users\ASUS\.m2\repository\ch\qos\logback\logback-classic\1.2.10\logback-classic-1.2.10.jar;C:\Users\ASUS\.m2\repository\ch\qos\logback\logback-core\1.2.10\logback-core-1.2.10.jar;C:\Users\ASUS\.m2\repository\org\slf4j\slf4j-api\1.7.32\slf4j-api-1.7.32.jar;C:\Users\ASUS\.m2\repository\org\assertj\assertj-core\3.6.2\assertj-core-3.6.2.jar;"/>
    <property name="java.vm.vendor" value="Oracle Corporation"/>
    <property name="sun.arch.data.model" value="64"/>
    <property name="user.variant" value=""/>
    <property name="java.vendor.url" value="https://java.oracle.com/"/>
    <property name="user.timezone" value="Asia/Jakarta"/>
    <property name="log4j2.formatMsgNoLookups" value="true"/>
    <property name="os.name" value="Windows 10"/>
    <property name="java.vm.specification.version" value="15"/>
    <property name="sun.java.launcher" value="SUN_STANDARD"/>
    <property name="user.country" value="ID"/>
    <property name="sun.boot.library.path" value="C:\Program Files\Java\jdk-15.0.2\bin"/>
    <property name="sun.java.command" value="org.apache.maven.surefire.booter.ForkedBooter C:\Users\ASUS\AppData\Local\Temp\surefire16127099249349444471 2022-07-22T16-01-05_892-jvmRun1 surefire3594877846006978925tmp surefire_01618119623752508630tmp"/>
    <property name="jdk.debug" value="release"/>
    <property name="surefire.test.class.path" value="D:\PERKULIAHAN\Semester 6,Hebatt glad!\QE-FGD\Automation-test-Website - Copy\target\test-classes;C:\Users\ASUS\.m2\repository\net\serenity-bdd\serenity-core\3.2.1\serenity-core-3.2.1.jar;C:\Users\ASUS\.m2\repository\net\serenity-bdd\serenity-model\3.2.1\serenity-model-3.2.1.jar;C:\Users\ASUS\.m2\repository\org\apache\commons\commons-text\1.9\commons-text-1.9.jar;C:\Users\ASUS\.m2\repository\commons-net\commons-net\3.8.0\commons-net-3.8.0.jar;C:\Users\ASUS\.m2\repository\com\google\guava\guava\31.1-jre\guava-31.1-jre.jar;C:\Users\ASUS\.m2\repository\com\google\guava\failureaccess\1.0.1\failureaccess-1.0.1.jar;C:\Users\ASUS\.m2\repository\com\google\guava\listenablefuture\9999.0-empty-to-avoid-conflict-with-guava\listenablefuture-9999.0-empty-to-avoid-conflict-with-guava.jar;C:\Users\ASUS\.m2\repository\com\google\code\findbugs\jsr305\3.0.2\jsr305-3.0.2.jar;C:\Users\ASUS\.m2\repository\org\checkerframework\checker-qual\3.12.0\checker-qual-3.12.0.jar;C:\Users\ASUS\.m2\repository\com\google\errorprone\error_prone_annotations\2.11.0\error_prone_annotations-2.11.0.jar;C:\Users\ASUS\.m2\repository\com\google\j2objc\j2objc-annotations\1.3\j2objc-annotations-1.3.jar;C:\Users\ASUS\.m2\repository\com\google\inject\guice\5.1.0\guice-5.1.0.jar;C:\Users\ASUS\.m2\repository\javax\inject\javax.inject\1\javax.inject-1.jar;C:\Users\ASUS\.m2\repository\aopalliance\aopalliance\1.0\aopalliance-1.0.jar;C:\Users\ASUS\.m2\repository\org\jsoup\jsoup\1.14.3\jsoup-1.14.3.jar;C:\Users\ASUS\.m2\repository\com\thoughtworks\xstream\xstream\1.4.19\xstream-1.4.19.jar;C:\Users\ASUS\.m2\repository\io\github\x-stream\mxparser\1.2.2\mxparser-1.2.2.jar;C:\Users\ASUS\.m2\repository\xmlpull\xmlpull\1.1.3.1\xmlpull-1.1.3.1.jar;C:\Users\ASUS\.m2\repository\io\cucumber\cucumber-java\7.2.3\cucumber-java-7.2.3.jar;C:\Users\ASUS\.m2\repository\com\typesafe\config\1.4.2\config-1.4.2.jar;C:\Users\ASUS\.m2\repository\org\imgscalr\imgscalr-lib\4.2\imgscalr-lib-4.2.jar;C:\Users\ASUS\.m2\repository\org\awaitility\awaitility\4.2.0\awaitility-4.2.0.jar;C:\Users\ASUS\.m2\repository\org\freemarker\freemarker\2.3.31\freemarker-2.3.31.jar;C:\Users\ASUS\.m2\repository\io\github\classgraph\classgraph\4.8.138\classgraph-4.8.138.jar;C:\Users\ASUS\.m2\repository\net\sourceforge\jexcelapi\jxl\2.6.12\jxl-2.6.12.jar;C:\Users\ASUS\.m2\repository\net\bytebuddy\byte-buddy\1.12.8\byte-buddy-1.12.8.jar;C:\Users\ASUS\.m2\repository\net\bytebuddy\byte-buddy-agent\1.12.8\byte-buddy-agent-1.12.8.jar;C:\Users\ASUS\.m2\repository\org\objenesis\objenesis\3.1\objenesis-3.1.jar;C:\Users\ASUS\.m2\repository\net\serenity-bdd\serenity-reports\3.2.1\serenity-reports-3.2.1.jar;C:\Users\ASUS\.m2\repository\net\serenity-bdd\serenity-stats\3.2.1\serenity-stats-3.2.1.jar;C:\Users\ASUS\.m2\repository\net\serenity-bdd\serenity-reports-configuration\3.2.1\serenity-reports-configuration-3.2.1.jar;C:\Users\ASUS\.m2\repository\com\vladsch\flexmark\flexmark-all\0.34.30\flexmark-all-0.34.30.jar;C:\Users\ASUS\.m2\repository\com\vladsch\flexmark\flexmark\0.34.30\flexmark-0.34.30.jar;C:\Users\ASUS\.m2\repository\com\vladsch\flexmark\flexmark-ext-abbreviation\0.34.30\flexmark-ext-abbreviation-0.34.30.jar;C:\Users\ASUS\.m2\repository\com\vladsch\flexmark\flexmark-ext-admonition\0.34.30\flexmark-ext-admonition-0.34.30.jar;C:\Users\ASUS\.m2\repository\com\vladsch\flexmark\flexmark-ext-anchorlink\0.34.30\flexmark-ext-anchorlink-0.34.30.jar;C:\Users\ASUS\.m2\repository\com\vladsch\flexmark\flexmark-ext-aside\0.34.30\flexmark-ext-aside-0.34.30.jar;C:\Users\ASUS\.m2\repository\com\vladsch\flexmark\flexmark-ext-attributes\0.34.30\flexmark-ext-attributes-0.34.30.jar;C:\Users\ASUS\.m2\repository\com\vladsch\flexmark\flexmark-ext-autolink\0.34.30\flexmark-ext-autolink-0.34.30.jar;C:\Users\ASUS\.m2\repository\org\nibor\autolink\autolink\0.6.0\autolink-0.6.0.jar;C:\Users\ASUS\.m2\repository\com\vladsch\flexmark\flexmark-ext-definition\0.34.30\flexmark-ext-definition-0.34.30.jar;C:\Users\ASUS\.m2\repository\com\vladsch\flexmark\flexmark-ext-emoji\0.34.30\flexmark-ext-emoji-0.34.30.jar;C:\Users\ASUS\.m2\repository\com\vladsch\flexmark\flexmark-ext-enumerated-reference\0.34.30\flexmark-ext-enumerated-reference-0.34.30.jar;C:\Users\ASUS\.m2\repository\com\vladsch\flexmark\flexmark-ext-escaped-character\0.34.30\flexmark-ext-escaped-character-0.34.30.jar;C:\Users\ASUS\.m2\repository\com\vladsch\flexmark\flexmark-ext-footnotes\0.34.30\flexmark-ext-footnotes-0.34.30.jar;C:\Users\ASUS\.m2\repository\com\vladsch\flexmark\flexmark-ext-gfm-issues\0.34.30\flexmark-ext-gfm-issues-0.34.30.jar;C:\Users\ASUS\.m2\repository\com\vladsch\flexmark\flexmark-ext-gfm-strikethrough\0.34.30\flexmark-ext-gfm-strikethrough-0.34.30.jar;C:\Users\ASUS\.m2\repository\com\vladsch\flexmark\flexmark-ext-gfm-tables\0.34.30\flexmark-ext-gfm-tables-0.34.30.jar;C:\Users\ASUS\.m2\repository\com\vladsch\flexmark\flexmark-ext-gfm-tasklist\0.34.30\flexmark-ext-gfm-tasklist-0.34.30.jar;C:\Users\ASUS\.m2\repository\com\vladsch\flexmark\flexmark-ext-gfm-users\0.34.30\flexmark-ext-gfm-users-0.34.30.jar;C:\Users\ASUS\.m2\repository\com\vladsch\flexmark\flexmark-ext-gitlab\0.34.30\flexmark-ext-gitlab-0.34.30.jar;C:\Users\ASUS\.m2\repository\com\vladsch\flexmark\flexmark-ext-jekyll-front-matter\0.34.30\flexmark-ext-jekyll-front-matter-0.34.30.jar;C:\Users\ASUS\.m2\repository\com\vladsch\flexmark\flexmark-ext-jekyll-tag\0.34.30\flexmark-ext-jekyll-tag-0.34.30.jar;C:\Users\ASUS\.m2\repository\com\vladsch\flexmark\flexmark-ext-media-tags\0.34.30\flexmark-ext-media-tags-0.34.30.jar;C:\Users\ASUS\.m2\repository\com\vladsch\flexmark\flexmark-test-util\0.34.30\flexmark-test-util-0.34.30.jar;C:\Users\ASUS\.m2\repository\com\vladsch\flexmark\flexmark-ext-ins\0.34.30\flexmark-ext-ins-0.34.30.jar;C:\Users\ASUS\.m2\repository\com\vladsch\flexmark\flexmark-ext-xwiki-macros\0.34.30\flexmark-ext-xwiki-macros-0.34.30.jar;C:\Users\ASUS\.m2\repository\com\vladsch\flexmark\flexmark-ext-superscript\0.34.30\flexmark-ext-superscript-0.34.30.jar;C:\Users\ASUS\.m2\repository\com\vladsch\flexmark\flexmark-ext-tables\0.34.30\flexmark-ext-tables-0.34.30.jar;C:\Users\ASUS\.m2\repository\com\vladsch\flexmark\flexmark-ext-toc\0.34.30\flexmark-ext-toc-0.34.30.jar;C:\Users\ASUS\.m2\repository\com\vladsch\flexmark\flexmark-ext-typographic\0.34.30\flexmark-ext-typographic-0.34.30.jar;C:\Users\ASUS\.m2\repository\com\vladsch\flexmark\flexmark-ext-wikilink\0.34.30\flexmark-ext-wikilink-0.34.30.jar;C:\Users\ASUS\.m2\repository\com\vladsch\flexmark\flexmark-ext-yaml-front-matter\0.34.30\flexmark-ext-yaml-front-matter-0.34.30.jar;C:\Users\ASUS\.m2\repository\com\vladsch\flexmark\flexmark-ext-youtube-embedded\0.34.30\flexmark-ext-youtube-embedded-0.34.30.jar;C:\Users\ASUS\.m2\repository\com\vladsch\flexmark\flexmark-formatter\0.34.30\flexmark-formatter-0.34.30.jar;C:\Users\ASUS\.m2\repository\com\vladsch\flexmark\flexmark-html-parser\0.34.30\flexmark-html-parser-0.34.30.jar;C:\Users\ASUS\.m2\repository\com\vladsch\flexmark\flexmark-jira-converter\0.34.30\flexmark-jira-converter-0.34.30.jar;C:\Users\ASUS\.m2\repository\com\vladsch\flexmark\flexmark-pdf-converter\0.34.30\flexmark-pdf-converter-0.34.30.jar;C:\Users\ASUS\.m2\repository\com\openhtmltopdf\openhtmltopdf-core\0.0.1-RC13\openhtmltopdf-core-0.0.1-RC13.jar;C:\Users\ASUS\.m2\repository\com\openhtmltopdf\openhtmltopdf-pdfbox\0.0.1-RC13\openhtmltopdf-pdfbox-0.0.1-RC13.jar;C:\Users\ASUS\.m2\repository\org\apache\pdfbox\pdfbox\2.0.8\pdfbox-2.0.8.jar;C:\Users\ASUS\.m2\repository\org\apache\pdfbox\fontbox\2.0.8\fontbox-2.0.8.jar;C:\Users\ASUS\.m2\repository\commons-logging\commons-logging\1.2\commons-logging-1.2.jar;C:\Users\ASUS\.m2\repository\org\apache\pdfbox\xmpbox\2.0.8\xmpbox-2.0.8.jar;C:\Users\ASUS\.m2\repository\de\rototor\pdfbox\graphics2d\0.12\graphics2d-0.12.jar;C:\Users\ASUS\.m2\repository\com\openhtmltopdf\openhtmltopdf-rtl-support\0.0.1-RC13\openhtmltopdf-rtl-support-0.0.1-RC13.jar;C:\Users\ASUS\.m2\repository\com\ibm\icu\icu4j\59.1\icu4j-59.1.jar;C:\Users\ASUS\.m2\repository\com\openhtmltopdf\openhtmltopdf-jsoup-dom-converter\0.0.1-RC13\openhtmltopdf-jsoup-dom-converter-0.0.1-RC13.jar;C:\Users\ASUS\.m2\repository\com\vladsch\flexmark\flexmark-profile-pegdown\0.34.30\flexmark-profile-pegdown-0.34.30.jar;C:\Users\ASUS\.m2\repository\com\vladsch\flexmark\flexmark-util\0.34.30\flexmark-util-0.34.30.jar;C:\Users\ASUS\.m2\repository\com\vladsch\flexmark\flexmark-youtrack-converter\0.34.30\flexmark-youtrack-converter-0.34.30.jar;C:\Users\ASUS\.m2\repository\es\nitaur\markdown\txtmark\0.16\txtmark-0.16.jar;C:\Users\ASUS\.m2\repository\net\serenity-bdd\serenity-report-resources\3.2.1\serenity-report-resources-3.2.1.jar;C:\Users\ASUS\.m2\repository\com\google\code\gson\gson\2.9.0\gson-2.9.0.jar;C:\Users\ASUS\.m2\repository\com\fasterxml\jackson\core\jackson-core\2.13.2\jackson-core-2.13.2.jar;C:\Users\ASUS\.m2\repository\com\fasterxml\jackson\core\jackson-databind\2.13.2\jackson-databind-2.13.2.jar;C:\Users\ASUS\.m2\repository\com\fasterxml\jackson\core\jackson-annotations\2.13.2\jackson-annotations-2.13.2.jar;C:\Users\ASUS\.m2\repository\commons-codec\commons-codec\1.15\commons-codec-1.15.jar;C:\Users\ASUS\.m2\repository\commons-io\commons-io\2.11.0\commons-io-2.11.0.jar;C:\Users\ASUS\.m2\repository\org\seleniumhq\selenium\selenium-java\4.1.2\selenium-java-4.1.2.jar;C:\Users\ASUS\.m2\repository\org\seleniumhq\selenium\selenium-devtools-v85\4.1.2\selenium-devtools-v85-4.1.2.jar;C:\Users\ASUS\.m2\repository\org\seleniumhq\selenium\selenium-devtools-v95\4.1.2\selenium-devtools-v95-4.1.2.jar;C:\Users\ASUS\.m2\repository\org\seleniumhq\selenium\selenium-devtools-v96\4.1.2\selenium-devtools-v96-4.1.2.jar;C:\Users\ASUS\.m2\repository\org\seleniumhq\selenium\selenium-devtools-v97\4.1.2\selenium-devtools-v97-4.1.2.jar;C:\Users\ASUS\.m2\repository\org\seleniumhq\selenium\selenium-firefox-xpi-driver\4.1.2\selenium-firefox-xpi-driver-4.1.2.jar;C:\Users\ASUS\.m2\repository\org\seleniumhq\selenium\selenium-opera-driver\4.1.2\selenium-opera-driver-4.1.2.jar;C:\Users\ASUS\.m2\repository\org\seleniumhq\selenium\selenium-remote-driver\4.1.2\selenium-remote-driver-4.1.2.jar;C:\Users\ASUS\.m2\repository\com\beust\jcommander\1.82\jcommander-1.82.jar;C:\Users\ASUS\.m2\repository\io\netty\netty-buffer\4.1.73.Final\netty-buffer-4.1.73.Final.jar;C:\Users\ASUS\.m2\repository\io\netty\netty-codec-http\4.1.73.Final\netty-codec-http-4.1.73.Final.jar;C:\Users\ASUS\.m2\repository\io\netty\netty-codec\4.1.73.Final\netty-codec-4.1.73.Final.jar;C:\Users\ASUS\.m2\repository\io\netty\netty-handler\4.1.73.Final\netty-handler-4.1.73.Final.jar;C:\Users\ASUS\.m2\repository\io\netty\netty-tcnative-classes\2.0.46.Final\netty-tcnative-classes-2.0.46.Final.jar;C:\Users\ASUS\.m2\repository\io\netty\netty-common\4.1.73.Final\netty-common-4.1.73.Final.jar;C:\Users\ASUS\.m2\repository\io\netty\netty-transport-classes-epoll\4.1.73.Final\netty-transport-classes-epoll-4.1.73.Final.jar;C:\Users\ASUS\.m2\repository\io\netty\netty-transport-classes-kqueue\4.1.73.Final\netty-transport-classes-kqueue-4.1.73.Final.jar;C:\Users\ASUS\.m2\repository\io\netty\netty-transport-native-epoll\4.1.73.Final\netty-transport-native-epoll-4.1.73.Final.jar;C:\Users\ASUS\.m2\repository\io\netty\netty-transport-native-kqueue\4.1.73.Final\netty-transport-native-kqueue-4.1.73.Final.jar;C:\Users\ASUS\.m2\repository\io\netty\netty-transport-native-unix-common\4.1.73.Final\netty-transport-native-unix-common-4.1.73.Final.jar;C:\Users\ASUS\.m2\repository\io\netty\netty-transport\4.1.73.Final\netty-transport-4.1.73.Final.jar;C:\Users\ASUS\.m2\repository\io\netty\netty-resolver\4.1.73.Final\netty-resolver-4.1.73.Final.jar;C:\Users\ASUS\.m2\repository\io\opentelemetry\opentelemetry-api\1.10.1\opentelemetry-api-1.10.1.jar;C:\Users\ASUS\.m2\repository\io\opentelemetry\opentelemetry-context\1.10.1\opentelemetry-context-1.10.1.jar;C:\Users\ASUS\.m2\repository\io\opentelemetry\opentelemetry-exporter-logging\1.10.1\opentelemetry-exporter-logging-1.10.1.jar;C:\Users\ASUS\.m2\repository\io\opentelemetry\opentelemetry-sdk-metrics\1.10.1-alpha\opentelemetry-sdk-metrics-1.10.1-alpha.jar;C:\Users\ASUS\.m2\repository\io\opentelemetry\opentelemetry-sdk-logs\1.10.1-alpha\opentelemetry-sdk-logs-1.10.1-alpha.jar;C:\Users\ASUS\.m2\repository\io\opentelemetry\opentelemetry-sdk-common\1.10.1\opentelemetry-sdk-common-1.10.1.jar;C:\Users\ASUS\.m2\repository\io\opentelemetry\opentelemetry-sdk-extension-autoconfigure-spi\1.10.1\opentelemetry-sdk-extension-autoconfigure-spi-1.10.1.jar;C:\Users\ASUS\.m2\repository\io\opentelemetry\opentelemetry-sdk-extension-autoconfigure\1.10.1-alpha\opentelemetry-sdk-extension-autoconfigure-1.10.1-alpha.jar;C:\Users\ASUS\.m2\repository\io\opentelemetry\opentelemetry-sdk-trace\1.10.1\opentelemetry-sdk-trace-1.10.1.jar;C:\Users\ASUS\.m2\repository\io\opentelemetry\opentelemetry-sdk\1.10.1\opentelemetry-sdk-1.10.1.jar;C:\Users\ASUS\.m2\repository\io\opentelemetry\opentelemetry-semconv\1.10.1-alpha\opentelemetry-semconv-1.10.1-alpha.jar;C:\Users\ASUS\.m2\repository\io\ous\jtoml\2.0.0\jtoml-2.0.0.jar;C:\Users\ASUS\.m2\repository\org\apache\commons\commons-exec\1.3\commons-exec-1.3.jar;C:\Users\ASUS\.m2\repository\org\asynchttpclient\async-http-client\2.12.3\async-http-client-2.12.3.jar;C:\Users\ASUS\.m2\repository\org\asynchttpclient\async-http-client-netty-utils\2.12.3\async-http-client-netty-utils-2.12.3.jar;C:\Users\ASUS\.m2\repository\io\netty\netty-codec-socks\4.1.60.Final\netty-codec-socks-4.1.60.Final.jar;C:\Users\ASUS\.m2\repository\io\netty\netty-handler-proxy\4.1.60.Final\netty-handler-proxy-4.1.60.Final.jar;C:\Users\ASUS\.m2\repository\io\netty\netty-transport-native-epoll\4.1.60.Final\netty-transport-native-epoll-4.1.60.Final-linux-x86_64.jar;C:\Users\ASUS\.m2\repository\io\netty\netty-transport-native-kqueue\4.1.60.Final\netty-transport-native-kqueue-4.1.60.Final-osx-x86_64.jar;C:\Users\ASUS\.m2\repository\org\reactivestreams\reactive-streams\1.0.3\reactive-streams-1.0.3.jar;C:\Users\ASUS\.m2\repository\com\typesafe\netty\netty-reactive-streams\2.0.4\netty-reactive-streams-2.0.4.jar;C:\Users\ASUS\.m2\repository\org\seleniumhq\selenium\selenium-http\4.1.2\selenium-http-4.1.2.jar;C:\Users\ASUS\.m2\repository\net\jodah\failsafe\2.4.4\failsafe-2.4.4.jar;C:\Users\ASUS\.m2\repository\org\seleniumhq\selenium\selenium-safari-driver\4.1.2\selenium-safari-driver-4.1.2.jar;C:\Users\ASUS\.m2\repository\org\seleniumhq\selenium\selenium-api\4.1.2\selenium-api-4.1.2.jar;C:\Users\ASUS\.m2\repository\org\seleniumhq\selenium\selenium-support\4.1.2\selenium-support-4.1.2.jar;C:\Users\ASUS\.m2\repository\com\google\auto\service\auto-service-annotations\1.0.1\auto-service-annotations-1.0.1.jar;C:\Users\ASUS\.m2\repository\com\google\auto\service\auto-service\1.0.1\auto-service-1.0.1.jar;C:\Users\ASUS\.m2\repository\com\google\auto\auto-common\1.2\auto-common-1.2.jar;C:\Users\ASUS\.m2\repository\org\seleniumhq\selenium\selenium-json\4.1.2\selenium-json-4.1.2.jar;C:\Users\ASUS\.m2\repository\org\seleniumhq\selenium\selenium-chrome-driver\4.1.2\selenium-chrome-driver-4.1.2.jar;C:\Users\ASUS\.m2\repository\org\seleniumhq\selenium\selenium-chromium-driver\4.1.2\selenium-chromium-driver-4.1.2.jar;C:\Users\ASUS\.m2\repository\org\seleniumhq\selenium\selenium-firefox-driver\4.1.2\selenium-firefox-driver-4.1.2.jar;C:\Users\ASUS\.m2\repository\org\seleniumhq\selenium\selenium-edge-driver\4.1.2\selenium-edge-driver-4.1.2.jar;C:\Users\ASUS\.m2\repository\org\seleniumhq\selenium\selenium-ie-driver\4.1.2\selenium-ie-driver-4.1.2.jar;C:\Users\ASUS\.m2\repository\org\projectlombok\lombok\1.18.20\lombok-1.18.20.jar;C:\Users\ASUS\.m2\repository\io\appium\java-client\8.0.0\java-client-8.0.0.jar;C:\Users\ASUS\.m2\repository\commons-validator\commons-validator\1.7\commons-validator-1.7.jar;C:\Users\ASUS\.m2\repository\commons-digester\commons-digester\2.1\commons-digester-2.1.jar;C:\Users\ASUS\.m2\repository\org\aspectj\aspectjweaver\1.9.8\aspectjweaver-1.9.8.jar;C:\Users\ASUS\.m2\repository\org\codehaus\groovy\groovy\3.0.10\groovy-3.0.10.jar;C:\Users\ASUS\.m2\repository\net\sf\opencsv\opencsv\2.0\opencsv-2.0.jar;C:\Users\ASUS\.m2\repository\commons-beanutils\commons-beanutils\1.9.4\commons-beanutils-1.9.4.jar;C:\Users\ASUS\.m2\repository\org\apache\commons\commons-lang3\3.12.0\commons-lang3-3.12.0.jar;C:\Users\ASUS\.m2\repository\commons-collections\commons-collections\3.2.2\commons-collections-3.2.2.jar;C:\Users\ASUS\.m2\repository\org\fluentlenium\fluentlenium-core\0.10.2\fluentlenium-core-0.10.2.jar;C:\Users\ASUS\.m2\repository\io\github\bonigarcia\webdrivermanager\5.1.0\webdrivermanager-5.1.0.jar;C:\Users\ASUS\.m2\repository\com\github\docker-java\docker-java\3.2.13\docker-java-3.2.13.jar;C:\Users\ASUS\.m2\repository\com\github\docker-java\docker-java-core\3.2.13\docker-java-core-3.2.13.jar;C:\Users\ASUS\.m2\repository\com\github\docker-java\docker-java-api\3.2.13\docker-java-api-3.2.13.jar;C:\Users\ASUS\.m2\repository\org\apache\commons\commons-compress\1.21\commons-compress-1.21.jar;C:\Users\ASUS\.m2\repository\org\bouncycastle\bcpkix-jdk15on\1.64\bcpkix-jdk15on-1.64.jar;C:\Users\ASUS\.m2\repository\org\bouncycastle\bcprov-jdk15on\1.64\bcprov-jdk15on-1.64.jar;C:\Users\ASUS\.m2\repository\org\slf4j\jcl-over-slf4j\1.7.30\jcl-over-slf4j-1.7.30.jar;C:\Users\ASUS\.m2\repository\com\github\docker-java\docker-java-transport-httpclient5\3.2.13\docker-java-transport-httpclient5-3.2.13.jar;C:\Users\ASUS\.m2\repository\com\github\docker-java\docker-java-transport\3.2.13\docker-java-transport-3.2.13.jar;C:\Users\ASUS\.m2\repository\org\apache\httpcomponents\client5\httpclient5\5.0.3\httpclient5-5.0.3.jar;C:\Users\ASUS\.m2\repository\org\apache\httpcomponents\core5\httpcore5\5.0.2\httpcore5-5.0.2.jar;C:\Users\ASUS\.m2\repository\net\java\dev\jna\jna\5.8.0\jna-5.8.0.jar;C:\Users\ASUS\.m2\repository\org\brotli\dec\0.1.2\dec-0.1.2.jar;C:\Users\ASUS\.m2\repository\com\jhlabs\filters\2.0.235\filters-2.0.235.jar;C:\Users\ASUS\.m2\repository\com\paulhammant\ngwebdriver\1.1.6\ngwebdriver-1.1.6.jar;C:\Users\ASUS\.m2\repository\joda-time\joda-time\2.8.2\joda-time-2.8.2.jar;C:\Users\ASUS\.m2\repository\org\hamcrest\hamcrest\2.2\hamcrest-2.2.jar;C:\Users\ASUS\.m2\repository\com\google\jimfs\jimfs\1.2\jimfs-1.2.jar;C:\Users\ASUS\.m2\repository\org\mockito\mockito-core\3.3.3\mockito-core-3.3.3.jar;C:\Users\ASUS\.m2\repository\javax\xml\bind\jaxb-api\2.3.1\jaxb-api-2.3.1.jar;C:\Users\ASUS\.m2\repository\javax\activation\javax.activation-api\1.2.0\javax.activation-api-1.2.0.jar;C:\Users\ASUS\.m2\repository\com\sun\xml\bind\jaxb-core\2.3.0.1\jaxb-core-2.3.0.1.jar;C:\Users\ASUS\.m2\repository\com\sun\xml\bind\jaxb-impl\2.3.3\jaxb-impl-2.3.3.jar;C:\Users\ASUS\.m2\repository\jakarta\xml\bind\jakarta.xml.bind-api\2.3.3\jakarta.xml.bind-api-2.3.3.jar;C:\Users\ASUS\.m2\repository\com\sun\activation\jakarta.activation\1.2.2\jakarta.activation-1.2.2.jar;C:\Users\ASUS\.m2\repository\javax\activation\activation\1.1.1\activation-1.1.1.jar;C:\Users\ASUS\.m2\repository\net\serenity-bdd\serenity-cucumber\3.2.1\serenity-cucumber-3.2.1.jar;C:\Users\ASUS\.m2\repository\io\cucumber\cucumber-core\7.2.3\cucumber-core-7.2.3.jar;C:\Users\ASUS\.m2\repository\io\cucumber\cucumber-gherkin\7.2.3\cucumber-gherkin-7.2.3.jar;C:\Users\ASUS\.m2\repository\io\cucumber\cucumber-gherkin-messages\7.2.3\cucumber-gherkin-messages-7.2.3.jar;C:\Users\ASUS\.m2\repository\io\cucumber\messages\17.1.1\messages-17.1.1.jar;C:\Users\ASUS\.m2\repository\io\cucumber\tag-expressions\4.1.0\tag-expressions-4.1.0.jar;C:\Users\ASUS\.m2\repository\io\cucumber\cucumber-expressions\15.0.1\cucumber-expressions-15.0.1.jar;C:\Users\ASUS\.m2\repository\io\cucumber\datatable\7.2.3\datatable-7.2.3.jar;C:\Users\ASUS\.m2\repository\io\cucumber\cucumber-plugin\7.2.3\cucumber-plugin-7.2.3.jar;C:\Users\ASUS\.m2\repository\io\cucumber\docstring\7.2.3\docstring-7.2.3.jar;C:\Users\ASUS\.m2\repository\io\cucumber\html-formatter\17.0.0\html-formatter-17.0.0.jar;C:\Users\ASUS\.m2\repository\io\cucumber\ci-environment\8.1.0\ci-environment-8.1.0.jar;C:\Users\ASUS\.m2\repository\io\cucumber\cucumber-junit\7.2.3\cucumber-junit-7.2.3.jar;C:\Users\ASUS\.m2\repository\org\apache\commons\commons-csv\1.5\commons-csv-1.5.jar;C:\Users\ASUS\.m2\repository\net\serenity-bdd\serenity-screenplay\3.2.1\serenity-screenplay-3.2.1.jar;C:\Users\ASUS\.m2\repository\net\serenity-bdd\serenity-screenplay-webdriver\3.2.1\serenity-screenplay-webdriver-3.2.1.jar;C:\Users\ASUS\.m2\repository\net\serenity-bdd\serenity-ensure\3.2.1\serenity-ensure-3.2.1.jar;C:\Users\ASUS\.m2\repository\net\serenity-bdd\serenity-junit\3.2.1\serenity-junit-3.2.1.jar;C:\Users\ASUS\.m2\repository\org\jetbrains\kotlin\kotlin-stdlib\1.6.0\kotlin-stdlib-1.6.0.jar;C:\Users\ASUS\.m2\repository\org\jetbrains\annotations\13.0\annotations-13.0.jar;C:\Users\ASUS\.m2\repository\org\jetbrains\kotlin\kotlin-stdlib-common\1.6.0\kotlin-stdlib-common-1.6.0.jar;C:\Users\ASUS\.m2\repository\org\junit\platform\junit-platform-launcher\1.8.1\junit-platform-launcher-1.8.1.jar;C:\Users\ASUS\.m2\repository\org\junit\platform\junit-platform-engine\1.8.1\junit-platform-engine-1.8.1.jar;C:\Users\ASUS\.m2\repository\org\opentest4j\opentest4j\1.2.0\opentest4j-1.2.0.jar;C:\Users\ASUS\.m2\repository\org\junit\platform\junit-platform-commons\1.8.1\junit-platform-commons-1.8.1.jar;C:\Users\ASUS\.m2\repository\org\apiguardian\apiguardian-api\1.1.2\apiguardian-api-1.1.2.jar;C:\Users\ASUS\.m2\repository\org\junit\jupiter\junit-jupiter-engine\5.8.2\junit-jupiter-engine-5.8.2.jar;C:\Users\ASUS\.m2\repository\org\junit\jupiter\junit-jupiter-api\5.8.2\junit-jupiter-api-5.8.2.jar;C:\Users\ASUS\.m2\repository\org\junit\vintage\junit-vintage-engine\5.8.2\junit-vintage-engine-5.8.2.jar;C:\Users\ASUS\.m2\repository\junit\junit\4.13.2\junit-4.13.2.jar;C:\Users\ASUS\.m2\repository\org\hamcrest\hamcrest-core\1.3\hamcrest-core-1.3.jar;C:\Users\ASUS\.m2\repository\ch\qos\logback\logback-classic\1.2.10\logback-classic-1.2.10.jar;C:\Users\ASUS\.m2\repository\ch\qos\logback\logback-core\1.2.10\logback-core-1.2.10.jar;C:\Users\ASUS\.m2\repository\org\slf4j\slf4j-api\1.7.32\slf4j-api-1.7.32.jar;C:\Users\ASUS\.m2\repository\org\assertj\assertj-core\3.6.2\assertj-core-3.6.2.jar;"/>
    <property name="sun.cpu.endian" value="little"/>
    <property name="user.home" value="C:\Users\ASUS"/>
    <property name="user.language" value="en"/>
    <property name="java.specification.vendor" value="Oracle Corporation"/>
    <property name="jdk.module.path" value="D:\PERKULIAHAN\Semester 6,Hebatt glad!\QE-FGD\Automation-test-Website - Copy\target\Automation-test-Website-1.0-SNAPSHOT.jar"/>
    <property name="java.version.date" value="2021-01-19"/>
    <property name="java.home" value="C:\Program Files\Java\jdk-15.0.2"/>
    <property name="file.separator" value="\"/>
    <property name="basedir" value="D:\PERKULIAHAN\Semester 6,Hebatt glad!\QE-FGD\Automation-test-Website - Copy"/>
    <property name="java.vm.compressedOopsMode" value="Zero based"/>
    <property name="line.separator" value="&#10;"/>
    <property name="java.vm.specification.vendor" value="Oracle Corporation"/>
    <property name="java.specification.name" value="Java Platform API Specification"/>
    <property name="surefire.real.class.path" value="C:\Users\ASUS\.m2\repository\org\apache\maven\surefire\surefire-booter\3.0.0-M5\surefire-booter-3.0.0-M5.jar;C:\Users\ASUS\.m2\repository\org\apache\maven\surefire\surefire-api\3.0.0-M5\surefire-api-3.0.0-M5.jar;C:\Users\ASUS\.m2\repository\org\apache\maven\surefire\surefire-logger-api\3.0.0-M5\surefire-logger-api-3.0.0-M5.jar;C:\Users\ASUS\.m2\repository\org\apache\maven\surefire\surefire-shared-utils\3.0.0-M4\surefire-shared-utils-3.0.0-M4.jar;C:\Users\ASUS\.m2\repository\org\apache\maven\surefire\surefire-extensions-spi\3.0.0-M5\surefire-extensions-spi-3.0.0-M5.jar;D:\PERKULIAHAN\Semester 6,Hebatt glad!\QE-FGD\Automation-test-Website - Copy\target\test-classes;C:\Users\ASUS\.m2\repository\net\serenity-bdd\serenity-core\3.2.1\serenity-core-3.2.1.jar;C:\Users\ASUS\.m2\repository\net\serenity-bdd\serenity-model\3.2.1\serenity-model-3.2.1.jar;C:\Users\ASUS\.m2\repository\org\apache\commons\commons-text\1.9\commons-text-1.9.jar;C:\Users\ASUS\.m2\repository\commons-net\commons-net\3.8.0\commons-net-3.8.0.jar;C:\Users\ASUS\.m2\repository\com\google\guava\guava\31.1-jre\guava-31.1-jre.jar;C:\Users\ASUS\.m2\repository\com\google\guava\failureaccess\1.0.1\failureaccess-1.0.1.jar;C:\Users\ASUS\.m2\repository\com\google\guava\listenablefuture\9999.0-empty-to-avoid-conflict-with-guava\listenablefuture-9999.0-empty-to-avoid-conflict-with-guava.jar;C:\Users\ASUS\.m2\repository\com\google\code\findbugs\jsr305\3.0.2\jsr305-3.0.2.jar;C:\Users\ASUS\.m2\repository\org\checkerframework\checker-qual\3.12.0\checker-qual-3.12.0.jar;C:\Users\ASUS\.m2\repository\com\google\errorprone\error_prone_annotations\2.11.0\error_prone_annotations-2.11.0.jar;C:\Users\ASUS\.m2\repository\com\google\j2objc\j2objc-annotations\1.3\j2objc-annotations-1.3.jar;C:\Users\ASUS\.m2\repository\com\google\inject\guice\5.1.0\guice-5.1.0.jar;C:\Users\ASUS\.m2\repository\javax\inject\javax.inject\1\javax.inject-1.jar;C:\Users\ASUS\.m2\repository\aopalliance\aopalliance\1.0\aopalliance-1.0.jar;C:\Users\ASUS\.m2\repository\org\jsoup\jsoup\1.14.3\jsoup-1.14.3.jar;C:\Users\ASUS\.m2\repository\com\thoughtworks\xstream\xstream\1.4.19\xstream-1.4.19.jar;C:\Users\ASUS\.m2\repository\io\github\x-stream\mxparser\1.2.2\mxparser-1.2.2.jar;C:\Users\ASUS\.m2\repository\xmlpull\xmlpull\1.1.3.1\xmlpull-1.1.3.1.jar;C:\Users\ASUS\.m2\repository\io\cucumber\cucumber-java\7.2.3\cucumber-java-7.2.3.jar;C:\Users\ASUS\.m2\repository\com\typesafe\config\1.4.2\config-1.4.2.jar;C:\Users\ASUS\.m2\repository\org\imgscalr\imgscalr-lib\4.2\imgscalr-lib-4.2.jar;C:\Users\ASUS\.m2\repository\org\awaitility\awaitility\4.2.0\awaitility-4.2.0.jar;C:\Users\ASUS\.m2\repository\org\freemarker\freemarker\2.3.31\freemarker-2.3.31.jar;C:\Users\ASUS\.m2\repository\io\github\classgraph\classgraph\4.8.138\classgraph-4.8.138.jar;C:\Users\ASUS\.m2\repository\net\sourceforge\jexcelapi\jxl\2.6.12\jxl-2.6.12.jar;C:\Users\ASUS\.m2\repository\net\bytebuddy\byte-buddy\1.12.8\byte-buddy-1.12.8.jar;C:\Users\ASUS\.m2\repository\net\bytebuddy\byte-buddy-agent\1.12.8\byte-buddy-agent-1.12.8.jar;C:\Users\ASUS\.m2\repository\org\objenesis\objenesis\3.1\objenesis-3.1.jar;C:\Users\ASUS\.m2\repository\net\serenity-bdd\serenity-reports\3.2.1\serenity-reports-3.2.1.jar;C:\Users\ASUS\.m2\repository\net\serenity-bdd\serenity-stats\3.2.1\serenity-stats-3.2.1.jar;C:\Users\ASUS\.m2\repository\net\serenity-bdd\serenity-reports-configuration\3.2.1\serenity-reports-configuration-3.2.1.jar;C:\Users\ASUS\.m2\repository\com\vladsch\flexmark\flexmark-all\0.34.30\flexmark-all-0.34.30.jar;C:\Users\ASUS\.m2\repository\com\vladsch\flexmark\flexmark\0.34.30\flexmark-0.34.30.jar;C:\Users\ASUS\.m2\repository\com\vladsch\flexmark\flexmark-ext-abbreviation\0.34.30\flexmark-ext-abbreviation-0.34.30.jar;C:\Users\ASUS\.m2\repository\com\vladsch\flexmark\flexmark-ext-admonition\0.34.30\flexmark-ext-admonition-0.34.30.jar;C:\Users\ASUS\.m2\repository\com\vladsch\flexmark\flexmark-ext-anchorlink\0.34.30\flexmark-ext-anchorlink-0.34.30.jar;C:\Users\ASUS\.m2\repository\com\vladsch\flexmark\flexmark-ext-aside\0.34.30\flexmark-ext-aside-0.34.30.jar;C:\Users\ASUS\.m2\repository\com\vladsch\flexmark\flexmark-ext-attributes\0.34.30\flexmark-ext-attributes-0.34.30.jar;C:\Users\ASUS\.m2\repository\com\vladsch\flexmark\flexmark-ext-autolink\0.34.30\flexmark-ext-autolink-0.34.30.jar;C:\Users\ASUS\.m2\repository\org\nibor\autolink\autolink\0.6.0\autolink-0.6.0.jar;C:\Users\ASUS\.m2\repository\com\vladsch\flexmark\flexmark-ext-definition\0.34.30\flexmark-ext-definition-0.34.30.jar;C:\Users\ASUS\.m2\repository\com\vladsch\flexmark\flexmark-ext-emoji\0.34.30\flexmark-ext-emoji-0.34.30.jar;C:\Users\ASUS\.m2\repository\com\vladsch\flexmark\flexmark-ext-enumerated-reference\0.34.30\flexmark-ext-enumerated-reference-0.34.30.jar;C:\Users\ASUS\.m2\repository\com\vladsch\flexmark\flexmark-ext-escaped-character\0.34.30\flexmark-ext-escaped-character-0.34.30.jar;C:\Users\ASUS\.m2\repository\com\vladsch\flexmark\flexmark-ext-footnotes\0.34.30\flexmark-ext-footnotes-0.34.30.jar;C:\Users\ASUS\.m2\repository\com\vladsch\flexmark\flexmark-ext-gfm-issues\0.34.30\flexmark-ext-gfm-issues-0.34.30.jar;C:\Users\ASUS\.m2\repository\com\vladsch\flexmark\flexmark-ext-gfm-strikethrough\0.34.30\flexmark-ext-gfm-strikethrough-0.34.30.jar;C:\Users\ASUS\.m2\repository\com\vladsch\flexmark\flexmark-ext-gfm-tables\0.34.30\flexmark-ext-gfm-tables-0.34.30.jar;C:\Users\ASUS\.m2\repository\com\vladsch\flexmark\flexmark-ext-gfm-tasklist\0.34.30\flexmark-ext-gfm-tasklist-0.34.30.jar;C:\Users\ASUS\.m2\repository\com\vladsch\flexmark\flexmark-ext-gfm-users\0.34.30\flexmark-ext-gfm-users-0.34.30.jar;C:\Users\ASUS\.m2\repository\com\vladsch\flexmark\flexmark-ext-gitlab\0.34.30\flexmark-ext-gitlab-0.34.30.jar;C:\Users\ASUS\.m2\repository\com\vladsch\flexmark\flexmark-ext-jekyll-front-matter\0.34.30\flexmark-ext-jekyll-front-matter-0.34.30.jar;C:\Users\ASUS\.m2\repository\com\vladsch\flexmark\flexmark-ext-jekyll-tag\0.34.30\flexmark-ext-jekyll-tag-0.34.30.jar;C:\Users\ASUS\.m2\repository\com\vladsch\flexmark\flexmark-ext-media-tags\0.34.30\flexmark-ext-media-tags-0.34.30.jar;C:\Users\ASUS\.m2\repository\com\vladsch\flexmark\flexmark-test-util\0.34.30\flexmark-test-util-0.34.30.jar;C:\Users\ASUS\.m2\repository\com\vladsch\flexmark\flexmark-ext-ins\0.34.30\flexmark-ext-ins-0.34.30.jar;C:\Users\ASUS\.m2\repository\com\vladsch\flexmark\flexmark-ext-xwiki-macros\0.34.30\flexmark-ext-xwiki-macros-0.34.30.jar;C:\Users\ASUS\.m2\repository\com\vladsch\flexmark\flexmark-ext-superscript\0.34.30\flexmark-ext-superscript-0.34.30.jar;C:\Users\ASUS\.m2\repository\com\vladsch\flexmark\flexmark-ext-tables\0.34.30\flexmark-ext-tables-0.34.30.jar;C:\Users\ASUS\.m2\repository\com\vladsch\flexmark\flexmark-ext-toc\0.34.30\flexmark-ext-toc-0.34.30.jar;C:\Users\ASUS\.m2\repository\com\vladsch\flexmark\flexmark-ext-typographic\0.34.30\flexmark-ext-typographic-0.34.30.jar;C:\Users\ASUS\.m2\repository\com\vladsch\flexmark\flexmark-ext-wikilink\0.34.30\flexmark-ext-wikilink-0.34.30.jar;C:\Users\ASUS\.m2\repository\com\vladsch\flexmark\flexmark-ext-yaml-front-matter\0.34.30\flexmark-ext-yaml-front-matter-0.34.30.jar;C:\Users\ASUS\.m2\repository\com\vladsch\flexmark\flexmark-ext-youtube-embedded\0.34.30\flexmark-ext-youtube-embedded-0.34.30.jar;C:\Users\ASUS\.m2\repository\com\vladsch\flexmark\flexmark-formatter\0.34.30\flexmark-formatter-0.34.30.jar;C:\Users\ASUS\.m2\repository\com\vladsch\flexmark\flexmark-html-parser\0.34.30\flexmark-html-parser-0.34.30.jar;C:\Users\ASUS\.m2\repository\com\vladsch\flexmark\flexmark-jira-converter\0.34.30\flexmark-jira-converter-0.34.30.jar;C:\Users\ASUS\.m2\repository\com\vladsch\flexmark\flexmark-pdf-converter\0.34.30\flexmark-pdf-converter-0.34.30.jar;C:\Users\ASUS\.m2\repository\com\openhtmltopdf\openhtmltopdf-core\0.0.1-RC13\openhtmltopdf-core-0.0.1-RC13.jar;C:\Users\ASUS\.m2\repository\com\openhtmltopdf\openhtmltopdf-pdfbox\0.0.1-RC13\openhtmltopdf-pdfbox-0.0.1-RC13.jar;C:\Users\ASUS\.m2\repository\org\apache\pdfbox\pdfbox\2.0.8\pdfbox-2.0.8.jar;C:\Users\ASUS\.m2\repository\org\apache\pdfbox\fontbox\2.0.8\fontbox-2.0.8.jar;C:\Users\ASUS\.m2\repository\commons-logging\commons-logging\1.2\commons-logging-1.2.jar;C:\Users\ASUS\.m2\repository\org\apache\pdfbox\xmpbox\2.0.8\xmpbox-2.0.8.jar;C:\Users\ASUS\.m2\repository\de\rototor\pdfbox\graphics2d\0.12\graphics2d-0.12.jar;C:\Users\ASUS\.m2\repository\com\openhtmltopdf\openhtmltopdf-rtl-support\0.0.1-RC13\openhtmltopdf-rtl-support-0.0.1-RC13.jar;C:\Users\ASUS\.m2\repository\com\ibm\icu\icu4j\59.1\icu4j-59.1.jar;C:\Users\ASUS\.m2\repository\com\openhtmltopdf\openhtmltopdf-jsoup-dom-converter\0.0.1-RC13\openhtmltopdf-jsoup-dom-converter-0.0.1-RC13.jar;C:\Users\ASUS\.m2\repository\com\vladsch\flexmark\flexmark-profile-pegdown\0.34.30\flexmark-profile-pegdown-0.34.30.jar;C:\Users\ASUS\.m2\repository\com\vladsch\flexmark\flexmark-util\0.34.30\flexmark-util-0.34.30.jar;C:\Users\ASUS\.m2\repository\com\vladsch\flexmark\flexmark-youtrack-converter\0.34.30\flexmark-youtrack-converter-0.34.30.jar;C:\Users\ASUS\.m2\repository\es\nitaur\markdown\txtmark\0.16\txtmark-0.16.jar;C:\Users\ASUS\.m2\repository\net\serenity-bdd\serenity-report-resources\3.2.1\serenity-report-resources-3.2.1.jar;C:\Users\ASUS\.m2\repository\com\google\code\gson\gson\2.9.0\gson-2.9.0.jar;C:\Users\ASUS\.m2\repository\com\fasterxml\jackson\core\jackson-core\2.13.2\jackson-core-2.13.2.jar;C:\Users\ASUS\.m2\repository\com\fasterxml\jackson\core\jackson-databind\2.13.2\jackson-databind-2.13.2.jar;C:\Users\ASUS\.m2\repository\com\fasterxml\jackson\core\jackson-annotations\2.13.2\jackson-annotations-2.13.2.jar;C:\Users\ASUS\.m2\repository\commons-codec\commons-codec\1.15\commons-codec-1.15.jar;C:\Users\ASUS\.m2\repository\commons-io\commons-io\2.11.0\commons-io-2.11.0.jar;C:\Users\ASUS\.m2\repository\org\seleniumhq\selenium\selenium-java\4.1.2\selenium-java-4.1.2.jar;C:\Users\ASUS\.m2\repository\org\seleniumhq\selenium\selenium-devtools-v85\4.1.2\selenium-devtools-v85-4.1.2.jar;C:\Users\ASUS\.m2\repository\org\seleniumhq\selenium\selenium-devtools-v95\4.1.2\selenium-devtools-v95-4.1.2.jar;C:\Users\ASUS\.m2\repository\org\seleniumhq\selenium\selenium-devtools-v96\4.1.2\selenium-devtools-v96-4.1.2.jar;C:\Users\ASUS\.m2\repository\org\seleniumhq\selenium\selenium-devtools-v97\4.1.2\selenium-devtools-v97-4.1.2.jar;C:\Users\ASUS\.m2\repository\org\seleniumhq\selenium\selenium-firefox-xpi-driver\4.1.2\selenium-firefox-xpi-driver-4.1.2.jar;C:\Users\ASUS\.m2\repository\org\seleniumhq\selenium\selenium-opera-driver\4.1.2\selenium-opera-driver-4.1.2.jar;C:\Users\ASUS\.m2\repository\org\seleniumhq\selenium\selenium-remote-driver\4.1.2\selenium-remote-driver-4.1.2.jar;C:\Users\ASUS\.m2\repository\com\beust\jcommander\1.82\jcommander-1.82.jar;C:\Users\ASUS\.m2\repository\io\netty\netty-buffer\4.1.73.Final\netty-buffer-4.1.73.Final.jar;C:\Users\ASUS\.m2\repository\io\netty\netty-codec-http\4.1.73.Final\netty-codec-http-4.1.73.Final.jar;C:\Users\ASUS\.m2\repository\io\netty\netty-codec\4.1.73.Final\netty-codec-4.1.73.Final.jar;C:\Users\ASUS\.m2\repository\io\netty\netty-handler\4.1.73.Final\netty-handler-4.1.73.Final.jar;C:\Users\ASUS\.m2\repository\io\netty\netty-tcnative-classes\2.0.46.Final\netty-tcnative-classes-2.0.46.Final.jar;C:\Users\ASUS\.m2\repository\io\netty\netty-common\4.1.73.Final\netty-common-4.1.73.Final.jar;C:\Users\ASUS\.m2\repository\io\netty\netty-transport-classes-epoll\4.1.73.Final\netty-transport-classes-epoll-4.1.73.Final.jar;C:\Users\ASUS\.m2\repository\io\netty\netty-transport-classes-kqueue\4.1.73.Final\netty-transport-classes-kqueue-4.1.73.Final.jar;C:\Users\ASUS\.m2\repository\io\netty\netty-transport-native-epoll\4.1.73.Final\netty-transport-native-epoll-4.1.73.Final.jar;C:\Users\ASUS\.m2\repository\io\netty\netty-transport-native-kqueue\4.1.73.Final\netty-transport-native-kqueue-4.1.73.Final.jar;C:\Users\ASUS\.m2\repository\io\netty\netty-transport-native-unix-common\4.1.73.Final\netty-transport-native-unix-common-4.1.73.Final.jar;C:\Users\ASUS\.m2\repository\io\netty\netty-transport\4.1.73.Final\netty-transport-4.1.73.Final.jar;C:\Users\ASUS\.m2\repository\io\netty\netty-resolver\4.1.73.Final\netty-resolver-4.1.73.Final.jar;C:\Users\ASUS\.m2\repository\io\opentelemetry\opentelemetry-api\1.10.1\opentelemetry-api-1.10.1.jar;C:\Users\ASUS\.m2\repository\io\opentelemetry\opentelemetry-context\1.10.1\opentelemetry-context-1.10.1.jar;C:\Users\ASUS\.m2\repository\io\opentelemetry\opentelemetry-exporter-logging\1.10.1\opentelemetry-exporter-logging-1.10.1.jar;C:\Users\ASUS\.m2\repository\io\opentelemetry\opentelemetry-sdk-metrics\1.10.1-alpha\opentelemetry-sdk-metrics-1.10.1-alpha.jar;C:\Users\ASUS\.m2\repository\io\opentelemetry\opentelemetry-sdk-logs\1.10.1-alpha\opentelemetry-sdk-logs-1.10.1-alpha.jar;C:\Users\ASUS\.m2\repository\io\opentelemetry\opentelemetry-sdk-common\1.10.1\opentelemetry-sdk-common-1.10.1.jar;C:\Users\ASUS\.m2\repository\io\opentelemetry\opentelemetry-sdk-extension-autoconfigure-spi\1.10.1\opentelemetry-sdk-extension-autoconfigure-spi-1.10.1.jar;C:\Users\ASUS\.m2\repository\io\opentelemetry\opentelemetry-sdk-extension-autoconfigure\1.10.1-alpha\opentelemetry-sdk-extension-autoconfigure-1.10.1-alpha.jar;C:\Users\ASUS\.m2\repository\io\opentelemetry\opentelemetry-sdk-trace\1.10.1\opentelemetry-sdk-trace-1.10.1.jar;C:\Users\ASUS\.m2\repository\io\opentelemetry\opentelemetry-sdk\1.10.1\opentelemetry-sdk-1.10.1.jar;C:\Users\ASUS\.m2\repository\io\opentelemetry\opentelemetry-semconv\1.10.1-alpha\opentelemetry-semconv-1.10.1-alpha.jar;C:\Users\ASUS\.m2\repository\io\ous\jtoml\2.0.0\jtoml-2.0.0.jar;C:\Users\ASUS\.m2\repository\org\apache\commons\commons-exec\1.3\commons-exec-1.3.jar;C:\Users\ASUS\.m2\repository\org\asynchttpclient\async-http-client\2.12.3\async-http-client-2.12.3.jar;C:\Users\ASUS\.m2\repository\org\asynchttpclient\async-http-client-netty-utils\2.12.3\async-http-client-netty-utils-2.12.3.jar;C:\Users\ASUS\.m2\repository\io\netty\netty-codec-socks\4.1.60.Final\netty-codec-socks-4.1.60.Final.jar;C:\Users\ASUS\.m2\repository\io\netty\netty-handler-proxy\4.1.60.Final\netty-handler-proxy-4.1.60.Final.jar;C:\Users\ASUS\.m2\repository\io\netty\netty-transport-native-epoll\4.1.60.Final\netty-transport-native-epoll-4.1.60.Final-linux-x86_64.jar;C:\Users\ASUS\.m2\repository\io\netty\netty-transport-native-kqueue\4.1.60.Final\netty-transport-native-kqueue-4.1.60.Final-osx-x86_64.jar;C:\Users\ASUS\.m2\repository\org\reactivestreams\reactive-streams\1.0.3\reactive-streams-1.0.3.jar;C:\Users\ASUS\.m2\repository\com\typesafe\netty\netty-reactive-streams\2.0.4\netty-reactive-streams-2.0.4.jar;C:\Users\ASUS\.m2\repository\org\seleniumhq\selenium\selenium-http\4.1.2\selenium-http-4.1.2.jar;C:\Users\ASUS\.m2\repository\net\jodah\failsafe\2.4.4\failsafe-2.4.4.jar;C:\Users\ASUS\.m2\repository\org\seleniumhq\selenium\selenium-safari-driver\4.1.2\selenium-safari-driver-4.1.2.jar;C:\Users\ASUS\.m2\repository\org\seleniumhq\selenium\selenium-api\4.1.2\selenium-api-4.1.2.jar;C:\Users\ASUS\.m2\repository\org\seleniumhq\selenium\selenium-support\4.1.2\selenium-support-4.1.2.jar;C:\Users\ASUS\.m2\repository\com\google\auto\service\auto-service-annotations\1.0.1\auto-service-annotations-1.0.1.jar;C:\Users\ASUS\.m2\repository\com\google\auto\service\auto-service\1.0.1\auto-service-1.0.1.jar;C:\Users\ASUS\.m2\repository\com\google\auto\auto-common\1.2\auto-common-1.2.jar;C:\Users\ASUS\.m2\repository\org\seleniumhq\selenium\selenium-json\4.1.2\selenium-json-4.1.2.jar;C:\Users\ASUS\.m2\repository\org\seleniumhq\selenium\selenium-chrome-driver\4.1.2\selenium-chrome-driver-4.1.2.jar;C:\Users\ASUS\.m2\repository\org\seleniumhq\selenium\selenium-chromium-driver\4.1.2\selenium-chromium-driver-4.1.2.jar;C:\Users\ASUS\.m2\repository\org\seleniumhq\selenium\selenium-firefox-driver\4.1.2\selenium-firefox-driver-4.1.2.jar;C:\Users\ASUS\.m2\repository\org\seleniumhq\selenium\selenium-edge-driver\4.1.2\selenium-edge-driver-4.1.2.jar;C:\Users\ASUS\.m2\repository\org\seleniumhq\selenium\selenium-ie-driver\4.1.2\selenium-ie-driver-4.1.2.jar;C:\Users\ASUS\.m2\repository\org\projectlombok\lombok\1.18.20\lombok-1.18.20.jar;C:\Users\ASUS\.m2\repository\io\appium\java-client\8.0.0\java-client-8.0.0.jar;C:\Users\ASUS\.m2\repository\commons-validator\commons-validator\1.7\commons-validator-1.7.jar;C:\Users\ASUS\.m2\repository\commons-digester\commons-digester\2.1\commons-digester-2.1.jar;C:\Users\ASUS\.m2\repository\org\aspectj\aspectjweaver\1.9.8\aspectjweaver-1.9.8.jar;C:\Users\ASUS\.m2\repository\org\codehaus\groovy\groovy\3.0.10\groovy-3.0.10.jar;C:\Users\ASUS\.m2\repository\net\sf\opencsv\opencsv\2.0\opencsv-2.0.jar;C:\Users\ASUS\.m2\repository\commons-beanutils\commons-beanutils\1.9.4\commons-beanutils-1.9.4.jar;C:\Users\ASUS\.m2\repository\org\apache\commons\commons-lang3\3.12.0\commons-lang3-3.12.0.jar;C:\Users\ASUS\.m2\repository\commons-collections\commons-collections\3.2.2\commons-collections-3.2.2.jar;C:\Users\ASUS\.m2\repository\org\fluentlenium\fluentlenium-core\0.10.2\fluentlenium-core-0.10.2.jar;C:\Users\ASUS\.m2\repository\io\github\bonigarcia\webdrivermanager\5.1.0\webdrivermanager-5.1.0.jar;C:\Users\ASUS\.m2\repository\com\github\docker-java\docker-java\3.2.13\docker-java-3.2.13.jar;C:\Users\ASUS\.m2\repository\com\github\docker-java\docker-java-core\3.2.13\docker-java-core-3.2.13.jar;C:\Users\ASUS\.m2\repository\com\github\docker-java\docker-java-api\3.2.13\docker-java-api-3.2.13.jar;C:\Users\ASUS\.m2\repository\org\apache\commons\commons-compress\1.21\commons-compress-1.21.jar;C:\Users\ASUS\.m2\repository\org\bouncycastle\bcpkix-jdk15on\1.64\bcpkix-jdk15on-1.64.jar;C:\Users\ASUS\.m2\repository\org\bouncycastle\bcprov-jdk15on\1.64\bcprov-jdk15on-1.64.jar;C:\Users\ASUS\.m2\repository\org\slf4j\jcl-over-slf4j\1.7.30\jcl-over-slf4j-1.7.30.jar;C:\Users\ASUS\.m2\repository\com\github\docker-java\docker-java-transport-httpclient5\3.2.13\docker-java-transport-httpclient5-3.2.13.jar;C:\Users\ASUS\.m2\repository\com\github\docker-java\docker-java-transport\3.2.13\docker-java-transport-3.2.13.jar;C:\Users\ASUS\.m2\repository\org\apache\httpcomponents\client5\httpclient5\5.0.3\httpclient5-5.0.3.jar;C:\Users\ASUS\.m2\repository\org\apache\httpcomponents\core5\httpcore5\5.0.2\httpcore5-5.0.2.jar;C:\Users\ASUS\.m2\repository\net\java\dev\jna\jna\5.8.0\jna-5.8.0.jar;C:\Users\ASUS\.m2\repository\org\brotli\dec\0.1.2\dec-0.1.2.jar;C:\Users\ASUS\.m2\repository\com\jhlabs\filters\2.0.235\filters-2.0.235.jar;C:\Users\ASUS\.m2\repository\com\paulhammant\ngwebdriver\1.1.6\ngwebdriver-1.1.6.jar;C:\Users\ASUS\.m2\repository\joda-time\joda-time\2.8.2\joda-time-2.8.2.jar;C:\Users\ASUS\.m2\repository\org\hamcrest\hamcrest\2.2\hamcrest-2.2.jar;C:\Users\ASUS\.m2\repository\com\google\jimfs\jimfs\1.2\jimfs-1.2.jar;C:\Users\ASUS\.m2\repository\org\mockito\mockito-core\3.3.3\mockito-core-3.3.3.jar;C:\Users\ASUS\.m2\repository\javax\xml\bind\jaxb-api\2.3.1\jaxb-api-2.3.1.jar;C:\Users\ASUS\.m2\repository\javax\activation\javax.activation-api\1.2.0\javax.activation-api-1.2.0.jar;C:\Users\ASUS\.m2\repository\com\sun\xml\bind\jaxb-core\2.3.0.1\jaxb-core-2.3.0.1.jar;C:\Users\ASUS\.m2\repository\com\sun\xml\bind\jaxb-impl\2.3.3\jaxb-impl-2.3.3.jar;C:\Users\ASUS\.m2\repository\jakarta\xml\bind\jakarta.xml.bind-api\2.3.3\jakarta.xml.bind-api-2.3.3.jar;C:\Users\ASUS\.m2\repository\com\sun\activation\jakarta.activation\1.2.2\jakarta.activation-1.2.2.jar;C:\Users\ASUS\.m2\repository\javax\activation\activation\1.1.1\activation-1.1.1.jar;C:\Users\ASUS\.m2\repository\net\serenity-bdd\serenity-cucumber\3.2.1\serenity-cucumber-3.2.1.jar;C:\Users\ASUS\.m2\repository\io\cucumber\cucumber-core\7.2.3\cucumber-core-7.2.3.jar;C:\Users\ASUS\.m2\repository\io\cucumber\cucumber-gherkin\7.2.3\cucumber-gherkin-7.2.3.jar;C:\Users\ASUS\.m2\repository\io\cucumber\cucumber-gherkin-messages\7.2.3\cucumber-gherkin-messages-7.2.3.jar;C:\Users\ASUS\.m2\repository\io\cucumber\messages\17.1.1\messages-17.1.1.jar;C:\Users\ASUS\.m2\repository\io\cucumber\tag-expressions\4.1.0\tag-expressions-4.1.0.jar;C:\Users\ASUS\.m2\repository\io\cucumber\cucumber-expressions\15.0.1\cucumber-expressions-15.0.1.jar;C:\Users\ASUS\.m2\repository\io\cucumber\datatable\7.2.3\datatable-7.2.3.jar;C:\Users\ASUS\.m2\repository\io\cucumber\cucumber-plugin\7.2.3\cucumber-plugin-7.2.3.jar;C:\Users\ASUS\.m2\repository\io\cucumber\docstring\7.2.3\docstring-7.2.3.jar;C:\Users\ASUS\.m2\repository\io\cucumber\html-formatter\17.0.0\html-formatter-17.0.0.jar;C:\Users\ASUS\.m2\repository\io\cucumber\ci-environment\8.1.0\ci-environment-8.1.0.jar;C:\Users\ASUS\.m2\repository\io\cucumber\cucumber-junit\7.2.3\cucumber-junit-7.2.3.jar;C:\Users\ASUS\.m2\repository\org\apache\commons\commons-csv\1.5\commons-csv-1.5.jar;C:\Users\ASUS\.m2\repository\net\serenity-bdd\serenity-screenplay\3.2.1\serenity-screenplay-3.2.1.jar;C:\Users\ASUS\.m2\repository\net\serenity-bdd\serenity-screenplay-webdriver\3.2.1\serenity-screenplay-webdriver-3.2.1.jar;C:\Users\ASUS\.m2\repository\net\serenity-bdd\serenity-ensure\3.2.1\serenity-ensure-3.2.1.jar;C:\Users\ASUS\.m2\repository\net\serenity-bdd\serenity-junit\3.2.1\serenity-junit-3.2.1.jar;C:\Users\ASUS\.m2\repository\org\jetbrains\kotlin\kotlin-stdlib\1.6.0\kotlin-stdlib-1.6.0.jar;C:\Users\ASUS\.m2\repository\org\jetbrains\annotations\13.0\annotations-13.0.jar;C:\Users\ASUS\.m2\repository\org\jetbrains\kotlin\kotlin-stdlib-common\1.6.0\kotlin-stdlib-common-1.6.0.jar;C:\Users\ASUS\.m2\repository\org\junit\platform\junit-platform-launcher\1.8.1\junit-platform-launcher-1.8.1.jar;C:\Users\ASUS\.m2\repository\org\junit\platform\junit-platform-engine\1.8.1\junit-platform-engine-1.8.1.jar;C:\Users\ASUS\.m2\repository\org\opentest4j\opentest4j\1.2.0\opentest4j-1.2.0.jar;C:\Users\ASUS\.m2\repository\org\junit\platform\junit-platform-commons\1.8.1\junit-platform-commons-1.8.1.jar;C:\Users\ASUS\.m2\repository\org\apiguardian\apiguardian-api\1.1.2\apiguardian-api-1.1.2.jar;C:\Users\ASUS\.m2\repository\org\junit\jupiter\junit-jupiter-engine\5.8.2\junit-jupiter-engine-5.8.2.jar;C:\Users\ASUS\.m2\repository\org\junit\jupiter\junit-jupiter-api\5.8.2\junit-jupiter-api-5.8.2.jar;C:\Users\ASUS\.m2\repository\org\junit\vintage\junit-vintage-engine\5.8.2\junit-vintage-engine-5.8.2.jar;C:\Users\ASUS\.m2\repository\junit\junit\4.13.2\junit-4.13.2.jar;C:\Users\ASUS\.m2\repository\org\hamcrest\hamcrest-core\1.3\hamcrest-core-1.3.jar;C:\Users\ASUS\.m2\repository\ch\qos\logback\logback-classic\1.2.10\logback-classic-1.2.10.jar;C:\Users\ASUS\.m2\repository\ch\qos\logback\logback-core\1.2.10\logback-core-1.2.10.jar;C:\Users\ASUS\.m2\repository\org\slf4j\slf4j-api\1.7.32\slf4j-api-1.7.32.jar;C:\Users\ASUS\.m2\repository\org\assertj\assertj-core\3.6.2\assertj-core-3.6.2.jar;C:\Users\ASUS\.m2\repository\org\apache\maven\surefire\surefire-junit-platform\3.0.0-M5\surefire-junit-platform-3.0.0-M5.jar;C:\Users\ASUS\.m2\repository\org\apache\maven\surefire\common-java5\3.0.0-M5\common-java5-3.0.0-M5.jar"/>
    <property name="user.script" value=""/>
    <property name="java.protocol.handler.pkgs" value="com.google.common"/>
    <property name="sun.management.compiler" value="HotSpot 64-Bit Tiered Compilers"/>
    <property name="java.runtime.version" value="15.0.2+7-27"/>
    <property name="user.name" value="ASUS"/>
    <property name="path.separator" value=";"/>
    <property name="os.version" value="10.0"/>
    <property name="java.runtime.name" value="Java(TM) SE Runtime Environment"/>
    <property name="file.encoding" value="Cp1252"/>
    <property name="webdriver.base.url" value=""/>
    <property name="java.vm.name" value="Java HotSpot(TM) 64-Bit Server VM"/>
    <property name="localRepository" value="C:\Users\ASUS\.m2\repository"/>
    <property name="java.vendor.url.bug" value="https://bugreport.java.com/bugreport/"/>
    <property name="java.io.tmpdir" value="C:\Users\ASUS\AppData\Local\Temp\"/>
    <property name="java.version" value="15.0.2"/>
    <property name="user.dir" value="D:\PERKULIAHAN\Semester 6,Hebatt glad!\QE-FGD\Automation-test-Website - Copy"/>
    <property name="os.arch" value="amd64"/>
    <property name="java.vm.specification.name" value="Java Virtual Machine Specification"/>
    <property name="sun.os.patch.level" value=""/>
    <property name="java.library.path" value="C:\Program Files\Java\jdk-15.0.2\bin;C:\WINDOWS\Sun\Java\bin;C:\WINDOWS\system32;C:\WINDOWS;C:\Program Files\nodejs\;C:\Program Files\Java\jdk-15.0.2\bin;C:\Program Files\Common Files\Oracle\Java\javapath;C:\WINDOWS;C:\WINDOWS\system32;C:\WINDOWS\System32\Wbem;C:\WINDOWS\System32\WindowsPowerShell\v1.0\;C:\WINDOWS\System32\OpenSSH\;C:\Program Files\Intel\WiFi\bin\;C:\Program Files\Common Files\Intel\WirelessCommon\;C:\MinGw\bin;C:\Program Files\Microsoft SQL Server\Client SDK\ODBC\170\Tools\Binn\;C:\Program Files (x86)\Microsoft SQL Server\150\Tools\Binn\;C:\Program Files\Microsoft SQL Server\150\Tools\Binn\;C:\Program Files\Microsoft SQL Server\150\DTS\Binn\;C:\Program Files (x86)\dotnet\;C:\MinGW\bin;C:\Program Files\apache-maven-3.8.1\bin;C:\Program Files\chromedriver_win32;C:\Program Files\dotnet\;%ANDROID_HOME%\platform-tools;%ANDROID_HOME%\tools;C:\Program Files\Git\cmd;C:\Users\ASUS\AppData\Local\Microsoft\WindowsApps;C:\Users\ASUS\AppData\Local\Programs\Microsoft VS Code\bin;C:\Users\ASUS\.dotnet\tools;C:\Program Files\erl-24.1\bin;C:\Program Files\RabbitMQ Server;C:\Program Files (x86)\Sophos\Sophos SSL VPN Client\bin;C:\Program Files\JetBrains\IntelliJ IDEA 2021.3.2\bin;;C:\Users\ASUS\AppData\Roaming\npm;."/>
    <property name="java.vm.info" value="mixed mode"/>
    <property name="java.vendor" value="Oracle Corporation"/>
    <property name="java.vm.version" value="15.0.2+7-27"/>
    <property name="sun.io.unicode.encoding" value="UnicodeLittle"/>
    <property name="java.class.version" value="59.0"/>
  </properties>
  <testcase name="Login scenario #1" classname="Login" time="45.446">
    <system-out><![CDATA[16:01:19.402 [main] INFO io.cucumber.core.plugin.SerenityReporter - Running feature from file:///D:/PERKULIAHAN/Semester%206,Hebatt%20glad!/QE-FGD/Automation-test-Website%20-%20Copy/src/test/resources/features/logins.feature
16:01:19.789 [main] INFO  - 

-------------------------------------------------------------------------------------
     _______. _______ .______       _______ .__   __.  __  .___________.____    ____ 
    /       ||   ____||   _  \     |   ____||  \ |  | |  | |           |\   \  /   / 
   |   (----`|  |__   |  |_)  |    |  |__   |   \|  | |  | `---|  |----` \   \/   /  
    \   \    |   __|  |      /     |   __|  |  . `  | |  |     |  |       \_    _/   
.----)   |   |  |____ |  |\  \----.|  |____ |  |\   | |  |     |  |         |  |     
|_______/    |_______|| _| `._____||_______||__| \__| |__|     |__|         |__|    
                                                                                     
 News and tutorials at http://www.serenity-bdd.info                                  
 Documentation at https://wakaleo.gitbooks.io/the-serenity-book/content/             
 Join the Serenity Community on Gitter: https://gitter.im/serenity-bdd/serenity-core 
 Serenity BDD Support and Training at http://serenity-bdd.info/#/trainingandsupport  
-------------------------------------------------------------------------------------

16:01:19.797 [main] DEBUG net.thucydides.core.steps.StepEventBus - Test suite started for story net.thucydides.core.model.Story@9fa4bce9
16:01:19.801 [main] INFO  - Test Suite Started: Login
16:01:19.830 [main] INFO io.cucumber.core.plugin.SerenityReporter - Running feature from file:///D:/PERKULIAHAN/Semester%206,Hebatt%20glad!/QE-FGD/Automation-test-Website%20-%20Copy/src/test/resources/features/logout.feature
16:01:19.850 [main] DEBUG net.thucydides.core.steps.StepEventBus - Test suite started for story net.thucydides.core.model.Story@b51a1248
16:01:19.852 [main] INFO  - Test Suite Started: Logout
16:01:19.852 [main] INFO io.cucumber.core.plugin.SerenityReporter - Running feature from file:///D:/PERKULIAHAN/Semester%206,Hebatt%20glad!/QE-FGD/Automation-test-Website%20-%20Copy/src/test/resources/features/register.feature
16:01:19.871 [main] DEBUG net.thucydides.core.steps.StepEventBus - Test suite started for story net.thucydides.core.model.Story@9f729512
16:01:19.871 [main] INFO  - Test Suite Started: Registration
16:01:19.871 [main] INFO io.cucumber.core.plugin.SerenityReporter - Running feature from file:///D:/PERKULIAHAN/Semester%206,Hebatt%20glad!/QE-FGD/Automation-test-Website%20-%20Copy/src/test/resources/features/logins.feature
16:01:19.887 [main] DEBUG net.thucydides.core.steps.StepEventBus - Test suite started for story net.thucydides.core.model.Story@9fa4bce9
16:01:19.887 [main] INFO  - Test Suite Started: Login

@login
Scenario Outline: Login scenario                                    &amp#27;[90m# src/test/resources/features/logins.feature:18&amp#27;[0m
16:01:20.227 [main] INFO io.cucumber.core.plugin.SerenityReporter - Running feature from file:///D:/PERKULIAHAN/Semester%206,Hebatt%20glad!/QE-FGD/Automation-test-Website%20-%20Copy/src/test/resources/features/logins.feature
16:01:20.501 [main] INFO  - 
  _____   ___   ___   _____     ___   _____     _     ___   _____   ___   ___  
 |_   _| | __| / __| |_   _|   / __| |_   _|   /_\   | _ \ |_   _| | __| |   \ 
   | |   | _|  \__ \   | |     \__ \   | |    / _ \  |   /   | |   | _|  | |) |
   |_|   |___| |___/   |_|     |___/   |_|   /_/ \_\ |_|_\   |_|   |___| |___/ 

Login scenario(login;login-scenario)
--------------------------------------------------------------------------------
16:01:21.591 [main] INFO net.serenitybdd.core.webdriver.driverproviders.ChromeDriverProvider - Using automatically driver download
16:01:26.095 [main] DEBUG io.github.bonigarcia.wdm.cache.ResolutionCache - Resolution chrome=103 in cache (valid until 16:34:03 22/07/2022 WIB)
16:01:26.124 [main] DEBUG io.github.bonigarcia.wdm.cache.ResolutionCache - Resolution chrome103=103.0.5060.134 in cache (valid until 17:00:36 22/07/2022 WIB)
16:01:26.154 [main] INFO io.github.bonigarcia.wdm.WebDriverManager - Using chromedriver 103.0.5060.134 (resolved driver for Chrome 103)
16:01:26.230 [main] DEBUG io.github.bonigarcia.wdm.WebDriverManager - Driver chromedriver 103.0.5060.134 found in cache
16:01:26.230 [main] INFO io.github.bonigarcia.wdm.WebDriverManager - Exporting webdriver.chrome.driver as C:\Users\ASUS\.cache\selenium\chromedriver\win32\103.0.5060.134\chromedriver.exe
16:01:27.151 [main] DEBUG net.thucydides.core.reflection.ClassFinder - Could not load class .cucumberTestSuite
16:01:27.151 [main] DEBUG net.thucydides.core.reflection.ClassFinder - Could not load class .starter.pages.HomePage
16:01:27.151 [main] DEBUG net.thucydides.core.reflection.ClassFinder - Could not load class .starter.pages.LoginPage
16:01:27.151 [main] DEBUG net.thucydides.core.reflection.ClassFinder - Could not load class .starter.pages.RegisterPage
16:01:27.151 [main] DEBUG net.thucydides.core.reflection.ClassFinder - Could not load class .starter.stepdefinitions.loginSteps
16:01:27.151 [main] DEBUG net.thucydides.core.reflection.ClassFinder - Could not load class .starter.stepdefinitions.logoutSteps
16:01:27.151 [main] DEBUG net.thucydides.core.reflection.ClassFinder - Could not load class .starter.stepdefinitions.registerSteps
16:01:27.151 [main] DEBUG net.thucydides.core.reflection.ClassFinder - Could not load class .utils.General
16:01:27.151 [main] DEBUG net.thucydides.core.reflection.ClassFinder - Could not load class META-INF.versions.9.com.sun.istack.logging.StackHelper
16:01:27.151 [main] DEBUG net.thucydides.core.reflection.ClassFinder - Could not load class META-INF.versions.9.com.sun.xml.bind.v2.runtime.reflect.opt.AccessorInjector
16:01:27.151 [main] DEBUG net.thucydides.core.reflection.ClassFinder - Could not load class META-INF.versions.9.com.sun.xml.bind.v2.runtime.reflect.opt.Injector
16:01:27.151 [main] DEBUG net.thucydides.core.reflection.ClassFinder - Could not load class META-INF.versions.9.com.sun.xml.bind.v2.runtime.reflect.opt.OptimizedAccessorFactory
16:01:27.151 [main] DEBUG net.thucydides.core.reflection.ClassFinder - Could not load class META-INF.versions.9.com.sun.xml.bind.v2.runtime.reflect.opt.OptimizedTransducedAccessorFactory
16:01:27.151 [main] DEBUG net.thucydides.core.reflection.ClassFinder - Could not load class META-INF.versions.9.io.opentelemetry.sdk.internal.CurrentJavaVersionSpecific
16:01:27.151 [main] DEBUG net.thucydides.core.reflection.ClassFinder - Could not load class META-INF.versions.9.io.opentelemetry.sdk.internal.Java9VersionSpecific
16:01:27.159 [main] DEBUG net.thucydides.core.reflection.ClassFinder - Could not load class META-INF.versions.9.javax.xml.bind.ModuleUtil
16:01:27.159 [main] DEBUG net.thucydides.core.reflection.ClassFinder - Could not load class META-INF.versions.9.module-info
16:01:27.159 [main] DEBUG net.thucydides.core.reflection.ClassFinder - Could not load class META-INF.versions.9.org.junit.platform.commons.util.ModuleUtils
16:01:27.870 [main] DEBUG net.thucydides.core.reflection.ClassFinder - Could not load class com.google.gson.internal.
16:01:28.221 [main] DEBUG net.thucydides.core.reflection.ClassFinder - Could not load class com.sun.xml.bind.v2.runtime.output.FastInfosetStreamWriterOutput
16:01:29.308 [main] DEBUG net.thucydides.core.reflection.ClassFinder - Could not load class module-info
16:01:41.346 [main] DEBUG io.netty.util.internal.logging.InternalLoggerFactory - Using SLF4J as the default logging framework
16:01:41.381 [main] DEBUG io.netty.util.ResourceLeakDetector - -Dio.netty.leakDetection.level: simple
16:01:41.394 [main] DEBUG io.netty.util.ResourceLeakDetector - -Dio.netty.leakDetection.targetRecords: 4
16:01:41.414 [main] DEBUG io.netty.util.ResourceLeakDetectorFactory - Loaded default ResourceLeakDetector: io.netty.util.ResourceLeakDetector@a8e649e
16:01:41.531 [main] DEBUG io.netty.util.internal.PlatformDependent0 - -Dio.netty.noUnsafe: false
16:01:41.534 [main] DEBUG io.netty.util.internal.PlatformDependent0 - Java version: 15
16:01:41.562 [main] DEBUG io.netty.util.internal.PlatformDependent0 - sun.misc.Unsafe.theUnsafe: available
16:01:41.568 [main] DEBUG io.netty.util.internal.PlatformDependent0 - sun.misc.Unsafe.copyMemory: available
16:01:41.570 [main] DEBUG io.netty.util.internal.PlatformDependent0 - java.nio.Buffer.address: available
16:01:41.574 [main] DEBUG io.netty.util.internal.PlatformDependent0 - direct buffer constructor: unavailable: Reflective setAccessible(true) disabled
16:01:41.581 [main] DEBUG io.netty.util.internal.PlatformDependent0 - java.nio.Bits.unaligned: available, true
16:01:41.588 [main] DEBUG io.netty.util.internal.PlatformDependent0 - jdk.internal.misc.Unsafe.allocateUninitializedArray(int): unavailable: class io.netty.util.internal.PlatformDependent0$6 cannot access class jdk.internal.misc.Unsafe (in module java.base) because module java.base does not export jdk.internal.misc to unnamed module @7249dadf
16:01:41.598 [main] DEBUG io.netty.util.internal.PlatformDependent0 - java.nio.DirectByteBuffer.<init>(long, int): unavailable
16:01:41.598 [main] DEBUG io.netty.util.internal.PlatformDependent - sun.misc.Unsafe: available
16:01:41.611 [main] DEBUG io.netty.util.internal.PlatformDependent - maxDirectMemory: 2671771648 bytes (maybe)
16:01:41.613 [main] DEBUG io.netty.util.internal.PlatformDependent - -Dio.netty.tmpdir: C:\Users\ASUS\AppData\Local\Temp (java.io.tmpdir)
16:01:41.613 [main] DEBUG io.netty.util.internal.PlatformDependent - -Dio.netty.bitMode: 64 (sun.arch.data.model)
16:01:41.614 [main] DEBUG io.netty.util.internal.PlatformDependent - Platform: Windows
16:01:41.619 [main] DEBUG io.netty.util.internal.PlatformDependent - -Dio.netty.maxDirectMemory: -1 bytes
16:01:41.620 [main] DEBUG io.netty.util.internal.PlatformDependent - -Dio.netty.uninitializedArrayAllocationThreshold: -1
16:01:41.624 [main] DEBUG io.netty.util.internal.CleanerJava9 - java.nio.ByteBuffer.cleaner(): available
16:01:41.625 [main] DEBUG io.netty.util.internal.PlatformDependent - -Dio.netty.noPreferDirect: false
16:01:41.672 [main] DEBUG io.netty.util.internal.PlatformDependent - org.jctools-core.MpscChunkedArrayQueue: available
16:01:41.799 [main] DEBUG io.netty.util.internal.InternalThreadLocalMap - -Dio.netty.threadLocalMap.stringBuilder.initialSize: 1024
16:01:41.800 [main] DEBUG io.netty.util.internal.InternalThreadLocalMap - -Dio.netty.threadLocalMap.stringBuilder.maxSize: 4096
16:01:42.187 [main] DEBUG io.netty.handler.ssl.JdkSslContext - Default protocols (JDK): [TLSv1.3, TLSv1.2, TLSv1.1, TLSv1] 
16:01:42.188 [main] DEBUG io.netty.handler.ssl.JdkSslContext - Default cipher suites (JDK): [TLS_ECDHE_ECDSA_WITH_AES_256_GCM_SHA384, TLS_ECDHE_ECDSA_WITH_AES_128_GCM_SHA256, TLS_ECDHE_RSA_WITH_AES_128_GCM_SHA256, TLS_ECDHE_RSA_WITH_AES_256_GCM_SHA384, TLS_ECDHE_RSA_WITH_AES_128_CBC_SHA, TLS_ECDHE_RSA_WITH_AES_256_CBC_SHA, TLS_RSA_WITH_AES_128_GCM_SHA256, TLS_RSA_WITH_AES_128_CBC_SHA, TLS_RSA_WITH_AES_256_CBC_SHA, TLS_AES_128_GCM_SHA256, TLS_AES_256_GCM_SHA384]
16:01:42.501 [main] DEBUG io.netty.channel.MultithreadEventLoopGroup - -Dio.netty.eventLoopThreads: 16
16:01:42.565 [main] DEBUG io.netty.channel.nio.NioEventLoop - -Dio.netty.noKeySetOptimization: false
16:01:42.565 [main] DEBUG io.netty.channel.nio.NioEventLoop - -Dio.netty.selectorAutoRebuildThreshold: 512
16:01:42.773 [main] DEBUG io.netty.buffer.PooledByteBufAllocator - -Dio.netty.allocator.numHeapArenas: 16
16:01:42.773 [main] DEBUG io.netty.buffer.PooledByteBufAllocator - -Dio.netty.allocator.numDirectArenas: 16
16:01:42.773 [main] DEBUG io.netty.buffer.PooledByteBufAllocator - -Dio.netty.allocator.pageSize: 8192
16:01:42.773 [main] DEBUG io.netty.buffer.PooledByteBufAllocator - -Dio.netty.allocator.maxOrder: 11
16:01:42.773 [main] DEBUG io.netty.buffer.PooledByteBufAllocator - -Dio.netty.allocator.chunkSize: 16777216
16:01:42.773 [main] DEBUG io.netty.buffer.PooledByteBufAllocator - -Dio.netty.allocator.smallCacheSize: 256
16:01:42.773 [main] DEBUG io.netty.buffer.PooledByteBufAllocator - -Dio.netty.allocator.normalCacheSize: 64
16:01:42.773 [main] DEBUG io.netty.buffer.PooledByteBufAllocator - -Dio.netty.allocator.maxCachedBufferCapacity: 32768
16:01:42.773 [main] DEBUG io.netty.buffer.PooledByteBufAllocator - -Dio.netty.allocator.cacheTrimInterval: 8192
16:01:42.773 [main] DEBUG io.netty.buffer.PooledByteBufAllocator - -Dio.netty.allocator.cacheTrimIntervalMillis: 0
16:01:42.773 [main] DEBUG io.netty.buffer.PooledByteBufAllocator - -Dio.netty.allocator.useCacheForAllThreads: true
16:01:42.773 [main] DEBUG io.netty.buffer.PooledByteBufAllocator - -Dio.netty.allocator.maxCachedByteBuffersPerChunk: 1023
16:01:43.036 [main] DEBUG io.netty.buffer.ByteBufUtil - -Dio.netty.allocator.type: pooled
16:01:43.036 [main] DEBUG io.netty.buffer.ByteBufUtil - -Dio.netty.threadLocalDirectBufferSize: 0
16:01:43.036 [main] DEBUG io.netty.buffer.ByteBufUtil - -Dio.netty.maxThreadLocalCharBufferSize: 16384
16:01:43.966 [main] DEBUG net.serenitybdd.core.webdriver.driverproviders.ProvideNewDriver - Instantiating driver
16:01:43.968 [main] DEBUG net.serenitybdd.core.webdriver.driverproviders.ProvideNewDriver - Driver capabilities: Capabilities {acceptInsecureCerts: false, base.url: https://found-capstone20.ne..., browserName: chrome, chrome.driver: src/test/resources/webdrive..., driver: chrome, goog:chromeOptions: {args: [], extensions: []}}
16:01:45.733 [Forwarding newSession on session null to remote] DEBUG io.netty.channel.DefaultChannelId - -Dio.netty.processId: 17444 (auto-detected)
16:01:45.739 [Forwarding newSession on session null to remote] DEBUG io.netty.util.NetUtil - -Djava.net.preferIPv4Stack: false
16:01:45.739 [Forwarding newSession on session null to remote] DEBUG io.netty.util.NetUtil - -Djava.net.preferIPv6Addresses: false
16:01:45.762 [Forwarding newSession on session null to remote] DEBUG io.netty.util.NetUtilInitializations - Loopback interface: lo (Software Loopback Interface 1, 127.0.0.1)
16:01:45.768 [Forwarding newSession on session null to remote] DEBUG io.netty.util.NetUtil - Failed to get SOMAXCONN from sysctl and file \proc\sys\net\core\somaxconn. Default: 200
16:01:45.840 [Forwarding newSession on session null to remote] DEBUG io.netty.channel.DefaultChannelId - -Dio.netty.machineId: 04:ea:56:ff:fe:54:1b:1d (auto-detected)
16:01:46.009 [AsyncHttpClient-1-2] DEBUG io.netty.buffer.AbstractByteBuf - -Dio.netty.buffer.checkAccessible: true
16:01:46.017 [AsyncHttpClient-1-2] DEBUG io.netty.buffer.AbstractByteBuf - -Dio.netty.buffer.checkBounds: true
16:01:46.017 [AsyncHttpClient-1-2] DEBUG io.netty.util.ResourceLeakDetectorFactory - Loaded default ResourceLeakDetector: io.netty.util.ResourceLeakDetector@17d2bd85
16:01:46.052 [AsyncHttpClient-1-2] DEBUG org.asynchttpclient.netty.channel.NettyConnectListener - Using new Channel '[id: 0x635d5c31, L:/127.0.0.1:60392 - R:localhost/127.0.0.1:59905]' for 'POST' to '/session'
16:01:46.088 [AsyncHttpClient-1-2] DEBUG io.netty.util.Recycler - -Dio.netty.recycler.maxCapacityPerThread: 4096
16:01:46.088 [AsyncHttpClient-1-2] DEBUG io.netty.util.Recycler - -Dio.netty.recycler.ratio: 8
16:01:46.096 [AsyncHttpClient-1-2] DEBUG io.netty.util.Recycler - -Dio.netty.recycler.chunkSize: 32
16:01:46.096 [AsyncHttpClient-1-2] DEBUG io.netty.util.Recycler - -Dio.netty.recycler.blocking: false
16:01:49.212 [AsyncHttpClient-1-2] DEBUG io.netty.handler.codec.compression.Brotli - brotli4j not in the classpath; Brotli support will be unavailable.
16:01:49.212 [AsyncHttpClient-1-2] DEBUG org.asynchttpclient.netty.handler.HttpHandler - 

Request DefaultHttpRequest(decodeResult: success, version: HTTP/1.1)
POST /session HTTP/1.1
User-Agent: selenium/4.1.2 (java windows)
Content-Length: 623
Content-Type: application/json; charset=utf-8
host: localhost:59905
accept: */*

Response DefaultHttpResponse(decodeResult: success, version: HTTP/1.1)
HTTP/1.1 200 OK
Content-Type: application/json; charset=utf-8
cache-control: no-cache
content-length: 789

16:01:49.230 [AsyncHttpClient-1-2] DEBUG org.asynchttpclient.netty.channel.ChannelManager - Adding key: http://localhost:59905 for channel [id: 0x635d5c31, L:/127.0.0.1:60392 - R:localhost/127.0.0.1:59905]
16:01:49.330 [AsyncHttpClient-1-3] DEBUG org.asynchttpclient.netty.channel.NettyConnectListener - Using new Channel '[id: 0x54a74198, L:/127.0.0.1:60402 - R:localhost/127.0.0.1:60393]' for 'GET' to '/json/version'
16:01:49.340 [AsyncHttpClient-1-3] DEBUG org.asynchttpclient.netty.handler.HttpHandler - 

Request DefaultFullHttpRequest(decodeResult: success, version: HTTP/1.1, content: EmptyByteBufBE)
GET /json/version HTTP/1.1
User-Agent: selenium/4.1.2 (java windows)
host: localhost:60393
accept: */*

Response DefaultHttpResponse(decodeResult: success, version: HTTP/1.1)
HTTP/1.1 200 OK
Content-Type: application/json; charset=UTF-8
content-length: 429

16:01:49.340 [AsyncHttpClient-1-3] DEBUG org.asynchttpclient.netty.channel.ChannelManager - Adding key: http://localhost:60393 for channel [id: 0x54a74198, L:/127.0.0.1:60402 - R:localhost/127.0.0.1:60393]
16:01:49.360 [main] DEBUG io.netty.util.internal.ThreadLocalRandom - -Dio.netty.initialSeedUniquifier: 0x8a13254739bae714
16:01:49.360 [AsyncHttpClient-1-4] DEBUG org.asynchttpclient.netty.channel.NettyConnectListener - Using new Channel '[id: 0x6e5d794d, L:/127.0.0.1:60403 - R:localhost/127.0.0.1:60393]' for 'GET' to '/devtools/browser/73ef0989-9a62-405f-a931-146848e91107'
16:01:49.378 [AsyncHttpClient-1-4] DEBUG org.asynchttpclient.netty.handler.WebSocketHandler - 

Request DefaultFullHttpRequest(decodeResult: success, version: HTTP/1.1, content: EmptyByteBufBE)
GET /devtools/browser/73ef0989-9a62-405f-a931-146848e91107 HTTP/1.1
upgrade: websocket
connection: upgrade
sec-websocket-key: XieL502QWXh8xOmy34rD1g==
sec-websocket-version: 13
origin: http://localhost:60393
host: localhost:60393
accept: */*
user-agent: AHC/2.1

Response DefaultHttpResponse(decodeResult: success, version: HTTP/1.1)
HTTP/1.1 101 WebSocket Protocol Handshake
Upgrade: WebSocket
Connection: Upgrade
Sec-WebSocket-Accept: N3sHoXwHiOSguG1s+btS9prB8EY=

16:01:49.429 [Forwarding maximizeCurrentWindow on session d24339dd0a6e0104052c29abe3665ae0 to remote] DEBUG org.asynchttpclient.netty.request.NettyRequestSender - Using pooled Channel '[id: 0x635d5c31, L:/127.0.0.1:60392 - R:localhost/127.0.0.1:59905]' for 'POST' to 'http://localhost:59905/session/d24339dd0a6e0104052c29abe3665ae0/window/maximize'
16:01:49.429 [Forwarding maximizeCurrentWindow on session d24339dd0a6e0104052c29abe3665ae0 to remote] DEBUG org.asynchttpclient.netty.request.NettyRequestSender - Using open Channel [id: 0x635d5c31, L:/127.0.0.1:60392 - R:localhost/127.0.0.1:59905] for POST '/session/d24339dd0a6e0104052c29abe3665ae0/window/maximize'
16:01:49.580 [AsyncHttpClient-1-2] DEBUG org.asynchttpclient.netty.handler.HttpHandler - 

Request DefaultHttpRequest(decodeResult: success, version: HTTP/1.1)
POST /session/d24339dd0a6e0104052c29abe3665ae0/window/maximize HTTP/1.1
User-Agent: selenium/4.1.2 (java windows)
Content-Length: 3
Content-Type: application/json; charset=utf-8
host: localhost:59905
accept: */*

Response DefaultHttpResponse(decodeResult: success, version: HTTP/1.1)
HTTP/1.1 200 OK
Content-Type: application/json; charset=utf-8
cache-control: no-cache
content-length: 51

16:01:49.580 [AsyncHttpClient-1-2] DEBUG org.asynchttpclient.netty.channel.ChannelManager - Adding key: http://localhost:59905 for channel [id: 0x635d5c31, L:/127.0.0.1:60392 - R:localhost/127.0.0.1:59905]
16:01:50.030 [AsyncHttpClient-1-1] DEBUG org.asynchttpclient.netty.channel.DefaultChannelPool - Entry count for : http://localhost:60393 : 1
16:01:50.030 [AsyncHttpClient-1-1] DEBUG org.asynchttpclient.netty.channel.DefaultChannelPool - Entry count for : http://localhost:59905 : 1
16:01:50.631 [main] DEBUG net.thucydides.core.reflection.ClassFinder - Could not load class .cucumberTestSuite
16:01:50.631 [main] DEBUG net.thucydides.core.reflection.ClassFinder - Could not load class .starter.pages.HomePage
16:01:50.631 [main] DEBUG net.thucydides.core.reflection.ClassFinder - Could not load class .starter.pages.LoginPage
16:01:50.631 [main] DEBUG net.thucydides.core.reflection.ClassFinder - Could not load class .starter.pages.RegisterPage
16:01:50.631 [main] DEBUG net.thucydides.core.reflection.ClassFinder - Could not load class .starter.stepdefinitions.loginSteps
16:01:50.631 [main] DEBUG net.thucydides.core.reflection.ClassFinder - Could not load class .starter.stepdefinitions.logoutSteps
16:01:50.631 [main] DEBUG net.thucydides.core.reflection.ClassFinder - Could not load class .starter.stepdefinitions.registerSteps
16:01:50.631 [main] DEBUG net.thucydides.core.reflection.ClassFinder - Could not load class .utils.General
16:01:50.631 [main] DEBUG net.thucydides.core.reflection.ClassFinder - Could not load class META-INF.versions.9.com.sun.istack.logging.StackHelper
16:01:50.631 [main] DEBUG net.thucydides.core.reflection.ClassFinder - Could not load class META-INF.versions.9.com.sun.xml.bind.v2.runtime.reflect.opt.AccessorInjector
16:01:50.631 [main] DEBUG net.thucydides.core.reflection.ClassFinder - Could not load class META-INF.versions.9.com.sun.xml.bind.v2.runtime.reflect.opt.Injector
16:01:50.631 [main] DEBUG net.thucydides.core.reflection.ClassFinder - Could not load class META-INF.versions.9.com.sun.xml.bind.v2.runtime.reflect.opt.OptimizedAccessorFactory
16:01:50.639 [main] DEBUG net.thucydides.core.reflection.ClassFinder - Could not load class META-INF.versions.9.com.sun.xml.bind.v2.runtime.reflect.opt.OptimizedTransducedAccessorFactory
16:01:50.639 [main] DEBUG net.thucydides.core.reflection.ClassFinder - Could not load class META-INF.versions.9.io.opentelemetry.sdk.internal.CurrentJavaVersionSpecific
16:01:50.639 [main] DEBUG net.thucydides.core.reflection.ClassFinder - Could not load class META-INF.versions.9.io.opentelemetry.sdk.internal.Java9VersionSpecific
16:01:50.639 [main] DEBUG net.thucydides.core.reflection.ClassFinder - Could not load class META-INF.versions.9.javax.xml.bind.ModuleUtil
16:01:50.639 [main] DEBUG net.thucydides.core.reflection.ClassFinder - Could not load class META-INF.versions.9.module-info
16:01:50.639 [main] DEBUG net.thucydides.core.reflection.ClassFinder - Could not load class META-INF.versions.9.org.junit.platform.commons.util.ModuleUtils
16:01:50.647 [main] DEBUG net.thucydides.core.reflection.ClassFinder - Could not load class com.google.gson.internal.
16:01:50.647 [main] DEBUG net.thucydides.core.reflection.ClassFinder - Could not load class com.sun.xml.bind.v2.runtime.output.FastInfosetStreamWriterOutput
16:01:50.655 [main] DEBUG net.thucydides.core.reflection.ClassFinder - Could not load class module-info
16:01:50.689 [Forwarding get on session d24339dd0a6e0104052c29abe3665ae0 to remote] DEBUG org.asynchttpclient.netty.request.NettyRequestSender - Using pooled Channel '[id: 0x635d5c31, L:/127.0.0.1:60392 - R:localhost/127.0.0.1:59905]' for 'POST' to 'http://localhost:59905/session/d24339dd0a6e0104052c29abe3665ae0/url'
16:01:50.689 [Forwarding get on session d24339dd0a6e0104052c29abe3665ae0 to remote] DEBUG org.asynchttpclient.netty.request.NettyRequestSender - Using open Channel [id: 0x635d5c31, L:/127.0.0.1:60392 - R:localhost/127.0.0.1:59905] for POST '/session/d24339dd0a6e0104052c29abe3665ae0/url'
16:01:51.121 [AsyncHttpClient-1-1] DEBUG org.asynchttpclient.netty.channel.DefaultChannelPool - Entry count for : http://localhost:60393 : 1
16:01:52.228 [AsyncHttpClient-1-1] DEBUG org.asynchttpclient.netty.channel.DefaultChannelPool - Entry count for : http://localhost:60393 : 1
16:01:53.330 [AsyncHttpClient-1-1] DEBUG org.asynchttpclient.netty.channel.DefaultChannelPool - Entry count for : http://localhost:60393 : 1
16:01:54.430 [AsyncHttpClient-1-1] DEBUG org.asynchttpclient.netty.channel.DefaultChannelPool - Entry count for : http://localhost:60393 : 1
16:01:55.538 [AsyncHttpClient-1-1] DEBUG org.asynchttpclient.netty.channel.DefaultChannelPool - Entry count for : http://localhost:60393 : 1
16:01:56.621 [AsyncHttpClient-1-1] DEBUG org.asynchttpclient.netty.channel.DefaultChannelPool - Entry count for : http://localhost:60393 : 1
16:01:57.722 [AsyncHttpClient-1-1] DEBUG org.asynchttpclient.netty.channel.DefaultChannelPool - Entry count for : http://localhost:60393 : 1
16:01:58.319 [AsyncHttpClient-1-2] DEBUG org.asynchttpclient.netty.handler.HttpHandler - 

Request DefaultHttpRequest(decodeResult: success, version: HTTP/1.1)
POST /session/d24339dd0a6e0104052c29abe3665ae0/url HTTP/1.1
User-Agent: selenium/4.1.2 (java windows)
Content-Length: 67
Content-Type: application/json; charset=utf-8
host: localhost:59905
accept: */*

Response DefaultHttpResponse(decodeResult: success, version: HTTP/1.1)
HTTP/1.1 200 OK
Content-Type: application/json; charset=utf-8
cache-control: no-cache
content-length: 14

16:01:58.319 [AsyncHttpClient-1-2] DEBUG org.asynchttpclient.netty.channel.ChannelManager - Adding key: http://localhost:59905 for channel [id: 0x635d5c31, L:/127.0.0.1:60392 - R:localhost/127.0.0.1:59905]
16:01:58.328 [Forwarding setTimeout on session d24339dd0a6e0104052c29abe3665ae0 to remote] DEBUG org.asynchttpclient.netty.request.NettyRequestSender - Using pooled Channel '[id: 0x635d5c31, L:/127.0.0.1:60392 - R:localhost/127.0.0.1:59905]' for 'POST' to 'http://localhost:59905/session/d24339dd0a6e0104052c29abe3665ae0/timeouts'
16:01:58.328 [Forwarding setTimeout on session d24339dd0a6e0104052c29abe3665ae0 to remote] DEBUG org.asynchttpclient.netty.request.NettyRequestSender - Using open Channel [id: 0x635d5c31, L:/127.0.0.1:60392 - R:localhost/127.0.0.1:59905] for POST '/session/d24339dd0a6e0104052c29abe3665ae0/timeouts'
16:01:58.328 [AsyncHttpClient-1-2] DEBUG org.asynchttpclient.netty.handler.HttpHandler - 

Request DefaultHttpRequest(decodeResult: success, version: HTTP/1.1)
POST /session/d24339dd0a6e0104052c29abe3665ae0/timeouts HTTP/1.1
User-Agent: selenium/4.1.2 (java windows)
Content-Length: 22
Content-Type: application/json; charset=utf-8
host: localhost:59905
accept: */*

Response DefaultHttpResponse(decodeResult: success, version: HTTP/1.1)
HTTP/1.1 200 OK
Content-Type: application/json; charset=utf-8
cache-control: no-cache
content-length: 14

16:01:58.328 [AsyncHttpClient-1-2] DEBUG org.asynchttpclient.netty.channel.ChannelManager - Adding key: http://localhost:59905 for channel [id: 0x635d5c31, L:/127.0.0.1:60392 - R:localhost/127.0.0.1:59905]
16:01:58.347 [Forwarding getCurrentUrl on session d24339dd0a6e0104052c29abe3665ae0 to remote] DEBUG org.asynchttpclient.netty.request.NettyRequestSender - Using pooled Channel '[id: 0x635d5c31, L:/127.0.0.1:60392 - R:localhost/127.0.0.1:59905]' for 'GET' to 'http://localhost:59905/session/d24339dd0a6e0104052c29abe3665ae0/url'
16:01:58.347 [Forwarding getCurrentUrl on session d24339dd0a6e0104052c29abe3665ae0 to remote] DEBUG org.asynchttpclient.netty.request.NettyRequestSender - Using open Channel [id: 0x635d5c31, L:/127.0.0.1:60392 - R:localhost/127.0.0.1:59905] for GET '/session/d24339dd0a6e0104052c29abe3665ae0/url'
16:01:58.359 [AsyncHttpClient-1-2] DEBUG org.asynchttpclient.netty.handler.HttpHandler - 

Request DefaultFullHttpRequest(decodeResult: success, version: HTTP/1.1, content: EmptyByteBufBE)
GET /session/d24339dd0a6e0104052c29abe3665ae0/url HTTP/1.1
User-Agent: selenium/4.1.2 (java windows)
Cache-Control: no-cache
Content-Type: application/json; charset=utf-8
host: localhost:59905
accept: */*

Response DefaultHttpResponse(decodeResult: success, version: HTTP/1.1)
HTTP/1.1 200 OK
Content-Type: application/json; charset=utf-8
cache-control: no-cache
content-length: 49

16:01:58.359 [AsyncHttpClient-1-2] DEBUG org.asynchttpclient.netty.channel.ChannelManager - Adding key: http://localhost:59905 for channel [id: 0x635d5c31, L:/127.0.0.1:60392 - R:localhost/127.0.0.1:59905]
  &amp#27;[32mGiven &amp#27;[0m&amp#27;[32mi have registered&amp#27;[0m                                           &amp#27;[90m# starter.stepdefinitions.loginSteps.iHaveRegistered()&amp#27;[0m
16:01:58.432 [main] DEBUG net.serenitybdd.core.photography.Darkroom - Opening darkroom
16:01:58.432 [Darkroom Processing Line] DEBUG net.serenitybdd.core.photography.DarkroomProcessingLine - Darkroom processing line starting up
16:01:58.432 [Forwarding screenshot on session d24339dd0a6e0104052c29abe3665ae0 to remote] DEBUG org.asynchttpclient.netty.request.NettyRequestSender - Using pooled Channel '[id: 0x635d5c31, L:/127.0.0.1:60392 - R:localhost/127.0.0.1:59905]' for 'GET' to 'http://localhost:59905/session/d24339dd0a6e0104052c29abe3665ae0/screenshot'
16:01:58.432 [Forwarding screenshot on session d24339dd0a6e0104052c29abe3665ae0 to remote] DEBUG org.asynchttpclient.netty.request.NettyRequestSender - Using open Channel [id: 0x635d5c31, L:/127.0.0.1:60392 - R:localhost/127.0.0.1:59905] for GET '/session/d24339dd0a6e0104052c29abe3665ae0/screenshot'
16:01:58.838 [AsyncHttpClient-1-1] DEBUG org.asynchttpclient.netty.channel.DefaultChannelPool - Entry count for : http://localhost:60393 : 1
16:01:59.361 [AsyncHttpClient-1-2] DEBUG org.asynchttpclient.netty.handler.HttpHandler - 

Request DefaultFullHttpRequest(decodeResult: success, version: HTTP/1.1, content: EmptyByteBufBE)
GET /session/d24339dd0a6e0104052c29abe3665ae0/screenshot HTTP/1.1
User-Agent: selenium/4.1.2 (java windows)
Cache-Control: no-cache
Content-Type: application/json; charset=utf-8
host: localhost:59905
accept: */*

Response DefaultHttpResponse(decodeResult: success, version: HTTP/1.1)
HTTP/1.1 200 OK
Content-Type: application/json; charset=utf-8
cache-control: no-cache
content-length: 354376

16:01:59.371 [AsyncHttpClient-1-2] DEBUG org.asynchttpclient.netty.channel.ChannelManager - Adding key: http://localhost:59905 for channel [id: 0x635d5c31, L:/127.0.0.1:60392 - R:localhost/127.0.0.1:59905]
16:01:59.564 [main] DEBUG net.serenitybdd.core.photography.Darkroom - Send negative for processing for target\site\serenity\4660354df54a12fcd895682f5709ada0fe64cb7be35e163b54bdc9c5bb06ca8f.png
16:01:59.564 [Darkroom Processing Line] DEBUG net.serenitybdd.core.photography.DarkroomProcessingLine - Processing screenshot image in /var/screenshots/screenshot-18363446717294972266
16:01:59.564 [Darkroom Processing Line] DEBUG net.serenitybdd.core.photography.DarkroomProcessingLine - Saving screenshot to target\site\serenity\4660354df54a12fcd895682f5709ada0fe64cb7be35e163b54bdc9c5bb06ca8f.png
16:01:59.642 [Forwarding findElement on session d24339dd0a6e0104052c29abe3665ae0 to remote] DEBUG org.asynchttpclient.netty.request.NettyRequestSender - Using pooled Channel '[id: 0x635d5c31, L:/127.0.0.1:60392 - R:localhost/127.0.0.1:59905]' for 'POST' to 'http://localhost:59905/session/d24339dd0a6e0104052c29abe3665ae0/element'
16:01:59.642 [Forwarding findElement on session d24339dd0a6e0104052c29abe3665ae0 to remote] DEBUG org.asynchttpclient.netty.request.NettyRequestSender - Using open Channel [id: 0x635d5c31, L:/127.0.0.1:60392 - R:localhost/127.0.0.1:59905] for POST '/session/d24339dd0a6e0104052c29abe3665ae0/element'
16:01:59.808 [AsyncHttpClient-1-2] DEBUG org.asynchttpclient.netty.handler.HttpHandler - 

Request DefaultHttpRequest(decodeResult: success, version: HTTP/1.1)
POST /session/d24339dd0a6e0104052c29abe3665ae0/element HTTP/1.1
User-Agent: selenium/4.1.2 (java windows)
Content-Length: 55
Content-Type: application/json; charset=utf-8
host: localhost:59905
accept: */*

Response DefaultHttpResponse(decodeResult: success, version: HTTP/1.1)
HTTP/1.1 200 OK
Content-Type: application/json; charset=utf-8
cache-control: no-cache
content-length: 88

16:01:59.810 [AsyncHttpClient-1-2] DEBUG org.asynchttpclient.netty.channel.ChannelManager - Adding key: http://localhost:59905 for channel [id: 0x635d5c31, L:/127.0.0.1:60392 - R:localhost/127.0.0.1:59905]
16:01:59.835 [Forwarding isElementDisplayed on session d24339dd0a6e0104052c29abe3665ae0 to remote] DEBUG org.asynchttpclient.netty.request.NettyRequestSender - Using pooled Channel '[id: 0x635d5c31, L:/127.0.0.1:60392 - R:localhost/127.0.0.1:59905]' for 'POST' to 'http://localhost:59905/session/d24339dd0a6e0104052c29abe3665ae0/execute/sync'
16:01:59.835 [Forwarding isElementDisplayed on session d24339dd0a6e0104052c29abe3665ae0 to remote] DEBUG org.asynchttpclient.netty.request.NettyRequestSender - Using open Channel [id: 0x635d5c31, L:/127.0.0.1:60392 - R:localhost/127.0.0.1:59905] for POST '/session/d24339dd0a6e0104052c29abe3665ae0/execute/sync'
16:01:59.922 [AsyncHttpClient-1-1] DEBUG org.asynchttpclient.netty.channel.DefaultChannelPool - Entry count for : http://localhost:60393 : 1
16:01:59.928 [AsyncHttpClient-1-2] DEBUG org.asynchttpclient.netty.handler.HttpHandler - 

Request DefaultHttpRequest(decodeResult: success, version: HTTP/1.1)
POST /session/d24339dd0a6e0104052c29abe3665ae0/execute/sync HTTP/1.1
User-Agent: selenium/4.1.2 (java windows)
Content-Length: 48780
Content-Type: application/json; charset=utf-8
host: localhost:59905
accept: */*

Response DefaultHttpResponse(decodeResult: success, version: HTTP/1.1)
HTTP/1.1 200 OK
Content-Type: application/json; charset=utf-8
cache-control: no-cache
content-length: 14

16:01:59.928 [AsyncHttpClient-1-2] DEBUG org.asynchttpclient.netty.channel.ChannelManager - Adding key: http://localhost:59905 for channel [id: 0x635d5c31, L:/127.0.0.1:60392 - R:localhost/127.0.0.1:59905]
16:01:59.948 [Forwarding findElement on session d24339dd0a6e0104052c29abe3665ae0 to remote] DEBUG org.asynchttpclient.netty.request.NettyRequestSender - Using pooled Channel '[id: 0x635d5c31, L:/127.0.0.1:60392 - R:localhost/127.0.0.1:59905]' for 'POST' to 'http://localhost:59905/session/d24339dd0a6e0104052c29abe3665ae0/element'
16:01:59.948 [Forwarding findElement on session d24339dd0a6e0104052c29abe3665ae0 to remote] DEBUG org.asynchttpclient.netty.request.NettyRequestSender - Using open Channel [id: 0x635d5c31, L:/127.0.0.1:60392 - R:localhost/127.0.0.1:59905] for POST '/session/d24339dd0a6e0104052c29abe3665ae0/element'
16:01:59.980 [AsyncHttpClient-1-2] DEBUG org.asynchttpclient.netty.handler.HttpHandler - 

Request DefaultHttpRequest(decodeResult: success, version: HTTP/1.1)
POST /session/d24339dd0a6e0104052c29abe3665ae0/element HTTP/1.1
User-Agent: selenium/4.1.2 (java windows)
Content-Length: 72
Content-Type: application/json; charset=utf-8
host: localhost:59905
accept: */*

Response DefaultHttpResponse(decodeResult: success, version: HTTP/1.1)
HTTP/1.1 200 OK
Content-Type: application/json; charset=utf-8
cache-control: no-cache
content-length: 88

16:01:59.980 [AsyncHttpClient-1-2] DEBUG org.asynchttpclient.netty.channel.ChannelManager - Adding key: http://localhost:59905 for channel [id: 0x635d5c31, L:/127.0.0.1:60392 - R:localhost/127.0.0.1:59905]
16:01:59.992 [Forwarding getElementTagName on session d24339dd0a6e0104052c29abe3665ae0 to remote] DEBUG org.asynchttpclient.netty.request.NettyRequestSender - Using pooled Channel '[id: 0x635d5c31, L:/127.0.0.1:60392 - R:localhost/127.0.0.1:59905]' for 'GET' to 'http://localhost:59905/session/d24339dd0a6e0104052c29abe3665ae0/element/c7c4dd65-0ab2-49cf-9a9c-fe2465c8082a/name'
16:01:59.992 [Forwarding getElementTagName on session d24339dd0a6e0104052c29abe3665ae0 to remote] DEBUG org.asynchttpclient.netty.request.NettyRequestSender - Using open Channel [id: 0x635d5c31, L:/127.0.0.1:60392 - R:localhost/127.0.0.1:59905] for GET '/session/d24339dd0a6e0104052c29abe3665ae0/element/c7c4dd65-0ab2-49cf-9a9c-fe2465c8082a/name'
16:02:00.001 [AsyncHttpClient-1-2] DEBUG org.asynchttpclient.netty.handler.HttpHandler - 

Request DefaultFullHttpRequest(decodeResult: success, version: HTTP/1.1, content: EmptyByteBufBE)
GET /session/d24339dd0a6e0104052c29abe3665ae0/element/c7c4dd65-0ab2-49cf-9a9c-fe2465c8082a/name HTTP/1.1
User-Agent: selenium/4.1.2 (java windows)
Cache-Control: no-cache
Content-Type: application/json; charset=utf-8
host: localhost:59905
accept: */*

Response DefaultHttpResponse(decodeResult: success, version: HTTP/1.1)
HTTP/1.1 200 OK
Content-Type: application/json; charset=utf-8
cache-control: no-cache
content-length: 13

16:02:00.001 [AsyncHttpClient-1-2] DEBUG org.asynchttpclient.netty.channel.ChannelManager - Adding key: http://localhost:59905 for channel [id: 0x635d5c31, L:/127.0.0.1:60392 - R:localhost/127.0.0.1:59905]
16:02:00.009 [Forwarding getElementTagName on session d24339dd0a6e0104052c29abe3665ae0 to remote] DEBUG org.asynchttpclient.netty.request.NettyRequestSender - Using pooled Channel '[id: 0x635d5c31, L:/127.0.0.1:60392 - R:localhost/127.0.0.1:59905]' for 'GET' to 'http://localhost:59905/session/d24339dd0a6e0104052c29abe3665ae0/element/c7c4dd65-0ab2-49cf-9a9c-fe2465c8082a/name'
16:02:00.009 [Forwarding getElementTagName on session d24339dd0a6e0104052c29abe3665ae0 to remote] DEBUG org.asynchttpclient.netty.request.NettyRequestSender - Using open Channel [id: 0x635d5c31, L:/127.0.0.1:60392 - R:localhost/127.0.0.1:59905] for GET '/session/d24339dd0a6e0104052c29abe3665ae0/element/c7c4dd65-0ab2-49cf-9a9c-fe2465c8082a/name'
16:02:00.249 [AsyncHttpClient-1-2] DEBUG org.asynchttpclient.netty.handler.HttpHandler - 

Request DefaultFullHttpRequest(decodeResult: success, version: HTTP/1.1, content: EmptyByteBufBE)
GET /session/d24339dd0a6e0104052c29abe3665ae0/element/c7c4dd65-0ab2-49cf-9a9c-fe2465c8082a/name HTTP/1.1
User-Agent: selenium/4.1.2 (java windows)
Cache-Control: no-cache
Content-Type: application/json; charset=utf-8
host: localhost:59905
accept: */*

Response DefaultHttpResponse(decodeResult: success, version: HTTP/1.1)
HTTP/1.1 200 OK
Content-Type: application/json; charset=utf-8
cache-control: no-cache
content-length: 13

16:02:00.249 [AsyncHttpClient-1-2] DEBUG org.asynchttpclient.netty.channel.ChannelManager - Adding key: http://localhost:59905 for channel [id: 0x635d5c31, L:/127.0.0.1:60392 - R:localhost/127.0.0.1:59905]
16:02:00.257 [Forwarding findElement on session d24339dd0a6e0104052c29abe3665ae0 to remote] DEBUG org.asynchttpclient.netty.request.NettyRequestSender - Using pooled Channel '[id: 0x635d5c31, L:/127.0.0.1:60392 - R:localhost/127.0.0.1:59905]' for 'POST' to 'http://localhost:59905/session/d24339dd0a6e0104052c29abe3665ae0/element'
16:02:00.257 [Forwarding findElement on session d24339dd0a6e0104052c29abe3665ae0 to remote] DEBUG org.asynchttpclient.netty.request.NettyRequestSender - Using open Channel [id: 0x635d5c31, L:/127.0.0.1:60392 - R:localhost/127.0.0.1:59905] for POST '/session/d24339dd0a6e0104052c29abe3665ae0/element'
16:02:00.313 [AsyncHttpClient-1-2] DEBUG org.asynchttpclient.netty.handler.HttpHandler - 

Request DefaultHttpRequest(decodeResult: success, version: HTTP/1.1)
POST /session/d24339dd0a6e0104052c29abe3665ae0/element HTTP/1.1
User-Agent: selenium/4.1.2 (java windows)
Content-Length: 72
Content-Type: application/json; charset=utf-8
host: localhost:59905
accept: */*

Response DefaultHttpResponse(decodeResult: success, version: HTTP/1.1)
HTTP/1.1 200 OK
Content-Type: application/json; charset=utf-8
cache-control: no-cache
content-length: 88

16:02:00.313 [AsyncHttpClient-1-2] DEBUG org.asynchttpclient.netty.channel.ChannelManager - Adding key: http://localhost:59905 for channel [id: 0x635d5c31, L:/127.0.0.1:60392 - R:localhost/127.0.0.1:59905]
16:02:00.321 [Forwarding clickElement on session d24339dd0a6e0104052c29abe3665ae0 to remote] DEBUG org.asynchttpclient.netty.request.NettyRequestSender - Using pooled Channel '[id: 0x635d5c31, L:/127.0.0.1:60392 - R:localhost/127.0.0.1:59905]' for 'POST' to 'http://localhost:59905/session/d24339dd0a6e0104052c29abe3665ae0/element/c7c4dd65-0ab2-49cf-9a9c-fe2465c8082a/click'
16:02:00.321 [Forwarding clickElement on session d24339dd0a6e0104052c29abe3665ae0 to remote] DEBUG org.asynchttpclient.netty.request.NettyRequestSender - Using open Channel [id: 0x635d5c31, L:/127.0.0.1:60392 - R:localhost/127.0.0.1:59905] for POST '/session/d24339dd0a6e0104052c29abe3665ae0/element/c7c4dd65-0ab2-49cf-9a9c-fe2465c8082a/click'
16:02:00.475 [AsyncHttpClient-1-2] DEBUG org.asynchttpclient.netty.handler.HttpHandler - 

Request DefaultHttpRequest(decodeResult: success, version: HTTP/1.1)
POST /session/d24339dd0a6e0104052c29abe3665ae0/element/c7c4dd65-0ab2-49cf-9a9c-fe2465c8082a/click HTTP/1.1
User-Agent: selenium/4.1.2 (java windows)
Content-Length: 50
Content-Type: application/json; charset=utf-8
host: localhost:59905
accept: */*

Response DefaultHttpResponse(decodeResult: success, version: HTTP/1.1)
HTTP/1.1 200 OK
Content-Type: application/json; charset=utf-8
cache-control: no-cache
content-length: 14

16:02:00.475 [AsyncHttpClient-1-2] DEBUG org.asynchttpclient.netty.channel.ChannelManager - Adding key: http://localhost:59905 for channel [id: 0x635d5c31, L:/127.0.0.1:60392 - R:localhost/127.0.0.1:59905]
  &amp#27;[32mWhen &amp#27;[0m&amp#27;[32mi click get started&amp#27;[0m                                          &amp#27;[90m# starter.stepdefinitions.registerSteps.iClickGetStarted()&amp#27;[0m
16:02:00.521 [Forwarding screenshot on session d24339dd0a6e0104052c29abe3665ae0 to remote] DEBUG org.asynchttpclient.netty.request.NettyRequestSender - Using pooled Channel '[id: 0x635d5c31, L:/127.0.0.1:60392 - R:localhost/127.0.0.1:59905]' for 'GET' to 'http://localhost:59905/session/d24339dd0a6e0104052c29abe3665ae0/screenshot'
16:02:00.521 [Forwarding screenshot on session d24339dd0a6e0104052c29abe3665ae0 to remote] DEBUG org.asynchttpclient.netty.request.NettyRequestSender - Using open Channel [id: 0x635d5c31, L:/127.0.0.1:60392 - R:localhost/127.0.0.1:59905] for GET '/session/d24339dd0a6e0104052c29abe3665ae0/screenshot'
16:02:01.000 [AsyncHttpClient-1-2] DEBUG org.asynchttpclient.netty.handler.HttpHandler - 

Request DefaultFullHttpRequest(decodeResult: success, version: HTTP/1.1, content: EmptyByteBufBE)
GET /session/d24339dd0a6e0104052c29abe3665ae0/screenshot HTTP/1.1
User-Agent: selenium/4.1.2 (java windows)
Cache-Control: no-cache
Content-Type: application/json; charset=utf-8
host: localhost:59905
accept: */*

Response DefaultHttpResponse(decodeResult: success, version: HTTP/1.1)
HTTP/1.1 200 OK
Content-Type: application/json; charset=utf-8
cache-control: no-cache
content-length: 131904

16:02:01.000 [AsyncHttpClient-1-2] DEBUG org.asynchttpclient.netty.channel.ChannelManager - Adding key: http://localhost:59905 for channel [id: 0x635d5c31, L:/127.0.0.1:60392 - R:localhost/127.0.0.1:59905]
16:02:01.009 [main] DEBUG net.serenitybdd.core.photography.Darkroom - Send negative for processing for target\site\serenity\613d29d44eff0546079035092aa861a5dd1bce6a97284ae84a893fbe818fda3a.png
16:02:01.009 [Darkroom Processing Line] DEBUG net.serenitybdd.core.photography.DarkroomProcessingLine - Processing screenshot image in /var/screenshots/screenshot-6308267763150100282
16:02:01.009 [Darkroom Processing Line] DEBUG net.serenitybdd.core.photography.DarkroomProcessingLine - Saving screenshot to target\site\serenity\613d29d44eff0546079035092aa861a5dd1bce6a97284ae84a893fbe818fda3a.png
16:02:01.027 [AsyncHttpClient-1-1] DEBUG org.asynchttpclient.netty.channel.DefaultChannelPool - Entry count for : http://localhost:60393 : 1
16:02:01.027 [AsyncHttpClient-1-1] DEBUG org.asynchttpclient.netty.channel.DefaultChannelPool - Entry count for : http://localhost:59905 : 1
16:02:01.027 [Forwarding findElement on session d24339dd0a6e0104052c29abe3665ae0 to remote] DEBUG org.asynchttpclient.netty.request.NettyRequestSender - Using pooled Channel '[id: 0x635d5c31, L:/127.0.0.1:60392 - R:localhost/127.0.0.1:59905]' for 'POST' to 'http://localhost:59905/session/d24339dd0a6e0104052c29abe3665ae0/element'
16:02:01.027 [Forwarding findElement on session d24339dd0a6e0104052c29abe3665ae0 to remote] DEBUG org.asynchttpclient.netty.request.NettyRequestSender - Using open Channel [id: 0x635d5c31, L:/127.0.0.1:60392 - R:localhost/127.0.0.1:59905] for POST '/session/d24339dd0a6e0104052c29abe3665ae0/element'
16:02:01.049 [AsyncHttpClient-1-2] DEBUG org.asynchttpclient.netty.handler.HttpHandler - 

Request DefaultHttpRequest(decodeResult: success, version: HTTP/1.1)
POST /session/d24339dd0a6e0104052c29abe3665ae0/element HTTP/1.1
User-Agent: selenium/4.1.2 (java windows)
Content-Length: 67
Content-Type: application/json; charset=utf-8
host: localhost:59905
accept: */*

Response DefaultHttpResponse(decodeResult: success, version: HTTP/1.1)
HTTP/1.1 200 OK
Content-Type: application/json; charset=utf-8
cache-control: no-cache
content-length: 88

16:02:01.050 [AsyncHttpClient-1-2] DEBUG org.asynchttpclient.netty.channel.ChannelManager - Adding key: http://localhost:59905 for channel [id: 0x635d5c31, L:/127.0.0.1:60392 - R:localhost/127.0.0.1:59905]
16:02:01.052 [Forwarding clearElement on session d24339dd0a6e0104052c29abe3665ae0 to remote] DEBUG org.asynchttpclient.netty.request.NettyRequestSender - Using pooled Channel '[id: 0x635d5c31, L:/127.0.0.1:60392 - R:localhost/127.0.0.1:59905]' for 'POST' to 'http://localhost:59905/session/d24339dd0a6e0104052c29abe3665ae0/element/0adadb8d-f589-4134-81db-85e243b51ddd/clear'
16:02:01.052 [Forwarding clearElement on session d24339dd0a6e0104052c29abe3665ae0 to remote] DEBUG org.asynchttpclient.netty.request.NettyRequestSender - Using open Channel [id: 0x635d5c31, L:/127.0.0.1:60392 - R:localhost/127.0.0.1:59905] for POST '/session/d24339dd0a6e0104052c29abe3665ae0/element/0adadb8d-f589-4134-81db-85e243b51ddd/clear'
16:02:01.100 [AsyncHttpClient-1-2] DEBUG org.asynchttpclient.netty.handler.HttpHandler - 

Request DefaultHttpRequest(decodeResult: success, version: HTTP/1.1)
POST /session/d24339dd0a6e0104052c29abe3665ae0/element/0adadb8d-f589-4134-81db-85e243b51ddd/clear HTTP/1.1
User-Agent: selenium/4.1.2 (java windows)
Content-Length: 50
Content-Type: application/json; charset=utf-8
host: localhost:59905
accept: */*

Response DefaultHttpResponse(decodeResult: success, version: HTTP/1.1)
HTTP/1.1 200 OK
Content-Type: application/json; charset=utf-8
cache-control: no-cache
content-length: 14

16:02:01.100 [AsyncHttpClient-1-2] DEBUG org.asynchttpclient.netty.channel.ChannelManager - Adding key: http://localhost:59905 for channel [id: 0x635d5c31, L:/127.0.0.1:60392 - R:localhost/127.0.0.1:59905]
16:02:01.109 [Forwarding sendKeysToElement on session d24339dd0a6e0104052c29abe3665ae0 to remote] DEBUG org.asynchttpclient.netty.request.NettyRequestSender - Using pooled Channel '[id: 0x635d5c31, L:/127.0.0.1:60392 - R:localhost/127.0.0.1:59905]' for 'POST' to 'http://localhost:59905/session/d24339dd0a6e0104052c29abe3665ae0/element/0adadb8d-f589-4134-81db-85e243b51ddd/value'
16:02:01.109 [Forwarding sendKeysToElement on session d24339dd0a6e0104052c29abe3665ae0 to remote] DEBUG org.asynchttpclient.netty.request.NettyRequestSender - Using open Channel [id: 0x635d5c31, L:/127.0.0.1:60392 - R:localhost/127.0.0.1:59905] for POST '/session/d24339dd0a6e0104052c29abe3665ae0/element/0adadb8d-f589-4134-81db-85e243b51ddd/value'
16:02:01.248 [AsyncHttpClient-1-2] DEBUG org.asynchttpclient.netty.handler.HttpHandler - 

Request DefaultHttpRequest(decodeResult: success, version: HTTP/1.1)
POST /session/d24339dd0a6e0104052c29abe3665ae0/element/0adadb8d-f589-4134-81db-85e243b51ddd/value HTTP/1.1
User-Agent: selenium/4.1.2 (java windows)
Content-Length: 281
Content-Type: application/json; charset=utf-8
host: localhost:59905
accept: */*

Response DefaultHttpResponse(decodeResult: success, version: HTTP/1.1)
HTTP/1.1 200 OK
Content-Type: application/json; charset=utf-8
cache-control: no-cache
content-length: 14

16:02:01.256 [AsyncHttpClient-1-2] DEBUG org.asynchttpclient.netty.channel.ChannelManager - Adding key: http://localhost:59905 for channel [id: 0x635d5c31, L:/127.0.0.1:60392 - R:localhost/127.0.0.1:59905]
16:02:01.262 [Forwarding findElement on session d24339dd0a6e0104052c29abe3665ae0 to remote] DEBUG org.asynchttpclient.netty.request.NettyRequestSender - Using pooled Channel '[id: 0x635d5c31, L:/127.0.0.1:60392 - R:localhost/127.0.0.1:59905]' for 'POST' to 'http://localhost:59905/session/d24339dd0a6e0104052c29abe3665ae0/element'
16:02:01.262 [Forwarding findElement on session d24339dd0a6e0104052c29abe3665ae0 to remote] DEBUG org.asynchttpclient.netty.request.NettyRequestSender - Using open Channel [id: 0x635d5c31, L:/127.0.0.1:60392 - R:localhost/127.0.0.1:59905] for POST '/session/d24339dd0a6e0104052c29abe3665ae0/element'
16:02:01.282 [AsyncHttpClient-1-2] DEBUG org.asynchttpclient.netty.handler.HttpHandler - 

Request DefaultHttpRequest(decodeResult: success, version: HTTP/1.1)
POST /session/d24339dd0a6e0104052c29abe3665ae0/element HTTP/1.1
User-Agent: selenium/4.1.2 (java windows)
Content-Length: 70
Content-Type: application/json; charset=utf-8
host: localhost:59905
accept: */*

Response DefaultHttpResponse(decodeResult: success, version: HTTP/1.1)
HTTP/1.1 200 OK
Content-Type: application/json; charset=utf-8
cache-control: no-cache
content-length: 88

16:02:01.290 [AsyncHttpClient-1-2] DEBUG org.asynchttpclient.netty.channel.ChannelManager - Adding key: http://localhost:59905 for channel [id: 0x635d5c31, L:/127.0.0.1:60392 - R:localhost/127.0.0.1:59905]
16:02:01.292 [Forwarding clearElement on session d24339dd0a6e0104052c29abe3665ae0 to remote] DEBUG org.asynchttpclient.netty.request.NettyRequestSender - Using pooled Channel '[id: 0x635d5c31, L:/127.0.0.1:60392 - R:localhost/127.0.0.1:59905]' for 'POST' to 'http://localhost:59905/session/d24339dd0a6e0104052c29abe3665ae0/element/7e452072-273b-461c-9cab-65a0614e661b/clear'
16:02:01.292 [Forwarding clearElement on session d24339dd0a6e0104052c29abe3665ae0 to remote] DEBUG org.asynchttpclient.netty.request.NettyRequestSender - Using open Channel [id: 0x635d5c31, L:/127.0.0.1:60392 - R:localhost/127.0.0.1:59905] for POST '/session/d24339dd0a6e0104052c29abe3665ae0/element/7e452072-273b-461c-9cab-65a0614e661b/clear'
16:02:01.342 [AsyncHttpClient-1-2] DEBUG org.asynchttpclient.netty.handler.HttpHandler - 

Request DefaultHttpRequest(decodeResult: success, version: HTTP/1.1)
POST /session/d24339dd0a6e0104052c29abe3665ae0/element/7e452072-273b-461c-9cab-65a0614e661b/clear HTTP/1.1
User-Agent: selenium/4.1.2 (java windows)
Content-Length: 50
Content-Type: application/json; charset=utf-8
host: localhost:59905
accept: */*

Response DefaultHttpResponse(decodeResult: success, version: HTTP/1.1)
HTTP/1.1 200 OK
Content-Type: application/json; charset=utf-8
cache-control: no-cache
content-length: 14

16:02:01.342 [AsyncHttpClient-1-2] DEBUG org.asynchttpclient.netty.channel.ChannelManager - Adding key: http://localhost:59905 for channel [id: 0x635d5c31, L:/127.0.0.1:60392 - R:localhost/127.0.0.1:59905]
16:02:01.350 [Forwarding sendKeysToElement on session d24339dd0a6e0104052c29abe3665ae0 to remote] DEBUG org.asynchttpclient.netty.request.NettyRequestSender - Using pooled Channel '[id: 0x635d5c31, L:/127.0.0.1:60392 - R:localhost/127.0.0.1:59905]' for 'POST' to 'http://localhost:59905/session/d24339dd0a6e0104052c29abe3665ae0/element/7e452072-273b-461c-9cab-65a0614e661b/value'
16:02:01.350 [Forwarding sendKeysToElement on session d24339dd0a6e0104052c29abe3665ae0 to remote] DEBUG org.asynchttpclient.netty.request.NettyRequestSender - Using open Channel [id: 0x635d5c31, L:/127.0.0.1:60392 - R:localhost/127.0.0.1:59905] for POST '/session/d24339dd0a6e0104052c29abe3665ae0/element/7e452072-273b-461c-9cab-65a0614e661b/value'
16:02:01.570 [AsyncHttpClient-1-2] DEBUG org.asynchttpclient.netty.handler.HttpHandler - 

Request DefaultHttpRequest(decodeResult: success, version: HTTP/1.1)
POST /session/d24339dd0a6e0104052c29abe3665ae0/element/7e452072-273b-461c-9cab-65a0614e661b/value HTTP/1.1
User-Agent: selenium/4.1.2 (java windows)
Content-Length: 221
Content-Type: application/json; charset=utf-8
host: localhost:59905
accept: */*

Response DefaultHttpResponse(decodeResult: success, version: HTTP/1.1)
HTTP/1.1 200 OK
Content-Type: application/json; charset=utf-8
cache-control: no-cache
content-length: 14

16:02:01.570 [AsyncHttpClient-1-2] DEBUG org.asynchttpclient.netty.channel.ChannelManager - Adding key: http://localhost:59905 for channel [id: 0x635d5c31, L:/127.0.0.1:60392 - R:localhost/127.0.0.1:59905]
  &amp#27;[32mAnd &amp#27;[0m&amp#27;[32mi input &amp#27;[0m&amp#27;[32m&amp#27;[1m"adminfound@gmail.com"&amp#27;[0m&amp#27;[32m and &amp#27;[0m&amp#27;[32m&amp#27;[1m"adminFound1511"&amp#27;[0m&amp#27;[32m for login&amp#27;[0m &amp#27;[90m# starter.stepdefinitions.loginSteps.iInputAndForLogin(java.lang.String,java.lang.String)&amp#27;[0m
16:02:01.590 [Forwarding screenshot on session d24339dd0a6e0104052c29abe3665ae0 to remote] DEBUG org.asynchttpclient.netty.request.NettyRequestSender - Using pooled Channel '[id: 0x635d5c31, L:/127.0.0.1:60392 - R:localhost/127.0.0.1:59905]' for 'GET' to 'http://localhost:59905/session/d24339dd0a6e0104052c29abe3665ae0/screenshot'
16:02:01.590 [Forwarding screenshot on session d24339dd0a6e0104052c29abe3665ae0 to remote] DEBUG org.asynchttpclient.netty.request.NettyRequestSender - Using open Channel [id: 0x635d5c31, L:/127.0.0.1:60392 - R:localhost/127.0.0.1:59905] for GET '/session/d24339dd0a6e0104052c29abe3665ae0/screenshot'
16:02:01.850 [AsyncHttpClient-1-2] DEBUG org.asynchttpclient.netty.handler.HttpHandler - 

Request DefaultFullHttpRequest(decodeResult: success, version: HTTP/1.1, content: EmptyByteBufBE)
GET /session/d24339dd0a6e0104052c29abe3665ae0/screenshot HTTP/1.1
User-Agent: selenium/4.1.2 (java windows)
Cache-Control: no-cache
Content-Type: application/json; charset=utf-8
host: localhost:59905
accept: */*

Response DefaultHttpResponse(decodeResult: success, version: HTTP/1.1)
HTTP/1.1 200 OK
Content-Type: application/json; charset=utf-8
cache-control: no-cache
content-length: 126504

16:02:01.850 [AsyncHttpClient-1-2] DEBUG org.asynchttpclient.netty.channel.ChannelManager - Adding key: http://localhost:59905 for channel [id: 0x635d5c31, L:/127.0.0.1:60392 - R:localhost/127.0.0.1:59905]
16:02:01.867 [main] DEBUG net.serenitybdd.core.photography.Darkroom - Send negative for processing for target\site\serenity\27141c896fc69f2284763ce394ab9269678de2fbc717e5a16fa6559ce9249918.png
16:02:01.869 [Darkroom Processing Line] DEBUG net.serenitybdd.core.photography.DarkroomProcessingLine - Processing screenshot image in /var/screenshots/screenshot-6276765248954165998
16:02:01.869 [Darkroom Processing Line] DEBUG net.serenitybdd.core.photography.DarkroomProcessingLine - Saving screenshot to target\site\serenity\27141c896fc69f2284763ce394ab9269678de2fbc717e5a16fa6559ce9249918.png
16:02:01.881 [Forwarding findElement on session d24339dd0a6e0104052c29abe3665ae0 to remote] DEBUG org.asynchttpclient.netty.request.NettyRequestSender - Using pooled Channel '[id: 0x635d5c31, L:/127.0.0.1:60392 - R:localhost/127.0.0.1:59905]' for 'POST' to 'http://localhost:59905/session/d24339dd0a6e0104052c29abe3665ae0/element'
16:02:01.881 [Forwarding findElement on session d24339dd0a6e0104052c29abe3665ae0 to remote] DEBUG org.asynchttpclient.netty.request.NettyRequestSender - Using open Channel [id: 0x635d5c31, L:/127.0.0.1:60392 - R:localhost/127.0.0.1:59905] for POST '/session/d24339dd0a6e0104052c29abe3665ae0/element'
16:02:01.898 [AsyncHttpClient-1-2] DEBUG org.asynchttpclient.netty.handler.HttpHandler - 

Request DefaultHttpRequest(decodeResult: success, version: HTTP/1.1)
POST /session/d24339dd0a6e0104052c29abe3665ae0/element HTTP/1.1
User-Agent: selenium/4.1.2 (java windows)
Content-Length: 53
Content-Type: application/json; charset=utf-8
host: localhost:59905
accept: */*

Response DefaultHttpResponse(decodeResult: success, version: HTTP/1.1)
HTTP/1.1 200 OK
Content-Type: application/json; charset=utf-8
cache-control: no-cache
content-length: 88

16:02:01.898 [AsyncHttpClient-1-2] DEBUG org.asynchttpclient.netty.channel.ChannelManager - Adding key: http://localhost:59905 for channel [id: 0x635d5c31, L:/127.0.0.1:60392 - R:localhost/127.0.0.1:59905]
16:02:01.907 [Forwarding getElementTagName on session d24339dd0a6e0104052c29abe3665ae0 to remote] DEBUG org.asynchttpclient.netty.request.NettyRequestSender - Using pooled Channel '[id: 0x635d5c31, L:/127.0.0.1:60392 - R:localhost/127.0.0.1:59905]' for 'GET' to 'http://localhost:59905/session/d24339dd0a6e0104052c29abe3665ae0/element/e6cba853-b76f-41c5-b4ee-3387953f5ba5/name'
16:02:01.909 [Forwarding getElementTagName on session d24339dd0a6e0104052c29abe3665ae0 to remote] DEBUG org.asynchttpclient.netty.request.NettyRequestSender - Using open Channel [id: 0x635d5c31, L:/127.0.0.1:60392 - R:localhost/127.0.0.1:59905] for GET '/session/d24339dd0a6e0104052c29abe3665ae0/element/e6cba853-b76f-41c5-b4ee-3387953f5ba5/name'
16:02:01.918 [AsyncHttpClient-1-2] DEBUG org.asynchttpclient.netty.handler.HttpHandler - 

Request DefaultFullHttpRequest(decodeResult: success, version: HTTP/1.1, content: EmptyByteBufBE)
GET /session/d24339dd0a6e0104052c29abe3665ae0/element/e6cba853-b76f-41c5-b4ee-3387953f5ba5/name HTTP/1.1
User-Agent: selenium/4.1.2 (java windows)
Cache-Control: no-cache
Content-Type: application/json; charset=utf-8
host: localhost:59905
accept: */*

Response DefaultHttpResponse(decodeResult: success, version: HTTP/1.1)
HTTP/1.1 200 OK
Content-Type: application/json; charset=utf-8
cache-control: no-cache
content-length: 18

16:02:01.918 [AsyncHttpClient-1-2] DEBUG org.asynchttpclient.netty.channel.ChannelManager - Adding key: http://localhost:59905 for channel [id: 0x635d5c31, L:/127.0.0.1:60392 - R:localhost/127.0.0.1:59905]
16:02:01.918 [Forwarding getElementTagName on session d24339dd0a6e0104052c29abe3665ae0 to remote] DEBUG org.asynchttpclient.netty.request.NettyRequestSender - Using pooled Channel '[id: 0x635d5c31, L:/127.0.0.1:60392 - R:localhost/127.0.0.1:59905]' for 'GET' to 'http://localhost:59905/session/d24339dd0a6e0104052c29abe3665ae0/element/e6cba853-b76f-41c5-b4ee-3387953f5ba5/name'
16:02:01.918 [Forwarding getElementTagName on session d24339dd0a6e0104052c29abe3665ae0 to remote] DEBUG org.asynchttpclient.netty.request.NettyRequestSender - Using open Channel [id: 0x635d5c31, L:/127.0.0.1:60392 - R:localhost/127.0.0.1:59905] for GET '/session/d24339dd0a6e0104052c29abe3665ae0/element/e6cba853-b76f-41c5-b4ee-3387953f5ba5/name'
16:02:01.930 [AsyncHttpClient-1-2] DEBUG org.asynchttpclient.netty.handler.HttpHandler - 

Request DefaultFullHttpRequest(decodeResult: success, version: HTTP/1.1, content: EmptyByteBufBE)
GET /session/d24339dd0a6e0104052c29abe3665ae0/element/e6cba853-b76f-41c5-b4ee-3387953f5ba5/name HTTP/1.1
User-Agent: selenium/4.1.2 (java windows)
Cache-Control: no-cache
Content-Type: application/json; charset=utf-8
host: localhost:59905
accept: */*

Response DefaultHttpResponse(decodeResult: success, version: HTTP/1.1)
HTTP/1.1 200 OK
Content-Type: application/json; charset=utf-8
cache-control: no-cache
content-length: 18

16:02:01.930 [AsyncHttpClient-1-2] DEBUG org.asynchttpclient.netty.channel.ChannelManager - Adding key: http://localhost:59905 for channel [id: 0x635d5c31, L:/127.0.0.1:60392 - R:localhost/127.0.0.1:59905]
16:02:01.948 [Forwarding isElementEnabled on session d24339dd0a6e0104052c29abe3665ae0 to remote] DEBUG org.asynchttpclient.netty.request.NettyRequestSender - Using pooled Channel '[id: 0x635d5c31, L:/127.0.0.1:60392 - R:localhost/127.0.0.1:59905]' for 'GET' to 'http://localhost:59905/session/d24339dd0a6e0104052c29abe3665ae0/element/e6cba853-b76f-41c5-b4ee-3387953f5ba5/enabled'
16:02:01.948 [Forwarding isElementEnabled on session d24339dd0a6e0104052c29abe3665ae0 to remote] DEBUG org.asynchttpclient.netty.request.NettyRequestSender - Using open Channel [id: 0x635d5c31, L:/127.0.0.1:60392 - R:localhost/127.0.0.1:59905] for GET '/session/d24339dd0a6e0104052c29abe3665ae0/element/e6cba853-b76f-41c5-b4ee-3387953f5ba5/enabled'
16:02:01.975 [AsyncHttpClient-1-2] DEBUG org.asynchttpclient.netty.handler.HttpHandler - 

Request DefaultFullHttpRequest(decodeResult: success, version: HTTP/1.1, content: EmptyByteBufBE)
GET /session/d24339dd0a6e0104052c29abe3665ae0/element/e6cba853-b76f-41c5-b4ee-3387953f5ba5/enabled HTTP/1.1
User-Agent: selenium/4.1.2 (java windows)
Cache-Control: no-cache
Content-Type: application/json; charset=utf-8
host: localhost:59905
accept: */*

Response DefaultHttpResponse(decodeResult: success, version: HTTP/1.1)
HTTP/1.1 200 OK
Content-Type: application/json; charset=utf-8
cache-control: no-cache
content-length: 14

16:02:01.975 [AsyncHttpClient-1-2] DEBUG org.asynchttpclient.netty.channel.ChannelManager - Adding key: http://localhost:59905 for channel [id: 0x635d5c31, L:/127.0.0.1:60392 - R:localhost/127.0.0.1:59905]
16:02:01.982 [Forwarding isElementEnabled on session d24339dd0a6e0104052c29abe3665ae0 to remote] DEBUG org.asynchttpclient.netty.request.NettyRequestSender - Using pooled Channel '[id: 0x635d5c31, L:/127.0.0.1:60392 - R:localhost/127.0.0.1:59905]' for 'GET' to 'http://localhost:59905/session/d24339dd0a6e0104052c29abe3665ae0/element/e6cba853-b76f-41c5-b4ee-3387953f5ba5/enabled'
16:02:01.982 [Forwarding isElementEnabled on session d24339dd0a6e0104052c29abe3665ae0 to remote] DEBUG org.asynchttpclient.netty.request.NettyRequestSender - Using open Channel [id: 0x635d5c31, L:/127.0.0.1:60392 - R:localhost/127.0.0.1:59905] for GET '/session/d24339dd0a6e0104052c29abe3665ae0/element/e6cba853-b76f-41c5-b4ee-3387953f5ba5/enabled'
16:02:01.989 [AsyncHttpClient-1-2] DEBUG org.asynchttpclient.netty.handler.HttpHandler - 

Request DefaultFullHttpRequest(decodeResult: success, version: HTTP/1.1, content: EmptyByteBufBE)
GET /session/d24339dd0a6e0104052c29abe3665ae0/element/e6cba853-b76f-41c5-b4ee-3387953f5ba5/enabled HTTP/1.1
User-Agent: selenium/4.1.2 (java windows)
Cache-Control: no-cache
Content-Type: application/json; charset=utf-8
host: localhost:59905
accept: */*

Response DefaultHttpResponse(decodeResult: success, version: HTTP/1.1)
HTTP/1.1 200 OK
Content-Type: application/json; charset=utf-8
cache-control: no-cache
content-length: 14

16:02:01.989 [AsyncHttpClient-1-2] DEBUG org.asynchttpclient.netty.channel.ChannelManager - Adding key: http://localhost:59905 for channel [id: 0x635d5c31, L:/127.0.0.1:60392 - R:localhost/127.0.0.1:59905]
16:02:01.998 [Forwarding findElement on session d24339dd0a6e0104052c29abe3665ae0 to remote] DEBUG org.asynchttpclient.netty.request.NettyRequestSender - Using pooled Channel '[id: 0x635d5c31, L:/127.0.0.1:60392 - R:localhost/127.0.0.1:59905]' for 'POST' to 'http://localhost:59905/session/d24339dd0a6e0104052c29abe3665ae0/element'
16:02:01.998 [Forwarding findElement on session d24339dd0a6e0104052c29abe3665ae0 to remote] DEBUG org.asynchttpclient.netty.request.NettyRequestSender - Using open Channel [id: 0x635d5c31, L:/127.0.0.1:60392 - R:localhost/127.0.0.1:59905] for POST '/session/d24339dd0a6e0104052c29abe3665ae0/element'
16:02:02.009 [AsyncHttpClient-1-2] DEBUG org.asynchttpclient.netty.handler.HttpHandler - 

Request DefaultHttpRequest(decodeResult: success, version: HTTP/1.1)
POST /session/d24339dd0a6e0104052c29abe3665ae0/element HTTP/1.1
User-Agent: selenium/4.1.2 (java windows)
Content-Length: 53
Content-Type: application/json; charset=utf-8
host: localhost:59905
accept: */*

Response DefaultHttpResponse(decodeResult: success, version: HTTP/1.1)
HTTP/1.1 200 OK
Content-Type: application/json; charset=utf-8
cache-control: no-cache
content-length: 88

16:02:02.009 [AsyncHttpClient-1-2] DEBUG org.asynchttpclient.netty.channel.ChannelManager - Adding key: http://localhost:59905 for channel [id: 0x635d5c31, L:/127.0.0.1:60392 - R:localhost/127.0.0.1:59905]
16:02:02.009 [Forwarding clickElement on session d24339dd0a6e0104052c29abe3665ae0 to remote] DEBUG org.asynchttpclient.netty.request.NettyRequestSender - Using pooled Channel '[id: 0x635d5c31, L:/127.0.0.1:60392 - R:localhost/127.0.0.1:59905]' for 'POST' to 'http://localhost:59905/session/d24339dd0a6e0104052c29abe3665ae0/element/e6cba853-b76f-41c5-b4ee-3387953f5ba5/click'
16:02:02.009 [Forwarding clickElement on session d24339dd0a6e0104052c29abe3665ae0 to remote] DEBUG org.asynchttpclient.netty.request.NettyRequestSender - Using open Channel [id: 0x635d5c31, L:/127.0.0.1:60392 - R:localhost/127.0.0.1:59905] for POST '/session/d24339dd0a6e0104052c29abe3665ae0/element/e6cba853-b76f-41c5-b4ee-3387953f5ba5/click'
16:02:02.078 [AsyncHttpClient-1-2] DEBUG org.asynchttpclient.netty.handler.HttpHandler - 

Request DefaultHttpRequest(decodeResult: success, version: HTTP/1.1)
POST /session/d24339dd0a6e0104052c29abe3665ae0/element/e6cba853-b76f-41c5-b4ee-3387953f5ba5/click HTTP/1.1
User-Agent: selenium/4.1.2 (java windows)
Content-Length: 50
Content-Type: application/json; charset=utf-8
host: localhost:59905
accept: */*

Response DefaultHttpResponse(decodeResult: success, version: HTTP/1.1)
HTTP/1.1 200 OK
Content-Type: application/json; charset=utf-8
cache-control: no-cache
content-length: 14

16:02:02.078 [AsyncHttpClient-1-2] DEBUG org.asynchttpclient.netty.channel.ChannelManager - Adding key: http://localhost:59905 for channel [id: 0x635d5c31, L:/127.0.0.1:60392 - R:localhost/127.0.0.1:59905]
  &amp#27;[32mAnd &amp#27;[0m&amp#27;[32mi click continue button for login&amp#27;[0m                             &amp#27;[90m# starter.stepdefinitions.loginSteps.iClickContinueButtonForLogin()&amp#27;[0m
16:02:02.102 [Forwarding screenshot on session d24339dd0a6e0104052c29abe3665ae0 to remote] DEBUG org.asynchttpclient.netty.request.NettyRequestSender - Using pooled Channel '[id: 0x635d5c31, L:/127.0.0.1:60392 - R:localhost/127.0.0.1:59905]' for 'GET' to 'http://localhost:59905/session/d24339dd0a6e0104052c29abe3665ae0/screenshot'
16:02:02.102 [Forwarding screenshot on session d24339dd0a6e0104052c29abe3665ae0 to remote] DEBUG org.asynchttpclient.netty.request.NettyRequestSender - Using open Channel [id: 0x635d5c31, L:/127.0.0.1:60392 - R:localhost/127.0.0.1:59905] for GET '/session/d24339dd0a6e0104052c29abe3665ae0/screenshot'
16:02:02.130 [AsyncHttpClient-1-1] DEBUG org.asynchttpclient.netty.channel.DefaultChannelPool - Entry count for : http://localhost:60393 : 1
16:02:02.352 [AsyncHttpClient-1-2] DEBUG org.asynchttpclient.netty.handler.HttpHandler - 

Request DefaultFullHttpRequest(decodeResult: success, version: HTTP/1.1, content: EmptyByteBufBE)
GET /session/d24339dd0a6e0104052c29abe3665ae0/screenshot HTTP/1.1
User-Agent: selenium/4.1.2 (java windows)
Cache-Control: no-cache
Content-Type: application/json; charset=utf-8
host: localhost:59905
accept: */*

Response DefaultHttpResponse(decodeResult: success, version: HTTP/1.1)
HTTP/1.1 200 OK
Content-Type: application/json; charset=utf-8
cache-control: no-cache
content-length: 126428

16:02:02.361 [AsyncHttpClient-1-2] DEBUG org.asynchttpclient.netty.channel.ChannelManager - Adding key: http://localhost:59905 for channel [id: 0x635d5c31, L:/127.0.0.1:60392 - R:localhost/127.0.0.1:59905]
16:02:02.361 [main] DEBUG net.serenitybdd.core.photography.Darkroom - Send negative for processing for target\site\serenity\d3f87613eed822b6bc2642ab088cea3ffba274b758c353edbe4a29370fdaaee4.png
16:02:02.361 [Darkroom Processing Line] DEBUG net.serenitybdd.core.photography.DarkroomProcessingLine - Processing screenshot image in /var/screenshots/screenshot-2443691183181590049
16:02:02.361 [Darkroom Processing Line] DEBUG net.serenitybdd.core.photography.DarkroomProcessingLine - Saving screenshot to target\site\serenity\d3f87613eed822b6bc2642ab088cea3ffba274b758c353edbe4a29370fdaaee4.png
16:02:03.226 [AsyncHttpClient-1-1] DEBUG org.asynchttpclient.netty.channel.DefaultChannelPool - Entry count for : http://localhost:60393 : 1
16:02:03.226 [AsyncHttpClient-1-1] DEBUG org.asynchttpclient.netty.channel.DefaultChannelPool - Entry count for : http://localhost:59905 : 1
16:02:03.390 [Forwarding findElement on session d24339dd0a6e0104052c29abe3665ae0 to remote] DEBUG org.asynchttpclient.netty.request.NettyRequestSender - Using pooled Channel '[id: 0x635d5c31, L:/127.0.0.1:60392 - R:localhost/127.0.0.1:59905]' for 'POST' to 'http://localhost:59905/session/d24339dd0a6e0104052c29abe3665ae0/element'
16:02:03.390 [Forwarding findElement on session d24339dd0a6e0104052c29abe3665ae0 to remote] DEBUG org.asynchttpclient.netty.request.NettyRequestSender - Using open Channel [id: 0x635d5c31, L:/127.0.0.1:60392 - R:localhost/127.0.0.1:59905] for POST '/session/d24339dd0a6e0104052c29abe3665ae0/element'
16:02:03.420 [AsyncHttpClient-1-2] DEBUG org.asynchttpclient.netty.handler.HttpHandler - 

Request DefaultHttpRequest(decodeResult: success, version: HTTP/1.1)
POST /session/d24339dd0a6e0104052c29abe3665ae0/element HTTP/1.1
User-Agent: selenium/4.1.2 (java windows)
Content-Length: 58
Content-Type: application/json; charset=utf-8
host: localhost:59905
accept: */*

Response DefaultHttpResponse(decodeResult: success, version: HTTP/1.1)
HTTP/1.1 200 OK
Content-Type: application/json; charset=utf-8
cache-control: no-cache
content-length: 88

16:02:03.420 [AsyncHttpClient-1-2] DEBUG org.asynchttpclient.netty.channel.ChannelManager - Adding key: http://localhost:59905 for channel [id: 0x635d5c31, L:/127.0.0.1:60392 - R:localhost/127.0.0.1:59905]
16:02:03.428 [Forwarding isElementDisplayed on session d24339dd0a6e0104052c29abe3665ae0 to remote] DEBUG org.asynchttpclient.netty.request.NettyRequestSender - Using pooled Channel '[id: 0x635d5c31, L:/127.0.0.1:60392 - R:localhost/127.0.0.1:59905]' for 'POST' to 'http://localhost:59905/session/d24339dd0a6e0104052c29abe3665ae0/execute/sync'
16:02:03.428 [Forwarding isElementDisplayed on session d24339dd0a6e0104052c29abe3665ae0 to remote] DEBUG org.asynchttpclient.netty.request.NettyRequestSender - Using open Channel [id: 0x635d5c31, L:/127.0.0.1:60392 - R:localhost/127.0.0.1:59905] for POST '/session/d24339dd0a6e0104052c29abe3665ae0/execute/sync'
16:02:03.469 [AsyncHttpClient-1-2] DEBUG org.asynchttpclient.netty.handler.HttpHandler - 

Request DefaultHttpRequest(decodeResult: success, version: HTTP/1.1)
POST /session/d24339dd0a6e0104052c29abe3665ae0/execute/sync HTTP/1.1
User-Agent: selenium/4.1.2 (java windows)
Content-Length: 48780
Content-Type: application/json; charset=utf-8
host: localhost:59905
accept: */*

Response DefaultHttpResponse(decodeResult: success, version: HTTP/1.1)
HTTP/1.1 200 OK
Content-Type: application/json; charset=utf-8
cache-control: no-cache
content-length: 14

16:02:03.469 [AsyncHttpClient-1-2] DEBUG org.asynchttpclient.netty.channel.ChannelManager - Adding key: http://localhost:59905 for channel [id: 0x635d5c31, L:/127.0.0.1:60392 - R:localhost/127.0.0.1:59905]
  &amp#27;[32mThen &amp#27;[0m&amp#27;[32mi get my &amp#27;[0m&amp#27;[32m&amp#27;[1m"homepage"&amp#27;[0m&amp#27;[32m after login&amp#27;[0m                              &amp#27;[90m# starter.stepdefinitions.loginSteps.iGetMyAfterLogin(java.lang.String)&amp#27;[0m
16:02:03.485 [Forwarding screenshot on session d24339dd0a6e0104052c29abe3665ae0 to remote] DEBUG org.asynchttpclient.netty.request.NettyRequestSender - Using pooled Channel '[id: 0x635d5c31, L:/127.0.0.1:60392 - R:localhost/127.0.0.1:59905]' for 'GET' to 'http://localhost:59905/session/d24339dd0a6e0104052c29abe3665ae0/screenshot'
16:02:03.485 [Forwarding screenshot on session d24339dd0a6e0104052c29abe3665ae0 to remote] DEBUG org.asynchttpclient.netty.request.NettyRequestSender - Using open Channel [id: 0x635d5c31, L:/127.0.0.1:60392 - R:localhost/127.0.0.1:59905] for GET '/session/d24339dd0a6e0104052c29abe3665ae0/screenshot'
16:02:03.913 [AsyncHttpClient-1-2] DEBUG org.asynchttpclient.netty.handler.HttpHandler - 

Request DefaultFullHttpRequest(decodeResult: success, version: HTTP/1.1, content: EmptyByteBufBE)
GET /session/d24339dd0a6e0104052c29abe3665ae0/screenshot HTTP/1.1
User-Agent: selenium/4.1.2 (java windows)
Cache-Control: no-cache
Content-Type: application/json; charset=utf-8
host: localhost:59905
accept: */*

Response DefaultHttpResponse(decodeResult: success, version: HTTP/1.1)
HTTP/1.1 200 OK
Content-Type: application/json; charset=utf-8
cache-control: no-cache
content-length: 147340

16:02:03.922 [AsyncHttpClient-1-2] DEBUG org.asynchttpclient.netty.channel.ChannelManager - Adding key: http://localhost:59905 for channel [id: 0x635d5c31, L:/127.0.0.1:60392 - R:localhost/127.0.0.1:59905]
16:02:03.934 [main] DEBUG net.serenitybdd.core.photography.Darkroom - Send negative for processing for target\site\serenity\5aa32027c09a7016f5f95e64268b583ba0cf0bceafebd9f91d7ee6b23e30f749.png
16:02:03.946 [Darkroom Processing Line] DEBUG net.serenitybdd.core.photography.DarkroomProcessingLine - Processing screenshot image in /var/screenshots/screenshot-16060956186356230742
16:02:03.946 [Darkroom Processing Line] DEBUG net.serenitybdd.core.photography.DarkroomProcessingLine - Saving screenshot to target\site\serenity\5aa32027c09a7016f5f95e64268b583ba0cf0bceafebd9f91d7ee6b23e30f749.png
16:02:04.291 [Driver Command Executor] DEBUG org.asynchttpclient.netty.request.NettyRequestSender - Using pooled Channel '[id: 0x635d5c31, L:/127.0.0.1:60392 - R:localhost/127.0.0.1:59905]' for 'DELETE' to 'http://localhost:59905/session/d24339dd0a6e0104052c29abe3665ae0'
16:02:04.291 [Driver Command Executor] DEBUG org.asynchttpclient.netty.request.NettyRequestSender - Using open Channel [id: 0x635d5c31, L:/127.0.0.1:60392 - R:localhost/127.0.0.1:59905] for DELETE '/session/d24339dd0a6e0104052c29abe3665ae0'
16:02:04.299 [AsyncHttpClient-1-4] DEBUG org.asynchttpclient.netty.handler.WebSocketHandler - Channel Closed: [id: 0x6e5d794d, L:/127.0.0.1:60403 ! R:localhost/127.0.0.1:60393] with attribute NettyResponseFuture{currentRetry=5,
	isDone=1,
	isCancelled=0,
	asyncHandler=org.asynchttpclient.ws.WebSocketUpgradeHandler@714dc8aa,
	nettyRequest=org.asynchttpclient.netty.request.NettyRequest@23538dc3,
	future=java.util.concurrent.CompletableFuture@6a9b34a8[Completed normally],
	uri=ws://localhost:60393/devtools/browser/73ef0989-9a62-405f-a931-146848e91107,
	keepAlive=true,
	redirectCount=0,
	timeoutsHolder=null,
	inAuth=0,
	touch=1658480509388}
16:02:04.299 [AsyncHttpClient-1-4] DEBUG org.asynchttpclient.netty.channel.ChannelManager - Closing Channel [id: 0x6e5d794d, L:/127.0.0.1:60403 ! R:localhost/127.0.0.1:60393] 
16:02:04.328 [AsyncHttpClient-1-1] DEBUG org.asynchttpclient.netty.channel.DefaultChannelPool - Entry count for : http://localhost:60393 : 1
16:02:04.474 [AsyncHttpClient-1-3] DEBUG org.asynchttpclient.netty.handler.HttpHandler - Unexpected I/O exception on channel [id: 0x54a74198, L:/127.0.0.1:60402 - R:localhost/127.0.0.1:60393]
java.net.SocketException: Connection reset
	at java.base/sun.nio.ch.SocketChannelImpl.throwConnectionReset(SocketChannelImpl.java:367)
	at java.base/sun.nio.ch.SocketChannelImpl.read(SocketChannelImpl.java:398)
	at io.netty.buffer.PooledByteBuf.setBytes(PooledByteBuf.java:258)
	at io.netty.buffer.AbstractByteBuf.writeBytes(AbstractByteBuf.java:1132)
	at io.netty.channel.socket.nio.NioSocketChannel.doReadBytes(NioSocketChannel.java:350)
	at io.netty.channel.nio.AbstractNioByteChannel$NioByteUnsafe.read(AbstractNioByteChannel.java:151)
	at io.netty.channel.nio.NioEventLoop.processSelectedKey(NioEventLoop.java:722)
	at io.netty.channel.nio.NioEventLoop.processSelectedKeysOptimized(NioEventLoop.java:658)
	at io.netty.channel.nio.NioEventLoop.processSelectedKeys(NioEventLoop.java:584)
	at io.netty.channel.nio.NioEventLoop.run(NioEventLoop.java:496)
	at io.netty.util.concurrent.SingleThreadEventExecutor$4.run(SingleThreadEventExecutor.java:986)
	at io.netty.util.internal.ThreadExecutorMap$2.run(ThreadExecutorMap.java:74)
	at io.netty.util.concurrent.FastThreadLocalRunnable.run(FastThreadLocalRunnable.java:30)
	at java.base/java.lang.Thread.run(Thread.java:832)
16:02:04.476 [AsyncHttpClient-1-3] DEBUG org.asynchttpclient.netty.channel.ChannelManager - Closing Channel [id: 0x54a74198, L:/127.0.0.1:60402 - R:localhost/127.0.0.1:60393] 
16:02:04.483 [AsyncHttpClient-1-3] DEBUG org.asynchttpclient.netty.handler.HttpHandler - Channel Closed: [id: 0x54a74198, L:/127.0.0.1:60402 ! R:localhost/127.0.0.1:60393] with attribute DISCARD
16:02:04.564 [AsyncHttpClient-1-2] DEBUG org.asynchttpclient.netty.handler.HttpHandler - 

Request DefaultFullHttpRequest(decodeResult: success, version: HTTP/1.1, content: EmptyByteBufBE)
DELETE /session/d24339dd0a6e0104052c29abe3665ae0 HTTP/1.1
User-Agent: selenium/4.1.2 (java windows)
Content-Type: application/json; charset=utf-8
host: localhost:59905
accept: */*

Response DefaultHttpResponse(decodeResult: success, version: HTTP/1.1)
HTTP/1.1 200 OK
Content-Type: application/json; charset=utf-8
cache-control: no-cache
content-length: 14

16:02:04.565 [AsyncHttpClient-1-2] DEBUG org.asynchttpclient.netty.channel.ChannelManager - Adding key: http://localhost:59905 for channel [id: 0x635d5c31, L:/127.0.0.1:60392 - R:localhost/127.0.0.1:59905]
16:02:04.804 [AsyncHttpClient-1-2] DEBUG org.asynchttpclient.netty.handler.HttpHandler - Channel Closed: [id: 0x635d5c31, L:/127.0.0.1:60392 ! R:localhost/127.0.0.1:59905] with attribute DISCARD
16:02:05.330 [main] INFO  - 
  _____   ___   ___   _____     ___     _     ___   ___   ___   ___  
 |_   _| | __| / __| |_   _|   | _ \   /_\   / __| / __| | __| |   \ 
   | |   | _|  \__ \   | |     |  _/  / _ \  \__ \ \__ \ | _|  | |) |
   |_|   |___| |___/   |_|     |_|   /_/ \_\ |___/ |___/ |___| |___/ 

Login scenario
----------------------------------------------------------------------
]]></system-out>
    <system-err><![CDATA[Starting ChromeDriver 102.0.5005.61 (0e59bcc00cc4985ce39ad31c150065f159d95ad3-refs/branch-heads/5005@{#819}) on port 59905
Only local connections are allowed.
Please see https://chromedriver.chromium.org/security-considerations for suggestions on keeping ChromeDriver safe.
ChromeDriver was started successfully.
[1658480508.751][WARNING]: This version of ChromeDriver has not been tested with Chrome version 103.
Jul 22, 2022 4:01:49 PM org.openqa.selenium.remote.ProtocolHandshake createSession
INFO: Detected dialect: W3C
Jul 22, 2022 4:01:49 PM org.openqa.selenium.devtools.CdpVersionFinder findNearestMatch
WARNING: Unable to find an exact match for CDP version 103, so returning the closest version found: a no-op implementation
Jul 22, 2022 4:01:49 PM org.openqa.selenium.devtools.CdpVersionFinder findNearestMatch
INFO: Unable to find CDP implementation matching 103.
Jul 22, 2022 4:01:49 PM org.openqa.selenium.chromium.ChromiumDriver lambda$new$3
WARNING: Unable to find version of CDP to use for . You may need to include a dependency on a specific version of the CDP using something similar to `org.seleniumhq.selenium:selenium-devtools-v86:4.1.2` where the version ("v86") matches the version of the chromium-based browser you're using and the version number of the artifact is the same as Selenium's.
]]></system-err>
  </testcase>
  <testcase name="Login scenario #2" classname="Login" time="13.882">
    <system-out><![CDATA[
@login
Scenario Outline: Login scenario               &amp#27;[90m# src/test/resources/features/logins.feature:19&amp#27;[0m
16:02:05.359 [main] INFO io.cucumber.core.plugin.SerenityReporter - Running feature from file:///D:/PERKULIAHAN/Semester%206,Hebatt%20glad!/QE-FGD/Automation-test-Website%20-%20Copy/src/test/resources/features/logins.feature
16:02:05.422 [AsyncHttpClient-1-1] DEBUG org.asynchttpclient.netty.channel.DefaultChannelPool - Entry count for : http://localhost:60393 : 1
16:02:05.422 [AsyncHttpClient-1-1] DEBUG org.asynchttpclient.netty.channel.DefaultChannelPool - Entry count for : http://localhost:59905 : 1
16:02:05.422 [main] INFO net.serenitybdd.core.webdriver.driverproviders.ChromeDriverProvider - Using automatically driver download
16:02:05.422 [AsyncHttpClient-1-1] DEBUG org.asynchttpclient.netty.channel.DefaultChannelPool - Adding Candidate expired Channel [id: 0x54a74198, L:/127.0.0.1:60402 ! R:localhost/127.0.0.1:60393] isIdleTimeoutExpired=false isRemotelyClosed=true isTtlExpired=false
16:02:05.422 [AsyncHttpClient-1-1] DEBUG org.asynchttpclient.netty.channel.DefaultChannelPool - Closing Idle Channel [id: 0x54a74198, L:/127.0.0.1:60402 ! R:localhost/127.0.0.1:60393]
16:02:05.422 [AsyncHttpClient-1-1] DEBUG org.asynchttpclient.netty.channel.DefaultChannelPool - Adding Candidate expired Channel [id: 0x635d5c31, L:/127.0.0.1:60392 ! R:localhost/127.0.0.1:59905] isIdleTimeoutExpired=false isRemotelyClosed=true isTtlExpired=false
16:02:05.422 [AsyncHttpClient-1-1] DEBUG org.asynchttpclient.netty.channel.DefaultChannelPool - Closing Idle Channel [id: 0x635d5c31, L:/127.0.0.1:60392 ! R:localhost/127.0.0.1:59905]
16:02:05.422 [AsyncHttpClient-1-1] DEBUG org.asynchttpclient.netty.channel.DefaultChannelPool - Closed 2 connections out of 2 in 0 ms
16:02:05.622 [main] DEBUG io.github.bonigarcia.wdm.cache.ResolutionCache - Resolution chrome=103 in cache (valid until 16:34:03 22/07/2022 WIB)
16:02:05.638 [main] DEBUG io.github.bonigarcia.wdm.cache.ResolutionCache - Resolution chrome103=103.0.5060.134 in cache (valid until 17:00:36 22/07/2022 WIB)
16:02:05.648 [main] INFO io.github.bonigarcia.wdm.WebDriverManager - Using chromedriver 103.0.5060.134 (resolved driver for Chrome 103)
16:02:05.710 [main] DEBUG io.github.bonigarcia.wdm.WebDriverManager - Driver chromedriver 103.0.5060.134 found in cache
16:02:05.720 [main] INFO io.github.bonigarcia.wdm.WebDriverManager - Exporting webdriver.chrome.driver as C:\Users\ASUS\.cache\selenium\chromedriver\win32\103.0.5060.134\chromedriver.exe
16:02:05.910 [main] DEBUG net.serenitybdd.core.webdriver.driverproviders.ProvideNewDriver - Instantiating driver
16:02:05.910 [main] DEBUG net.serenitybdd.core.webdriver.driverproviders.ProvideNewDriver - Driver capabilities: Capabilities {acceptInsecureCerts: false, base.url: https://found-capstone20.ne..., browserName: chrome, chrome.driver: src/test/resources/webdrive..., driver: chrome, goog:chromeOptions: {args: [], extensions: []}}
16:02:06.478 [AsyncHttpClient-1-5] DEBUG org.asynchttpclient.netty.channel.NettyConnectListener - Using new Channel '[id: 0x0731f111, L:/127.0.0.1:60426 - R:localhost/127.0.0.1:54429]' for 'POST' to '/session'
16:02:08.530 [AsyncHttpClient-1-5] DEBUG org.asynchttpclient.netty.handler.HttpHandler - 

Request DefaultHttpRequest(decodeResult: success, version: HTTP/1.1)
POST /session HTTP/1.1
User-Agent: selenium/4.1.2 (java windows)
Content-Length: 623
Content-Type: application/json; charset=utf-8
host: localhost:54429
accept: */*

Response DefaultHttpResponse(decodeResult: success, version: HTTP/1.1)
HTTP/1.1 200 OK
Content-Type: application/json; charset=utf-8
cache-control: no-cache
content-length: 790

16:02:08.531 [AsyncHttpClient-1-5] DEBUG org.asynchttpclient.netty.channel.ChannelManager - Adding key: http://localhost:54429 for channel [id: 0x0731f111, L:/127.0.0.1:60426 - R:localhost/127.0.0.1:54429]
16:02:08.570 [AsyncHttpClient-1-6] DEBUG org.asynchttpclient.netty.channel.NettyConnectListener - Using new Channel '[id: 0xe42bdcba, L:/127.0.0.1:60436 - R:localhost/127.0.0.1:60427]' for 'GET' to '/json/version'
16:02:08.607 [AsyncHttpClient-1-6] DEBUG org.asynchttpclient.netty.handler.HttpHandler - 

Request DefaultFullHttpRequest(decodeResult: success, version: HTTP/1.1, content: EmptyByteBufBE)
GET /json/version HTTP/1.1
User-Agent: selenium/4.1.2 (java windows)
host: localhost:60427
accept: */*

Response DefaultHttpResponse(decodeResult: success, version: HTTP/1.1)
HTTP/1.1 200 OK
Content-Type: application/json; charset=UTF-8
content-length: 429

16:02:08.607 [AsyncHttpClient-1-6] DEBUG org.asynchttpclient.netty.channel.ChannelManager - Adding key: http://localhost:60427 for channel [id: 0xe42bdcba, L:/127.0.0.1:60436 - R:localhost/127.0.0.1:60427]
16:02:08.625 [AsyncHttpClient-1-7] DEBUG org.asynchttpclient.netty.channel.NettyConnectListener - Using new Channel '[id: 0xd18c2827, L:/127.0.0.1:60437 - R:localhost/127.0.0.1:60427]' for 'GET' to '/devtools/browser/3a7b7988-21cc-463e-bddb-9efeab90ae68'
16:02:08.641 [AsyncHttpClient-1-7] DEBUG org.asynchttpclient.netty.handler.WebSocketHandler - 

Request DefaultFullHttpRequest(decodeResult: success, version: HTTP/1.1, content: EmptyByteBufBE)
GET /devtools/browser/3a7b7988-21cc-463e-bddb-9efeab90ae68 HTTP/1.1
upgrade: websocket
connection: upgrade
sec-websocket-key: EDlYQjv2W6jXyiLMLNvyhA==
sec-websocket-version: 13
origin: http://localhost:60427
host: localhost:60427
accept: */*
user-agent: AHC/2.1

Response DefaultHttpResponse(decodeResult: success, version: HTTP/1.1)
HTTP/1.1 101 WebSocket Protocol Handshake
Upgrade: WebSocket
Connection: Upgrade
Sec-WebSocket-Accept: oC9rD0QQSQ905XwKns2MKpkDCo4=

16:02:08.668 [Forwarding maximizeCurrentWindow on session dcf4d284dafbebb26f4227cd9051c453 to remote] DEBUG org.asynchttpclient.netty.request.NettyRequestSender - Using pooled Channel '[id: 0x0731f111, L:/127.0.0.1:60426 - R:localhost/127.0.0.1:54429]' for 'POST' to 'http://localhost:54429/session/dcf4d284dafbebb26f4227cd9051c453/window/maximize'
16:02:08.668 [Forwarding maximizeCurrentWindow on session dcf4d284dafbebb26f4227cd9051c453 to remote] DEBUG org.asynchttpclient.netty.request.NettyRequestSender - Using open Channel [id: 0x0731f111, L:/127.0.0.1:60426 - R:localhost/127.0.0.1:54429] for POST '/session/dcf4d284dafbebb26f4227cd9051c453/window/maximize'
16:02:08.776 [AsyncHttpClient-1-1] DEBUG org.asynchttpclient.netty.channel.DefaultChannelPool - Entry count for : http://localhost:60427 : 1
16:02:08.854 [AsyncHttpClient-1-5] DEBUG org.asynchttpclient.netty.handler.HttpHandler - 

Request DefaultHttpRequest(decodeResult: success, version: HTTP/1.1)
POST /session/dcf4d284dafbebb26f4227cd9051c453/window/maximize HTTP/1.1
User-Agent: selenium/4.1.2 (java windows)
Content-Length: 3
Content-Type: application/json; charset=utf-8
host: localhost:54429
accept: */*

Response DefaultHttpResponse(decodeResult: success, version: HTTP/1.1)
HTTP/1.1 200 OK
Content-Type: application/json; charset=utf-8
cache-control: no-cache
content-length: 51

16:02:08.855 [AsyncHttpClient-1-5] DEBUG org.asynchttpclient.netty.channel.ChannelManager - Adding key: http://localhost:54429 for channel [id: 0x0731f111, L:/127.0.0.1:60426 - R:localhost/127.0.0.1:54429]
16:02:08.860 [Forwarding get on session dcf4d284dafbebb26f4227cd9051c453 to remote] DEBUG org.asynchttpclient.netty.request.NettyRequestSender - Using pooled Channel '[id: 0x0731f111, L:/127.0.0.1:60426 - R:localhost/127.0.0.1:54429]' for 'POST' to 'http://localhost:54429/session/dcf4d284dafbebb26f4227cd9051c453/url'
16:02:08.860 [Forwarding get on session dcf4d284dafbebb26f4227cd9051c453 to remote] DEBUG org.asynchttpclient.netty.request.NettyRequestSender - Using open Channel [id: 0x0731f111, L:/127.0.0.1:60426 - R:localhost/127.0.0.1:54429] for POST '/session/dcf4d284dafbebb26f4227cd9051c453/url'
16:02:09.828 [AsyncHttpClient-1-1] DEBUG org.asynchttpclient.netty.channel.DefaultChannelPool - Entry count for : http://localhost:60427 : 1
16:02:10.918 [AsyncHttpClient-1-1] DEBUG org.asynchttpclient.netty.channel.DefaultChannelPool - Entry count for : http://localhost:60427 : 1
16:02:12.040 [AsyncHttpClient-1-1] DEBUG org.asynchttpclient.netty.channel.DefaultChannelPool - Entry count for : http://localhost:60427 : 1
16:02:13.135 [AsyncHttpClient-1-1] DEBUG org.asynchttpclient.netty.channel.DefaultChannelPool - Entry count for : http://localhost:60427 : 1
16:02:13.219 [AsyncHttpClient-1-5] DEBUG org.asynchttpclient.netty.handler.HttpHandler - 

Request DefaultHttpRequest(decodeResult: success, version: HTTP/1.1)
POST /session/dcf4d284dafbebb26f4227cd9051c453/url HTTP/1.1
User-Agent: selenium/4.1.2 (java windows)
Content-Length: 67
Content-Type: application/json; charset=utf-8
host: localhost:54429
accept: */*

Response DefaultHttpResponse(decodeResult: success, version: HTTP/1.1)
HTTP/1.1 200 OK
Content-Type: application/json; charset=utf-8
cache-control: no-cache
content-length: 14

16:02:13.219 [AsyncHttpClient-1-5] DEBUG org.asynchttpclient.netty.channel.ChannelManager - Adding key: http://localhost:54429 for channel [id: 0x0731f111, L:/127.0.0.1:60426 - R:localhost/127.0.0.1:54429]
16:02:13.230 [Forwarding setTimeout on session dcf4d284dafbebb26f4227cd9051c453 to remote] DEBUG org.asynchttpclient.netty.request.NettyRequestSender - Using pooled Channel '[id: 0x0731f111, L:/127.0.0.1:60426 - R:localhost/127.0.0.1:54429]' for 'POST' to 'http://localhost:54429/session/dcf4d284dafbebb26f4227cd9051c453/timeouts'
16:02:13.230 [Forwarding setTimeout on session dcf4d284dafbebb26f4227cd9051c453 to remote] DEBUG org.asynchttpclient.netty.request.NettyRequestSender - Using open Channel [id: 0x0731f111, L:/127.0.0.1:60426 - R:localhost/127.0.0.1:54429] for POST '/session/dcf4d284dafbebb26f4227cd9051c453/timeouts'
16:02:13.230 [AsyncHttpClient-1-5] DEBUG org.asynchttpclient.netty.handler.HttpHandler - 

Request DefaultHttpRequest(decodeResult: success, version: HTTP/1.1)
POST /session/dcf4d284dafbebb26f4227cd9051c453/timeouts HTTP/1.1
User-Agent: selenium/4.1.2 (java windows)
Content-Length: 22
Content-Type: application/json; charset=utf-8
host: localhost:54429
accept: */*

Response DefaultHttpResponse(decodeResult: success, version: HTTP/1.1)
HTTP/1.1 200 OK
Content-Type: application/json; charset=utf-8
cache-control: no-cache
content-length: 14

16:02:13.230 [AsyncHttpClient-1-5] DEBUG org.asynchttpclient.netty.channel.ChannelManager - Adding key: http://localhost:54429 for channel [id: 0x0731f111, L:/127.0.0.1:60426 - R:localhost/127.0.0.1:54429]
16:02:13.238 [Forwarding getCurrentUrl on session dcf4d284dafbebb26f4227cd9051c453 to remote] DEBUG org.asynchttpclient.netty.request.NettyRequestSender - Using pooled Channel '[id: 0x0731f111, L:/127.0.0.1:60426 - R:localhost/127.0.0.1:54429]' for 'GET' to 'http://localhost:54429/session/dcf4d284dafbebb26f4227cd9051c453/url'
16:02:13.238 [Forwarding getCurrentUrl on session dcf4d284dafbebb26f4227cd9051c453 to remote] DEBUG org.asynchttpclient.netty.request.NettyRequestSender - Using open Channel [id: 0x0731f111, L:/127.0.0.1:60426 - R:localhost/127.0.0.1:54429] for GET '/session/dcf4d284dafbebb26f4227cd9051c453/url'
16:02:13.251 [AsyncHttpClient-1-5] DEBUG org.asynchttpclient.netty.handler.HttpHandler - 

Request DefaultFullHttpRequest(decodeResult: success, version: HTTP/1.1, content: EmptyByteBufBE)
GET /session/dcf4d284dafbebb26f4227cd9051c453/url HTTP/1.1
User-Agent: selenium/4.1.2 (java windows)
Cache-Control: no-cache
Content-Type: application/json; charset=utf-8
host: localhost:54429
accept: */*

Response DefaultHttpResponse(decodeResult: success, version: HTTP/1.1)
HTTP/1.1 200 OK
Content-Type: application/json; charset=utf-8
cache-control: no-cache
content-length: 49

16:02:13.251 [AsyncHttpClient-1-5] DEBUG org.asynchttpclient.netty.channel.ChannelManager - Adding key: http://localhost:54429 for channel [id: 0x0731f111, L:/127.0.0.1:60426 - R:localhost/127.0.0.1:54429]
  &amp#27;[32mGiven &amp#27;[0m&amp#27;[32mi have registered&amp#27;[0m                      &amp#27;[90m# starter.stepdefinitions.loginSteps.iHaveRegistered()&amp#27;[0m
16:02:13.271 [Forwarding screenshot on session dcf4d284dafbebb26f4227cd9051c453 to remote] DEBUG org.asynchttpclient.netty.request.NettyRequestSender - Using pooled Channel '[id: 0x0731f111, L:/127.0.0.1:60426 - R:localhost/127.0.0.1:54429]' for 'GET' to 'http://localhost:54429/session/dcf4d284dafbebb26f4227cd9051c453/screenshot'
16:02:13.271 [Forwarding screenshot on session dcf4d284dafbebb26f4227cd9051c453 to remote] DEBUG org.asynchttpclient.netty.request.NettyRequestSender - Using open Channel [id: 0x0731f111, L:/127.0.0.1:60426 - R:localhost/127.0.0.1:54429] for GET '/session/dcf4d284dafbebb26f4227cd9051c453/screenshot'
16:02:13.681 [AsyncHttpClient-1-5] DEBUG org.asynchttpclient.netty.handler.HttpHandler - 

Request DefaultFullHttpRequest(decodeResult: success, version: HTTP/1.1, content: EmptyByteBufBE)
GET /session/dcf4d284dafbebb26f4227cd9051c453/screenshot HTTP/1.1
User-Agent: selenium/4.1.2 (java windows)
Cache-Control: no-cache
Content-Type: application/json; charset=utf-8
host: localhost:54429
accept: */*

Response DefaultHttpResponse(decodeResult: success, version: HTTP/1.1)
HTTP/1.1 200 OK
Content-Type: application/json; charset=utf-8
cache-control: no-cache
content-length: 354376

16:02:13.681 [AsyncHttpClient-1-5] DEBUG org.asynchttpclient.netty.channel.ChannelManager - Adding key: http://localhost:54429 for channel [id: 0x0731f111, L:/127.0.0.1:60426 - R:localhost/127.0.0.1:54429]
16:02:13.705 [main] DEBUG net.serenitybdd.core.photography.Darkroom - Send negative for processing for target\site\serenity\4660354df54a12fcd895682f5709ada0fe64cb7be35e163b54bdc9c5bb06ca8f.png
16:02:13.742 [Forwarding findElement on session dcf4d284dafbebb26f4227cd9051c453 to remote] DEBUG org.asynchttpclient.netty.request.NettyRequestSender - Using pooled Channel '[id: 0x0731f111, L:/127.0.0.1:60426 - R:localhost/127.0.0.1:54429]' for 'POST' to 'http://localhost:54429/session/dcf4d284dafbebb26f4227cd9051c453/element'
16:02:13.742 [Forwarding findElement on session dcf4d284dafbebb26f4227cd9051c453 to remote] DEBUG org.asynchttpclient.netty.request.NettyRequestSender - Using open Channel [id: 0x0731f111, L:/127.0.0.1:60426 - R:localhost/127.0.0.1:54429] for POST '/session/dcf4d284dafbebb26f4227cd9051c453/element'
16:02:13.799 [AsyncHttpClient-1-5] DEBUG org.asynchttpclient.netty.handler.HttpHandler - 

Request DefaultHttpRequest(decodeResult: success, version: HTTP/1.1)
POST /session/dcf4d284dafbebb26f4227cd9051c453/element HTTP/1.1
User-Agent: selenium/4.1.2 (java windows)
Content-Length: 55
Content-Type: application/json; charset=utf-8
host: localhost:54429
accept: */*

Response DefaultHttpResponse(decodeResult: success, version: HTTP/1.1)
HTTP/1.1 200 OK
Content-Type: application/json; charset=utf-8
cache-control: no-cache
content-length: 88

16:02:13.799 [AsyncHttpClient-1-5] DEBUG org.asynchttpclient.netty.channel.ChannelManager - Adding key: http://localhost:54429 for channel [id: 0x0731f111, L:/127.0.0.1:60426 - R:localhost/127.0.0.1:54429]
16:02:13.808 [Forwarding isElementDisplayed on session dcf4d284dafbebb26f4227cd9051c453 to remote] DEBUG org.asynchttpclient.netty.request.NettyRequestSender - Using pooled Channel '[id: 0x0731f111, L:/127.0.0.1:60426 - R:localhost/127.0.0.1:54429]' for 'POST' to 'http://localhost:54429/session/dcf4d284dafbebb26f4227cd9051c453/execute/sync'
16:02:13.808 [Forwarding isElementDisplayed on session dcf4d284dafbebb26f4227cd9051c453 to remote] DEBUG org.asynchttpclient.netty.request.NettyRequestSender - Using open Channel [id: 0x0731f111, L:/127.0.0.1:60426 - R:localhost/127.0.0.1:54429] for POST '/session/dcf4d284dafbebb26f4227cd9051c453/execute/sync'
16:02:13.868 [AsyncHttpClient-1-5] DEBUG org.asynchttpclient.netty.handler.HttpHandler - 

Request DefaultHttpRequest(decodeResult: success, version: HTTP/1.1)
POST /session/dcf4d284dafbebb26f4227cd9051c453/execute/sync HTTP/1.1
User-Agent: selenium/4.1.2 (java windows)
Content-Length: 48780
Content-Type: application/json; charset=utf-8
host: localhost:54429
accept: */*

Response DefaultHttpResponse(decodeResult: success, version: HTTP/1.1)
HTTP/1.1 200 OK
Content-Type: application/json; charset=utf-8
cache-control: no-cache
content-length: 14

16:02:13.868 [AsyncHttpClient-1-5] DEBUG org.asynchttpclient.netty.channel.ChannelManager - Adding key: http://localhost:54429 for channel [id: 0x0731f111, L:/127.0.0.1:60426 - R:localhost/127.0.0.1:54429]
16:02:13.876 [Forwarding findElement on session dcf4d284dafbebb26f4227cd9051c453 to remote] DEBUG org.asynchttpclient.netty.request.NettyRequestSender - Using pooled Channel '[id: 0x0731f111, L:/127.0.0.1:60426 - R:localhost/127.0.0.1:54429]' for 'POST' to 'http://localhost:54429/session/dcf4d284dafbebb26f4227cd9051c453/element'
16:02:13.876 [Forwarding findElement on session dcf4d284dafbebb26f4227cd9051c453 to remote] DEBUG org.asynchttpclient.netty.request.NettyRequestSender - Using open Channel [id: 0x0731f111, L:/127.0.0.1:60426 - R:localhost/127.0.0.1:54429] for POST '/session/dcf4d284dafbebb26f4227cd9051c453/element'
16:02:13.952 [AsyncHttpClient-1-5] DEBUG org.asynchttpclient.netty.handler.HttpHandler - 

Request DefaultHttpRequest(decodeResult: success, version: HTTP/1.1)
POST /session/dcf4d284dafbebb26f4227cd9051c453/element HTTP/1.1
User-Agent: selenium/4.1.2 (java windows)
Content-Length: 72
Content-Type: application/json; charset=utf-8
host: localhost:54429
accept: */*

Response DefaultHttpResponse(decodeResult: success, version: HTTP/1.1)
HTTP/1.1 200 OK
Content-Type: application/json; charset=utf-8
cache-control: no-cache
content-length: 88

16:02:13.952 [AsyncHttpClient-1-5] DEBUG org.asynchttpclient.netty.channel.ChannelManager - Adding key: http://localhost:54429 for channel [id: 0x0731f111, L:/127.0.0.1:60426 - R:localhost/127.0.0.1:54429]
16:02:13.959 [Forwarding getElementTagName on session dcf4d284dafbebb26f4227cd9051c453 to remote] DEBUG org.asynchttpclient.netty.request.NettyRequestSender - Using pooled Channel '[id: 0x0731f111, L:/127.0.0.1:60426 - R:localhost/127.0.0.1:54429]' for 'GET' to 'http://localhost:54429/session/dcf4d284dafbebb26f4227cd9051c453/element/803dd769-979f-4c43-9c81-fb6d00771415/name'
16:02:13.959 [Forwarding getElementTagName on session dcf4d284dafbebb26f4227cd9051c453 to remote] DEBUG org.asynchttpclient.netty.request.NettyRequestSender - Using open Channel [id: 0x0731f111, L:/127.0.0.1:60426 - R:localhost/127.0.0.1:54429] for GET '/session/dcf4d284dafbebb26f4227cd9051c453/element/803dd769-979f-4c43-9c81-fb6d00771415/name'
16:02:14.000 [AsyncHttpClient-1-5] DEBUG org.asynchttpclient.netty.handler.HttpHandler - 

Request DefaultFullHttpRequest(decodeResult: success, version: HTTP/1.1, content: EmptyByteBufBE)
GET /session/dcf4d284dafbebb26f4227cd9051c453/element/803dd769-979f-4c43-9c81-fb6d00771415/name HTTP/1.1
User-Agent: selenium/4.1.2 (java windows)
Cache-Control: no-cache
Content-Type: application/json; charset=utf-8
host: localhost:54429
accept: */*

Response DefaultHttpResponse(decodeResult: success, version: HTTP/1.1)
HTTP/1.1 200 OK
Content-Type: application/json; charset=utf-8
cache-control: no-cache
content-length: 13

16:02:14.000 [AsyncHttpClient-1-5] DEBUG org.asynchttpclient.netty.channel.ChannelManager - Adding key: http://localhost:54429 for channel [id: 0x0731f111, L:/127.0.0.1:60426 - R:localhost/127.0.0.1:54429]
16:02:14.000 [Forwarding getElementTagName on session dcf4d284dafbebb26f4227cd9051c453 to remote] DEBUG org.asynchttpclient.netty.request.NettyRequestSender - Using pooled Channel '[id: 0x0731f111, L:/127.0.0.1:60426 - R:localhost/127.0.0.1:54429]' for 'GET' to 'http://localhost:54429/session/dcf4d284dafbebb26f4227cd9051c453/element/803dd769-979f-4c43-9c81-fb6d00771415/name'
16:02:14.000 [Forwarding getElementTagName on session dcf4d284dafbebb26f4227cd9051c453 to remote] DEBUG org.asynchttpclient.netty.request.NettyRequestSender - Using open Channel [id: 0x0731f111, L:/127.0.0.1:60426 - R:localhost/127.0.0.1:54429] for GET '/session/dcf4d284dafbebb26f4227cd9051c453/element/803dd769-979f-4c43-9c81-fb6d00771415/name'
16:02:14.050 [AsyncHttpClient-1-5] DEBUG org.asynchttpclient.netty.handler.HttpHandler - 

Request DefaultFullHttpRequest(decodeResult: success, version: HTTP/1.1, content: EmptyByteBufBE)
GET /session/dcf4d284dafbebb26f4227cd9051c453/element/803dd769-979f-4c43-9c81-fb6d00771415/name HTTP/1.1
User-Agent: selenium/4.1.2 (java windows)
Cache-Control: no-cache
Content-Type: application/json; charset=utf-8
host: localhost:54429
accept: */*

Response DefaultHttpResponse(decodeResult: success, version: HTTP/1.1)
HTTP/1.1 200 OK
Content-Type: application/json; charset=utf-8
cache-control: no-cache
content-length: 13

16:02:14.050 [AsyncHttpClient-1-5] DEBUG org.asynchttpclient.netty.channel.ChannelManager - Adding key: http://localhost:54429 for channel [id: 0x0731f111, L:/127.0.0.1:60426 - R:localhost/127.0.0.1:54429]
16:02:14.058 [Forwarding findElement on session dcf4d284dafbebb26f4227cd9051c453 to remote] DEBUG org.asynchttpclient.netty.request.NettyRequestSender - Using pooled Channel '[id: 0x0731f111, L:/127.0.0.1:60426 - R:localhost/127.0.0.1:54429]' for 'POST' to 'http://localhost:54429/session/dcf4d284dafbebb26f4227cd9051c453/element'
16:02:14.059 [Forwarding findElement on session dcf4d284dafbebb26f4227cd9051c453 to remote] DEBUG org.asynchttpclient.netty.request.NettyRequestSender - Using open Channel [id: 0x0731f111, L:/127.0.0.1:60426 - R:localhost/127.0.0.1:54429] for POST '/session/dcf4d284dafbebb26f4227cd9051c453/element'
16:02:14.100 [AsyncHttpClient-1-5] DEBUG org.asynchttpclient.netty.handler.HttpHandler - 

Request DefaultHttpRequest(decodeResult: success, version: HTTP/1.1)
POST /session/dcf4d284dafbebb26f4227cd9051c453/element HTTP/1.1
User-Agent: selenium/4.1.2 (java windows)
Content-Length: 72
Content-Type: application/json; charset=utf-8
host: localhost:54429
accept: */*

Response DefaultHttpResponse(decodeResult: success, version: HTTP/1.1)
HTTP/1.1 200 OK
Content-Type: application/json; charset=utf-8
cache-control: no-cache
content-length: 88

16:02:14.100 [AsyncHttpClient-1-5] DEBUG org.asynchttpclient.netty.channel.ChannelManager - Adding key: http://localhost:54429 for channel [id: 0x0731f111, L:/127.0.0.1:60426 - R:localhost/127.0.0.1:54429]
16:02:14.109 [Forwarding clickElement on session dcf4d284dafbebb26f4227cd9051c453 to remote] DEBUG org.asynchttpclient.netty.request.NettyRequestSender - Using pooled Channel '[id: 0x0731f111, L:/127.0.0.1:60426 - R:localhost/127.0.0.1:54429]' for 'POST' to 'http://localhost:54429/session/dcf4d284dafbebb26f4227cd9051c453/element/803dd769-979f-4c43-9c81-fb6d00771415/click'
16:02:14.109 [Forwarding clickElement on session dcf4d284dafbebb26f4227cd9051c453 to remote] DEBUG org.asynchttpclient.netty.request.NettyRequestSender - Using open Channel [id: 0x0731f111, L:/127.0.0.1:60426 - R:localhost/127.0.0.1:54429] for POST '/session/dcf4d284dafbebb26f4227cd9051c453/element/803dd769-979f-4c43-9c81-fb6d00771415/click'
16:02:14.230 [AsyncHttpClient-1-1] DEBUG org.asynchttpclient.netty.channel.DefaultChannelPool - Entry count for : http://localhost:60427 : 1
16:02:14.302 [AsyncHttpClient-1-5] DEBUG org.asynchttpclient.netty.handler.HttpHandler - 

Request DefaultHttpRequest(decodeResult: success, version: HTTP/1.1)
POST /session/dcf4d284dafbebb26f4227cd9051c453/element/803dd769-979f-4c43-9c81-fb6d00771415/click HTTP/1.1
User-Agent: selenium/4.1.2 (java windows)
Content-Length: 50
Content-Type: application/json; charset=utf-8
host: localhost:54429
accept: */*

Response DefaultHttpResponse(decodeResult: success, version: HTTP/1.1)
HTTP/1.1 200 OK
Content-Type: application/json; charset=utf-8
cache-control: no-cache
content-length: 14

16:02:14.302 [AsyncHttpClient-1-5] DEBUG org.asynchttpclient.netty.channel.ChannelManager - Adding key: http://localhost:54429 for channel [id: 0x0731f111, L:/127.0.0.1:60426 - R:localhost/127.0.0.1:54429]
  &amp#27;[32mWhen &amp#27;[0m&amp#27;[32mi click get started&amp#27;[0m                     &amp#27;[90m# starter.stepdefinitions.registerSteps.iClickGetStarted()&amp#27;[0m
16:02:14.322 [Forwarding screenshot on session dcf4d284dafbebb26f4227cd9051c453 to remote] DEBUG org.asynchttpclient.netty.request.NettyRequestSender - Using pooled Channel '[id: 0x0731f111, L:/127.0.0.1:60426 - R:localhost/127.0.0.1:54429]' for 'GET' to 'http://localhost:54429/session/dcf4d284dafbebb26f4227cd9051c453/screenshot'
16:02:14.322 [Forwarding screenshot on session dcf4d284dafbebb26f4227cd9051c453 to remote] DEBUG org.asynchttpclient.netty.request.NettyRequestSender - Using open Channel [id: 0x0731f111, L:/127.0.0.1:60426 - R:localhost/127.0.0.1:54429] for GET '/session/dcf4d284dafbebb26f4227cd9051c453/screenshot'
16:02:14.758 [AsyncHttpClient-1-5] DEBUG org.asynchttpclient.netty.handler.HttpHandler - 

Request DefaultFullHttpRequest(decodeResult: success, version: HTTP/1.1, content: EmptyByteBufBE)
GET /session/dcf4d284dafbebb26f4227cd9051c453/screenshot HTTP/1.1
User-Agent: selenium/4.1.2 (java windows)
Cache-Control: no-cache
Content-Type: application/json; charset=utf-8
host: localhost:54429
accept: */*

Response DefaultHttpResponse(decodeResult: success, version: HTTP/1.1)
HTTP/1.1 200 OK
Content-Type: application/json; charset=utf-8
cache-control: no-cache
content-length: 131064

16:02:14.758 [AsyncHttpClient-1-5] DEBUG org.asynchttpclient.netty.channel.ChannelManager - Adding key: http://localhost:54429 for channel [id: 0x0731f111, L:/127.0.0.1:60426 - R:localhost/127.0.0.1:54429]
16:02:14.771 [main] DEBUG net.serenitybdd.core.photography.Darkroom - Send negative for processing for target\site\serenity\71c48fb3a1fe43885fbe0f875e3c1e9281cb5fd4a0c4dadaab1b3fe29166239b.png
16:02:14.771 [Darkroom Processing Line] DEBUG net.serenitybdd.core.photography.DarkroomProcessingLine - Processing screenshot image in /var/screenshots/screenshot-4647910663234452266
16:02:14.771 [Darkroom Processing Line] DEBUG net.serenitybdd.core.photography.DarkroomProcessingLine - Saving screenshot to target\site\serenity\71c48fb3a1fe43885fbe0f875e3c1e9281cb5fd4a0c4dadaab1b3fe29166239b.png
16:02:14.802 [Forwarding findElement on session dcf4d284dafbebb26f4227cd9051c453 to remote] DEBUG org.asynchttpclient.netty.request.NettyRequestSender - Using pooled Channel '[id: 0x0731f111, L:/127.0.0.1:60426 - R:localhost/127.0.0.1:54429]' for 'POST' to 'http://localhost:54429/session/dcf4d284dafbebb26f4227cd9051c453/element'
16:02:14.802 [Forwarding findElement on session dcf4d284dafbebb26f4227cd9051c453 to remote] DEBUG org.asynchttpclient.netty.request.NettyRequestSender - Using open Channel [id: 0x0731f111, L:/127.0.0.1:60426 - R:localhost/127.0.0.1:54429] for POST '/session/dcf4d284dafbebb26f4227cd9051c453/element'
16:02:14.830 [AsyncHttpClient-1-5] DEBUG org.asynchttpclient.netty.handler.HttpHandler - 

Request DefaultHttpRequest(decodeResult: success, version: HTTP/1.1)
POST /session/dcf4d284dafbebb26f4227cd9051c453/element HTTP/1.1
User-Agent: selenium/4.1.2 (java windows)
Content-Length: 67
Content-Type: application/json; charset=utf-8
host: localhost:54429
accept: */*

Response DefaultHttpResponse(decodeResult: success, version: HTTP/1.1)
HTTP/1.1 200 OK
Content-Type: application/json; charset=utf-8
cache-control: no-cache
content-length: 88

16:02:14.830 [AsyncHttpClient-1-5] DEBUG org.asynchttpclient.netty.channel.ChannelManager - Adding key: http://localhost:54429 for channel [id: 0x0731f111, L:/127.0.0.1:60426 - R:localhost/127.0.0.1:54429]
16:02:14.846 [Forwarding clearElement on session dcf4d284dafbebb26f4227cd9051c453 to remote] DEBUG org.asynchttpclient.netty.request.NettyRequestSender - Using pooled Channel '[id: 0x0731f111, L:/127.0.0.1:60426 - R:localhost/127.0.0.1:54429]' for 'POST' to 'http://localhost:54429/session/dcf4d284dafbebb26f4227cd9051c453/element/a7a9f4b3-9985-4796-b700-7a9c4fa1eaeb/clear'
16:02:14.846 [Forwarding clearElement on session dcf4d284dafbebb26f4227cd9051c453 to remote] DEBUG org.asynchttpclient.netty.request.NettyRequestSender - Using open Channel [id: 0x0731f111, L:/127.0.0.1:60426 - R:localhost/127.0.0.1:54429] for POST '/session/dcf4d284dafbebb26f4227cd9051c453/element/a7a9f4b3-9985-4796-b700-7a9c4fa1eaeb/clear'
16:02:14.952 [AsyncHttpClient-1-5] DEBUG org.asynchttpclient.netty.handler.HttpHandler - 

Request DefaultHttpRequest(decodeResult: success, version: HTTP/1.1)
POST /session/dcf4d284dafbebb26f4227cd9051c453/element/a7a9f4b3-9985-4796-b700-7a9c4fa1eaeb/clear HTTP/1.1
User-Agent: selenium/4.1.2 (java windows)
Content-Length: 50
Content-Type: application/json; charset=utf-8
host: localhost:54429
accept: */*

Response DefaultHttpResponse(decodeResult: success, version: HTTP/1.1)
HTTP/1.1 200 OK
Content-Type: application/json; charset=utf-8
cache-control: no-cache
content-length: 14

16:02:14.952 [AsyncHttpClient-1-5] DEBUG org.asynchttpclient.netty.channel.ChannelManager - Adding key: http://localhost:54429 for channel [id: 0x0731f111, L:/127.0.0.1:60426 - R:localhost/127.0.0.1:54429]
16:02:14.960 [Forwarding sendKeysToElement on session dcf4d284dafbebb26f4227cd9051c453 to remote] DEBUG org.asynchttpclient.netty.request.NettyRequestSender - Using pooled Channel '[id: 0x0731f111, L:/127.0.0.1:60426 - R:localhost/127.0.0.1:54429]' for 'POST' to 'http://localhost:54429/session/dcf4d284dafbebb26f4227cd9051c453/element/a7a9f4b3-9985-4796-b700-7a9c4fa1eaeb/value'
16:02:14.960 [Forwarding sendKeysToElement on session dcf4d284dafbebb26f4227cd9051c453 to remote] DEBUG org.asynchttpclient.netty.request.NettyRequestSender - Using open Channel [id: 0x0731f111, L:/127.0.0.1:60426 - R:localhost/127.0.0.1:54429] for POST '/session/dcf4d284dafbebb26f4227cd9051c453/element/a7a9f4b3-9985-4796-b700-7a9c4fa1eaeb/value'
16:02:15.040 [AsyncHttpClient-1-5] DEBUG org.asynchttpclient.netty.handler.HttpHandler - 

Request DefaultHttpRequest(decodeResult: success, version: HTTP/1.1)
POST /session/dcf4d284dafbebb26f4227cd9051c453/element/a7a9f4b3-9985-4796-b700-7a9c4fa1eaeb/value HTTP/1.1
User-Agent: selenium/4.1.2 (java windows)
Content-Length: 82
Content-Type: application/json; charset=utf-8
host: localhost:54429
accept: */*

Response DefaultHttpResponse(decodeResult: success, version: HTTP/1.1)
HTTP/1.1 200 OK
Content-Type: application/json; charset=utf-8
cache-control: no-cache
content-length: 14

16:02:15.048 [AsyncHttpClient-1-5] DEBUG org.asynchttpclient.netty.channel.ChannelManager - Adding key: http://localhost:54429 for channel [id: 0x0731f111, L:/127.0.0.1:60426 - R:localhost/127.0.0.1:54429]
16:02:15.060 [Forwarding findElement on session dcf4d284dafbebb26f4227cd9051c453 to remote] DEBUG org.asynchttpclient.netty.request.NettyRequestSender - Using pooled Channel '[id: 0x0731f111, L:/127.0.0.1:60426 - R:localhost/127.0.0.1:54429]' for 'POST' to 'http://localhost:54429/session/dcf4d284dafbebb26f4227cd9051c453/element'
16:02:15.060 [Forwarding findElement on session dcf4d284dafbebb26f4227cd9051c453 to remote] DEBUG org.asynchttpclient.netty.request.NettyRequestSender - Using open Channel [id: 0x0731f111, L:/127.0.0.1:60426 - R:localhost/127.0.0.1:54429] for POST '/session/dcf4d284dafbebb26f4227cd9051c453/element'
16:02:15.126 [AsyncHttpClient-1-5] DEBUG org.asynchttpclient.netty.handler.HttpHandler - 

Request DefaultHttpRequest(decodeResult: success, version: HTTP/1.1)
POST /session/dcf4d284dafbebb26f4227cd9051c453/element HTTP/1.1
User-Agent: selenium/4.1.2 (java windows)
Content-Length: 70
Content-Type: application/json; charset=utf-8
host: localhost:54429
accept: */*

Response DefaultHttpResponse(decodeResult: success, version: HTTP/1.1)
HTTP/1.1 200 OK
Content-Type: application/json; charset=utf-8
cache-control: no-cache
content-length: 88

16:02:15.126 [AsyncHttpClient-1-5] DEBUG org.asynchttpclient.netty.channel.ChannelManager - Adding key: http://localhost:54429 for channel [id: 0x0731f111, L:/127.0.0.1:60426 - R:localhost/127.0.0.1:54429]
16:02:15.132 [Forwarding clearElement on session dcf4d284dafbebb26f4227cd9051c453 to remote] DEBUG org.asynchttpclient.netty.request.NettyRequestSender - Using pooled Channel '[id: 0x0731f111, L:/127.0.0.1:60426 - R:localhost/127.0.0.1:54429]' for 'POST' to 'http://localhost:54429/session/dcf4d284dafbebb26f4227cd9051c453/element/ffad70d9-e4f5-47c8-b839-561c878df704/clear'
16:02:15.132 [Forwarding clearElement on session dcf4d284dafbebb26f4227cd9051c453 to remote] DEBUG org.asynchttpclient.netty.request.NettyRequestSender - Using open Channel [id: 0x0731f111, L:/127.0.0.1:60426 - R:localhost/127.0.0.1:54429] for POST '/session/dcf4d284dafbebb26f4227cd9051c453/element/ffad70d9-e4f5-47c8-b839-561c878df704/clear'
16:02:15.288 [AsyncHttpClient-1-5] DEBUG org.asynchttpclient.netty.handler.HttpHandler - 

Request DefaultHttpRequest(decodeResult: success, version: HTTP/1.1)
POST /session/dcf4d284dafbebb26f4227cd9051c453/element/ffad70d9-e4f5-47c8-b839-561c878df704/clear HTTP/1.1
User-Agent: selenium/4.1.2 (java windows)
Content-Length: 50
Content-Type: application/json; charset=utf-8
host: localhost:54429
accept: */*

Response DefaultHttpResponse(decodeResult: success, version: HTTP/1.1)
HTTP/1.1 200 OK
Content-Type: application/json; charset=utf-8
cache-control: no-cache
content-length: 14

16:02:15.288 [AsyncHttpClient-1-5] DEBUG org.asynchttpclient.netty.channel.ChannelManager - Adding key: http://localhost:54429 for channel [id: 0x0731f111, L:/127.0.0.1:60426 - R:localhost/127.0.0.1:54429]
16:02:15.309 [Forwarding sendKeysToElement on session dcf4d284dafbebb26f4227cd9051c453 to remote] DEBUG org.asynchttpclient.netty.request.NettyRequestSender - Using pooled Channel '[id: 0x0731f111, L:/127.0.0.1:60426 - R:localhost/127.0.0.1:54429]' for 'POST' to 'http://localhost:54429/session/dcf4d284dafbebb26f4227cd9051c453/element/ffad70d9-e4f5-47c8-b839-561c878df704/value'
16:02:15.309 [Forwarding sendKeysToElement on session dcf4d284dafbebb26f4227cd9051c453 to remote] DEBUG org.asynchttpclient.netty.request.NettyRequestSender - Using open Channel [id: 0x0731f111, L:/127.0.0.1:60426 - R:localhost/127.0.0.1:54429] for POST '/session/dcf4d284dafbebb26f4227cd9051c453/element/ffad70d9-e4f5-47c8-b839-561c878df704/value'
16:02:15.330 [AsyncHttpClient-1-1] DEBUG org.asynchttpclient.netty.channel.DefaultChannelPool - Entry count for : http://localhost:60427 : 1
16:02:15.492 [AsyncHttpClient-1-5] DEBUG org.asynchttpclient.netty.handler.HttpHandler - 

Request DefaultHttpRequest(decodeResult: success, version: HTTP/1.1)
POST /session/dcf4d284dafbebb26f4227cd9051c453/element/ffad70d9-e4f5-47c8-b839-561c878df704/value HTTP/1.1
User-Agent: selenium/4.1.2 (java windows)
Content-Length: 211
Content-Type: application/json; charset=utf-8
host: localhost:54429
accept: */*

Response DefaultHttpResponse(decodeResult: success, version: HTTP/1.1)
HTTP/1.1 200 OK
Content-Type: application/json; charset=utf-8
cache-control: no-cache
content-length: 14

16:02:15.500 [AsyncHttpClient-1-5] DEBUG org.asynchttpclient.netty.channel.ChannelManager - Adding key: http://localhost:54429 for channel [id: 0x0731f111, L:/127.0.0.1:60426 - R:localhost/127.0.0.1:54429]
  &amp#27;[32mAnd &amp#27;[0m&amp#27;[32mi input &amp#27;[0m&amp#27;[32m&amp#27;[1m""&amp#27;[0m&amp#27;[32m and &amp#27;[0m&amp#27;[32m&amp#27;[1m"SonyaPrds1511"&amp#27;[0m&amp#27;[32m for login&amp#27;[0m &amp#27;[90m# starter.stepdefinitions.loginSteps.iInputAndForLogin(java.lang.String,java.lang.String)&amp#27;[0m
16:02:15.520 [Forwarding screenshot on session dcf4d284dafbebb26f4227cd9051c453 to remote] DEBUG org.asynchttpclient.netty.request.NettyRequestSender - Using pooled Channel '[id: 0x0731f111, L:/127.0.0.1:60426 - R:localhost/127.0.0.1:54429]' for 'GET' to 'http://localhost:54429/session/dcf4d284dafbebb26f4227cd9051c453/screenshot'
16:02:15.520 [Forwarding screenshot on session dcf4d284dafbebb26f4227cd9051c453 to remote] DEBUG org.asynchttpclient.netty.request.NettyRequestSender - Using open Channel [id: 0x0731f111, L:/127.0.0.1:60426 - R:localhost/127.0.0.1:54429] for GET '/session/dcf4d284dafbebb26f4227cd9051c453/screenshot'
16:02:15.815 [AsyncHttpClient-1-5] DEBUG org.asynchttpclient.netty.handler.HttpHandler - 

Request DefaultFullHttpRequest(decodeResult: success, version: HTTP/1.1, content: EmptyByteBufBE)
GET /session/dcf4d284dafbebb26f4227cd9051c453/screenshot HTTP/1.1
User-Agent: selenium/4.1.2 (java windows)
Cache-Control: no-cache
Content-Type: application/json; charset=utf-8
host: localhost:54429
accept: */*

Response DefaultHttpResponse(decodeResult: success, version: HTTP/1.1)
HTTP/1.1 200 OK
Content-Type: application/json; charset=utf-8
cache-control: no-cache
content-length: 121376

16:02:15.822 [AsyncHttpClient-1-5] DEBUG org.asynchttpclient.netty.channel.ChannelManager - Adding key: http://localhost:54429 for channel [id: 0x0731f111, L:/127.0.0.1:60426 - R:localhost/127.0.0.1:54429]
16:02:15.830 [main] DEBUG net.serenitybdd.core.photography.Darkroom - Send negative for processing for target\site\serenity\1960e6400f0c51fad1bd00ac881ff14c9c63c2481ec3e150aea0cc069cca9d7f.png
16:02:15.830 [Darkroom Processing Line] DEBUG net.serenitybdd.core.photography.DarkroomProcessingLine - Processing screenshot image in /var/screenshots/screenshot-16274169861226408765
16:02:15.830 [Darkroom Processing Line] DEBUG net.serenitybdd.core.photography.DarkroomProcessingLine - Saving screenshot to target\site\serenity\1960e6400f0c51fad1bd00ac881ff14c9c63c2481ec3e150aea0cc069cca9d7f.png
16:02:15.858 [Forwarding findElement on session dcf4d284dafbebb26f4227cd9051c453 to remote] DEBUG org.asynchttpclient.netty.request.NettyRequestSender - Using pooled Channel '[id: 0x0731f111, L:/127.0.0.1:60426 - R:localhost/127.0.0.1:54429]' for 'POST' to 'http://localhost:54429/session/dcf4d284dafbebb26f4227cd9051c453/element'
16:02:15.858 [Forwarding findElement on session dcf4d284dafbebb26f4227cd9051c453 to remote] DEBUG org.asynchttpclient.netty.request.NettyRequestSender - Using open Channel [id: 0x0731f111, L:/127.0.0.1:60426 - R:localhost/127.0.0.1:54429] for POST '/session/dcf4d284dafbebb26f4227cd9051c453/element'
16:02:15.889 [AsyncHttpClient-1-5] DEBUG org.asynchttpclient.netty.handler.HttpHandler - 

Request DefaultHttpRequest(decodeResult: success, version: HTTP/1.1)
POST /session/dcf4d284dafbebb26f4227cd9051c453/element HTTP/1.1
User-Agent: selenium/4.1.2 (java windows)
Content-Length: 53
Content-Type: application/json; charset=utf-8
host: localhost:54429
accept: */*

Response DefaultHttpResponse(decodeResult: success, version: HTTP/1.1)
HTTP/1.1 200 OK
Content-Type: application/json; charset=utf-8
cache-control: no-cache
content-length: 88

16:02:15.890 [AsyncHttpClient-1-5] DEBUG org.asynchttpclient.netty.channel.ChannelManager - Adding key: http://localhost:54429 for channel [id: 0x0731f111, L:/127.0.0.1:60426 - R:localhost/127.0.0.1:54429]
16:02:15.896 [Forwarding getElementTagName on session dcf4d284dafbebb26f4227cd9051c453 to remote] DEBUG org.asynchttpclient.netty.request.NettyRequestSender - Using pooled Channel '[id: 0x0731f111, L:/127.0.0.1:60426 - R:localhost/127.0.0.1:54429]' for 'GET' to 'http://localhost:54429/session/dcf4d284dafbebb26f4227cd9051c453/element/dfec66c2-9f00-4d89-af91-4478a0ce6f2e/name'
16:02:15.896 [Forwarding getElementTagName on session dcf4d284dafbebb26f4227cd9051c453 to remote] DEBUG org.asynchttpclient.netty.request.NettyRequestSender - Using open Channel [id: 0x0731f111, L:/127.0.0.1:60426 - R:localhost/127.0.0.1:54429] for GET '/session/dcf4d284dafbebb26f4227cd9051c453/element/dfec66c2-9f00-4d89-af91-4478a0ce6f2e/name'
16:02:15.910 [AsyncHttpClient-1-5] DEBUG org.asynchttpclient.netty.handler.HttpHandler - 

Request DefaultFullHttpRequest(decodeResult: success, version: HTTP/1.1, content: EmptyByteBufBE)
GET /session/dcf4d284dafbebb26f4227cd9051c453/element/dfec66c2-9f00-4d89-af91-4478a0ce6f2e/name HTTP/1.1
User-Agent: selenium/4.1.2 (java windows)
Cache-Control: no-cache
Content-Type: application/json; charset=utf-8
host: localhost:54429
accept: */*

Response DefaultHttpResponse(decodeResult: success, version: HTTP/1.1)
HTTP/1.1 200 OK
Content-Type: application/json; charset=utf-8
cache-control: no-cache
content-length: 18

16:02:15.910 [AsyncHttpClient-1-5] DEBUG org.asynchttpclient.netty.channel.ChannelManager - Adding key: http://localhost:54429 for channel [id: 0x0731f111, L:/127.0.0.1:60426 - R:localhost/127.0.0.1:54429]
16:02:15.918 [Forwarding getElementTagName on session dcf4d284dafbebb26f4227cd9051c453 to remote] DEBUG org.asynchttpclient.netty.request.NettyRequestSender - Using pooled Channel '[id: 0x0731f111, L:/127.0.0.1:60426 - R:localhost/127.0.0.1:54429]' for 'GET' to 'http://localhost:54429/session/dcf4d284dafbebb26f4227cd9051c453/element/dfec66c2-9f00-4d89-af91-4478a0ce6f2e/name'
16:02:15.918 [Forwarding getElementTagName on session dcf4d284dafbebb26f4227cd9051c453 to remote] DEBUG org.asynchttpclient.netty.request.NettyRequestSender - Using open Channel [id: 0x0731f111, L:/127.0.0.1:60426 - R:localhost/127.0.0.1:54429] for GET '/session/dcf4d284dafbebb26f4227cd9051c453/element/dfec66c2-9f00-4d89-af91-4478a0ce6f2e/name'
16:02:15.942 [AsyncHttpClient-1-5] DEBUG org.asynchttpclient.netty.handler.HttpHandler - 

Request DefaultFullHttpRequest(decodeResult: success, version: HTTP/1.1, content: EmptyByteBufBE)
GET /session/dcf4d284dafbebb26f4227cd9051c453/element/dfec66c2-9f00-4d89-af91-4478a0ce6f2e/name HTTP/1.1
User-Agent: selenium/4.1.2 (java windows)
Cache-Control: no-cache
Content-Type: application/json; charset=utf-8
host: localhost:54429
accept: */*

Response DefaultHttpResponse(decodeResult: success, version: HTTP/1.1)
HTTP/1.1 200 OK
Content-Type: application/json; charset=utf-8
cache-control: no-cache
content-length: 18

16:02:15.942 [AsyncHttpClient-1-5] DEBUG org.asynchttpclient.netty.channel.ChannelManager - Adding key: http://localhost:54429 for channel [id: 0x0731f111, L:/127.0.0.1:60426 - R:localhost/127.0.0.1:54429]
16:02:15.950 [Forwarding isElementEnabled on session dcf4d284dafbebb26f4227cd9051c453 to remote] DEBUG org.asynchttpclient.netty.request.NettyRequestSender - Using pooled Channel '[id: 0x0731f111, L:/127.0.0.1:60426 - R:localhost/127.0.0.1:54429]' for 'GET' to 'http://localhost:54429/session/dcf4d284dafbebb26f4227cd9051c453/element/dfec66c2-9f00-4d89-af91-4478a0ce6f2e/enabled'
16:02:15.950 [Forwarding isElementEnabled on session dcf4d284dafbebb26f4227cd9051c453 to remote] DEBUG org.asynchttpclient.netty.request.NettyRequestSender - Using open Channel [id: 0x0731f111, L:/127.0.0.1:60426 - R:localhost/127.0.0.1:54429] for GET '/session/dcf4d284dafbebb26f4227cd9051c453/element/dfec66c2-9f00-4d89-af91-4478a0ce6f2e/enabled'
16:02:15.970 [AsyncHttpClient-1-5] DEBUG org.asynchttpclient.netty.handler.HttpHandler - 

Request DefaultFullHttpRequest(decodeResult: success, version: HTTP/1.1, content: EmptyByteBufBE)
GET /session/dcf4d284dafbebb26f4227cd9051c453/element/dfec66c2-9f00-4d89-af91-4478a0ce6f2e/enabled HTTP/1.1
User-Agent: selenium/4.1.2 (java windows)
Cache-Control: no-cache
Content-Type: application/json; charset=utf-8
host: localhost:54429
accept: */*

Response DefaultHttpResponse(decodeResult: success, version: HTTP/1.1)
HTTP/1.1 200 OK
Content-Type: application/json; charset=utf-8
cache-control: no-cache
content-length: 14

16:02:15.970 [AsyncHttpClient-1-5] DEBUG org.asynchttpclient.netty.channel.ChannelManager - Adding key: http://localhost:54429 for channel [id: 0x0731f111, L:/127.0.0.1:60426 - R:localhost/127.0.0.1:54429]
16:02:15.970 [Forwarding isElementEnabled on session dcf4d284dafbebb26f4227cd9051c453 to remote] DEBUG org.asynchttpclient.netty.request.NettyRequestSender - Using pooled Channel '[id: 0x0731f111, L:/127.0.0.1:60426 - R:localhost/127.0.0.1:54429]' for 'GET' to 'http://localhost:54429/session/dcf4d284dafbebb26f4227cd9051c453/element/dfec66c2-9f00-4d89-af91-4478a0ce6f2e/enabled'
16:02:15.970 [Forwarding isElementEnabled on session dcf4d284dafbebb26f4227cd9051c453 to remote] DEBUG org.asynchttpclient.netty.request.NettyRequestSender - Using open Channel [id: 0x0731f111, L:/127.0.0.1:60426 - R:localhost/127.0.0.1:54429] for GET '/session/dcf4d284dafbebb26f4227cd9051c453/element/dfec66c2-9f00-4d89-af91-4478a0ce6f2e/enabled'
16:02:15.990 [AsyncHttpClient-1-5] DEBUG org.asynchttpclient.netty.handler.HttpHandler - 

Request DefaultFullHttpRequest(decodeResult: success, version: HTTP/1.1, content: EmptyByteBufBE)
GET /session/dcf4d284dafbebb26f4227cd9051c453/element/dfec66c2-9f00-4d89-af91-4478a0ce6f2e/enabled HTTP/1.1
User-Agent: selenium/4.1.2 (java windows)
Cache-Control: no-cache
Content-Type: application/json; charset=utf-8
host: localhost:54429
accept: */*

Response DefaultHttpResponse(decodeResult: success, version: HTTP/1.1)
HTTP/1.1 200 OK
Content-Type: application/json; charset=utf-8
cache-control: no-cache
content-length: 14

16:02:15.990 [AsyncHttpClient-1-5] DEBUG org.asynchttpclient.netty.channel.ChannelManager - Adding key: http://localhost:54429 for channel [id: 0x0731f111, L:/127.0.0.1:60426 - R:localhost/127.0.0.1:54429]
16:02:16.002 [Forwarding findElement on session dcf4d284dafbebb26f4227cd9051c453 to remote] DEBUG org.asynchttpclient.netty.request.NettyRequestSender - Using pooled Channel '[id: 0x0731f111, L:/127.0.0.1:60426 - R:localhost/127.0.0.1:54429]' for 'POST' to 'http://localhost:54429/session/dcf4d284dafbebb26f4227cd9051c453/element'
16:02:16.002 [Forwarding findElement on session dcf4d284dafbebb26f4227cd9051c453 to remote] DEBUG org.asynchttpclient.netty.request.NettyRequestSender - Using open Channel [id: 0x0731f111, L:/127.0.0.1:60426 - R:localhost/127.0.0.1:54429] for POST '/session/dcf4d284dafbebb26f4227cd9051c453/element'
16:02:16.018 [AsyncHttpClient-1-5] DEBUG org.asynchttpclient.netty.handler.HttpHandler - 

Request DefaultHttpRequest(decodeResult: success, version: HTTP/1.1)
POST /session/dcf4d284dafbebb26f4227cd9051c453/element HTTP/1.1
User-Agent: selenium/4.1.2 (java windows)
Content-Length: 53
Content-Type: application/json; charset=utf-8
host: localhost:54429
accept: */*

Response DefaultHttpResponse(decodeResult: success, version: HTTP/1.1)
HTTP/1.1 200 OK
Content-Type: application/json; charset=utf-8
cache-control: no-cache
content-length: 88

16:02:16.019 [AsyncHttpClient-1-5] DEBUG org.asynchttpclient.netty.channel.ChannelManager - Adding key: http://localhost:54429 for channel [id: 0x0731f111, L:/127.0.0.1:60426 - R:localhost/127.0.0.1:54429]
16:02:16.021 [Forwarding clickElement on session dcf4d284dafbebb26f4227cd9051c453 to remote] DEBUG org.asynchttpclient.netty.request.NettyRequestSender - Using pooled Channel '[id: 0x0731f111, L:/127.0.0.1:60426 - R:localhost/127.0.0.1:54429]' for 'POST' to 'http://localhost:54429/session/dcf4d284dafbebb26f4227cd9051c453/element/dfec66c2-9f00-4d89-af91-4478a0ce6f2e/click'
16:02:16.021 [Forwarding clickElement on session dcf4d284dafbebb26f4227cd9051c453 to remote] DEBUG org.asynchttpclient.netty.request.NettyRequestSender - Using open Channel [id: 0x0731f111, L:/127.0.0.1:60426 - R:localhost/127.0.0.1:54429] for POST '/session/dcf4d284dafbebb26f4227cd9051c453/element/dfec66c2-9f00-4d89-af91-4478a0ce6f2e/click'
16:02:16.273 [AsyncHttpClient-1-5] DEBUG org.asynchttpclient.netty.handler.HttpHandler - 

Request DefaultHttpRequest(decodeResult: success, version: HTTP/1.1)
POST /session/dcf4d284dafbebb26f4227cd9051c453/element/dfec66c2-9f00-4d89-af91-4478a0ce6f2e/click HTTP/1.1
User-Agent: selenium/4.1.2 (java windows)
Content-Length: 50
Content-Type: application/json; charset=utf-8
host: localhost:54429
accept: */*

Response DefaultHttpResponse(decodeResult: success, version: HTTP/1.1)
HTTP/1.1 200 OK
Content-Type: application/json; charset=utf-8
cache-control: no-cache
content-length: 14

16:02:16.274 [AsyncHttpClient-1-5] DEBUG org.asynchttpclient.netty.channel.ChannelManager - Adding key: http://localhost:54429 for channel [id: 0x0731f111, L:/127.0.0.1:60426 - R:localhost/127.0.0.1:54429]
  &amp#27;[32mAnd &amp#27;[0m&amp#27;[32mi click continue button for login&amp#27;[0m        &amp#27;[90m# starter.stepdefinitions.loginSteps.iClickContinueButtonForLogin()&amp#27;[0m
16:02:16.300 [Forwarding screenshot on session dcf4d284dafbebb26f4227cd9051c453 to remote] DEBUG org.asynchttpclient.netty.request.NettyRequestSender - Using pooled Channel '[id: 0x0731f111, L:/127.0.0.1:60426 - R:localhost/127.0.0.1:54429]' for 'GET' to 'http://localhost:54429/session/dcf4d284dafbebb26f4227cd9051c453/screenshot'
16:02:16.300 [Forwarding screenshot on session dcf4d284dafbebb26f4227cd9051c453 to remote] DEBUG org.asynchttpclient.netty.request.NettyRequestSender - Using open Channel [id: 0x0731f111, L:/127.0.0.1:60426 - R:localhost/127.0.0.1:54429] for GET '/session/dcf4d284dafbebb26f4227cd9051c453/screenshot'
16:02:16.421 [AsyncHttpClient-1-1] DEBUG org.asynchttpclient.netty.channel.DefaultChannelPool - Entry count for : http://localhost:60427 : 1
16:02:16.990 [AsyncHttpClient-1-5] DEBUG org.asynchttpclient.netty.handler.HttpHandler - 

Request DefaultFullHttpRequest(decodeResult: success, version: HTTP/1.1, content: EmptyByteBufBE)
GET /session/dcf4d284dafbebb26f4227cd9051c453/screenshot HTTP/1.1
User-Agent: selenium/4.1.2 (java windows)
Cache-Control: no-cache
Content-Type: application/json; charset=utf-8
host: localhost:54429
accept: */*

Response DefaultHttpResponse(decodeResult: success, version: HTTP/1.1)
HTTP/1.1 200 OK
Content-Type: application/json; charset=utf-8
cache-control: no-cache
content-length: 129096

16:02:16.996 [AsyncHttpClient-1-5] DEBUG org.asynchttpclient.netty.channel.ChannelManager - Adding key: http://localhost:54429 for channel [id: 0x0731f111, L:/127.0.0.1:60426 - R:localhost/127.0.0.1:54429]
16:02:17.010 [main] DEBUG net.serenitybdd.core.photography.Darkroom - Send negative for processing for target\site\serenity\2422e1e527ca5403f09ab69fe0ea620aaac4eb6f3c3ebc0cdf120fa1df293f9a.png
16:02:17.014 [Darkroom Processing Line] DEBUG net.serenitybdd.core.photography.DarkroomProcessingLine - Processing screenshot image in /var/screenshots/screenshot-1361847667576583145
16:02:17.014 [Darkroom Processing Line] DEBUG net.serenitybdd.core.photography.DarkroomProcessingLine - Saving screenshot to target\site\serenity\2422e1e527ca5403f09ab69fe0ea620aaac4eb6f3c3ebc0cdf120fa1df293f9a.png
16:02:17.042 [Forwarding findElement on session dcf4d284dafbebb26f4227cd9051c453 to remote] DEBUG org.asynchttpclient.netty.request.NettyRequestSender - Using pooled Channel '[id: 0x0731f111, L:/127.0.0.1:60426 - R:localhost/127.0.0.1:54429]' for 'POST' to 'http://localhost:54429/session/dcf4d284dafbebb26f4227cd9051c453/element'
16:02:17.042 [Forwarding findElement on session dcf4d284dafbebb26f4227cd9051c453 to remote] DEBUG org.asynchttpclient.netty.request.NettyRequestSender - Using open Channel [id: 0x0731f111, L:/127.0.0.1:60426 - R:localhost/127.0.0.1:54429] for POST '/session/dcf4d284dafbebb26f4227cd9051c453/element'
16:02:17.331 [AsyncHttpClient-1-5] DEBUG org.asynchttpclient.netty.handler.HttpHandler - 

Request DefaultHttpRequest(decodeResult: success, version: HTTP/1.1)
POST /session/dcf4d284dafbebb26f4227cd9051c453/element HTTP/1.1
User-Agent: selenium/4.1.2 (java windows)
Content-Length: 69
Content-Type: application/json; charset=utf-8
host: localhost:54429
accept: */*

Response DefaultHttpResponse(decodeResult: success, version: HTTP/1.1)
HTTP/1.1 200 OK
Content-Type: application/json; charset=utf-8
cache-control: no-cache
content-length: 88

16:02:17.331 [AsyncHttpClient-1-5] DEBUG org.asynchttpclient.netty.channel.ChannelManager - Adding key: http://localhost:54429 for channel [id: 0x0731f111, L:/127.0.0.1:60426 - R:localhost/127.0.0.1:54429]
16:02:17.359 [Forwarding isElementDisplayed on session dcf4d284dafbebb26f4227cd9051c453 to remote] DEBUG org.asynchttpclient.netty.request.NettyRequestSender - Using pooled Channel '[id: 0x0731f111, L:/127.0.0.1:60426 - R:localhost/127.0.0.1:54429]' for 'POST' to 'http://localhost:54429/session/dcf4d284dafbebb26f4227cd9051c453/execute/sync'
16:02:17.359 [Forwarding isElementDisplayed on session dcf4d284dafbebb26f4227cd9051c453 to remote] DEBUG org.asynchttpclient.netty.request.NettyRequestSender - Using open Channel [id: 0x0731f111, L:/127.0.0.1:60426 - R:localhost/127.0.0.1:54429] for POST '/session/dcf4d284dafbebb26f4227cd9051c453/execute/sync'
16:02:17.414 [AsyncHttpClient-1-5] DEBUG org.asynchttpclient.netty.handler.HttpHandler - 

Request DefaultHttpRequest(decodeResult: success, version: HTTP/1.1)
POST /session/dcf4d284dafbebb26f4227cd9051c453/execute/sync HTTP/1.1
User-Agent: selenium/4.1.2 (java windows)
Content-Length: 48780
Content-Type: application/json; charset=utf-8
host: localhost:54429
accept: */*

Response DefaultHttpResponse(decodeResult: success, version: HTTP/1.1)
HTTP/1.1 200 OK
Content-Type: application/json; charset=utf-8
cache-control: no-cache
content-length: 14

16:02:17.414 [AsyncHttpClient-1-5] DEBUG org.asynchttpclient.netty.channel.ChannelManager - Adding key: http://localhost:54429 for channel [id: 0x0731f111, L:/127.0.0.1:60426 - R:localhost/127.0.0.1:54429]
  &amp#27;[32mThen &amp#27;[0m&amp#27;[32mi get my &amp#27;[0m&amp#27;[32m&amp#27;[1m"login page"&amp#27;[0m&amp#27;[32m after login&amp#27;[0m       &amp#27;[90m# starter.stepdefinitions.loginSteps.iGetMyAfterLogin(java.lang.String)&amp#27;[0m
16:02:17.442 [Forwarding screenshot on session dcf4d284dafbebb26f4227cd9051c453 to remote] DEBUG org.asynchttpclient.netty.request.NettyRequestSender - Using pooled Channel '[id: 0x0731f111, L:/127.0.0.1:60426 - R:localhost/127.0.0.1:54429]' for 'GET' to 'http://localhost:54429/session/dcf4d284dafbebb26f4227cd9051c453/screenshot'
16:02:17.444 [Forwarding screenshot on session dcf4d284dafbebb26f4227cd9051c453 to remote] DEBUG org.asynchttpclient.netty.request.NettyRequestSender - Using open Channel [id: 0x0731f111, L:/127.0.0.1:60426 - R:localhost/127.0.0.1:54429] for GET '/session/dcf4d284dafbebb26f4227cd9051c453/screenshot'
16:02:17.530 [AsyncHttpClient-1-1] DEBUG org.asynchttpclient.netty.channel.DefaultChannelPool - Entry count for : http://localhost:60427 : 1
16:02:17.849 [AsyncHttpClient-1-5] DEBUG org.asynchttpclient.netty.handler.HttpHandler - 

Request DefaultFullHttpRequest(decodeResult: success, version: HTTP/1.1, content: EmptyByteBufBE)
GET /session/dcf4d284dafbebb26f4227cd9051c453/screenshot HTTP/1.1
User-Agent: selenium/4.1.2 (java windows)
Cache-Control: no-cache
Content-Type: application/json; charset=utf-8
host: localhost:54429
accept: */*

Response DefaultHttpResponse(decodeResult: success, version: HTTP/1.1)
HTTP/1.1 200 OK
Content-Type: application/json; charset=utf-8
cache-control: no-cache
content-length: 128536

16:02:17.857 [AsyncHttpClient-1-5] DEBUG org.asynchttpclient.netty.channel.ChannelManager - Adding key: http://localhost:54429 for channel [id: 0x0731f111, L:/127.0.0.1:60426 - R:localhost/127.0.0.1:54429]
16:02:17.873 [main] DEBUG net.serenitybdd.core.photography.Darkroom - Send negative for processing for target\site\serenity\bcd8fed225e57b2f1885045a0ebe295ecd0c70d85e9caaeed5a1e4e065c1ac20.png
16:02:17.873 [Darkroom Processing Line] DEBUG net.serenitybdd.core.photography.DarkroomProcessingLine - Processing screenshot image in /var/screenshots/screenshot-16716847917023098885
16:02:17.873 [Darkroom Processing Line] DEBUG net.serenitybdd.core.photography.DarkroomProcessingLine - Saving screenshot to target\site\serenity\bcd8fed225e57b2f1885045a0ebe295ecd0c70d85e9caaeed5a1e4e065c1ac20.png
16:02:17.897 [Driver Command Executor] DEBUG org.asynchttpclient.netty.request.NettyRequestSender - Using pooled Channel '[id: 0x0731f111, L:/127.0.0.1:60426 - R:localhost/127.0.0.1:54429]' for 'DELETE' to 'http://localhost:54429/session/dcf4d284dafbebb26f4227cd9051c453'
16:02:17.897 [Driver Command Executor] DEBUG org.asynchttpclient.netty.request.NettyRequestSender - Using open Channel [id: 0x0731f111, L:/127.0.0.1:60426 - R:localhost/127.0.0.1:54429] for DELETE '/session/dcf4d284dafbebb26f4227cd9051c453'
16:02:17.913 [AsyncHttpClient-1-7] DEBUG org.asynchttpclient.netty.handler.WebSocketHandler - Channel Closed: [id: 0xd18c2827, L:/127.0.0.1:60437 ! R:localhost/127.0.0.1:60427] with attribute NettyResponseFuture{currentRetry=5,
	isDone=1,
	isCancelled=0,
	asyncHandler=org.asynchttpclient.ws.WebSocketUpgradeHandler@1e152d0c,
	nettyRequest=org.asynchttpclient.netty.request.NettyRequest@5b17a0aa,
	future=java.util.concurrent.CompletableFuture@2537d312[Completed normally],
	uri=ws://localhost:60427/devtools/browser/3a7b7988-21cc-463e-bddb-9efeab90ae68,
	keepAlive=true,
	redirectCount=0,
	timeoutsHolder=null,
	inAuth=0,
	touch=1658480528645}
16:02:17.913 [AsyncHttpClient-1-7] DEBUG org.asynchttpclient.netty.channel.ChannelManager - Closing Channel [id: 0xd18c2827, L:/127.0.0.1:60437 ! R:localhost/127.0.0.1:60427] 
16:02:18.438 [AsyncHttpClient-1-6] DEBUG org.asynchttpclient.netty.handler.HttpHandler - Unexpected I/O exception on channel [id: 0xe42bdcba, L:/127.0.0.1:60436 - R:localhost/127.0.0.1:60427]
java.net.SocketException: Connection reset
	at java.base/sun.nio.ch.SocketChannelImpl.throwConnectionReset(SocketChannelImpl.java:367)
	at java.base/sun.nio.ch.SocketChannelImpl.read(SocketChannelImpl.java:398)
	at io.netty.buffer.PooledByteBuf.setBytes(PooledByteBuf.java:258)
	at io.netty.buffer.AbstractByteBuf.writeBytes(AbstractByteBuf.java:1132)
	at io.netty.channel.socket.nio.NioSocketChannel.doReadBytes(NioSocketChannel.java:350)
	at io.netty.channel.nio.AbstractNioByteChannel$NioByteUnsafe.read(AbstractNioByteChannel.java:151)
	at io.netty.channel.nio.NioEventLoop.processSelectedKey(NioEventLoop.java:722)
	at io.netty.channel.nio.NioEventLoop.processSelectedKeysOptimized(NioEventLoop.java:658)
	at io.netty.channel.nio.NioEventLoop.processSelectedKeys(NioEventLoop.java:584)
	at io.netty.channel.nio.NioEventLoop.run(NioEventLoop.java:496)
	at io.netty.util.concurrent.SingleThreadEventExecutor$4.run(SingleThreadEventExecutor.java:986)
	at io.netty.util.internal.ThreadExecutorMap$2.run(ThreadExecutorMap.java:74)
	at io.netty.util.concurrent.FastThreadLocalRunnable.run(FastThreadLocalRunnable.java:30)
	at java.base/java.lang.Thread.run(Thread.java:832)
16:02:18.440 [AsyncHttpClient-1-6] DEBUG org.asynchttpclient.netty.channel.ChannelManager - Closing Channel [id: 0xe42bdcba, L:/127.0.0.1:60436 - R:localhost/127.0.0.1:60427] 
16:02:18.440 [AsyncHttpClient-1-6] DEBUG org.asynchttpclient.netty.handler.HttpHandler - Channel Closed: [id: 0xe42bdcba, L:/127.0.0.1:60436 ! R:localhost/127.0.0.1:60427] with attribute DISCARD
16:02:18.508 [AsyncHttpClient-1-5] DEBUG org.asynchttpclient.netty.handler.HttpHandler - 

Request DefaultFullHttpRequest(decodeResult: success, version: HTTP/1.1, content: EmptyByteBufBE)
DELETE /session/dcf4d284dafbebb26f4227cd9051c453 HTTP/1.1
User-Agent: selenium/4.1.2 (java windows)
Content-Type: application/json; charset=utf-8
host: localhost:54429
accept: */*

Response DefaultHttpResponse(decodeResult: success, version: HTTP/1.1)
HTTP/1.1 200 OK
Content-Type: application/json; charset=utf-8
cache-control: no-cache
content-length: 14

16:02:18.508 [AsyncHttpClient-1-5] DEBUG org.asynchttpclient.netty.channel.ChannelManager - Adding key: http://localhost:54429 for channel [id: 0x0731f111, L:/127.0.0.1:60426 - R:localhost/127.0.0.1:54429]
16:02:18.621 [AsyncHttpClient-1-1] DEBUG org.asynchttpclient.netty.channel.DefaultChannelPool - Entry count for : http://localhost:54429 : 1
16:02:18.621 [AsyncHttpClient-1-1] DEBUG org.asynchttpclient.netty.channel.DefaultChannelPool - Entry count for : http://localhost:60427 : 1
16:02:18.622 [AsyncHttpClient-1-1] DEBUG org.asynchttpclient.netty.channel.DefaultChannelPool - Adding Candidate expired Channel [id: 0xe42bdcba, L:/127.0.0.1:60436 ! R:localhost/127.0.0.1:60427] isIdleTimeoutExpired=false isRemotelyClosed=true isTtlExpired=false
16:02:18.622 [AsyncHttpClient-1-1] DEBUG org.asynchttpclient.netty.channel.DefaultChannelPool - Closing Idle Channel [id: 0xe42bdcba, L:/127.0.0.1:60436 ! R:localhost/127.0.0.1:60427]
16:02:18.622 [AsyncHttpClient-1-1] DEBUG org.asynchttpclient.netty.channel.DefaultChannelPool - Closed 1 connections out of 2 in 1 ms
16:02:18.710 [AsyncHttpClient-1-5] DEBUG org.asynchttpclient.netty.handler.HttpHandler - Channel Closed: [id: 0x0731f111, L:/127.0.0.1:60426 ! R:localhost/127.0.0.1:54429] with attribute DISCARD
16:02:19.232 [main] INFO  - 
  _____   ___   ___   _____     ___     _     ___   ___   ___   ___  
 |_   _| | __| / __| |_   _|   | _ \   /_\   / __| / __| | __| |   \ 
   | |   | _|  \__ \   | |     |  _/  / _ \  \__ \ \__ \ | _|  | |) |
   |_|   |___| |___/   |_|     |_|   /_/ \_\ |___/ |___/ |___| |___/ 

Login scenario
----------------------------------------------------------------------
]]></system-out>
    <system-err><![CDATA[Starting ChromeDriver 102.0.5005.61 (0e59bcc00cc4985ce39ad31c150065f159d95ad3-refs/branch-heads/5005@{#819}) on port 54429
Only local connections are allowed.
Please see https://chromedriver.chromium.org/security-considerations for suggestions on keeping ChromeDriver safe.
ChromeDriver was started successfully.
[1658480527.926][WARNING]: This version of ChromeDriver has not been tested with Chrome version 103.
Jul 22, 2022 4:02:08 PM org.openqa.selenium.remote.ProtocolHandshake createSession
INFO: Detected dialect: W3C
Jul 22, 2022 4:02:08 PM org.openqa.selenium.devtools.CdpVersionFinder findNearestMatch
WARNING: Unable to find an exact match for CDP version 103, so returning the closest version found: a no-op implementation
Jul 22, 2022 4:02:08 PM org.openqa.selenium.devtools.CdpVersionFinder findNearestMatch
INFO: Unable to find CDP implementation matching 103.
Jul 22, 2022 4:02:08 PM org.openqa.selenium.chromium.ChromiumDriver lambda$new$3
WARNING: Unable to find version of CDP to use for . You may need to include a dependency on a specific version of the CDP using something similar to `org.seleniumhq.selenium:selenium-devtools-v86:4.1.2` where the version ("v86") matches the version of the chromium-based browser you're using and the version number of the artifact is the same as Selenium's.
]]></system-err>
  </testcase>
  <testcase name="Login scenario #3" classname="Login" time="11.51">
    <system-out><![CDATA[
@login
Scenario Outline: Login scenario                 &amp#27;[90m# src/test/resources/features/logins.feature:20&amp#27;[0m
16:02:19.252 [main] INFO io.cucumber.core.plugin.SerenityReporter - Running feature from file:///D:/PERKULIAHAN/Semester%206,Hebatt%20glad!/QE-FGD/Automation-test-Website%20-%20Copy/src/test/resources/features/logins.feature
16:02:19.280 [main] INFO net.serenitybdd.core.webdriver.driverproviders.ChromeDriverProvider - Using automatically driver download
16:02:19.461 [main] DEBUG io.github.bonigarcia.wdm.cache.ResolutionCache - Resolution chrome=103 in cache (valid until 16:34:03 22/07/2022 WIB)
16:02:19.477 [main] DEBUG io.github.bonigarcia.wdm.cache.ResolutionCache - Resolution chrome103=103.0.5060.134 in cache (valid until 17:00:36 22/07/2022 WIB)
16:02:19.480 [main] INFO io.github.bonigarcia.wdm.WebDriverManager - Using chromedriver 103.0.5060.134 (resolved driver for Chrome 103)
16:02:19.502 [main] DEBUG io.github.bonigarcia.wdm.WebDriverManager - Driver chromedriver 103.0.5060.134 found in cache
16:02:19.502 [main] INFO io.github.bonigarcia.wdm.WebDriverManager - Exporting webdriver.chrome.driver as C:\Users\ASUS\.cache\selenium\chromedriver\win32\103.0.5060.134\chromedriver.exe
16:02:19.690 [main] DEBUG net.serenitybdd.core.webdriver.driverproviders.ProvideNewDriver - Instantiating driver
16:02:19.690 [main] DEBUG net.serenitybdd.core.webdriver.driverproviders.ProvideNewDriver - Driver capabilities: Capabilities {acceptInsecureCerts: false, base.url: https://found-capstone20.ne..., browserName: chrome, chrome.driver: src/test/resources/webdrive..., driver: chrome, goog:chromeOptions: {args: [], extensions: []}}
16:02:19.721 [AsyncHttpClient-1-1] DEBUG org.asynchttpclient.netty.channel.DefaultChannelPool - Entry count for : http://localhost:54429 : 1
16:02:19.721 [AsyncHttpClient-1-1] DEBUG org.asynchttpclient.netty.channel.DefaultChannelPool - Adding Candidate expired Channel [id: 0x0731f111, L:/127.0.0.1:60426 ! R:localhost/127.0.0.1:54429] isIdleTimeoutExpired=false isRemotelyClosed=true isTtlExpired=false
16:02:19.721 [AsyncHttpClient-1-1] DEBUG org.asynchttpclient.netty.channel.DefaultChannelPool - Closing Idle Channel [id: 0x0731f111, L:/127.0.0.1:60426 ! R:localhost/127.0.0.1:54429]
16:02:19.721 [AsyncHttpClient-1-1] DEBUG org.asynchttpclient.netty.channel.DefaultChannelPool - Closed 1 connections out of 1 in 0 ms
16:02:20.250 [AsyncHttpClient-1-8] DEBUG org.asynchttpclient.netty.channel.NettyConnectListener - Using new Channel '[id: 0xa2406b8a, L:/127.0.0.1:60455 - R:localhost/127.0.0.1:60366]' for 'POST' to '/session'
16:02:21.780 [AsyncHttpClient-1-8] DEBUG org.asynchttpclient.netty.handler.HttpHandler - 

Request DefaultHttpRequest(decodeResult: success, version: HTTP/1.1)
POST /session HTTP/1.1
User-Agent: selenium/4.1.2 (java windows)
Content-Length: 623
Content-Type: application/json; charset=utf-8
host: localhost:60366
accept: */*

Response DefaultHttpResponse(decodeResult: success, version: HTTP/1.1)
HTTP/1.1 200 OK
Content-Type: application/json; charset=utf-8
cache-control: no-cache
content-length: 788

16:02:21.781 [AsyncHttpClient-1-8] DEBUG org.asynchttpclient.netty.channel.ChannelManager - Adding key: http://localhost:60366 for channel [id: 0xa2406b8a, L:/127.0.0.1:60455 - R:localhost/127.0.0.1:60366]
16:02:21.819 [AsyncHttpClient-1-9] DEBUG org.asynchttpclient.netty.channel.NettyConnectListener - Using new Channel '[id: 0xe1f8cd14, L:/127.0.0.1:60465 - R:localhost/127.0.0.1:60456]' for 'GET' to '/json/version'
16:02:21.832 [AsyncHttpClient-1-9] DEBUG org.asynchttpclient.netty.handler.HttpHandler - 

Request DefaultFullHttpRequest(decodeResult: success, version: HTTP/1.1, content: EmptyByteBufBE)
GET /json/version HTTP/1.1
User-Agent: selenium/4.1.2 (java windows)
host: localhost:60456
accept: */*

Response DefaultHttpResponse(decodeResult: success, version: HTTP/1.1)
HTTP/1.1 200 OK
Content-Type: application/json; charset=UTF-8
content-length: 429

16:02:21.839 [AsyncHttpClient-1-9] DEBUG org.asynchttpclient.netty.channel.ChannelManager - Adding key: http://localhost:60456 for channel [id: 0xe1f8cd14, L:/127.0.0.1:60465 - R:localhost/127.0.0.1:60456]
16:02:21.871 [AsyncHttpClient-1-10] DEBUG org.asynchttpclient.netty.channel.NettyConnectListener - Using new Channel '[id: 0xe30abebb, L:/127.0.0.1:60466 - R:localhost/127.0.0.1:60456]' for 'GET' to '/devtools/browser/ac1ad72a-7f89-4a97-98dd-ab3252b74e51'
16:02:21.890 [AsyncHttpClient-1-10] DEBUG org.asynchttpclient.netty.handler.WebSocketHandler - 

Request DefaultFullHttpRequest(decodeResult: success, version: HTTP/1.1, content: EmptyByteBufBE)
GET /devtools/browser/ac1ad72a-7f89-4a97-98dd-ab3252b74e51 HTTP/1.1
upgrade: websocket
connection: upgrade
sec-websocket-key: wKWcdAgm1yK8ahpljn9cUQ==
sec-websocket-version: 13
origin: http://localhost:60456
host: localhost:60456
accept: */*
user-agent: AHC/2.1

Response DefaultHttpResponse(decodeResult: success, version: HTTP/1.1)
HTTP/1.1 101 WebSocket Protocol Handshake
Upgrade: WebSocket
Connection: Upgrade
Sec-WebSocket-Accept: yHgcHeRXjSlF8op2tTpcgvaWMC0=

16:02:21.902 [Forwarding maximizeCurrentWindow on session 5b26075fb2a534c021abfde31b1d8590 to remote] DEBUG org.asynchttpclient.netty.request.NettyRequestSender - Using pooled Channel '[id: 0xa2406b8a, L:/127.0.0.1:60455 - R:localhost/127.0.0.1:60366]' for 'POST' to 'http://localhost:60366/session/5b26075fb2a534c021abfde31b1d8590/window/maximize'
16:02:21.902 [Forwarding maximizeCurrentWindow on session 5b26075fb2a534c021abfde31b1d8590 to remote] DEBUG org.asynchttpclient.netty.request.NettyRequestSender - Using open Channel [id: 0xa2406b8a, L:/127.0.0.1:60455 - R:localhost/127.0.0.1:60366] for POST '/session/5b26075fb2a534c021abfde31b1d8590/window/maximize'
16:02:21.921 [AsyncHttpClient-1-1] DEBUG org.asynchttpclient.netty.channel.DefaultChannelPool - Entry count for : http://localhost:60456 : 1
16:02:22.070 [AsyncHttpClient-1-8] DEBUG org.asynchttpclient.netty.handler.HttpHandler - 

Request DefaultHttpRequest(decodeResult: success, version: HTTP/1.1)
POST /session/5b26075fb2a534c021abfde31b1d8590/window/maximize HTTP/1.1
User-Agent: selenium/4.1.2 (java windows)
Content-Length: 3
Content-Type: application/json; charset=utf-8
host: localhost:60366
accept: */*

Response DefaultHttpResponse(decodeResult: success, version: HTTP/1.1)
HTTP/1.1 200 OK
Content-Type: application/json; charset=utf-8
cache-control: no-cache
content-length: 51

16:02:22.075 [AsyncHttpClient-1-8] DEBUG org.asynchttpclient.netty.channel.ChannelManager - Adding key: http://localhost:60366 for channel [id: 0xa2406b8a, L:/127.0.0.1:60455 - R:localhost/127.0.0.1:60366]
16:02:22.082 [Forwarding get on session 5b26075fb2a534c021abfde31b1d8590 to remote] DEBUG org.asynchttpclient.netty.request.NettyRequestSender - Using pooled Channel '[id: 0xa2406b8a, L:/127.0.0.1:60455 - R:localhost/127.0.0.1:60366]' for 'POST' to 'http://localhost:60366/session/5b26075fb2a534c021abfde31b1d8590/url'
16:02:22.082 [Forwarding get on session 5b26075fb2a534c021abfde31b1d8590 to remote] DEBUG org.asynchttpclient.netty.request.NettyRequestSender - Using open Channel [id: 0xa2406b8a, L:/127.0.0.1:60455 - R:localhost/127.0.0.1:60366] for POST '/session/5b26075fb2a534c021abfde31b1d8590/url'
16:02:23.022 [AsyncHttpClient-1-1] DEBUG org.asynchttpclient.netty.channel.DefaultChannelPool - Entry count for : http://localhost:60456 : 1
16:02:24.122 [AsyncHttpClient-1-1] DEBUG org.asynchttpclient.netty.channel.DefaultChannelPool - Entry count for : http://localhost:60456 : 1
16:02:25.228 [AsyncHttpClient-1-1] DEBUG org.asynchttpclient.netty.channel.DefaultChannelPool - Entry count for : http://localhost:60456 : 1
16:02:26.247 [AsyncHttpClient-1-8] DEBUG org.asynchttpclient.netty.handler.HttpHandler - 

Request DefaultHttpRequest(decodeResult: success, version: HTTP/1.1)
POST /session/5b26075fb2a534c021abfde31b1d8590/url HTTP/1.1
User-Agent: selenium/4.1.2 (java windows)
Content-Length: 67
Content-Type: application/json; charset=utf-8
host: localhost:60366
accept: */*

Response DefaultHttpResponse(decodeResult: success, version: HTTP/1.1)
HTTP/1.1 200 OK
Content-Type: application/json; charset=utf-8
cache-control: no-cache
content-length: 14

16:02:26.247 [AsyncHttpClient-1-8] DEBUG org.asynchttpclient.netty.channel.ChannelManager - Adding key: http://localhost:60366 for channel [id: 0xa2406b8a, L:/127.0.0.1:60455 - R:localhost/127.0.0.1:60366]
16:02:26.249 [Forwarding setTimeout on session 5b26075fb2a534c021abfde31b1d8590 to remote] DEBUG org.asynchttpclient.netty.request.NettyRequestSender - Using pooled Channel '[id: 0xa2406b8a, L:/127.0.0.1:60455 - R:localhost/127.0.0.1:60366]' for 'POST' to 'http://localhost:60366/session/5b26075fb2a534c021abfde31b1d8590/timeouts'
16:02:26.249 [Forwarding setTimeout on session 5b26075fb2a534c021abfde31b1d8590 to remote] DEBUG org.asynchttpclient.netty.request.NettyRequestSender - Using open Channel [id: 0xa2406b8a, L:/127.0.0.1:60455 - R:localhost/127.0.0.1:60366] for POST '/session/5b26075fb2a534c021abfde31b1d8590/timeouts'
16:02:26.249 [AsyncHttpClient-1-8] DEBUG org.asynchttpclient.netty.handler.HttpHandler - 

Request DefaultHttpRequest(decodeResult: success, version: HTTP/1.1)
POST /session/5b26075fb2a534c021abfde31b1d8590/timeouts HTTP/1.1
User-Agent: selenium/4.1.2 (java windows)
Content-Length: 22
Content-Type: application/json; charset=utf-8
host: localhost:60366
accept: */*

Response DefaultHttpResponse(decodeResult: success, version: HTTP/1.1)
HTTP/1.1 200 OK
Content-Type: application/json; charset=utf-8
cache-control: no-cache
content-length: 14

16:02:26.258 [AsyncHttpClient-1-8] DEBUG org.asynchttpclient.netty.channel.ChannelManager - Adding key: http://localhost:60366 for channel [id: 0xa2406b8a, L:/127.0.0.1:60455 - R:localhost/127.0.0.1:60366]
16:02:26.266 [Forwarding getCurrentUrl on session 5b26075fb2a534c021abfde31b1d8590 to remote] DEBUG org.asynchttpclient.netty.request.NettyRequestSender - Using pooled Channel '[id: 0xa2406b8a, L:/127.0.0.1:60455 - R:localhost/127.0.0.1:60366]' for 'GET' to 'http://localhost:60366/session/5b26075fb2a534c021abfde31b1d8590/url'
16:02:26.266 [Forwarding getCurrentUrl on session 5b26075fb2a534c021abfde31b1d8590 to remote] DEBUG org.asynchttpclient.netty.request.NettyRequestSender - Using open Channel [id: 0xa2406b8a, L:/127.0.0.1:60455 - R:localhost/127.0.0.1:60366] for GET '/session/5b26075fb2a534c021abfde31b1d8590/url'
16:02:26.292 [AsyncHttpClient-1-8] DEBUG org.asynchttpclient.netty.handler.HttpHandler - 

Request DefaultFullHttpRequest(decodeResult: success, version: HTTP/1.1, content: EmptyByteBufBE)
GET /session/5b26075fb2a534c021abfde31b1d8590/url HTTP/1.1
User-Agent: selenium/4.1.2 (java windows)
Cache-Control: no-cache
Content-Type: application/json; charset=utf-8
host: localhost:60366
accept: */*

Response DefaultHttpResponse(decodeResult: success, version: HTTP/1.1)
HTTP/1.1 200 OK
Content-Type: application/json; charset=utf-8
cache-control: no-cache
content-length: 49

16:02:26.292 [AsyncHttpClient-1-8] DEBUG org.asynchttpclient.netty.channel.ChannelManager - Adding key: http://localhost:60366 for channel [id: 0xa2406b8a, L:/127.0.0.1:60455 - R:localhost/127.0.0.1:60366]
  &amp#27;[32mGiven &amp#27;[0m&amp#27;[32mi have registered&amp#27;[0m                        &amp#27;[90m# starter.stepdefinitions.loginSteps.iHaveRegistered()&amp#27;[0m
16:02:26.325 [AsyncHttpClient-1-1] DEBUG org.asynchttpclient.netty.channel.DefaultChannelPool - Entry count for : http://localhost:60456 : 1
16:02:26.325 [AsyncHttpClient-1-1] DEBUG org.asynchttpclient.netty.channel.DefaultChannelPool - Entry count for : http://localhost:60366 : 1
16:02:26.325 [Forwarding screenshot on session 5b26075fb2a534c021abfde31b1d8590 to remote] DEBUG org.asynchttpclient.netty.request.NettyRequestSender - Using pooled Channel '[id: 0xa2406b8a, L:/127.0.0.1:60455 - R:localhost/127.0.0.1:60366]' for 'GET' to 'http://localhost:60366/session/5b26075fb2a534c021abfde31b1d8590/screenshot'
16:02:26.325 [Forwarding screenshot on session 5b26075fb2a534c021abfde31b1d8590 to remote] DEBUG org.asynchttpclient.netty.request.NettyRequestSender - Using open Channel [id: 0xa2406b8a, L:/127.0.0.1:60455 - R:localhost/127.0.0.1:60366] for GET '/session/5b26075fb2a534c021abfde31b1d8590/screenshot'
16:02:26.765 [AsyncHttpClient-1-8] DEBUG org.asynchttpclient.netty.handler.HttpHandler - 

Request DefaultFullHttpRequest(decodeResult: success, version: HTTP/1.1, content: EmptyByteBufBE)
GET /session/5b26075fb2a534c021abfde31b1d8590/screenshot HTTP/1.1
User-Agent: selenium/4.1.2 (java windows)
Cache-Control: no-cache
Content-Type: application/json; charset=utf-8
host: localhost:60366
accept: */*

Response DefaultHttpResponse(decodeResult: success, version: HTTP/1.1)
HTTP/1.1 200 OK
Content-Type: application/json; charset=utf-8
cache-control: no-cache
content-length: 354376

16:02:26.771 [AsyncHttpClient-1-8] DEBUG org.asynchttpclient.netty.channel.ChannelManager - Adding key: http://localhost:60366 for channel [id: 0xa2406b8a, L:/127.0.0.1:60455 - R:localhost/127.0.0.1:60366]
16:02:26.792 [main] DEBUG net.serenitybdd.core.photography.Darkroom - Send negative for processing for target\site\serenity\4660354df54a12fcd895682f5709ada0fe64cb7be35e163b54bdc9c5bb06ca8f.png
16:02:26.829 [Forwarding findElement on session 5b26075fb2a534c021abfde31b1d8590 to remote] DEBUG org.asynchttpclient.netty.request.NettyRequestSender - Using pooled Channel '[id: 0xa2406b8a, L:/127.0.0.1:60455 - R:localhost/127.0.0.1:60366]' for 'POST' to 'http://localhost:60366/session/5b26075fb2a534c021abfde31b1d8590/element'
16:02:26.829 [Forwarding findElement on session 5b26075fb2a534c021abfde31b1d8590 to remote] DEBUG org.asynchttpclient.netty.request.NettyRequestSender - Using open Channel [id: 0xa2406b8a, L:/127.0.0.1:60455 - R:localhost/127.0.0.1:60366] for POST '/session/5b26075fb2a534c021abfde31b1d8590/element'
16:02:26.868 [AsyncHttpClient-1-8] DEBUG org.asynchttpclient.netty.handler.HttpHandler - 

Request DefaultHttpRequest(decodeResult: success, version: HTTP/1.1)
POST /session/5b26075fb2a534c021abfde31b1d8590/element HTTP/1.1
User-Agent: selenium/4.1.2 (java windows)
Content-Length: 55
Content-Type: application/json; charset=utf-8
host: localhost:60366
accept: */*

Response DefaultHttpResponse(decodeResult: success, version: HTTP/1.1)
HTTP/1.1 200 OK
Content-Type: application/json; charset=utf-8
cache-control: no-cache
content-length: 88

16:02:26.868 [AsyncHttpClient-1-8] DEBUG org.asynchttpclient.netty.channel.ChannelManager - Adding key: http://localhost:60366 for channel [id: 0xa2406b8a, L:/127.0.0.1:60455 - R:localhost/127.0.0.1:60366]
16:02:26.882 [Forwarding isElementDisplayed on session 5b26075fb2a534c021abfde31b1d8590 to remote] DEBUG org.asynchttpclient.netty.request.NettyRequestSender - Using pooled Channel '[id: 0xa2406b8a, L:/127.0.0.1:60455 - R:localhost/127.0.0.1:60366]' for 'POST' to 'http://localhost:60366/session/5b26075fb2a534c021abfde31b1d8590/execute/sync'
16:02:26.882 [Forwarding isElementDisplayed on session 5b26075fb2a534c021abfde31b1d8590 to remote] DEBUG org.asynchttpclient.netty.request.NettyRequestSender - Using open Channel [id: 0xa2406b8a, L:/127.0.0.1:60455 - R:localhost/127.0.0.1:60366] for POST '/session/5b26075fb2a534c021abfde31b1d8590/execute/sync'
16:02:26.938 [AsyncHttpClient-1-8] DEBUG org.asynchttpclient.netty.handler.HttpHandler - 

Request DefaultHttpRequest(decodeResult: success, version: HTTP/1.1)
POST /session/5b26075fb2a534c021abfde31b1d8590/execute/sync HTTP/1.1
User-Agent: selenium/4.1.2 (java windows)
Content-Length: 48780
Content-Type: application/json; charset=utf-8
host: localhost:60366
accept: */*

Response DefaultHttpResponse(decodeResult: success, version: HTTP/1.1)
HTTP/1.1 200 OK
Content-Type: application/json; charset=utf-8
cache-control: no-cache
content-length: 14

16:02:26.938 [AsyncHttpClient-1-8] DEBUG org.asynchttpclient.netty.channel.ChannelManager - Adding key: http://localhost:60366 for channel [id: 0xa2406b8a, L:/127.0.0.1:60455 - R:localhost/127.0.0.1:60366]
16:02:26.946 [Forwarding findElement on session 5b26075fb2a534c021abfde31b1d8590 to remote] DEBUG org.asynchttpclient.netty.request.NettyRequestSender - Using pooled Channel '[id: 0xa2406b8a, L:/127.0.0.1:60455 - R:localhost/127.0.0.1:60366]' for 'POST' to 'http://localhost:60366/session/5b26075fb2a534c021abfde31b1d8590/element'
16:02:26.946 [Forwarding findElement on session 5b26075fb2a534c021abfde31b1d8590 to remote] DEBUG org.asynchttpclient.netty.request.NettyRequestSender - Using open Channel [id: 0xa2406b8a, L:/127.0.0.1:60455 - R:localhost/127.0.0.1:60366] for POST '/session/5b26075fb2a534c021abfde31b1d8590/element'
16:02:26.985 [AsyncHttpClient-1-8] DEBUG org.asynchttpclient.netty.handler.HttpHandler - 

Request DefaultHttpRequest(decodeResult: success, version: HTTP/1.1)
POST /session/5b26075fb2a534c021abfde31b1d8590/element HTTP/1.1
User-Agent: selenium/4.1.2 (java windows)
Content-Length: 72
Content-Type: application/json; charset=utf-8
host: localhost:60366
accept: */*

Response DefaultHttpResponse(decodeResult: success, version: HTTP/1.1)
HTTP/1.1 200 OK
Content-Type: application/json; charset=utf-8
cache-control: no-cache
content-length: 88

16:02:26.985 [AsyncHttpClient-1-8] DEBUG org.asynchttpclient.netty.channel.ChannelManager - Adding key: http://localhost:60366 for channel [id: 0xa2406b8a, L:/127.0.0.1:60455 - R:localhost/127.0.0.1:60366]
16:02:26.992 [Forwarding getElementTagName on session 5b26075fb2a534c021abfde31b1d8590 to remote] DEBUG org.asynchttpclient.netty.request.NettyRequestSender - Using pooled Channel '[id: 0xa2406b8a, L:/127.0.0.1:60455 - R:localhost/127.0.0.1:60366]' for 'GET' to 'http://localhost:60366/session/5b26075fb2a534c021abfde31b1d8590/element/447bc47c-e118-46e8-a6ce-b4e08c3b0c9c/name'
16:02:26.992 [Forwarding getElementTagName on session 5b26075fb2a534c021abfde31b1d8590 to remote] DEBUG org.asynchttpclient.netty.request.NettyRequestSender - Using open Channel [id: 0xa2406b8a, L:/127.0.0.1:60455 - R:localhost/127.0.0.1:60366] for GET '/session/5b26075fb2a534c021abfde31b1d8590/element/447bc47c-e118-46e8-a6ce-b4e08c3b0c9c/name'
16:02:27.028 [AsyncHttpClient-1-8] DEBUG org.asynchttpclient.netty.handler.HttpHandler - 

Request DefaultFullHttpRequest(decodeResult: success, version: HTTP/1.1, content: EmptyByteBufBE)
GET /session/5b26075fb2a534c021abfde31b1d8590/element/447bc47c-e118-46e8-a6ce-b4e08c3b0c9c/name HTTP/1.1
User-Agent: selenium/4.1.2 (java windows)
Cache-Control: no-cache
Content-Type: application/json; charset=utf-8
host: localhost:60366
accept: */*

Response DefaultHttpResponse(decodeResult: success, version: HTTP/1.1)
HTTP/1.1 200 OK
Content-Type: application/json; charset=utf-8
cache-control: no-cache
content-length: 13

16:02:27.028 [AsyncHttpClient-1-8] DEBUG org.asynchttpclient.netty.channel.ChannelManager - Adding key: http://localhost:60366 for channel [id: 0xa2406b8a, L:/127.0.0.1:60455 - R:localhost/127.0.0.1:60366]
16:02:27.040 [Forwarding getElementTagName on session 5b26075fb2a534c021abfde31b1d8590 to remote] DEBUG org.asynchttpclient.netty.request.NettyRequestSender - Using pooled Channel '[id: 0xa2406b8a, L:/127.0.0.1:60455 - R:localhost/127.0.0.1:60366]' for 'GET' to 'http://localhost:60366/session/5b26075fb2a534c021abfde31b1d8590/element/447bc47c-e118-46e8-a6ce-b4e08c3b0c9c/name'
16:02:27.040 [Forwarding getElementTagName on session 5b26075fb2a534c021abfde31b1d8590 to remote] DEBUG org.asynchttpclient.netty.request.NettyRequestSender - Using open Channel [id: 0xa2406b8a, L:/127.0.0.1:60455 - R:localhost/127.0.0.1:60366] for GET '/session/5b26075fb2a534c021abfde31b1d8590/element/447bc47c-e118-46e8-a6ce-b4e08c3b0c9c/name'
16:02:27.084 [AsyncHttpClient-1-8] DEBUG org.asynchttpclient.netty.handler.HttpHandler - 

Request DefaultFullHttpRequest(decodeResult: success, version: HTTP/1.1, content: EmptyByteBufBE)
GET /session/5b26075fb2a534c021abfde31b1d8590/element/447bc47c-e118-46e8-a6ce-b4e08c3b0c9c/name HTTP/1.1
User-Agent: selenium/4.1.2 (java windows)
Cache-Control: no-cache
Content-Type: application/json; charset=utf-8
host: localhost:60366
accept: */*

Response DefaultHttpResponse(decodeResult: success, version: HTTP/1.1)
HTTP/1.1 200 OK
Content-Type: application/json; charset=utf-8
cache-control: no-cache
content-length: 13

16:02:27.084 [AsyncHttpClient-1-8] DEBUG org.asynchttpclient.netty.channel.ChannelManager - Adding key: http://localhost:60366 for channel [id: 0xa2406b8a, L:/127.0.0.1:60455 - R:localhost/127.0.0.1:60366]
16:02:27.090 [Forwarding findElement on session 5b26075fb2a534c021abfde31b1d8590 to remote] DEBUG org.asynchttpclient.netty.request.NettyRequestSender - Using pooled Channel '[id: 0xa2406b8a, L:/127.0.0.1:60455 - R:localhost/127.0.0.1:60366]' for 'POST' to 'http://localhost:60366/session/5b26075fb2a534c021abfde31b1d8590/element'
16:02:27.090 [Forwarding findElement on session 5b26075fb2a534c021abfde31b1d8590 to remote] DEBUG org.asynchttpclient.netty.request.NettyRequestSender - Using open Channel [id: 0xa2406b8a, L:/127.0.0.1:60455 - R:localhost/127.0.0.1:60366] for POST '/session/5b26075fb2a534c021abfde31b1d8590/element'
16:02:27.131 [AsyncHttpClient-1-8] DEBUG org.asynchttpclient.netty.handler.HttpHandler - 

Request DefaultHttpRequest(decodeResult: success, version: HTTP/1.1)
POST /session/5b26075fb2a534c021abfde31b1d8590/element HTTP/1.1
User-Agent: selenium/4.1.2 (java windows)
Content-Length: 72
Content-Type: application/json; charset=utf-8
host: localhost:60366
accept: */*

Response DefaultHttpResponse(decodeResult: success, version: HTTP/1.1)
HTTP/1.1 200 OK
Content-Type: application/json; charset=utf-8
cache-control: no-cache
content-length: 88

16:02:27.131 [AsyncHttpClient-1-8] DEBUG org.asynchttpclient.netty.channel.ChannelManager - Adding key: http://localhost:60366 for channel [id: 0xa2406b8a, L:/127.0.0.1:60455 - R:localhost/127.0.0.1:60366]
16:02:27.141 [Forwarding clickElement on session 5b26075fb2a534c021abfde31b1d8590 to remote] DEBUG org.asynchttpclient.netty.request.NettyRequestSender - Using pooled Channel '[id: 0xa2406b8a, L:/127.0.0.1:60455 - R:localhost/127.0.0.1:60366]' for 'POST' to 'http://localhost:60366/session/5b26075fb2a534c021abfde31b1d8590/element/447bc47c-e118-46e8-a6ce-b4e08c3b0c9c/click'
16:02:27.141 [Forwarding clickElement on session 5b26075fb2a534c021abfde31b1d8590 to remote] DEBUG org.asynchttpclient.netty.request.NettyRequestSender - Using open Channel [id: 0xa2406b8a, L:/127.0.0.1:60455 - R:localhost/127.0.0.1:60366] for POST '/session/5b26075fb2a534c021abfde31b1d8590/element/447bc47c-e118-46e8-a6ce-b4e08c3b0c9c/click'
16:02:27.338 [AsyncHttpClient-1-8] DEBUG org.asynchttpclient.netty.handler.HttpHandler - 

Request DefaultHttpRequest(decodeResult: success, version: HTTP/1.1)
POST /session/5b26075fb2a534c021abfde31b1d8590/element/447bc47c-e118-46e8-a6ce-b4e08c3b0c9c/click HTTP/1.1
User-Agent: selenium/4.1.2 (java windows)
Content-Length: 50
Content-Type: application/json; charset=utf-8
host: localhost:60366
accept: */*

Response DefaultHttpResponse(decodeResult: success, version: HTTP/1.1)
HTTP/1.1 200 OK
Content-Type: application/json; charset=utf-8
cache-control: no-cache
content-length: 14

16:02:27.339 [AsyncHttpClient-1-8] DEBUG org.asynchttpclient.netty.channel.ChannelManager - Adding key: http://localhost:60366 for channel [id: 0xa2406b8a, L:/127.0.0.1:60455 - R:localhost/127.0.0.1:60366]
  &amp#27;[32mWhen &amp#27;[0m&amp#27;[32mi click get started&amp#27;[0m                       &amp#27;[90m# starter.stepdefinitions.registerSteps.iClickGetStarted()&amp#27;[0m
16:02:27.361 [Forwarding screenshot on session 5b26075fb2a534c021abfde31b1d8590 to remote] DEBUG org.asynchttpclient.netty.request.NettyRequestSender - Using pooled Channel '[id: 0xa2406b8a, L:/127.0.0.1:60455 - R:localhost/127.0.0.1:60366]' for 'GET' to 'http://localhost:60366/session/5b26075fb2a534c021abfde31b1d8590/screenshot'
16:02:27.361 [Forwarding screenshot on session 5b26075fb2a534c021abfde31b1d8590 to remote] DEBUG org.asynchttpclient.netty.request.NettyRequestSender - Using open Channel [id: 0xa2406b8a, L:/127.0.0.1:60455 - R:localhost/127.0.0.1:60366] for GET '/session/5b26075fb2a534c021abfde31b1d8590/screenshot'
16:02:27.427 [AsyncHttpClient-1-1] DEBUG org.asynchttpclient.netty.channel.DefaultChannelPool - Entry count for : http://localhost:60456 : 1
16:02:27.861 [AsyncHttpClient-1-8] DEBUG org.asynchttpclient.netty.handler.HttpHandler - 

Request DefaultFullHttpRequest(decodeResult: success, version: HTTP/1.1, content: EmptyByteBufBE)
GET /session/5b26075fb2a534c021abfde31b1d8590/screenshot HTTP/1.1
User-Agent: selenium/4.1.2 (java windows)
Cache-Control: no-cache
Content-Type: application/json; charset=utf-8
host: localhost:60366
accept: */*

Response DefaultHttpResponse(decodeResult: success, version: HTTP/1.1)
HTTP/1.1 200 OK
Content-Type: application/json; charset=utf-8
cache-control: no-cache
content-length: 164336

16:02:27.861 [AsyncHttpClient-1-8] DEBUG org.asynchttpclient.netty.channel.ChannelManager - Adding key: http://localhost:60366 for channel [id: 0xa2406b8a, L:/127.0.0.1:60455 - R:localhost/127.0.0.1:60366]
16:02:27.877 [main] DEBUG net.serenitybdd.core.photography.Darkroom - Send negative for processing for target\site\serenity\62791d4b2f25ec9840438bec14d5baef285d157c27ea14e2758c7fc861b0b211.png
16:02:27.877 [Darkroom Processing Line] DEBUG net.serenitybdd.core.photography.DarkroomProcessingLine - Processing screenshot image in /var/screenshots/screenshot-4903770479694429086
16:02:27.877 [Darkroom Processing Line] DEBUG net.serenitybdd.core.photography.DarkroomProcessingLine - Saving screenshot to target\site\serenity\62791d4b2f25ec9840438bec14d5baef285d157c27ea14e2758c7fc861b0b211.png
16:02:27.891 [Forwarding findElement on session 5b26075fb2a534c021abfde31b1d8590 to remote] DEBUG org.asynchttpclient.netty.request.NettyRequestSender - Using pooled Channel '[id: 0xa2406b8a, L:/127.0.0.1:60455 - R:localhost/127.0.0.1:60366]' for 'POST' to 'http://localhost:60366/session/5b26075fb2a534c021abfde31b1d8590/element'
16:02:27.891 [Forwarding findElement on session 5b26075fb2a534c021abfde31b1d8590 to remote] DEBUG org.asynchttpclient.netty.request.NettyRequestSender - Using open Channel [id: 0xa2406b8a, L:/127.0.0.1:60455 - R:localhost/127.0.0.1:60366] for POST '/session/5b26075fb2a534c021abfde31b1d8590/element'
16:02:27.927 [AsyncHttpClient-1-8] DEBUG org.asynchttpclient.netty.handler.HttpHandler - 

Request DefaultHttpRequest(decodeResult: success, version: HTTP/1.1)
POST /session/5b26075fb2a534c021abfde31b1d8590/element HTTP/1.1
User-Agent: selenium/4.1.2 (java windows)
Content-Length: 67
Content-Type: application/json; charset=utf-8
host: localhost:60366
accept: */*

Response DefaultHttpResponse(decodeResult: success, version: HTTP/1.1)
HTTP/1.1 200 OK
Content-Type: application/json; charset=utf-8
cache-control: no-cache
content-length: 88

16:02:27.927 [AsyncHttpClient-1-8] DEBUG org.asynchttpclient.netty.channel.ChannelManager - Adding key: http://localhost:60366 for channel [id: 0xa2406b8a, L:/127.0.0.1:60455 - R:localhost/127.0.0.1:60366]
16:02:27.927 [Forwarding clearElement on session 5b26075fb2a534c021abfde31b1d8590 to remote] DEBUG org.asynchttpclient.netty.request.NettyRequestSender - Using pooled Channel '[id: 0xa2406b8a, L:/127.0.0.1:60455 - R:localhost/127.0.0.1:60366]' for 'POST' to 'http://localhost:60366/session/5b26075fb2a534c021abfde31b1d8590/element/3b086331-56cd-4cc9-bcb9-5594c08268af/clear'
16:02:27.927 [Forwarding clearElement on session 5b26075fb2a534c021abfde31b1d8590 to remote] DEBUG org.asynchttpclient.netty.request.NettyRequestSender - Using open Channel [id: 0xa2406b8a, L:/127.0.0.1:60455 - R:localhost/127.0.0.1:60366] for POST '/session/5b26075fb2a534c021abfde31b1d8590/element/3b086331-56cd-4cc9-bcb9-5594c08268af/clear'
16:02:27.980 [AsyncHttpClient-1-8] DEBUG org.asynchttpclient.netty.handler.HttpHandler - 

Request DefaultHttpRequest(decodeResult: success, version: HTTP/1.1)
POST /session/5b26075fb2a534c021abfde31b1d8590/element/3b086331-56cd-4cc9-bcb9-5594c08268af/clear HTTP/1.1
User-Agent: selenium/4.1.2 (java windows)
Content-Length: 50
Content-Type: application/json; charset=utf-8
host: localhost:60366
accept: */*

Response DefaultHttpResponse(decodeResult: success, version: HTTP/1.1)
HTTP/1.1 200 OK
Content-Type: application/json; charset=utf-8
cache-control: no-cache
content-length: 14

16:02:27.980 [AsyncHttpClient-1-8] DEBUG org.asynchttpclient.netty.channel.ChannelManager - Adding key: http://localhost:60366 for channel [id: 0xa2406b8a, L:/127.0.0.1:60455 - R:localhost/127.0.0.1:60366]
16:02:27.988 [Forwarding sendKeysToElement on session 5b26075fb2a534c021abfde31b1d8590 to remote] DEBUG org.asynchttpclient.netty.request.NettyRequestSender - Using pooled Channel '[id: 0xa2406b8a, L:/127.0.0.1:60455 - R:localhost/127.0.0.1:60366]' for 'POST' to 'http://localhost:60366/session/5b26075fb2a534c021abfde31b1d8590/element/3b086331-56cd-4cc9-bcb9-5594c08268af/value'
16:02:27.988 [Forwarding sendKeysToElement on session 5b26075fb2a534c021abfde31b1d8590 to remote] DEBUG org.asynchttpclient.netty.request.NettyRequestSender - Using open Channel [id: 0xa2406b8a, L:/127.0.0.1:60455 - R:localhost/127.0.0.1:60366] for POST '/session/5b26075fb2a534c021abfde31b1d8590/element/3b086331-56cd-4cc9-bcb9-5594c08268af/value'
16:02:28.142 [AsyncHttpClient-1-8] DEBUG org.asynchttpclient.netty.handler.HttpHandler - 

Request DefaultHttpRequest(decodeResult: success, version: HTTP/1.1)
POST /session/5b26075fb2a534c021abfde31b1d8590/element/3b086331-56cd-4cc9-bcb9-5594c08268af/value HTTP/1.1
User-Agent: selenium/4.1.2 (java windows)
Content-Length: 231
Content-Type: application/json; charset=utf-8
host: localhost:60366
accept: */*

Response DefaultHttpResponse(decodeResult: success, version: HTTP/1.1)
HTTP/1.1 200 OK
Content-Type: application/json; charset=utf-8
cache-control: no-cache
content-length: 14

16:02:28.142 [AsyncHttpClient-1-8] DEBUG org.asynchttpclient.netty.channel.ChannelManager - Adding key: http://localhost:60366 for channel [id: 0xa2406b8a, L:/127.0.0.1:60455 - R:localhost/127.0.0.1:60366]
16:02:28.156 [Forwarding findElement on session 5b26075fb2a534c021abfde31b1d8590 to remote] DEBUG org.asynchttpclient.netty.request.NettyRequestSender - Using pooled Channel '[id: 0xa2406b8a, L:/127.0.0.1:60455 - R:localhost/127.0.0.1:60366]' for 'POST' to 'http://localhost:60366/session/5b26075fb2a534c021abfde31b1d8590/element'
16:02:28.156 [Forwarding findElement on session 5b26075fb2a534c021abfde31b1d8590 to remote] DEBUG org.asynchttpclient.netty.request.NettyRequestSender - Using open Channel [id: 0xa2406b8a, L:/127.0.0.1:60455 - R:localhost/127.0.0.1:60366] for POST '/session/5b26075fb2a534c021abfde31b1d8590/element'
16:02:28.182 [AsyncHttpClient-1-8] DEBUG org.asynchttpclient.netty.handler.HttpHandler - 

Request DefaultHttpRequest(decodeResult: success, version: HTTP/1.1)
POST /session/5b26075fb2a534c021abfde31b1d8590/element HTTP/1.1
User-Agent: selenium/4.1.2 (java windows)
Content-Length: 70
Content-Type: application/json; charset=utf-8
host: localhost:60366
accept: */*

Response DefaultHttpResponse(decodeResult: success, version: HTTP/1.1)
HTTP/1.1 200 OK
Content-Type: application/json; charset=utf-8
cache-control: no-cache
content-length: 88

16:02:28.182 [AsyncHttpClient-1-8] DEBUG org.asynchttpclient.netty.channel.ChannelManager - Adding key: http://localhost:60366 for channel [id: 0xa2406b8a, L:/127.0.0.1:60455 - R:localhost/127.0.0.1:60366]
16:02:28.182 [Forwarding clearElement on session 5b26075fb2a534c021abfde31b1d8590 to remote] DEBUG org.asynchttpclient.netty.request.NettyRequestSender - Using pooled Channel '[id: 0xa2406b8a, L:/127.0.0.1:60455 - R:localhost/127.0.0.1:60366]' for 'POST' to 'http://localhost:60366/session/5b26075fb2a534c021abfde31b1d8590/element/77a7f8ea-1d11-4fa9-9bbd-a346f65dd428/clear'
16:02:28.182 [Forwarding clearElement on session 5b26075fb2a534c021abfde31b1d8590 to remote] DEBUG org.asynchttpclient.netty.request.NettyRequestSender - Using open Channel [id: 0xa2406b8a, L:/127.0.0.1:60455 - R:localhost/127.0.0.1:60366] for POST '/session/5b26075fb2a534c021abfde31b1d8590/element/77a7f8ea-1d11-4fa9-9bbd-a346f65dd428/clear'
16:02:28.244 [AsyncHttpClient-1-8] DEBUG org.asynchttpclient.netty.handler.HttpHandler - 

Request DefaultHttpRequest(decodeResult: success, version: HTTP/1.1)
POST /session/5b26075fb2a534c021abfde31b1d8590/element/77a7f8ea-1d11-4fa9-9bbd-a346f65dd428/clear HTTP/1.1
User-Agent: selenium/4.1.2 (java windows)
Content-Length: 50
Content-Type: application/json; charset=utf-8
host: localhost:60366
accept: */*

Response DefaultHttpResponse(decodeResult: success, version: HTTP/1.1)
HTTP/1.1 200 OK
Content-Type: application/json; charset=utf-8
cache-control: no-cache
content-length: 14

16:02:28.244 [AsyncHttpClient-1-8] DEBUG org.asynchttpclient.netty.channel.ChannelManager - Adding key: http://localhost:60366 for channel [id: 0xa2406b8a, L:/127.0.0.1:60455 - R:localhost/127.0.0.1:60366]
16:02:28.252 [Forwarding sendKeysToElement on session 5b26075fb2a534c021abfde31b1d8590 to remote] DEBUG org.asynchttpclient.netty.request.NettyRequestSender - Using pooled Channel '[id: 0xa2406b8a, L:/127.0.0.1:60455 - R:localhost/127.0.0.1:60366]' for 'POST' to 'http://localhost:60366/session/5b26075fb2a534c021abfde31b1d8590/element/77a7f8ea-1d11-4fa9-9bbd-a346f65dd428/value'
16:02:28.252 [Forwarding sendKeysToElement on session 5b26075fb2a534c021abfde31b1d8590 to remote] DEBUG org.asynchttpclient.netty.request.NettyRequestSender - Using open Channel [id: 0xa2406b8a, L:/127.0.0.1:60455 - R:localhost/127.0.0.1:60366] for POST '/session/5b26075fb2a534c021abfde31b1d8590/element/77a7f8ea-1d11-4fa9-9bbd-a346f65dd428/value'
16:02:28.313 [AsyncHttpClient-1-8] DEBUG org.asynchttpclient.netty.handler.HttpHandler - 

Request DefaultHttpRequest(decodeResult: success, version: HTTP/1.1)
POST /session/5b26075fb2a534c021abfde31b1d8590/element/77a7f8ea-1d11-4fa9-9bbd-a346f65dd428/value HTTP/1.1
User-Agent: selenium/4.1.2 (java windows)
Content-Length: 82
Content-Type: application/json; charset=utf-8
host: localhost:60366
accept: */*

Response DefaultHttpResponse(decodeResult: success, version: HTTP/1.1)
HTTP/1.1 200 OK
Content-Type: application/json; charset=utf-8
cache-control: no-cache
content-length: 14

16:02:28.313 [AsyncHttpClient-1-8] DEBUG org.asynchttpclient.netty.channel.ChannelManager - Adding key: http://localhost:60366 for channel [id: 0xa2406b8a, L:/127.0.0.1:60455 - R:localhost/127.0.0.1:60366]
  &amp#27;[32mAnd &amp#27;[0m&amp#27;[32mi input &amp#27;[0m&amp#27;[32m&amp#27;[1m"sonya@gmail.com"&amp#27;[0m&amp#27;[32m and &amp#27;[0m&amp#27;[32m&amp#27;[1m""&amp#27;[0m&amp#27;[32m for login&amp#27;[0m &amp#27;[90m# starter.stepdefinitions.loginSteps.iInputAndForLogin(java.lang.String,java.lang.String)&amp#27;[0m
16:02:28.331 [Forwarding screenshot on session 5b26075fb2a534c021abfde31b1d8590 to remote] DEBUG org.asynchttpclient.netty.request.NettyRequestSender - Using pooled Channel '[id: 0xa2406b8a, L:/127.0.0.1:60455 - R:localhost/127.0.0.1:60366]' for 'GET' to 'http://localhost:60366/session/5b26075fb2a534c021abfde31b1d8590/screenshot'
16:02:28.331 [Forwarding screenshot on session 5b26075fb2a534c021abfde31b1d8590 to remote] DEBUG org.asynchttpclient.netty.request.NettyRequestSender - Using open Channel [id: 0xa2406b8a, L:/127.0.0.1:60455 - R:localhost/127.0.0.1:60366] for GET '/session/5b26075fb2a534c021abfde31b1d8590/screenshot'
16:02:28.538 [AsyncHttpClient-1-1] DEBUG org.asynchttpclient.netty.channel.DefaultChannelPool - Entry count for : http://localhost:60456 : 1
16:02:28.589 [AsyncHttpClient-1-8] DEBUG org.asynchttpclient.netty.handler.HttpHandler - 

Request DefaultFullHttpRequest(decodeResult: success, version: HTTP/1.1, content: EmptyByteBufBE)
GET /session/5b26075fb2a534c021abfde31b1d8590/screenshot HTTP/1.1
User-Agent: selenium/4.1.2 (java windows)
Cache-Control: no-cache
Content-Type: application/json; charset=utf-8
host: localhost:60366
accept: */*

Response DefaultHttpResponse(decodeResult: success, version: HTTP/1.1)
HTTP/1.1 200 OK
Content-Type: application/json; charset=utf-8
cache-control: no-cache
content-length: 129400

16:02:28.597 [AsyncHttpClient-1-8] DEBUG org.asynchttpclient.netty.channel.ChannelManager - Adding key: http://localhost:60366 for channel [id: 0xa2406b8a, L:/127.0.0.1:60455 - R:localhost/127.0.0.1:60366]
16:02:28.605 [main] DEBUG net.serenitybdd.core.photography.Darkroom - Send negative for processing for target\site\serenity\589e80069ed6927b451b30af139d8148205fb66f669fedd256239bbb01c54aa2.png
16:02:28.605 [Darkroom Processing Line] DEBUG net.serenitybdd.core.photography.DarkroomProcessingLine - Processing screenshot image in /var/screenshots/screenshot-351228424115289957
16:02:28.605 [Darkroom Processing Line] DEBUG net.serenitybdd.core.photography.DarkroomProcessingLine - Saving screenshot to target\site\serenity\589e80069ed6927b451b30af139d8148205fb66f669fedd256239bbb01c54aa2.png
16:02:28.621 [Forwarding findElement on session 5b26075fb2a534c021abfde31b1d8590 to remote] DEBUG org.asynchttpclient.netty.request.NettyRequestSender - Using pooled Channel '[id: 0xa2406b8a, L:/127.0.0.1:60455 - R:localhost/127.0.0.1:60366]' for 'POST' to 'http://localhost:60366/session/5b26075fb2a534c021abfde31b1d8590/element'
16:02:28.621 [Forwarding findElement on session 5b26075fb2a534c021abfde31b1d8590 to remote] DEBUG org.asynchttpclient.netty.request.NettyRequestSender - Using open Channel [id: 0xa2406b8a, L:/127.0.0.1:60455 - R:localhost/127.0.0.1:60366] for POST '/session/5b26075fb2a534c021abfde31b1d8590/element'
16:02:28.637 [AsyncHttpClient-1-8] DEBUG org.asynchttpclient.netty.handler.HttpHandler - 

Request DefaultHttpRequest(decodeResult: success, version: HTTP/1.1)
POST /session/5b26075fb2a534c021abfde31b1d8590/element HTTP/1.1
User-Agent: selenium/4.1.2 (java windows)
Content-Length: 53
Content-Type: application/json; charset=utf-8
host: localhost:60366
accept: */*

Response DefaultHttpResponse(decodeResult: success, version: HTTP/1.1)
HTTP/1.1 200 OK
Content-Type: application/json; charset=utf-8
cache-control: no-cache
content-length: 88

16:02:28.637 [AsyncHttpClient-1-8] DEBUG org.asynchttpclient.netty.channel.ChannelManager - Adding key: http://localhost:60366 for channel [id: 0xa2406b8a, L:/127.0.0.1:60455 - R:localhost/127.0.0.1:60366]
16:02:28.645 [Forwarding getElementTagName on session 5b26075fb2a534c021abfde31b1d8590 to remote] DEBUG org.asynchttpclient.netty.request.NettyRequestSender - Using pooled Channel '[id: 0xa2406b8a, L:/127.0.0.1:60455 - R:localhost/127.0.0.1:60366]' for 'GET' to 'http://localhost:60366/session/5b26075fb2a534c021abfde31b1d8590/element/d4ff15b9-095b-4efb-9486-0992ac836981/name'
16:02:28.649 [Forwarding getElementTagName on session 5b26075fb2a534c021abfde31b1d8590 to remote] DEBUG org.asynchttpclient.netty.request.NettyRequestSender - Using open Channel [id: 0xa2406b8a, L:/127.0.0.1:60455 - R:localhost/127.0.0.1:60366] for GET '/session/5b26075fb2a534c021abfde31b1d8590/element/d4ff15b9-095b-4efb-9486-0992ac836981/name'
16:02:28.650 [AsyncHttpClient-1-8] DEBUG org.asynchttpclient.netty.handler.HttpHandler - 

Request DefaultFullHttpRequest(decodeResult: success, version: HTTP/1.1, content: EmptyByteBufBE)
GET /session/5b26075fb2a534c021abfde31b1d8590/element/d4ff15b9-095b-4efb-9486-0992ac836981/name HTTP/1.1
User-Agent: selenium/4.1.2 (java windows)
Cache-Control: no-cache
Content-Type: application/json; charset=utf-8
host: localhost:60366
accept: */*

Response DefaultHttpResponse(decodeResult: success, version: HTTP/1.1)
HTTP/1.1 200 OK
Content-Type: application/json; charset=utf-8
cache-control: no-cache
content-length: 18

16:02:28.650 [AsyncHttpClient-1-8] DEBUG org.asynchttpclient.netty.channel.ChannelManager - Adding key: http://localhost:60366 for channel [id: 0xa2406b8a, L:/127.0.0.1:60455 - R:localhost/127.0.0.1:60366]
16:02:28.661 [Forwarding getElementTagName on session 5b26075fb2a534c021abfde31b1d8590 to remote] DEBUG org.asynchttpclient.netty.request.NettyRequestSender - Using pooled Channel '[id: 0xa2406b8a, L:/127.0.0.1:60455 - R:localhost/127.0.0.1:60366]' for 'GET' to 'http://localhost:60366/session/5b26075fb2a534c021abfde31b1d8590/element/d4ff15b9-095b-4efb-9486-0992ac836981/name'
16:02:28.661 [Forwarding getElementTagName on session 5b26075fb2a534c021abfde31b1d8590 to remote] DEBUG org.asynchttpclient.netty.request.NettyRequestSender - Using open Channel [id: 0xa2406b8a, L:/127.0.0.1:60455 - R:localhost/127.0.0.1:60366] for GET '/session/5b26075fb2a534c021abfde31b1d8590/element/d4ff15b9-095b-4efb-9486-0992ac836981/name'
16:02:28.661 [AsyncHttpClient-1-8] DEBUG org.asynchttpclient.netty.handler.HttpHandler - 

Request DefaultFullHttpRequest(decodeResult: success, version: HTTP/1.1, content: EmptyByteBufBE)
GET /session/5b26075fb2a534c021abfde31b1d8590/element/d4ff15b9-095b-4efb-9486-0992ac836981/name HTTP/1.1
User-Agent: selenium/4.1.2 (java windows)
Cache-Control: no-cache
Content-Type: application/json; charset=utf-8
host: localhost:60366
accept: */*

Response DefaultHttpResponse(decodeResult: success, version: HTTP/1.1)
HTTP/1.1 200 OK
Content-Type: application/json; charset=utf-8
cache-control: no-cache
content-length: 18

16:02:28.661 [AsyncHttpClient-1-8] DEBUG org.asynchttpclient.netty.channel.ChannelManager - Adding key: http://localhost:60366 for channel [id: 0xa2406b8a, L:/127.0.0.1:60455 - R:localhost/127.0.0.1:60366]
16:02:28.669 [Forwarding isElementEnabled on session 5b26075fb2a534c021abfde31b1d8590 to remote] DEBUG org.asynchttpclient.netty.request.NettyRequestSender - Using pooled Channel '[id: 0xa2406b8a, L:/127.0.0.1:60455 - R:localhost/127.0.0.1:60366]' for 'GET' to 'http://localhost:60366/session/5b26075fb2a534c021abfde31b1d8590/element/d4ff15b9-095b-4efb-9486-0992ac836981/enabled'
16:02:28.669 [Forwarding isElementEnabled on session 5b26075fb2a534c021abfde31b1d8590 to remote] DEBUG org.asynchttpclient.netty.request.NettyRequestSender - Using open Channel [id: 0xa2406b8a, L:/127.0.0.1:60455 - R:localhost/127.0.0.1:60366] for GET '/session/5b26075fb2a534c021abfde31b1d8590/element/d4ff15b9-095b-4efb-9486-0992ac836981/enabled'
16:02:28.685 [AsyncHttpClient-1-8] DEBUG org.asynchttpclient.netty.handler.HttpHandler - 

Request DefaultFullHttpRequest(decodeResult: success, version: HTTP/1.1, content: EmptyByteBufBE)
GET /session/5b26075fb2a534c021abfde31b1d8590/element/d4ff15b9-095b-4efb-9486-0992ac836981/enabled HTTP/1.1
User-Agent: selenium/4.1.2 (java windows)
Cache-Control: no-cache
Content-Type: application/json; charset=utf-8
host: localhost:60366
accept: */*

Response DefaultHttpResponse(decodeResult: success, version: HTTP/1.1)
HTTP/1.1 200 OK
Content-Type: application/json; charset=utf-8
cache-control: no-cache
content-length: 14

16:02:28.685 [AsyncHttpClient-1-8] DEBUG org.asynchttpclient.netty.channel.ChannelManager - Adding key: http://localhost:60366 for channel [id: 0xa2406b8a, L:/127.0.0.1:60455 - R:localhost/127.0.0.1:60366]
16:02:28.685 [Forwarding isElementEnabled on session 5b26075fb2a534c021abfde31b1d8590 to remote] DEBUG org.asynchttpclient.netty.request.NettyRequestSender - Using pooled Channel '[id: 0xa2406b8a, L:/127.0.0.1:60455 - R:localhost/127.0.0.1:60366]' for 'GET' to 'http://localhost:60366/session/5b26075fb2a534c021abfde31b1d8590/element/d4ff15b9-095b-4efb-9486-0992ac836981/enabled'
16:02:28.685 [Forwarding isElementEnabled on session 5b26075fb2a534c021abfde31b1d8590 to remote] DEBUG org.asynchttpclient.netty.request.NettyRequestSender - Using open Channel [id: 0xa2406b8a, L:/127.0.0.1:60455 - R:localhost/127.0.0.1:60366] for GET '/session/5b26075fb2a534c021abfde31b1d8590/element/d4ff15b9-095b-4efb-9486-0992ac836981/enabled'
16:02:28.703 [AsyncHttpClient-1-8] DEBUG org.asynchttpclient.netty.handler.HttpHandler - 

Request DefaultFullHttpRequest(decodeResult: success, version: HTTP/1.1, content: EmptyByteBufBE)
GET /session/5b26075fb2a534c021abfde31b1d8590/element/d4ff15b9-095b-4efb-9486-0992ac836981/enabled HTTP/1.1
User-Agent: selenium/4.1.2 (java windows)
Cache-Control: no-cache
Content-Type: application/json; charset=utf-8
host: localhost:60366
accept: */*

Response DefaultHttpResponse(decodeResult: success, version: HTTP/1.1)
HTTP/1.1 200 OK
Content-Type: application/json; charset=utf-8
cache-control: no-cache
content-length: 14

16:02:28.710 [AsyncHttpClient-1-8] DEBUG org.asynchttpclient.netty.channel.ChannelManager - Adding key: http://localhost:60366 for channel [id: 0xa2406b8a, L:/127.0.0.1:60455 - R:localhost/127.0.0.1:60366]
16:02:28.712 [Forwarding findElement on session 5b26075fb2a534c021abfde31b1d8590 to remote] DEBUG org.asynchttpclient.netty.request.NettyRequestSender - Using pooled Channel '[id: 0xa2406b8a, L:/127.0.0.1:60455 - R:localhost/127.0.0.1:60366]' for 'POST' to 'http://localhost:60366/session/5b26075fb2a534c021abfde31b1d8590/element'
16:02:28.712 [Forwarding findElement on session 5b26075fb2a534c021abfde31b1d8590 to remote] DEBUG org.asynchttpclient.netty.request.NettyRequestSender - Using open Channel [id: 0xa2406b8a, L:/127.0.0.1:60455 - R:localhost/127.0.0.1:60366] for POST '/session/5b26075fb2a534c021abfde31b1d8590/element'
16:02:28.730 [AsyncHttpClient-1-8] DEBUG org.asynchttpclient.netty.handler.HttpHandler - 

Request DefaultHttpRequest(decodeResult: success, version: HTTP/1.1)
POST /session/5b26075fb2a534c021abfde31b1d8590/element HTTP/1.1
User-Agent: selenium/4.1.2 (java windows)
Content-Length: 53
Content-Type: application/json; charset=utf-8
host: localhost:60366
accept: */*

Response DefaultHttpResponse(decodeResult: success, version: HTTP/1.1)
HTTP/1.1 200 OK
Content-Type: application/json; charset=utf-8
cache-control: no-cache
content-length: 88

16:02:28.730 [AsyncHttpClient-1-8] DEBUG org.asynchttpclient.netty.channel.ChannelManager - Adding key: http://localhost:60366 for channel [id: 0xa2406b8a, L:/127.0.0.1:60455 - R:localhost/127.0.0.1:60366]
16:02:28.730 [Forwarding clickElement on session 5b26075fb2a534c021abfde31b1d8590 to remote] DEBUG org.asynchttpclient.netty.request.NettyRequestSender - Using pooled Channel '[id: 0xa2406b8a, L:/127.0.0.1:60455 - R:localhost/127.0.0.1:60366]' for 'POST' to 'http://localhost:60366/session/5b26075fb2a534c021abfde31b1d8590/element/d4ff15b9-095b-4efb-9486-0992ac836981/click'
16:02:28.730 [Forwarding clickElement on session 5b26075fb2a534c021abfde31b1d8590 to remote] DEBUG org.asynchttpclient.netty.request.NettyRequestSender - Using open Channel [id: 0xa2406b8a, L:/127.0.0.1:60455 - R:localhost/127.0.0.1:60366] for POST '/session/5b26075fb2a534c021abfde31b1d8590/element/d4ff15b9-095b-4efb-9486-0992ac836981/click'
16:02:28.842 [AsyncHttpClient-1-8] DEBUG org.asynchttpclient.netty.handler.HttpHandler - 

Request DefaultHttpRequest(decodeResult: success, version: HTTP/1.1)
POST /session/5b26075fb2a534c021abfde31b1d8590/element/d4ff15b9-095b-4efb-9486-0992ac836981/click HTTP/1.1
User-Agent: selenium/4.1.2 (java windows)
Content-Length: 50
Content-Type: application/json; charset=utf-8
host: localhost:60366
accept: */*

Response DefaultHttpResponse(decodeResult: success, version: HTTP/1.1)
HTTP/1.1 200 OK
Content-Type: application/json; charset=utf-8
cache-control: no-cache
content-length: 14

16:02:28.850 [AsyncHttpClient-1-8] DEBUG org.asynchttpclient.netty.channel.ChannelManager - Adding key: http://localhost:60366 for channel [id: 0xa2406b8a, L:/127.0.0.1:60455 - R:localhost/127.0.0.1:60366]
  &amp#27;[32mAnd &amp#27;[0m&amp#27;[32mi click continue button for login&amp#27;[0m          &amp#27;[90m# starter.stepdefinitions.loginSteps.iClickContinueButtonForLogin()&amp#27;[0m
16:02:28.872 [Forwarding screenshot on session 5b26075fb2a534c021abfde31b1d8590 to remote] DEBUG org.asynchttpclient.netty.request.NettyRequestSender - Using pooled Channel '[id: 0xa2406b8a, L:/127.0.0.1:60455 - R:localhost/127.0.0.1:60366]' for 'GET' to 'http://localhost:60366/session/5b26075fb2a534c021abfde31b1d8590/screenshot'
16:02:28.872 [Forwarding screenshot on session 5b26075fb2a534c021abfde31b1d8590 to remote] DEBUG org.asynchttpclient.netty.request.NettyRequestSender - Using open Channel [id: 0xa2406b8a, L:/127.0.0.1:60455 - R:localhost/127.0.0.1:60366] for GET '/session/5b26075fb2a534c021abfde31b1d8590/screenshot'
16:02:29.470 [AsyncHttpClient-1-8] DEBUG org.asynchttpclient.netty.handler.HttpHandler - 

Request DefaultFullHttpRequest(decodeResult: success, version: HTTP/1.1, content: EmptyByteBufBE)
GET /session/5b26075fb2a534c021abfde31b1d8590/screenshot HTTP/1.1
User-Agent: selenium/4.1.2 (java windows)
Cache-Control: no-cache
Content-Type: application/json; charset=utf-8
host: localhost:60366
accept: */*

Response DefaultHttpResponse(decodeResult: success, version: HTTP/1.1)
HTTP/1.1 200 OK
Content-Type: application/json; charset=utf-8
cache-control: no-cache
content-length: 136448

16:02:29.472 [AsyncHttpClient-1-8] DEBUG org.asynchttpclient.netty.channel.ChannelManager - Adding key: http://localhost:60366 for channel [id: 0xa2406b8a, L:/127.0.0.1:60455 - R:localhost/127.0.0.1:60366]
16:02:29.481 [main] DEBUG net.serenitybdd.core.photography.Darkroom - Send negative for processing for target\site\serenity\2766ff3600965c85e8e82e51d04345e539ea988f1b21df50bd3f79554e49ed7f.png
16:02:29.481 [Darkroom Processing Line] DEBUG net.serenitybdd.core.photography.DarkroomProcessingLine - Processing screenshot image in /var/screenshots/screenshot-2045058001216972713
16:02:29.481 [Darkroom Processing Line] DEBUG net.serenitybdd.core.photography.DarkroomProcessingLine - Saving screenshot to target\site\serenity\2766ff3600965c85e8e82e51d04345e539ea988f1b21df50bd3f79554e49ed7f.png
16:02:29.489 [Forwarding findElement on session 5b26075fb2a534c021abfde31b1d8590 to remote] DEBUG org.asynchttpclient.netty.request.NettyRequestSender - Using pooled Channel '[id: 0xa2406b8a, L:/127.0.0.1:60455 - R:localhost/127.0.0.1:60366]' for 'POST' to 'http://localhost:60366/session/5b26075fb2a534c021abfde31b1d8590/element'
16:02:29.497 [Forwarding findElement on session 5b26075fb2a534c021abfde31b1d8590 to remote] DEBUG org.asynchttpclient.netty.request.NettyRequestSender - Using open Channel [id: 0xa2406b8a, L:/127.0.0.1:60455 - R:localhost/127.0.0.1:60366] for POST '/session/5b26075fb2a534c021abfde31b1d8590/element'
16:02:29.517 [AsyncHttpClient-1-8] DEBUG org.asynchttpclient.netty.handler.HttpHandler - 

Request DefaultHttpRequest(decodeResult: success, version: HTTP/1.1)
POST /session/5b26075fb2a534c021abfde31b1d8590/element HTTP/1.1
User-Agent: selenium/4.1.2 (java windows)
Content-Length: 69
Content-Type: application/json; charset=utf-8
host: localhost:60366
accept: */*

Response DefaultHttpResponse(decodeResult: success, version: HTTP/1.1)
HTTP/1.1 200 OK
Content-Type: application/json; charset=utf-8
cache-control: no-cache
content-length: 88

16:02:29.517 [AsyncHttpClient-1-8] DEBUG org.asynchttpclient.netty.channel.ChannelManager - Adding key: http://localhost:60366 for channel [id: 0xa2406b8a, L:/127.0.0.1:60455 - R:localhost/127.0.0.1:60366]
16:02:29.521 [Forwarding isElementDisplayed on session 5b26075fb2a534c021abfde31b1d8590 to remote] DEBUG org.asynchttpclient.netty.request.NettyRequestSender - Using pooled Channel '[id: 0xa2406b8a, L:/127.0.0.1:60455 - R:localhost/127.0.0.1:60366]' for 'POST' to 'http://localhost:60366/session/5b26075fb2a534c021abfde31b1d8590/execute/sync'
16:02:29.521 [Forwarding isElementDisplayed on session 5b26075fb2a534c021abfde31b1d8590 to remote] DEBUG org.asynchttpclient.netty.request.NettyRequestSender - Using open Channel [id: 0xa2406b8a, L:/127.0.0.1:60455 - R:localhost/127.0.0.1:60366] for POST '/session/5b26075fb2a534c021abfde31b1d8590/execute/sync'
16:02:29.541 [AsyncHttpClient-1-8] DEBUG org.asynchttpclient.netty.handler.HttpHandler - 

Request DefaultHttpRequest(decodeResult: success, version: HTTP/1.1)
POST /session/5b26075fb2a534c021abfde31b1d8590/execute/sync HTTP/1.1
User-Agent: selenium/4.1.2 (java windows)
Content-Length: 48780
Content-Type: application/json; charset=utf-8
host: localhost:60366
accept: */*

Response DefaultHttpResponse(decodeResult: success, version: HTTP/1.1)
HTTP/1.1 200 OK
Content-Type: application/json; charset=utf-8
cache-control: no-cache
content-length: 14

16:02:29.541 [AsyncHttpClient-1-8] DEBUG org.asynchttpclient.netty.channel.ChannelManager - Adding key: http://localhost:60366 for channel [id: 0xa2406b8a, L:/127.0.0.1:60455 - R:localhost/127.0.0.1:60366]
  &amp#27;[32mThen &amp#27;[0m&amp#27;[32mi get my &amp#27;[0m&amp#27;[32m&amp#27;[1m"login page"&amp#27;[0m&amp#27;[32m after login&amp#27;[0m         &amp#27;[90m# starter.stepdefinitions.loginSteps.iGetMyAfterLogin(java.lang.String)&amp#27;[0m
16:02:29.557 [Forwarding screenshot on session 5b26075fb2a534c021abfde31b1d8590 to remote] DEBUG org.asynchttpclient.netty.request.NettyRequestSender - Using pooled Channel '[id: 0xa2406b8a, L:/127.0.0.1:60455 - R:localhost/127.0.0.1:60366]' for 'GET' to 'http://localhost:60366/session/5b26075fb2a534c021abfde31b1d8590/screenshot'
16:02:29.557 [Forwarding screenshot on session 5b26075fb2a534c021abfde31b1d8590 to remote] DEBUG org.asynchttpclient.netty.request.NettyRequestSender - Using open Channel [id: 0xa2406b8a, L:/127.0.0.1:60455 - R:localhost/127.0.0.1:60366] for GET '/session/5b26075fb2a534c021abfde31b1d8590/screenshot'
16:02:29.629 [AsyncHttpClient-1-1] DEBUG org.asynchttpclient.netty.channel.DefaultChannelPool - Entry count for : http://localhost:60456 : 1
16:02:29.898 [AsyncHttpClient-1-8] DEBUG org.asynchttpclient.netty.handler.HttpHandler - 

Request DefaultFullHttpRequest(decodeResult: success, version: HTTP/1.1, content: EmptyByteBufBE)
GET /session/5b26075fb2a534c021abfde31b1d8590/screenshot HTTP/1.1
User-Agent: selenium/4.1.2 (java windows)
Cache-Control: no-cache
Content-Type: application/json; charset=utf-8
host: localhost:60366
accept: */*

Response DefaultHttpResponse(decodeResult: success, version: HTTP/1.1)
HTTP/1.1 200 OK
Content-Type: application/json; charset=utf-8
cache-control: no-cache
content-length: 135984

16:02:29.898 [AsyncHttpClient-1-8] DEBUG org.asynchttpclient.netty.channel.ChannelManager - Adding key: http://localhost:60366 for channel [id: 0xa2406b8a, L:/127.0.0.1:60455 - R:localhost/127.0.0.1:60366]
16:02:29.909 [main] DEBUG net.serenitybdd.core.photography.Darkroom - Send negative for processing for target\site\serenity\7a766a5754874ddb594197e64d0ed27a68c0dc05afcafb28f81cc77b25df07e5.png
16:02:29.909 [Darkroom Processing Line] DEBUG net.serenitybdd.core.photography.DarkroomProcessingLine - Processing screenshot image in /var/screenshots/screenshot-13153791279881507121
16:02:29.909 [Darkroom Processing Line] DEBUG net.serenitybdd.core.photography.DarkroomProcessingLine - Saving screenshot to target\site\serenity\7a766a5754874ddb594197e64d0ed27a68c0dc05afcafb28f81cc77b25df07e5.png
16:02:29.922 [AsyncHttpClient-1-10] DEBUG org.asynchttpclient.netty.handler.WebSocketHandler - Channel Closed: [id: 0xe30abebb, L:/127.0.0.1:60466 ! R:localhost/127.0.0.1:60456] with attribute NettyResponseFuture{currentRetry=5,
	isDone=1,
	isCancelled=0,
	asyncHandler=org.asynchttpclient.ws.WebSocketUpgradeHandler@6c053214,
	nettyRequest=org.asynchttpclient.netty.request.NettyRequest@2907b1f0,
	future=java.util.concurrent.CompletableFuture@253dfbcd[Completed normally],
	uri=ws://localhost:60456/devtools/browser/ac1ad72a-7f89-4a97-98dd-ab3252b74e51,
	keepAlive=true,
	redirectCount=0,
	timeoutsHolder=null,
	inAuth=0,
	touch=1658480541892}
16:02:29.922 [AsyncHttpClient-1-10] DEBUG org.asynchttpclient.netty.channel.ChannelManager - Closing Channel [id: 0xe30abebb, L:/127.0.0.1:60466 ! R:localhost/127.0.0.1:60456] 
16:02:29.922 [Driver Command Executor] DEBUG org.asynchttpclient.netty.request.NettyRequestSender - Using pooled Channel '[id: 0xa2406b8a, L:/127.0.0.1:60455 - R:localhost/127.0.0.1:60366]' for 'DELETE' to 'http://localhost:60366/session/5b26075fb2a534c021abfde31b1d8590'
16:02:29.922 [Driver Command Executor] DEBUG org.asynchttpclient.netty.request.NettyRequestSender - Using open Channel [id: 0xa2406b8a, L:/127.0.0.1:60455 - R:localhost/127.0.0.1:60366] for DELETE '/session/5b26075fb2a534c021abfde31b1d8590'
16:02:29.979 [AsyncHttpClient-1-9] DEBUG org.asynchttpclient.netty.handler.HttpHandler - Unexpected I/O exception on channel [id: 0xe1f8cd14, L:/127.0.0.1:60465 - R:localhost/127.0.0.1:60456]
java.net.SocketException: Connection reset
	at java.base/sun.nio.ch.SocketChannelImpl.throwConnectionReset(SocketChannelImpl.java:367)
	at java.base/sun.nio.ch.SocketChannelImpl.read(SocketChannelImpl.java:398)
	at io.netty.buffer.PooledByteBuf.setBytes(PooledByteBuf.java:258)
	at io.netty.buffer.AbstractByteBuf.writeBytes(AbstractByteBuf.java:1132)
	at io.netty.channel.socket.nio.NioSocketChannel.doReadBytes(NioSocketChannel.java:350)
	at io.netty.channel.nio.AbstractNioByteChannel$NioByteUnsafe.read(AbstractNioByteChannel.java:151)
	at io.netty.channel.nio.NioEventLoop.processSelectedKey(NioEventLoop.java:722)
	at io.netty.channel.nio.NioEventLoop.processSelectedKeysOptimized(NioEventLoop.java:658)
	at io.netty.channel.nio.NioEventLoop.processSelectedKeys(NioEventLoop.java:584)
	at io.netty.channel.nio.NioEventLoop.run(NioEventLoop.java:496)
	at io.netty.util.concurrent.SingleThreadEventExecutor$4.run(SingleThreadEventExecutor.java:986)
	at io.netty.util.internal.ThreadExecutorMap$2.run(ThreadExecutorMap.java:74)
	at io.netty.util.concurrent.FastThreadLocalRunnable.run(FastThreadLocalRunnable.java:30)
	at java.base/java.lang.Thread.run(Thread.java:832)
16:02:29.979 [AsyncHttpClient-1-9] DEBUG org.asynchttpclient.netty.channel.ChannelManager - Closing Channel [id: 0xe1f8cd14, L:/127.0.0.1:60465 - R:localhost/127.0.0.1:60456] 
16:02:29.979 [AsyncHttpClient-1-9] DEBUG org.asynchttpclient.netty.handler.HttpHandler - Channel Closed: [id: 0xe1f8cd14, L:/127.0.0.1:60465 ! R:localhost/127.0.0.1:60456] with attribute DISCARD
16:02:30.019 [AsyncHttpClient-1-8] DEBUG org.asynchttpclient.netty.handler.HttpHandler - 

Request DefaultFullHttpRequest(decodeResult: success, version: HTTP/1.1, content: EmptyByteBufBE)
DELETE /session/5b26075fb2a534c021abfde31b1d8590 HTTP/1.1
User-Agent: selenium/4.1.2 (java windows)
Content-Type: application/json; charset=utf-8
host: localhost:60366
accept: */*

Response DefaultHttpResponse(decodeResult: success, version: HTTP/1.1)
HTTP/1.1 200 OK
Content-Type: application/json; charset=utf-8
cache-control: no-cache
content-length: 14

16:02:30.020 [AsyncHttpClient-1-8] DEBUG org.asynchttpclient.netty.channel.ChannelManager - Adding key: http://localhost:60366 for channel [id: 0xa2406b8a, L:/127.0.0.1:60455 - R:localhost/127.0.0.1:60366]
16:02:30.222 [AsyncHttpClient-1-8] DEBUG org.asynchttpclient.netty.handler.HttpHandler - Channel Closed: [id: 0xa2406b8a, L:/127.0.0.1:60455 ! R:localhost/127.0.0.1:60366] with attribute DISCARD
16:02:30.726 [AsyncHttpClient-1-1] DEBUG org.asynchttpclient.netty.channel.DefaultChannelPool - Entry count for : http://localhost:60456 : 1
16:02:30.727 [AsyncHttpClient-1-1] DEBUG org.asynchttpclient.netty.channel.DefaultChannelPool - Entry count for : http://localhost:60366 : 1
16:02:30.727 [AsyncHttpClient-1-1] DEBUG org.asynchttpclient.netty.channel.DefaultChannelPool - Adding Candidate expired Channel [id: 0xe1f8cd14, L:/127.0.0.1:60465 ! R:localhost/127.0.0.1:60456] isIdleTimeoutExpired=false isRemotelyClosed=true isTtlExpired=false
16:02:30.727 [AsyncHttpClient-1-1] DEBUG org.asynchttpclient.netty.channel.DefaultChannelPool - Closing Idle Channel [id: 0xe1f8cd14, L:/127.0.0.1:60465 ! R:localhost/127.0.0.1:60456]
16:02:30.727 [AsyncHttpClient-1-1] DEBUG org.asynchttpclient.netty.channel.DefaultChannelPool - Adding Candidate expired Channel [id: 0xa2406b8a, L:/127.0.0.1:60455 ! R:localhost/127.0.0.1:60366] isIdleTimeoutExpired=false isRemotelyClosed=true isTtlExpired=false
16:02:30.727 [AsyncHttpClient-1-1] DEBUG org.asynchttpclient.netty.channel.DefaultChannelPool - Closing Idle Channel [id: 0xa2406b8a, L:/127.0.0.1:60455 ! R:localhost/127.0.0.1:60366]
16:02:30.727 [AsyncHttpClient-1-1] DEBUG org.asynchttpclient.netty.channel.DefaultChannelPool - Closed 2 connections out of 2 in 0 ms
]]></system-out>
    <system-err><![CDATA[Starting ChromeDriver 102.0.5005.61 (0e59bcc00cc4985ce39ad31c150065f159d95ad3-refs/branch-heads/5005@{#819}) on port 60366
Only local connections are allowed.
Please see https://chromedriver.chromium.org/security-considerations for suggestions on keeping ChromeDriver safe.
ChromeDriver was started successfully.
[1658480541.170][WARNING]: This version of ChromeDriver has not been tested with Chrome version 103.
Jul 22, 2022 4:02:21 PM org.openqa.selenium.remote.ProtocolHandshake createSession
INFO: Detected dialect: W3C
Jul 22, 2022 4:02:21 PM org.openqa.selenium.devtools.CdpVersionFinder findNearestMatch
WARNING: Unable to find an exact match for CDP version 103, so returning the closest version found: a no-op implementation
Jul 22, 2022 4:02:21 PM org.openqa.selenium.devtools.CdpVersionFinder findNearestMatch
INFO: Unable to find CDP implementation matching 103.
Jul 22, 2022 4:02:21 PM org.openqa.selenium.chromium.ChromiumDriver lambda$new$3
WARNING: Unable to find version of CDP to use for . You may need to include a dependency on a specific version of the CDP using something similar to `org.seleniumhq.selenium:selenium-devtools-v86:4.1.2` where the version ("v86") matches the version of the chromium-based browser you're using and the version number of the artifact is the same as Selenium's.
]]></system-err>
  </testcase>
  <testcase name="Login scenario #4" classname="Login" time="13.148">
    <system-out><![CDATA[
@login
Scenario Outline: Login scenario         &amp#27;[90m# src/test/resources/features/logins.feature:21&amp#27;[0m
16:02:30.758 [main] INFO io.cucumber.core.plugin.SerenityReporter - Running feature from file:///D:/PERKULIAHAN/Semester%206,Hebatt%20glad!/QE-FGD/Automation-test-Website%20-%20Copy/src/test/resources/features/logins.feature
16:02:30.779 [main] INFO net.serenitybdd.core.webdriver.driverproviders.ChromeDriverProvider - Using automatically driver download
16:02:30.958 [main] DEBUG io.github.bonigarcia.wdm.cache.ResolutionCache - Resolution chrome=103 in cache (valid until 16:34:03 22/07/2022 WIB)
16:02:30.970 [main] DEBUG io.github.bonigarcia.wdm.cache.ResolutionCache - Resolution chrome103=103.0.5060.134 in cache (valid until 17:00:36 22/07/2022 WIB)
16:02:30.970 [main] INFO io.github.bonigarcia.wdm.WebDriverManager - Using chromedriver 103.0.5060.134 (resolved driver for Chrome 103)
16:02:30.999 [main] DEBUG io.github.bonigarcia.wdm.WebDriverManager - Driver chromedriver 103.0.5060.134 found in cache
16:02:30.999 [main] INFO io.github.bonigarcia.wdm.WebDriverManager - Exporting webdriver.chrome.driver as C:\Users\ASUS\.cache\selenium\chromedriver\win32\103.0.5060.134\chromedriver.exe
16:02:31.188 [main] DEBUG net.serenitybdd.core.webdriver.driverproviders.ProvideNewDriver - Instantiating driver
16:02:31.188 [main] DEBUG net.serenitybdd.core.webdriver.driverproviders.ProvideNewDriver - Driver capabilities: Capabilities {acceptInsecureCerts: false, base.url: https://found-capstone20.ne..., browserName: chrome, chrome.driver: src/test/resources/webdrive..., driver: chrome, goog:chromeOptions: {args: [], extensions: []}}
16:02:31.750 [AsyncHttpClient-1-11] DEBUG org.asynchttpclient.netty.channel.NettyConnectListener - Using new Channel '[id: 0x3df804a6, L:/127.0.0.1:60482 - R:localhost/127.0.0.1:57816]' for 'POST' to '/session'
16:02:33.063 [AsyncHttpClient-1-11] DEBUG org.asynchttpclient.netty.handler.HttpHandler - 

Request DefaultHttpRequest(decodeResult: success, version: HTTP/1.1)
POST /session HTTP/1.1
User-Agent: selenium/4.1.2 (java windows)
Content-Length: 623
Content-Type: application/json; charset=utf-8
host: localhost:57816
accept: */*

Response DefaultHttpResponse(decodeResult: success, version: HTTP/1.1)
HTTP/1.1 200 OK
Content-Type: application/json; charset=utf-8
cache-control: no-cache
content-length: 789

16:02:33.065 [AsyncHttpClient-1-11] DEBUG org.asynchttpclient.netty.channel.ChannelManager - Adding key: http://localhost:57816 for channel [id: 0x3df804a6, L:/127.0.0.1:60482 - R:localhost/127.0.0.1:57816]
16:02:33.095 [AsyncHttpClient-1-12] DEBUG org.asynchttpclient.netty.channel.NettyConnectListener - Using new Channel '[id: 0x4370398f, L:/127.0.0.1:60491 - R:localhost/127.0.0.1:60483]' for 'GET' to '/json/version'
16:02:33.113 [AsyncHttpClient-1-12] DEBUG org.asynchttpclient.netty.handler.HttpHandler - 

Request DefaultFullHttpRequest(decodeResult: success, version: HTTP/1.1, content: EmptyByteBufBE)
GET /json/version HTTP/1.1
User-Agent: selenium/4.1.2 (java windows)
host: localhost:60483
accept: */*

Response DefaultHttpResponse(decodeResult: success, version: HTTP/1.1)
HTTP/1.1 200 OK
Content-Type: application/json; charset=UTF-8
content-length: 429

16:02:33.115 [AsyncHttpClient-1-12] DEBUG org.asynchttpclient.netty.channel.ChannelManager - Adding key: http://localhost:60483 for channel [id: 0x4370398f, L:/127.0.0.1:60491 - R:localhost/127.0.0.1:60483]
16:02:33.124 [AsyncHttpClient-1-13] DEBUG org.asynchttpclient.netty.channel.NettyConnectListener - Using new Channel '[id: 0x8af60215, L:/127.0.0.1:60492 - R:localhost/127.0.0.1:60483]' for 'GET' to '/devtools/browser/0c659af0-b615-42b1-8422-1fb2416f8950'
16:02:33.151 [AsyncHttpClient-1-13] DEBUG org.asynchttpclient.netty.handler.WebSocketHandler - 

Request DefaultFullHttpRequest(decodeResult: success, version: HTTP/1.1, content: EmptyByteBufBE)
GET /devtools/browser/0c659af0-b615-42b1-8422-1fb2416f8950 HTTP/1.1
upgrade: websocket
connection: upgrade
sec-websocket-key: MHS/Shncoo5GrCc8/B+1Ow==
sec-websocket-version: 13
origin: http://localhost:60483
host: localhost:60483
accept: */*
user-agent: AHC/2.1

Response DefaultHttpResponse(decodeResult: success, version: HTTP/1.1)
HTTP/1.1 101 WebSocket Protocol Handshake
Upgrade: WebSocket
Connection: Upgrade
Sec-WebSocket-Accept: 3KHFREq1mf2wDHwPlDqflaFn70A=

16:02:33.171 [Forwarding maximizeCurrentWindow on session b13d7cb7f4613c9832797058015596f4 to remote] DEBUG org.asynchttpclient.netty.request.NettyRequestSender - Using pooled Channel '[id: 0x3df804a6, L:/127.0.0.1:60482 - R:localhost/127.0.0.1:57816]' for 'POST' to 'http://localhost:57816/session/b13d7cb7f4613c9832797058015596f4/window/maximize'
16:02:33.171 [Forwarding maximizeCurrentWindow on session b13d7cb7f4613c9832797058015596f4 to remote] DEBUG org.asynchttpclient.netty.request.NettyRequestSender - Using open Channel [id: 0x3df804a6, L:/127.0.0.1:60482 - R:localhost/127.0.0.1:57816] for POST '/session/b13d7cb7f4613c9832797058015596f4/window/maximize'
16:02:33.422 [AsyncHttpClient-1-11] DEBUG org.asynchttpclient.netty.handler.HttpHandler - 

Request DefaultHttpRequest(decodeResult: success, version: HTTP/1.1)
POST /session/b13d7cb7f4613c9832797058015596f4/window/maximize HTTP/1.1
User-Agent: selenium/4.1.2 (java windows)
Content-Length: 3
Content-Type: application/json; charset=utf-8
host: localhost:57816
accept: */*

Response DefaultHttpResponse(decodeResult: success, version: HTTP/1.1)
HTTP/1.1 200 OK
Content-Type: application/json; charset=utf-8
cache-control: no-cache
content-length: 51

16:02:33.422 [AsyncHttpClient-1-11] DEBUG org.asynchttpclient.netty.channel.ChannelManager - Adding key: http://localhost:57816 for channel [id: 0x3df804a6, L:/127.0.0.1:60482 - R:localhost/127.0.0.1:57816]
16:02:33.432 [Forwarding get on session b13d7cb7f4613c9832797058015596f4 to remote] DEBUG org.asynchttpclient.netty.request.NettyRequestSender - Using pooled Channel '[id: 0x3df804a6, L:/127.0.0.1:60482 - R:localhost/127.0.0.1:57816]' for 'POST' to 'http://localhost:57816/session/b13d7cb7f4613c9832797058015596f4/url'
16:02:33.432 [Forwarding get on session b13d7cb7f4613c9832797058015596f4 to remote] DEBUG org.asynchttpclient.netty.request.NettyRequestSender - Using open Channel [id: 0x3df804a6, L:/127.0.0.1:60482 - R:localhost/127.0.0.1:57816] for POST '/session/b13d7cb7f4613c9832797058015596f4/url'
16:02:34.021 [AsyncHttpClient-1-1] DEBUG org.asynchttpclient.netty.channel.DefaultChannelPool - Entry count for : http://localhost:60483 : 1
16:02:35.121 [AsyncHttpClient-1-1] DEBUG org.asynchttpclient.netty.channel.DefaultChannelPool - Entry count for : http://localhost:60483 : 1
16:02:36.221 [AsyncHttpClient-1-1] DEBUG org.asynchttpclient.netty.channel.DefaultChannelPool - Entry count for : http://localhost:60483 : 1
16:02:37.321 [AsyncHttpClient-1-1] DEBUG org.asynchttpclient.netty.channel.DefaultChannelPool - Entry count for : http://localhost:60483 : 1
16:02:38.301 [AsyncHttpClient-1-11] DEBUG org.asynchttpclient.netty.handler.HttpHandler - 

Request DefaultHttpRequest(decodeResult: success, version: HTTP/1.1)
POST /session/b13d7cb7f4613c9832797058015596f4/url HTTP/1.1
User-Agent: selenium/4.1.2 (java windows)
Content-Length: 67
Content-Type: application/json; charset=utf-8
host: localhost:57816
accept: */*

Response DefaultHttpResponse(decodeResult: success, version: HTTP/1.1)
HTTP/1.1 200 OK
Content-Type: application/json; charset=utf-8
cache-control: no-cache
content-length: 14

16:02:38.301 [AsyncHttpClient-1-11] DEBUG org.asynchttpclient.netty.channel.ChannelManager - Adding key: http://localhost:57816 for channel [id: 0x3df804a6, L:/127.0.0.1:60482 - R:localhost/127.0.0.1:57816]
16:02:38.309 [Forwarding setTimeout on session b13d7cb7f4613c9832797058015596f4 to remote] DEBUG org.asynchttpclient.netty.request.NettyRequestSender - Using pooled Channel '[id: 0x3df804a6, L:/127.0.0.1:60482 - R:localhost/127.0.0.1:57816]' for 'POST' to 'http://localhost:57816/session/b13d7cb7f4613c9832797058015596f4/timeouts'
16:02:38.309 [Forwarding setTimeout on session b13d7cb7f4613c9832797058015596f4 to remote] DEBUG org.asynchttpclient.netty.request.NettyRequestSender - Using open Channel [id: 0x3df804a6, L:/127.0.0.1:60482 - R:localhost/127.0.0.1:57816] for POST '/session/b13d7cb7f4613c9832797058015596f4/timeouts'
16:02:38.321 [AsyncHttpClient-1-11] DEBUG org.asynchttpclient.netty.handler.HttpHandler - 

Request DefaultHttpRequest(decodeResult: success, version: HTTP/1.1)
POST /session/b13d7cb7f4613c9832797058015596f4/timeouts HTTP/1.1
User-Agent: selenium/4.1.2 (java windows)
Content-Length: 22
Content-Type: application/json; charset=utf-8
host: localhost:57816
accept: */*

Response DefaultHttpResponse(decodeResult: success, version: HTTP/1.1)
HTTP/1.1 200 OK
Content-Type: application/json; charset=utf-8
cache-control: no-cache
content-length: 14

16:02:38.321 [AsyncHttpClient-1-11] DEBUG org.asynchttpclient.netty.channel.ChannelManager - Adding key: http://localhost:57816 for channel [id: 0x3df804a6, L:/127.0.0.1:60482 - R:localhost/127.0.0.1:57816]
16:02:38.329 [Forwarding getCurrentUrl on session b13d7cb7f4613c9832797058015596f4 to remote] DEBUG org.asynchttpclient.netty.request.NettyRequestSender - Using pooled Channel '[id: 0x3df804a6, L:/127.0.0.1:60482 - R:localhost/127.0.0.1:57816]' for 'GET' to 'http://localhost:57816/session/b13d7cb7f4613c9832797058015596f4/url'
16:02:38.329 [Forwarding getCurrentUrl on session b13d7cb7f4613c9832797058015596f4 to remote] DEBUG org.asynchttpclient.netty.request.NettyRequestSender - Using open Channel [id: 0x3df804a6, L:/127.0.0.1:60482 - R:localhost/127.0.0.1:57816] for GET '/session/b13d7cb7f4613c9832797058015596f4/url'
16:02:38.340 [AsyncHttpClient-1-11] DEBUG org.asynchttpclient.netty.handler.HttpHandler - 

Request DefaultFullHttpRequest(decodeResult: success, version: HTTP/1.1, content: EmptyByteBufBE)
GET /session/b13d7cb7f4613c9832797058015596f4/url HTTP/1.1
User-Agent: selenium/4.1.2 (java windows)
Cache-Control: no-cache
Content-Type: application/json; charset=utf-8
host: localhost:57816
accept: */*

Response DefaultHttpResponse(decodeResult: success, version: HTTP/1.1)
HTTP/1.1 200 OK
Content-Type: application/json; charset=utf-8
cache-control: no-cache
content-length: 49

16:02:38.340 [AsyncHttpClient-1-11] DEBUG org.asynchttpclient.netty.channel.ChannelManager - Adding key: http://localhost:57816 for channel [id: 0x3df804a6, L:/127.0.0.1:60482 - R:localhost/127.0.0.1:57816]
  &amp#27;[32mGiven &amp#27;[0m&amp#27;[32mi have registered&amp#27;[0m                &amp#27;[90m# starter.stepdefinitions.loginSteps.iHaveRegistered()&amp#27;[0m
16:02:38.364 [Forwarding screenshot on session b13d7cb7f4613c9832797058015596f4 to remote] DEBUG org.asynchttpclient.netty.request.NettyRequestSender - Using pooled Channel '[id: 0x3df804a6, L:/127.0.0.1:60482 - R:localhost/127.0.0.1:57816]' for 'GET' to 'http://localhost:57816/session/b13d7cb7f4613c9832797058015596f4/screenshot'
16:02:38.364 [Forwarding screenshot on session b13d7cb7f4613c9832797058015596f4 to remote] DEBUG org.asynchttpclient.netty.request.NettyRequestSender - Using open Channel [id: 0x3df804a6, L:/127.0.0.1:60482 - R:localhost/127.0.0.1:57816] for GET '/session/b13d7cb7f4613c9832797058015596f4/screenshot'
16:02:38.429 [AsyncHttpClient-1-1] DEBUG org.asynchttpclient.netty.channel.DefaultChannelPool - Entry count for : http://localhost:60483 : 1
16:02:38.738 [AsyncHttpClient-1-11] DEBUG org.asynchttpclient.netty.handler.HttpHandler - 

Request DefaultFullHttpRequest(decodeResult: success, version: HTTP/1.1, content: EmptyByteBufBE)
GET /session/b13d7cb7f4613c9832797058015596f4/screenshot HTTP/1.1
User-Agent: selenium/4.1.2 (java windows)
Cache-Control: no-cache
Content-Type: application/json; charset=utf-8
host: localhost:57816
accept: */*

Response DefaultHttpResponse(decodeResult: success, version: HTTP/1.1)
HTTP/1.1 200 OK
Content-Type: application/json; charset=utf-8
cache-control: no-cache
content-length: 354376

16:02:38.738 [AsyncHttpClient-1-11] DEBUG org.asynchttpclient.netty.channel.ChannelManager - Adding key: http://localhost:57816 for channel [id: 0x3df804a6, L:/127.0.0.1:60482 - R:localhost/127.0.0.1:57816]
16:02:38.764 [main] DEBUG net.serenitybdd.core.photography.Darkroom - Send negative for processing for target\site\serenity\4660354df54a12fcd895682f5709ada0fe64cb7be35e163b54bdc9c5bb06ca8f.png
16:02:38.802 [Forwarding findElement on session b13d7cb7f4613c9832797058015596f4 to remote] DEBUG org.asynchttpclient.netty.request.NettyRequestSender - Using pooled Channel '[id: 0x3df804a6, L:/127.0.0.1:60482 - R:localhost/127.0.0.1:57816]' for 'POST' to 'http://localhost:57816/session/b13d7cb7f4613c9832797058015596f4/element'
16:02:38.802 [Forwarding findElement on session b13d7cb7f4613c9832797058015596f4 to remote] DEBUG org.asynchttpclient.netty.request.NettyRequestSender - Using open Channel [id: 0x3df804a6, L:/127.0.0.1:60482 - R:localhost/127.0.0.1:57816] for POST '/session/b13d7cb7f4613c9832797058015596f4/element'
16:02:38.853 [AsyncHttpClient-1-11] DEBUG org.asynchttpclient.netty.handler.HttpHandler - 

Request DefaultHttpRequest(decodeResult: success, version: HTTP/1.1)
POST /session/b13d7cb7f4613c9832797058015596f4/element HTTP/1.1
User-Agent: selenium/4.1.2 (java windows)
Content-Length: 55
Content-Type: application/json; charset=utf-8
host: localhost:57816
accept: */*

Response DefaultHttpResponse(decodeResult: success, version: HTTP/1.1)
HTTP/1.1 200 OK
Content-Type: application/json; charset=utf-8
cache-control: no-cache
content-length: 88

16:02:38.853 [AsyncHttpClient-1-11] DEBUG org.asynchttpclient.netty.channel.ChannelManager - Adding key: http://localhost:57816 for channel [id: 0x3df804a6, L:/127.0.0.1:60482 - R:localhost/127.0.0.1:57816]
16:02:38.862 [Forwarding isElementDisplayed on session b13d7cb7f4613c9832797058015596f4 to remote] DEBUG org.asynchttpclient.netty.request.NettyRequestSender - Using pooled Channel '[id: 0x3df804a6, L:/127.0.0.1:60482 - R:localhost/127.0.0.1:57816]' for 'POST' to 'http://localhost:57816/session/b13d7cb7f4613c9832797058015596f4/execute/sync'
16:02:38.862 [Forwarding isElementDisplayed on session b13d7cb7f4613c9832797058015596f4 to remote] DEBUG org.asynchttpclient.netty.request.NettyRequestSender - Using open Channel [id: 0x3df804a6, L:/127.0.0.1:60482 - R:localhost/127.0.0.1:57816] for POST '/session/b13d7cb7f4613c9832797058015596f4/execute/sync'
16:02:38.930 [AsyncHttpClient-1-11] DEBUG org.asynchttpclient.netty.handler.HttpHandler - 

Request DefaultHttpRequest(decodeResult: success, version: HTTP/1.1)
POST /session/b13d7cb7f4613c9832797058015596f4/execute/sync HTTP/1.1
User-Agent: selenium/4.1.2 (java windows)
Content-Length: 48780
Content-Type: application/json; charset=utf-8
host: localhost:57816
accept: */*

Response DefaultHttpResponse(decodeResult: success, version: HTTP/1.1)
HTTP/1.1 200 OK
Content-Type: application/json; charset=utf-8
cache-control: no-cache
content-length: 14

16:02:38.930 [AsyncHttpClient-1-11] DEBUG org.asynchttpclient.netty.channel.ChannelManager - Adding key: http://localhost:57816 for channel [id: 0x3df804a6, L:/127.0.0.1:60482 - R:localhost/127.0.0.1:57816]
16:02:38.940 [Forwarding findElement on session b13d7cb7f4613c9832797058015596f4 to remote] DEBUG org.asynchttpclient.netty.request.NettyRequestSender - Using pooled Channel '[id: 0x3df804a6, L:/127.0.0.1:60482 - R:localhost/127.0.0.1:57816]' for 'POST' to 'http://localhost:57816/session/b13d7cb7f4613c9832797058015596f4/element'
16:02:38.940 [Forwarding findElement on session b13d7cb7f4613c9832797058015596f4 to remote] DEBUG org.asynchttpclient.netty.request.NettyRequestSender - Using open Channel [id: 0x3df804a6, L:/127.0.0.1:60482 - R:localhost/127.0.0.1:57816] for POST '/session/b13d7cb7f4613c9832797058015596f4/element'
16:02:39.006 [AsyncHttpClient-1-11] DEBUG org.asynchttpclient.netty.handler.HttpHandler - 

Request DefaultHttpRequest(decodeResult: success, version: HTTP/1.1)
POST /session/b13d7cb7f4613c9832797058015596f4/element HTTP/1.1
User-Agent: selenium/4.1.2 (java windows)
Content-Length: 72
Content-Type: application/json; charset=utf-8
host: localhost:57816
accept: */*

Response DefaultHttpResponse(decodeResult: success, version: HTTP/1.1)
HTTP/1.1 200 OK
Content-Type: application/json; charset=utf-8
cache-control: no-cache
content-length: 88

16:02:39.006 [AsyncHttpClient-1-11] DEBUG org.asynchttpclient.netty.channel.ChannelManager - Adding key: http://localhost:57816 for channel [id: 0x3df804a6, L:/127.0.0.1:60482 - R:localhost/127.0.0.1:57816]
16:02:39.006 [Forwarding getElementTagName on session b13d7cb7f4613c9832797058015596f4 to remote] DEBUG org.asynchttpclient.netty.request.NettyRequestSender - Using pooled Channel '[id: 0x3df804a6, L:/127.0.0.1:60482 - R:localhost/127.0.0.1:57816]' for 'GET' to 'http://localhost:57816/session/b13d7cb7f4613c9832797058015596f4/element/80a4d8c0-c6c8-4ecb-b634-b547c9bf09b1/name'
16:02:39.006 [Forwarding getElementTagName on session b13d7cb7f4613c9832797058015596f4 to remote] DEBUG org.asynchttpclient.netty.request.NettyRequestSender - Using open Channel [id: 0x3df804a6, L:/127.0.0.1:60482 - R:localhost/127.0.0.1:57816] for GET '/session/b13d7cb7f4613c9832797058015596f4/element/80a4d8c0-c6c8-4ecb-b634-b547c9bf09b1/name'
16:02:39.051 [AsyncHttpClient-1-11] DEBUG org.asynchttpclient.netty.handler.HttpHandler - 

Request DefaultFullHttpRequest(decodeResult: success, version: HTTP/1.1, content: EmptyByteBufBE)
GET /session/b13d7cb7f4613c9832797058015596f4/element/80a4d8c0-c6c8-4ecb-b634-b547c9bf09b1/name HTTP/1.1
User-Agent: selenium/4.1.2 (java windows)
Cache-Control: no-cache
Content-Type: application/json; charset=utf-8
host: localhost:57816
accept: */*

Response DefaultHttpResponse(decodeResult: success, version: HTTP/1.1)
HTTP/1.1 200 OK
Content-Type: application/json; charset=utf-8
cache-control: no-cache
content-length: 13

16:02:39.051 [AsyncHttpClient-1-11] DEBUG org.asynchttpclient.netty.channel.ChannelManager - Adding key: http://localhost:57816 for channel [id: 0x3df804a6, L:/127.0.0.1:60482 - R:localhost/127.0.0.1:57816]
16:02:39.051 [Forwarding getElementTagName on session b13d7cb7f4613c9832797058015596f4 to remote] DEBUG org.asynchttpclient.netty.request.NettyRequestSender - Using pooled Channel '[id: 0x3df804a6, L:/127.0.0.1:60482 - R:localhost/127.0.0.1:57816]' for 'GET' to 'http://localhost:57816/session/b13d7cb7f4613c9832797058015596f4/element/80a4d8c0-c6c8-4ecb-b634-b547c9bf09b1/name'
16:02:39.051 [Forwarding getElementTagName on session b13d7cb7f4613c9832797058015596f4 to remote] DEBUG org.asynchttpclient.netty.request.NettyRequestSender - Using open Channel [id: 0x3df804a6, L:/127.0.0.1:60482 - R:localhost/127.0.0.1:57816] for GET '/session/b13d7cb7f4613c9832797058015596f4/element/80a4d8c0-c6c8-4ecb-b634-b547c9bf09b1/name'
16:02:39.102 [AsyncHttpClient-1-11] DEBUG org.asynchttpclient.netty.handler.HttpHandler - 

Request DefaultFullHttpRequest(decodeResult: success, version: HTTP/1.1, content: EmptyByteBufBE)
GET /session/b13d7cb7f4613c9832797058015596f4/element/80a4d8c0-c6c8-4ecb-b634-b547c9bf09b1/name HTTP/1.1
User-Agent: selenium/4.1.2 (java windows)
Cache-Control: no-cache
Content-Type: application/json; charset=utf-8
host: localhost:57816
accept: */*

Response DefaultHttpResponse(decodeResult: success, version: HTTP/1.1)
HTTP/1.1 200 OK
Content-Type: application/json; charset=utf-8
cache-control: no-cache
content-length: 13

16:02:39.102 [AsyncHttpClient-1-11] DEBUG org.asynchttpclient.netty.channel.ChannelManager - Adding key: http://localhost:57816 for channel [id: 0x3df804a6, L:/127.0.0.1:60482 - R:localhost/127.0.0.1:57816]
16:02:39.109 [Forwarding findElement on session b13d7cb7f4613c9832797058015596f4 to remote] DEBUG org.asynchttpclient.netty.request.NettyRequestSender - Using pooled Channel '[id: 0x3df804a6, L:/127.0.0.1:60482 - R:localhost/127.0.0.1:57816]' for 'POST' to 'http://localhost:57816/session/b13d7cb7f4613c9832797058015596f4/element'
16:02:39.109 [Forwarding findElement on session b13d7cb7f4613c9832797058015596f4 to remote] DEBUG org.asynchttpclient.netty.request.NettyRequestSender - Using open Channel [id: 0x3df804a6, L:/127.0.0.1:60482 - R:localhost/127.0.0.1:57816] for POST '/session/b13d7cb7f4613c9832797058015596f4/element'
16:02:39.150 [AsyncHttpClient-1-11] DEBUG org.asynchttpclient.netty.handler.HttpHandler - 

Request DefaultHttpRequest(decodeResult: success, version: HTTP/1.1)
POST /session/b13d7cb7f4613c9832797058015596f4/element HTTP/1.1
User-Agent: selenium/4.1.2 (java windows)
Content-Length: 72
Content-Type: application/json; charset=utf-8
host: localhost:57816
accept: */*

Response DefaultHttpResponse(decodeResult: success, version: HTTP/1.1)
HTTP/1.1 200 OK
Content-Type: application/json; charset=utf-8
cache-control: no-cache
content-length: 88

16:02:39.150 [AsyncHttpClient-1-11] DEBUG org.asynchttpclient.netty.channel.ChannelManager - Adding key: http://localhost:57816 for channel [id: 0x3df804a6, L:/127.0.0.1:60482 - R:localhost/127.0.0.1:57816]
16:02:39.159 [Forwarding clickElement on session b13d7cb7f4613c9832797058015596f4 to remote] DEBUG org.asynchttpclient.netty.request.NettyRequestSender - Using pooled Channel '[id: 0x3df804a6, L:/127.0.0.1:60482 - R:localhost/127.0.0.1:57816]' for 'POST' to 'http://localhost:57816/session/b13d7cb7f4613c9832797058015596f4/element/80a4d8c0-c6c8-4ecb-b634-b547c9bf09b1/click'
16:02:39.159 [Forwarding clickElement on session b13d7cb7f4613c9832797058015596f4 to remote] DEBUG org.asynchttpclient.netty.request.NettyRequestSender - Using open Channel [id: 0x3df804a6, L:/127.0.0.1:60482 - R:localhost/127.0.0.1:57816] for POST '/session/b13d7cb7f4613c9832797058015596f4/element/80a4d8c0-c6c8-4ecb-b634-b547c9bf09b1/click'
16:02:39.352 [AsyncHttpClient-1-11] DEBUG org.asynchttpclient.netty.handler.HttpHandler - 

Request DefaultHttpRequest(decodeResult: success, version: HTTP/1.1)
POST /session/b13d7cb7f4613c9832797058015596f4/element/80a4d8c0-c6c8-4ecb-b634-b547c9bf09b1/click HTTP/1.1
User-Agent: selenium/4.1.2 (java windows)
Content-Length: 50
Content-Type: application/json; charset=utf-8
host: localhost:57816
accept: */*

Response DefaultHttpResponse(decodeResult: success, version: HTTP/1.1)
HTTP/1.1 200 OK
Content-Type: application/json; charset=utf-8
cache-control: no-cache
content-length: 14

16:02:39.360 [AsyncHttpClient-1-11] DEBUG org.asynchttpclient.netty.channel.ChannelManager - Adding key: http://localhost:57816 for channel [id: 0x3df804a6, L:/127.0.0.1:60482 - R:localhost/127.0.0.1:57816]
  &amp#27;[32mWhen &amp#27;[0m&amp#27;[32mi click get started&amp#27;[0m               &amp#27;[90m# starter.stepdefinitions.registerSteps.iClickGetStarted()&amp#27;[0m
16:02:39.381 [Forwarding screenshot on session b13d7cb7f4613c9832797058015596f4 to remote] DEBUG org.asynchttpclient.netty.request.NettyRequestSender - Using pooled Channel '[id: 0x3df804a6, L:/127.0.0.1:60482 - R:localhost/127.0.0.1:57816]' for 'GET' to 'http://localhost:57816/session/b13d7cb7f4613c9832797058015596f4/screenshot'
16:02:39.381 [Forwarding screenshot on session b13d7cb7f4613c9832797058015596f4 to remote] DEBUG org.asynchttpclient.netty.request.NettyRequestSender - Using open Channel [id: 0x3df804a6, L:/127.0.0.1:60482 - R:localhost/127.0.0.1:57816] for GET '/session/b13d7cb7f4613c9832797058015596f4/screenshot'
16:02:39.532 [AsyncHttpClient-1-1] DEBUG org.asynchttpclient.netty.channel.DefaultChannelPool - Entry count for : http://localhost:60483 : 1
16:02:39.864 [AsyncHttpClient-1-11] DEBUG org.asynchttpclient.netty.handler.HttpHandler - 

Request DefaultFullHttpRequest(decodeResult: success, version: HTTP/1.1, content: EmptyByteBufBE)
GET /session/b13d7cb7f4613c9832797058015596f4/screenshot HTTP/1.1
User-Agent: selenium/4.1.2 (java windows)
Cache-Control: no-cache
Content-Type: application/json; charset=utf-8
host: localhost:57816
accept: */*

Response DefaultHttpResponse(decodeResult: success, version: HTTP/1.1)
HTTP/1.1 200 OK
Content-Type: application/json; charset=utf-8
cache-control: no-cache
content-length: 167876

16:02:39.864 [AsyncHttpClient-1-11] DEBUG org.asynchttpclient.netty.channel.ChannelManager - Adding key: http://localhost:57816 for channel [id: 0x3df804a6, L:/127.0.0.1:60482 - R:localhost/127.0.0.1:57816]
16:02:39.871 [main] DEBUG net.serenitybdd.core.photography.Darkroom - Send negative for processing for target\site\serenity\a90a375e3cdb16dd7eb67878c60feb4a2571a0641a8ccd9479d82fe3e20cc416.png
16:02:39.871 [Darkroom Processing Line] DEBUG net.serenitybdd.core.photography.DarkroomProcessingLine - Processing screenshot image in /var/screenshots/screenshot-12754894715006644825
16:02:39.871 [Darkroom Processing Line] DEBUG net.serenitybdd.core.photography.DarkroomProcessingLine - Saving screenshot to target\site\serenity\a90a375e3cdb16dd7eb67878c60feb4a2571a0641a8ccd9479d82fe3e20cc416.png
16:02:39.889 [Forwarding findElement on session b13d7cb7f4613c9832797058015596f4 to remote] DEBUG org.asynchttpclient.netty.request.NettyRequestSender - Using pooled Channel '[id: 0x3df804a6, L:/127.0.0.1:60482 - R:localhost/127.0.0.1:57816]' for 'POST' to 'http://localhost:57816/session/b13d7cb7f4613c9832797058015596f4/element'
16:02:39.889 [Forwarding findElement on session b13d7cb7f4613c9832797058015596f4 to remote] DEBUG org.asynchttpclient.netty.request.NettyRequestSender - Using open Channel [id: 0x3df804a6, L:/127.0.0.1:60482 - R:localhost/127.0.0.1:57816] for POST '/session/b13d7cb7f4613c9832797058015596f4/element'
16:02:39.909 [AsyncHttpClient-1-11] DEBUG org.asynchttpclient.netty.handler.HttpHandler - 

Request DefaultHttpRequest(decodeResult: success, version: HTTP/1.1)
POST /session/b13d7cb7f4613c9832797058015596f4/element HTTP/1.1
User-Agent: selenium/4.1.2 (java windows)
Content-Length: 67
Content-Type: application/json; charset=utf-8
host: localhost:57816
accept: */*

Response DefaultHttpResponse(decodeResult: success, version: HTTP/1.1)
HTTP/1.1 200 OK
Content-Type: application/json; charset=utf-8
cache-control: no-cache
content-length: 88

16:02:39.909 [AsyncHttpClient-1-11] DEBUG org.asynchttpclient.netty.channel.ChannelManager - Adding key: http://localhost:57816 for channel [id: 0x3df804a6, L:/127.0.0.1:60482 - R:localhost/127.0.0.1:57816]
16:02:39.909 [Forwarding clearElement on session b13d7cb7f4613c9832797058015596f4 to remote] DEBUG org.asynchttpclient.netty.request.NettyRequestSender - Using pooled Channel '[id: 0x3df804a6, L:/127.0.0.1:60482 - R:localhost/127.0.0.1:57816]' for 'POST' to 'http://localhost:57816/session/b13d7cb7f4613c9832797058015596f4/element/ab28ab96-9a14-4809-95f6-0a86abc28ab2/clear'
16:02:39.909 [Forwarding clearElement on session b13d7cb7f4613c9832797058015596f4 to remote] DEBUG org.asynchttpclient.netty.request.NettyRequestSender - Using open Channel [id: 0x3df804a6, L:/127.0.0.1:60482 - R:localhost/127.0.0.1:57816] for POST '/session/b13d7cb7f4613c9832797058015596f4/element/ab28ab96-9a14-4809-95f6-0a86abc28ab2/clear'
16:02:39.989 [AsyncHttpClient-1-11] DEBUG org.asynchttpclient.netty.handler.HttpHandler - 

Request DefaultHttpRequest(decodeResult: success, version: HTTP/1.1)
POST /session/b13d7cb7f4613c9832797058015596f4/element/ab28ab96-9a14-4809-95f6-0a86abc28ab2/clear HTTP/1.1
User-Agent: selenium/4.1.2 (java windows)
Content-Length: 50
Content-Type: application/json; charset=utf-8
host: localhost:57816
accept: */*

Response DefaultHttpResponse(decodeResult: success, version: HTTP/1.1)
HTTP/1.1 200 OK
Content-Type: application/json; charset=utf-8
cache-control: no-cache
content-length: 14

16:02:39.989 [AsyncHttpClient-1-11] DEBUG org.asynchttpclient.netty.channel.ChannelManager - Adding key: http://localhost:57816 for channel [id: 0x3df804a6, L:/127.0.0.1:60482 - R:localhost/127.0.0.1:57816]
16:02:39.989 [Forwarding sendKeysToElement on session b13d7cb7f4613c9832797058015596f4 to remote] DEBUG org.asynchttpclient.netty.request.NettyRequestSender - Using pooled Channel '[id: 0x3df804a6, L:/127.0.0.1:60482 - R:localhost/127.0.0.1:57816]' for 'POST' to 'http://localhost:57816/session/b13d7cb7f4613c9832797058015596f4/element/ab28ab96-9a14-4809-95f6-0a86abc28ab2/value'
16:02:39.989 [Forwarding sendKeysToElement on session b13d7cb7f4613c9832797058015596f4 to remote] DEBUG org.asynchttpclient.netty.request.NettyRequestSender - Using open Channel [id: 0x3df804a6, L:/127.0.0.1:60482 - R:localhost/127.0.0.1:57816] for POST '/session/b13d7cb7f4613c9832797058015596f4/element/ab28ab96-9a14-4809-95f6-0a86abc28ab2/value'
16:02:40.077 [AsyncHttpClient-1-11] DEBUG org.asynchttpclient.netty.handler.HttpHandler - 

Request DefaultHttpRequest(decodeResult: success, version: HTTP/1.1)
POST /session/b13d7cb7f4613c9832797058015596f4/element/ab28ab96-9a14-4809-95f6-0a86abc28ab2/value HTTP/1.1
User-Agent: selenium/4.1.2 (java windows)
Content-Length: 82
Content-Type: application/json; charset=utf-8
host: localhost:57816
accept: */*

Response DefaultHttpResponse(decodeResult: success, version: HTTP/1.1)
HTTP/1.1 200 OK
Content-Type: application/json; charset=utf-8
cache-control: no-cache
content-length: 14

16:02:40.080 [AsyncHttpClient-1-11] DEBUG org.asynchttpclient.netty.channel.ChannelManager - Adding key: http://localhost:57816 for channel [id: 0x3df804a6, L:/127.0.0.1:60482 - R:localhost/127.0.0.1:57816]
16:02:40.089 [Forwarding findElement on session b13d7cb7f4613c9832797058015596f4 to remote] DEBUG org.asynchttpclient.netty.request.NettyRequestSender - Using pooled Channel '[id: 0x3df804a6, L:/127.0.0.1:60482 - R:localhost/127.0.0.1:57816]' for 'POST' to 'http://localhost:57816/session/b13d7cb7f4613c9832797058015596f4/element'
16:02:40.089 [Forwarding findElement on session b13d7cb7f4613c9832797058015596f4 to remote] DEBUG org.asynchttpclient.netty.request.NettyRequestSender - Using open Channel [id: 0x3df804a6, L:/127.0.0.1:60482 - R:localhost/127.0.0.1:57816] for POST '/session/b13d7cb7f4613c9832797058015596f4/element'
16:02:40.110 [AsyncHttpClient-1-11] DEBUG org.asynchttpclient.netty.handler.HttpHandler - 

Request DefaultHttpRequest(decodeResult: success, version: HTTP/1.1)
POST /session/b13d7cb7f4613c9832797058015596f4/element HTTP/1.1
User-Agent: selenium/4.1.2 (java windows)
Content-Length: 70
Content-Type: application/json; charset=utf-8
host: localhost:57816
accept: */*

Response DefaultHttpResponse(decodeResult: success, version: HTTP/1.1)
HTTP/1.1 200 OK
Content-Type: application/json; charset=utf-8
cache-control: no-cache
content-length: 88

16:02:40.110 [AsyncHttpClient-1-11] DEBUG org.asynchttpclient.netty.channel.ChannelManager - Adding key: http://localhost:57816 for channel [id: 0x3df804a6, L:/127.0.0.1:60482 - R:localhost/127.0.0.1:57816]
16:02:40.110 [Forwarding clearElement on session b13d7cb7f4613c9832797058015596f4 to remote] DEBUG org.asynchttpclient.netty.request.NettyRequestSender - Using pooled Channel '[id: 0x3df804a6, L:/127.0.0.1:60482 - R:localhost/127.0.0.1:57816]' for 'POST' to 'http://localhost:57816/session/b13d7cb7f4613c9832797058015596f4/element/07489591-2365-4382-82db-0d1356595e10/clear'
16:02:40.110 [Forwarding clearElement on session b13d7cb7f4613c9832797058015596f4 to remote] DEBUG org.asynchttpclient.netty.request.NettyRequestSender - Using open Channel [id: 0x3df804a6, L:/127.0.0.1:60482 - R:localhost/127.0.0.1:57816] for POST '/session/b13d7cb7f4613c9832797058015596f4/element/07489591-2365-4382-82db-0d1356595e10/clear'
16:02:40.170 [AsyncHttpClient-1-11] DEBUG org.asynchttpclient.netty.handler.HttpHandler - 

Request DefaultHttpRequest(decodeResult: success, version: HTTP/1.1)
POST /session/b13d7cb7f4613c9832797058015596f4/element/07489591-2365-4382-82db-0d1356595e10/clear HTTP/1.1
User-Agent: selenium/4.1.2 (java windows)
Content-Length: 50
Content-Type: application/json; charset=utf-8
host: localhost:57816
accept: */*

Response DefaultHttpResponse(decodeResult: success, version: HTTP/1.1)
HTTP/1.1 200 OK
Content-Type: application/json; charset=utf-8
cache-control: no-cache
content-length: 14

16:02:40.170 [AsyncHttpClient-1-11] DEBUG org.asynchttpclient.netty.channel.ChannelManager - Adding key: http://localhost:57816 for channel [id: 0x3df804a6, L:/127.0.0.1:60482 - R:localhost/127.0.0.1:57816]
16:02:40.182 [Forwarding sendKeysToElement on session b13d7cb7f4613c9832797058015596f4 to remote] DEBUG org.asynchttpclient.netty.request.NettyRequestSender - Using pooled Channel '[id: 0x3df804a6, L:/127.0.0.1:60482 - R:localhost/127.0.0.1:57816]' for 'POST' to 'http://localhost:57816/session/b13d7cb7f4613c9832797058015596f4/element/07489591-2365-4382-82db-0d1356595e10/value'
16:02:40.182 [Forwarding sendKeysToElement on session b13d7cb7f4613c9832797058015596f4 to remote] DEBUG org.asynchttpclient.netty.request.NettyRequestSender - Using open Channel [id: 0x3df804a6, L:/127.0.0.1:60482 - R:localhost/127.0.0.1:57816] for POST '/session/b13d7cb7f4613c9832797058015596f4/element/07489591-2365-4382-82db-0d1356595e10/value'
16:02:40.247 [AsyncHttpClient-1-11] DEBUG org.asynchttpclient.netty.handler.HttpHandler - 

Request DefaultHttpRequest(decodeResult: success, version: HTTP/1.1)
POST /session/b13d7cb7f4613c9832797058015596f4/element/07489591-2365-4382-82db-0d1356595e10/value HTTP/1.1
User-Agent: selenium/4.1.2 (java windows)
Content-Length: 82
Content-Type: application/json; charset=utf-8
host: localhost:57816
accept: */*

Response DefaultHttpResponse(decodeResult: success, version: HTTP/1.1)
HTTP/1.1 200 OK
Content-Type: application/json; charset=utf-8
cache-control: no-cache
content-length: 14

16:02:40.249 [AsyncHttpClient-1-11] DEBUG org.asynchttpclient.netty.channel.ChannelManager - Adding key: http://localhost:57816 for channel [id: 0x3df804a6, L:/127.0.0.1:60482 - R:localhost/127.0.0.1:57816]
  &amp#27;[32mAnd &amp#27;[0m&amp#27;[32mi input &amp#27;[0m&amp#27;[32m&amp#27;[1m""&amp#27;[0m&amp#27;[32m and &amp#27;[0m&amp#27;[32m&amp#27;[1m""&amp#27;[0m&amp#27;[32m for login&amp#27;[0m        &amp#27;[90m# starter.stepdefinitions.loginSteps.iInputAndForLogin(java.lang.String,java.lang.String)&amp#27;[0m
16:02:40.259 [Forwarding screenshot on session b13d7cb7f4613c9832797058015596f4 to remote] DEBUG org.asynchttpclient.netty.request.NettyRequestSender - Using pooled Channel '[id: 0x3df804a6, L:/127.0.0.1:60482 - R:localhost/127.0.0.1:57816]' for 'GET' to 'http://localhost:57816/session/b13d7cb7f4613c9832797058015596f4/screenshot'
16:02:40.259 [Forwarding screenshot on session b13d7cb7f4613c9832797058015596f4 to remote] DEBUG org.asynchttpclient.netty.request.NettyRequestSender - Using open Channel [id: 0x3df804a6, L:/127.0.0.1:60482 - R:localhost/127.0.0.1:57816] for GET '/session/b13d7cb7f4613c9832797058015596f4/screenshot'
16:02:40.590 [AsyncHttpClient-1-11] DEBUG org.asynchttpclient.netty.handler.HttpHandler - 

Request DefaultFullHttpRequest(decodeResult: success, version: HTTP/1.1, content: EmptyByteBufBE)
GET /session/b13d7cb7f4613c9832797058015596f4/screenshot HTTP/1.1
User-Agent: selenium/4.1.2 (java windows)
Cache-Control: no-cache
Content-Type: application/json; charset=utf-8
host: localhost:57816
accept: */*

Response DefaultHttpResponse(decodeResult: success, version: HTTP/1.1)
HTTP/1.1 200 OK
Content-Type: application/json; charset=utf-8
cache-control: no-cache
content-length: 144840

16:02:40.592 [AsyncHttpClient-1-11] DEBUG org.asynchttpclient.netty.channel.ChannelManager - Adding key: http://localhost:57816 for channel [id: 0x3df804a6, L:/127.0.0.1:60482 - R:localhost/127.0.0.1:57816]
16:02:40.600 [main] DEBUG net.serenitybdd.core.photography.Darkroom - Send negative for processing for target\site\serenity\830be35345f7e04ef3c36db27825ec203c1a273538818691bd16765926d8c211.png
16:02:40.600 [Darkroom Processing Line] DEBUG net.serenitybdd.core.photography.DarkroomProcessingLine - Processing screenshot image in /var/screenshots/screenshot-7146607652539081166
16:02:40.600 [Darkroom Processing Line] DEBUG net.serenitybdd.core.photography.DarkroomProcessingLine - Saving screenshot to target\site\serenity\830be35345f7e04ef3c36db27825ec203c1a273538818691bd16765926d8c211.png
16:02:40.621 [AsyncHttpClient-1-1] DEBUG org.asynchttpclient.netty.channel.DefaultChannelPool - Entry count for : http://localhost:57816 : 1
16:02:40.621 [AsyncHttpClient-1-1] DEBUG org.asynchttpclient.netty.channel.DefaultChannelPool - Entry count for : http://localhost:60483 : 1
16:02:40.621 [Forwarding findElement on session b13d7cb7f4613c9832797058015596f4 to remote] DEBUG org.asynchttpclient.netty.request.NettyRequestSender - Using pooled Channel '[id: 0x3df804a6, L:/127.0.0.1:60482 - R:localhost/127.0.0.1:57816]' for 'POST' to 'http://localhost:57816/session/b13d7cb7f4613c9832797058015596f4/element'
16:02:40.621 [Forwarding findElement on session b13d7cb7f4613c9832797058015596f4 to remote] DEBUG org.asynchttpclient.netty.request.NettyRequestSender - Using open Channel [id: 0x3df804a6, L:/127.0.0.1:60482 - R:localhost/127.0.0.1:57816] for POST '/session/b13d7cb7f4613c9832797058015596f4/element'
16:02:40.640 [AsyncHttpClient-1-11] DEBUG org.asynchttpclient.netty.handler.HttpHandler - 

Request DefaultHttpRequest(decodeResult: success, version: HTTP/1.1)
POST /session/b13d7cb7f4613c9832797058015596f4/element HTTP/1.1
User-Agent: selenium/4.1.2 (java windows)
Content-Length: 53
Content-Type: application/json; charset=utf-8
host: localhost:57816
accept: */*

Response DefaultHttpResponse(decodeResult: success, version: HTTP/1.1)
HTTP/1.1 200 OK
Content-Type: application/json; charset=utf-8
cache-control: no-cache
content-length: 88

16:02:40.640 [AsyncHttpClient-1-11] DEBUG org.asynchttpclient.netty.channel.ChannelManager - Adding key: http://localhost:57816 for channel [id: 0x3df804a6, L:/127.0.0.1:60482 - R:localhost/127.0.0.1:57816]
16:02:40.648 [Forwarding getElementTagName on session b13d7cb7f4613c9832797058015596f4 to remote] DEBUG org.asynchttpclient.netty.request.NettyRequestSender - Using pooled Channel '[id: 0x3df804a6, L:/127.0.0.1:60482 - R:localhost/127.0.0.1:57816]' for 'GET' to 'http://localhost:57816/session/b13d7cb7f4613c9832797058015596f4/element/2015dee0-0bee-4b0e-ae79-2777d13fdf3c/name'
16:02:40.648 [Forwarding getElementTagName on session b13d7cb7f4613c9832797058015596f4 to remote] DEBUG org.asynchttpclient.netty.request.NettyRequestSender - Using open Channel [id: 0x3df804a6, L:/127.0.0.1:60482 - R:localhost/127.0.0.1:57816] for GET '/session/b13d7cb7f4613c9832797058015596f4/element/2015dee0-0bee-4b0e-ae79-2777d13fdf3c/name'
16:02:40.660 [AsyncHttpClient-1-11] DEBUG org.asynchttpclient.netty.handler.HttpHandler - 

Request DefaultFullHttpRequest(decodeResult: success, version: HTTP/1.1, content: EmptyByteBufBE)
GET /session/b13d7cb7f4613c9832797058015596f4/element/2015dee0-0bee-4b0e-ae79-2777d13fdf3c/name HTTP/1.1
User-Agent: selenium/4.1.2 (java windows)
Cache-Control: no-cache
Content-Type: application/json; charset=utf-8
host: localhost:57816
accept: */*

Response DefaultHttpResponse(decodeResult: success, version: HTTP/1.1)
HTTP/1.1 200 OK
Content-Type: application/json; charset=utf-8
cache-control: no-cache
content-length: 18

16:02:40.661 [AsyncHttpClient-1-11] DEBUG org.asynchttpclient.netty.channel.ChannelManager - Adding key: http://localhost:57816 for channel [id: 0x3df804a6, L:/127.0.0.1:60482 - R:localhost/127.0.0.1:57816]
16:02:40.661 [Forwarding getElementTagName on session b13d7cb7f4613c9832797058015596f4 to remote] DEBUG org.asynchttpclient.netty.request.NettyRequestSender - Using pooled Channel '[id: 0x3df804a6, L:/127.0.0.1:60482 - R:localhost/127.0.0.1:57816]' for 'GET' to 'http://localhost:57816/session/b13d7cb7f4613c9832797058015596f4/element/2015dee0-0bee-4b0e-ae79-2777d13fdf3c/name'
16:02:40.661 [Forwarding getElementTagName on session b13d7cb7f4613c9832797058015596f4 to remote] DEBUG org.asynchttpclient.netty.request.NettyRequestSender - Using open Channel [id: 0x3df804a6, L:/127.0.0.1:60482 - R:localhost/127.0.0.1:57816] for GET '/session/b13d7cb7f4613c9832797058015596f4/element/2015dee0-0bee-4b0e-ae79-2777d13fdf3c/name'
16:02:40.671 [AsyncHttpClient-1-11] DEBUG org.asynchttpclient.netty.handler.HttpHandler - 

Request DefaultFullHttpRequest(decodeResult: success, version: HTTP/1.1, content: EmptyByteBufBE)
GET /session/b13d7cb7f4613c9832797058015596f4/element/2015dee0-0bee-4b0e-ae79-2777d13fdf3c/name HTTP/1.1
User-Agent: selenium/4.1.2 (java windows)
Cache-Control: no-cache
Content-Type: application/json; charset=utf-8
host: localhost:57816
accept: */*

Response DefaultHttpResponse(decodeResult: success, version: HTTP/1.1)
HTTP/1.1 200 OK
Content-Type: application/json; charset=utf-8
cache-control: no-cache
content-length: 18

16:02:40.671 [AsyncHttpClient-1-11] DEBUG org.asynchttpclient.netty.channel.ChannelManager - Adding key: http://localhost:57816 for channel [id: 0x3df804a6, L:/127.0.0.1:60482 - R:localhost/127.0.0.1:57816]
16:02:40.679 [Forwarding isElementEnabled on session b13d7cb7f4613c9832797058015596f4 to remote] DEBUG org.asynchttpclient.netty.request.NettyRequestSender - Using pooled Channel '[id: 0x3df804a6, L:/127.0.0.1:60482 - R:localhost/127.0.0.1:57816]' for 'GET' to 'http://localhost:57816/session/b13d7cb7f4613c9832797058015596f4/element/2015dee0-0bee-4b0e-ae79-2777d13fdf3c/enabled'
16:02:40.679 [Forwarding isElementEnabled on session b13d7cb7f4613c9832797058015596f4 to remote] DEBUG org.asynchttpclient.netty.request.NettyRequestSender - Using open Channel [id: 0x3df804a6, L:/127.0.0.1:60482 - R:localhost/127.0.0.1:57816] for GET '/session/b13d7cb7f4613c9832797058015596f4/element/2015dee0-0bee-4b0e-ae79-2777d13fdf3c/enabled'
16:02:40.699 [AsyncHttpClient-1-11] DEBUG org.asynchttpclient.netty.handler.HttpHandler - 

Request DefaultFullHttpRequest(decodeResult: success, version: HTTP/1.1, content: EmptyByteBufBE)
GET /session/b13d7cb7f4613c9832797058015596f4/element/2015dee0-0bee-4b0e-ae79-2777d13fdf3c/enabled HTTP/1.1
User-Agent: selenium/4.1.2 (java windows)
Cache-Control: no-cache
Content-Type: application/json; charset=utf-8
host: localhost:57816
accept: */*

Response DefaultHttpResponse(decodeResult: success, version: HTTP/1.1)
HTTP/1.1 200 OK
Content-Type: application/json; charset=utf-8
cache-control: no-cache
content-length: 14

16:02:40.699 [AsyncHttpClient-1-11] DEBUG org.asynchttpclient.netty.channel.ChannelManager - Adding key: http://localhost:57816 for channel [id: 0x3df804a6, L:/127.0.0.1:60482 - R:localhost/127.0.0.1:57816]
16:02:40.699 [Forwarding isElementEnabled on session b13d7cb7f4613c9832797058015596f4 to remote] DEBUG org.asynchttpclient.netty.request.NettyRequestSender - Using pooled Channel '[id: 0x3df804a6, L:/127.0.0.1:60482 - R:localhost/127.0.0.1:57816]' for 'GET' to 'http://localhost:57816/session/b13d7cb7f4613c9832797058015596f4/element/2015dee0-0bee-4b0e-ae79-2777d13fdf3c/enabled'
16:02:40.699 [Forwarding isElementEnabled on session b13d7cb7f4613c9832797058015596f4 to remote] DEBUG org.asynchttpclient.netty.request.NettyRequestSender - Using open Channel [id: 0x3df804a6, L:/127.0.0.1:60482 - R:localhost/127.0.0.1:57816] for GET '/session/b13d7cb7f4613c9832797058015596f4/element/2015dee0-0bee-4b0e-ae79-2777d13fdf3c/enabled'
16:02:40.729 [AsyncHttpClient-1-11] DEBUG org.asynchttpclient.netty.handler.HttpHandler - 

Request DefaultFullHttpRequest(decodeResult: success, version: HTTP/1.1, content: EmptyByteBufBE)
GET /session/b13d7cb7f4613c9832797058015596f4/element/2015dee0-0bee-4b0e-ae79-2777d13fdf3c/enabled HTTP/1.1
User-Agent: selenium/4.1.2 (java windows)
Cache-Control: no-cache
Content-Type: application/json; charset=utf-8
host: localhost:57816
accept: */*

Response DefaultHttpResponse(decodeResult: success, version: HTTP/1.1)
HTTP/1.1 200 OK
Content-Type: application/json; charset=utf-8
cache-control: no-cache
content-length: 14

16:02:40.729 [AsyncHttpClient-1-11] DEBUG org.asynchttpclient.netty.channel.ChannelManager - Adding key: http://localhost:57816 for channel [id: 0x3df804a6, L:/127.0.0.1:60482 - R:localhost/127.0.0.1:57816]
16:02:40.737 [Forwarding findElement on session b13d7cb7f4613c9832797058015596f4 to remote] DEBUG org.asynchttpclient.netty.request.NettyRequestSender - Using pooled Channel '[id: 0x3df804a6, L:/127.0.0.1:60482 - R:localhost/127.0.0.1:57816]' for 'POST' to 'http://localhost:57816/session/b13d7cb7f4613c9832797058015596f4/element'
16:02:40.737 [Forwarding findElement on session b13d7cb7f4613c9832797058015596f4 to remote] DEBUG org.asynchttpclient.netty.request.NettyRequestSender - Using open Channel [id: 0x3df804a6, L:/127.0.0.1:60482 - R:localhost/127.0.0.1:57816] for POST '/session/b13d7cb7f4613c9832797058015596f4/element'
16:02:40.756 [AsyncHttpClient-1-11] DEBUG org.asynchttpclient.netty.handler.HttpHandler - 

Request DefaultHttpRequest(decodeResult: success, version: HTTP/1.1)
POST /session/b13d7cb7f4613c9832797058015596f4/element HTTP/1.1
User-Agent: selenium/4.1.2 (java windows)
Content-Length: 53
Content-Type: application/json; charset=utf-8
host: localhost:57816
accept: */*

Response DefaultHttpResponse(decodeResult: success, version: HTTP/1.1)
HTTP/1.1 200 OK
Content-Type: application/json; charset=utf-8
cache-control: no-cache
content-length: 88

16:02:40.756 [AsyncHttpClient-1-11] DEBUG org.asynchttpclient.netty.channel.ChannelManager - Adding key: http://localhost:57816 for channel [id: 0x3df804a6, L:/127.0.0.1:60482 - R:localhost/127.0.0.1:57816]
16:02:40.760 [Forwarding clickElement on session b13d7cb7f4613c9832797058015596f4 to remote] DEBUG org.asynchttpclient.netty.request.NettyRequestSender - Using pooled Channel '[id: 0x3df804a6, L:/127.0.0.1:60482 - R:localhost/127.0.0.1:57816]' for 'POST' to 'http://localhost:57816/session/b13d7cb7f4613c9832797058015596f4/element/2015dee0-0bee-4b0e-ae79-2777d13fdf3c/click'
16:02:40.760 [Forwarding clickElement on session b13d7cb7f4613c9832797058015596f4 to remote] DEBUG org.asynchttpclient.netty.request.NettyRequestSender - Using open Channel [id: 0x3df804a6, L:/127.0.0.1:60482 - R:localhost/127.0.0.1:57816] for POST '/session/b13d7cb7f4613c9832797058015596f4/element/2015dee0-0bee-4b0e-ae79-2777d13fdf3c/click'
16:02:40.877 [AsyncHttpClient-1-11] DEBUG org.asynchttpclient.netty.handler.HttpHandler - 

Request DefaultHttpRequest(decodeResult: success, version: HTTP/1.1)
POST /session/b13d7cb7f4613c9832797058015596f4/element/2015dee0-0bee-4b0e-ae79-2777d13fdf3c/click HTTP/1.1
User-Agent: selenium/4.1.2 (java windows)
Content-Length: 50
Content-Type: application/json; charset=utf-8
host: localhost:57816
accept: */*

Response DefaultHttpResponse(decodeResult: success, version: HTTP/1.1)
HTTP/1.1 200 OK
Content-Type: application/json; charset=utf-8
cache-control: no-cache
content-length: 14

16:02:40.877 [AsyncHttpClient-1-11] DEBUG org.asynchttpclient.netty.channel.ChannelManager - Adding key: http://localhost:57816 for channel [id: 0x3df804a6, L:/127.0.0.1:60482 - R:localhost/127.0.0.1:57816]
  &amp#27;[32mAnd &amp#27;[0m&amp#27;[32mi click continue button for login&amp#27;[0m  &amp#27;[90m# starter.stepdefinitions.loginSteps.iClickContinueButtonForLogin()&amp#27;[0m
16:02:40.896 [Forwarding screenshot on session b13d7cb7f4613c9832797058015596f4 to remote] DEBUG org.asynchttpclient.netty.request.NettyRequestSender - Using pooled Channel '[id: 0x3df804a6, L:/127.0.0.1:60482 - R:localhost/127.0.0.1:57816]' for 'GET' to 'http://localhost:57816/session/b13d7cb7f4613c9832797058015596f4/screenshot'
16:02:40.896 [Forwarding screenshot on session b13d7cb7f4613c9832797058015596f4 to remote] DEBUG org.asynchttpclient.netty.request.NettyRequestSender - Using open Channel [id: 0x3df804a6, L:/127.0.0.1:60482 - R:localhost/127.0.0.1:57816] for GET '/session/b13d7cb7f4613c9832797058015596f4/screenshot'
16:02:41.775 [AsyncHttpClient-1-1] DEBUG org.asynchttpclient.netty.channel.DefaultChannelPool - Entry count for : http://localhost:60483 : 1
16:02:41.812 [AsyncHttpClient-1-11] DEBUG org.asynchttpclient.netty.handler.HttpHandler - 

Request DefaultFullHttpRequest(decodeResult: success, version: HTTP/1.1, content: EmptyByteBufBE)
GET /session/b13d7cb7f4613c9832797058015596f4/screenshot HTTP/1.1
User-Agent: selenium/4.1.2 (java windows)
Cache-Control: no-cache
Content-Type: application/json; charset=utf-8
host: localhost:57816
accept: */*

Response DefaultHttpResponse(decodeResult: success, version: HTTP/1.1)
HTTP/1.1 200 OK
Content-Type: application/json; charset=utf-8
cache-control: no-cache
content-length: 131164

16:02:41.812 [AsyncHttpClient-1-11] DEBUG org.asynchttpclient.netty.channel.ChannelManager - Adding key: http://localhost:57816 for channel [id: 0x3df804a6, L:/127.0.0.1:60482 - R:localhost/127.0.0.1:57816]
16:02:41.833 [main] DEBUG net.serenitybdd.core.photography.Darkroom - Send negative for processing for target\site\serenity\cf6d9ac2da506afbb08c9fdffd147bc6b55d2e1c829c9583c295a94bb559c85d.png
16:02:41.833 [Darkroom Processing Line] DEBUG net.serenitybdd.core.photography.DarkroomProcessingLine - Processing screenshot image in /var/screenshots/screenshot-17891130838856119558
16:02:41.839 [Darkroom Processing Line] DEBUG net.serenitybdd.core.photography.DarkroomProcessingLine - Saving screenshot to target\site\serenity\cf6d9ac2da506afbb08c9fdffd147bc6b55d2e1c829c9583c295a94bb559c85d.png
16:02:42.053 [Forwarding screenshot on session b13d7cb7f4613c9832797058015596f4 to remote] DEBUG org.asynchttpclient.netty.request.NettyRequestSender - Using pooled Channel '[id: 0x3df804a6, L:/127.0.0.1:60482 - R:localhost/127.0.0.1:57816]' for 'GET' to 'http://localhost:57816/session/b13d7cb7f4613c9832797058015596f4/screenshot'
16:02:42.053 [Forwarding screenshot on session b13d7cb7f4613c9832797058015596f4 to remote] DEBUG org.asynchttpclient.netty.request.NettyRequestSender - Using open Channel [id: 0x3df804a6, L:/127.0.0.1:60482 - R:localhost/127.0.0.1:57816] for GET '/session/b13d7cb7f4613c9832797058015596f4/screenshot'
16:02:42.505 [AsyncHttpClient-1-11] DEBUG org.asynchttpclient.netty.handler.HttpHandler - 

Request DefaultFullHttpRequest(decodeResult: success, version: HTTP/1.1, content: EmptyByteBufBE)
GET /session/b13d7cb7f4613c9832797058015596f4/screenshot HTTP/1.1
User-Agent: selenium/4.1.2 (java windows)
Cache-Control: no-cache
Content-Type: application/json; charset=utf-8
host: localhost:57816
accept: */*

Response DefaultHttpResponse(decodeResult: success, version: HTTP/1.1)
HTTP/1.1 200 OK
Content-Type: application/json; charset=utf-8
cache-control: no-cache
content-length: 130984

16:02:42.505 [AsyncHttpClient-1-11] DEBUG org.asynchttpclient.netty.channel.ChannelManager - Adding key: http://localhost:57816 for channel [id: 0x3df804a6, L:/127.0.0.1:60482 - R:localhost/127.0.0.1:57816]
16:02:42.510 [main] DEBUG net.serenitybdd.core.photography.Darkroom - Send negative for processing for target\site\serenity\f2ab35f5042319761386ce9e03b23822d70d269908ec9761d990a39fc698a832.png
16:02:42.510 [Darkroom Processing Line] DEBUG net.serenitybdd.core.photography.DarkroomProcessingLine - Processing screenshot image in /var/screenshots/screenshot-8462850354257603211
16:02:42.510 [Darkroom Processing Line] DEBUG net.serenitybdd.core.photography.DarkroomProcessingLine - Saving screenshot to target\site\serenity\f2ab35f5042319761386ce9e03b23822d70d269908ec9761d990a39fc698a832.png
16:02:42.521 [Forwarding findElement on session b13d7cb7f4613c9832797058015596f4 to remote] DEBUG org.asynchttpclient.netty.request.NettyRequestSender - Using pooled Channel '[id: 0x3df804a6, L:/127.0.0.1:60482 - R:localhost/127.0.0.1:57816]' for 'POST' to 'http://localhost:57816/session/b13d7cb7f4613c9832797058015596f4/element'
16:02:42.521 [Forwarding findElement on session b13d7cb7f4613c9832797058015596f4 to remote] DEBUG org.asynchttpclient.netty.request.NettyRequestSender - Using open Channel [id: 0x3df804a6, L:/127.0.0.1:60482 - R:localhost/127.0.0.1:57816] for POST '/session/b13d7cb7f4613c9832797058015596f4/element'
16:02:42.541 [AsyncHttpClient-1-11] DEBUG org.asynchttpclient.netty.handler.HttpHandler - 

Request DefaultHttpRequest(decodeResult: success, version: HTTP/1.1)
POST /session/b13d7cb7f4613c9832797058015596f4/element HTTP/1.1
User-Agent: selenium/4.1.2 (java windows)
Content-Length: 69
Content-Type: application/json; charset=utf-8
host: localhost:57816
accept: */*

Response DefaultHttpResponse(decodeResult: success, version: HTTP/1.1)
HTTP/1.1 200 OK
Content-Type: application/json; charset=utf-8
cache-control: no-cache
content-length: 88

16:02:42.541 [AsyncHttpClient-1-11] DEBUG org.asynchttpclient.netty.channel.ChannelManager - Adding key: http://localhost:57816 for channel [id: 0x3df804a6, L:/127.0.0.1:60482 - R:localhost/127.0.0.1:57816]
16:02:42.546 [Forwarding isElementDisplayed on session b13d7cb7f4613c9832797058015596f4 to remote] DEBUG org.asynchttpclient.netty.request.NettyRequestSender - Using pooled Channel '[id: 0x3df804a6, L:/127.0.0.1:60482 - R:localhost/127.0.0.1:57816]' for 'POST' to 'http://localhost:57816/session/b13d7cb7f4613c9832797058015596f4/execute/sync'
16:02:42.546 [Forwarding isElementDisplayed on session b13d7cb7f4613c9832797058015596f4 to remote] DEBUG org.asynchttpclient.netty.request.NettyRequestSender - Using open Channel [id: 0x3df804a6, L:/127.0.0.1:60482 - R:localhost/127.0.0.1:57816] for POST '/session/b13d7cb7f4613c9832797058015596f4/execute/sync'
16:02:42.577 [AsyncHttpClient-1-11] DEBUG org.asynchttpclient.netty.handler.HttpHandler - 

Request DefaultHttpRequest(decodeResult: success, version: HTTP/1.1)
POST /session/b13d7cb7f4613c9832797058015596f4/execute/sync HTTP/1.1
User-Agent: selenium/4.1.2 (java windows)
Content-Length: 48780
Content-Type: application/json; charset=utf-8
host: localhost:57816
accept: */*

Response DefaultHttpResponse(decodeResult: success, version: HTTP/1.1)
HTTP/1.1 200 OK
Content-Type: application/json; charset=utf-8
cache-control: no-cache
content-length: 14

16:02:42.577 [AsyncHttpClient-1-11] DEBUG org.asynchttpclient.netty.channel.ChannelManager - Adding key: http://localhost:57816 for channel [id: 0x3df804a6, L:/127.0.0.1:60482 - R:localhost/127.0.0.1:57816]
  &amp#27;[32mThen &amp#27;[0m&amp#27;[32mi get my &amp#27;[0m&amp#27;[32m&amp#27;[1m"login page"&amp#27;[0m&amp#27;[32m after login&amp#27;[0m &amp#27;[90m# starter.stepdefinitions.loginSteps.iGetMyAfterLogin(java.lang.String)&amp#27;[0m
16:02:42.585 [Forwarding screenshot on session b13d7cb7f4613c9832797058015596f4 to remote] DEBUG org.asynchttpclient.netty.request.NettyRequestSender - Using pooled Channel '[id: 0x3df804a6, L:/127.0.0.1:60482 - R:localhost/127.0.0.1:57816]' for 'GET' to 'http://localhost:57816/session/b13d7cb7f4613c9832797058015596f4/screenshot'
16:02:42.585 [Forwarding screenshot on session b13d7cb7f4613c9832797058015596f4 to remote] DEBUG org.asynchttpclient.netty.request.NettyRequestSender - Using open Channel [id: 0x3df804a6, L:/127.0.0.1:60482 - R:localhost/127.0.0.1:57816] for GET '/session/b13d7cb7f4613c9832797058015596f4/screenshot'
16:02:42.828 [AsyncHttpClient-1-1] DEBUG org.asynchttpclient.netty.channel.DefaultChannelPool - Entry count for : http://localhost:60483 : 1
16:02:42.927 [AsyncHttpClient-1-11] DEBUG org.asynchttpclient.netty.handler.HttpHandler - 

Request DefaultFullHttpRequest(decodeResult: success, version: HTTP/1.1, content: EmptyByteBufBE)
GET /session/b13d7cb7f4613c9832797058015596f4/screenshot HTTP/1.1
User-Agent: selenium/4.1.2 (java windows)
Cache-Control: no-cache
Content-Type: application/json; charset=utf-8
host: localhost:57816
accept: */*

Response DefaultHttpResponse(decodeResult: success, version: HTTP/1.1)
HTTP/1.1 200 OK
Content-Type: application/json; charset=utf-8
cache-control: no-cache
content-length: 130984

16:02:42.927 [AsyncHttpClient-1-11] DEBUG org.asynchttpclient.netty.channel.ChannelManager - Adding key: http://localhost:57816 for channel [id: 0x3df804a6, L:/127.0.0.1:60482 - R:localhost/127.0.0.1:57816]
16:02:42.930 [main] DEBUG net.serenitybdd.core.photography.Darkroom - Send negative for processing for target\site\serenity\b80cbe02b3d162ac8a840cec8b3628b0eb11082818ae9cbe0cd16db84e1beb75.png
16:02:42.930 [Darkroom Processing Line] DEBUG net.serenitybdd.core.photography.DarkroomProcessingLine - Processing screenshot image in /var/screenshots/screenshot-14855429130620820060
16:02:42.930 [Darkroom Processing Line] DEBUG net.serenitybdd.core.photography.DarkroomProcessingLine - Saving screenshot to target\site\serenity\b80cbe02b3d162ac8a840cec8b3628b0eb11082818ae9cbe0cd16db84e1beb75.png
16:02:42.948 [AsyncHttpClient-1-13] DEBUG org.asynchttpclient.netty.handler.WebSocketHandler - Channel Closed: [id: 0x8af60215, L:/127.0.0.1:60492 ! R:localhost/127.0.0.1:60483] with attribute NettyResponseFuture{currentRetry=5,
	isDone=1,
	isCancelled=0,
	asyncHandler=org.asynchttpclient.ws.WebSocketUpgradeHandler@60448c52,
	nettyRequest=org.asynchttpclient.netty.request.NettyRequest@25461e3e,
	future=java.util.concurrent.CompletableFuture@284e7843[Completed normally],
	uri=ws://localhost:60483/devtools/browser/0c659af0-b615-42b1-8422-1fb2416f8950,
	keepAlive=true,
	redirectCount=0,
	timeoutsHolder=null,
	inAuth=0,
	touch=1658480553155}
16:02:42.948 [AsyncHttpClient-1-13] DEBUG org.asynchttpclient.netty.channel.ChannelManager - Closing Channel [id: 0x8af60215, L:/127.0.0.1:60492 ! R:localhost/127.0.0.1:60483] 
16:02:42.948 [Driver Command Executor] DEBUG org.asynchttpclient.netty.request.NettyRequestSender - Using pooled Channel '[id: 0x3df804a6, L:/127.0.0.1:60482 - R:localhost/127.0.0.1:57816]' for 'DELETE' to 'http://localhost:57816/session/b13d7cb7f4613c9832797058015596f4'
16:02:42.948 [Driver Command Executor] DEBUG org.asynchttpclient.netty.request.NettyRequestSender - Using open Channel [id: 0x3df804a6, L:/127.0.0.1:60482 - R:localhost/127.0.0.1:57816] for DELETE '/session/b13d7cb7f4613c9832797058015596f4'
16:02:43.090 [AsyncHttpClient-1-12] DEBUG org.asynchttpclient.netty.handler.HttpHandler - Unexpected I/O exception on channel [id: 0x4370398f, L:/127.0.0.1:60491 - R:localhost/127.0.0.1:60483]
java.net.SocketException: Connection reset
	at java.base/sun.nio.ch.SocketChannelImpl.throwConnectionReset(SocketChannelImpl.java:367)
	at java.base/sun.nio.ch.SocketChannelImpl.read(SocketChannelImpl.java:398)
	at io.netty.buffer.PooledByteBuf.setBytes(PooledByteBuf.java:258)
	at io.netty.buffer.AbstractByteBuf.writeBytes(AbstractByteBuf.java:1132)
	at io.netty.channel.socket.nio.NioSocketChannel.doReadBytes(NioSocketChannel.java:350)
	at io.netty.channel.nio.AbstractNioByteChannel$NioByteUnsafe.read(AbstractNioByteChannel.java:151)
	at io.netty.channel.nio.NioEventLoop.processSelectedKey(NioEventLoop.java:722)
	at io.netty.channel.nio.NioEventLoop.processSelectedKeysOptimized(NioEventLoop.java:658)
	at io.netty.channel.nio.NioEventLoop.processSelectedKeys(NioEventLoop.java:584)
	at io.netty.channel.nio.NioEventLoop.run(NioEventLoop.java:496)
	at io.netty.util.concurrent.SingleThreadEventExecutor$4.run(SingleThreadEventExecutor.java:986)
	at io.netty.util.internal.ThreadExecutorMap$2.run(ThreadExecutorMap.java:74)
	at io.netty.util.concurrent.FastThreadLocalRunnable.run(FastThreadLocalRunnable.java:30)
	at java.base/java.lang.Thread.run(Thread.java:832)
16:02:43.090 [AsyncHttpClient-1-12] DEBUG org.asynchttpclient.netty.channel.ChannelManager - Closing Channel [id: 0x4370398f, L:/127.0.0.1:60491 - R:localhost/127.0.0.1:60483] 
16:02:43.090 [AsyncHttpClient-1-12] DEBUG org.asynchttpclient.netty.handler.HttpHandler - Channel Closed: [id: 0x4370398f, L:/127.0.0.1:60491 ! R:localhost/127.0.0.1:60483] with attribute DISCARD
16:02:43.211 [AsyncHttpClient-1-11] DEBUG org.asynchttpclient.netty.handler.HttpHandler - 

Request DefaultFullHttpRequest(decodeResult: success, version: HTTP/1.1, content: EmptyByteBufBE)
DELETE /session/b13d7cb7f4613c9832797058015596f4 HTTP/1.1
User-Agent: selenium/4.1.2 (java windows)
Content-Type: application/json; charset=utf-8
host: localhost:57816
accept: */*

Response DefaultHttpResponse(decodeResult: success, version: HTTP/1.1)
HTTP/1.1 200 OK
Content-Type: application/json; charset=utf-8
cache-control: no-cache
content-length: 14

16:02:43.219 [AsyncHttpClient-1-11] DEBUG org.asynchttpclient.netty.channel.ChannelManager - Adding key: http://localhost:57816 for channel [id: 0x3df804a6, L:/127.0.0.1:60482 - R:localhost/127.0.0.1:57816]
16:02:43.369 [AsyncHttpClient-1-11] DEBUG org.asynchttpclient.netty.handler.HttpHandler - Channel Closed: [id: 0x3df804a6, L:/127.0.0.1:60482 ! R:localhost/127.0.0.1:57816] with attribute DISCARD
]]></system-out>
    <system-err><![CDATA[Starting ChromeDriver 102.0.5005.61 (0e59bcc00cc4985ce39ad31c150065f159d95ad3-refs/branch-heads/5005@{#819}) on port 57816
Only local connections are allowed.
Please see https://chromedriver.chromium.org/security-considerations for suggestions on keeping ChromeDriver safe.
ChromeDriver was started successfully.
[1658480552.742][WARNING]: This version of ChromeDriver has not been tested with Chrome version 103.
Jul 22, 2022 4:02:33 PM org.openqa.selenium.remote.ProtocolHandshake createSession
INFO: Detected dialect: W3C
Jul 22, 2022 4:02:33 PM org.openqa.selenium.devtools.CdpVersionFinder findNearestMatch
WARNING: Unable to find an exact match for CDP version 103, so returning the closest version found: a no-op implementation
Jul 22, 2022 4:02:33 PM org.openqa.selenium.devtools.CdpVersionFinder findNearestMatch
INFO: Unable to find CDP implementation matching 103.
Jul 22, 2022 4:02:33 PM org.openqa.selenium.chromium.ChromiumDriver lambda$new$3
WARNING: Unable to find version of CDP to use for . You may need to include a dependency on a specific version of the CDP using something similar to `org.seleniumhq.selenium:selenium-devtools-v86:4.1.2` where the version ("v86") matches the version of the chromium-based browser you're using and the version number of the artifact is the same as Selenium's.
]]></system-err>
  </testcase>
  <testcase name="Login scenario #5" classname="Login" time="17.299">
    <system-out><![CDATA[
@login
Scenario Outline: Login scenario                                 &amp#27;[90m# src/test/resources/features/logins.feature:22&amp#27;[0m
16:02:43.907 [main] INFO io.cucumber.core.plugin.SerenityReporter - Running feature from file:///D:/PERKULIAHAN/Semester%206,Hebatt%20glad!/QE-FGD/Automation-test-Website%20-%20Copy/src/test/resources/features/logins.feature
16:02:43.922 [AsyncHttpClient-1-1] DEBUG org.asynchttpclient.netty.channel.DefaultChannelPool - Entry count for : http://localhost:57816 : 1
16:02:43.922 [AsyncHttpClient-1-1] DEBUG org.asynchttpclient.netty.channel.DefaultChannelPool - Entry count for : http://localhost:60483 : 1
16:02:43.922 [AsyncHttpClient-1-1] DEBUG org.asynchttpclient.netty.channel.DefaultChannelPool - Adding Candidate expired Channel [id: 0x3df804a6, L:/127.0.0.1:60482 ! R:localhost/127.0.0.1:57816] isIdleTimeoutExpired=false isRemotelyClosed=true isTtlExpired=false
16:02:43.922 [AsyncHttpClient-1-1] DEBUG org.asynchttpclient.netty.channel.DefaultChannelPool - Closing Idle Channel [id: 0x3df804a6, L:/127.0.0.1:60482 ! R:localhost/127.0.0.1:57816]
16:02:43.922 [AsyncHttpClient-1-1] DEBUG org.asynchttpclient.netty.channel.DefaultChannelPool - Adding Candidate expired Channel [id: 0x4370398f, L:/127.0.0.1:60491 ! R:localhost/127.0.0.1:60483] isIdleTimeoutExpired=false isRemotelyClosed=true isTtlExpired=false
16:02:43.922 [AsyncHttpClient-1-1] DEBUG org.asynchttpclient.netty.channel.DefaultChannelPool - Closing Idle Channel [id: 0x4370398f, L:/127.0.0.1:60491 ! R:localhost/127.0.0.1:60483]
16:02:43.922 [AsyncHttpClient-1-1] DEBUG org.asynchttpclient.netty.channel.DefaultChannelPool - Closed 2 connections out of 2 in 0 ms
16:02:43.922 [main] INFO net.serenitybdd.core.webdriver.driverproviders.ChromeDriverProvider - Using automatically driver download
16:02:44.091 [main] DEBUG io.github.bonigarcia.wdm.cache.ResolutionCache - Resolution chrome=103 in cache (valid until 16:34:03 22/07/2022 WIB)
16:02:44.099 [main] DEBUG io.github.bonigarcia.wdm.cache.ResolutionCache - Resolution chrome103=103.0.5060.134 in cache (valid until 17:00:36 22/07/2022 WIB)
16:02:44.109 [main] INFO io.github.bonigarcia.wdm.WebDriverManager - Using chromedriver 103.0.5060.134 (resolved driver for Chrome 103)
16:02:44.130 [main] DEBUG io.github.bonigarcia.wdm.WebDriverManager - Driver chromedriver 103.0.5060.134 found in cache
16:02:44.140 [main] INFO io.github.bonigarcia.wdm.WebDriverManager - Exporting webdriver.chrome.driver as C:\Users\ASUS\.cache\selenium\chromedriver\win32\103.0.5060.134\chromedriver.exe
16:02:44.302 [main] DEBUG net.serenitybdd.core.webdriver.driverproviders.ProvideNewDriver - Instantiating driver
16:02:44.302 [main] DEBUG net.serenitybdd.core.webdriver.driverproviders.ProvideNewDriver - Driver capabilities: Capabilities {acceptInsecureCerts: false, base.url: https://found-capstone20.ne..., browserName: chrome, chrome.driver: src/test/resources/webdrive..., driver: chrome, goog:chromeOptions: {args: [], extensions: []}}
16:02:44.867 [AsyncHttpClient-1-14] DEBUG org.asynchttpclient.netty.channel.NettyConnectListener - Using new Channel '[id: 0x2a8106c2, L:/127.0.0.1:60510 - R:localhost/127.0.0.1:61146]' for 'POST' to '/session'
16:02:46.143 [AsyncHttpClient-1-14] DEBUG org.asynchttpclient.netty.handler.HttpHandler - 

Request DefaultHttpRequest(decodeResult: success, version: HTTP/1.1)
POST /session HTTP/1.1
User-Agent: selenium/4.1.2 (java windows)
Content-Length: 623
Content-Type: application/json; charset=utf-8
host: localhost:61146
accept: */*

Response DefaultHttpResponse(decodeResult: success, version: HTTP/1.1)
HTTP/1.1 200 OK
Content-Type: application/json; charset=utf-8
cache-control: no-cache
content-length: 790

16:02:46.143 [AsyncHttpClient-1-14] DEBUG org.asynchttpclient.netty.channel.ChannelManager - Adding key: http://localhost:61146 for channel [id: 0x2a8106c2, L:/127.0.0.1:60510 - R:localhost/127.0.0.1:61146]
16:02:46.146 [AsyncHttpClient-1-1] DEBUG org.asynchttpclient.netty.channel.DefaultChannelPool - Entry count for : http://localhost:61146 : 1
16:02:46.182 [AsyncHttpClient-1-15] DEBUG org.asynchttpclient.netty.channel.NettyConnectListener - Using new Channel '[id: 0x4b5c02a6, L:/127.0.0.1:60519 - R:localhost/127.0.0.1:60511]' for 'GET' to '/json/version'
16:02:46.212 [AsyncHttpClient-1-15] DEBUG org.asynchttpclient.netty.handler.HttpHandler - 

Request DefaultFullHttpRequest(decodeResult: success, version: HTTP/1.1, content: EmptyByteBufBE)
GET /json/version HTTP/1.1
User-Agent: selenium/4.1.2 (java windows)
host: localhost:60511
accept: */*

Response DefaultHttpResponse(decodeResult: success, version: HTTP/1.1)
HTTP/1.1 200 OK
Content-Type: application/json; charset=UTF-8
content-length: 429

16:02:46.213 [AsyncHttpClient-1-15] DEBUG org.asynchttpclient.netty.channel.ChannelManager - Adding key: http://localhost:60511 for channel [id: 0x4b5c02a6, L:/127.0.0.1:60519 - R:localhost/127.0.0.1:60511]
16:02:46.235 [AsyncHttpClient-1-16] DEBUG org.asynchttpclient.netty.channel.NettyConnectListener - Using new Channel '[id: 0x6c464a82, L:/127.0.0.1:60520 - R:localhost/127.0.0.1:60511]' for 'GET' to '/devtools/browser/9e648a0c-0f24-4f35-9917-dceaf250cf50'
16:02:46.250 [AsyncHttpClient-1-16] DEBUG org.asynchttpclient.netty.handler.WebSocketHandler - 

Request DefaultFullHttpRequest(decodeResult: success, version: HTTP/1.1, content: EmptyByteBufBE)
GET /devtools/browser/9e648a0c-0f24-4f35-9917-dceaf250cf50 HTTP/1.1
upgrade: websocket
connection: upgrade
sec-websocket-key: ZmE25pTlzm13EIMu188ruQ==
sec-websocket-version: 13
origin: http://localhost:60511
host: localhost:60511
accept: */*
user-agent: AHC/2.1

Response DefaultHttpResponse(decodeResult: success, version: HTTP/1.1)
HTTP/1.1 101 WebSocket Protocol Handshake
Upgrade: WebSocket
Connection: Upgrade
Sec-WebSocket-Accept: v6e3knoKgCpLVLC4Uy7e9FpTlTI=

16:02:46.266 [Forwarding maximizeCurrentWindow on session f74b9fd885cabd2274e3d9b0892a79dd to remote] DEBUG org.asynchttpclient.netty.request.NettyRequestSender - Using pooled Channel '[id: 0x2a8106c2, L:/127.0.0.1:60510 - R:localhost/127.0.0.1:61146]' for 'POST' to 'http://localhost:61146/session/f74b9fd885cabd2274e3d9b0892a79dd/window/maximize'
16:02:46.266 [Forwarding maximizeCurrentWindow on session f74b9fd885cabd2274e3d9b0892a79dd to remote] DEBUG org.asynchttpclient.netty.request.NettyRequestSender - Using open Channel [id: 0x2a8106c2, L:/127.0.0.1:60510 - R:localhost/127.0.0.1:61146] for POST '/session/f74b9fd885cabd2274e3d9b0892a79dd/window/maximize'
16:02:46.421 [AsyncHttpClient-1-14] DEBUG org.asynchttpclient.netty.handler.HttpHandler - 

Request DefaultHttpRequest(decodeResult: success, version: HTTP/1.1)
POST /session/f74b9fd885cabd2274e3d9b0892a79dd/window/maximize HTTP/1.1
User-Agent: selenium/4.1.2 (java windows)
Content-Length: 3
Content-Type: application/json; charset=utf-8
host: localhost:61146
accept: */*

Response DefaultHttpResponse(decodeResult: success, version: HTTP/1.1)
HTTP/1.1 200 OK
Content-Type: application/json; charset=utf-8
cache-control: no-cache
content-length: 51

16:02:46.421 [AsyncHttpClient-1-14] DEBUG org.asynchttpclient.netty.channel.ChannelManager - Adding key: http://localhost:61146 for channel [id: 0x2a8106c2, L:/127.0.0.1:60510 - R:localhost/127.0.0.1:61146]
16:02:46.430 [Forwarding get on session f74b9fd885cabd2274e3d9b0892a79dd to remote] DEBUG org.asynchttpclient.netty.request.NettyRequestSender - Using pooled Channel '[id: 0x2a8106c2, L:/127.0.0.1:60510 - R:localhost/127.0.0.1:61146]' for 'POST' to 'http://localhost:61146/session/f74b9fd885cabd2274e3d9b0892a79dd/url'
16:02:46.430 [Forwarding get on session f74b9fd885cabd2274e3d9b0892a79dd to remote] DEBUG org.asynchttpclient.netty.request.NettyRequestSender - Using open Channel [id: 0x2a8106c2, L:/127.0.0.1:60510 - R:localhost/127.0.0.1:61146] for POST '/session/f74b9fd885cabd2274e3d9b0892a79dd/url'
16:02:47.239 [AsyncHttpClient-1-1] DEBUG org.asynchttpclient.netty.channel.DefaultChannelPool - Entry count for : http://localhost:60511 : 1
16:02:48.330 [AsyncHttpClient-1-1] DEBUG org.asynchttpclient.netty.channel.DefaultChannelPool - Entry count for : http://localhost:60511 : 1
16:02:49.439 [AsyncHttpClient-1-1] DEBUG org.asynchttpclient.netty.channel.DefaultChannelPool - Entry count for : http://localhost:60511 : 1
16:02:50.538 [AsyncHttpClient-1-1] DEBUG org.asynchttpclient.netty.channel.DefaultChannelPool - Entry count for : http://localhost:60511 : 1
16:02:51.622 [AsyncHttpClient-1-1] DEBUG org.asynchttpclient.netty.channel.DefaultChannelPool - Entry count for : http://localhost:60511 : 1
16:02:52.744 [AsyncHttpClient-1-1] DEBUG org.asynchttpclient.netty.channel.DefaultChannelPool - Entry count for : http://localhost:60511 : 1
16:02:53.913 [AsyncHttpClient-1-1] DEBUG org.asynchttpclient.netty.channel.DefaultChannelPool - Entry count for : http://localhost:60511 : 1
16:02:54.582 [AsyncHttpClient-1-14] DEBUG org.asynchttpclient.netty.handler.HttpHandler - 

Request DefaultHttpRequest(decodeResult: success, version: HTTP/1.1)
POST /session/f74b9fd885cabd2274e3d9b0892a79dd/url HTTP/1.1
User-Agent: selenium/4.1.2 (java windows)
Content-Length: 67
Content-Type: application/json; charset=utf-8
host: localhost:61146
accept: */*

Response DefaultHttpResponse(decodeResult: success, version: HTTP/1.1)
HTTP/1.1 200 OK
Content-Type: application/json; charset=utf-8
cache-control: no-cache
content-length: 14

16:02:54.584 [AsyncHttpClient-1-14] DEBUG org.asynchttpclient.netty.channel.ChannelManager - Adding key: http://localhost:61146 for channel [id: 0x2a8106c2, L:/127.0.0.1:60510 - R:localhost/127.0.0.1:61146]
16:02:54.592 [Forwarding setTimeout on session f74b9fd885cabd2274e3d9b0892a79dd to remote] DEBUG org.asynchttpclient.netty.request.NettyRequestSender - Using pooled Channel '[id: 0x2a8106c2, L:/127.0.0.1:60510 - R:localhost/127.0.0.1:61146]' for 'POST' to 'http://localhost:61146/session/f74b9fd885cabd2274e3d9b0892a79dd/timeouts'
16:02:54.592 [Forwarding setTimeout on session f74b9fd885cabd2274e3d9b0892a79dd to remote] DEBUG org.asynchttpclient.netty.request.NettyRequestSender - Using open Channel [id: 0x2a8106c2, L:/127.0.0.1:60510 - R:localhost/127.0.0.1:61146] for POST '/session/f74b9fd885cabd2274e3d9b0892a79dd/timeouts'
16:02:54.604 [AsyncHttpClient-1-14] DEBUG org.asynchttpclient.netty.handler.HttpHandler - 

Request DefaultHttpRequest(decodeResult: success, version: HTTP/1.1)
POST /session/f74b9fd885cabd2274e3d9b0892a79dd/timeouts HTTP/1.1
User-Agent: selenium/4.1.2 (java windows)
Content-Length: 22
Content-Type: application/json; charset=utf-8
host: localhost:61146
accept: */*

Response DefaultHttpResponse(decodeResult: success, version: HTTP/1.1)
HTTP/1.1 200 OK
Content-Type: application/json; charset=utf-8
cache-control: no-cache
content-length: 14

16:02:54.604 [AsyncHttpClient-1-14] DEBUG org.asynchttpclient.netty.channel.ChannelManager - Adding key: http://localhost:61146 for channel [id: 0x2a8106c2, L:/127.0.0.1:60510 - R:localhost/127.0.0.1:61146]
16:02:54.612 [Forwarding getCurrentUrl on session f74b9fd885cabd2274e3d9b0892a79dd to remote] DEBUG org.asynchttpclient.netty.request.NettyRequestSender - Using pooled Channel '[id: 0x2a8106c2, L:/127.0.0.1:60510 - R:localhost/127.0.0.1:61146]' for 'GET' to 'http://localhost:61146/session/f74b9fd885cabd2274e3d9b0892a79dd/url'
16:02:54.612 [Forwarding getCurrentUrl on session f74b9fd885cabd2274e3d9b0892a79dd to remote] DEBUG org.asynchttpclient.netty.request.NettyRequestSender - Using open Channel [id: 0x2a8106c2, L:/127.0.0.1:60510 - R:localhost/127.0.0.1:61146] for GET '/session/f74b9fd885cabd2274e3d9b0892a79dd/url'
16:02:54.797 [AsyncHttpClient-1-14] DEBUG org.asynchttpclient.netty.handler.HttpHandler - 

Request DefaultFullHttpRequest(decodeResult: success, version: HTTP/1.1, content: EmptyByteBufBE)
GET /session/f74b9fd885cabd2274e3d9b0892a79dd/url HTTP/1.1
User-Agent: selenium/4.1.2 (java windows)
Cache-Control: no-cache
Content-Type: application/json; charset=utf-8
host: localhost:61146
accept: */*

Response DefaultHttpResponse(decodeResult: success, version: HTTP/1.1)
HTTP/1.1 200 OK
Content-Type: application/json; charset=utf-8
cache-control: no-cache
content-length: 49

16:02:54.797 [AsyncHttpClient-1-14] DEBUG org.asynchttpclient.netty.channel.ChannelManager - Adding key: http://localhost:61146 for channel [id: 0x2a8106c2, L:/127.0.0.1:60510 - R:localhost/127.0.0.1:61146]
  &amp#27;[32mGiven &amp#27;[0m&amp#27;[32mi have registered&amp#27;[0m                                        &amp#27;[90m# starter.stepdefinitions.loginSteps.iHaveRegistered()&amp#27;[0m
16:02:54.826 [Forwarding screenshot on session f74b9fd885cabd2274e3d9b0892a79dd to remote] DEBUG org.asynchttpclient.netty.request.NettyRequestSender - Using pooled Channel '[id: 0x2a8106c2, L:/127.0.0.1:60510 - R:localhost/127.0.0.1:61146]' for 'GET' to 'http://localhost:61146/session/f74b9fd885cabd2274e3d9b0892a79dd/screenshot'
16:02:54.826 [Forwarding screenshot on session f74b9fd885cabd2274e3d9b0892a79dd to remote] DEBUG org.asynchttpclient.netty.request.NettyRequestSender - Using open Channel [id: 0x2a8106c2, L:/127.0.0.1:60510 - R:localhost/127.0.0.1:61146] for GET '/session/f74b9fd885cabd2274e3d9b0892a79dd/screenshot'
16:02:54.941 [AsyncHttpClient-1-1] DEBUG org.asynchttpclient.netty.channel.DefaultChannelPool - Entry count for : http://localhost:60511 : 1
16:02:56.034 [AsyncHttpClient-1-1] DEBUG org.asynchttpclient.netty.channel.DefaultChannelPool - Entry count for : http://localhost:60511 : 1
16:02:56.181 [AsyncHttpClient-1-14] DEBUG org.asynchttpclient.netty.handler.HttpHandler - 

Request DefaultFullHttpRequest(decodeResult: success, version: HTTP/1.1, content: EmptyByteBufBE)
GET /session/f74b9fd885cabd2274e3d9b0892a79dd/screenshot HTTP/1.1
User-Agent: selenium/4.1.2 (java windows)
Cache-Control: no-cache
Content-Type: application/json; charset=utf-8
host: localhost:61146
accept: */*

Response DefaultHttpResponse(decodeResult: success, version: HTTP/1.1)
HTTP/1.1 200 OK
Content-Type: application/json; charset=utf-8
cache-control: no-cache
content-length: 354376

16:02:56.193 [AsyncHttpClient-1-14] DEBUG org.asynchttpclient.netty.channel.ChannelManager - Adding key: http://localhost:61146 for channel [id: 0x2a8106c2, L:/127.0.0.1:60510 - R:localhost/127.0.0.1:61146]
16:02:56.221 [main] DEBUG net.serenitybdd.core.photography.Darkroom - Send negative for processing for target\site\serenity\4660354df54a12fcd895682f5709ada0fe64cb7be35e163b54bdc9c5bb06ca8f.png
16:02:56.246 [Forwarding findElement on session f74b9fd885cabd2274e3d9b0892a79dd to remote] DEBUG org.asynchttpclient.netty.request.NettyRequestSender - Using pooled Channel '[id: 0x2a8106c2, L:/127.0.0.1:60510 - R:localhost/127.0.0.1:61146]' for 'POST' to 'http://localhost:61146/session/f74b9fd885cabd2274e3d9b0892a79dd/element'
16:02:56.246 [Forwarding findElement on session f74b9fd885cabd2274e3d9b0892a79dd to remote] DEBUG org.asynchttpclient.netty.request.NettyRequestSender - Using open Channel [id: 0x2a8106c2, L:/127.0.0.1:60510 - R:localhost/127.0.0.1:61146] for POST '/session/f74b9fd885cabd2274e3d9b0892a79dd/element'
16:02:56.291 [AsyncHttpClient-1-14] DEBUG org.asynchttpclient.netty.handler.HttpHandler - 

Request DefaultHttpRequest(decodeResult: success, version: HTTP/1.1)
POST /session/f74b9fd885cabd2274e3d9b0892a79dd/element HTTP/1.1
User-Agent: selenium/4.1.2 (java windows)
Content-Length: 55
Content-Type: application/json; charset=utf-8
host: localhost:61146
accept: */*

Response DefaultHttpResponse(decodeResult: success, version: HTTP/1.1)
HTTP/1.1 200 OK
Content-Type: application/json; charset=utf-8
cache-control: no-cache
content-length: 88

16:02:56.291 [AsyncHttpClient-1-14] DEBUG org.asynchttpclient.netty.channel.ChannelManager - Adding key: http://localhost:61146 for channel [id: 0x2a8106c2, L:/127.0.0.1:60510 - R:localhost/127.0.0.1:61146]
16:02:56.307 [Forwarding isElementDisplayed on session f74b9fd885cabd2274e3d9b0892a79dd to remote] DEBUG org.asynchttpclient.netty.request.NettyRequestSender - Using pooled Channel '[id: 0x2a8106c2, L:/127.0.0.1:60510 - R:localhost/127.0.0.1:61146]' for 'POST' to 'http://localhost:61146/session/f74b9fd885cabd2274e3d9b0892a79dd/execute/sync'
16:02:56.307 [Forwarding isElementDisplayed on session f74b9fd885cabd2274e3d9b0892a79dd to remote] DEBUG org.asynchttpclient.netty.request.NettyRequestSender - Using open Channel [id: 0x2a8106c2, L:/127.0.0.1:60510 - R:localhost/127.0.0.1:61146] for POST '/session/f74b9fd885cabd2274e3d9b0892a79dd/execute/sync'
16:02:56.343 [AsyncHttpClient-1-14] DEBUG org.asynchttpclient.netty.handler.HttpHandler - 

Request DefaultHttpRequest(decodeResult: success, version: HTTP/1.1)
POST /session/f74b9fd885cabd2274e3d9b0892a79dd/execute/sync HTTP/1.1
User-Agent: selenium/4.1.2 (java windows)
Content-Length: 48780
Content-Type: application/json; charset=utf-8
host: localhost:61146
accept: */*

Response DefaultHttpResponse(decodeResult: success, version: HTTP/1.1)
HTTP/1.1 200 OK
Content-Type: application/json; charset=utf-8
cache-control: no-cache
content-length: 14

16:02:56.343 [AsyncHttpClient-1-14] DEBUG org.asynchttpclient.netty.channel.ChannelManager - Adding key: http://localhost:61146 for channel [id: 0x2a8106c2, L:/127.0.0.1:60510 - R:localhost/127.0.0.1:61146]
16:02:56.358 [Forwarding findElement on session f74b9fd885cabd2274e3d9b0892a79dd to remote] DEBUG org.asynchttpclient.netty.request.NettyRequestSender - Using pooled Channel '[id: 0x2a8106c2, L:/127.0.0.1:60510 - R:localhost/127.0.0.1:61146]' for 'POST' to 'http://localhost:61146/session/f74b9fd885cabd2274e3d9b0892a79dd/element'
16:02:56.358 [Forwarding findElement on session f74b9fd885cabd2274e3d9b0892a79dd to remote] DEBUG org.asynchttpclient.netty.request.NettyRequestSender - Using open Channel [id: 0x2a8106c2, L:/127.0.0.1:60510 - R:localhost/127.0.0.1:61146] for POST '/session/f74b9fd885cabd2274e3d9b0892a79dd/element'
16:02:56.388 [AsyncHttpClient-1-14] DEBUG org.asynchttpclient.netty.handler.HttpHandler - 

Request DefaultHttpRequest(decodeResult: success, version: HTTP/1.1)
POST /session/f74b9fd885cabd2274e3d9b0892a79dd/element HTTP/1.1
User-Agent: selenium/4.1.2 (java windows)
Content-Length: 72
Content-Type: application/json; charset=utf-8
host: localhost:61146
accept: */*

Response DefaultHttpResponse(decodeResult: success, version: HTTP/1.1)
HTTP/1.1 200 OK
Content-Type: application/json; charset=utf-8
cache-control: no-cache
content-length: 88

16:02:56.390 [AsyncHttpClient-1-14] DEBUG org.asynchttpclient.netty.channel.ChannelManager - Adding key: http://localhost:61146 for channel [id: 0x2a8106c2, L:/127.0.0.1:60510 - R:localhost/127.0.0.1:61146]
16:02:56.392 [Forwarding getElementTagName on session f74b9fd885cabd2274e3d9b0892a79dd to remote] DEBUG org.asynchttpclient.netty.request.NettyRequestSender - Using pooled Channel '[id: 0x2a8106c2, L:/127.0.0.1:60510 - R:localhost/127.0.0.1:61146]' for 'GET' to 'http://localhost:61146/session/f74b9fd885cabd2274e3d9b0892a79dd/element/cad431ce-a90d-4af8-97af-71aaccc3dbd2/name'
16:02:56.392 [Forwarding getElementTagName on session f74b9fd885cabd2274e3d9b0892a79dd to remote] DEBUG org.asynchttpclient.netty.request.NettyRequestSender - Using open Channel [id: 0x2a8106c2, L:/127.0.0.1:60510 - R:localhost/127.0.0.1:61146] for GET '/session/f74b9fd885cabd2274e3d9b0892a79dd/element/cad431ce-a90d-4af8-97af-71aaccc3dbd2/name'
16:02:56.403 [AsyncHttpClient-1-14] DEBUG org.asynchttpclient.netty.handler.HttpHandler - 

Request DefaultFullHttpRequest(decodeResult: success, version: HTTP/1.1, content: EmptyByteBufBE)
GET /session/f74b9fd885cabd2274e3d9b0892a79dd/element/cad431ce-a90d-4af8-97af-71aaccc3dbd2/name HTTP/1.1
User-Agent: selenium/4.1.2 (java windows)
Cache-Control: no-cache
Content-Type: application/json; charset=utf-8
host: localhost:61146
accept: */*

Response DefaultHttpResponse(decodeResult: success, version: HTTP/1.1)
HTTP/1.1 200 OK
Content-Type: application/json; charset=utf-8
cache-control: no-cache
content-length: 13

16:02:56.408 [AsyncHttpClient-1-14] DEBUG org.asynchttpclient.netty.channel.ChannelManager - Adding key: http://localhost:61146 for channel [id: 0x2a8106c2, L:/127.0.0.1:60510 - R:localhost/127.0.0.1:61146]
16:02:56.412 [Forwarding getElementTagName on session f74b9fd885cabd2274e3d9b0892a79dd to remote] DEBUG org.asynchttpclient.netty.request.NettyRequestSender - Using pooled Channel '[id: 0x2a8106c2, L:/127.0.0.1:60510 - R:localhost/127.0.0.1:61146]' for 'GET' to 'http://localhost:61146/session/f74b9fd885cabd2274e3d9b0892a79dd/element/cad431ce-a90d-4af8-97af-71aaccc3dbd2/name'
16:02:56.412 [Forwarding getElementTagName on session f74b9fd885cabd2274e3d9b0892a79dd to remote] DEBUG org.asynchttpclient.netty.request.NettyRequestSender - Using open Channel [id: 0x2a8106c2, L:/127.0.0.1:60510 - R:localhost/127.0.0.1:61146] for GET '/session/f74b9fd885cabd2274e3d9b0892a79dd/element/cad431ce-a90d-4af8-97af-71aaccc3dbd2/name'
16:02:56.422 [AsyncHttpClient-1-14] DEBUG org.asynchttpclient.netty.handler.HttpHandler - 

Request DefaultFullHttpRequest(decodeResult: success, version: HTTP/1.1, content: EmptyByteBufBE)
GET /session/f74b9fd885cabd2274e3d9b0892a79dd/element/cad431ce-a90d-4af8-97af-71aaccc3dbd2/name HTTP/1.1
User-Agent: selenium/4.1.2 (java windows)
Cache-Control: no-cache
Content-Type: application/json; charset=utf-8
host: localhost:61146
accept: */*

Response DefaultHttpResponse(decodeResult: success, version: HTTP/1.1)
HTTP/1.1 200 OK
Content-Type: application/json; charset=utf-8
cache-control: no-cache
content-length: 13

16:02:56.422 [AsyncHttpClient-1-14] DEBUG org.asynchttpclient.netty.channel.ChannelManager - Adding key: http://localhost:61146 for channel [id: 0x2a8106c2, L:/127.0.0.1:60510 - R:localhost/127.0.0.1:61146]
16:02:56.425 [Forwarding findElement on session f74b9fd885cabd2274e3d9b0892a79dd to remote] DEBUG org.asynchttpclient.netty.request.NettyRequestSender - Using pooled Channel '[id: 0x2a8106c2, L:/127.0.0.1:60510 - R:localhost/127.0.0.1:61146]' for 'POST' to 'http://localhost:61146/session/f74b9fd885cabd2274e3d9b0892a79dd/element'
16:02:56.425 [Forwarding findElement on session f74b9fd885cabd2274e3d9b0892a79dd to remote] DEBUG org.asynchttpclient.netty.request.NettyRequestSender - Using open Channel [id: 0x2a8106c2, L:/127.0.0.1:60510 - R:localhost/127.0.0.1:61146] for POST '/session/f74b9fd885cabd2274e3d9b0892a79dd/element'
16:02:56.441 [AsyncHttpClient-1-14] DEBUG org.asynchttpclient.netty.handler.HttpHandler - 

Request DefaultHttpRequest(decodeResult: success, version: HTTP/1.1)
POST /session/f74b9fd885cabd2274e3d9b0892a79dd/element HTTP/1.1
User-Agent: selenium/4.1.2 (java windows)
Content-Length: 72
Content-Type: application/json; charset=utf-8
host: localhost:61146
accept: */*

Response DefaultHttpResponse(decodeResult: success, version: HTTP/1.1)
HTTP/1.1 200 OK
Content-Type: application/json; charset=utf-8
cache-control: no-cache
content-length: 88

16:02:56.441 [AsyncHttpClient-1-14] DEBUG org.asynchttpclient.netty.channel.ChannelManager - Adding key: http://localhost:61146 for channel [id: 0x2a8106c2, L:/127.0.0.1:60510 - R:localhost/127.0.0.1:61146]
16:02:56.446 [Forwarding clickElement on session f74b9fd885cabd2274e3d9b0892a79dd to remote] DEBUG org.asynchttpclient.netty.request.NettyRequestSender - Using pooled Channel '[id: 0x2a8106c2, L:/127.0.0.1:60510 - R:localhost/127.0.0.1:61146]' for 'POST' to 'http://localhost:61146/session/f74b9fd885cabd2274e3d9b0892a79dd/element/cad431ce-a90d-4af8-97af-71aaccc3dbd2/click'
16:02:56.446 [Forwarding clickElement on session f74b9fd885cabd2274e3d9b0892a79dd to remote] DEBUG org.asynchttpclient.netty.request.NettyRequestSender - Using open Channel [id: 0x2a8106c2, L:/127.0.0.1:60510 - R:localhost/127.0.0.1:61146] for POST '/session/f74b9fd885cabd2274e3d9b0892a79dd/element/cad431ce-a90d-4af8-97af-71aaccc3dbd2/click'
16:02:56.565 [AsyncHttpClient-1-14] DEBUG org.asynchttpclient.netty.handler.HttpHandler - 

Request DefaultHttpRequest(decodeResult: success, version: HTTP/1.1)
POST /session/f74b9fd885cabd2274e3d9b0892a79dd/element/cad431ce-a90d-4af8-97af-71aaccc3dbd2/click HTTP/1.1
User-Agent: selenium/4.1.2 (java windows)
Content-Length: 50
Content-Type: application/json; charset=utf-8
host: localhost:61146
accept: */*

Response DefaultHttpResponse(decodeResult: success, version: HTTP/1.1)
HTTP/1.1 200 OK
Content-Type: application/json; charset=utf-8
cache-control: no-cache
content-length: 14

16:02:56.565 [AsyncHttpClient-1-14] DEBUG org.asynchttpclient.netty.channel.ChannelManager - Adding key: http://localhost:61146 for channel [id: 0x2a8106c2, L:/127.0.0.1:60510 - R:localhost/127.0.0.1:61146]
  &amp#27;[32mWhen &amp#27;[0m&amp#27;[32mi click get started&amp#27;[0m                                       &amp#27;[90m# starter.stepdefinitions.registerSteps.iClickGetStarted()&amp#27;[0m
16:02:56.585 [Forwarding screenshot on session f74b9fd885cabd2274e3d9b0892a79dd to remote] DEBUG org.asynchttpclient.netty.request.NettyRequestSender - Using pooled Channel '[id: 0x2a8106c2, L:/127.0.0.1:60510 - R:localhost/127.0.0.1:61146]' for 'GET' to 'http://localhost:61146/session/f74b9fd885cabd2274e3d9b0892a79dd/screenshot'
16:02:56.585 [Forwarding screenshot on session f74b9fd885cabd2274e3d9b0892a79dd to remote] DEBUG org.asynchttpclient.netty.request.NettyRequestSender - Using open Channel [id: 0x2a8106c2, L:/127.0.0.1:60510 - R:localhost/127.0.0.1:61146] for GET '/session/f74b9fd885cabd2274e3d9b0892a79dd/screenshot'
16:02:57.127 [AsyncHttpClient-1-1] DEBUG org.asynchttpclient.netty.channel.DefaultChannelPool - Entry count for : http://localhost:60511 : 1
16:02:57.137 [AsyncHttpClient-1-14] DEBUG org.asynchttpclient.netty.handler.HttpHandler - 

Request DefaultFullHttpRequest(decodeResult: success, version: HTTP/1.1, content: EmptyByteBufBE)
GET /session/f74b9fd885cabd2274e3d9b0892a79dd/screenshot HTTP/1.1
User-Agent: selenium/4.1.2 (java windows)
Cache-Control: no-cache
Content-Type: application/json; charset=utf-8
host: localhost:61146
accept: */*

Response DefaultHttpResponse(decodeResult: success, version: HTTP/1.1)
HTTP/1.1 200 OK
Content-Type: application/json; charset=utf-8
cache-control: no-cache
content-length: 147180

16:02:57.140 [AsyncHttpClient-1-14] DEBUG org.asynchttpclient.netty.channel.ChannelManager - Adding key: http://localhost:61146 for channel [id: 0x2a8106c2, L:/127.0.0.1:60510 - R:localhost/127.0.0.1:61146]
16:02:57.147 [main] DEBUG net.serenitybdd.core.photography.Darkroom - Send negative for processing for target\site\serenity\86184cc5300b46e55d6a93e203b435c78975af21ccf59bf3be8cb8c50ff8a92a.png
16:02:57.150 [Darkroom Processing Line] DEBUG net.serenitybdd.core.photography.DarkroomProcessingLine - Processing screenshot image in /var/screenshots/screenshot-5826995744676932623
16:02:57.150 [Darkroom Processing Line] DEBUG net.serenitybdd.core.photography.DarkroomProcessingLine - Saving screenshot to target\site\serenity\86184cc5300b46e55d6a93e203b435c78975af21ccf59bf3be8cb8c50ff8a92a.png
16:02:57.161 [Forwarding findElement on session f74b9fd885cabd2274e3d9b0892a79dd to remote] DEBUG org.asynchttpclient.netty.request.NettyRequestSender - Using pooled Channel '[id: 0x2a8106c2, L:/127.0.0.1:60510 - R:localhost/127.0.0.1:61146]' for 'POST' to 'http://localhost:61146/session/f74b9fd885cabd2274e3d9b0892a79dd/element'
16:02:57.161 [Forwarding findElement on session f74b9fd885cabd2274e3d9b0892a79dd to remote] DEBUG org.asynchttpclient.netty.request.NettyRequestSender - Using open Channel [id: 0x2a8106c2, L:/127.0.0.1:60510 - R:localhost/127.0.0.1:61146] for POST '/session/f74b9fd885cabd2274e3d9b0892a79dd/element'
16:02:57.181 [AsyncHttpClient-1-14] DEBUG org.asynchttpclient.netty.handler.HttpHandler - 

Request DefaultHttpRequest(decodeResult: success, version: HTTP/1.1)
POST /session/f74b9fd885cabd2274e3d9b0892a79dd/element HTTP/1.1
User-Agent: selenium/4.1.2 (java windows)
Content-Length: 67
Content-Type: application/json; charset=utf-8
host: localhost:61146
accept: */*

Response DefaultHttpResponse(decodeResult: success, version: HTTP/1.1)
HTTP/1.1 200 OK
Content-Type: application/json; charset=utf-8
cache-control: no-cache
content-length: 88

16:02:57.181 [AsyncHttpClient-1-14] DEBUG org.asynchttpclient.netty.channel.ChannelManager - Adding key: http://localhost:61146 for channel [id: 0x2a8106c2, L:/127.0.0.1:60510 - R:localhost/127.0.0.1:61146]
16:02:57.181 [Forwarding clearElement on session f74b9fd885cabd2274e3d9b0892a79dd to remote] DEBUG org.asynchttpclient.netty.request.NettyRequestSender - Using pooled Channel '[id: 0x2a8106c2, L:/127.0.0.1:60510 - R:localhost/127.0.0.1:61146]' for 'POST' to 'http://localhost:61146/session/f74b9fd885cabd2274e3d9b0892a79dd/element/432edb86-d05f-441c-8a3e-2c31d4602c54/clear'
16:02:57.181 [Forwarding clearElement on session f74b9fd885cabd2274e3d9b0892a79dd to remote] DEBUG org.asynchttpclient.netty.request.NettyRequestSender - Using open Channel [id: 0x2a8106c2, L:/127.0.0.1:60510 - R:localhost/127.0.0.1:61146] for POST '/session/f74b9fd885cabd2274e3d9b0892a79dd/element/432edb86-d05f-441c-8a3e-2c31d4602c54/clear'
16:02:57.240 [AsyncHttpClient-1-14] DEBUG org.asynchttpclient.netty.handler.HttpHandler - 

Request DefaultHttpRequest(decodeResult: success, version: HTTP/1.1)
POST /session/f74b9fd885cabd2274e3d9b0892a79dd/element/432edb86-d05f-441c-8a3e-2c31d4602c54/clear HTTP/1.1
User-Agent: selenium/4.1.2 (java windows)
Content-Length: 50
Content-Type: application/json; charset=utf-8
host: localhost:61146
accept: */*

Response DefaultHttpResponse(decodeResult: success, version: HTTP/1.1)
HTTP/1.1 200 OK
Content-Type: application/json; charset=utf-8
cache-control: no-cache
content-length: 14

16:02:57.242 [AsyncHttpClient-1-14] DEBUG org.asynchttpclient.netty.channel.ChannelManager - Adding key: http://localhost:61146 for channel [id: 0x2a8106c2, L:/127.0.0.1:60510 - R:localhost/127.0.0.1:61146]
16:02:57.242 [Forwarding sendKeysToElement on session f74b9fd885cabd2274e3d9b0892a79dd to remote] DEBUG org.asynchttpclient.netty.request.NettyRequestSender - Using pooled Channel '[id: 0x2a8106c2, L:/127.0.0.1:60510 - R:localhost/127.0.0.1:61146]' for 'POST' to 'http://localhost:61146/session/f74b9fd885cabd2274e3d9b0892a79dd/element/432edb86-d05f-441c-8a3e-2c31d4602c54/value'
16:02:57.242 [Forwarding sendKeysToElement on session f74b9fd885cabd2274e3d9b0892a79dd to remote] DEBUG org.asynchttpclient.netty.request.NettyRequestSender - Using open Channel [id: 0x2a8106c2, L:/127.0.0.1:60510 - R:localhost/127.0.0.1:61146] for POST '/session/f74b9fd885cabd2274e3d9b0892a79dd/element/432edb86-d05f-441c-8a3e-2c31d4602c54/value'
16:02:57.461 [AsyncHttpClient-1-14] DEBUG org.asynchttpclient.netty.handler.HttpHandler - 

Request DefaultHttpRequest(decodeResult: success, version: HTTP/1.1)
POST /session/f74b9fd885cabd2274e3d9b0892a79dd/element/432edb86-d05f-441c-8a3e-2c31d4602c54/value HTTP/1.1
User-Agent: selenium/4.1.2 (java windows)
Content-Length: 261
Content-Type: application/json; charset=utf-8
host: localhost:61146
accept: */*

Response DefaultHttpResponse(decodeResult: success, version: HTTP/1.1)
HTTP/1.1 200 OK
Content-Type: application/json; charset=utf-8
cache-control: no-cache
content-length: 14

16:02:57.463 [AsyncHttpClient-1-14] DEBUG org.asynchttpclient.netty.channel.ChannelManager - Adding key: http://localhost:61146 for channel [id: 0x2a8106c2, L:/127.0.0.1:60510 - R:localhost/127.0.0.1:61146]
16:02:57.472 [Forwarding findElement on session f74b9fd885cabd2274e3d9b0892a79dd to remote] DEBUG org.asynchttpclient.netty.request.NettyRequestSender - Using pooled Channel '[id: 0x2a8106c2, L:/127.0.0.1:60510 - R:localhost/127.0.0.1:61146]' for 'POST' to 'http://localhost:61146/session/f74b9fd885cabd2274e3d9b0892a79dd/element'
16:02:57.472 [Forwarding findElement on session f74b9fd885cabd2274e3d9b0892a79dd to remote] DEBUG org.asynchttpclient.netty.request.NettyRequestSender - Using open Channel [id: 0x2a8106c2, L:/127.0.0.1:60510 - R:localhost/127.0.0.1:61146] for POST '/session/f74b9fd885cabd2274e3d9b0892a79dd/element'
16:02:57.523 [AsyncHttpClient-1-14] DEBUG org.asynchttpclient.netty.handler.HttpHandler - 

Request DefaultHttpRequest(decodeResult: success, version: HTTP/1.1)
POST /session/f74b9fd885cabd2274e3d9b0892a79dd/element HTTP/1.1
User-Agent: selenium/4.1.2 (java windows)
Content-Length: 70
Content-Type: application/json; charset=utf-8
host: localhost:61146
accept: */*

Response DefaultHttpResponse(decodeResult: success, version: HTTP/1.1)
HTTP/1.1 200 OK
Content-Type: application/json; charset=utf-8
cache-control: no-cache
content-length: 88

16:02:57.523 [AsyncHttpClient-1-14] DEBUG org.asynchttpclient.netty.channel.ChannelManager - Adding key: http://localhost:61146 for channel [id: 0x2a8106c2, L:/127.0.0.1:60510 - R:localhost/127.0.0.1:61146]
16:02:57.529 [Forwarding clearElement on session f74b9fd885cabd2274e3d9b0892a79dd to remote] DEBUG org.asynchttpclient.netty.request.NettyRequestSender - Using pooled Channel '[id: 0x2a8106c2, L:/127.0.0.1:60510 - R:localhost/127.0.0.1:61146]' for 'POST' to 'http://localhost:61146/session/f74b9fd885cabd2274e3d9b0892a79dd/element/51dadc1b-3209-49ba-b244-136fcc1bd026/clear'
16:02:57.530 [Forwarding clearElement on session f74b9fd885cabd2274e3d9b0892a79dd to remote] DEBUG org.asynchttpclient.netty.request.NettyRequestSender - Using open Channel [id: 0x2a8106c2, L:/127.0.0.1:60510 - R:localhost/127.0.0.1:61146] for POST '/session/f74b9fd885cabd2274e3d9b0892a79dd/element/51dadc1b-3209-49ba-b244-136fcc1bd026/clear'
16:02:57.604 [AsyncHttpClient-1-14] DEBUG org.asynchttpclient.netty.handler.HttpHandler - 

Request DefaultHttpRequest(decodeResult: success, version: HTTP/1.1)
POST /session/f74b9fd885cabd2274e3d9b0892a79dd/element/51dadc1b-3209-49ba-b244-136fcc1bd026/clear HTTP/1.1
User-Agent: selenium/4.1.2 (java windows)
Content-Length: 50
Content-Type: application/json; charset=utf-8
host: localhost:61146
accept: */*

Response DefaultHttpResponse(decodeResult: success, version: HTTP/1.1)
HTTP/1.1 200 OK
Content-Type: application/json; charset=utf-8
cache-control: no-cache
content-length: 14

16:02:57.609 [AsyncHttpClient-1-14] DEBUG org.asynchttpclient.netty.channel.ChannelManager - Adding key: http://localhost:61146 for channel [id: 0x2a8106c2, L:/127.0.0.1:60510 - R:localhost/127.0.0.1:61146]
16:02:57.614 [Forwarding sendKeysToElement on session f74b9fd885cabd2274e3d9b0892a79dd to remote] DEBUG org.asynchttpclient.netty.request.NettyRequestSender - Using pooled Channel '[id: 0x2a8106c2, L:/127.0.0.1:60510 - R:localhost/127.0.0.1:61146]' for 'POST' to 'http://localhost:61146/session/f74b9fd885cabd2274e3d9b0892a79dd/element/51dadc1b-3209-49ba-b244-136fcc1bd026/value'
16:02:57.614 [Forwarding sendKeysToElement on session f74b9fd885cabd2274e3d9b0892a79dd to remote] DEBUG org.asynchttpclient.netty.request.NettyRequestSender - Using open Channel [id: 0x2a8106c2, L:/127.0.0.1:60510 - R:localhost/127.0.0.1:61146] for POST '/session/f74b9fd885cabd2274e3d9b0892a79dd/element/51dadc1b-3209-49ba-b244-136fcc1bd026/value'
16:02:57.746 [AsyncHttpClient-1-14] DEBUG org.asynchttpclient.netty.handler.HttpHandler - 

Request DefaultHttpRequest(decodeResult: success, version: HTTP/1.1)
POST /session/f74b9fd885cabd2274e3d9b0892a79dd/element/51dadc1b-3209-49ba-b244-136fcc1bd026/value HTTP/1.1
User-Agent: selenium/4.1.2 (java windows)
Content-Length: 211
Content-Type: application/json; charset=utf-8
host: localhost:61146
accept: */*

Response DefaultHttpResponse(decodeResult: success, version: HTTP/1.1)
HTTP/1.1 200 OK
Content-Type: application/json; charset=utf-8
cache-control: no-cache
content-length: 14

16:02:57.746 [AsyncHttpClient-1-14] DEBUG org.asynchttpclient.netty.channel.ChannelManager - Adding key: http://localhost:61146 for channel [id: 0x2a8106c2, L:/127.0.0.1:60510 - R:localhost/127.0.0.1:61146]
  &amp#27;[32mAnd &amp#27;[0m&amp#27;[32mi input &amp#27;[0m&amp#27;[32m&amp#27;[1m"sonyaaaa@gmail.com"&amp#27;[0m&amp#27;[32m and &amp#27;[0m&amp#27;[32m&amp#27;[1m"SonyaPrds1511"&amp#27;[0m&amp#27;[32m for login&amp#27;[0m &amp#27;[90m# starter.stepdefinitions.loginSteps.iInputAndForLogin(java.lang.String,java.lang.String)&amp#27;[0m
16:02:57.759 [Forwarding screenshot on session f74b9fd885cabd2274e3d9b0892a79dd to remote] DEBUG org.asynchttpclient.netty.request.NettyRequestSender - Using pooled Channel '[id: 0x2a8106c2, L:/127.0.0.1:60510 - R:localhost/127.0.0.1:61146]' for 'GET' to 'http://localhost:61146/session/f74b9fd885cabd2274e3d9b0892a79dd/screenshot'
16:02:57.759 [Forwarding screenshot on session f74b9fd885cabd2274e3d9b0892a79dd to remote] DEBUG org.asynchttpclient.netty.request.NettyRequestSender - Using open Channel [id: 0x2a8106c2, L:/127.0.0.1:60510 - R:localhost/127.0.0.1:61146] for GET '/session/f74b9fd885cabd2274e3d9b0892a79dd/screenshot'
16:02:58.050 [AsyncHttpClient-1-14] DEBUG org.asynchttpclient.netty.handler.HttpHandler - 

Request DefaultFullHttpRequest(decodeResult: success, version: HTTP/1.1, content: EmptyByteBufBE)
GET /session/f74b9fd885cabd2274e3d9b0892a79dd/screenshot HTTP/1.1
User-Agent: selenium/4.1.2 (java windows)
Cache-Control: no-cache
Content-Type: application/json; charset=utf-8
host: localhost:61146
accept: */*

Response DefaultHttpResponse(decodeResult: success, version: HTTP/1.1)
HTTP/1.1 200 OK
Content-Type: application/json; charset=utf-8
cache-control: no-cache
content-length: 127276

16:02:58.050 [AsyncHttpClient-1-14] DEBUG org.asynchttpclient.netty.channel.ChannelManager - Adding key: http://localhost:61146 for channel [id: 0x2a8106c2, L:/127.0.0.1:60510 - R:localhost/127.0.0.1:61146]
16:02:58.060 [main] DEBUG net.serenitybdd.core.photography.Darkroom - Send negative for processing for target\site\serenity\b0678e9983d48780ca597971c71a332c643bc1010e593fa851704382b099a0f5.png
16:02:58.060 [Darkroom Processing Line] DEBUG net.serenitybdd.core.photography.DarkroomProcessingLine - Processing screenshot image in /var/screenshots/screenshot-4137455543002986013
16:02:58.060 [Darkroom Processing Line] DEBUG net.serenitybdd.core.photography.DarkroomProcessingLine - Saving screenshot to target\site\serenity\b0678e9983d48780ca597971c71a332c643bc1010e593fa851704382b099a0f5.png
16:02:58.074 [Forwarding findElement on session f74b9fd885cabd2274e3d9b0892a79dd to remote] DEBUG org.asynchttpclient.netty.request.NettyRequestSender - Using pooled Channel '[id: 0x2a8106c2, L:/127.0.0.1:60510 - R:localhost/127.0.0.1:61146]' for 'POST' to 'http://localhost:61146/session/f74b9fd885cabd2274e3d9b0892a79dd/element'
16:02:58.074 [Forwarding findElement on session f74b9fd885cabd2274e3d9b0892a79dd to remote] DEBUG org.asynchttpclient.netty.request.NettyRequestSender - Using open Channel [id: 0x2a8106c2, L:/127.0.0.1:60510 - R:localhost/127.0.0.1:61146] for POST '/session/f74b9fd885cabd2274e3d9b0892a79dd/element'
16:02:58.090 [AsyncHttpClient-1-14] DEBUG org.asynchttpclient.netty.handler.HttpHandler - 

Request DefaultHttpRequest(decodeResult: success, version: HTTP/1.1)
POST /session/f74b9fd885cabd2274e3d9b0892a79dd/element HTTP/1.1
User-Agent: selenium/4.1.2 (java windows)
Content-Length: 53
Content-Type: application/json; charset=utf-8
host: localhost:61146
accept: */*

Response DefaultHttpResponse(decodeResult: success, version: HTTP/1.1)
HTTP/1.1 200 OK
Content-Type: application/json; charset=utf-8
cache-control: no-cache
content-length: 88

16:02:58.090 [AsyncHttpClient-1-14] DEBUG org.asynchttpclient.netty.channel.ChannelManager - Adding key: http://localhost:61146 for channel [id: 0x2a8106c2, L:/127.0.0.1:60510 - R:localhost/127.0.0.1:61146]
16:02:58.090 [Forwarding getElementTagName on session f74b9fd885cabd2274e3d9b0892a79dd to remote] DEBUG org.asynchttpclient.netty.request.NettyRequestSender - Using pooled Channel '[id: 0x2a8106c2, L:/127.0.0.1:60510 - R:localhost/127.0.0.1:61146]' for 'GET' to 'http://localhost:61146/session/f74b9fd885cabd2274e3d9b0892a79dd/element/1d5e2e4a-9b4e-4732-bef8-51f29445513a/name'
16:02:58.090 [Forwarding getElementTagName on session f74b9fd885cabd2274e3d9b0892a79dd to remote] DEBUG org.asynchttpclient.netty.request.NettyRequestSender - Using open Channel [id: 0x2a8106c2, L:/127.0.0.1:60510 - R:localhost/127.0.0.1:61146] for GET '/session/f74b9fd885cabd2274e3d9b0892a79dd/element/1d5e2e4a-9b4e-4732-bef8-51f29445513a/name'
16:02:58.106 [AsyncHttpClient-1-14] DEBUG org.asynchttpclient.netty.handler.HttpHandler - 

Request DefaultFullHttpRequest(decodeResult: success, version: HTTP/1.1, content: EmptyByteBufBE)
GET /session/f74b9fd885cabd2274e3d9b0892a79dd/element/1d5e2e4a-9b4e-4732-bef8-51f29445513a/name HTTP/1.1
User-Agent: selenium/4.1.2 (java windows)
Cache-Control: no-cache
Content-Type: application/json; charset=utf-8
host: localhost:61146
accept: */*

Response DefaultHttpResponse(decodeResult: success, version: HTTP/1.1)
HTTP/1.1 200 OK
Content-Type: application/json; charset=utf-8
cache-control: no-cache
content-length: 18

16:02:58.106 [AsyncHttpClient-1-14] DEBUG org.asynchttpclient.netty.channel.ChannelManager - Adding key: http://localhost:61146 for channel [id: 0x2a8106c2, L:/127.0.0.1:60510 - R:localhost/127.0.0.1:61146]
16:02:58.106 [Forwarding getElementTagName on session f74b9fd885cabd2274e3d9b0892a79dd to remote] DEBUG org.asynchttpclient.netty.request.NettyRequestSender - Using pooled Channel '[id: 0x2a8106c2, L:/127.0.0.1:60510 - R:localhost/127.0.0.1:61146]' for 'GET' to 'http://localhost:61146/session/f74b9fd885cabd2274e3d9b0892a79dd/element/1d5e2e4a-9b4e-4732-bef8-51f29445513a/name'
16:02:58.111 [Forwarding getElementTagName on session f74b9fd885cabd2274e3d9b0892a79dd to remote] DEBUG org.asynchttpclient.netty.request.NettyRequestSender - Using open Channel [id: 0x2a8106c2, L:/127.0.0.1:60510 - R:localhost/127.0.0.1:61146] for GET '/session/f74b9fd885cabd2274e3d9b0892a79dd/element/1d5e2e4a-9b4e-4732-bef8-51f29445513a/name'
16:02:58.116 [AsyncHttpClient-1-14] DEBUG org.asynchttpclient.netty.handler.HttpHandler - 

Request DefaultFullHttpRequest(decodeResult: success, version: HTTP/1.1, content: EmptyByteBufBE)
GET /session/f74b9fd885cabd2274e3d9b0892a79dd/element/1d5e2e4a-9b4e-4732-bef8-51f29445513a/name HTTP/1.1
User-Agent: selenium/4.1.2 (java windows)
Cache-Control: no-cache
Content-Type: application/json; charset=utf-8
host: localhost:61146
accept: */*

Response DefaultHttpResponse(decodeResult: success, version: HTTP/1.1)
HTTP/1.1 200 OK
Content-Type: application/json; charset=utf-8
cache-control: no-cache
content-length: 18

16:02:58.116 [AsyncHttpClient-1-14] DEBUG org.asynchttpclient.netty.channel.ChannelManager - Adding key: http://localhost:61146 for channel [id: 0x2a8106c2, L:/127.0.0.1:60510 - R:localhost/127.0.0.1:61146]
16:02:58.121 [Forwarding isElementEnabled on session f74b9fd885cabd2274e3d9b0892a79dd to remote] DEBUG org.asynchttpclient.netty.request.NettyRequestSender - Using pooled Channel '[id: 0x2a8106c2, L:/127.0.0.1:60510 - R:localhost/127.0.0.1:61146]' for 'GET' to 'http://localhost:61146/session/f74b9fd885cabd2274e3d9b0892a79dd/element/1d5e2e4a-9b4e-4732-bef8-51f29445513a/enabled'
16:02:58.121 [Forwarding isElementEnabled on session f74b9fd885cabd2274e3d9b0892a79dd to remote] DEBUG org.asynchttpclient.netty.request.NettyRequestSender - Using open Channel [id: 0x2a8106c2, L:/127.0.0.1:60510 - R:localhost/127.0.0.1:61146] for GET '/session/f74b9fd885cabd2274e3d9b0892a79dd/element/1d5e2e4a-9b4e-4732-bef8-51f29445513a/enabled'
16:02:58.137 [AsyncHttpClient-1-14] DEBUG org.asynchttpclient.netty.handler.HttpHandler - 

Request DefaultFullHttpRequest(decodeResult: success, version: HTTP/1.1, content: EmptyByteBufBE)
GET /session/f74b9fd885cabd2274e3d9b0892a79dd/element/1d5e2e4a-9b4e-4732-bef8-51f29445513a/enabled HTTP/1.1
User-Agent: selenium/4.1.2 (java windows)
Cache-Control: no-cache
Content-Type: application/json; charset=utf-8
host: localhost:61146
accept: */*

Response DefaultHttpResponse(decodeResult: success, version: HTTP/1.1)
HTTP/1.1 200 OK
Content-Type: application/json; charset=utf-8
cache-control: no-cache
content-length: 14

16:02:58.137 [AsyncHttpClient-1-14] DEBUG org.asynchttpclient.netty.channel.ChannelManager - Adding key: http://localhost:61146 for channel [id: 0x2a8106c2, L:/127.0.0.1:60510 - R:localhost/127.0.0.1:61146]
16:02:58.141 [Forwarding isElementEnabled on session f74b9fd885cabd2274e3d9b0892a79dd to remote] DEBUG org.asynchttpclient.netty.request.NettyRequestSender - Using pooled Channel '[id: 0x2a8106c2, L:/127.0.0.1:60510 - R:localhost/127.0.0.1:61146]' for 'GET' to 'http://localhost:61146/session/f74b9fd885cabd2274e3d9b0892a79dd/element/1d5e2e4a-9b4e-4732-bef8-51f29445513a/enabled'
16:02:58.141 [Forwarding isElementEnabled on session f74b9fd885cabd2274e3d9b0892a79dd to remote] DEBUG org.asynchttpclient.netty.request.NettyRequestSender - Using open Channel [id: 0x2a8106c2, L:/127.0.0.1:60510 - R:localhost/127.0.0.1:61146] for GET '/session/f74b9fd885cabd2274e3d9b0892a79dd/element/1d5e2e4a-9b4e-4732-bef8-51f29445513a/enabled'
16:02:58.150 [AsyncHttpClient-1-14] DEBUG org.asynchttpclient.netty.handler.HttpHandler - 

Request DefaultFullHttpRequest(decodeResult: success, version: HTTP/1.1, content: EmptyByteBufBE)
GET /session/f74b9fd885cabd2274e3d9b0892a79dd/element/1d5e2e4a-9b4e-4732-bef8-51f29445513a/enabled HTTP/1.1
User-Agent: selenium/4.1.2 (java windows)
Cache-Control: no-cache
Content-Type: application/json; charset=utf-8
host: localhost:61146
accept: */*

Response DefaultHttpResponse(decodeResult: success, version: HTTP/1.1)
HTTP/1.1 200 OK
Content-Type: application/json; charset=utf-8
cache-control: no-cache
content-length: 14

16:02:58.150 [AsyncHttpClient-1-14] DEBUG org.asynchttpclient.netty.channel.ChannelManager - Adding key: http://localhost:61146 for channel [id: 0x2a8106c2, L:/127.0.0.1:60510 - R:localhost/127.0.0.1:61146]
16:02:58.157 [Forwarding findElement on session f74b9fd885cabd2274e3d9b0892a79dd to remote] DEBUG org.asynchttpclient.netty.request.NettyRequestSender - Using pooled Channel '[id: 0x2a8106c2, L:/127.0.0.1:60510 - R:localhost/127.0.0.1:61146]' for 'POST' to 'http://localhost:61146/session/f74b9fd885cabd2274e3d9b0892a79dd/element'
16:02:58.157 [Forwarding findElement on session f74b9fd885cabd2274e3d9b0892a79dd to remote] DEBUG org.asynchttpclient.netty.request.NettyRequestSender - Using open Channel [id: 0x2a8106c2, L:/127.0.0.1:60510 - R:localhost/127.0.0.1:61146] for POST '/session/f74b9fd885cabd2274e3d9b0892a79dd/element'
16:02:58.170 [AsyncHttpClient-1-14] DEBUG org.asynchttpclient.netty.handler.HttpHandler - 

Request DefaultHttpRequest(decodeResult: success, version: HTTP/1.1)
POST /session/f74b9fd885cabd2274e3d9b0892a79dd/element HTTP/1.1
User-Agent: selenium/4.1.2 (java windows)
Content-Length: 53
Content-Type: application/json; charset=utf-8
host: localhost:61146
accept: */*

Response DefaultHttpResponse(decodeResult: success, version: HTTP/1.1)
HTTP/1.1 200 OK
Content-Type: application/json; charset=utf-8
cache-control: no-cache
content-length: 88

16:02:58.170 [AsyncHttpClient-1-14] DEBUG org.asynchttpclient.netty.channel.ChannelManager - Adding key: http://localhost:61146 for channel [id: 0x2a8106c2, L:/127.0.0.1:60510 - R:localhost/127.0.0.1:61146]
16:02:58.170 [Forwarding clickElement on session f74b9fd885cabd2274e3d9b0892a79dd to remote] DEBUG org.asynchttpclient.netty.request.NettyRequestSender - Using pooled Channel '[id: 0x2a8106c2, L:/127.0.0.1:60510 - R:localhost/127.0.0.1:61146]' for 'POST' to 'http://localhost:61146/session/f74b9fd885cabd2274e3d9b0892a79dd/element/1d5e2e4a-9b4e-4732-bef8-51f29445513a/click'
16:02:58.170 [Forwarding clickElement on session f74b9fd885cabd2274e3d9b0892a79dd to remote] DEBUG org.asynchttpclient.netty.request.NettyRequestSender - Using open Channel [id: 0x2a8106c2, L:/127.0.0.1:60510 - R:localhost/127.0.0.1:61146] for POST '/session/f74b9fd885cabd2274e3d9b0892a79dd/element/1d5e2e4a-9b4e-4732-bef8-51f29445513a/click'
16:02:58.227 [AsyncHttpClient-1-1] DEBUG org.asynchttpclient.netty.channel.DefaultChannelPool - Entry count for : http://localhost:60511 : 1
16:02:58.241 [AsyncHttpClient-1-14] DEBUG org.asynchttpclient.netty.handler.HttpHandler - 

Request DefaultHttpRequest(decodeResult: success, version: HTTP/1.1)
POST /session/f74b9fd885cabd2274e3d9b0892a79dd/element/1d5e2e4a-9b4e-4732-bef8-51f29445513a/click HTTP/1.1
User-Agent: selenium/4.1.2 (java windows)
Content-Length: 50
Content-Type: application/json; charset=utf-8
host: localhost:61146
accept: */*

Response DefaultHttpResponse(decodeResult: success, version: HTTP/1.1)
HTTP/1.1 200 OK
Content-Type: application/json; charset=utf-8
cache-control: no-cache
content-length: 14

16:02:58.241 [AsyncHttpClient-1-14] DEBUG org.asynchttpclient.netty.channel.ChannelManager - Adding key: http://localhost:61146 for channel [id: 0x2a8106c2, L:/127.0.0.1:60510 - R:localhost/127.0.0.1:61146]
  &amp#27;[32mAnd &amp#27;[0m&amp#27;[32mi click continue button for login&amp#27;[0m                          &amp#27;[90m# starter.stepdefinitions.loginSteps.iClickContinueButtonForLogin()&amp#27;[0m
16:02:58.260 [Forwarding screenshot on session f74b9fd885cabd2274e3d9b0892a79dd to remote] DEBUG org.asynchttpclient.netty.request.NettyRequestSender - Using pooled Channel '[id: 0x2a8106c2, L:/127.0.0.1:60510 - R:localhost/127.0.0.1:61146]' for 'GET' to 'http://localhost:61146/session/f74b9fd885cabd2274e3d9b0892a79dd/screenshot'
16:02:58.260 [Forwarding screenshot on session f74b9fd885cabd2274e3d9b0892a79dd to remote] DEBUG org.asynchttpclient.netty.request.NettyRequestSender - Using open Channel [id: 0x2a8106c2, L:/127.0.0.1:60510 - R:localhost/127.0.0.1:61146] for GET '/session/f74b9fd885cabd2274e3d9b0892a79dd/screenshot'
16:02:58.597 [AsyncHttpClient-1-14] DEBUG org.asynchttpclient.netty.handler.HttpHandler - 

Request DefaultFullHttpRequest(decodeResult: success, version: HTTP/1.1, content: EmptyByteBufBE)
GET /session/f74b9fd885cabd2274e3d9b0892a79dd/screenshot HTTP/1.1
User-Agent: selenium/4.1.2 (java windows)
Cache-Control: no-cache
Content-Type: application/json; charset=utf-8
host: localhost:61146
accept: */*

Response DefaultHttpResponse(decodeResult: success, version: HTTP/1.1)
HTTP/1.1 200 OK
Content-Type: application/json; charset=utf-8
cache-control: no-cache
content-length: 127296

16:02:58.599 [AsyncHttpClient-1-14] DEBUG org.asynchttpclient.netty.channel.ChannelManager - Adding key: http://localhost:61146 for channel [id: 0x2a8106c2, L:/127.0.0.1:60510 - R:localhost/127.0.0.1:61146]
16:02:58.600 [main] DEBUG net.serenitybdd.core.photography.Darkroom - Send negative for processing for target\site\serenity\f4bd4b0d3b4624765252c527e777446bc0413449a3b2e5a559394905c712cc31.png
16:02:58.607 [Darkroom Processing Line] DEBUG net.serenitybdd.core.photography.DarkroomProcessingLine - Processing screenshot image in /var/screenshots/screenshot-13831501358950386226
16:02:58.607 [Darkroom Processing Line] DEBUG net.serenitybdd.core.photography.DarkroomProcessingLine - Saving screenshot to target\site\serenity\f4bd4b0d3b4624765252c527e777446bc0413449a3b2e5a559394905c712cc31.png
16:02:59.322 [AsyncHttpClient-1-1] DEBUG org.asynchttpclient.netty.channel.DefaultChannelPool - Entry count for : http://localhost:61146 : 1
16:02:59.322 [AsyncHttpClient-1-1] DEBUG org.asynchttpclient.netty.channel.DefaultChannelPool - Entry count for : http://localhost:60511 : 1
16:02:59.631 [Forwarding findElement on session f74b9fd885cabd2274e3d9b0892a79dd to remote] DEBUG org.asynchttpclient.netty.request.NettyRequestSender - Using pooled Channel '[id: 0x2a8106c2, L:/127.0.0.1:60510 - R:localhost/127.0.0.1:61146]' for 'POST' to 'http://localhost:61146/session/f74b9fd885cabd2274e3d9b0892a79dd/element'
16:02:59.631 [Forwarding findElement on session f74b9fd885cabd2274e3d9b0892a79dd to remote] DEBUG org.asynchttpclient.netty.request.NettyRequestSender - Using open Channel [id: 0x2a8106c2, L:/127.0.0.1:60510 - R:localhost/127.0.0.1:61146] for POST '/session/f74b9fd885cabd2274e3d9b0892a79dd/element'
16:02:59.654 [AsyncHttpClient-1-14] DEBUG org.asynchttpclient.netty.handler.HttpHandler - 

Request DefaultHttpRequest(decodeResult: success, version: HTTP/1.1)
POST /session/f74b9fd885cabd2274e3d9b0892a79dd/element HTTP/1.1
User-Agent: selenium/4.1.2 (java windows)
Content-Length: 58
Content-Type: application/json; charset=utf-8
host: localhost:61146
accept: */*

Response DefaultHttpResponse(decodeResult: success, version: HTTP/1.1)
HTTP/1.1 200 OK
Content-Type: application/json; charset=utf-8
cache-control: no-cache
content-length: 88

16:02:59.654 [AsyncHttpClient-1-14] DEBUG org.asynchttpclient.netty.channel.ChannelManager - Adding key: http://localhost:61146 for channel [id: 0x2a8106c2, L:/127.0.0.1:60510 - R:localhost/127.0.0.1:61146]
16:02:59.661 [Forwarding isElementDisplayed on session f74b9fd885cabd2274e3d9b0892a79dd to remote] DEBUG org.asynchttpclient.netty.request.NettyRequestSender - Using pooled Channel '[id: 0x2a8106c2, L:/127.0.0.1:60510 - R:localhost/127.0.0.1:61146]' for 'POST' to 'http://localhost:61146/session/f74b9fd885cabd2274e3d9b0892a79dd/execute/sync'
16:02:59.661 [Forwarding isElementDisplayed on session f74b9fd885cabd2274e3d9b0892a79dd to remote] DEBUG org.asynchttpclient.netty.request.NettyRequestSender - Using open Channel [id: 0x2a8106c2, L:/127.0.0.1:60510 - R:localhost/127.0.0.1:61146] for POST '/session/f74b9fd885cabd2274e3d9b0892a79dd/execute/sync'
16:02:59.681 [AsyncHttpClient-1-14] DEBUG org.asynchttpclient.netty.handler.HttpHandler - 

Request DefaultHttpRequest(decodeResult: success, version: HTTP/1.1)
POST /session/f74b9fd885cabd2274e3d9b0892a79dd/execute/sync HTTP/1.1
User-Agent: selenium/4.1.2 (java windows)
Content-Length: 48780
Content-Type: application/json; charset=utf-8
host: localhost:61146
accept: */*

Response DefaultHttpResponse(decodeResult: success, version: HTTP/1.1)
HTTP/1.1 200 OK
Content-Type: application/json; charset=utf-8
cache-control: no-cache
content-length: 14

16:02:59.689 [AsyncHttpClient-1-14] DEBUG org.asynchttpclient.netty.channel.ChannelManager - Adding key: http://localhost:61146 for channel [id: 0x2a8106c2, L:/127.0.0.1:60510 - R:localhost/127.0.0.1:61146]
  &amp#27;[32mThen &amp#27;[0m&amp#27;[32mi get my &amp#27;[0m&amp#27;[32m&amp#27;[1m"invalid email or password"&amp#27;[0m&amp#27;[32m after login&amp#27;[0m          &amp#27;[90m# starter.stepdefinitions.loginSteps.iGetMyAfterLogin(java.lang.String)&amp#27;[0m
16:02:59.713 [Forwarding screenshot on session f74b9fd885cabd2274e3d9b0892a79dd to remote] DEBUG org.asynchttpclient.netty.request.NettyRequestSender - Using pooled Channel '[id: 0x2a8106c2, L:/127.0.0.1:60510 - R:localhost/127.0.0.1:61146]' for 'GET' to 'http://localhost:61146/session/f74b9fd885cabd2274e3d9b0892a79dd/screenshot'
16:02:59.713 [Forwarding screenshot on session f74b9fd885cabd2274e3d9b0892a79dd to remote] DEBUG org.asynchttpclient.netty.request.NettyRequestSender - Using open Channel [id: 0x2a8106c2, L:/127.0.0.1:60510 - R:localhost/127.0.0.1:61146] for GET '/session/f74b9fd885cabd2274e3d9b0892a79dd/screenshot'
16:03:00.220 [AsyncHttpClient-1-14] DEBUG org.asynchttpclient.netty.handler.HttpHandler - 

Request DefaultFullHttpRequest(decodeResult: success, version: HTTP/1.1, content: EmptyByteBufBE)
GET /session/f74b9fd885cabd2274e3d9b0892a79dd/screenshot HTTP/1.1
User-Agent: selenium/4.1.2 (java windows)
Cache-Control: no-cache
Content-Type: application/json; charset=utf-8
host: localhost:61146
accept: */*

Response DefaultHttpResponse(decodeResult: success, version: HTTP/1.1)
HTTP/1.1 200 OK
Content-Type: application/json; charset=utf-8
cache-control: no-cache
content-length: 148032

16:03:00.222 [AsyncHttpClient-1-14] DEBUG org.asynchttpclient.netty.channel.ChannelManager - Adding key: http://localhost:61146 for channel [id: 0x2a8106c2, L:/127.0.0.1:60510 - R:localhost/127.0.0.1:61146]
16:03:00.222 [main] DEBUG net.serenitybdd.core.photography.Darkroom - Send negative for processing for target\site\serenity\411210dc2531b3f9fb7c0e6d3b5166329a4ce56ec7664baf6b805163808bb597.png
16:03:00.222 [Darkroom Processing Line] DEBUG net.serenitybdd.core.photography.DarkroomProcessingLine - Processing screenshot image in /var/screenshots/screenshot-8646490350388630654
16:03:00.222 [Darkroom Processing Line] DEBUG net.serenitybdd.core.photography.DarkroomProcessingLine - Saving screenshot to target\site\serenity\411210dc2531b3f9fb7c0e6d3b5166329a4ce56ec7664baf6b805163808bb597.png
16:03:00.239 [AsyncHttpClient-1-16] DEBUG org.asynchttpclient.netty.handler.WebSocketHandler - Channel Closed: [id: 0x6c464a82, L:/127.0.0.1:60520 ! R:localhost/127.0.0.1:60511] with attribute NettyResponseFuture{currentRetry=5,
	isDone=1,
	isCancelled=0,
	asyncHandler=org.asynchttpclient.ws.WebSocketUpgradeHandler@6f0fce4d,
	nettyRequest=org.asynchttpclient.netty.request.NettyRequest@2a0d4dc8,
	future=java.util.concurrent.CompletableFuture@728bdbf9[Completed normally],
	uri=ws://localhost:60511/devtools/browser/9e648a0c-0f24-4f35-9917-dceaf250cf50,
	keepAlive=true,
	redirectCount=0,
	timeoutsHolder=null,
	inAuth=0,
	touch=1658480566254}
16:03:00.239 [AsyncHttpClient-1-16] DEBUG org.asynchttpclient.netty.channel.ChannelManager - Closing Channel [id: 0x6c464a82, L:/127.0.0.1:60520 ! R:localhost/127.0.0.1:60511] 
16:03:00.239 [Driver Command Executor] DEBUG org.asynchttpclient.netty.request.NettyRequestSender - Using pooled Channel '[id: 0x2a8106c2, L:/127.0.0.1:60510 - R:localhost/127.0.0.1:61146]' for 'DELETE' to 'http://localhost:61146/session/f74b9fd885cabd2274e3d9b0892a79dd'
16:03:00.239 [Driver Command Executor] DEBUG org.asynchttpclient.netty.request.NettyRequestSender - Using open Channel [id: 0x2a8106c2, L:/127.0.0.1:60510 - R:localhost/127.0.0.1:61146] for DELETE '/session/f74b9fd885cabd2274e3d9b0892a79dd'
16:03:00.398 [AsyncHttpClient-1-15] DEBUG org.asynchttpclient.netty.handler.HttpHandler - Unexpected I/O exception on channel [id: 0x4b5c02a6, L:/127.0.0.1:60519 - R:localhost/127.0.0.1:60511]
java.net.SocketException: Connection reset
	at java.base/sun.nio.ch.SocketChannelImpl.throwConnectionReset(SocketChannelImpl.java:367)
	at java.base/sun.nio.ch.SocketChannelImpl.read(SocketChannelImpl.java:398)
	at io.netty.buffer.PooledByteBuf.setBytes(PooledByteBuf.java:258)
	at io.netty.buffer.AbstractByteBuf.writeBytes(AbstractByteBuf.java:1132)
	at io.netty.channel.socket.nio.NioSocketChannel.doReadBytes(NioSocketChannel.java:350)
	at io.netty.channel.nio.AbstractNioByteChannel$NioByteUnsafe.read(AbstractNioByteChannel.java:151)
	at io.netty.channel.nio.NioEventLoop.processSelectedKey(NioEventLoop.java:722)
	at io.netty.channel.nio.NioEventLoop.processSelectedKeysOptimized(NioEventLoop.java:658)
	at io.netty.channel.nio.NioEventLoop.processSelectedKeys(NioEventLoop.java:584)
	at io.netty.channel.nio.NioEventLoop.run(NioEventLoop.java:496)
	at io.netty.util.concurrent.SingleThreadEventExecutor$4.run(SingleThreadEventExecutor.java:986)
	at io.netty.util.internal.ThreadExecutorMap$2.run(ThreadExecutorMap.java:74)
	at io.netty.util.concurrent.FastThreadLocalRunnable.run(FastThreadLocalRunnable.java:30)
	at java.base/java.lang.Thread.run(Thread.java:832)
16:03:00.398 [AsyncHttpClient-1-15] DEBUG org.asynchttpclient.netty.channel.ChannelManager - Closing Channel [id: 0x4b5c02a6, L:/127.0.0.1:60519 - R:localhost/127.0.0.1:60511] 
16:03:00.398 [AsyncHttpClient-1-15] DEBUG org.asynchttpclient.netty.handler.HttpHandler - Channel Closed: [id: 0x4b5c02a6, L:/127.0.0.1:60519 ! R:localhost/127.0.0.1:60511] with attribute DISCARD
16:03:00.422 [AsyncHttpClient-1-1] DEBUG org.asynchttpclient.netty.channel.DefaultChannelPool - Entry count for : http://localhost:60511 : 1
16:03:00.422 [AsyncHttpClient-1-1] DEBUG org.asynchttpclient.netty.channel.DefaultChannelPool - Adding Candidate expired Channel [id: 0x4b5c02a6, L:/127.0.0.1:60519 ! R:localhost/127.0.0.1:60511] isIdleTimeoutExpired=false isRemotelyClosed=true isTtlExpired=false
16:03:00.422 [AsyncHttpClient-1-1] DEBUG org.asynchttpclient.netty.channel.DefaultChannelPool - Closing Idle Channel [id: 0x4b5c02a6, L:/127.0.0.1:60519 ! R:localhost/127.0.0.1:60511]
16:03:00.422 [AsyncHttpClient-1-1] DEBUG org.asynchttpclient.netty.channel.DefaultChannelPool - Closed 1 connections out of 1 in 0 ms
16:03:00.460 [AsyncHttpClient-1-14] DEBUG org.asynchttpclient.netty.handler.HttpHandler - 

Request DefaultFullHttpRequest(decodeResult: success, version: HTTP/1.1, content: EmptyByteBufBE)
DELETE /session/f74b9fd885cabd2274e3d9b0892a79dd HTTP/1.1
User-Agent: selenium/4.1.2 (java windows)
Content-Type: application/json; charset=utf-8
host: localhost:61146
accept: */*

Response DefaultHttpResponse(decodeResult: success, version: HTTP/1.1)
HTTP/1.1 200 OK
Content-Type: application/json; charset=utf-8
cache-control: no-cache
content-length: 14

16:03:00.460 [AsyncHttpClient-1-14] DEBUG org.asynchttpclient.netty.channel.ChannelManager - Adding key: http://localhost:61146 for channel [id: 0x2a8106c2, L:/127.0.0.1:60510 - R:localhost/127.0.0.1:61146]
16:03:00.659 [AsyncHttpClient-1-14] DEBUG org.asynchttpclient.netty.handler.HttpHandler - Channel Closed: [id: 0x2a8106c2, L:/127.0.0.1:60510 ! R:localhost/127.0.0.1:61146] with attribute DISCARD
]]></system-out>
    <system-err><![CDATA[Starting ChromeDriver 102.0.5005.61 (0e59bcc00cc4985ce39ad31c150065f159d95ad3-refs/branch-heads/5005@{#819}) on port 61146
Only local connections are allowed.
Please see https://chromedriver.chromium.org/security-considerations for suggestions on keeping ChromeDriver safe.
ChromeDriver was started successfully.
[1658480565.947][WARNING]: This version of ChromeDriver has not been tested with Chrome version 103.
Jul 22, 2022 4:02:46 PM org.openqa.selenium.remote.ProtocolHandshake createSession
INFO: Detected dialect: W3C
Jul 22, 2022 4:02:46 PM org.openqa.selenium.devtools.CdpVersionFinder findNearestMatch
WARNING: Unable to find an exact match for CDP version 103, so returning the closest version found: a no-op implementation
Jul 22, 2022 4:02:46 PM org.openqa.selenium.devtools.CdpVersionFinder findNearestMatch
INFO: Unable to find CDP implementation matching 103.
Jul 22, 2022 4:02:46 PM org.openqa.selenium.chromium.ChromiumDriver lambda$new$3
WARNING: Unable to find version of CDP to use for . You may need to include a dependency on a specific version of the CDP using something similar to `org.seleniumhq.selenium:selenium-devtools-v86:4.1.2` where the version ("v86") matches the version of the chromium-based browser you're using and the version number of the artifact is the same as Selenium's.
]]></system-err>
  </testcase>
  <testcase name="Login scenario #6" classname="Login" time="20.001">
    <system-out><![CDATA[
@login
Scenario Outline: Login scenario                          &amp#27;[90m# src/test/resources/features/logins.feature:23&amp#27;[0m
16:03:01.200 [main] INFO io.cucumber.core.plugin.SerenityReporter - Running feature from file:///D:/PERKULIAHAN/Semester%206,Hebatt%20glad!/QE-FGD/Automation-test-Website%20-%20Copy/src/test/resources/features/logins.feature
16:03:01.220 [main] INFO net.serenitybdd.core.webdriver.driverproviders.ChromeDriverProvider - Using automatically driver download
16:03:01.380 [main] DEBUG io.github.bonigarcia.wdm.cache.ResolutionCache - Resolution chrome=103 in cache (valid until 16:34:03 22/07/2022 WIB)
16:03:01.388 [main] DEBUG io.github.bonigarcia.wdm.cache.ResolutionCache - Resolution chrome103=103.0.5060.134 in cache (valid until 17:00:36 22/07/2022 WIB)
16:03:01.388 [main] INFO io.github.bonigarcia.wdm.WebDriverManager - Using chromedriver 103.0.5060.134 (resolved driver for Chrome 103)
16:03:01.417 [main] DEBUG io.github.bonigarcia.wdm.WebDriverManager - Driver chromedriver 103.0.5060.134 found in cache
16:03:01.420 [main] INFO io.github.bonigarcia.wdm.WebDriverManager - Exporting webdriver.chrome.driver as C:\Users\ASUS\.cache\selenium\chromedriver\win32\103.0.5060.134\chromedriver.exe
16:03:01.522 [AsyncHttpClient-1-1] DEBUG org.asynchttpclient.netty.channel.DefaultChannelPool - Entry count for : http://localhost:61146 : 1
16:03:01.522 [AsyncHttpClient-1-1] DEBUG org.asynchttpclient.netty.channel.DefaultChannelPool - Adding Candidate expired Channel [id: 0x2a8106c2, L:/127.0.0.1:60510 ! R:localhost/127.0.0.1:61146] isIdleTimeoutExpired=false isRemotelyClosed=true isTtlExpired=false
16:03:01.522 [AsyncHttpClient-1-1] DEBUG org.asynchttpclient.netty.channel.DefaultChannelPool - Closing Idle Channel [id: 0x2a8106c2, L:/127.0.0.1:60510 ! R:localhost/127.0.0.1:61146]
16:03:01.522 [AsyncHttpClient-1-1] DEBUG org.asynchttpclient.netty.channel.DefaultChannelPool - Closed 1 connections out of 1 in 0 ms
16:03:01.598 [main] DEBUG net.serenitybdd.core.webdriver.driverproviders.ProvideNewDriver - Instantiating driver
16:03:01.598 [main] DEBUG net.serenitybdd.core.webdriver.driverproviders.ProvideNewDriver - Driver capabilities: Capabilities {acceptInsecureCerts: false, base.url: https://found-capstone20.ne..., browserName: chrome, chrome.driver: src/test/resources/webdrive..., driver: chrome, goog:chromeOptions: {args: [], extensions: []}}
16:03:02.170 [AsyncHttpClient-1-17] DEBUG org.asynchttpclient.netty.channel.NettyConnectListener - Using new Channel '[id: 0x43cbf920, L:/127.0.0.1:60543 - R:localhost/127.0.0.1:50851]' for 'POST' to '/session'
16:03:04.406 [AsyncHttpClient-1-17] DEBUG org.asynchttpclient.netty.handler.HttpHandler - 

Request DefaultHttpRequest(decodeResult: success, version: HTTP/1.1)
POST /session HTTP/1.1
User-Agent: selenium/4.1.2 (java windows)
Content-Length: 623
Content-Type: application/json; charset=utf-8
host: localhost:50851
accept: */*

Response DefaultHttpResponse(decodeResult: success, version: HTTP/1.1)
HTTP/1.1 200 OK
Content-Type: application/json; charset=utf-8
cache-control: no-cache
content-length: 789

16:03:04.406 [AsyncHttpClient-1-17] DEBUG org.asynchttpclient.netty.channel.ChannelManager - Adding key: http://localhost:50851 for channel [id: 0x43cbf920, L:/127.0.0.1:60543 - R:localhost/127.0.0.1:50851]
16:03:04.426 [AsyncHttpClient-1-2] DEBUG org.asynchttpclient.netty.channel.NettyConnectListener - Using new Channel '[id: 0xc4f1bb0d, L:/127.0.0.1:60552 - R:localhost/127.0.0.1:60544]' for 'GET' to '/json/version'
16:03:04.430 [AsyncHttpClient-1-2] DEBUG org.asynchttpclient.netty.handler.HttpHandler - 

Request DefaultFullHttpRequest(decodeResult: success, version: HTTP/1.1, content: EmptyByteBufBE)
GET /json/version HTTP/1.1
User-Agent: selenium/4.1.2 (java windows)
host: localhost:60544
accept: */*

Response DefaultHttpResponse(decodeResult: success, version: HTTP/1.1)
HTTP/1.1 200 OK
Content-Type: application/json; charset=UTF-8
content-length: 429

16:03:04.430 [AsyncHttpClient-1-2] DEBUG org.asynchttpclient.netty.channel.ChannelManager - Adding key: http://localhost:60544 for channel [id: 0xc4f1bb0d, L:/127.0.0.1:60552 - R:localhost/127.0.0.1:60544]
16:03:04.440 [AsyncHttpClient-1-3] DEBUG org.asynchttpclient.netty.channel.NettyConnectListener - Using new Channel '[id: 0x8e1b960e, L:/127.0.0.1:60553 - R:localhost/127.0.0.1:60544]' for 'GET' to '/devtools/browser/372b57a4-6747-4762-85e9-486a17617d1a'
16:03:04.442 [AsyncHttpClient-1-3] DEBUG org.asynchttpclient.netty.handler.WebSocketHandler - 

Request DefaultFullHttpRequest(decodeResult: success, version: HTTP/1.1, content: EmptyByteBufBE)
GET /devtools/browser/372b57a4-6747-4762-85e9-486a17617d1a HTTP/1.1
upgrade: websocket
connection: upgrade
sec-websocket-key: GQhqIV21vBcRfOlhu7GVWA==
sec-websocket-version: 13
origin: http://localhost:60544
host: localhost:60544
accept: */*
user-agent: AHC/2.1

Response DefaultHttpResponse(decodeResult: success, version: HTTP/1.1)
HTTP/1.1 101 WebSocket Protocol Handshake
Upgrade: WebSocket
Connection: Upgrade
Sec-WebSocket-Accept: rPUViPKjEZ8rT0yFIttXJOX9Ufc=

16:03:04.462 [Forwarding maximizeCurrentWindow on session 561792f9ea2240ffbca039e87ccfd69e to remote] DEBUG org.asynchttpclient.netty.request.NettyRequestSender - Using pooled Channel '[id: 0x43cbf920, L:/127.0.0.1:60543 - R:localhost/127.0.0.1:50851]' for 'POST' to 'http://localhost:50851/session/561792f9ea2240ffbca039e87ccfd69e/window/maximize'
16:03:04.462 [Forwarding maximizeCurrentWindow on session 561792f9ea2240ffbca039e87ccfd69e to remote] DEBUG org.asynchttpclient.netty.request.NettyRequestSender - Using open Channel [id: 0x43cbf920, L:/127.0.0.1:60543 - R:localhost/127.0.0.1:50851] for POST '/session/561792f9ea2240ffbca039e87ccfd69e/window/maximize'
16:03:04.904 [AsyncHttpClient-1-17] DEBUG org.asynchttpclient.netty.handler.HttpHandler - 

Request DefaultHttpRequest(decodeResult: success, version: HTTP/1.1)
POST /session/561792f9ea2240ffbca039e87ccfd69e/window/maximize HTTP/1.1
User-Agent: selenium/4.1.2 (java windows)
Content-Length: 3
Content-Type: application/json; charset=utf-8
host: localhost:50851
accept: */*

Response DefaultHttpResponse(decodeResult: success, version: HTTP/1.1)
HTTP/1.1 200 OK
Content-Type: application/json; charset=utf-8
cache-control: no-cache
content-length: 51

16:03:04.904 [AsyncHttpClient-1-17] DEBUG org.asynchttpclient.netty.channel.ChannelManager - Adding key: http://localhost:50851 for channel [id: 0x43cbf920, L:/127.0.0.1:60543 - R:localhost/127.0.0.1:50851]
16:03:04.911 [Forwarding get on session 561792f9ea2240ffbca039e87ccfd69e to remote] DEBUG org.asynchttpclient.netty.request.NettyRequestSender - Using pooled Channel '[id: 0x43cbf920, L:/127.0.0.1:60543 - R:localhost/127.0.0.1:50851]' for 'POST' to 'http://localhost:50851/session/561792f9ea2240ffbca039e87ccfd69e/url'
16:03:04.911 [Forwarding get on session 561792f9ea2240ffbca039e87ccfd69e to remote] DEBUG org.asynchttpclient.netty.request.NettyRequestSender - Using open Channel [id: 0x43cbf920, L:/127.0.0.1:60543 - R:localhost/127.0.0.1:50851] for POST '/session/561792f9ea2240ffbca039e87ccfd69e/url'
16:03:04.964 [AsyncHttpClient-1-1] DEBUG org.asynchttpclient.netty.channel.DefaultChannelPool - Entry count for : http://localhost:60544 : 1
16:03:06.034 [AsyncHttpClient-1-1] DEBUG org.asynchttpclient.netty.channel.DefaultChannelPool - Entry count for : http://localhost:60544 : 1
16:03:07.122 [AsyncHttpClient-1-1] DEBUG org.asynchttpclient.netty.channel.DefaultChannelPool - Entry count for : http://localhost:60544 : 1
16:03:08.221 [AsyncHttpClient-1-1] DEBUG org.asynchttpclient.netty.channel.DefaultChannelPool - Entry count for : http://localhost:60544 : 1
16:03:09.320 [AsyncHttpClient-1-1] DEBUG org.asynchttpclient.netty.channel.DefaultChannelPool - Entry count for : http://localhost:60544 : 1
16:03:10.534 [AsyncHttpClient-1-1] DEBUG org.asynchttpclient.netty.channel.DefaultChannelPool - Entry count for : http://localhost:60544 : 1
16:03:11.623 [AsyncHttpClient-1-1] DEBUG org.asynchttpclient.netty.channel.DefaultChannelPool - Entry count for : http://localhost:60544 : 1
16:03:12.735 [AsyncHttpClient-1-1] DEBUG org.asynchttpclient.netty.channel.DefaultChannelPool - Entry count for : http://localhost:60544 : 1
16:03:13.821 [AsyncHttpClient-1-1] DEBUG org.asynchttpclient.netty.channel.DefaultChannelPool - Entry count for : http://localhost:60544 : 1
16:03:15.107 [AsyncHttpClient-1-1] DEBUG org.asynchttpclient.netty.channel.DefaultChannelPool - Entry count for : http://localhost:60544 : 1
16:03:15.888 [AsyncHttpClient-1-17] DEBUG org.asynchttpclient.netty.handler.HttpHandler - 

Request DefaultHttpRequest(decodeResult: success, version: HTTP/1.1)
POST /session/561792f9ea2240ffbca039e87ccfd69e/url HTTP/1.1
User-Agent: selenium/4.1.2 (java windows)
Content-Length: 67
Content-Type: application/json; charset=utf-8
host: localhost:50851
accept: */*

Response DefaultHttpResponse(decodeResult: success, version: HTTP/1.1)
HTTP/1.1 200 OK
Content-Type: application/json; charset=utf-8
cache-control: no-cache
content-length: 14

16:03:15.888 [AsyncHttpClient-1-17] DEBUG org.asynchttpclient.netty.channel.ChannelManager - Adding key: http://localhost:50851 for channel [id: 0x43cbf920, L:/127.0.0.1:60543 - R:localhost/127.0.0.1:50851]
16:03:15.889 [Forwarding setTimeout on session 561792f9ea2240ffbca039e87ccfd69e to remote] DEBUG org.asynchttpclient.netty.request.NettyRequestSender - Using pooled Channel '[id: 0x43cbf920, L:/127.0.0.1:60543 - R:localhost/127.0.0.1:50851]' for 'POST' to 'http://localhost:50851/session/561792f9ea2240ffbca039e87ccfd69e/timeouts'
16:03:15.889 [Forwarding setTimeout on session 561792f9ea2240ffbca039e87ccfd69e to remote] DEBUG org.asynchttpclient.netty.request.NettyRequestSender - Using open Channel [id: 0x43cbf920, L:/127.0.0.1:60543 - R:localhost/127.0.0.1:50851] for POST '/session/561792f9ea2240ffbca039e87ccfd69e/timeouts'
16:03:15.889 [AsyncHttpClient-1-17] DEBUG org.asynchttpclient.netty.handler.HttpHandler - 

Request DefaultHttpRequest(decodeResult: success, version: HTTP/1.1)
POST /session/561792f9ea2240ffbca039e87ccfd69e/timeouts HTTP/1.1
User-Agent: selenium/4.1.2 (java windows)
Content-Length: 22
Content-Type: application/json; charset=utf-8
host: localhost:50851
accept: */*

Response DefaultHttpResponse(decodeResult: success, version: HTTP/1.1)
HTTP/1.1 200 OK
Content-Type: application/json; charset=utf-8
cache-control: no-cache
content-length: 14

16:03:15.889 [AsyncHttpClient-1-17] DEBUG org.asynchttpclient.netty.channel.ChannelManager - Adding key: http://localhost:50851 for channel [id: 0x43cbf920, L:/127.0.0.1:60543 - R:localhost/127.0.0.1:50851]
16:03:15.889 [Forwarding getCurrentUrl on session 561792f9ea2240ffbca039e87ccfd69e to remote] DEBUG org.asynchttpclient.netty.request.NettyRequestSender - Using pooled Channel '[id: 0x43cbf920, L:/127.0.0.1:60543 - R:localhost/127.0.0.1:50851]' for 'GET' to 'http://localhost:50851/session/561792f9ea2240ffbca039e87ccfd69e/url'
16:03:15.889 [Forwarding getCurrentUrl on session 561792f9ea2240ffbca039e87ccfd69e to remote] DEBUG org.asynchttpclient.netty.request.NettyRequestSender - Using open Channel [id: 0x43cbf920, L:/127.0.0.1:60543 - R:localhost/127.0.0.1:50851] for GET '/session/561792f9ea2240ffbca039e87ccfd69e/url'
16:03:15.898 [AsyncHttpClient-1-17] DEBUG org.asynchttpclient.netty.handler.HttpHandler - 

Request DefaultFullHttpRequest(decodeResult: success, version: HTTP/1.1, content: EmptyByteBufBE)
GET /session/561792f9ea2240ffbca039e87ccfd69e/url HTTP/1.1
User-Agent: selenium/4.1.2 (java windows)
Cache-Control: no-cache
Content-Type: application/json; charset=utf-8
host: localhost:50851
accept: */*

Response DefaultHttpResponse(decodeResult: success, version: HTTP/1.1)
HTTP/1.1 200 OK
Content-Type: application/json; charset=utf-8
cache-control: no-cache
content-length: 49

16:03:15.898 [AsyncHttpClient-1-17] DEBUG org.asynchttpclient.netty.channel.ChannelManager - Adding key: http://localhost:50851 for channel [id: 0x43cbf920, L:/127.0.0.1:60543 - R:localhost/127.0.0.1:50851]
  &amp#27;[32mGiven &amp#27;[0m&amp#27;[32mi have registered&amp#27;[0m                                 &amp#27;[90m# starter.stepdefinitions.loginSteps.iHaveRegistered()&amp#27;[0m
16:03:15.912 [Forwarding screenshot on session 561792f9ea2240ffbca039e87ccfd69e to remote] DEBUG org.asynchttpclient.netty.request.NettyRequestSender - Using pooled Channel '[id: 0x43cbf920, L:/127.0.0.1:60543 - R:localhost/127.0.0.1:50851]' for 'GET' to 'http://localhost:50851/session/561792f9ea2240ffbca039e87ccfd69e/screenshot'
16:03:15.912 [Forwarding screenshot on session 561792f9ea2240ffbca039e87ccfd69e to remote] DEBUG org.asynchttpclient.netty.request.NettyRequestSender - Using open Channel [id: 0x43cbf920, L:/127.0.0.1:60543 - R:localhost/127.0.0.1:50851] for GET '/session/561792f9ea2240ffbca039e87ccfd69e/screenshot'
16:03:16.121 [AsyncHttpClient-1-1] DEBUG org.asynchttpclient.netty.channel.DefaultChannelPool - Entry count for : http://localhost:60544 : 1
16:03:16.550 [AsyncHttpClient-1-17] DEBUG org.asynchttpclient.netty.handler.HttpHandler - 

Request DefaultFullHttpRequest(decodeResult: success, version: HTTP/1.1, content: EmptyByteBufBE)
GET /session/561792f9ea2240ffbca039e87ccfd69e/screenshot HTTP/1.1
User-Agent: selenium/4.1.2 (java windows)
Cache-Control: no-cache
Content-Type: application/json; charset=utf-8
host: localhost:50851
accept: */*

Response DefaultHttpResponse(decodeResult: success, version: HTTP/1.1)
HTTP/1.1 200 OK
Content-Type: application/json; charset=utf-8
cache-control: no-cache
content-length: 354376

16:03:16.555 [AsyncHttpClient-1-17] DEBUG org.asynchttpclient.netty.channel.ChannelManager - Adding key: http://localhost:50851 for channel [id: 0x43cbf920, L:/127.0.0.1:60543 - R:localhost/127.0.0.1:50851]
16:03:16.569 [main] DEBUG net.serenitybdd.core.photography.Darkroom - Send negative for processing for target\site\serenity\4660354df54a12fcd895682f5709ada0fe64cb7be35e163b54bdc9c5bb06ca8f.png
16:03:16.601 [Forwarding findElement on session 561792f9ea2240ffbca039e87ccfd69e to remote] DEBUG org.asynchttpclient.netty.request.NettyRequestSender - Using pooled Channel '[id: 0x43cbf920, L:/127.0.0.1:60543 - R:localhost/127.0.0.1:50851]' for 'POST' to 'http://localhost:50851/session/561792f9ea2240ffbca039e87ccfd69e/element'
16:03:16.601 [Forwarding findElement on session 561792f9ea2240ffbca039e87ccfd69e to remote] DEBUG org.asynchttpclient.netty.request.NettyRequestSender - Using open Channel [id: 0x43cbf920, L:/127.0.0.1:60543 - R:localhost/127.0.0.1:50851] for POST '/session/561792f9ea2240ffbca039e87ccfd69e/element'
16:03:16.650 [AsyncHttpClient-1-17] DEBUG org.asynchttpclient.netty.handler.HttpHandler - 

Request DefaultHttpRequest(decodeResult: success, version: HTTP/1.1)
POST /session/561792f9ea2240ffbca039e87ccfd69e/element HTTP/1.1
User-Agent: selenium/4.1.2 (java windows)
Content-Length: 55
Content-Type: application/json; charset=utf-8
host: localhost:50851
accept: */*

Response DefaultHttpResponse(decodeResult: success, version: HTTP/1.1)
HTTP/1.1 200 OK
Content-Type: application/json; charset=utf-8
cache-control: no-cache
content-length: 88

16:03:16.650 [AsyncHttpClient-1-17] DEBUG org.asynchttpclient.netty.channel.ChannelManager - Adding key: http://localhost:50851 for channel [id: 0x43cbf920, L:/127.0.0.1:60543 - R:localhost/127.0.0.1:50851]
16:03:16.658 [Forwarding isElementDisplayed on session 561792f9ea2240ffbca039e87ccfd69e to remote] DEBUG org.asynchttpclient.netty.request.NettyRequestSender - Using pooled Channel '[id: 0x43cbf920, L:/127.0.0.1:60543 - R:localhost/127.0.0.1:50851]' for 'POST' to 'http://localhost:50851/session/561792f9ea2240ffbca039e87ccfd69e/execute/sync'
16:03:16.658 [Forwarding isElementDisplayed on session 561792f9ea2240ffbca039e87ccfd69e to remote] DEBUG org.asynchttpclient.netty.request.NettyRequestSender - Using open Channel [id: 0x43cbf920, L:/127.0.0.1:60543 - R:localhost/127.0.0.1:50851] for POST '/session/561792f9ea2240ffbca039e87ccfd69e/execute/sync'
16:03:16.700 [AsyncHttpClient-1-17] DEBUG org.asynchttpclient.netty.handler.HttpHandler - 

Request DefaultHttpRequest(decodeResult: success, version: HTTP/1.1)
POST /session/561792f9ea2240ffbca039e87ccfd69e/execute/sync HTTP/1.1
User-Agent: selenium/4.1.2 (java windows)
Content-Length: 48780
Content-Type: application/json; charset=utf-8
host: localhost:50851
accept: */*

Response DefaultHttpResponse(decodeResult: success, version: HTTP/1.1)
HTTP/1.1 200 OK
Content-Type: application/json; charset=utf-8
cache-control: no-cache
content-length: 14

16:03:16.700 [AsyncHttpClient-1-17] DEBUG org.asynchttpclient.netty.channel.ChannelManager - Adding key: http://localhost:50851 for channel [id: 0x43cbf920, L:/127.0.0.1:60543 - R:localhost/127.0.0.1:50851]
16:03:16.708 [Forwarding findElement on session 561792f9ea2240ffbca039e87ccfd69e to remote] DEBUG org.asynchttpclient.netty.request.NettyRequestSender - Using pooled Channel '[id: 0x43cbf920, L:/127.0.0.1:60543 - R:localhost/127.0.0.1:50851]' for 'POST' to 'http://localhost:50851/session/561792f9ea2240ffbca039e87ccfd69e/element'
16:03:16.708 [Forwarding findElement on session 561792f9ea2240ffbca039e87ccfd69e to remote] DEBUG org.asynchttpclient.netty.request.NettyRequestSender - Using open Channel [id: 0x43cbf920, L:/127.0.0.1:60543 - R:localhost/127.0.0.1:50851] for POST '/session/561792f9ea2240ffbca039e87ccfd69e/element'
16:03:16.752 [AsyncHttpClient-1-17] DEBUG org.asynchttpclient.netty.handler.HttpHandler - 

Request DefaultHttpRequest(decodeResult: success, version: HTTP/1.1)
POST /session/561792f9ea2240ffbca039e87ccfd69e/element HTTP/1.1
User-Agent: selenium/4.1.2 (java windows)
Content-Length: 72
Content-Type: application/json; charset=utf-8
host: localhost:50851
accept: */*

Response DefaultHttpResponse(decodeResult: success, version: HTTP/1.1)
HTTP/1.1 200 OK
Content-Type: application/json; charset=utf-8
cache-control: no-cache
content-length: 88

16:03:16.752 [AsyncHttpClient-1-17] DEBUG org.asynchttpclient.netty.channel.ChannelManager - Adding key: http://localhost:50851 for channel [id: 0x43cbf920, L:/127.0.0.1:60543 - R:localhost/127.0.0.1:50851]
16:03:16.752 [Forwarding getElementTagName on session 561792f9ea2240ffbca039e87ccfd69e to remote] DEBUG org.asynchttpclient.netty.request.NettyRequestSender - Using pooled Channel '[id: 0x43cbf920, L:/127.0.0.1:60543 - R:localhost/127.0.0.1:50851]' for 'GET' to 'http://localhost:50851/session/561792f9ea2240ffbca039e87ccfd69e/element/e768a8bb-59ef-48ee-8bf1-8c0a83c92722/name'
16:03:16.752 [Forwarding getElementTagName on session 561792f9ea2240ffbca039e87ccfd69e to remote] DEBUG org.asynchttpclient.netty.request.NettyRequestSender - Using open Channel [id: 0x43cbf920, L:/127.0.0.1:60543 - R:localhost/127.0.0.1:50851] for GET '/session/561792f9ea2240ffbca039e87ccfd69e/element/e768a8bb-59ef-48ee-8bf1-8c0a83c92722/name'
16:03:16.800 [AsyncHttpClient-1-17] DEBUG org.asynchttpclient.netty.handler.HttpHandler - 

Request DefaultFullHttpRequest(decodeResult: success, version: HTTP/1.1, content: EmptyByteBufBE)
GET /session/561792f9ea2240ffbca039e87ccfd69e/element/e768a8bb-59ef-48ee-8bf1-8c0a83c92722/name HTTP/1.1
User-Agent: selenium/4.1.2 (java windows)
Cache-Control: no-cache
Content-Type: application/json; charset=utf-8
host: localhost:50851
accept: */*

Response DefaultHttpResponse(decodeResult: success, version: HTTP/1.1)
HTTP/1.1 200 OK
Content-Type: application/json; charset=utf-8
cache-control: no-cache
content-length: 13

16:03:16.800 [AsyncHttpClient-1-17] DEBUG org.asynchttpclient.netty.channel.ChannelManager - Adding key: http://localhost:50851 for channel [id: 0x43cbf920, L:/127.0.0.1:60543 - R:localhost/127.0.0.1:50851]
16:03:16.800 [Forwarding getElementTagName on session 561792f9ea2240ffbca039e87ccfd69e to remote] DEBUG org.asynchttpclient.netty.request.NettyRequestSender - Using pooled Channel '[id: 0x43cbf920, L:/127.0.0.1:60543 - R:localhost/127.0.0.1:50851]' for 'GET' to 'http://localhost:50851/session/561792f9ea2240ffbca039e87ccfd69e/element/e768a8bb-59ef-48ee-8bf1-8c0a83c92722/name'
16:03:16.800 [Forwarding getElementTagName on session 561792f9ea2240ffbca039e87ccfd69e to remote] DEBUG org.asynchttpclient.netty.request.NettyRequestSender - Using open Channel [id: 0x43cbf920, L:/127.0.0.1:60543 - R:localhost/127.0.0.1:50851] for GET '/session/561792f9ea2240ffbca039e87ccfd69e/element/e768a8bb-59ef-48ee-8bf1-8c0a83c92722/name'
16:03:16.848 [AsyncHttpClient-1-17] DEBUG org.asynchttpclient.netty.handler.HttpHandler - 

Request DefaultFullHttpRequest(decodeResult: success, version: HTTP/1.1, content: EmptyByteBufBE)
GET /session/561792f9ea2240ffbca039e87ccfd69e/element/e768a8bb-59ef-48ee-8bf1-8c0a83c92722/name HTTP/1.1
User-Agent: selenium/4.1.2 (java windows)
Cache-Control: no-cache
Content-Type: application/json; charset=utf-8
host: localhost:50851
accept: */*

Response DefaultHttpResponse(decodeResult: success, version: HTTP/1.1)
HTTP/1.1 200 OK
Content-Type: application/json; charset=utf-8
cache-control: no-cache
content-length: 13

16:03:16.848 [AsyncHttpClient-1-17] DEBUG org.asynchttpclient.netty.channel.ChannelManager - Adding key: http://localhost:50851 for channel [id: 0x43cbf920, L:/127.0.0.1:60543 - R:localhost/127.0.0.1:50851]
16:03:16.859 [Forwarding findElement on session 561792f9ea2240ffbca039e87ccfd69e to remote] DEBUG org.asynchttpclient.netty.request.NettyRequestSender - Using pooled Channel '[id: 0x43cbf920, L:/127.0.0.1:60543 - R:localhost/127.0.0.1:50851]' for 'POST' to 'http://localhost:50851/session/561792f9ea2240ffbca039e87ccfd69e/element'
16:03:16.859 [Forwarding findElement on session 561792f9ea2240ffbca039e87ccfd69e to remote] DEBUG org.asynchttpclient.netty.request.NettyRequestSender - Using open Channel [id: 0x43cbf920, L:/127.0.0.1:60543 - R:localhost/127.0.0.1:50851] for POST '/session/561792f9ea2240ffbca039e87ccfd69e/element'
16:03:16.899 [AsyncHttpClient-1-17] DEBUG org.asynchttpclient.netty.handler.HttpHandler - 

Request DefaultHttpRequest(decodeResult: success, version: HTTP/1.1)
POST /session/561792f9ea2240ffbca039e87ccfd69e/element HTTP/1.1
User-Agent: selenium/4.1.2 (java windows)
Content-Length: 72
Content-Type: application/json; charset=utf-8
host: localhost:50851
accept: */*

Response DefaultHttpResponse(decodeResult: success, version: HTTP/1.1)
HTTP/1.1 200 OK
Content-Type: application/json; charset=utf-8
cache-control: no-cache
content-length: 88

16:03:16.899 [AsyncHttpClient-1-17] DEBUG org.asynchttpclient.netty.channel.ChannelManager - Adding key: http://localhost:50851 for channel [id: 0x43cbf920, L:/127.0.0.1:60543 - R:localhost/127.0.0.1:50851]
16:03:16.907 [Forwarding clickElement on session 561792f9ea2240ffbca039e87ccfd69e to remote] DEBUG org.asynchttpclient.netty.request.NettyRequestSender - Using pooled Channel '[id: 0x43cbf920, L:/127.0.0.1:60543 - R:localhost/127.0.0.1:50851]' for 'POST' to 'http://localhost:50851/session/561792f9ea2240ffbca039e87ccfd69e/element/e768a8bb-59ef-48ee-8bf1-8c0a83c92722/click'
16:03:16.907 [Forwarding clickElement on session 561792f9ea2240ffbca039e87ccfd69e to remote] DEBUG org.asynchttpclient.netty.request.NettyRequestSender - Using open Channel [id: 0x43cbf920, L:/127.0.0.1:60543 - R:localhost/127.0.0.1:50851] for POST '/session/561792f9ea2240ffbca039e87ccfd69e/element/e768a8bb-59ef-48ee-8bf1-8c0a83c92722/click'
16:03:17.087 [AsyncHttpClient-1-17] DEBUG org.asynchttpclient.netty.handler.HttpHandler - 

Request DefaultHttpRequest(decodeResult: success, version: HTTP/1.1)
POST /session/561792f9ea2240ffbca039e87ccfd69e/element/e768a8bb-59ef-48ee-8bf1-8c0a83c92722/click HTTP/1.1
User-Agent: selenium/4.1.2 (java windows)
Content-Length: 50
Content-Type: application/json; charset=utf-8
host: localhost:50851
accept: */*

Response DefaultHttpResponse(decodeResult: success, version: HTTP/1.1)
HTTP/1.1 200 OK
Content-Type: application/json; charset=utf-8
cache-control: no-cache
content-length: 14

16:03:17.087 [AsyncHttpClient-1-17] DEBUG org.asynchttpclient.netty.channel.ChannelManager - Adding key: http://localhost:50851 for channel [id: 0x43cbf920, L:/127.0.0.1:60543 - R:localhost/127.0.0.1:50851]
  &amp#27;[32mWhen &amp#27;[0m&amp#27;[32mi click get started&amp#27;[0m                                &amp#27;[90m# starter.stepdefinitions.registerSteps.iClickGetStarted()&amp#27;[0m
16:03:17.112 [Forwarding screenshot on session 561792f9ea2240ffbca039e87ccfd69e to remote] DEBUG org.asynchttpclient.netty.request.NettyRequestSender - Using pooled Channel '[id: 0x43cbf920, L:/127.0.0.1:60543 - R:localhost/127.0.0.1:50851]' for 'GET' to 'http://localhost:50851/session/561792f9ea2240ffbca039e87ccfd69e/screenshot'
16:03:17.112 [Forwarding screenshot on session 561792f9ea2240ffbca039e87ccfd69e to remote] DEBUG org.asynchttpclient.netty.request.NettyRequestSender - Using open Channel [id: 0x43cbf920, L:/127.0.0.1:60543 - R:localhost/127.0.0.1:50851] for GET '/session/561792f9ea2240ffbca039e87ccfd69e/screenshot'
16:03:17.225 [AsyncHttpClient-1-1] DEBUG org.asynchttpclient.netty.channel.DefaultChannelPool - Entry count for : http://localhost:60544 : 1
16:03:17.579 [AsyncHttpClient-1-17] DEBUG org.asynchttpclient.netty.handler.HttpHandler - 

Request DefaultFullHttpRequest(decodeResult: success, version: HTTP/1.1, content: EmptyByteBufBE)
GET /session/561792f9ea2240ffbca039e87ccfd69e/screenshot HTTP/1.1
User-Agent: selenium/4.1.2 (java windows)
Cache-Control: no-cache
Content-Type: application/json; charset=utf-8
host: localhost:50851
accept: */*

Response DefaultHttpResponse(decodeResult: success, version: HTTP/1.1)
HTTP/1.1 200 OK
Content-Type: application/json; charset=utf-8
cache-control: no-cache
content-length: 136892

16:03:17.579 [AsyncHttpClient-1-17] DEBUG org.asynchttpclient.netty.channel.ChannelManager - Adding key: http://localhost:50851 for channel [id: 0x43cbf920, L:/127.0.0.1:60543 - R:localhost/127.0.0.1:50851]
16:03:17.590 [main] DEBUG net.serenitybdd.core.photography.Darkroom - Send negative for processing for target\site\serenity\292bda214636cc90887eed2ce2140b4fa41649e24b9eb43520220bc702643169.png
16:03:17.590 [Darkroom Processing Line] DEBUG net.serenitybdd.core.photography.DarkroomProcessingLine - Processing screenshot image in /var/screenshots/screenshot-10760366876266624870
16:03:17.590 [Darkroom Processing Line] DEBUG net.serenitybdd.core.photography.DarkroomProcessingLine - Saving screenshot to target\site\serenity\292bda214636cc90887eed2ce2140b4fa41649e24b9eb43520220bc702643169.png
16:03:17.610 [Forwarding findElement on session 561792f9ea2240ffbca039e87ccfd69e to remote] DEBUG org.asynchttpclient.netty.request.NettyRequestSender - Using pooled Channel '[id: 0x43cbf920, L:/127.0.0.1:60543 - R:localhost/127.0.0.1:50851]' for 'POST' to 'http://localhost:50851/session/561792f9ea2240ffbca039e87ccfd69e/element'
16:03:17.610 [Forwarding findElement on session 561792f9ea2240ffbca039e87ccfd69e to remote] DEBUG org.asynchttpclient.netty.request.NettyRequestSender - Using open Channel [id: 0x43cbf920, L:/127.0.0.1:60543 - R:localhost/127.0.0.1:50851] for POST '/session/561792f9ea2240ffbca039e87ccfd69e/element'
16:03:17.639 [AsyncHttpClient-1-17] DEBUG org.asynchttpclient.netty.handler.HttpHandler - 

Request DefaultHttpRequest(decodeResult: success, version: HTTP/1.1)
POST /session/561792f9ea2240ffbca039e87ccfd69e/element HTTP/1.1
User-Agent: selenium/4.1.2 (java windows)
Content-Length: 67
Content-Type: application/json; charset=utf-8
host: localhost:50851
accept: */*

Response DefaultHttpResponse(decodeResult: success, version: HTTP/1.1)
HTTP/1.1 200 OK
Content-Type: application/json; charset=utf-8
cache-control: no-cache
content-length: 88

16:03:17.639 [AsyncHttpClient-1-17] DEBUG org.asynchttpclient.netty.channel.ChannelManager - Adding key: http://localhost:50851 for channel [id: 0x43cbf920, L:/127.0.0.1:60543 - R:localhost/127.0.0.1:50851]
16:03:17.647 [Forwarding clearElement on session 561792f9ea2240ffbca039e87ccfd69e to remote] DEBUG org.asynchttpclient.netty.request.NettyRequestSender - Using pooled Channel '[id: 0x43cbf920, L:/127.0.0.1:60543 - R:localhost/127.0.0.1:50851]' for 'POST' to 'http://localhost:50851/session/561792f9ea2240ffbca039e87ccfd69e/element/4dc80d49-ba4e-4fcc-a1c5-bd17f4d404aa/clear'
16:03:17.647 [Forwarding clearElement on session 561792f9ea2240ffbca039e87ccfd69e to remote] DEBUG org.asynchttpclient.netty.request.NettyRequestSender - Using open Channel [id: 0x43cbf920, L:/127.0.0.1:60543 - R:localhost/127.0.0.1:50851] for POST '/session/561792f9ea2240ffbca039e87ccfd69e/element/4dc80d49-ba4e-4fcc-a1c5-bd17f4d404aa/clear'
16:03:17.709 [AsyncHttpClient-1-17] DEBUG org.asynchttpclient.netty.handler.HttpHandler - 

Request DefaultHttpRequest(decodeResult: success, version: HTTP/1.1)
POST /session/561792f9ea2240ffbca039e87ccfd69e/element/4dc80d49-ba4e-4fcc-a1c5-bd17f4d404aa/clear HTTP/1.1
User-Agent: selenium/4.1.2 (java windows)
Content-Length: 50
Content-Type: application/json; charset=utf-8
host: localhost:50851
accept: */*

Response DefaultHttpResponse(decodeResult: success, version: HTTP/1.1)
HTTP/1.1 200 OK
Content-Type: application/json; charset=utf-8
cache-control: no-cache
content-length: 14

16:03:17.709 [AsyncHttpClient-1-17] DEBUG org.asynchttpclient.netty.channel.ChannelManager - Adding key: http://localhost:50851 for channel [id: 0x43cbf920, L:/127.0.0.1:60543 - R:localhost/127.0.0.1:50851]
16:03:17.717 [Forwarding sendKeysToElement on session 561792f9ea2240ffbca039e87ccfd69e to remote] DEBUG org.asynchttpclient.netty.request.NettyRequestSender - Using pooled Channel '[id: 0x43cbf920, L:/127.0.0.1:60543 - R:localhost/127.0.0.1:50851]' for 'POST' to 'http://localhost:50851/session/561792f9ea2240ffbca039e87ccfd69e/element/4dc80d49-ba4e-4fcc-a1c5-bd17f4d404aa/value'
16:03:17.717 [Forwarding sendKeysToElement on session 561792f9ea2240ffbca039e87ccfd69e to remote] DEBUG org.asynchttpclient.netty.request.NettyRequestSender - Using open Channel [id: 0x43cbf920, L:/127.0.0.1:60543 - R:localhost/127.0.0.1:50851] for POST '/session/561792f9ea2240ffbca039e87ccfd69e/element/4dc80d49-ba4e-4fcc-a1c5-bd17f4d404aa/value'
16:03:17.881 [AsyncHttpClient-1-17] DEBUG org.asynchttpclient.netty.handler.HttpHandler - 

Request DefaultHttpRequest(decodeResult: success, version: HTTP/1.1)
POST /session/561792f9ea2240ffbca039e87ccfd69e/element/4dc80d49-ba4e-4fcc-a1c5-bd17f4d404aa/value HTTP/1.1
User-Agent: selenium/4.1.2 (java windows)
Content-Length: 231
Content-Type: application/json; charset=utf-8
host: localhost:50851
accept: */*

Response DefaultHttpResponse(decodeResult: success, version: HTTP/1.1)
HTTP/1.1 200 OK
Content-Type: application/json; charset=utf-8
cache-control: no-cache
content-length: 14

16:03:17.881 [AsyncHttpClient-1-17] DEBUG org.asynchttpclient.netty.channel.ChannelManager - Adding key: http://localhost:50851 for channel [id: 0x43cbf920, L:/127.0.0.1:60543 - R:localhost/127.0.0.1:50851]
16:03:17.889 [Forwarding findElement on session 561792f9ea2240ffbca039e87ccfd69e to remote] DEBUG org.asynchttpclient.netty.request.NettyRequestSender - Using pooled Channel '[id: 0x43cbf920, L:/127.0.0.1:60543 - R:localhost/127.0.0.1:50851]' for 'POST' to 'http://localhost:50851/session/561792f9ea2240ffbca039e87ccfd69e/element'
16:03:17.889 [Forwarding findElement on session 561792f9ea2240ffbca039e87ccfd69e to remote] DEBUG org.asynchttpclient.netty.request.NettyRequestSender - Using open Channel [id: 0x43cbf920, L:/127.0.0.1:60543 - R:localhost/127.0.0.1:50851] for POST '/session/561792f9ea2240ffbca039e87ccfd69e/element'
16:03:17.921 [AsyncHttpClient-1-17] DEBUG org.asynchttpclient.netty.handler.HttpHandler - 

Request DefaultHttpRequest(decodeResult: success, version: HTTP/1.1)
POST /session/561792f9ea2240ffbca039e87ccfd69e/element HTTP/1.1
User-Agent: selenium/4.1.2 (java windows)
Content-Length: 70
Content-Type: application/json; charset=utf-8
host: localhost:50851
accept: */*

Response DefaultHttpResponse(decodeResult: success, version: HTTP/1.1)
HTTP/1.1 200 OK
Content-Type: application/json; charset=utf-8
cache-control: no-cache
content-length: 88

16:03:17.921 [AsyncHttpClient-1-17] DEBUG org.asynchttpclient.netty.channel.ChannelManager - Adding key: http://localhost:50851 for channel [id: 0x43cbf920, L:/127.0.0.1:60543 - R:localhost/127.0.0.1:50851]
16:03:17.929 [Forwarding clearElement on session 561792f9ea2240ffbca039e87ccfd69e to remote] DEBUG org.asynchttpclient.netty.request.NettyRequestSender - Using pooled Channel '[id: 0x43cbf920, L:/127.0.0.1:60543 - R:localhost/127.0.0.1:50851]' for 'POST' to 'http://localhost:50851/session/561792f9ea2240ffbca039e87ccfd69e/element/02f8f6da-a224-414f-932e-389ed7eca3c1/clear'
16:03:17.929 [Forwarding clearElement on session 561792f9ea2240ffbca039e87ccfd69e to remote] DEBUG org.asynchttpclient.netty.request.NettyRequestSender - Using open Channel [id: 0x43cbf920, L:/127.0.0.1:60543 - R:localhost/127.0.0.1:50851] for POST '/session/561792f9ea2240ffbca039e87ccfd69e/element/02f8f6da-a224-414f-932e-389ed7eca3c1/clear'
16:03:18.000 [AsyncHttpClient-1-17] DEBUG org.asynchttpclient.netty.handler.HttpHandler - 

Request DefaultHttpRequest(decodeResult: success, version: HTTP/1.1)
POST /session/561792f9ea2240ffbca039e87ccfd69e/element/02f8f6da-a224-414f-932e-389ed7eca3c1/clear HTTP/1.1
User-Agent: selenium/4.1.2 (java windows)
Content-Length: 50
Content-Type: application/json; charset=utf-8
host: localhost:50851
accept: */*

Response DefaultHttpResponse(decodeResult: success, version: HTTP/1.1)
HTTP/1.1 200 OK
Content-Type: application/json; charset=utf-8
cache-control: no-cache
content-length: 14

16:03:18.000 [AsyncHttpClient-1-17] DEBUG org.asynchttpclient.netty.channel.ChannelManager - Adding key: http://localhost:50851 for channel [id: 0x43cbf920, L:/127.0.0.1:60543 - R:localhost/127.0.0.1:50851]
16:03:18.008 [Forwarding sendKeysToElement on session 561792f9ea2240ffbca039e87ccfd69e to remote] DEBUG org.asynchttpclient.netty.request.NettyRequestSender - Using pooled Channel '[id: 0x43cbf920, L:/127.0.0.1:60543 - R:localhost/127.0.0.1:50851]' for 'POST' to 'http://localhost:50851/session/561792f9ea2240ffbca039e87ccfd69e/element/02f8f6da-a224-414f-932e-389ed7eca3c1/value'
16:03:18.008 [Forwarding sendKeysToElement on session 561792f9ea2240ffbca039e87ccfd69e to remote] DEBUG org.asynchttpclient.netty.request.NettyRequestSender - Using open Channel [id: 0x43cbf920, L:/127.0.0.1:60543 - R:localhost/127.0.0.1:50851] for POST '/session/561792f9ea2240ffbca039e87ccfd69e/element/02f8f6da-a224-414f-932e-389ed7eca3c1/value'
16:03:18.198 [AsyncHttpClient-1-17] DEBUG org.asynchttpclient.netty.handler.HttpHandler - 

Request DefaultHttpRequest(decodeResult: success, version: HTTP/1.1)
POST /session/561792f9ea2240ffbca039e87ccfd69e/element/02f8f6da-a224-414f-932e-389ed7eca3c1/value HTTP/1.1
User-Agent: selenium/4.1.2 (java windows)
Content-Length: 171
Content-Type: application/json; charset=utf-8
host: localhost:50851
accept: */*

Response DefaultHttpResponse(decodeResult: success, version: HTTP/1.1)
HTTP/1.1 200 OK
Content-Type: application/json; charset=utf-8
cache-control: no-cache
content-length: 14

16:03:18.198 [AsyncHttpClient-1-17] DEBUG org.asynchttpclient.netty.channel.ChannelManager - Adding key: http://localhost:50851 for channel [id: 0x43cbf920, L:/127.0.0.1:60543 - R:localhost/127.0.0.1:50851]
  &amp#27;[32mAnd &amp#27;[0m&amp#27;[32mi input &amp#27;[0m&amp#27;[32m&amp#27;[1m"sonya@gmail.com"&amp#27;[0m&amp#27;[32m and &amp#27;[0m&amp#27;[32m&amp#27;[1m"SonyaPrds"&amp#27;[0m&amp#27;[32m for login&amp#27;[0m &amp#27;[90m# starter.stepdefinitions.loginSteps.iInputAndForLogin(java.lang.String,java.lang.String)&amp#27;[0m
16:03:18.210 [Forwarding screenshot on session 561792f9ea2240ffbca039e87ccfd69e to remote] DEBUG org.asynchttpclient.netty.request.NettyRequestSender - Using pooled Channel '[id: 0x43cbf920, L:/127.0.0.1:60543 - R:localhost/127.0.0.1:50851]' for 'GET' to 'http://localhost:50851/session/561792f9ea2240ffbca039e87ccfd69e/screenshot'
16:03:18.210 [Forwarding screenshot on session 561792f9ea2240ffbca039e87ccfd69e to remote] DEBUG org.asynchttpclient.netty.request.NettyRequestSender - Using open Channel [id: 0x43cbf920, L:/127.0.0.1:60543 - R:localhost/127.0.0.1:50851] for GET '/session/561792f9ea2240ffbca039e87ccfd69e/screenshot'
16:03:18.321 [AsyncHttpClient-1-1] DEBUG org.asynchttpclient.netty.channel.DefaultChannelPool - Entry count for : http://localhost:60544 : 1
16:03:18.501 [AsyncHttpClient-1-17] DEBUG org.asynchttpclient.netty.handler.HttpHandler - 

Request DefaultFullHttpRequest(decodeResult: success, version: HTTP/1.1, content: EmptyByteBufBE)
GET /session/561792f9ea2240ffbca039e87ccfd69e/screenshot HTTP/1.1
User-Agent: selenium/4.1.2 (java windows)
Cache-Control: no-cache
Content-Type: application/json; charset=utf-8
host: localhost:50851
accept: */*

Response DefaultHttpResponse(decodeResult: success, version: HTTP/1.1)
HTTP/1.1 200 OK
Content-Type: application/json; charset=utf-8
cache-control: no-cache
content-length: 126504

16:03:18.501 [AsyncHttpClient-1-17] DEBUG org.asynchttpclient.netty.channel.ChannelManager - Adding key: http://localhost:50851 for channel [id: 0x43cbf920, L:/127.0.0.1:60543 - R:localhost/127.0.0.1:50851]
16:03:18.508 [main] DEBUG net.serenitybdd.core.photography.Darkroom - Send negative for processing for target\site\serenity\42df9b4a51a4da0799d1cb60fc3c383848f306a2631b8c74f1e1cc5551bc53d4.png
16:03:18.508 [Darkroom Processing Line] DEBUG net.serenitybdd.core.photography.DarkroomProcessingLine - Processing screenshot image in /var/screenshots/screenshot-18353596907749419620
16:03:18.508 [Darkroom Processing Line] DEBUG net.serenitybdd.core.photography.DarkroomProcessingLine - Saving screenshot to target\site\serenity\42df9b4a51a4da0799d1cb60fc3c383848f306a2631b8c74f1e1cc5551bc53d4.png
16:03:18.521 [Forwarding findElement on session 561792f9ea2240ffbca039e87ccfd69e to remote] DEBUG org.asynchttpclient.netty.request.NettyRequestSender - Using pooled Channel '[id: 0x43cbf920, L:/127.0.0.1:60543 - R:localhost/127.0.0.1:50851]' for 'POST' to 'http://localhost:50851/session/561792f9ea2240ffbca039e87ccfd69e/element'
16:03:18.521 [Forwarding findElement on session 561792f9ea2240ffbca039e87ccfd69e to remote] DEBUG org.asynchttpclient.netty.request.NettyRequestSender - Using open Channel [id: 0x43cbf920, L:/127.0.0.1:60543 - R:localhost/127.0.0.1:50851] for POST '/session/561792f9ea2240ffbca039e87ccfd69e/element'
16:03:18.542 [AsyncHttpClient-1-17] DEBUG org.asynchttpclient.netty.handler.HttpHandler - 

Request DefaultHttpRequest(decodeResult: success, version: HTTP/1.1)
POST /session/561792f9ea2240ffbca039e87ccfd69e/element HTTP/1.1
User-Agent: selenium/4.1.2 (java windows)
Content-Length: 53
Content-Type: application/json; charset=utf-8
host: localhost:50851
accept: */*

Response DefaultHttpResponse(decodeResult: success, version: HTTP/1.1)
HTTP/1.1 200 OK
Content-Type: application/json; charset=utf-8
cache-control: no-cache
content-length: 88

16:03:18.542 [AsyncHttpClient-1-17] DEBUG org.asynchttpclient.netty.channel.ChannelManager - Adding key: http://localhost:50851 for channel [id: 0x43cbf920, L:/127.0.0.1:60543 - R:localhost/127.0.0.1:50851]
16:03:18.542 [Forwarding getElementTagName on session 561792f9ea2240ffbca039e87ccfd69e to remote] DEBUG org.asynchttpclient.netty.request.NettyRequestSender - Using pooled Channel '[id: 0x43cbf920, L:/127.0.0.1:60543 - R:localhost/127.0.0.1:50851]' for 'GET' to 'http://localhost:50851/session/561792f9ea2240ffbca039e87ccfd69e/element/7f6f5f94-e654-403e-97d8-36bed9ec0957/name'
16:03:18.542 [Forwarding getElementTagName on session 561792f9ea2240ffbca039e87ccfd69e to remote] DEBUG org.asynchttpclient.netty.request.NettyRequestSender - Using open Channel [id: 0x43cbf920, L:/127.0.0.1:60543 - R:localhost/127.0.0.1:50851] for GET '/session/561792f9ea2240ffbca039e87ccfd69e/element/7f6f5f94-e654-403e-97d8-36bed9ec0957/name'
16:03:18.550 [AsyncHttpClient-1-17] DEBUG org.asynchttpclient.netty.handler.HttpHandler - 

Request DefaultFullHttpRequest(decodeResult: success, version: HTTP/1.1, content: EmptyByteBufBE)
GET /session/561792f9ea2240ffbca039e87ccfd69e/element/7f6f5f94-e654-403e-97d8-36bed9ec0957/name HTTP/1.1
User-Agent: selenium/4.1.2 (java windows)
Cache-Control: no-cache
Content-Type: application/json; charset=utf-8
host: localhost:50851
accept: */*

Response DefaultHttpResponse(decodeResult: success, version: HTTP/1.1)
HTTP/1.1 200 OK
Content-Type: application/json; charset=utf-8
cache-control: no-cache
content-length: 18

16:03:18.550 [AsyncHttpClient-1-17] DEBUG org.asynchttpclient.netty.channel.ChannelManager - Adding key: http://localhost:50851 for channel [id: 0x43cbf920, L:/127.0.0.1:60543 - R:localhost/127.0.0.1:50851]
16:03:18.550 [Forwarding getElementTagName on session 561792f9ea2240ffbca039e87ccfd69e to remote] DEBUG org.asynchttpclient.netty.request.NettyRequestSender - Using pooled Channel '[id: 0x43cbf920, L:/127.0.0.1:60543 - R:localhost/127.0.0.1:50851]' for 'GET' to 'http://localhost:50851/session/561792f9ea2240ffbca039e87ccfd69e/element/7f6f5f94-e654-403e-97d8-36bed9ec0957/name'
16:03:18.550 [Forwarding getElementTagName on session 561792f9ea2240ffbca039e87ccfd69e to remote] DEBUG org.asynchttpclient.netty.request.NettyRequestSender - Using open Channel [id: 0x43cbf920, L:/127.0.0.1:60543 - R:localhost/127.0.0.1:50851] for GET '/session/561792f9ea2240ffbca039e87ccfd69e/element/7f6f5f94-e654-403e-97d8-36bed9ec0957/name'
16:03:18.558 [AsyncHttpClient-1-17] DEBUG org.asynchttpclient.netty.handler.HttpHandler - 

Request DefaultFullHttpRequest(decodeResult: success, version: HTTP/1.1, content: EmptyByteBufBE)
GET /session/561792f9ea2240ffbca039e87ccfd69e/element/7f6f5f94-e654-403e-97d8-36bed9ec0957/name HTTP/1.1
User-Agent: selenium/4.1.2 (java windows)
Cache-Control: no-cache
Content-Type: application/json; charset=utf-8
host: localhost:50851
accept: */*

Response DefaultHttpResponse(decodeResult: success, version: HTTP/1.1)
HTTP/1.1 200 OK
Content-Type: application/json; charset=utf-8
cache-control: no-cache
content-length: 18

16:03:18.566 [AsyncHttpClient-1-17] DEBUG org.asynchttpclient.netty.channel.ChannelManager - Adding key: http://localhost:50851 for channel [id: 0x43cbf920, L:/127.0.0.1:60543 - R:localhost/127.0.0.1:50851]
16:03:18.570 [Forwarding isElementEnabled on session 561792f9ea2240ffbca039e87ccfd69e to remote] DEBUG org.asynchttpclient.netty.request.NettyRequestSender - Using pooled Channel '[id: 0x43cbf920, L:/127.0.0.1:60543 - R:localhost/127.0.0.1:50851]' for 'GET' to 'http://localhost:50851/session/561792f9ea2240ffbca039e87ccfd69e/element/7f6f5f94-e654-403e-97d8-36bed9ec0957/enabled'
16:03:18.570 [Forwarding isElementEnabled on session 561792f9ea2240ffbca039e87ccfd69e to remote] DEBUG org.asynchttpclient.netty.request.NettyRequestSender - Using open Channel [id: 0x43cbf920, L:/127.0.0.1:60543 - R:localhost/127.0.0.1:50851] for GET '/session/561792f9ea2240ffbca039e87ccfd69e/element/7f6f5f94-e654-403e-97d8-36bed9ec0957/enabled'
16:03:18.587 [AsyncHttpClient-1-17] DEBUG org.asynchttpclient.netty.handler.HttpHandler - 

Request DefaultFullHttpRequest(decodeResult: success, version: HTTP/1.1, content: EmptyByteBufBE)
GET /session/561792f9ea2240ffbca039e87ccfd69e/element/7f6f5f94-e654-403e-97d8-36bed9ec0957/enabled HTTP/1.1
User-Agent: selenium/4.1.2 (java windows)
Cache-Control: no-cache
Content-Type: application/json; charset=utf-8
host: localhost:50851
accept: */*

Response DefaultHttpResponse(decodeResult: success, version: HTTP/1.1)
HTTP/1.1 200 OK
Content-Type: application/json; charset=utf-8
cache-control: no-cache
content-length: 14

16:03:18.587 [AsyncHttpClient-1-17] DEBUG org.asynchttpclient.netty.channel.ChannelManager - Adding key: http://localhost:50851 for channel [id: 0x43cbf920, L:/127.0.0.1:60543 - R:localhost/127.0.0.1:50851]
16:03:18.589 [Forwarding isElementEnabled on session 561792f9ea2240ffbca039e87ccfd69e to remote] DEBUG org.asynchttpclient.netty.request.NettyRequestSender - Using pooled Channel '[id: 0x43cbf920, L:/127.0.0.1:60543 - R:localhost/127.0.0.1:50851]' for 'GET' to 'http://localhost:50851/session/561792f9ea2240ffbca039e87ccfd69e/element/7f6f5f94-e654-403e-97d8-36bed9ec0957/enabled'
16:03:18.589 [Forwarding isElementEnabled on session 561792f9ea2240ffbca039e87ccfd69e to remote] DEBUG org.asynchttpclient.netty.request.NettyRequestSender - Using open Channel [id: 0x43cbf920, L:/127.0.0.1:60543 - R:localhost/127.0.0.1:50851] for GET '/session/561792f9ea2240ffbca039e87ccfd69e/element/7f6f5f94-e654-403e-97d8-36bed9ec0957/enabled'
16:03:18.598 [AsyncHttpClient-1-17] DEBUG org.asynchttpclient.netty.handler.HttpHandler - 

Request DefaultFullHttpRequest(decodeResult: success, version: HTTP/1.1, content: EmptyByteBufBE)
GET /session/561792f9ea2240ffbca039e87ccfd69e/element/7f6f5f94-e654-403e-97d8-36bed9ec0957/enabled HTTP/1.1
User-Agent: selenium/4.1.2 (java windows)
Cache-Control: no-cache
Content-Type: application/json; charset=utf-8
host: localhost:50851
accept: */*

Response DefaultHttpResponse(decodeResult: success, version: HTTP/1.1)
HTTP/1.1 200 OK
Content-Type: application/json; charset=utf-8
cache-control: no-cache
content-length: 14

16:03:18.598 [AsyncHttpClient-1-17] DEBUG org.asynchttpclient.netty.channel.ChannelManager - Adding key: http://localhost:50851 for channel [id: 0x43cbf920, L:/127.0.0.1:60543 - R:localhost/127.0.0.1:50851]
16:03:18.598 [Forwarding findElement on session 561792f9ea2240ffbca039e87ccfd69e to remote] DEBUG org.asynchttpclient.netty.request.NettyRequestSender - Using pooled Channel '[id: 0x43cbf920, L:/127.0.0.1:60543 - R:localhost/127.0.0.1:50851]' for 'POST' to 'http://localhost:50851/session/561792f9ea2240ffbca039e87ccfd69e/element'
16:03:18.598 [Forwarding findElement on session 561792f9ea2240ffbca039e87ccfd69e to remote] DEBUG org.asynchttpclient.netty.request.NettyRequestSender - Using open Channel [id: 0x43cbf920, L:/127.0.0.1:60543 - R:localhost/127.0.0.1:50851] for POST '/session/561792f9ea2240ffbca039e87ccfd69e/element'
16:03:18.609 [AsyncHttpClient-1-17] DEBUG org.asynchttpclient.netty.handler.HttpHandler - 

Request DefaultHttpRequest(decodeResult: success, version: HTTP/1.1)
POST /session/561792f9ea2240ffbca039e87ccfd69e/element HTTP/1.1
User-Agent: selenium/4.1.2 (java windows)
Content-Length: 53
Content-Type: application/json; charset=utf-8
host: localhost:50851
accept: */*

Response DefaultHttpResponse(decodeResult: success, version: HTTP/1.1)
HTTP/1.1 200 OK
Content-Type: application/json; charset=utf-8
cache-control: no-cache
content-length: 88

16:03:18.619 [AsyncHttpClient-1-17] DEBUG org.asynchttpclient.netty.channel.ChannelManager - Adding key: http://localhost:50851 for channel [id: 0x43cbf920, L:/127.0.0.1:60543 - R:localhost/127.0.0.1:50851]
16:03:18.629 [Forwarding clickElement on session 561792f9ea2240ffbca039e87ccfd69e to remote] DEBUG org.asynchttpclient.netty.request.NettyRequestSender - Using pooled Channel '[id: 0x43cbf920, L:/127.0.0.1:60543 - R:localhost/127.0.0.1:50851]' for 'POST' to 'http://localhost:50851/session/561792f9ea2240ffbca039e87ccfd69e/element/7f6f5f94-e654-403e-97d8-36bed9ec0957/click'
16:03:18.629 [Forwarding clickElement on session 561792f9ea2240ffbca039e87ccfd69e to remote] DEBUG org.asynchttpclient.netty.request.NettyRequestSender - Using open Channel [id: 0x43cbf920, L:/127.0.0.1:60543 - R:localhost/127.0.0.1:50851] for POST '/session/561792f9ea2240ffbca039e87ccfd69e/element/7f6f5f94-e654-403e-97d8-36bed9ec0957/click'
16:03:18.698 [AsyncHttpClient-1-17] DEBUG org.asynchttpclient.netty.handler.HttpHandler - 

Request DefaultHttpRequest(decodeResult: success, version: HTTP/1.1)
POST /session/561792f9ea2240ffbca039e87ccfd69e/element/7f6f5f94-e654-403e-97d8-36bed9ec0957/click HTTP/1.1
User-Agent: selenium/4.1.2 (java windows)
Content-Length: 50
Content-Type: application/json; charset=utf-8
host: localhost:50851
accept: */*

Response DefaultHttpResponse(decodeResult: success, version: HTTP/1.1)
HTTP/1.1 200 OK
Content-Type: application/json; charset=utf-8
cache-control: no-cache
content-length: 14

16:03:18.698 [AsyncHttpClient-1-17] DEBUG org.asynchttpclient.netty.channel.ChannelManager - Adding key: http://localhost:50851 for channel [id: 0x43cbf920, L:/127.0.0.1:60543 - R:localhost/127.0.0.1:50851]
  &amp#27;[32mAnd &amp#27;[0m&amp#27;[32mi click continue button for login&amp#27;[0m                   &amp#27;[90m# starter.stepdefinitions.loginSteps.iClickContinueButtonForLogin()&amp#27;[0m
16:03:18.720 [Forwarding screenshot on session 561792f9ea2240ffbca039e87ccfd69e to remote] DEBUG org.asynchttpclient.netty.request.NettyRequestSender - Using pooled Channel '[id: 0x43cbf920, L:/127.0.0.1:60543 - R:localhost/127.0.0.1:50851]' for 'GET' to 'http://localhost:50851/session/561792f9ea2240ffbca039e87ccfd69e/screenshot'
16:03:18.720 [Forwarding screenshot on session 561792f9ea2240ffbca039e87ccfd69e to remote] DEBUG org.asynchttpclient.netty.request.NettyRequestSender - Using open Channel [id: 0x43cbf920, L:/127.0.0.1:60543 - R:localhost/127.0.0.1:50851] for GET '/session/561792f9ea2240ffbca039e87ccfd69e/screenshot'
16:03:18.940 [AsyncHttpClient-1-17] DEBUG org.asynchttpclient.netty.handler.HttpHandler - 

Request DefaultFullHttpRequest(decodeResult: success, version: HTTP/1.1, content: EmptyByteBufBE)
GET /session/561792f9ea2240ffbca039e87ccfd69e/screenshot HTTP/1.1
User-Agent: selenium/4.1.2 (java windows)
Cache-Control: no-cache
Content-Type: application/json; charset=utf-8
host: localhost:50851
accept: */*

Response DefaultHttpResponse(decodeResult: success, version: HTTP/1.1)
HTTP/1.1 200 OK
Content-Type: application/json; charset=utf-8
cache-control: no-cache
content-length: 126544

16:03:18.940 [AsyncHttpClient-1-17] DEBUG org.asynchttpclient.netty.channel.ChannelManager - Adding key: http://localhost:50851 for channel [id: 0x43cbf920, L:/127.0.0.1:60543 - R:localhost/127.0.0.1:50851]
16:03:18.952 [main] DEBUG net.serenitybdd.core.photography.Darkroom - Send negative for processing for target\site\serenity\d4dae82591899521fad5c9f3deef6750c5d967f1b763fcfce8f0ef516a08867c.png
16:03:18.952 [Darkroom Processing Line] DEBUG net.serenitybdd.core.photography.DarkroomProcessingLine - Processing screenshot image in /var/screenshots/screenshot-5506160506517368184
16:03:18.952 [Darkroom Processing Line] DEBUG net.serenitybdd.core.photography.DarkroomProcessingLine - Saving screenshot to target\site\serenity\d4dae82591899521fad5c9f3deef6750c5d967f1b763fcfce8f0ef516a08867c.png
16:03:19.421 [AsyncHttpClient-1-1] DEBUG org.asynchttpclient.netty.channel.DefaultChannelPool - Entry count for : http://localhost:50851 : 1
16:03:19.421 [AsyncHttpClient-1-1] DEBUG org.asynchttpclient.netty.channel.DefaultChannelPool - Entry count for : http://localhost:60544 : 1
16:03:19.978 [Forwarding findElement on session 561792f9ea2240ffbca039e87ccfd69e to remote] DEBUG org.asynchttpclient.netty.request.NettyRequestSender - Using pooled Channel '[id: 0x43cbf920, L:/127.0.0.1:60543 - R:localhost/127.0.0.1:50851]' for 'POST' to 'http://localhost:50851/session/561792f9ea2240ffbca039e87ccfd69e/element'
16:03:19.978 [Forwarding findElement on session 561792f9ea2240ffbca039e87ccfd69e to remote] DEBUG org.asynchttpclient.netty.request.NettyRequestSender - Using open Channel [id: 0x43cbf920, L:/127.0.0.1:60543 - R:localhost/127.0.0.1:50851] for POST '/session/561792f9ea2240ffbca039e87ccfd69e/element'
16:03:19.999 [AsyncHttpClient-1-17] DEBUG org.asynchttpclient.netty.handler.HttpHandler - 

Request DefaultHttpRequest(decodeResult: success, version: HTTP/1.1)
POST /session/561792f9ea2240ffbca039e87ccfd69e/element HTTP/1.1
User-Agent: selenium/4.1.2 (java windows)
Content-Length: 58
Content-Type: application/json; charset=utf-8
host: localhost:50851
accept: */*

Response DefaultHttpResponse(decodeResult: success, version: HTTP/1.1)
HTTP/1.1 200 OK
Content-Type: application/json; charset=utf-8
cache-control: no-cache
content-length: 88

16:03:19.999 [AsyncHttpClient-1-17] DEBUG org.asynchttpclient.netty.channel.ChannelManager - Adding key: http://localhost:50851 for channel [id: 0x43cbf920, L:/127.0.0.1:60543 - R:localhost/127.0.0.1:50851]
16:03:20.008 [Forwarding isElementDisplayed on session 561792f9ea2240ffbca039e87ccfd69e to remote] DEBUG org.asynchttpclient.netty.request.NettyRequestSender - Using pooled Channel '[id: 0x43cbf920, L:/127.0.0.1:60543 - R:localhost/127.0.0.1:50851]' for 'POST' to 'http://localhost:50851/session/561792f9ea2240ffbca039e87ccfd69e/execute/sync'
16:03:20.008 [Forwarding isElementDisplayed on session 561792f9ea2240ffbca039e87ccfd69e to remote] DEBUG org.asynchttpclient.netty.request.NettyRequestSender - Using open Channel [id: 0x43cbf920, L:/127.0.0.1:60543 - R:localhost/127.0.0.1:50851] for POST '/session/561792f9ea2240ffbca039e87ccfd69e/execute/sync'
16:03:20.032 [AsyncHttpClient-1-17] DEBUG org.asynchttpclient.netty.handler.HttpHandler - 

Request DefaultHttpRequest(decodeResult: success, version: HTTP/1.1)
POST /session/561792f9ea2240ffbca039e87ccfd69e/execute/sync HTTP/1.1
User-Agent: selenium/4.1.2 (java windows)
Content-Length: 48780
Content-Type: application/json; charset=utf-8
host: localhost:50851
accept: */*

Response DefaultHttpResponse(decodeResult: success, version: HTTP/1.1)
HTTP/1.1 200 OK
Content-Type: application/json; charset=utf-8
cache-control: no-cache
content-length: 14

16:03:20.032 [AsyncHttpClient-1-17] DEBUG org.asynchttpclient.netty.channel.ChannelManager - Adding key: http://localhost:50851 for channel [id: 0x43cbf920, L:/127.0.0.1:60543 - R:localhost/127.0.0.1:50851]
  &amp#27;[32mThen &amp#27;[0m&amp#27;[32mi get my &amp#27;[0m&amp#27;[32m&amp#27;[1m"invalid email or password"&amp#27;[0m&amp#27;[32m after login&amp#27;[0m   &amp#27;[90m# starter.stepdefinitions.loginSteps.iGetMyAfterLogin(java.lang.String)&amp#27;[0m
16:03:20.040 [Forwarding screenshot on session 561792f9ea2240ffbca039e87ccfd69e to remote] DEBUG org.asynchttpclient.netty.request.NettyRequestSender - Using pooled Channel '[id: 0x43cbf920, L:/127.0.0.1:60543 - R:localhost/127.0.0.1:50851]' for 'GET' to 'http://localhost:50851/session/561792f9ea2240ffbca039e87ccfd69e/screenshot'
16:03:20.040 [Forwarding screenshot on session 561792f9ea2240ffbca039e87ccfd69e to remote] DEBUG org.asynchttpclient.netty.request.NettyRequestSender - Using open Channel [id: 0x43cbf920, L:/127.0.0.1:60543 - R:localhost/127.0.0.1:50851] for GET '/session/561792f9ea2240ffbca039e87ccfd69e/screenshot'
16:03:20.361 [AsyncHttpClient-1-17] DEBUG org.asynchttpclient.netty.handler.HttpHandler - 

Request DefaultFullHttpRequest(decodeResult: success, version: HTTP/1.1, content: EmptyByteBufBE)
GET /session/561792f9ea2240ffbca039e87ccfd69e/screenshot HTTP/1.1
User-Agent: selenium/4.1.2 (java windows)
Cache-Control: no-cache
Content-Type: application/json; charset=utf-8
host: localhost:50851
accept: */*

Response DefaultHttpResponse(decodeResult: success, version: HTTP/1.1)
HTTP/1.1 200 OK
Content-Type: application/json; charset=utf-8
cache-control: no-cache
content-length: 147416

16:03:20.366 [AsyncHttpClient-1-17] DEBUG org.asynchttpclient.netty.channel.ChannelManager - Adding key: http://localhost:50851 for channel [id: 0x43cbf920, L:/127.0.0.1:60543 - R:localhost/127.0.0.1:50851]
16:03:20.380 [main] DEBUG net.serenitybdd.core.photography.Darkroom - Send negative for processing for target\site\serenity\6d803f555e622294f930094c45a16acef3972583c2e20f35bfadb6cc4258fa4a.png
16:03:20.380 [Darkroom Processing Line] DEBUG net.serenitybdd.core.photography.DarkroomProcessingLine - Processing screenshot image in /var/screenshots/screenshot-14703290957803353189
16:03:20.380 [Darkroom Processing Line] DEBUG net.serenitybdd.core.photography.DarkroomProcessingLine - Saving screenshot to target\site\serenity\6d803f555e622294f930094c45a16acef3972583c2e20f35bfadb6cc4258fa4a.png
16:03:20.397 [AsyncHttpClient-1-3] DEBUG org.asynchttpclient.netty.handler.WebSocketHandler - Channel Closed: [id: 0x8e1b960e, L:/127.0.0.1:60553 ! R:localhost/127.0.0.1:60544] with attribute NettyResponseFuture{currentRetry=5,
	isDone=1,
	isCancelled=0,
	asyncHandler=org.asynchttpclient.ws.WebSocketUpgradeHandler@470640c7,
	nettyRequest=org.asynchttpclient.netty.request.NettyRequest@10dd7d9d,
	future=java.util.concurrent.CompletableFuture@8382828[Completed normally],
	uri=ws://localhost:60544/devtools/browser/372b57a4-6747-4762-85e9-486a17617d1a,
	keepAlive=true,
	redirectCount=0,
	timeoutsHolder=null,
	inAuth=0,
	touch=1658480584442}
16:03:20.397 [AsyncHttpClient-1-3] DEBUG org.asynchttpclient.netty.channel.ChannelManager - Closing Channel [id: 0x8e1b960e, L:/127.0.0.1:60553 ! R:localhost/127.0.0.1:60544] 
16:03:20.397 [Driver Command Executor] DEBUG org.asynchttpclient.netty.request.NettyRequestSender - Using pooled Channel '[id: 0x43cbf920, L:/127.0.0.1:60543 - R:localhost/127.0.0.1:50851]' for 'DELETE' to 'http://localhost:50851/session/561792f9ea2240ffbca039e87ccfd69e'
16:03:20.397 [Driver Command Executor] DEBUG org.asynchttpclient.netty.request.NettyRequestSender - Using open Channel [id: 0x43cbf920, L:/127.0.0.1:60543 - R:localhost/127.0.0.1:50851] for DELETE '/session/561792f9ea2240ffbca039e87ccfd69e'
16:03:20.460 [AsyncHttpClient-1-2] DEBUG org.asynchttpclient.netty.handler.HttpHandler - Unexpected I/O exception on channel [id: 0xc4f1bb0d, L:/127.0.0.1:60552 - R:localhost/127.0.0.1:60544]
java.net.SocketException: Connection reset
	at java.base/sun.nio.ch.SocketChannelImpl.throwConnectionReset(SocketChannelImpl.java:367)
	at java.base/sun.nio.ch.SocketChannelImpl.read(SocketChannelImpl.java:398)
	at io.netty.buffer.PooledByteBuf.setBytes(PooledByteBuf.java:258)
	at io.netty.buffer.AbstractByteBuf.writeBytes(AbstractByteBuf.java:1132)
	at io.netty.channel.socket.nio.NioSocketChannel.doReadBytes(NioSocketChannel.java:350)
	at io.netty.channel.nio.AbstractNioByteChannel$NioByteUnsafe.read(AbstractNioByteChannel.java:151)
	at io.netty.channel.nio.NioEventLoop.processSelectedKey(NioEventLoop.java:722)
	at io.netty.channel.nio.NioEventLoop.processSelectedKeysOptimized(NioEventLoop.java:658)
	at io.netty.channel.nio.NioEventLoop.processSelectedKeys(NioEventLoop.java:584)
	at io.netty.channel.nio.NioEventLoop.run(NioEventLoop.java:496)
	at io.netty.util.concurrent.SingleThreadEventExecutor$4.run(SingleThreadEventExecutor.java:986)
	at io.netty.util.internal.ThreadExecutorMap$2.run(ThreadExecutorMap.java:74)
	at io.netty.util.concurrent.FastThreadLocalRunnable.run(FastThreadLocalRunnable.java:30)
	at java.base/java.lang.Thread.run(Thread.java:832)
16:03:20.460 [AsyncHttpClient-1-2] DEBUG org.asynchttpclient.netty.channel.ChannelManager - Closing Channel [id: 0xc4f1bb0d, L:/127.0.0.1:60552 - R:localhost/127.0.0.1:60544] 
16:03:20.460 [AsyncHttpClient-1-2] DEBUG org.asynchttpclient.netty.handler.HttpHandler - Channel Closed: [id: 0xc4f1bb0d, L:/127.0.0.1:60552 ! R:localhost/127.0.0.1:60544] with attribute DISCARD
16:03:20.500 [AsyncHttpClient-1-17] DEBUG org.asynchttpclient.netty.handler.HttpHandler - 

Request DefaultFullHttpRequest(decodeResult: success, version: HTTP/1.1, content: EmptyByteBufBE)
DELETE /session/561792f9ea2240ffbca039e87ccfd69e HTTP/1.1
User-Agent: selenium/4.1.2 (java windows)
Content-Type: application/json; charset=utf-8
host: localhost:50851
accept: */*

Response DefaultHttpResponse(decodeResult: success, version: HTTP/1.1)
HTTP/1.1 200 OK
Content-Type: application/json; charset=utf-8
cache-control: no-cache
content-length: 14

16:03:20.500 [AsyncHttpClient-1-17] DEBUG org.asynchttpclient.netty.channel.ChannelManager - Adding key: http://localhost:50851 for channel [id: 0x43cbf920, L:/127.0.0.1:60543 - R:localhost/127.0.0.1:50851]
16:03:20.528 [AsyncHttpClient-1-1] DEBUG org.asynchttpclient.netty.channel.DefaultChannelPool - Entry count for : http://localhost:50851 : 1
16:03:20.528 [AsyncHttpClient-1-1] DEBUG org.asynchttpclient.netty.channel.DefaultChannelPool - Entry count for : http://localhost:60544 : 1
16:03:20.528 [AsyncHttpClient-1-1] DEBUG org.asynchttpclient.netty.channel.DefaultChannelPool - Adding Candidate expired Channel [id: 0xc4f1bb0d, L:/127.0.0.1:60552 ! R:localhost/127.0.0.1:60544] isIdleTimeoutExpired=false isRemotelyClosed=true isTtlExpired=false
16:03:20.528 [AsyncHttpClient-1-1] DEBUG org.asynchttpclient.netty.channel.DefaultChannelPool - Closing Idle Channel [id: 0xc4f1bb0d, L:/127.0.0.1:60552 ! R:localhost/127.0.0.1:60544]
16:03:20.528 [AsyncHttpClient-1-1] DEBUG org.asynchttpclient.netty.channel.DefaultChannelPool - Closed 1 connections out of 2 in 0 ms
16:03:20.652 [AsyncHttpClient-1-17] DEBUG org.asynchttpclient.netty.handler.HttpHandler - Channel Closed: [id: 0x43cbf920, L:/127.0.0.1:60543 ! R:localhost/127.0.0.1:50851] with attribute DISCARD
]]></system-out>
    <system-err><![CDATA[Starting ChromeDriver 102.0.5005.61 (0e59bcc00cc4985ce39ad31c150065f159d95ad3-refs/branch-heads/5005@{#819}) on port 50851
Only local connections are allowed.
Please see https://chromedriver.chromium.org/security-considerations for suggestions on keeping ChromeDriver safe.
ChromeDriver was started successfully.
[1658480584.184][WARNING]: This version of ChromeDriver has not been tested with Chrome version 103.
Jul 22, 2022 4:03:04 PM org.openqa.selenium.remote.ProtocolHandshake createSession
INFO: Detected dialect: W3C
Jul 22, 2022 4:03:04 PM org.openqa.selenium.devtools.CdpVersionFinder findNearestMatch
WARNING: Unable to find an exact match for CDP version 103, so returning the closest version found: a no-op implementation
Jul 22, 2022 4:03:04 PM org.openqa.selenium.devtools.CdpVersionFinder findNearestMatch
INFO: Unable to find CDP implementation matching 103.
Jul 22, 2022 4:03:04 PM org.openqa.selenium.chromium.ChromiumDriver lambda$new$3
WARNING: Unable to find version of CDP to use for . You may need to include a dependency on a specific version of the CDP using something similar to `org.seleniumhq.selenium:selenium-devtools-v86:4.1.2` where the version ("v86") matches the version of the chromium-based browser you're using and the version number of the artifact is the same as Selenium's.
]]></system-err>
  </testcase>
  <testcase name="Login scenario #7" classname="Login" time="12.712">
    <system-out><![CDATA[
@login
Scenario Outline: Login scenario                            &amp#27;[90m# src/test/resources/features/logins.feature:24&amp#27;[0m
16:03:21.206 [main] INFO io.cucumber.core.plugin.SerenityReporter - Running feature from file:///D:/PERKULIAHAN/Semester%206,Hebatt%20glad!/QE-FGD/Automation-test-Website%20-%20Copy/src/test/resources/features/logins.feature
16:03:21.238 [main] INFO net.serenitybdd.core.webdriver.driverproviders.ChromeDriverProvider - Using automatically driver download
16:03:21.428 [main] DEBUG io.github.bonigarcia.wdm.cache.ResolutionCache - Resolution chrome=103 in cache (valid until 16:34:03 22/07/2022 WIB)
16:03:21.429 [main] DEBUG io.github.bonigarcia.wdm.cache.ResolutionCache - Resolution chrome103=103.0.5060.134 in cache (valid until 17:00:36 22/07/2022 WIB)
16:03:21.438 [main] INFO io.github.bonigarcia.wdm.WebDriverManager - Using chromedriver 103.0.5060.134 (resolved driver for Chrome 103)
16:03:21.461 [main] DEBUG io.github.bonigarcia.wdm.WebDriverManager - Driver chromedriver 103.0.5060.134 found in cache
16:03:21.469 [main] INFO io.github.bonigarcia.wdm.WebDriverManager - Exporting webdriver.chrome.driver as C:\Users\ASUS\.cache\selenium\chromedriver\win32\103.0.5060.134\chromedriver.exe
16:03:21.627 [AsyncHttpClient-1-1] DEBUG org.asynchttpclient.netty.channel.DefaultChannelPool - Entry count for : http://localhost:50851 : 1
16:03:21.627 [AsyncHttpClient-1-1] DEBUG org.asynchttpclient.netty.channel.DefaultChannelPool - Adding Candidate expired Channel [id: 0x43cbf920, L:/127.0.0.1:60543 ! R:localhost/127.0.0.1:50851] isIdleTimeoutExpired=false isRemotelyClosed=true isTtlExpired=false
16:03:21.627 [AsyncHttpClient-1-1] DEBUG org.asynchttpclient.netty.channel.DefaultChannelPool - Closing Idle Channel [id: 0x43cbf920, L:/127.0.0.1:60543 ! R:localhost/127.0.0.1:50851]
16:03:21.627 [AsyncHttpClient-1-1] DEBUG org.asynchttpclient.netty.channel.DefaultChannelPool - Closed 1 connections out of 1 in 0 ms
16:03:21.631 [main] DEBUG net.serenitybdd.core.webdriver.driverproviders.ProvideNewDriver - Instantiating driver
16:03:21.631 [main] DEBUG net.serenitybdd.core.webdriver.driverproviders.ProvideNewDriver - Driver capabilities: Capabilities {acceptInsecureCerts: false, base.url: https://found-capstone20.ne..., browserName: chrome, chrome.driver: src/test/resources/webdrive..., driver: chrome, goog:chromeOptions: {args: [], extensions: []}}
16:03:22.192 [AsyncHttpClient-1-4] DEBUG org.asynchttpclient.netty.channel.NettyConnectListener - Using new Channel '[id: 0x48d0d88e, L:/127.0.0.1:60576 - R:localhost/127.0.0.1:56286]' for 'POST' to '/session'
16:03:23.764 [AsyncHttpClient-1-4] DEBUG org.asynchttpclient.netty.handler.HttpHandler - 

Request DefaultHttpRequest(decodeResult: success, version: HTTP/1.1)
POST /session HTTP/1.1
User-Agent: selenium/4.1.2 (java windows)
Content-Length: 623
Content-Type: application/json; charset=utf-8
host: localhost:56286
accept: */*

Response DefaultHttpResponse(decodeResult: success, version: HTTP/1.1)
HTTP/1.1 200 OK
Content-Type: application/json; charset=utf-8
cache-control: no-cache
content-length: 789

16:03:23.764 [AsyncHttpClient-1-4] DEBUG org.asynchttpclient.netty.channel.ChannelManager - Adding key: http://localhost:56286 for channel [id: 0x48d0d88e, L:/127.0.0.1:60576 - R:localhost/127.0.0.1:56286]
16:03:23.788 [AsyncHttpClient-1-5] DEBUG org.asynchttpclient.netty.channel.NettyConnectListener - Using new Channel '[id: 0x563f4f5d, L:/127.0.0.1:60586 - R:localhost/127.0.0.1:60578]' for 'GET' to '/json/version'
16:03:23.788 [AsyncHttpClient-1-5] DEBUG org.asynchttpclient.netty.handler.HttpHandler - 

Request DefaultFullHttpRequest(decodeResult: success, version: HTTP/1.1, content: EmptyByteBufBE)
GET /json/version HTTP/1.1
User-Agent: selenium/4.1.2 (java windows)
host: localhost:60578
accept: */*

Response DefaultHttpResponse(decodeResult: success, version: HTTP/1.1)
HTTP/1.1 200 OK
Content-Type: application/json; charset=UTF-8
content-length: 429

16:03:23.788 [AsyncHttpClient-1-5] DEBUG org.asynchttpclient.netty.channel.ChannelManager - Adding key: http://localhost:60578 for channel [id: 0x563f4f5d, L:/127.0.0.1:60586 - R:localhost/127.0.0.1:60578]
16:03:23.796 [AsyncHttpClient-1-6] DEBUG org.asynchttpclient.netty.channel.NettyConnectListener - Using new Channel '[id: 0x52062d5a, L:/127.0.0.1:60587 - R:localhost/127.0.0.1:60578]' for 'GET' to '/devtools/browser/c848bd94-012f-4363-afe3-09a4b6b211b1'
16:03:23.796 [AsyncHttpClient-1-6] DEBUG org.asynchttpclient.netty.handler.WebSocketHandler - 

Request DefaultFullHttpRequest(decodeResult: success, version: HTTP/1.1, content: EmptyByteBufBE)
GET /devtools/browser/c848bd94-012f-4363-afe3-09a4b6b211b1 HTTP/1.1
upgrade: websocket
connection: upgrade
sec-websocket-key: C/AOZ7Nm7g6YA/lgVZ07Ag==
sec-websocket-version: 13
origin: http://localhost:60578
host: localhost:60578
accept: */*
user-agent: AHC/2.1

Response DefaultHttpResponse(decodeResult: success, version: HTTP/1.1)
HTTP/1.1 101 WebSocket Protocol Handshake
Upgrade: WebSocket
Connection: Upgrade
Sec-WebSocket-Accept: Ts1c0fTCvaV+YgL1AizHxVhbTgg=

16:03:23.812 [Forwarding maximizeCurrentWindow on session fb0ed9755281e4cd3733861edb245900 to remote] DEBUG org.asynchttpclient.netty.request.NettyRequestSender - Using pooled Channel '[id: 0x48d0d88e, L:/127.0.0.1:60576 - R:localhost/127.0.0.1:56286]' for 'POST' to 'http://localhost:56286/session/fb0ed9755281e4cd3733861edb245900/window/maximize'
16:03:23.812 [Forwarding maximizeCurrentWindow on session fb0ed9755281e4cd3733861edb245900 to remote] DEBUG org.asynchttpclient.netty.request.NettyRequestSender - Using open Channel [id: 0x48d0d88e, L:/127.0.0.1:60576 - R:localhost/127.0.0.1:56286] for POST '/session/fb0ed9755281e4cd3733861edb245900/window/maximize'
16:03:23.828 [AsyncHttpClient-1-1] DEBUG org.asynchttpclient.netty.channel.DefaultChannelPool - Entry count for : http://localhost:60578 : 1
16:03:24.068 [AsyncHttpClient-1-4] DEBUG org.asynchttpclient.netty.handler.HttpHandler - 

Request DefaultHttpRequest(decodeResult: success, version: HTTP/1.1)
POST /session/fb0ed9755281e4cd3733861edb245900/window/maximize HTTP/1.1
User-Agent: selenium/4.1.2 (java windows)
Content-Length: 3
Content-Type: application/json; charset=utf-8
host: localhost:56286
accept: */*

Response DefaultHttpResponse(decodeResult: success, version: HTTP/1.1)
HTTP/1.1 200 OK
Content-Type: application/json; charset=utf-8
cache-control: no-cache
content-length: 51

16:03:24.068 [AsyncHttpClient-1-4] DEBUG org.asynchttpclient.netty.channel.ChannelManager - Adding key: http://localhost:56286 for channel [id: 0x48d0d88e, L:/127.0.0.1:60576 - R:localhost/127.0.0.1:56286]
16:03:24.078 [Forwarding get on session fb0ed9755281e4cd3733861edb245900 to remote] DEBUG org.asynchttpclient.netty.request.NettyRequestSender - Using pooled Channel '[id: 0x48d0d88e, L:/127.0.0.1:60576 - R:localhost/127.0.0.1:56286]' for 'POST' to 'http://localhost:56286/session/fb0ed9755281e4cd3733861edb245900/url'
16:03:24.079 [Forwarding get on session fb0ed9755281e4cd3733861edb245900 to remote] DEBUG org.asynchttpclient.netty.request.NettyRequestSender - Using open Channel [id: 0x48d0d88e, L:/127.0.0.1:60576 - R:localhost/127.0.0.1:56286] for POST '/session/fb0ed9755281e4cd3733861edb245900/url'
16:03:24.930 [AsyncHttpClient-1-1] DEBUG org.asynchttpclient.netty.channel.DefaultChannelPool - Entry count for : http://localhost:60578 : 1
16:03:26.029 [AsyncHttpClient-1-1] DEBUG org.asynchttpclient.netty.channel.DefaultChannelPool - Entry count for : http://localhost:60578 : 1
16:03:27.128 [AsyncHttpClient-1-1] DEBUG org.asynchttpclient.netty.channel.DefaultChannelPool - Entry count for : http://localhost:60578 : 1
16:03:28.158 [AsyncHttpClient-1-4] DEBUG org.asynchttpclient.netty.handler.HttpHandler - 

Request DefaultHttpRequest(decodeResult: success, version: HTTP/1.1)
POST /session/fb0ed9755281e4cd3733861edb245900/url HTTP/1.1
User-Agent: selenium/4.1.2 (java windows)
Content-Length: 67
Content-Type: application/json; charset=utf-8
host: localhost:56286
accept: */*

Response DefaultHttpResponse(decodeResult: success, version: HTTP/1.1)
HTTP/1.1 200 OK
Content-Type: application/json; charset=utf-8
cache-control: no-cache
content-length: 14

16:03:28.159 [AsyncHttpClient-1-4] DEBUG org.asynchttpclient.netty.channel.ChannelManager - Adding key: http://localhost:56286 for channel [id: 0x48d0d88e, L:/127.0.0.1:60576 - R:localhost/127.0.0.1:56286]
16:03:28.159 [Forwarding setTimeout on session fb0ed9755281e4cd3733861edb245900 to remote] DEBUG org.asynchttpclient.netty.request.NettyRequestSender - Using pooled Channel '[id: 0x48d0d88e, L:/127.0.0.1:60576 - R:localhost/127.0.0.1:56286]' for 'POST' to 'http://localhost:56286/session/fb0ed9755281e4cd3733861edb245900/timeouts'
16:03:28.159 [Forwarding setTimeout on session fb0ed9755281e4cd3733861edb245900 to remote] DEBUG org.asynchttpclient.netty.request.NettyRequestSender - Using open Channel [id: 0x48d0d88e, L:/127.0.0.1:60576 - R:localhost/127.0.0.1:56286] for POST '/session/fb0ed9755281e4cd3733861edb245900/timeouts'
16:03:28.159 [AsyncHttpClient-1-4] DEBUG org.asynchttpclient.netty.handler.HttpHandler - 

Request DefaultHttpRequest(decodeResult: success, version: HTTP/1.1)
POST /session/fb0ed9755281e4cd3733861edb245900/timeouts HTTP/1.1
User-Agent: selenium/4.1.2 (java windows)
Content-Length: 22
Content-Type: application/json; charset=utf-8
host: localhost:56286
accept: */*

Response DefaultHttpResponse(decodeResult: success, version: HTTP/1.1)
HTTP/1.1 200 OK
Content-Type: application/json; charset=utf-8
cache-control: no-cache
content-length: 14

16:03:28.159 [AsyncHttpClient-1-4] DEBUG org.asynchttpclient.netty.channel.ChannelManager - Adding key: http://localhost:56286 for channel [id: 0x48d0d88e, L:/127.0.0.1:60576 - R:localhost/127.0.0.1:56286]
16:03:28.169 [Forwarding getCurrentUrl on session fb0ed9755281e4cd3733861edb245900 to remote] DEBUG org.asynchttpclient.netty.request.NettyRequestSender - Using pooled Channel '[id: 0x48d0d88e, L:/127.0.0.1:60576 - R:localhost/127.0.0.1:56286]' for 'GET' to 'http://localhost:56286/session/fb0ed9755281e4cd3733861edb245900/url'
16:03:28.169 [Forwarding getCurrentUrl on session fb0ed9755281e4cd3733861edb245900 to remote] DEBUG org.asynchttpclient.netty.request.NettyRequestSender - Using open Channel [id: 0x48d0d88e, L:/127.0.0.1:60576 - R:localhost/127.0.0.1:56286] for GET '/session/fb0ed9755281e4cd3733861edb245900/url'
16:03:28.227 [AsyncHttpClient-1-1] DEBUG org.asynchttpclient.netty.channel.DefaultChannelPool - Entry count for : http://localhost:60578 : 1
16:03:28.277 [AsyncHttpClient-1-4] DEBUG org.asynchttpclient.netty.handler.HttpHandler - 

Request DefaultFullHttpRequest(decodeResult: success, version: HTTP/1.1, content: EmptyByteBufBE)
GET /session/fb0ed9755281e4cd3733861edb245900/url HTTP/1.1
User-Agent: selenium/4.1.2 (java windows)
Cache-Control: no-cache
Content-Type: application/json; charset=utf-8
host: localhost:56286
accept: */*

Response DefaultHttpResponse(decodeResult: success, version: HTTP/1.1)
HTTP/1.1 200 OK
Content-Type: application/json; charset=utf-8
cache-control: no-cache
content-length: 49

16:03:28.277 [AsyncHttpClient-1-4] DEBUG org.asynchttpclient.netty.channel.ChannelManager - Adding key: http://localhost:56286 for channel [id: 0x48d0d88e, L:/127.0.0.1:60576 - R:localhost/127.0.0.1:56286]
  &amp#27;[32mGiven &amp#27;[0m&amp#27;[32mi have registered&amp#27;[0m                                   &amp#27;[90m# starter.stepdefinitions.loginSteps.iHaveRegistered()&amp#27;[0m
16:03:28.288 [Forwarding screenshot on session fb0ed9755281e4cd3733861edb245900 to remote] DEBUG org.asynchttpclient.netty.request.NettyRequestSender - Using pooled Channel '[id: 0x48d0d88e, L:/127.0.0.1:60576 - R:localhost/127.0.0.1:56286]' for 'GET' to 'http://localhost:56286/session/fb0ed9755281e4cd3733861edb245900/screenshot'
16:03:28.288 [Forwarding screenshot on session fb0ed9755281e4cd3733861edb245900 to remote] DEBUG org.asynchttpclient.netty.request.NettyRequestSender - Using open Channel [id: 0x48d0d88e, L:/127.0.0.1:60576 - R:localhost/127.0.0.1:56286] for GET '/session/fb0ed9755281e4cd3733861edb245900/screenshot'
16:03:28.658 [AsyncHttpClient-1-4] DEBUG org.asynchttpclient.netty.handler.HttpHandler - 

Request DefaultFullHttpRequest(decodeResult: success, version: HTTP/1.1, content: EmptyByteBufBE)
GET /session/fb0ed9755281e4cd3733861edb245900/screenshot HTTP/1.1
User-Agent: selenium/4.1.2 (java windows)
Cache-Control: no-cache
Content-Type: application/json; charset=utf-8
host: localhost:56286
accept: */*

Response DefaultHttpResponse(decodeResult: success, version: HTTP/1.1)
HTTP/1.1 200 OK
Content-Type: application/json; charset=utf-8
cache-control: no-cache
content-length: 354376

16:03:28.668 [AsyncHttpClient-1-4] DEBUG org.asynchttpclient.netty.channel.ChannelManager - Adding key: http://localhost:56286 for channel [id: 0x48d0d88e, L:/127.0.0.1:60576 - R:localhost/127.0.0.1:56286]
16:03:28.682 [main] DEBUG net.serenitybdd.core.photography.Darkroom - Send negative for processing for target\site\serenity\4660354df54a12fcd895682f5709ada0fe64cb7be35e163b54bdc9c5bb06ca8f.png
16:03:28.710 [Forwarding findElement on session fb0ed9755281e4cd3733861edb245900 to remote] DEBUG org.asynchttpclient.netty.request.NettyRequestSender - Using pooled Channel '[id: 0x48d0d88e, L:/127.0.0.1:60576 - R:localhost/127.0.0.1:56286]' for 'POST' to 'http://localhost:56286/session/fb0ed9755281e4cd3733861edb245900/element'
16:03:28.710 [Forwarding findElement on session fb0ed9755281e4cd3733861edb245900 to remote] DEBUG org.asynchttpclient.netty.request.NettyRequestSender - Using open Channel [id: 0x48d0d88e, L:/127.0.0.1:60576 - R:localhost/127.0.0.1:56286] for POST '/session/fb0ed9755281e4cd3733861edb245900/element'
16:03:28.750 [AsyncHttpClient-1-4] DEBUG org.asynchttpclient.netty.handler.HttpHandler - 

Request DefaultHttpRequest(decodeResult: success, version: HTTP/1.1)
POST /session/fb0ed9755281e4cd3733861edb245900/element HTTP/1.1
User-Agent: selenium/4.1.2 (java windows)
Content-Length: 55
Content-Type: application/json; charset=utf-8
host: localhost:56286
accept: */*

Response DefaultHttpResponse(decodeResult: success, version: HTTP/1.1)
HTTP/1.1 200 OK
Content-Type: application/json; charset=utf-8
cache-control: no-cache
content-length: 88

16:03:28.750 [AsyncHttpClient-1-4] DEBUG org.asynchttpclient.netty.channel.ChannelManager - Adding key: http://localhost:56286 for channel [id: 0x48d0d88e, L:/127.0.0.1:60576 - R:localhost/127.0.0.1:56286]
16:03:28.758 [Forwarding isElementDisplayed on session fb0ed9755281e4cd3733861edb245900 to remote] DEBUG org.asynchttpclient.netty.request.NettyRequestSender - Using pooled Channel '[id: 0x48d0d88e, L:/127.0.0.1:60576 - R:localhost/127.0.0.1:56286]' for 'POST' to 'http://localhost:56286/session/fb0ed9755281e4cd3733861edb245900/execute/sync'
16:03:28.758 [Forwarding isElementDisplayed on session fb0ed9755281e4cd3733861edb245900 to remote] DEBUG org.asynchttpclient.netty.request.NettyRequestSender - Using open Channel [id: 0x48d0d88e, L:/127.0.0.1:60576 - R:localhost/127.0.0.1:56286] for POST '/session/fb0ed9755281e4cd3733861edb245900/execute/sync'
16:03:28.813 [AsyncHttpClient-1-4] DEBUG org.asynchttpclient.netty.handler.HttpHandler - 

Request DefaultHttpRequest(decodeResult: success, version: HTTP/1.1)
POST /session/fb0ed9755281e4cd3733861edb245900/execute/sync HTTP/1.1
User-Agent: selenium/4.1.2 (java windows)
Content-Length: 48780
Content-Type: application/json; charset=utf-8
host: localhost:56286
accept: */*

Response DefaultHttpResponse(decodeResult: success, version: HTTP/1.1)
HTTP/1.1 200 OK
Content-Type: application/json; charset=utf-8
cache-control: no-cache
content-length: 14

16:03:28.820 [AsyncHttpClient-1-4] DEBUG org.asynchttpclient.netty.channel.ChannelManager - Adding key: http://localhost:56286 for channel [id: 0x48d0d88e, L:/127.0.0.1:60576 - R:localhost/127.0.0.1:56286]
16:03:28.821 [Forwarding findElement on session fb0ed9755281e4cd3733861edb245900 to remote] DEBUG org.asynchttpclient.netty.request.NettyRequestSender - Using pooled Channel '[id: 0x48d0d88e, L:/127.0.0.1:60576 - R:localhost/127.0.0.1:56286]' for 'POST' to 'http://localhost:56286/session/fb0ed9755281e4cd3733861edb245900/element'
16:03:28.821 [Forwarding findElement on session fb0ed9755281e4cd3733861edb245900 to remote] DEBUG org.asynchttpclient.netty.request.NettyRequestSender - Using open Channel [id: 0x48d0d88e, L:/127.0.0.1:60576 - R:localhost/127.0.0.1:56286] for POST '/session/fb0ed9755281e4cd3733861edb245900/element'
16:03:28.838 [AsyncHttpClient-1-4] DEBUG org.asynchttpclient.netty.handler.HttpHandler - 

Request DefaultHttpRequest(decodeResult: success, version: HTTP/1.1)
POST /session/fb0ed9755281e4cd3733861edb245900/element HTTP/1.1
User-Agent: selenium/4.1.2 (java windows)
Content-Length: 72
Content-Type: application/json; charset=utf-8
host: localhost:56286
accept: */*

Response DefaultHttpResponse(decodeResult: success, version: HTTP/1.1)
HTTP/1.1 200 OK
Content-Type: application/json; charset=utf-8
cache-control: no-cache
content-length: 88

16:03:28.838 [AsyncHttpClient-1-4] DEBUG org.asynchttpclient.netty.channel.ChannelManager - Adding key: http://localhost:56286 for channel [id: 0x48d0d88e, L:/127.0.0.1:60576 - R:localhost/127.0.0.1:56286]
16:03:28.846 [Forwarding getElementTagName on session fb0ed9755281e4cd3733861edb245900 to remote] DEBUG org.asynchttpclient.netty.request.NettyRequestSender - Using pooled Channel '[id: 0x48d0d88e, L:/127.0.0.1:60576 - R:localhost/127.0.0.1:56286]' for 'GET' to 'http://localhost:56286/session/fb0ed9755281e4cd3733861edb245900/element/15b1a6f7-550d-45ec-a353-4d86d80f5c78/name'
16:03:28.846 [Forwarding getElementTagName on session fb0ed9755281e4cd3733861edb245900 to remote] DEBUG org.asynchttpclient.netty.request.NettyRequestSender - Using open Channel [id: 0x48d0d88e, L:/127.0.0.1:60576 - R:localhost/127.0.0.1:56286] for GET '/session/fb0ed9755281e4cd3733861edb245900/element/15b1a6f7-550d-45ec-a353-4d86d80f5c78/name'
16:03:28.850 [AsyncHttpClient-1-4] DEBUG org.asynchttpclient.netty.handler.HttpHandler - 

Request DefaultFullHttpRequest(decodeResult: success, version: HTTP/1.1, content: EmptyByteBufBE)
GET /session/fb0ed9755281e4cd3733861edb245900/element/15b1a6f7-550d-45ec-a353-4d86d80f5c78/name HTTP/1.1
User-Agent: selenium/4.1.2 (java windows)
Cache-Control: no-cache
Content-Type: application/json; charset=utf-8
host: localhost:56286
accept: */*

Response DefaultHttpResponse(decodeResult: success, version: HTTP/1.1)
HTTP/1.1 200 OK
Content-Type: application/json; charset=utf-8
cache-control: no-cache
content-length: 13

16:03:28.850 [AsyncHttpClient-1-4] DEBUG org.asynchttpclient.netty.channel.ChannelManager - Adding key: http://localhost:56286 for channel [id: 0x48d0d88e, L:/127.0.0.1:60576 - R:localhost/127.0.0.1:56286]
16:03:28.858 [Forwarding getElementTagName on session fb0ed9755281e4cd3733861edb245900 to remote] DEBUG org.asynchttpclient.netty.request.NettyRequestSender - Using pooled Channel '[id: 0x48d0d88e, L:/127.0.0.1:60576 - R:localhost/127.0.0.1:56286]' for 'GET' to 'http://localhost:56286/session/fb0ed9755281e4cd3733861edb245900/element/15b1a6f7-550d-45ec-a353-4d86d80f5c78/name'
16:03:28.858 [Forwarding getElementTagName on session fb0ed9755281e4cd3733861edb245900 to remote] DEBUG org.asynchttpclient.netty.request.NettyRequestSender - Using open Channel [id: 0x48d0d88e, L:/127.0.0.1:60576 - R:localhost/127.0.0.1:56286] for GET '/session/fb0ed9755281e4cd3733861edb245900/element/15b1a6f7-550d-45ec-a353-4d86d80f5c78/name'
16:03:28.858 [AsyncHttpClient-1-4] DEBUG org.asynchttpclient.netty.handler.HttpHandler - 

Request DefaultFullHttpRequest(decodeResult: success, version: HTTP/1.1, content: EmptyByteBufBE)
GET /session/fb0ed9755281e4cd3733861edb245900/element/15b1a6f7-550d-45ec-a353-4d86d80f5c78/name HTTP/1.1
User-Agent: selenium/4.1.2 (java windows)
Cache-Control: no-cache
Content-Type: application/json; charset=utf-8
host: localhost:56286
accept: */*

Response DefaultHttpResponse(decodeResult: success, version: HTTP/1.1)
HTTP/1.1 200 OK
Content-Type: application/json; charset=utf-8
cache-control: no-cache
content-length: 13

16:03:28.858 [AsyncHttpClient-1-4] DEBUG org.asynchttpclient.netty.channel.ChannelManager - Adding key: http://localhost:56286 for channel [id: 0x48d0d88e, L:/127.0.0.1:60576 - R:localhost/127.0.0.1:56286]
16:03:28.869 [Forwarding findElement on session fb0ed9755281e4cd3733861edb245900 to remote] DEBUG org.asynchttpclient.netty.request.NettyRequestSender - Using pooled Channel '[id: 0x48d0d88e, L:/127.0.0.1:60576 - R:localhost/127.0.0.1:56286]' for 'POST' to 'http://localhost:56286/session/fb0ed9755281e4cd3733861edb245900/element'
16:03:28.869 [Forwarding findElement on session fb0ed9755281e4cd3733861edb245900 to remote] DEBUG org.asynchttpclient.netty.request.NettyRequestSender - Using open Channel [id: 0x48d0d88e, L:/127.0.0.1:60576 - R:localhost/127.0.0.1:56286] for POST '/session/fb0ed9755281e4cd3733861edb245900/element'
16:03:28.879 [AsyncHttpClient-1-4] DEBUG org.asynchttpclient.netty.handler.HttpHandler - 

Request DefaultHttpRequest(decodeResult: success, version: HTTP/1.1)
POST /session/fb0ed9755281e4cd3733861edb245900/element HTTP/1.1
User-Agent: selenium/4.1.2 (java windows)
Content-Length: 72
Content-Type: application/json; charset=utf-8
host: localhost:56286
accept: */*

Response DefaultHttpResponse(decodeResult: success, version: HTTP/1.1)
HTTP/1.1 200 OK
Content-Type: application/json; charset=utf-8
cache-control: no-cache
content-length: 88

16:03:28.879 [AsyncHttpClient-1-4] DEBUG org.asynchttpclient.netty.channel.ChannelManager - Adding key: http://localhost:56286 for channel [id: 0x48d0d88e, L:/127.0.0.1:60576 - R:localhost/127.0.0.1:56286]
16:03:28.887 [Forwarding clickElement on session fb0ed9755281e4cd3733861edb245900 to remote] DEBUG org.asynchttpclient.netty.request.NettyRequestSender - Using pooled Channel '[id: 0x48d0d88e, L:/127.0.0.1:60576 - R:localhost/127.0.0.1:56286]' for 'POST' to 'http://localhost:56286/session/fb0ed9755281e4cd3733861edb245900/element/15b1a6f7-550d-45ec-a353-4d86d80f5c78/click'
16:03:28.887 [Forwarding clickElement on session fb0ed9755281e4cd3733861edb245900 to remote] DEBUG org.asynchttpclient.netty.request.NettyRequestSender - Using open Channel [id: 0x48d0d88e, L:/127.0.0.1:60576 - R:localhost/127.0.0.1:56286] for POST '/session/fb0ed9755281e4cd3733861edb245900/element/15b1a6f7-550d-45ec-a353-4d86d80f5c78/click'
16:03:28.992 [AsyncHttpClient-1-4] DEBUG org.asynchttpclient.netty.handler.HttpHandler - 

Request DefaultHttpRequest(decodeResult: success, version: HTTP/1.1)
POST /session/fb0ed9755281e4cd3733861edb245900/element/15b1a6f7-550d-45ec-a353-4d86d80f5c78/click HTTP/1.1
User-Agent: selenium/4.1.2 (java windows)
Content-Length: 50
Content-Type: application/json; charset=utf-8
host: localhost:56286
accept: */*

Response DefaultHttpResponse(decodeResult: success, version: HTTP/1.1)
HTTP/1.1 200 OK
Content-Type: application/json; charset=utf-8
cache-control: no-cache
content-length: 14

16:03:28.992 [AsyncHttpClient-1-4] DEBUG org.asynchttpclient.netty.channel.ChannelManager - Adding key: http://localhost:56286 for channel [id: 0x48d0d88e, L:/127.0.0.1:60576 - R:localhost/127.0.0.1:56286]
  &amp#27;[32mWhen &amp#27;[0m&amp#27;[32mi click get started&amp#27;[0m                                  &amp#27;[90m# starter.stepdefinitions.registerSteps.iClickGetStarted()&amp#27;[0m
16:03:29.014 [Forwarding screenshot on session fb0ed9755281e4cd3733861edb245900 to remote] DEBUG org.asynchttpclient.netty.request.NettyRequestSender - Using pooled Channel '[id: 0x48d0d88e, L:/127.0.0.1:60576 - R:localhost/127.0.0.1:56286]' for 'GET' to 'http://localhost:56286/session/fb0ed9755281e4cd3733861edb245900/screenshot'
16:03:29.014 [Forwarding screenshot on session fb0ed9755281e4cd3733861edb245900 to remote] DEBUG org.asynchttpclient.netty.request.NettyRequestSender - Using open Channel [id: 0x48d0d88e, L:/127.0.0.1:60576 - R:localhost/127.0.0.1:56286] for GET '/session/fb0ed9755281e4cd3733861edb245900/screenshot'
16:03:29.330 [AsyncHttpClient-1-1] DEBUG org.asynchttpclient.netty.channel.DefaultChannelPool - Entry count for : http://localhost:60578 : 1
16:03:29.442 [AsyncHttpClient-1-4] DEBUG org.asynchttpclient.netty.handler.HttpHandler - 

Request DefaultFullHttpRequest(decodeResult: success, version: HTTP/1.1, content: EmptyByteBufBE)
GET /session/fb0ed9755281e4cd3733861edb245900/screenshot HTTP/1.1
User-Agent: selenium/4.1.2 (java windows)
Cache-Control: no-cache
Content-Type: application/json; charset=utf-8
host: localhost:56286
accept: */*

Response DefaultHttpResponse(decodeResult: success, version: HTTP/1.1)
HTTP/1.1 200 OK
Content-Type: application/json; charset=utf-8
cache-control: no-cache
content-length: 153212

16:03:29.450 [AsyncHttpClient-1-4] DEBUG org.asynchttpclient.netty.channel.ChannelManager - Adding key: http://localhost:56286 for channel [id: 0x48d0d88e, L:/127.0.0.1:60576 - R:localhost/127.0.0.1:56286]
16:03:29.453 [main] DEBUG net.serenitybdd.core.photography.Darkroom - Send negative for processing for target\site\serenity\f5f76ba2b896516bcda226abe0c0d002392c9b6142ba6b8d5d9eb65ce8103f32.png
16:03:29.460 [Darkroom Processing Line] DEBUG net.serenitybdd.core.photography.DarkroomProcessingLine - Processing screenshot image in /var/screenshots/screenshot-7671533118512325061
16:03:29.460 [Darkroom Processing Line] DEBUG net.serenitybdd.core.photography.DarkroomProcessingLine - Saving screenshot to target\site\serenity\f5f76ba2b896516bcda226abe0c0d002392c9b6142ba6b8d5d9eb65ce8103f32.png
16:03:29.470 [Forwarding findElement on session fb0ed9755281e4cd3733861edb245900 to remote] DEBUG org.asynchttpclient.netty.request.NettyRequestSender - Using pooled Channel '[id: 0x48d0d88e, L:/127.0.0.1:60576 - R:localhost/127.0.0.1:56286]' for 'POST' to 'http://localhost:56286/session/fb0ed9755281e4cd3733861edb245900/element'
16:03:29.470 [Forwarding findElement on session fb0ed9755281e4cd3733861edb245900 to remote] DEBUG org.asynchttpclient.netty.request.NettyRequestSender - Using open Channel [id: 0x48d0d88e, L:/127.0.0.1:60576 - R:localhost/127.0.0.1:56286] for POST '/session/fb0ed9755281e4cd3733861edb245900/element'
16:03:29.490 [AsyncHttpClient-1-4] DEBUG org.asynchttpclient.netty.handler.HttpHandler - 

Request DefaultHttpRequest(decodeResult: success, version: HTTP/1.1)
POST /session/fb0ed9755281e4cd3733861edb245900/element HTTP/1.1
User-Agent: selenium/4.1.2 (java windows)
Content-Length: 67
Content-Type: application/json; charset=utf-8
host: localhost:56286
accept: */*

Response DefaultHttpResponse(decodeResult: success, version: HTTP/1.1)
HTTP/1.1 200 OK
Content-Type: application/json; charset=utf-8
cache-control: no-cache
content-length: 88

16:03:29.490 [AsyncHttpClient-1-4] DEBUG org.asynchttpclient.netty.channel.ChannelManager - Adding key: http://localhost:56286 for channel [id: 0x48d0d88e, L:/127.0.0.1:60576 - R:localhost/127.0.0.1:56286]
16:03:29.492 [Forwarding clearElement on session fb0ed9755281e4cd3733861edb245900 to remote] DEBUG org.asynchttpclient.netty.request.NettyRequestSender - Using pooled Channel '[id: 0x48d0d88e, L:/127.0.0.1:60576 - R:localhost/127.0.0.1:56286]' for 'POST' to 'http://localhost:56286/session/fb0ed9755281e4cd3733861edb245900/element/4059edf0-69b7-4bd3-ac77-d92ac2a626a9/clear'
16:03:29.492 [Forwarding clearElement on session fb0ed9755281e4cd3733861edb245900 to remote] DEBUG org.asynchttpclient.netty.request.NettyRequestSender - Using open Channel [id: 0x48d0d88e, L:/127.0.0.1:60576 - R:localhost/127.0.0.1:56286] for POST '/session/fb0ed9755281e4cd3733861edb245900/element/4059edf0-69b7-4bd3-ac77-d92ac2a626a9/clear'
16:03:29.541 [AsyncHttpClient-1-4] DEBUG org.asynchttpclient.netty.handler.HttpHandler - 

Request DefaultHttpRequest(decodeResult: success, version: HTTP/1.1)
POST /session/fb0ed9755281e4cd3733861edb245900/element/4059edf0-69b7-4bd3-ac77-d92ac2a626a9/clear HTTP/1.1
User-Agent: selenium/4.1.2 (java windows)
Content-Length: 50
Content-Type: application/json; charset=utf-8
host: localhost:56286
accept: */*

Response DefaultHttpResponse(decodeResult: success, version: HTTP/1.1)
HTTP/1.1 200 OK
Content-Type: application/json; charset=utf-8
cache-control: no-cache
content-length: 14

16:03:29.541 [AsyncHttpClient-1-4] DEBUG org.asynchttpclient.netty.channel.ChannelManager - Adding key: http://localhost:56286 for channel [id: 0x48d0d88e, L:/127.0.0.1:60576 - R:localhost/127.0.0.1:56286]
16:03:29.541 [Forwarding sendKeysToElement on session fb0ed9755281e4cd3733861edb245900 to remote] DEBUG org.asynchttpclient.netty.request.NettyRequestSender - Using pooled Channel '[id: 0x48d0d88e, L:/127.0.0.1:60576 - R:localhost/127.0.0.1:56286]' for 'POST' to 'http://localhost:56286/session/fb0ed9755281e4cd3733861edb245900/element/4059edf0-69b7-4bd3-ac77-d92ac2a626a9/value'
16:03:29.541 [Forwarding sendKeysToElement on session fb0ed9755281e4cd3733861edb245900 to remote] DEBUG org.asynchttpclient.netty.request.NettyRequestSender - Using open Channel [id: 0x48d0d88e, L:/127.0.0.1:60576 - R:localhost/127.0.0.1:56286] for POST '/session/fb0ed9755281e4cd3733861edb245900/element/4059edf0-69b7-4bd3-ac77-d92ac2a626a9/value'
16:03:29.794 [AsyncHttpClient-1-4] DEBUG org.asynchttpclient.netty.handler.HttpHandler - 

Request DefaultHttpRequest(decodeResult: success, version: HTTP/1.1)
POST /session/fb0ed9755281e4cd3733861edb245900/element/4059edf0-69b7-4bd3-ac77-d92ac2a626a9/value HTTP/1.1
User-Agent: selenium/4.1.2 (java windows)
Content-Length: 251
Content-Type: application/json; charset=utf-8
host: localhost:56286
accept: */*

Response DefaultHttpResponse(decodeResult: success, version: HTTP/1.1)
HTTP/1.1 200 OK
Content-Type: application/json; charset=utf-8
cache-control: no-cache
content-length: 14

16:03:29.794 [AsyncHttpClient-1-4] DEBUG org.asynchttpclient.netty.channel.ChannelManager - Adding key: http://localhost:56286 for channel [id: 0x48d0d88e, L:/127.0.0.1:60576 - R:localhost/127.0.0.1:56286]
16:03:29.812 [Forwarding findElement on session fb0ed9755281e4cd3733861edb245900 to remote] DEBUG org.asynchttpclient.netty.request.NettyRequestSender - Using pooled Channel '[id: 0x48d0d88e, L:/127.0.0.1:60576 - R:localhost/127.0.0.1:56286]' for 'POST' to 'http://localhost:56286/session/fb0ed9755281e4cd3733861edb245900/element'
16:03:29.812 [Forwarding findElement on session fb0ed9755281e4cd3733861edb245900 to remote] DEBUG org.asynchttpclient.netty.request.NettyRequestSender - Using open Channel [id: 0x48d0d88e, L:/127.0.0.1:60576 - R:localhost/127.0.0.1:56286] for POST '/session/fb0ed9755281e4cd3733861edb245900/element'
16:03:29.891 [AsyncHttpClient-1-4] DEBUG org.asynchttpclient.netty.handler.HttpHandler - 

Request DefaultHttpRequest(decodeResult: success, version: HTTP/1.1)
POST /session/fb0ed9755281e4cd3733861edb245900/element HTTP/1.1
User-Agent: selenium/4.1.2 (java windows)
Content-Length: 70
Content-Type: application/json; charset=utf-8
host: localhost:56286
accept: */*

Response DefaultHttpResponse(decodeResult: success, version: HTTP/1.1)
HTTP/1.1 200 OK
Content-Type: application/json; charset=utf-8
cache-control: no-cache
content-length: 88

16:03:29.895 [AsyncHttpClient-1-4] DEBUG org.asynchttpclient.netty.channel.ChannelManager - Adding key: http://localhost:56286 for channel [id: 0x48d0d88e, L:/127.0.0.1:60576 - R:localhost/127.0.0.1:56286]
16:03:29.901 [Forwarding clearElement on session fb0ed9755281e4cd3733861edb245900 to remote] DEBUG org.asynchttpclient.netty.request.NettyRequestSender - Using pooled Channel '[id: 0x48d0d88e, L:/127.0.0.1:60576 - R:localhost/127.0.0.1:56286]' for 'POST' to 'http://localhost:56286/session/fb0ed9755281e4cd3733861edb245900/element/e21c5d87-ec9f-42c7-876a-4b8c51c6bae2/clear'
16:03:29.901 [Forwarding clearElement on session fb0ed9755281e4cd3733861edb245900 to remote] DEBUG org.asynchttpclient.netty.request.NettyRequestSender - Using open Channel [id: 0x48d0d88e, L:/127.0.0.1:60576 - R:localhost/127.0.0.1:56286] for POST '/session/fb0ed9755281e4cd3733861edb245900/element/e21c5d87-ec9f-42c7-876a-4b8c51c6bae2/clear'
16:03:30.035 [AsyncHttpClient-1-4] DEBUG org.asynchttpclient.netty.handler.HttpHandler - 

Request DefaultHttpRequest(decodeResult: success, version: HTTP/1.1)
POST /session/fb0ed9755281e4cd3733861edb245900/element/e21c5d87-ec9f-42c7-876a-4b8c51c6bae2/clear HTTP/1.1
User-Agent: selenium/4.1.2 (java windows)
Content-Length: 50
Content-Type: application/json; charset=utf-8
host: localhost:56286
accept: */*

Response DefaultHttpResponse(decodeResult: success, version: HTTP/1.1)
HTTP/1.1 200 OK
Content-Type: application/json; charset=utf-8
cache-control: no-cache
content-length: 14

16:03:30.043 [AsyncHttpClient-1-4] DEBUG org.asynchttpclient.netty.channel.ChannelManager - Adding key: http://localhost:56286 for channel [id: 0x48d0d88e, L:/127.0.0.1:60576 - R:localhost/127.0.0.1:56286]
16:03:30.053 [Forwarding sendKeysToElement on session fb0ed9755281e4cd3733861edb245900 to remote] DEBUG org.asynchttpclient.netty.request.NettyRequestSender - Using pooled Channel '[id: 0x48d0d88e, L:/127.0.0.1:60576 - R:localhost/127.0.0.1:56286]' for 'POST' to 'http://localhost:56286/session/fb0ed9755281e4cd3733861edb245900/element/e21c5d87-ec9f-42c7-876a-4b8c51c6bae2/value'
16:03:30.053 [Forwarding sendKeysToElement on session fb0ed9755281e4cd3733861edb245900 to remote] DEBUG org.asynchttpclient.netty.request.NettyRequestSender - Using open Channel [id: 0x48d0d88e, L:/127.0.0.1:60576 - R:localhost/127.0.0.1:56286] for POST '/session/fb0ed9755281e4cd3733861edb245900/element/e21c5d87-ec9f-42c7-876a-4b8c51c6bae2/value'
16:03:30.187 [AsyncHttpClient-1-4] DEBUG org.asynchttpclient.netty.handler.HttpHandler - 

Request DefaultHttpRequest(decodeResult: success, version: HTTP/1.1)
POST /session/fb0ed9755281e4cd3733861edb245900/element/e21c5d87-ec9f-42c7-876a-4b8c51c6bae2/value HTTP/1.1
User-Agent: selenium/4.1.2 (java windows)
Content-Length: 171
Content-Type: application/json; charset=utf-8
host: localhost:56286
accept: */*

Response DefaultHttpResponse(decodeResult: success, version: HTTP/1.1)
HTTP/1.1 200 OK
Content-Type: application/json; charset=utf-8
cache-control: no-cache
content-length: 14

16:03:30.187 [AsyncHttpClient-1-4] DEBUG org.asynchttpclient.netty.channel.ChannelManager - Adding key: http://localhost:56286 for channel [id: 0x48d0d88e, L:/127.0.0.1:60576 - R:localhost/127.0.0.1:56286]
  &amp#27;[32mAnd &amp#27;[0m&amp#27;[32mi input &amp#27;[0m&amp#27;[32m&amp#27;[1m"sonyaaa@gmail.com"&amp#27;[0m&amp#27;[32m and &amp#27;[0m&amp#27;[32m&amp#27;[1m"SonyaPrds"&amp#27;[0m&amp#27;[32m for login&amp#27;[0m &amp#27;[90m# starter.stepdefinitions.loginSteps.iInputAndForLogin(java.lang.String,java.lang.String)&amp#27;[0m
16:03:30.203 [Forwarding screenshot on session fb0ed9755281e4cd3733861edb245900 to remote] DEBUG org.asynchttpclient.netty.request.NettyRequestSender - Using pooled Channel '[id: 0x48d0d88e, L:/127.0.0.1:60576 - R:localhost/127.0.0.1:56286]' for 'GET' to 'http://localhost:56286/session/fb0ed9755281e4cd3733861edb245900/screenshot'
16:03:30.203 [Forwarding screenshot on session fb0ed9755281e4cd3733861edb245900 to remote] DEBUG org.asynchttpclient.netty.request.NettyRequestSender - Using open Channel [id: 0x48d0d88e, L:/127.0.0.1:60576 - R:localhost/127.0.0.1:56286] for GET '/session/fb0ed9755281e4cd3733861edb245900/screenshot'
16:03:30.427 [AsyncHttpClient-1-1] DEBUG org.asynchttpclient.netty.channel.DefaultChannelPool - Entry count for : http://localhost:60578 : 1
16:03:30.537 [AsyncHttpClient-1-4] DEBUG org.asynchttpclient.netty.handler.HttpHandler - 

Request DefaultFullHttpRequest(decodeResult: success, version: HTTP/1.1, content: EmptyByteBufBE)
GET /session/fb0ed9755281e4cd3733861edb245900/screenshot HTTP/1.1
User-Agent: selenium/4.1.2 (java windows)
Cache-Control: no-cache
Content-Type: application/json; charset=utf-8
host: localhost:56286
accept: */*

Response DefaultHttpResponse(decodeResult: success, version: HTTP/1.1)
HTTP/1.1 200 OK
Content-Type: application/json; charset=utf-8
cache-control: no-cache
content-length: 126712

16:03:30.541 [AsyncHttpClient-1-4] DEBUG org.asynchttpclient.netty.channel.ChannelManager - Adding key: http://localhost:56286 for channel [id: 0x48d0d88e, L:/127.0.0.1:60576 - R:localhost/127.0.0.1:56286]
16:03:30.543 [main] DEBUG net.serenitybdd.core.photography.Darkroom - Send negative for processing for target\site\serenity\ac997d83d1bfdf4531d46fc72516aa369ff6cd8d856d291fd691a647d5afabd1.png
16:03:30.543 [Darkroom Processing Line] DEBUG net.serenitybdd.core.photography.DarkroomProcessingLine - Processing screenshot image in /var/screenshots/screenshot-6648287396363819691
16:03:30.543 [Darkroom Processing Line] DEBUG net.serenitybdd.core.photography.DarkroomProcessingLine - Saving screenshot to target\site\serenity\ac997d83d1bfdf4531d46fc72516aa369ff6cd8d856d291fd691a647d5afabd1.png
16:03:30.572 [Forwarding findElement on session fb0ed9755281e4cd3733861edb245900 to remote] DEBUG org.asynchttpclient.netty.request.NettyRequestSender - Using pooled Channel '[id: 0x48d0d88e, L:/127.0.0.1:60576 - R:localhost/127.0.0.1:56286]' for 'POST' to 'http://localhost:56286/session/fb0ed9755281e4cd3733861edb245900/element'
16:03:30.572 [Forwarding findElement on session fb0ed9755281e4cd3733861edb245900 to remote] DEBUG org.asynchttpclient.netty.request.NettyRequestSender - Using open Channel [id: 0x48d0d88e, L:/127.0.0.1:60576 - R:localhost/127.0.0.1:56286] for POST '/session/fb0ed9755281e4cd3733861edb245900/element'
16:03:30.608 [AsyncHttpClient-1-4] DEBUG org.asynchttpclient.netty.handler.HttpHandler - 

Request DefaultHttpRequest(decodeResult: success, version: HTTP/1.1)
POST /session/fb0ed9755281e4cd3733861edb245900/element HTTP/1.1
User-Agent: selenium/4.1.2 (java windows)
Content-Length: 53
Content-Type: application/json; charset=utf-8
host: localhost:56286
accept: */*

Response DefaultHttpResponse(decodeResult: success, version: HTTP/1.1)
HTTP/1.1 200 OK
Content-Type: application/json; charset=utf-8
cache-control: no-cache
content-length: 88

16:03:30.608 [AsyncHttpClient-1-4] DEBUG org.asynchttpclient.netty.channel.ChannelManager - Adding key: http://localhost:56286 for channel [id: 0x48d0d88e, L:/127.0.0.1:60576 - R:localhost/127.0.0.1:56286]
16:03:30.619 [Forwarding getElementTagName on session fb0ed9755281e4cd3733861edb245900 to remote] DEBUG org.asynchttpclient.netty.request.NettyRequestSender - Using pooled Channel '[id: 0x48d0d88e, L:/127.0.0.1:60576 - R:localhost/127.0.0.1:56286]' for 'GET' to 'http://localhost:56286/session/fb0ed9755281e4cd3733861edb245900/element/cdbec612-e45b-47d1-8444-5502c6d9a9ce/name'
16:03:30.620 [Forwarding getElementTagName on session fb0ed9755281e4cd3733861edb245900 to remote] DEBUG org.asynchttpclient.netty.request.NettyRequestSender - Using open Channel [id: 0x48d0d88e, L:/127.0.0.1:60576 - R:localhost/127.0.0.1:56286] for GET '/session/fb0ed9755281e4cd3733861edb245900/element/cdbec612-e45b-47d1-8444-5502c6d9a9ce/name'
16:03:30.628 [AsyncHttpClient-1-4] DEBUG org.asynchttpclient.netty.handler.HttpHandler - 

Request DefaultFullHttpRequest(decodeResult: success, version: HTTP/1.1, content: EmptyByteBufBE)
GET /session/fb0ed9755281e4cd3733861edb245900/element/cdbec612-e45b-47d1-8444-5502c6d9a9ce/name HTTP/1.1
User-Agent: selenium/4.1.2 (java windows)
Cache-Control: no-cache
Content-Type: application/json; charset=utf-8
host: localhost:56286
accept: */*

Response DefaultHttpResponse(decodeResult: success, version: HTTP/1.1)
HTTP/1.1 200 OK
Content-Type: application/json; charset=utf-8
cache-control: no-cache
content-length: 18

16:03:30.628 [AsyncHttpClient-1-4] DEBUG org.asynchttpclient.netty.channel.ChannelManager - Adding key: http://localhost:56286 for channel [id: 0x48d0d88e, L:/127.0.0.1:60576 - R:localhost/127.0.0.1:56286]
16:03:30.636 [Forwarding getElementTagName on session fb0ed9755281e4cd3733861edb245900 to remote] DEBUG org.asynchttpclient.netty.request.NettyRequestSender - Using pooled Channel '[id: 0x48d0d88e, L:/127.0.0.1:60576 - R:localhost/127.0.0.1:56286]' for 'GET' to 'http://localhost:56286/session/fb0ed9755281e4cd3733861edb245900/element/cdbec612-e45b-47d1-8444-5502c6d9a9ce/name'
16:03:30.636 [Forwarding getElementTagName on session fb0ed9755281e4cd3733861edb245900 to remote] DEBUG org.asynchttpclient.netty.request.NettyRequestSender - Using open Channel [id: 0x48d0d88e, L:/127.0.0.1:60576 - R:localhost/127.0.0.1:56286] for GET '/session/fb0ed9755281e4cd3733861edb245900/element/cdbec612-e45b-47d1-8444-5502c6d9a9ce/name'
16:03:30.652 [AsyncHttpClient-1-4] DEBUG org.asynchttpclient.netty.handler.HttpHandler - 

Request DefaultFullHttpRequest(decodeResult: success, version: HTTP/1.1, content: EmptyByteBufBE)
GET /session/fb0ed9755281e4cd3733861edb245900/element/cdbec612-e45b-47d1-8444-5502c6d9a9ce/name HTTP/1.1
User-Agent: selenium/4.1.2 (java windows)
Cache-Control: no-cache
Content-Type: application/json; charset=utf-8
host: localhost:56286
accept: */*

Response DefaultHttpResponse(decodeResult: success, version: HTTP/1.1)
HTTP/1.1 200 OK
Content-Type: application/json; charset=utf-8
cache-control: no-cache
content-length: 18

16:03:30.652 [AsyncHttpClient-1-4] DEBUG org.asynchttpclient.netty.channel.ChannelManager - Adding key: http://localhost:56286 for channel [id: 0x48d0d88e, L:/127.0.0.1:60576 - R:localhost/127.0.0.1:56286]
16:03:30.661 [Forwarding isElementEnabled on session fb0ed9755281e4cd3733861edb245900 to remote] DEBUG org.asynchttpclient.netty.request.NettyRequestSender - Using pooled Channel '[id: 0x48d0d88e, L:/127.0.0.1:60576 - R:localhost/127.0.0.1:56286]' for 'GET' to 'http://localhost:56286/session/fb0ed9755281e4cd3733861edb245900/element/cdbec612-e45b-47d1-8444-5502c6d9a9ce/enabled'
16:03:30.661 [Forwarding isElementEnabled on session fb0ed9755281e4cd3733861edb245900 to remote] DEBUG org.asynchttpclient.netty.request.NettyRequestSender - Using open Channel [id: 0x48d0d88e, L:/127.0.0.1:60576 - R:localhost/127.0.0.1:56286] for GET '/session/fb0ed9755281e4cd3733861edb245900/element/cdbec612-e45b-47d1-8444-5502c6d9a9ce/enabled'
16:03:30.680 [AsyncHttpClient-1-4] DEBUG org.asynchttpclient.netty.handler.HttpHandler - 

Request DefaultFullHttpRequest(decodeResult: success, version: HTTP/1.1, content: EmptyByteBufBE)
GET /session/fb0ed9755281e4cd3733861edb245900/element/cdbec612-e45b-47d1-8444-5502c6d9a9ce/enabled HTTP/1.1
User-Agent: selenium/4.1.2 (java windows)
Cache-Control: no-cache
Content-Type: application/json; charset=utf-8
host: localhost:56286
accept: */*

Response DefaultHttpResponse(decodeResult: success, version: HTTP/1.1)
HTTP/1.1 200 OK
Content-Type: application/json; charset=utf-8
cache-control: no-cache
content-length: 14

16:03:30.688 [AsyncHttpClient-1-4] DEBUG org.asynchttpclient.netty.channel.ChannelManager - Adding key: http://localhost:56286 for channel [id: 0x48d0d88e, L:/127.0.0.1:60576 - R:localhost/127.0.0.1:56286]
16:03:30.696 [Forwarding isElementEnabled on session fb0ed9755281e4cd3733861edb245900 to remote] DEBUG org.asynchttpclient.netty.request.NettyRequestSender - Using pooled Channel '[id: 0x48d0d88e, L:/127.0.0.1:60576 - R:localhost/127.0.0.1:56286]' for 'GET' to 'http://localhost:56286/session/fb0ed9755281e4cd3733861edb245900/element/cdbec612-e45b-47d1-8444-5502c6d9a9ce/enabled'
16:03:30.696 [Forwarding isElementEnabled on session fb0ed9755281e4cd3733861edb245900 to remote] DEBUG org.asynchttpclient.netty.request.NettyRequestSender - Using open Channel [id: 0x48d0d88e, L:/127.0.0.1:60576 - R:localhost/127.0.0.1:56286] for GET '/session/fb0ed9755281e4cd3733861edb245900/element/cdbec612-e45b-47d1-8444-5502c6d9a9ce/enabled'
16:03:30.732 [AsyncHttpClient-1-4] DEBUG org.asynchttpclient.netty.handler.HttpHandler - 

Request DefaultFullHttpRequest(decodeResult: success, version: HTTP/1.1, content: EmptyByteBufBE)
GET /session/fb0ed9755281e4cd3733861edb245900/element/cdbec612-e45b-47d1-8444-5502c6d9a9ce/enabled HTTP/1.1
User-Agent: selenium/4.1.2 (java windows)
Cache-Control: no-cache
Content-Type: application/json; charset=utf-8
host: localhost:56286
accept: */*

Response DefaultHttpResponse(decodeResult: success, version: HTTP/1.1)
HTTP/1.1 200 OK
Content-Type: application/json; charset=utf-8
cache-control: no-cache
content-length: 14

16:03:30.732 [AsyncHttpClient-1-4] DEBUG org.asynchttpclient.netty.channel.ChannelManager - Adding key: http://localhost:56286 for channel [id: 0x48d0d88e, L:/127.0.0.1:60576 - R:localhost/127.0.0.1:56286]
16:03:30.744 [Forwarding findElement on session fb0ed9755281e4cd3733861edb245900 to remote] DEBUG org.asynchttpclient.netty.request.NettyRequestSender - Using pooled Channel '[id: 0x48d0d88e, L:/127.0.0.1:60576 - R:localhost/127.0.0.1:56286]' for 'POST' to 'http://localhost:56286/session/fb0ed9755281e4cd3733861edb245900/element'
16:03:30.744 [Forwarding findElement on session fb0ed9755281e4cd3733861edb245900 to remote] DEBUG org.asynchttpclient.netty.request.NettyRequestSender - Using open Channel [id: 0x48d0d88e, L:/127.0.0.1:60576 - R:localhost/127.0.0.1:56286] for POST '/session/fb0ed9755281e4cd3733861edb245900/element'
16:03:30.769 [AsyncHttpClient-1-4] DEBUG org.asynchttpclient.netty.handler.HttpHandler - 

Request DefaultHttpRequest(decodeResult: success, version: HTTP/1.1)
POST /session/fb0ed9755281e4cd3733861edb245900/element HTTP/1.1
User-Agent: selenium/4.1.2 (java windows)
Content-Length: 53
Content-Type: application/json; charset=utf-8
host: localhost:56286
accept: */*

Response DefaultHttpResponse(decodeResult: success, version: HTTP/1.1)
HTTP/1.1 200 OK
Content-Type: application/json; charset=utf-8
cache-control: no-cache
content-length: 88

16:03:30.769 [AsyncHttpClient-1-4] DEBUG org.asynchttpclient.netty.channel.ChannelManager - Adding key: http://localhost:56286 for channel [id: 0x48d0d88e, L:/127.0.0.1:60576 - R:localhost/127.0.0.1:56286]
16:03:30.777 [Forwarding clickElement on session fb0ed9755281e4cd3733861edb245900 to remote] DEBUG org.asynchttpclient.netty.request.NettyRequestSender - Using pooled Channel '[id: 0x48d0d88e, L:/127.0.0.1:60576 - R:localhost/127.0.0.1:56286]' for 'POST' to 'http://localhost:56286/session/fb0ed9755281e4cd3733861edb245900/element/cdbec612-e45b-47d1-8444-5502c6d9a9ce/click'
16:03:30.777 [Forwarding clickElement on session fb0ed9755281e4cd3733861edb245900 to remote] DEBUG org.asynchttpclient.netty.request.NettyRequestSender - Using open Channel [id: 0x48d0d88e, L:/127.0.0.1:60576 - R:localhost/127.0.0.1:56286] for POST '/session/fb0ed9755281e4cd3733861edb245900/element/cdbec612-e45b-47d1-8444-5502c6d9a9ce/click'
16:03:30.893 [AsyncHttpClient-1-4] DEBUG org.asynchttpclient.netty.handler.HttpHandler - 

Request DefaultHttpRequest(decodeResult: success, version: HTTP/1.1)
POST /session/fb0ed9755281e4cd3733861edb245900/element/cdbec612-e45b-47d1-8444-5502c6d9a9ce/click HTTP/1.1
User-Agent: selenium/4.1.2 (java windows)
Content-Length: 50
Content-Type: application/json; charset=utf-8
host: localhost:56286
accept: */*

Response DefaultHttpResponse(decodeResult: success, version: HTTP/1.1)
HTTP/1.1 200 OK
Content-Type: application/json; charset=utf-8
cache-control: no-cache
content-length: 14

16:03:30.893 [AsyncHttpClient-1-4] DEBUG org.asynchttpclient.netty.channel.ChannelManager - Adding key: http://localhost:56286 for channel [id: 0x48d0d88e, L:/127.0.0.1:60576 - R:localhost/127.0.0.1:56286]
  &amp#27;[32mAnd &amp#27;[0m&amp#27;[32mi click continue button for login&amp#27;[0m                     &amp#27;[90m# starter.stepdefinitions.loginSteps.iClickContinueButtonForLogin()&amp#27;[0m
16:03:30.920 [Forwarding screenshot on session fb0ed9755281e4cd3733861edb245900 to remote] DEBUG org.asynchttpclient.netty.request.NettyRequestSender - Using pooled Channel '[id: 0x48d0d88e, L:/127.0.0.1:60576 - R:localhost/127.0.0.1:56286]' for 'GET' to 'http://localhost:56286/session/fb0ed9755281e4cd3733861edb245900/screenshot'
16:03:30.920 [Forwarding screenshot on session fb0ed9755281e4cd3733861edb245900 to remote] DEBUG org.asynchttpclient.netty.request.NettyRequestSender - Using open Channel [id: 0x48d0d88e, L:/127.0.0.1:60576 - R:localhost/127.0.0.1:56286] for GET '/session/fb0ed9755281e4cd3733861edb245900/screenshot'
16:03:31.279 [AsyncHttpClient-1-4] DEBUG org.asynchttpclient.netty.handler.HttpHandler - 

Request DefaultFullHttpRequest(decodeResult: success, version: HTTP/1.1, content: EmptyByteBufBE)
GET /session/fb0ed9755281e4cd3733861edb245900/screenshot HTTP/1.1
User-Agent: selenium/4.1.2 (java windows)
Cache-Control: no-cache
Content-Type: application/json; charset=utf-8
host: localhost:56286
accept: */*

Response DefaultHttpResponse(decodeResult: success, version: HTTP/1.1)
HTTP/1.1 200 OK
Content-Type: application/json; charset=utf-8
cache-control: no-cache
content-length: 126732

16:03:31.279 [AsyncHttpClient-1-4] DEBUG org.asynchttpclient.netty.channel.ChannelManager - Adding key: http://localhost:56286 for channel [id: 0x48d0d88e, L:/127.0.0.1:60576 - R:localhost/127.0.0.1:56286]
16:03:31.287 [main] DEBUG net.serenitybdd.core.photography.Darkroom - Send negative for processing for target\site\serenity\186f351b60896dbb0e04768ec8b50d153e2c5416088ac529360c031d27385b58.png
16:03:31.287 [Darkroom Processing Line] DEBUG net.serenitybdd.core.photography.DarkroomProcessingLine - Processing screenshot image in /var/screenshots/screenshot-16447225979784484637
16:03:31.287 [Darkroom Processing Line] DEBUG net.serenitybdd.core.photography.DarkroomProcessingLine - Saving screenshot to target\site\serenity\186f351b60896dbb0e04768ec8b50d153e2c5416088ac529360c031d27385b58.png
16:03:31.522 [AsyncHttpClient-1-1] DEBUG org.asynchttpclient.netty.channel.DefaultChannelPool - Entry count for : http://localhost:56286 : 1
16:03:31.522 [AsyncHttpClient-1-1] DEBUG org.asynchttpclient.netty.channel.DefaultChannelPool - Entry count for : http://localhost:60578 : 1
16:03:32.342 [Forwarding findElement on session fb0ed9755281e4cd3733861edb245900 to remote] DEBUG org.asynchttpclient.netty.request.NettyRequestSender - Using pooled Channel '[id: 0x48d0d88e, L:/127.0.0.1:60576 - R:localhost/127.0.0.1:56286]' for 'POST' to 'http://localhost:56286/session/fb0ed9755281e4cd3733861edb245900/element'
16:03:32.342 [Forwarding findElement on session fb0ed9755281e4cd3733861edb245900 to remote] DEBUG org.asynchttpclient.netty.request.NettyRequestSender - Using open Channel [id: 0x48d0d88e, L:/127.0.0.1:60576 - R:localhost/127.0.0.1:56286] for POST '/session/fb0ed9755281e4cd3733861edb245900/element'
16:03:32.381 [AsyncHttpClient-1-4] DEBUG org.asynchttpclient.netty.handler.HttpHandler - 

Request DefaultHttpRequest(decodeResult: success, version: HTTP/1.1)
POST /session/fb0ed9755281e4cd3733861edb245900/element HTTP/1.1
User-Agent: selenium/4.1.2 (java windows)
Content-Length: 58
Content-Type: application/json; charset=utf-8
host: localhost:56286
accept: */*

Response DefaultHttpResponse(decodeResult: success, version: HTTP/1.1)
HTTP/1.1 200 OK
Content-Type: application/json; charset=utf-8
cache-control: no-cache
content-length: 88

16:03:32.381 [AsyncHttpClient-1-4] DEBUG org.asynchttpclient.netty.channel.ChannelManager - Adding key: http://localhost:56286 for channel [id: 0x48d0d88e, L:/127.0.0.1:60576 - R:localhost/127.0.0.1:56286]
16:03:32.390 [Forwarding isElementDisplayed on session fb0ed9755281e4cd3733861edb245900 to remote] DEBUG org.asynchttpclient.netty.request.NettyRequestSender - Using pooled Channel '[id: 0x48d0d88e, L:/127.0.0.1:60576 - R:localhost/127.0.0.1:56286]' for 'POST' to 'http://localhost:56286/session/fb0ed9755281e4cd3733861edb245900/execute/sync'
16:03:32.390 [Forwarding isElementDisplayed on session fb0ed9755281e4cd3733861edb245900 to remote] DEBUG org.asynchttpclient.netty.request.NettyRequestSender - Using open Channel [id: 0x48d0d88e, L:/127.0.0.1:60576 - R:localhost/127.0.0.1:56286] for POST '/session/fb0ed9755281e4cd3733861edb245900/execute/sync'
16:03:32.432 [AsyncHttpClient-1-4] DEBUG org.asynchttpclient.netty.handler.HttpHandler - 

Request DefaultHttpRequest(decodeResult: success, version: HTTP/1.1)
POST /session/fb0ed9755281e4cd3733861edb245900/execute/sync HTTP/1.1
User-Agent: selenium/4.1.2 (java windows)
Content-Length: 48780
Content-Type: application/json; charset=utf-8
host: localhost:56286
accept: */*

Response DefaultHttpResponse(decodeResult: success, version: HTTP/1.1)
HTTP/1.1 200 OK
Content-Type: application/json; charset=utf-8
cache-control: no-cache
content-length: 14

16:03:32.432 [AsyncHttpClient-1-4] DEBUG org.asynchttpclient.netty.channel.ChannelManager - Adding key: http://localhost:56286 for channel [id: 0x48d0d88e, L:/127.0.0.1:60576 - R:localhost/127.0.0.1:56286]
  &amp#27;[32mThen &amp#27;[0m&amp#27;[32mi get my &amp#27;[0m&amp#27;[32m&amp#27;[1m"invalid email or password"&amp#27;[0m&amp#27;[32m after login&amp#27;[0m     &amp#27;[90m# starter.stepdefinitions.loginSteps.iGetMyAfterLogin(java.lang.String)&amp#27;[0m
16:03:32.450 [Forwarding screenshot on session fb0ed9755281e4cd3733861edb245900 to remote] DEBUG org.asynchttpclient.netty.request.NettyRequestSender - Using pooled Channel '[id: 0x48d0d88e, L:/127.0.0.1:60576 - R:localhost/127.0.0.1:56286]' for 'GET' to 'http://localhost:56286/session/fb0ed9755281e4cd3733861edb245900/screenshot'
16:03:32.450 [Forwarding screenshot on session fb0ed9755281e4cd3733861edb245900 to remote] DEBUG org.asynchttpclient.netty.request.NettyRequestSender - Using open Channel [id: 0x48d0d88e, L:/127.0.0.1:60576 - R:localhost/127.0.0.1:56286] for GET '/session/fb0ed9755281e4cd3733861edb245900/screenshot'
16:03:32.620 [AsyncHttpClient-1-1] DEBUG org.asynchttpclient.netty.channel.DefaultChannelPool - Entry count for : http://localhost:60578 : 1
16:03:32.757 [AsyncHttpClient-1-4] DEBUG org.asynchttpclient.netty.handler.HttpHandler - 

Request DefaultFullHttpRequest(decodeResult: success, version: HTTP/1.1, content: EmptyByteBufBE)
GET /session/fb0ed9755281e4cd3733861edb245900/screenshot HTTP/1.1
User-Agent: selenium/4.1.2 (java windows)
Cache-Control: no-cache
Content-Type: application/json; charset=utf-8
host: localhost:56286
accept: */*

Response DefaultHttpResponse(decodeResult: success, version: HTTP/1.1)
HTTP/1.1 200 OK
Content-Type: application/json; charset=utf-8
cache-control: no-cache
content-length: 147584

16:03:32.757 [AsyncHttpClient-1-4] DEBUG org.asynchttpclient.netty.channel.ChannelManager - Adding key: http://localhost:56286 for channel [id: 0x48d0d88e, L:/127.0.0.1:60576 - R:localhost/127.0.0.1:56286]
16:03:32.757 [main] DEBUG net.serenitybdd.core.photography.Darkroom - Send negative for processing for target\site\serenity\4b602607b010f28deafc6770a3a5668ec95849f0201437947e61cec3d86a1846.png
16:03:32.765 [Darkroom Processing Line] DEBUG net.serenitybdd.core.photography.DarkroomProcessingLine - Processing screenshot image in /var/screenshots/screenshot-11588212253260437011
16:03:32.765 [Darkroom Processing Line] DEBUG net.serenitybdd.core.photography.DarkroomProcessingLine - Saving screenshot to target\site\serenity\4b602607b010f28deafc6770a3a5668ec95849f0201437947e61cec3d86a1846.png
16:03:32.781 [AsyncHttpClient-1-6] DEBUG org.asynchttpclient.netty.handler.WebSocketHandler - Channel Closed: [id: 0x52062d5a, L:/127.0.0.1:60587 ! R:localhost/127.0.0.1:60578] with attribute NettyResponseFuture{currentRetry=5,
	isDone=1,
	isCancelled=0,
	asyncHandler=org.asynchttpclient.ws.WebSocketUpgradeHandler@3fbc4885,
	nettyRequest=org.asynchttpclient.netty.request.NettyRequest@43cc0397,
	future=java.util.concurrent.CompletableFuture@476ee720[Completed normally],
	uri=ws://localhost:60578/devtools/browser/c848bd94-012f-4363-afe3-09a4b6b211b1,
	keepAlive=true,
	redirectCount=0,
	timeoutsHolder=null,
	inAuth=0,
	touch=1658480603796}
16:03:32.781 [Driver Command Executor] DEBUG org.asynchttpclient.netty.request.NettyRequestSender - Using pooled Channel '[id: 0x48d0d88e, L:/127.0.0.1:60576 - R:localhost/127.0.0.1:56286]' for 'DELETE' to 'http://localhost:56286/session/fb0ed9755281e4cd3733861edb245900'
16:03:32.781 [AsyncHttpClient-1-6] DEBUG org.asynchttpclient.netty.channel.ChannelManager - Closing Channel [id: 0x52062d5a, L:/127.0.0.1:60587 ! R:localhost/127.0.0.1:60578] 
16:03:32.781 [Driver Command Executor] DEBUG org.asynchttpclient.netty.request.NettyRequestSender - Using open Channel [id: 0x48d0d88e, L:/127.0.0.1:60576 - R:localhost/127.0.0.1:56286] for DELETE '/session/fb0ed9755281e4cd3733861edb245900'
16:03:32.990 [AsyncHttpClient-1-5] DEBUG org.asynchttpclient.netty.handler.HttpHandler - Unexpected I/O exception on channel [id: 0x563f4f5d, L:/127.0.0.1:60586 - R:localhost/127.0.0.1:60578]
java.net.SocketException: Connection reset
	at java.base/sun.nio.ch.SocketChannelImpl.throwConnectionReset(SocketChannelImpl.java:367)
	at java.base/sun.nio.ch.SocketChannelImpl.read(SocketChannelImpl.java:398)
	at io.netty.buffer.PooledByteBuf.setBytes(PooledByteBuf.java:258)
	at io.netty.buffer.AbstractByteBuf.writeBytes(AbstractByteBuf.java:1132)
	at io.netty.channel.socket.nio.NioSocketChannel.doReadBytes(NioSocketChannel.java:350)
	at io.netty.channel.nio.AbstractNioByteChannel$NioByteUnsafe.read(AbstractNioByteChannel.java:151)
	at io.netty.channel.nio.NioEventLoop.processSelectedKey(NioEventLoop.java:722)
	at io.netty.channel.nio.NioEventLoop.processSelectedKeysOptimized(NioEventLoop.java:658)
	at io.netty.channel.nio.NioEventLoop.processSelectedKeys(NioEventLoop.java:584)
	at io.netty.channel.nio.NioEventLoop.run(NioEventLoop.java:496)
	at io.netty.util.concurrent.SingleThreadEventExecutor$4.run(SingleThreadEventExecutor.java:986)
	at io.netty.util.internal.ThreadExecutorMap$2.run(ThreadExecutorMap.java:74)
	at io.netty.util.concurrent.FastThreadLocalRunnable.run(FastThreadLocalRunnable.java:30)
	at java.base/java.lang.Thread.run(Thread.java:832)
16:03:32.990 [AsyncHttpClient-1-5] DEBUG org.asynchttpclient.netty.channel.ChannelManager - Closing Channel [id: 0x563f4f5d, L:/127.0.0.1:60586 - R:localhost/127.0.0.1:60578] 
16:03:32.991 [AsyncHttpClient-1-5] DEBUG org.asynchttpclient.netty.handler.HttpHandler - Channel Closed: [id: 0x563f4f5d, L:/127.0.0.1:60586 ! R:localhost/127.0.0.1:60578] with attribute DISCARD
16:03:33.132 [AsyncHttpClient-1-4] DEBUG org.asynchttpclient.netty.handler.HttpHandler - 

Request DefaultFullHttpRequest(decodeResult: success, version: HTTP/1.1, content: EmptyByteBufBE)
DELETE /session/fb0ed9755281e4cd3733861edb245900 HTTP/1.1
User-Agent: selenium/4.1.2 (java windows)
Content-Type: application/json; charset=utf-8
host: localhost:56286
accept: */*

Response DefaultHttpResponse(decodeResult: success, version: HTTP/1.1)
HTTP/1.1 200 OK
Content-Type: application/json; charset=utf-8
cache-control: no-cache
content-length: 14

16:03:33.132 [AsyncHttpClient-1-4] DEBUG org.asynchttpclient.netty.channel.ChannelManager - Adding key: http://localhost:56286 for channel [id: 0x48d0d88e, L:/127.0.0.1:60576 - R:localhost/127.0.0.1:56286]
16:03:33.368 [AsyncHttpClient-1-4] DEBUG org.asynchttpclient.netty.handler.HttpHandler - Channel Closed: [id: 0x48d0d88e, L:/127.0.0.1:60576 ! R:localhost/127.0.0.1:56286] with attribute DISCARD
16:03:33.723 [AsyncHttpClient-1-1] DEBUG org.asynchttpclient.netty.channel.DefaultChannelPool - Entry count for : http://localhost:56286 : 1
16:03:33.723 [AsyncHttpClient-1-1] DEBUG org.asynchttpclient.netty.channel.DefaultChannelPool - Entry count for : http://localhost:60578 : 1
16:03:33.723 [AsyncHttpClient-1-1] DEBUG org.asynchttpclient.netty.channel.DefaultChannelPool - Adding Candidate expired Channel [id: 0x48d0d88e, L:/127.0.0.1:60576 ! R:localhost/127.0.0.1:56286] isIdleTimeoutExpired=false isRemotelyClosed=true isTtlExpired=false
16:03:33.723 [AsyncHttpClient-1-1] DEBUG org.asynchttpclient.netty.channel.DefaultChannelPool - Closing Idle Channel [id: 0x48d0d88e, L:/127.0.0.1:60576 ! R:localhost/127.0.0.1:56286]
16:03:33.723 [AsyncHttpClient-1-1] DEBUG org.asynchttpclient.netty.channel.DefaultChannelPool - Adding Candidate expired Channel [id: 0x563f4f5d, L:/127.0.0.1:60586 ! R:localhost/127.0.0.1:60578] isIdleTimeoutExpired=false isRemotelyClosed=true isTtlExpired=false
16:03:33.723 [AsyncHttpClient-1-1] DEBUG org.asynchttpclient.netty.channel.DefaultChannelPool - Closing Idle Channel [id: 0x563f4f5d, L:/127.0.0.1:60586 ! R:localhost/127.0.0.1:60578]
16:03:33.723 [AsyncHttpClient-1-1] DEBUG org.asynchttpclient.netty.channel.DefaultChannelPool - Closed 2 connections out of 2 in 0 ms
]]></system-out>
    <system-err><![CDATA[Starting ChromeDriver 102.0.5005.61 (0e59bcc00cc4985ce39ad31c150065f159d95ad3-refs/branch-heads/5005@{#819}) on port 56286
Only local connections are allowed.
Please see https://chromedriver.chromium.org/security-considerations for suggestions on keeping ChromeDriver safe.
ChromeDriver was started successfully.
[1658480603.341][WARNING]: This version of ChromeDriver has not been tested with Chrome version 103.
Jul 22, 2022 4:03:23 PM org.openqa.selenium.remote.ProtocolHandshake createSession
INFO: Detected dialect: W3C
Jul 22, 2022 4:03:23 PM org.openqa.selenium.devtools.CdpVersionFinder findNearestMatch
WARNING: Unable to find an exact match for CDP version 103, so returning the closest version found: a no-op implementation
Jul 22, 2022 4:03:23 PM org.openqa.selenium.devtools.CdpVersionFinder findNearestMatch
INFO: Unable to find CDP implementation matching 103.
Jul 22, 2022 4:03:23 PM org.openqa.selenium.chromium.ChromiumDriver lambda$new$3
WARNING: Unable to find version of CDP to use for . You may need to include a dependency on a specific version of the CDP using something similar to `org.seleniumhq.selenium:selenium-devtools-v86:4.1.2` where the version ("v86") matches the version of the chromium-based browser you're using and the version number of the artifact is the same as Selenium's.
]]></system-err>
  </testcase>
  <testcase name="Logout scenario" classname="Logout" time="32.41">
    <error type="org.openqa.selenium.NoSuchElementException"><![CDATA[org.openqa.selenium.NoSuchElementException: 
no such element: Unable to locate element: {"method":"xpath","selector":"//div[contains(text(), 'Admin Page, Welcome ')]"}
  (Session info: chrome=103.0.5060.134)
For documentation on this error, please visit: https://selenium.dev/exceptions/#no_such_element
Build info: version: '4.1.2', revision: '9a5a329c5a'
System info: host: 'DESKTOP-01SKV80', ip: '172.20.40.12', os.name: 'Windows 10', os.arch: 'amd64', os.version: '10.0', java.version: '15.0.2'
Driver info: org.openqa.selenium.chrome.ChromeDriver
Command: [f0a3b55b661fee35d21a82dd9404528d, findElement {using=xpath, value=//div[contains(text(), 'Admin Page, Welcome ')]}]
Capabilities {acceptInsecureCerts: false, browserName: chrome, browserVersion: 103.0.5060.134, chrome: {chromedriverVersion: 102.0.5005.61 (0e59bcc00cc4..., userDataDir: C:\Users\ASUS\AppData\Local...}, goog:chromeOptions: {debuggerAddress: localhost:60603}, javascriptEnabled: true, networkConnectionEnabled: false, pageLoadStrategy: normal, platform: WINDOWS, platformName: WINDOWS, proxy: Proxy(), se:cdp: ws://localhost:60603/devtoo..., se:cdpVersion: 103.0.5060.134, setWindowRect: true, strictFileInteractability: false, timeouts: {implicit: 0, pageLoad: 300000, script: 30000}, unhandledPromptBehavior: dismiss and notify, webauthn:extension:credBlob: true, webauthn:extension:largeBlob: true, webauthn:virtualAuthenticators: true}
Session ID: f0a3b55b661fee35d21a82dd9404528d
]]></error>
    <system-out><![CDATA[16:03:33.902 [main] INFO io.cucumber.core.plugin.SerenityReporter - Running feature from file:///D:/PERKULIAHAN/Semester%206,Hebatt%20glad!/QE-FGD/Automation-test-Website%20-%20Copy/src/test/resources/features/logout.feature
16:03:33.911 [main] DEBUG net.thucydides.core.steps.StepEventBus - Test suite started for story net.thucydides.core.model.Story@b51a1248
16:03:33.911 [main] INFO  - Test Suite Started: Logout

@logout
Scenario: Logout scenario &amp#27;[90m# src/test/resources/features/logout.feature:8&amp#27;[0m
16:03:33.919 [main] INFO io.cucumber.core.plugin.SerenityReporter - Running feature from file:///D:/PERKULIAHAN/Semester%206,Hebatt%20glad!/QE-FGD/Automation-test-Website%20-%20Copy/src/test/resources/features/logout.feature
16:03:33.930 [main] INFO  - 
  _____   ___   ___   _____     ___   _____     _     ___   _____   ___   ___  
 |_   _| | __| / __| |_   _|   / __| |_   _|   /_\   | _ \ |_   _| | __| |   \ 
   | |   | _|  \__ \   | |     \__ \   | |    / _ \  |   /   | |   | _|  | |) |
   |_|   |___| |___/   |_|     |___/   |_|   /_/ \_\ |_|_\   |_|   |___| |___/ 

Logout scenario(logout;logout-scenario)
--------------------------------------------------------------------------------
16:03:33.948 [main] INFO net.serenitybdd.core.webdriver.driverproviders.ChromeDriverProvider - Using automatically driver download
16:03:34.159 [main] DEBUG io.github.bonigarcia.wdm.cache.ResolutionCache - Resolution chrome=103 in cache (valid until 16:34:03 22/07/2022 WIB)
16:03:34.171 [main] DEBUG io.github.bonigarcia.wdm.cache.ResolutionCache - Resolution chrome103=103.0.5060.134 in cache (valid until 17:00:36 22/07/2022 WIB)
16:03:34.171 [main] INFO io.github.bonigarcia.wdm.WebDriverManager - Using chromedriver 103.0.5060.134 (resolved driver for Chrome 103)
16:03:34.198 [main] DEBUG io.github.bonigarcia.wdm.WebDriverManager - Driver chromedriver 103.0.5060.134 found in cache
16:03:34.206 [main] INFO io.github.bonigarcia.wdm.WebDriverManager - Exporting webdriver.chrome.driver as C:\Users\ASUS\.cache\selenium\chromedriver\win32\103.0.5060.134\chromedriver.exe
16:03:34.369 [main] DEBUG net.serenitybdd.core.webdriver.driverproviders.ProvideNewDriver - Instantiating driver
16:03:34.369 [main] DEBUG net.serenitybdd.core.webdriver.driverproviders.ProvideNewDriver - Driver capabilities: Capabilities {acceptInsecureCerts: false, base.url: https://found-capstone20.ne..., browserName: chrome, chrome.driver: src/test/resources/webdrive..., driver: chrome, goog:chromeOptions: {args: [], extensions: []}}
16:03:34.924 [AsyncHttpClient-1-7] DEBUG org.asynchttpclient.netty.channel.NettyConnectListener - Using new Channel '[id: 0x327c91c6, L:/127.0.0.1:60602 - R:localhost/127.0.0.1:59345]' for 'POST' to '/session'
16:03:36.549 [AsyncHttpClient-1-7] DEBUG org.asynchttpclient.netty.handler.HttpHandler - 

Request DefaultHttpRequest(decodeResult: success, version: HTTP/1.1)
POST /session HTTP/1.1
User-Agent: selenium/4.1.2 (java windows)
Content-Length: 623
Content-Type: application/json; charset=utf-8
host: localhost:59345
accept: */*

Response DefaultHttpResponse(decodeResult: success, version: HTTP/1.1)
HTTP/1.1 200 OK
Content-Type: application/json; charset=utf-8
cache-control: no-cache
content-length: 789

16:03:36.549 [AsyncHttpClient-1-7] DEBUG org.asynchttpclient.netty.channel.ChannelManager - Adding key: http://localhost:59345 for channel [id: 0x327c91c6, L:/127.0.0.1:60602 - R:localhost/127.0.0.1:59345]
16:03:36.571 [AsyncHttpClient-1-8] DEBUG org.asynchttpclient.netty.channel.NettyConnectListener - Using new Channel '[id: 0xd4524e64, L:/127.0.0.1:60611 - R:localhost/127.0.0.1:60603]' for 'GET' to '/json/version'
16:03:36.579 [AsyncHttpClient-1-8] DEBUG org.asynchttpclient.netty.handler.HttpHandler - 

Request DefaultFullHttpRequest(decodeResult: success, version: HTTP/1.1, content: EmptyByteBufBE)
GET /json/version HTTP/1.1
User-Agent: selenium/4.1.2 (java windows)
host: localhost:60603
accept: */*

Response DefaultHttpResponse(decodeResult: success, version: HTTP/1.1)
HTTP/1.1 200 OK
Content-Type: application/json; charset=UTF-8
content-length: 429

16:03:36.579 [AsyncHttpClient-1-8] DEBUG org.asynchttpclient.netty.channel.ChannelManager - Adding key: http://localhost:60603 for channel [id: 0xd4524e64, L:/127.0.0.1:60611 - R:localhost/127.0.0.1:60603]
16:03:36.587 [AsyncHttpClient-1-9] DEBUG org.asynchttpclient.netty.channel.NettyConnectListener - Using new Channel '[id: 0xbed7801d, L:/127.0.0.1:60612 - R:localhost/127.0.0.1:60603]' for 'GET' to '/devtools/browser/635971b1-71cd-402b-b7fa-936eea4efd13'
16:03:36.595 [AsyncHttpClient-1-9] DEBUG org.asynchttpclient.netty.handler.WebSocketHandler - 

Request DefaultFullHttpRequest(decodeResult: success, version: HTTP/1.1, content: EmptyByteBufBE)
GET /devtools/browser/635971b1-71cd-402b-b7fa-936eea4efd13 HTTP/1.1
upgrade: websocket
connection: upgrade
sec-websocket-key: zBUXST071KAAwIwJTIR4lg==
sec-websocket-version: 13
origin: http://localhost:60603
host: localhost:60603
accept: */*
user-agent: AHC/2.1

Response DefaultHttpResponse(decodeResult: success, version: HTTP/1.1)
HTTP/1.1 101 WebSocket Protocol Handshake
Upgrade: WebSocket
Connection: Upgrade
Sec-WebSocket-Accept: RhcJ0tmxNpibm6fB48pKY1JPiu8=

16:03:36.610 [Forwarding maximizeCurrentWindow on session f0a3b55b661fee35d21a82dd9404528d to remote] DEBUG org.asynchttpclient.netty.request.NettyRequestSender - Using pooled Channel '[id: 0x327c91c6, L:/127.0.0.1:60602 - R:localhost/127.0.0.1:59345]' for 'POST' to 'http://localhost:59345/session/f0a3b55b661fee35d21a82dd9404528d/window/maximize'
16:03:36.610 [Forwarding maximizeCurrentWindow on session f0a3b55b661fee35d21a82dd9404528d to remote] DEBUG org.asynchttpclient.netty.request.NettyRequestSender - Using open Channel [id: 0x327c91c6, L:/127.0.0.1:60602 - R:localhost/127.0.0.1:59345] for POST '/session/f0a3b55b661fee35d21a82dd9404528d/window/maximize'
16:03:36.763 [AsyncHttpClient-1-7] DEBUG org.asynchttpclient.netty.handler.HttpHandler - 

Request DefaultHttpRequest(decodeResult: success, version: HTTP/1.1)
POST /session/f0a3b55b661fee35d21a82dd9404528d/window/maximize HTTP/1.1
User-Agent: selenium/4.1.2 (java windows)
Content-Length: 3
Content-Type: application/json; charset=utf-8
host: localhost:59345
accept: */*

Response DefaultHttpResponse(decodeResult: success, version: HTTP/1.1)
HTTP/1.1 200 OK
Content-Type: application/json; charset=utf-8
cache-control: no-cache
content-length: 51

16:03:36.771 [AsyncHttpClient-1-7] DEBUG org.asynchttpclient.netty.channel.ChannelManager - Adding key: http://localhost:59345 for channel [id: 0x327c91c6, L:/127.0.0.1:60602 - R:localhost/127.0.0.1:59345]
16:03:36.779 [Forwarding get on session f0a3b55b661fee35d21a82dd9404528d to remote] DEBUG org.asynchttpclient.netty.request.NettyRequestSender - Using pooled Channel '[id: 0x327c91c6, L:/127.0.0.1:60602 - R:localhost/127.0.0.1:59345]' for 'POST' to 'http://localhost:59345/session/f0a3b55b661fee35d21a82dd9404528d/url'
16:03:36.780 [Forwarding get on session f0a3b55b661fee35d21a82dd9404528d to remote] DEBUG org.asynchttpclient.netty.request.NettyRequestSender - Using open Channel [id: 0x327c91c6, L:/127.0.0.1:60602 - R:localhost/127.0.0.1:59345] for POST '/session/f0a3b55b661fee35d21a82dd9404528d/url'
16:03:37.027 [AsyncHttpClient-1-1] DEBUG org.asynchttpclient.netty.channel.DefaultChannelPool - Entry count for : http://localhost:60603 : 1
16:03:38.122 [AsyncHttpClient-1-1] DEBUG org.asynchttpclient.netty.channel.DefaultChannelPool - Entry count for : http://localhost:60603 : 1
16:03:39.221 [AsyncHttpClient-1-1] DEBUG org.asynchttpclient.netty.channel.DefaultChannelPool - Entry count for : http://localhost:60603 : 1
16:03:40.339 [AsyncHttpClient-1-1] DEBUG org.asynchttpclient.netty.channel.DefaultChannelPool - Entry count for : http://localhost:60603 : 1
16:03:41.439 [AsyncHttpClient-1-1] DEBUG org.asynchttpclient.netty.channel.DefaultChannelPool - Entry count for : http://localhost:60603 : 1
16:03:42.529 [AsyncHttpClient-1-1] DEBUG org.asynchttpclient.netty.channel.DefaultChannelPool - Entry count for : http://localhost:60603 : 1
16:03:43.630 [AsyncHttpClient-1-1] DEBUG org.asynchttpclient.netty.channel.DefaultChannelPool - Entry count for : http://localhost:60603 : 1
16:03:44.728 [AsyncHttpClient-1-1] DEBUG org.asynchttpclient.netty.channel.DefaultChannelPool - Entry count for : http://localhost:60603 : 1
16:03:45.821 [AsyncHttpClient-1-1] DEBUG org.asynchttpclient.netty.channel.DefaultChannelPool - Entry count for : http://localhost:60603 : 1
16:03:46.930 [AsyncHttpClient-1-1] DEBUG org.asynchttpclient.netty.channel.DefaultChannelPool - Entry count for : http://localhost:60603 : 1
16:03:48.021 [AsyncHttpClient-1-1] DEBUG org.asynchttpclient.netty.channel.DefaultChannelPool - Entry count for : http://localhost:60603 : 1
16:03:49.121 [AsyncHttpClient-1-1] DEBUG org.asynchttpclient.netty.channel.DefaultChannelPool - Entry count for : http://localhost:60603 : 1
16:03:50.222 [AsyncHttpClient-1-1] DEBUG org.asynchttpclient.netty.channel.DefaultChannelPool - Entry count for : http://localhost:60603 : 1
16:03:51.322 [AsyncHttpClient-1-1] DEBUG org.asynchttpclient.netty.channel.DefaultChannelPool - Entry count for : http://localhost:60603 : 1
16:03:52.429 [AsyncHttpClient-1-1] DEBUG org.asynchttpclient.netty.channel.DefaultChannelPool - Entry count for : http://localhost:60603 : 1
16:03:53.528 [AsyncHttpClient-1-1] DEBUG org.asynchttpclient.netty.channel.DefaultChannelPool - Entry count for : http://localhost:60603 : 1
16:03:54.621 [AsyncHttpClient-1-1] DEBUG org.asynchttpclient.netty.channel.DefaultChannelPool - Entry count for : http://localhost:60603 : 1
16:03:54.809 [AsyncHttpClient-1-7] DEBUG org.asynchttpclient.netty.handler.HttpHandler - 

Request DefaultHttpRequest(decodeResult: success, version: HTTP/1.1)
POST /session/f0a3b55b661fee35d21a82dd9404528d/url HTTP/1.1
User-Agent: selenium/4.1.2 (java windows)
Content-Length: 67
Content-Type: application/json; charset=utf-8
host: localhost:59345
accept: */*

Response DefaultHttpResponse(decodeResult: success, version: HTTP/1.1)
HTTP/1.1 200 OK
Content-Type: application/json; charset=utf-8
cache-control: no-cache
content-length: 14

16:03:54.809 [AsyncHttpClient-1-7] DEBUG org.asynchttpclient.netty.channel.ChannelManager - Adding key: http://localhost:59345 for channel [id: 0x327c91c6, L:/127.0.0.1:60602 - R:localhost/127.0.0.1:59345]
16:03:54.809 [Forwarding setTimeout on session f0a3b55b661fee35d21a82dd9404528d to remote] DEBUG org.asynchttpclient.netty.request.NettyRequestSender - Using pooled Channel '[id: 0x327c91c6, L:/127.0.0.1:60602 - R:localhost/127.0.0.1:59345]' for 'POST' to 'http://localhost:59345/session/f0a3b55b661fee35d21a82dd9404528d/timeouts'
16:03:54.809 [Forwarding setTimeout on session f0a3b55b661fee35d21a82dd9404528d to remote] DEBUG org.asynchttpclient.netty.request.NettyRequestSender - Using open Channel [id: 0x327c91c6, L:/127.0.0.1:60602 - R:localhost/127.0.0.1:59345] for POST '/session/f0a3b55b661fee35d21a82dd9404528d/timeouts'
16:03:54.809 [AsyncHttpClient-1-7] DEBUG org.asynchttpclient.netty.handler.HttpHandler - 

Request DefaultHttpRequest(decodeResult: success, version: HTTP/1.1)
POST /session/f0a3b55b661fee35d21a82dd9404528d/timeouts HTTP/1.1
User-Agent: selenium/4.1.2 (java windows)
Content-Length: 22
Content-Type: application/json; charset=utf-8
host: localhost:59345
accept: */*

Response DefaultHttpResponse(decodeResult: success, version: HTTP/1.1)
HTTP/1.1 200 OK
Content-Type: application/json; charset=utf-8
cache-control: no-cache
content-length: 14

16:03:54.809 [AsyncHttpClient-1-7] DEBUG org.asynchttpclient.netty.channel.ChannelManager - Adding key: http://localhost:59345 for channel [id: 0x327c91c6, L:/127.0.0.1:60602 - R:localhost/127.0.0.1:59345]
16:03:54.822 [Forwarding getCurrentUrl on session f0a3b55b661fee35d21a82dd9404528d to remote] DEBUG org.asynchttpclient.netty.request.NettyRequestSender - Using pooled Channel '[id: 0x327c91c6, L:/127.0.0.1:60602 - R:localhost/127.0.0.1:59345]' for 'GET' to 'http://localhost:59345/session/f0a3b55b661fee35d21a82dd9404528d/url'
16:03:54.822 [Forwarding getCurrentUrl on session f0a3b55b661fee35d21a82dd9404528d to remote] DEBUG org.asynchttpclient.netty.request.NettyRequestSender - Using open Channel [id: 0x327c91c6, L:/127.0.0.1:60602 - R:localhost/127.0.0.1:59345] for GET '/session/f0a3b55b661fee35d21a82dd9404528d/url'
16:03:54.840 [AsyncHttpClient-1-7] DEBUG org.asynchttpclient.netty.handler.HttpHandler - 

Request DefaultFullHttpRequest(decodeResult: success, version: HTTP/1.1, content: EmptyByteBufBE)
GET /session/f0a3b55b661fee35d21a82dd9404528d/url HTTP/1.1
User-Agent: selenium/4.1.2 (java windows)
Cache-Control: no-cache
Content-Type: application/json; charset=utf-8
host: localhost:59345
accept: */*

Response DefaultHttpResponse(decodeResult: success, version: HTTP/1.1)
HTTP/1.1 200 OK
Content-Type: application/json; charset=utf-8
cache-control: no-cache
content-length: 49

16:03:54.840 [AsyncHttpClient-1-7] DEBUG org.asynchttpclient.netty.channel.ChannelManager - Adding key: http://localhost:59345 for channel [id: 0x327c91c6, L:/127.0.0.1:60602 - R:localhost/127.0.0.1:59345]
16:03:54.842 [Forwarding findElement on session f0a3b55b661fee35d21a82dd9404528d to remote] DEBUG org.asynchttpclient.netty.request.NettyRequestSender - Using pooled Channel '[id: 0x327c91c6, L:/127.0.0.1:60602 - R:localhost/127.0.0.1:59345]' for 'POST' to 'http://localhost:59345/session/f0a3b55b661fee35d21a82dd9404528d/element'
16:03:54.842 [Forwarding findElement on session f0a3b55b661fee35d21a82dd9404528d to remote] DEBUG org.asynchttpclient.netty.request.NettyRequestSender - Using open Channel [id: 0x327c91c6, L:/127.0.0.1:60602 - R:localhost/127.0.0.1:59345] for POST '/session/f0a3b55b661fee35d21a82dd9404528d/element'
16:03:54.861 [AsyncHttpClient-1-7] DEBUG org.asynchttpclient.netty.handler.HttpHandler - 

Request DefaultHttpRequest(decodeResult: success, version: HTTP/1.1)
POST /session/f0a3b55b661fee35d21a82dd9404528d/element HTTP/1.1
User-Agent: selenium/4.1.2 (java windows)
Content-Length: 55
Content-Type: application/json; charset=utf-8
host: localhost:59345
accept: */*

Response DefaultHttpResponse(decodeResult: success, version: HTTP/1.1)
HTTP/1.1 200 OK
Content-Type: application/json; charset=utf-8
cache-control: no-cache
content-length: 88

16:03:54.861 [AsyncHttpClient-1-7] DEBUG org.asynchttpclient.netty.channel.ChannelManager - Adding key: http://localhost:59345 for channel [id: 0x327c91c6, L:/127.0.0.1:60602 - R:localhost/127.0.0.1:59345]
16:03:54.877 [Forwarding isElementDisplayed on session f0a3b55b661fee35d21a82dd9404528d to remote] DEBUG org.asynchttpclient.netty.request.NettyRequestSender - Using pooled Channel '[id: 0x327c91c6, L:/127.0.0.1:60602 - R:localhost/127.0.0.1:59345]' for 'POST' to 'http://localhost:59345/session/f0a3b55b661fee35d21a82dd9404528d/execute/sync'
16:03:54.877 [Forwarding isElementDisplayed on session f0a3b55b661fee35d21a82dd9404528d to remote] DEBUG org.asynchttpclient.netty.request.NettyRequestSender - Using open Channel [id: 0x327c91c6, L:/127.0.0.1:60602 - R:localhost/127.0.0.1:59345] for POST '/session/f0a3b55b661fee35d21a82dd9404528d/execute/sync'
16:03:54.900 [AsyncHttpClient-1-7] DEBUG org.asynchttpclient.netty.handler.HttpHandler - 

Request DefaultHttpRequest(decodeResult: success, version: HTTP/1.1)
POST /session/f0a3b55b661fee35d21a82dd9404528d/execute/sync HTTP/1.1
User-Agent: selenium/4.1.2 (java windows)
Content-Length: 48780
Content-Type: application/json; charset=utf-8
host: localhost:59345
accept: */*

Response DefaultHttpResponse(decodeResult: success, version: HTTP/1.1)
HTTP/1.1 200 OK
Content-Type: application/json; charset=utf-8
cache-control: no-cache
content-length: 14

16:03:54.900 [AsyncHttpClient-1-7] DEBUG org.asynchttpclient.netty.channel.ChannelManager - Adding key: http://localhost:59345 for channel [id: 0x327c91c6, L:/127.0.0.1:60602 - R:localhost/127.0.0.1:59345]
16:03:54.908 [Forwarding findElement on session f0a3b55b661fee35d21a82dd9404528d to remote] DEBUG org.asynchttpclient.netty.request.NettyRequestSender - Using pooled Channel '[id: 0x327c91c6, L:/127.0.0.1:60602 - R:localhost/127.0.0.1:59345]' for 'POST' to 'http://localhost:59345/session/f0a3b55b661fee35d21a82dd9404528d/element'
16:03:54.908 [Forwarding findElement on session f0a3b55b661fee35d21a82dd9404528d to remote] DEBUG org.asynchttpclient.netty.request.NettyRequestSender - Using open Channel [id: 0x327c91c6, L:/127.0.0.1:60602 - R:localhost/127.0.0.1:59345] for POST '/session/f0a3b55b661fee35d21a82dd9404528d/element'
16:03:54.932 [AsyncHttpClient-1-7] DEBUG org.asynchttpclient.netty.handler.HttpHandler - 

Request DefaultHttpRequest(decodeResult: success, version: HTTP/1.1)
POST /session/f0a3b55b661fee35d21a82dd9404528d/element HTTP/1.1
User-Agent: selenium/4.1.2 (java windows)
Content-Length: 72
Content-Type: application/json; charset=utf-8
host: localhost:59345
accept: */*

Response DefaultHttpResponse(decodeResult: success, version: HTTP/1.1)
HTTP/1.1 200 OK
Content-Type: application/json; charset=utf-8
cache-control: no-cache
content-length: 88

16:03:54.932 [AsyncHttpClient-1-7] DEBUG org.asynchttpclient.netty.channel.ChannelManager - Adding key: http://localhost:59345 for channel [id: 0x327c91c6, L:/127.0.0.1:60602 - R:localhost/127.0.0.1:59345]
16:03:54.940 [Forwarding getElementTagName on session f0a3b55b661fee35d21a82dd9404528d to remote] DEBUG org.asynchttpclient.netty.request.NettyRequestSender - Using pooled Channel '[id: 0x327c91c6, L:/127.0.0.1:60602 - R:localhost/127.0.0.1:59345]' for 'GET' to 'http://localhost:59345/session/f0a3b55b661fee35d21a82dd9404528d/element/6b756153-d216-4814-b830-0ec5daf79e80/name'
16:03:54.940 [Forwarding getElementTagName on session f0a3b55b661fee35d21a82dd9404528d to remote] DEBUG org.asynchttpclient.netty.request.NettyRequestSender - Using open Channel [id: 0x327c91c6, L:/127.0.0.1:60602 - R:localhost/127.0.0.1:59345] for GET '/session/f0a3b55b661fee35d21a82dd9404528d/element/6b756153-d216-4814-b830-0ec5daf79e80/name'
16:03:54.950 [AsyncHttpClient-1-7] DEBUG org.asynchttpclient.netty.handler.HttpHandler - 

Request DefaultFullHttpRequest(decodeResult: success, version: HTTP/1.1, content: EmptyByteBufBE)
GET /session/f0a3b55b661fee35d21a82dd9404528d/element/6b756153-d216-4814-b830-0ec5daf79e80/name HTTP/1.1
User-Agent: selenium/4.1.2 (java windows)
Cache-Control: no-cache
Content-Type: application/json; charset=utf-8
host: localhost:59345
accept: */*

Response DefaultHttpResponse(decodeResult: success, version: HTTP/1.1)
HTTP/1.1 200 OK
Content-Type: application/json; charset=utf-8
cache-control: no-cache
content-length: 13

16:03:54.950 [AsyncHttpClient-1-7] DEBUG org.asynchttpclient.netty.channel.ChannelManager - Adding key: http://localhost:59345 for channel [id: 0x327c91c6, L:/127.0.0.1:60602 - R:localhost/127.0.0.1:59345]
16:03:54.950 [Forwarding getElementTagName on session f0a3b55b661fee35d21a82dd9404528d to remote] DEBUG org.asynchttpclient.netty.request.NettyRequestSender - Using pooled Channel '[id: 0x327c91c6, L:/127.0.0.1:60602 - R:localhost/127.0.0.1:59345]' for 'GET' to 'http://localhost:59345/session/f0a3b55b661fee35d21a82dd9404528d/element/6b756153-d216-4814-b830-0ec5daf79e80/name'
16:03:54.950 [Forwarding getElementTagName on session f0a3b55b661fee35d21a82dd9404528d to remote] DEBUG org.asynchttpclient.netty.request.NettyRequestSender - Using open Channel [id: 0x327c91c6, L:/127.0.0.1:60602 - R:localhost/127.0.0.1:59345] for GET '/session/f0a3b55b661fee35d21a82dd9404528d/element/6b756153-d216-4814-b830-0ec5daf79e80/name'
16:03:54.961 [AsyncHttpClient-1-7] DEBUG org.asynchttpclient.netty.handler.HttpHandler - 

Request DefaultFullHttpRequest(decodeResult: success, version: HTTP/1.1, content: EmptyByteBufBE)
GET /session/f0a3b55b661fee35d21a82dd9404528d/element/6b756153-d216-4814-b830-0ec5daf79e80/name HTTP/1.1
User-Agent: selenium/4.1.2 (java windows)
Cache-Control: no-cache
Content-Type: application/json; charset=utf-8
host: localhost:59345
accept: */*

Response DefaultHttpResponse(decodeResult: success, version: HTTP/1.1)
HTTP/1.1 200 OK
Content-Type: application/json; charset=utf-8
cache-control: no-cache
content-length: 13

16:03:54.961 [AsyncHttpClient-1-7] DEBUG org.asynchttpclient.netty.channel.ChannelManager - Adding key: http://localhost:59345 for channel [id: 0x327c91c6, L:/127.0.0.1:60602 - R:localhost/127.0.0.1:59345]
16:03:54.969 [Forwarding findElement on session f0a3b55b661fee35d21a82dd9404528d to remote] DEBUG org.asynchttpclient.netty.request.NettyRequestSender - Using pooled Channel '[id: 0x327c91c6, L:/127.0.0.1:60602 - R:localhost/127.0.0.1:59345]' for 'POST' to 'http://localhost:59345/session/f0a3b55b661fee35d21a82dd9404528d/element'
16:03:54.969 [Forwarding findElement on session f0a3b55b661fee35d21a82dd9404528d to remote] DEBUG org.asynchttpclient.netty.request.NettyRequestSender - Using open Channel [id: 0x327c91c6, L:/127.0.0.1:60602 - R:localhost/127.0.0.1:59345] for POST '/session/f0a3b55b661fee35d21a82dd9404528d/element'
16:03:54.979 [AsyncHttpClient-1-7] DEBUG org.asynchttpclient.netty.handler.HttpHandler - 

Request DefaultHttpRequest(decodeResult: success, version: HTTP/1.1)
POST /session/f0a3b55b661fee35d21a82dd9404528d/element HTTP/1.1
User-Agent: selenium/4.1.2 (java windows)
Content-Length: 72
Content-Type: application/json; charset=utf-8
host: localhost:59345
accept: */*

Response DefaultHttpResponse(decodeResult: success, version: HTTP/1.1)
HTTP/1.1 200 OK
Content-Type: application/json; charset=utf-8
cache-control: no-cache
content-length: 88

16:03:54.979 [AsyncHttpClient-1-7] DEBUG org.asynchttpclient.netty.channel.ChannelManager - Adding key: http://localhost:59345 for channel [id: 0x327c91c6, L:/127.0.0.1:60602 - R:localhost/127.0.0.1:59345]
16:03:54.988 [Forwarding clickElement on session f0a3b55b661fee35d21a82dd9404528d to remote] DEBUG org.asynchttpclient.netty.request.NettyRequestSender - Using pooled Channel '[id: 0x327c91c6, L:/127.0.0.1:60602 - R:localhost/127.0.0.1:59345]' for 'POST' to 'http://localhost:59345/session/f0a3b55b661fee35d21a82dd9404528d/element/6b756153-d216-4814-b830-0ec5daf79e80/click'
16:03:54.988 [Forwarding clickElement on session f0a3b55b661fee35d21a82dd9404528d to remote] DEBUG org.asynchttpclient.netty.request.NettyRequestSender - Using open Channel [id: 0x327c91c6, L:/127.0.0.1:60602 - R:localhost/127.0.0.1:59345] for POST '/session/f0a3b55b661fee35d21a82dd9404528d/element/6b756153-d216-4814-b830-0ec5daf79e80/click'
16:03:55.122 [AsyncHttpClient-1-7] DEBUG org.asynchttpclient.netty.handler.HttpHandler - 

Request DefaultHttpRequest(decodeResult: success, version: HTTP/1.1)
POST /session/f0a3b55b661fee35d21a82dd9404528d/element/6b756153-d216-4814-b830-0ec5daf79e80/click HTTP/1.1
User-Agent: selenium/4.1.2 (java windows)
Content-Length: 50
Content-Type: application/json; charset=utf-8
host: localhost:59345
accept: */*

Response DefaultHttpResponse(decodeResult: success, version: HTTP/1.1)
HTTP/1.1 200 OK
Content-Type: application/json; charset=utf-8
cache-control: no-cache
content-length: 14

16:03:55.122 [AsyncHttpClient-1-7] DEBUG org.asynchttpclient.netty.channel.ChannelManager - Adding key: http://localhost:59345 for channel [id: 0x327c91c6, L:/127.0.0.1:60602 - R:localhost/127.0.0.1:59345]
16:03:55.131 [Forwarding findElement on session f0a3b55b661fee35d21a82dd9404528d to remote] DEBUG org.asynchttpclient.netty.request.NettyRequestSender - Using pooled Channel '[id: 0x327c91c6, L:/127.0.0.1:60602 - R:localhost/127.0.0.1:59345]' for 'POST' to 'http://localhost:59345/session/f0a3b55b661fee35d21a82dd9404528d/element'
16:03:55.131 [Forwarding findElement on session f0a3b55b661fee35d21a82dd9404528d to remote] DEBUG org.asynchttpclient.netty.request.NettyRequestSender - Using open Channel [id: 0x327c91c6, L:/127.0.0.1:60602 - R:localhost/127.0.0.1:59345] for POST '/session/f0a3b55b661fee35d21a82dd9404528d/element'
16:03:55.161 [AsyncHttpClient-1-7] DEBUG org.asynchttpclient.netty.handler.HttpHandler - 

Request DefaultHttpRequest(decodeResult: success, version: HTTP/1.1)
POST /session/f0a3b55b661fee35d21a82dd9404528d/element HTTP/1.1
User-Agent: selenium/4.1.2 (java windows)
Content-Length: 67
Content-Type: application/json; charset=utf-8
host: localhost:59345
accept: */*

Response DefaultHttpResponse(decodeResult: success, version: HTTP/1.1)
HTTP/1.1 200 OK
Content-Type: application/json; charset=utf-8
cache-control: no-cache
content-length: 88

16:03:55.161 [AsyncHttpClient-1-7] DEBUG org.asynchttpclient.netty.channel.ChannelManager - Adding key: http://localhost:59345 for channel [id: 0x327c91c6, L:/127.0.0.1:60602 - R:localhost/127.0.0.1:59345]
16:03:55.161 [Forwarding clearElement on session f0a3b55b661fee35d21a82dd9404528d to remote] DEBUG org.asynchttpclient.netty.request.NettyRequestSender - Using pooled Channel '[id: 0x327c91c6, L:/127.0.0.1:60602 - R:localhost/127.0.0.1:59345]' for 'POST' to 'http://localhost:59345/session/f0a3b55b661fee35d21a82dd9404528d/element/9765308a-b73b-453a-b870-4ab6141e1e13/clear'
16:03:55.161 [Forwarding clearElement on session f0a3b55b661fee35d21a82dd9404528d to remote] DEBUG org.asynchttpclient.netty.request.NettyRequestSender - Using open Channel [id: 0x327c91c6, L:/127.0.0.1:60602 - R:localhost/127.0.0.1:59345] for POST '/session/f0a3b55b661fee35d21a82dd9404528d/element/9765308a-b73b-453a-b870-4ab6141e1e13/clear'
16:03:55.224 [AsyncHttpClient-1-7] DEBUG org.asynchttpclient.netty.handler.HttpHandler - 

Request DefaultHttpRequest(decodeResult: success, version: HTTP/1.1)
POST /session/f0a3b55b661fee35d21a82dd9404528d/element/9765308a-b73b-453a-b870-4ab6141e1e13/clear HTTP/1.1
User-Agent: selenium/4.1.2 (java windows)
Content-Length: 50
Content-Type: application/json; charset=utf-8
host: localhost:59345
accept: */*

Response DefaultHttpResponse(decodeResult: success, version: HTTP/1.1)
HTTP/1.1 200 OK
Content-Type: application/json; charset=utf-8
cache-control: no-cache
content-length: 14

16:03:55.224 [AsyncHttpClient-1-7] DEBUG org.asynchttpclient.netty.channel.ChannelManager - Adding key: http://localhost:59345 for channel [id: 0x327c91c6, L:/127.0.0.1:60602 - R:localhost/127.0.0.1:59345]
16:03:55.232 [Forwarding sendKeysToElement on session f0a3b55b661fee35d21a82dd9404528d to remote] DEBUG org.asynchttpclient.netty.request.NettyRequestSender - Using pooled Channel '[id: 0x327c91c6, L:/127.0.0.1:60602 - R:localhost/127.0.0.1:59345]' for 'POST' to 'http://localhost:59345/session/f0a3b55b661fee35d21a82dd9404528d/element/9765308a-b73b-453a-b870-4ab6141e1e13/value'
16:03:55.232 [Forwarding sendKeysToElement on session f0a3b55b661fee35d21a82dd9404528d to remote] DEBUG org.asynchttpclient.netty.request.NettyRequestSender - Using open Channel [id: 0x327c91c6, L:/127.0.0.1:60602 - R:localhost/127.0.0.1:59345] for POST '/session/f0a3b55b661fee35d21a82dd9404528d/element/9765308a-b73b-453a-b870-4ab6141e1e13/value'
16:03:55.620 [AsyncHttpClient-1-7] DEBUG org.asynchttpclient.netty.handler.HttpHandler - 

Request DefaultHttpRequest(decodeResult: success, version: HTTP/1.1)
POST /session/f0a3b55b661fee35d21a82dd9404528d/element/9765308a-b73b-453a-b870-4ab6141e1e13/value HTTP/1.1
User-Agent: selenium/4.1.2 (java windows)
Content-Length: 251
Content-Type: application/json; charset=utf-8
host: localhost:59345
accept: */*

Response DefaultHttpResponse(decodeResult: success, version: HTTP/1.1)
HTTP/1.1 200 OK
Content-Type: application/json; charset=utf-8
cache-control: no-cache
content-length: 14

16:03:55.620 [AsyncHttpClient-1-7] DEBUG org.asynchttpclient.netty.channel.ChannelManager - Adding key: http://localhost:59345 for channel [id: 0x327c91c6, L:/127.0.0.1:60602 - R:localhost/127.0.0.1:59345]
16:03:55.622 [Forwarding findElement on session f0a3b55b661fee35d21a82dd9404528d to remote] DEBUG org.asynchttpclient.netty.request.NettyRequestSender - Using pooled Channel '[id: 0x327c91c6, L:/127.0.0.1:60602 - R:localhost/127.0.0.1:59345]' for 'POST' to 'http://localhost:59345/session/f0a3b55b661fee35d21a82dd9404528d/element'
16:03:55.622 [Forwarding findElement on session f0a3b55b661fee35d21a82dd9404528d to remote] DEBUG org.asynchttpclient.netty.request.NettyRequestSender - Using open Channel [id: 0x327c91c6, L:/127.0.0.1:60602 - R:localhost/127.0.0.1:59345] for POST '/session/f0a3b55b661fee35d21a82dd9404528d/element'
16:03:55.650 [AsyncHttpClient-1-7] DEBUG org.asynchttpclient.netty.handler.HttpHandler - 

Request DefaultHttpRequest(decodeResult: success, version: HTTP/1.1)
POST /session/f0a3b55b661fee35d21a82dd9404528d/element HTTP/1.1
User-Agent: selenium/4.1.2 (java windows)
Content-Length: 70
Content-Type: application/json; charset=utf-8
host: localhost:59345
accept: */*

Response DefaultHttpResponse(decodeResult: success, version: HTTP/1.1)
HTTP/1.1 200 OK
Content-Type: application/json; charset=utf-8
cache-control: no-cache
content-length: 88

16:03:55.650 [AsyncHttpClient-1-7] DEBUG org.asynchttpclient.netty.channel.ChannelManager - Adding key: http://localhost:59345 for channel [id: 0x327c91c6, L:/127.0.0.1:60602 - R:localhost/127.0.0.1:59345]
16:03:55.650 [Forwarding clearElement on session f0a3b55b661fee35d21a82dd9404528d to remote] DEBUG org.asynchttpclient.netty.request.NettyRequestSender - Using pooled Channel '[id: 0x327c91c6, L:/127.0.0.1:60602 - R:localhost/127.0.0.1:59345]' for 'POST' to 'http://localhost:59345/session/f0a3b55b661fee35d21a82dd9404528d/element/e22da19f-59fe-417e-a8a3-c37a82ccc12e/clear'
16:03:55.650 [Forwarding clearElement on session f0a3b55b661fee35d21a82dd9404528d to remote] DEBUG org.asynchttpclient.netty.request.NettyRequestSender - Using open Channel [id: 0x327c91c6, L:/127.0.0.1:60602 - R:localhost/127.0.0.1:59345] for POST '/session/f0a3b55b661fee35d21a82dd9404528d/element/e22da19f-59fe-417e-a8a3-c37a82ccc12e/clear'
16:03:55.710 [AsyncHttpClient-1-7] DEBUG org.asynchttpclient.netty.handler.HttpHandler - 

Request DefaultHttpRequest(decodeResult: success, version: HTTP/1.1)
POST /session/f0a3b55b661fee35d21a82dd9404528d/element/e22da19f-59fe-417e-a8a3-c37a82ccc12e/clear HTTP/1.1
User-Agent: selenium/4.1.2 (java windows)
Content-Length: 50
Content-Type: application/json; charset=utf-8
host: localhost:59345
accept: */*

Response DefaultHttpResponse(decodeResult: success, version: HTTP/1.1)
HTTP/1.1 200 OK
Content-Type: application/json; charset=utf-8
cache-control: no-cache
content-length: 14

16:03:55.710 [AsyncHttpClient-1-7] DEBUG org.asynchttpclient.netty.channel.ChannelManager - Adding key: http://localhost:59345 for channel [id: 0x327c91c6, L:/127.0.0.1:60602 - R:localhost/127.0.0.1:59345]
16:03:55.722 [Forwarding sendKeysToElement on session f0a3b55b661fee35d21a82dd9404528d to remote] DEBUG org.asynchttpclient.netty.request.NettyRequestSender - Using pooled Channel '[id: 0x327c91c6, L:/127.0.0.1:60602 - R:localhost/127.0.0.1:59345]' for 'POST' to 'http://localhost:59345/session/f0a3b55b661fee35d21a82dd9404528d/element/e22da19f-59fe-417e-a8a3-c37a82ccc12e/value'
16:03:55.722 [Forwarding sendKeysToElement on session f0a3b55b661fee35d21a82dd9404528d to remote] DEBUG org.asynchttpclient.netty.request.NettyRequestSender - Using open Channel [id: 0x327c91c6, L:/127.0.0.1:60602 - R:localhost/127.0.0.1:59345] for POST '/session/f0a3b55b661fee35d21a82dd9404528d/element/e22da19f-59fe-417e-a8a3-c37a82ccc12e/value'
16:03:55.724 [AsyncHttpClient-1-1] DEBUG org.asynchttpclient.netty.channel.DefaultChannelPool - Entry count for : http://localhost:60603 : 1
16:03:55.871 [AsyncHttpClient-1-7] DEBUG org.asynchttpclient.netty.handler.HttpHandler - 

Request DefaultHttpRequest(decodeResult: success, version: HTTP/1.1)
POST /session/f0a3b55b661fee35d21a82dd9404528d/element/e22da19f-59fe-417e-a8a3-c37a82ccc12e/value HTTP/1.1
User-Agent: selenium/4.1.2 (java windows)
Content-Length: 191
Content-Type: application/json; charset=utf-8
host: localhost:59345
accept: */*

Response DefaultHttpResponse(decodeResult: success, version: HTTP/1.1)
HTTP/1.1 200 OK
Content-Type: application/json; charset=utf-8
cache-control: no-cache
content-length: 14

16:03:55.871 [AsyncHttpClient-1-7] DEBUG org.asynchttpclient.netty.channel.ChannelManager - Adding key: http://localhost:59345 for channel [id: 0x327c91c6, L:/127.0.0.1:60602 - R:localhost/127.0.0.1:59345]
16:03:55.882 [Forwarding findElement on session f0a3b55b661fee35d21a82dd9404528d to remote] DEBUG org.asynchttpclient.netty.request.NettyRequestSender - Using pooled Channel '[id: 0x327c91c6, L:/127.0.0.1:60602 - R:localhost/127.0.0.1:59345]' for 'POST' to 'http://localhost:59345/session/f0a3b55b661fee35d21a82dd9404528d/element'
16:03:55.882 [Forwarding findElement on session f0a3b55b661fee35d21a82dd9404528d to remote] DEBUG org.asynchttpclient.netty.request.NettyRequestSender - Using open Channel [id: 0x327c91c6, L:/127.0.0.1:60602 - R:localhost/127.0.0.1:59345] for POST '/session/f0a3b55b661fee35d21a82dd9404528d/element'
16:03:55.908 [AsyncHttpClient-1-7] DEBUG org.asynchttpclient.netty.handler.HttpHandler - 

Request DefaultHttpRequest(decodeResult: success, version: HTTP/1.1)
POST /session/f0a3b55b661fee35d21a82dd9404528d/element HTTP/1.1
User-Agent: selenium/4.1.2 (java windows)
Content-Length: 53
Content-Type: application/json; charset=utf-8
host: localhost:59345
accept: */*

Response DefaultHttpResponse(decodeResult: success, version: HTTP/1.1)
HTTP/1.1 200 OK
Content-Type: application/json; charset=utf-8
cache-control: no-cache
content-length: 88

16:03:55.908 [AsyncHttpClient-1-7] DEBUG org.asynchttpclient.netty.channel.ChannelManager - Adding key: http://localhost:59345 for channel [id: 0x327c91c6, L:/127.0.0.1:60602 - R:localhost/127.0.0.1:59345]
16:03:55.910 [Forwarding getElementTagName on session f0a3b55b661fee35d21a82dd9404528d to remote] DEBUG org.asynchttpclient.netty.request.NettyRequestSender - Using pooled Channel '[id: 0x327c91c6, L:/127.0.0.1:60602 - R:localhost/127.0.0.1:59345]' for 'GET' to 'http://localhost:59345/session/f0a3b55b661fee35d21a82dd9404528d/element/aed37d6a-2950-41e4-95c6-ff7572372c94/name'
16:03:55.910 [Forwarding getElementTagName on session f0a3b55b661fee35d21a82dd9404528d to remote] DEBUG org.asynchttpclient.netty.request.NettyRequestSender - Using open Channel [id: 0x327c91c6, L:/127.0.0.1:60602 - R:localhost/127.0.0.1:59345] for GET '/session/f0a3b55b661fee35d21a82dd9404528d/element/aed37d6a-2950-41e4-95c6-ff7572372c94/name'
16:03:55.912 [AsyncHttpClient-1-7] DEBUG org.asynchttpclient.netty.handler.HttpHandler - 

Request DefaultFullHttpRequest(decodeResult: success, version: HTTP/1.1, content: EmptyByteBufBE)
GET /session/f0a3b55b661fee35d21a82dd9404528d/element/aed37d6a-2950-41e4-95c6-ff7572372c94/name HTTP/1.1
User-Agent: selenium/4.1.2 (java windows)
Cache-Control: no-cache
Content-Type: application/json; charset=utf-8
host: localhost:59345
accept: */*

Response DefaultHttpResponse(decodeResult: success, version: HTTP/1.1)
HTTP/1.1 200 OK
Content-Type: application/json; charset=utf-8
cache-control: no-cache
content-length: 18

16:03:55.912 [AsyncHttpClient-1-7] DEBUG org.asynchttpclient.netty.channel.ChannelManager - Adding key: http://localhost:59345 for channel [id: 0x327c91c6, L:/127.0.0.1:60602 - R:localhost/127.0.0.1:59345]
16:03:55.922 [Forwarding getElementTagName on session f0a3b55b661fee35d21a82dd9404528d to remote] DEBUG org.asynchttpclient.netty.request.NettyRequestSender - Using pooled Channel '[id: 0x327c91c6, L:/127.0.0.1:60602 - R:localhost/127.0.0.1:59345]' for 'GET' to 'http://localhost:59345/session/f0a3b55b661fee35d21a82dd9404528d/element/aed37d6a-2950-41e4-95c6-ff7572372c94/name'
16:03:55.922 [Forwarding getElementTagName on session f0a3b55b661fee35d21a82dd9404528d to remote] DEBUG org.asynchttpclient.netty.request.NettyRequestSender - Using open Channel [id: 0x327c91c6, L:/127.0.0.1:60602 - R:localhost/127.0.0.1:59345] for GET '/session/f0a3b55b661fee35d21a82dd9404528d/element/aed37d6a-2950-41e4-95c6-ff7572372c94/name'
16:03:55.931 [AsyncHttpClient-1-7] DEBUG org.asynchttpclient.netty.handler.HttpHandler - 

Request DefaultFullHttpRequest(decodeResult: success, version: HTTP/1.1, content: EmptyByteBufBE)
GET /session/f0a3b55b661fee35d21a82dd9404528d/element/aed37d6a-2950-41e4-95c6-ff7572372c94/name HTTP/1.1
User-Agent: selenium/4.1.2 (java windows)
Cache-Control: no-cache
Content-Type: application/json; charset=utf-8
host: localhost:59345
accept: */*

Response DefaultHttpResponse(decodeResult: success, version: HTTP/1.1)
HTTP/1.1 200 OK
Content-Type: application/json; charset=utf-8
cache-control: no-cache
content-length: 18

16:03:55.931 [AsyncHttpClient-1-7] DEBUG org.asynchttpclient.netty.channel.ChannelManager - Adding key: http://localhost:59345 for channel [id: 0x327c91c6, L:/127.0.0.1:60602 - R:localhost/127.0.0.1:59345]
16:03:55.931 [Forwarding isElementEnabled on session f0a3b55b661fee35d21a82dd9404528d to remote] DEBUG org.asynchttpclient.netty.request.NettyRequestSender - Using pooled Channel '[id: 0x327c91c6, L:/127.0.0.1:60602 - R:localhost/127.0.0.1:59345]' for 'GET' to 'http://localhost:59345/session/f0a3b55b661fee35d21a82dd9404528d/element/aed37d6a-2950-41e4-95c6-ff7572372c94/enabled'
16:03:55.931 [Forwarding isElementEnabled on session f0a3b55b661fee35d21a82dd9404528d to remote] DEBUG org.asynchttpclient.netty.request.NettyRequestSender - Using open Channel [id: 0x327c91c6, L:/127.0.0.1:60602 - R:localhost/127.0.0.1:59345] for GET '/session/f0a3b55b661fee35d21a82dd9404528d/element/aed37d6a-2950-41e4-95c6-ff7572372c94/enabled'
16:03:55.942 [AsyncHttpClient-1-7] DEBUG org.asynchttpclient.netty.handler.HttpHandler - 

Request DefaultFullHttpRequest(decodeResult: success, version: HTTP/1.1, content: EmptyByteBufBE)
GET /session/f0a3b55b661fee35d21a82dd9404528d/element/aed37d6a-2950-41e4-95c6-ff7572372c94/enabled HTTP/1.1
User-Agent: selenium/4.1.2 (java windows)
Cache-Control: no-cache
Content-Type: application/json; charset=utf-8
host: localhost:59345
accept: */*

Response DefaultHttpResponse(decodeResult: success, version: HTTP/1.1)
HTTP/1.1 200 OK
Content-Type: application/json; charset=utf-8
cache-control: no-cache
content-length: 14

16:03:55.942 [AsyncHttpClient-1-7] DEBUG org.asynchttpclient.netty.channel.ChannelManager - Adding key: http://localhost:59345 for channel [id: 0x327c91c6, L:/127.0.0.1:60602 - R:localhost/127.0.0.1:59345]
16:03:55.950 [Forwarding isElementEnabled on session f0a3b55b661fee35d21a82dd9404528d to remote] DEBUG org.asynchttpclient.netty.request.NettyRequestSender - Using pooled Channel '[id: 0x327c91c6, L:/127.0.0.1:60602 - R:localhost/127.0.0.1:59345]' for 'GET' to 'http://localhost:59345/session/f0a3b55b661fee35d21a82dd9404528d/element/aed37d6a-2950-41e4-95c6-ff7572372c94/enabled'
16:03:55.950 [Forwarding isElementEnabled on session f0a3b55b661fee35d21a82dd9404528d to remote] DEBUG org.asynchttpclient.netty.request.NettyRequestSender - Using open Channel [id: 0x327c91c6, L:/127.0.0.1:60602 - R:localhost/127.0.0.1:59345] for GET '/session/f0a3b55b661fee35d21a82dd9404528d/element/aed37d6a-2950-41e4-95c6-ff7572372c94/enabled'
16:03:55.962 [AsyncHttpClient-1-7] DEBUG org.asynchttpclient.netty.handler.HttpHandler - 

Request DefaultFullHttpRequest(decodeResult: success, version: HTTP/1.1, content: EmptyByteBufBE)
GET /session/f0a3b55b661fee35d21a82dd9404528d/element/aed37d6a-2950-41e4-95c6-ff7572372c94/enabled HTTP/1.1
User-Agent: selenium/4.1.2 (java windows)
Cache-Control: no-cache
Content-Type: application/json; charset=utf-8
host: localhost:59345
accept: */*

Response DefaultHttpResponse(decodeResult: success, version: HTTP/1.1)
HTTP/1.1 200 OK
Content-Type: application/json; charset=utf-8
cache-control: no-cache
content-length: 14

16:03:55.962 [AsyncHttpClient-1-7] DEBUG org.asynchttpclient.netty.channel.ChannelManager - Adding key: http://localhost:59345 for channel [id: 0x327c91c6, L:/127.0.0.1:60602 - R:localhost/127.0.0.1:59345]
16:03:55.962 [Forwarding findElement on session f0a3b55b661fee35d21a82dd9404528d to remote] DEBUG org.asynchttpclient.netty.request.NettyRequestSender - Using pooled Channel '[id: 0x327c91c6, L:/127.0.0.1:60602 - R:localhost/127.0.0.1:59345]' for 'POST' to 'http://localhost:59345/session/f0a3b55b661fee35d21a82dd9404528d/element'
16:03:55.969 [Forwarding findElement on session f0a3b55b661fee35d21a82dd9404528d to remote] DEBUG org.asynchttpclient.netty.request.NettyRequestSender - Using open Channel [id: 0x327c91c6, L:/127.0.0.1:60602 - R:localhost/127.0.0.1:59345] for POST '/session/f0a3b55b661fee35d21a82dd9404528d/element'
16:03:55.979 [AsyncHttpClient-1-7] DEBUG org.asynchttpclient.netty.handler.HttpHandler - 

Request DefaultHttpRequest(decodeResult: success, version: HTTP/1.1)
POST /session/f0a3b55b661fee35d21a82dd9404528d/element HTTP/1.1
User-Agent: selenium/4.1.2 (java windows)
Content-Length: 53
Content-Type: application/json; charset=utf-8
host: localhost:59345
accept: */*

Response DefaultHttpResponse(decodeResult: success, version: HTTP/1.1)
HTTP/1.1 200 OK
Content-Type: application/json; charset=utf-8
cache-control: no-cache
content-length: 88

16:03:55.979 [AsyncHttpClient-1-7] DEBUG org.asynchttpclient.netty.channel.ChannelManager - Adding key: http://localhost:59345 for channel [id: 0x327c91c6, L:/127.0.0.1:60602 - R:localhost/127.0.0.1:59345]
16:03:55.987 [Forwarding clickElement on session f0a3b55b661fee35d21a82dd9404528d to remote] DEBUG org.asynchttpclient.netty.request.NettyRequestSender - Using pooled Channel '[id: 0x327c91c6, L:/127.0.0.1:60602 - R:localhost/127.0.0.1:59345]' for 'POST' to 'http://localhost:59345/session/f0a3b55b661fee35d21a82dd9404528d/element/aed37d6a-2950-41e4-95c6-ff7572372c94/click'
16:03:55.987 [Forwarding clickElement on session f0a3b55b661fee35d21a82dd9404528d to remote] DEBUG org.asynchttpclient.netty.request.NettyRequestSender - Using open Channel [id: 0x327c91c6, L:/127.0.0.1:60602 - R:localhost/127.0.0.1:59345] for POST '/session/f0a3b55b661fee35d21a82dd9404528d/element/aed37d6a-2950-41e4-95c6-ff7572372c94/click'
16:03:56.058 [AsyncHttpClient-1-7] DEBUG org.asynchttpclient.netty.handler.HttpHandler - 

Request DefaultHttpRequest(decodeResult: success, version: HTTP/1.1)
POST /session/f0a3b55b661fee35d21a82dd9404528d/element/aed37d6a-2950-41e4-95c6-ff7572372c94/click HTTP/1.1
User-Agent: selenium/4.1.2 (java windows)
Content-Length: 50
Content-Type: application/json; charset=utf-8
host: localhost:59345
accept: */*

Response DefaultHttpResponse(decodeResult: success, version: HTTP/1.1)
HTTP/1.1 200 OK
Content-Type: application/json; charset=utf-8
cache-control: no-cache
content-length: 14

16:03:56.058 [AsyncHttpClient-1-7] DEBUG org.asynchttpclient.netty.channel.ChannelManager - Adding key: http://localhost:59345 for channel [id: 0x327c91c6, L:/127.0.0.1:60602 - R:localhost/127.0.0.1:59345]
16:03:56.821 [AsyncHttpClient-1-1] DEBUG org.asynchttpclient.netty.channel.DefaultChannelPool - Entry count for : http://localhost:59345 : 1
16:03:56.821 [AsyncHttpClient-1-1] DEBUG org.asynchttpclient.netty.channel.DefaultChannelPool - Entry count for : http://localhost:60603 : 1
16:03:57.929 [AsyncHttpClient-1-1] DEBUG org.asynchttpclient.netty.channel.DefaultChannelPool - Entry count for : http://localhost:59345 : 1
16:03:57.929 [AsyncHttpClient-1-1] DEBUG org.asynchttpclient.netty.channel.DefaultChannelPool - Entry count for : http://localhost:60603 : 1
16:03:59.022 [AsyncHttpClient-1-1] DEBUG org.asynchttpclient.netty.channel.DefaultChannelPool - Entry count for : http://localhost:59345 : 1
16:03:59.022 [AsyncHttpClient-1-1] DEBUG org.asynchttpclient.netty.channel.DefaultChannelPool - Entry count for : http://localhost:60603 : 1
16:04:00.122 [AsyncHttpClient-1-1] DEBUG org.asynchttpclient.netty.channel.DefaultChannelPool - Entry count for : http://localhost:59345 : 1
16:04:00.122 [AsyncHttpClient-1-1] DEBUG org.asynchttpclient.netty.channel.DefaultChannelPool - Entry count for : http://localhost:60603 : 1
16:04:01.071 [Forwarding findElement on session f0a3b55b661fee35d21a82dd9404528d to remote] DEBUG org.asynchttpclient.netty.request.NettyRequestSender - Using pooled Channel '[id: 0x327c91c6, L:/127.0.0.1:60602 - R:localhost/127.0.0.1:59345]' for 'POST' to 'http://localhost:59345/session/f0a3b55b661fee35d21a82dd9404528d/element'
16:04:01.071 [Forwarding findElement on session f0a3b55b661fee35d21a82dd9404528d to remote] DEBUG org.asynchttpclient.netty.request.NettyRequestSender - Using open Channel [id: 0x327c91c6, L:/127.0.0.1:60602 - R:localhost/127.0.0.1:59345] for POST '/session/f0a3b55b661fee35d21a82dd9404528d/element'
16:04:01.229 [AsyncHttpClient-1-1] DEBUG org.asynchttpclient.netty.channel.DefaultChannelPool - Entry count for : http://localhost:60603 : 1
16:04:02.326 [AsyncHttpClient-1-1] DEBUG org.asynchttpclient.netty.channel.DefaultChannelPool - Entry count for : http://localhost:60603 : 1
16:04:03.078 [AsyncHttpClient-1-7] DEBUG org.asynchttpclient.netty.handler.HttpHandler - 

Request DefaultHttpRequest(decodeResult: success, version: HTTP/1.1)
POST /session/f0a3b55b661fee35d21a82dd9404528d/element HTTP/1.1
User-Agent: selenium/4.1.2 (java windows)
Content-Length: 94
Content-Type: application/json; charset=utf-8
host: localhost:59345
accept: */*

Response DefaultHttpResponse(decodeResult: success, version: HTTP/1.1)
HTTP/1.1 404 Not Found
Content-Type: application/json; charset=utf-8
cache-control: no-cache
content-length: 1054

16:04:03.078 [AsyncHttpClient-1-7] DEBUG org.asynchttpclient.netty.channel.ChannelManager - Adding key: http://localhost:59345 for channel [id: 0x327c91c6, L:/127.0.0.1:60602 - R:localhost/127.0.0.1:59345]
  &amp#27;[31mGiven &amp#27;[0m&amp#27;[31mi am on homepage&amp#27;[0m  &amp#27;[90m# starter.stepdefinitions.logoutSteps.iAmOnHomepage()&amp#27;[0m
      &amp#27;[31morg.openqa.selenium.NoSuchElementException: no such element: Unable to locate element: {"method":"xpath","selector":"//div[contains(text(), 'Admin Page, Welcome ')]"}
  (Session info: chrome=103.0.5060.134)
For documentation on this error, please visit: https://selenium.dev/exceptions/#no_such_element
Build info: version: '4.1.2', revision: '9a5a329c5a'
System info: host: 'DESKTOP-01SKV80', ip: '172.20.40.12', os.name: 'Windows 10', os.arch: 'amd64', os.version: '10.0', java.version: '15.0.2'
Driver info: org.openqa.selenium.chrome.ChromeDriver
Command: [f0a3b55b661fee35d21a82dd9404528d, findElement {using=xpath, value=//div[contains(text(), 'Admin Page, Welcome ')]}]
Capabilities {acceptInsecureCerts: false, browserName: chrome, browserVersion: 103.0.5060.134, chrome: {chromedriverVersion: 102.0.5005.61 (0e59bcc00cc4..., userDataDir: C:\Users\ASUS\AppData\Local...}, goog:chromeOptions: {debuggerAddress: localhost:60603}, javascriptEnabled: true, networkConnectionEnabled: false, pageLoadStrategy: normal, platform: WINDOWS, platformName: WINDOWS, proxy: Proxy(), se:cdp: ws://localhost:60603/devtoo..., se:cdpVersion: 103.0.5060.134, setWindowRect: true, strictFileInteractability: false, timeouts: {implicit: 0, pageLoad: 300000, script: 30000}, unhandledPromptBehavior: dismiss and notify, webauthn:extension:credBlob: true, webauthn:extension:largeBlob: true, webauthn:virtualAuthenticators: true}
Session ID: f0a3b55b661fee35d21a82dd9404528d
	at java.base/jdk.internal.reflect.NativeConstructorAccessorImpl.newInstance0(Native Method)
	at java.base/jdk.internal.reflect.NativeConstructorAccessorImpl.newInstance(NativeConstructorAccessorImpl.java:64)
	at java.base/jdk.internal.reflect.DelegatingConstructorAccessorImpl.newInstance(DelegatingConstructorAccessorImpl.java:45)
	at java.base/java.lang.reflect.Constructor.newInstanceWithCaller(Constructor.java:500)
	at java.base/java.lang.reflect.Constructor.newInstance(Constructor.java:481)
	at org.openqa.selenium.remote.codec.w3c.W3CHttpResponseCodec.createException(W3CHttpResponseCodec.java:200)
	at org.openqa.selenium.remote.codec.w3c.W3CHttpResponseCodec.decode(W3CHttpResponseCodec.java:133)
	at org.openqa.selenium.remote.codec.w3c.W3CHttpResponseCodec.decode(W3CHttpResponseCodec.java:53)
	at org.openqa.selenium.remote.HttpCommandExecutor.execute(HttpCommandExecutor.java:184)
	at org.openqa.selenium.remote.service.DriverCommandExecutor.invokeExecute(DriverCommandExecutor.java:167)
	at org.openqa.selenium.remote.service.DriverCommandExecutor.execute(DriverCommandExecutor.java:142)
	at org.openqa.selenium.remote.RemoteWebDriver.execute(RemoteWebDriver.java:558)
	at org.openqa.selenium.remote.ElementLocation$ElementFinder$2.findElement(ElementLocation.java:162)
	at org.openqa.selenium.remote.ElementLocation.findElement(ElementLocation.java:60)
	at org.openqa.selenium.remote.RemoteWebDriver.findElement(RemoteWebDriver.java:382)
	at org.openqa.selenium.remote.RemoteWebDriver.findElement(RemoteWebDriver.java:374)
	at net.thucydides.core.webdriver.WebDriverFacade.findElement(WebDriverFacade.java:224)
	at net.serenitybdd.core.pages.WebElementResolverByLocator.resolveForDriver(WebElementResolverByLocator.java:25)
	at net.serenitybdd.core.pages.WebElementFacadeImpl.getResolvedElement(WebElementFacadeImpl.java:191)
	at net.serenitybdd.core.pages.WebElementFacadeImpl.getElement(WebElementFacadeImpl.java:186)
	at net.serenitybdd.core.pages.WebElementFacadeImpl.getText(WebElementFacadeImpl.java:1069)
	at Automation.test.Website@1.0-SNAPSHOT/starter.pages.HomePage.validateDashboardAdmin(HomePage.java:32)
	at Automation.test.Website@1.0-SNAPSHOT/starter.stepdefinitions.logoutSteps.iAmOnHomepage(logoutSteps.java:25)
	at âœ½.i am on homepage(file:///D:/PERKULIAHAN/Semester%206,Hebatt%20glad!/QE-FGD/Automation-test-Website%20-%20Copy/src/test/resources/features/logout.feature:9)
&amp#27;[0m
16:04:03.137 [main] DEBUG net.serenitybdd.core.photography.Darkroom - Opening darkroom
16:04:03.140 [Darkroom Processing Line] DEBUG net.serenitybdd.core.photography.DarkroomProcessingLine - Darkroom processing line starting up
16:04:03.140 [Forwarding screenshot on session f0a3b55b661fee35d21a82dd9404528d to remote] DEBUG org.asynchttpclient.netty.request.NettyRequestSender - Using pooled Channel '[id: 0x327c91c6, L:/127.0.0.1:60602 - R:localhost/127.0.0.1:59345]' for 'GET' to 'http://localhost:59345/session/f0a3b55b661fee35d21a82dd9404528d/screenshot'
16:04:03.142 [Forwarding screenshot on session f0a3b55b661fee35d21a82dd9404528d to remote] DEBUG org.asynchttpclient.netty.request.NettyRequestSender - Using open Channel [id: 0x327c91c6, L:/127.0.0.1:60602 - R:localhost/127.0.0.1:59345] for GET '/session/f0a3b55b661fee35d21a82dd9404528d/screenshot'
16:04:03.366 [AsyncHttpClient-1-7] DEBUG org.asynchttpclient.netty.handler.HttpHandler - 

Request DefaultFullHttpRequest(decodeResult: success, version: HTTP/1.1, content: EmptyByteBufBE)
GET /session/f0a3b55b661fee35d21a82dd9404528d/screenshot HTTP/1.1
User-Agent: selenium/4.1.2 (java windows)
Cache-Control: no-cache
Content-Type: application/json; charset=utf-8
host: localhost:59345
accept: */*

Response DefaultHttpResponse(decodeResult: success, version: HTTP/1.1)
HTTP/1.1 200 OK
Content-Type: application/json; charset=utf-8
cache-control: no-cache
content-length: 126548

16:04:03.366 [AsyncHttpClient-1-7] DEBUG org.asynchttpclient.netty.channel.ChannelManager - Adding key: http://localhost:59345 for channel [id: 0x327c91c6, L:/127.0.0.1:60602 - R:localhost/127.0.0.1:59345]
16:04:03.374 [main] DEBUG net.serenitybdd.core.photography.Darkroom - Send negative for processing for target\site\serenity\3a154be405137fcf0ee079809a803d124f61a8b1495835adb028e42dd577addb.png
16:04:03.374 [Darkroom Processing Line] DEBUG net.serenitybdd.core.photography.DarkroomProcessingLine - Processing screenshot image in /var/screenshots/screenshot-15980268374384959039
16:04:03.374 [Darkroom Processing Line] DEBUG net.serenitybdd.core.photography.DarkroomProcessingLine - Saving screenshot to target\site\serenity\3a154be405137fcf0ee079809a803d124f61a8b1495835adb028e42dd577addb.png
16:04:03.374 [Forwarding getPageSource on session f0a3b55b661fee35d21a82dd9404528d to remote] DEBUG org.asynchttpclient.netty.request.NettyRequestSender - Using pooled Channel '[id: 0x327c91c6, L:/127.0.0.1:60602 - R:localhost/127.0.0.1:59345]' for 'POST' to 'http://localhost:59345/session/f0a3b55b661fee35d21a82dd9404528d/execute/sync'
16:04:03.374 [Forwarding getPageSource on session f0a3b55b661fee35d21a82dd9404528d to remote] DEBUG org.asynchttpclient.netty.request.NettyRequestSender - Using open Channel [id: 0x327c91c6, L:/127.0.0.1:60602 - R:localhost/127.0.0.1:59345] for POST '/session/f0a3b55b661fee35d21a82dd9404528d/execute/sync'
16:04:03.390 [AsyncHttpClient-1-7] DEBUG org.asynchttpclient.netty.handler.HttpHandler - 

Request DefaultHttpRequest(decodeResult: success, version: HTTP/1.1)
POST /session/f0a3b55b661fee35d21a82dd9404528d/execute/sync HTTP/1.1
User-Agent: selenium/4.1.2 (java windows)
Content-Length: 176
Content-Type: application/json; charset=utf-8
host: localhost:59345
accept: */*

Response DefaultHttpResponse(decodeResult: success, version: HTTP/1.1)
HTTP/1.1 200 OK
Content-Type: application/json; charset=utf-8
cache-control: no-cache
content-length: 27628

16:04:03.390 [AsyncHttpClient-1-7] DEBUG org.asynchttpclient.netty.channel.ChannelManager - Adding key: http://localhost:59345 for channel [id: 0x327c91c6, L:/127.0.0.1:60602 - R:localhost/127.0.0.1:59345]
16:04:03.429 [AsyncHttpClient-1-1] DEBUG org.asynchttpclient.netty.channel.DefaultChannelPool - Entry count for : http://localhost:59345 : 1
16:04:03.429 [AsyncHttpClient-1-1] DEBUG org.asynchttpclient.netty.channel.DefaultChannelPool - Entry count for : http://localhost:60603 : 1
16:04:03.522 [Forwarding getCurrentUrl on session f0a3b55b661fee35d21a82dd9404528d to remote] DEBUG org.asynchttpclient.netty.request.NettyRequestSender - Using pooled Channel '[id: 0x327c91c6, L:/127.0.0.1:60602 - R:localhost/127.0.0.1:59345]' for 'GET' to 'http://localhost:59345/session/f0a3b55b661fee35d21a82dd9404528d/url'
16:04:03.522 [Forwarding getCurrentUrl on session f0a3b55b661fee35d21a82dd9404528d to remote] DEBUG org.asynchttpclient.netty.request.NettyRequestSender - Using open Channel [id: 0x327c91c6, L:/127.0.0.1:60602 - R:localhost/127.0.0.1:59345] for GET '/session/f0a3b55b661fee35d21a82dd9404528d/url'
16:04:03.529 [AsyncHttpClient-1-7] DEBUG org.asynchttpclient.netty.handler.HttpHandler - 

Request DefaultFullHttpRequest(decodeResult: success, version: HTTP/1.1, content: EmptyByteBufBE)
GET /session/f0a3b55b661fee35d21a82dd9404528d/url HTTP/1.1
User-Agent: selenium/4.1.2 (java windows)
Cache-Control: no-cache
Content-Type: application/json; charset=utf-8
host: localhost:59345
accept: */*

Response DefaultHttpResponse(decodeResult: success, version: HTTP/1.1)
HTTP/1.1 200 OK
Content-Type: application/json; charset=utf-8
cache-control: no-cache
content-length: 54

16:04:03.529 [AsyncHttpClient-1-7] DEBUG org.asynchttpclient.netty.channel.ChannelManager - Adding key: http://localhost:59345 for channel [id: 0x327c91c6, L:/127.0.0.1:60602 - R:localhost/127.0.0.1:59345]
  &amp#27;[36mWhen &amp#27;[0m&amp#27;[36mi click logout&amp#27;[0m     &amp#27;[90m# starter.stepdefinitions.logoutSteps.iClickLogout()&amp#27;[0m
  &amp#27;[36mThen &amp#27;[0m&amp#27;[36mi get landing page&amp#27;[0m &amp#27;[90m# starter.stepdefinitions.logoutSteps.iGetLandingPage()&amp#27;[0m
16:04:03.587 [main] ERROR  - 
  _____   ___   ___   _____     ___   ___   ___    ___    ___ 
 |_   _| | __| / __| |_   _|   | __| | _ \ | _ \  / _ \  | _ \
   | |   | _|  \__ \   | |     | _|  |   / |   / | (_) | |   /
   |_|   |___| |___/   |_|     |___| |_|_\ |_|_\  \___/  |_|_\

Logout scenario
---------------------------------------------------------------
16:04:03.597 [main] DEBUG  - RELATED ISSUES: 
16:04:03.600 [main] ERROR  -     Test failed at step: Given i am on homepage
16:04:03.600 [main] ERROR  -     no such element: Unable to locate element: {"method":"xpath","selector":"//div[contains(text(), 'Admin Page, Welcome ')]"}
16:04:03.602 [AsyncHttpClient-1-9] DEBUG org.asynchttpclient.netty.handler.WebSocketHandler - Channel Closed: [id: 0xbed7801d, L:/127.0.0.1:60612 ! R:localhost/127.0.0.1:60603] with attribute NettyResponseFuture{currentRetry=5,
	isDone=1,
	isCancelled=0,
	asyncHandler=org.asynchttpclient.ws.WebSocketUpgradeHandler@716e9865,
	nettyRequest=org.asynchttpclient.netty.request.NettyRequest@1e283c6c,
	future=java.util.concurrent.CompletableFuture@9e1cba2[Completed normally],
	uri=ws://localhost:60603/devtools/browser/635971b1-71cd-402b-b7fa-936eea4efd13,
	keepAlive=true,
	redirectCount=0,
	timeoutsHolder=null,
	inAuth=0,
	touch=1658480616595}
16:04:03.602 [AsyncHttpClient-1-9] DEBUG org.asynchttpclient.netty.channel.ChannelManager - Closing Channel [id: 0xbed7801d, L:/127.0.0.1:60612 ! R:localhost/127.0.0.1:60603] 
16:04:03.602 [Driver Command Executor] DEBUG org.asynchttpclient.netty.request.NettyRequestSender - Using pooled Channel '[id: 0x327c91c6, L:/127.0.0.1:60602 - R:localhost/127.0.0.1:59345]' for 'DELETE' to 'http://localhost:59345/session/f0a3b55b661fee35d21a82dd9404528d'
16:04:03.602 [Driver Command Executor] DEBUG org.asynchttpclient.netty.request.NettyRequestSender - Using open Channel [id: 0x327c91c6, L:/127.0.0.1:60602 - R:localhost/127.0.0.1:59345] for DELETE '/session/f0a3b55b661fee35d21a82dd9404528d'
16:04:04.521 [AsyncHttpClient-1-1] DEBUG org.asynchttpclient.netty.channel.DefaultChannelPool - Entry count for : http://localhost:60603 : 1
16:04:05.361 [AsyncHttpClient-1-8] DEBUG org.asynchttpclient.netty.handler.HttpHandler - Unexpected I/O exception on channel [id: 0xd4524e64, L:/127.0.0.1:60611 - R:localhost/127.0.0.1:60603]
java.net.SocketException: Connection reset
	at java.base/sun.nio.ch.SocketChannelImpl.throwConnectionReset(SocketChannelImpl.java:367)
	at java.base/sun.nio.ch.SocketChannelImpl.read(SocketChannelImpl.java:398)
	at io.netty.buffer.PooledByteBuf.setBytes(PooledByteBuf.java:258)
	at io.netty.buffer.AbstractByteBuf.writeBytes(AbstractByteBuf.java:1132)
	at io.netty.channel.socket.nio.NioSocketChannel.doReadBytes(NioSocketChannel.java:350)
	at io.netty.channel.nio.AbstractNioByteChannel$NioByteUnsafe.read(AbstractNioByteChannel.java:151)
	at io.netty.channel.nio.NioEventLoop.processSelectedKey(NioEventLoop.java:722)
	at io.netty.channel.nio.NioEventLoop.processSelectedKeysOptimized(NioEventLoop.java:658)
	at io.netty.channel.nio.NioEventLoop.processSelectedKeys(NioEventLoop.java:584)
	at io.netty.channel.nio.NioEventLoop.run(NioEventLoop.java:496)
	at io.netty.util.concurrent.SingleThreadEventExecutor$4.run(SingleThreadEventExecutor.java:986)
	at io.netty.util.internal.ThreadExecutorMap$2.run(ThreadExecutorMap.java:74)
	at io.netty.util.concurrent.FastThreadLocalRunnable.run(FastThreadLocalRunnable.java:30)
	at java.base/java.lang.Thread.run(Thread.java:832)
16:04:05.361 [AsyncHttpClient-1-8] DEBUG org.asynchttpclient.netty.channel.ChannelManager - Closing Channel [id: 0xd4524e64, L:/127.0.0.1:60611 - R:localhost/127.0.0.1:60603] 
16:04:05.361 [AsyncHttpClient-1-8] DEBUG org.asynchttpclient.netty.handler.HttpHandler - Channel Closed: [id: 0xd4524e64, L:/127.0.0.1:60611 ! R:localhost/127.0.0.1:60603] with attribute DISCARD
16:04:05.429 [AsyncHttpClient-1-7] DEBUG org.asynchttpclient.netty.handler.HttpHandler - 

Request DefaultFullHttpRequest(decodeResult: success, version: HTTP/1.1, content: EmptyByteBufBE)
DELETE /session/f0a3b55b661fee35d21a82dd9404528d HTTP/1.1
User-Agent: selenium/4.1.2 (java windows)
Content-Type: application/json; charset=utf-8
host: localhost:59345
accept: */*

Response DefaultHttpResponse(decodeResult: success, version: HTTP/1.1)
HTTP/1.1 200 OK
Content-Type: application/json; charset=utf-8
cache-control: no-cache
content-length: 14

16:04:05.429 [AsyncHttpClient-1-7] DEBUG org.asynchttpclient.netty.channel.ChannelManager - Adding key: http://localhost:59345 for channel [id: 0x327c91c6, L:/127.0.0.1:60602 - R:localhost/127.0.0.1:59345]
16:04:05.622 [AsyncHttpClient-1-1] DEBUG org.asynchttpclient.netty.channel.DefaultChannelPool - Entry count for : http://localhost:59345 : 1
16:04:05.622 [AsyncHttpClient-1-1] DEBUG org.asynchttpclient.netty.channel.DefaultChannelPool - Entry count for : http://localhost:60603 : 1
16:04:05.622 [AsyncHttpClient-1-1] DEBUG org.asynchttpclient.netty.channel.DefaultChannelPool - Adding Candidate expired Channel [id: 0xd4524e64, L:/127.0.0.1:60611 ! R:localhost/127.0.0.1:60603] isIdleTimeoutExpired=false isRemotelyClosed=true isTtlExpired=false
16:04:05.622 [AsyncHttpClient-1-1] DEBUG org.asynchttpclient.netty.channel.DefaultChannelPool - Closing Idle Channel [id: 0xd4524e64, L:/127.0.0.1:60611 ! R:localhost/127.0.0.1:60603]
16:04:05.622 [AsyncHttpClient-1-1] DEBUG org.asynchttpclient.netty.channel.DefaultChannelPool - Closed 1 connections out of 2 in 0 ms
16:04:05.781 [AsyncHttpClient-1-7] DEBUG org.asynchttpclient.netty.handler.HttpHandler - Channel Closed: [id: 0x327c91c6, L:/127.0.0.1:60602 ! R:localhost/127.0.0.1:59345] with attribute DISCARD
]]></system-out>
    <system-err><![CDATA[Starting ChromeDriver 102.0.5005.61 (0e59bcc00cc4985ce39ad31c150065f159d95ad3-refs/branch-heads/5005@{#819}) on port 59345
Only local connections are allowed.
Please see https://chromedriver.chromium.org/security-considerations for suggestions on keeping ChromeDriver safe.
ChromeDriver was started successfully.
[1658480616.206][WARNING]: This version of ChromeDriver has not been tested with Chrome version 103.
Jul 22, 2022 4:03:36 PM org.openqa.selenium.remote.ProtocolHandshake createSession
INFO: Detected dialect: W3C
Jul 22, 2022 4:03:36 PM org.openqa.selenium.devtools.CdpVersionFinder findNearestMatch
WARNING: Unable to find an exact match for CDP version 103, so returning the closest version found: a no-op implementation
Jul 22, 2022 4:03:36 PM org.openqa.selenium.devtools.CdpVersionFinder findNearestMatch
INFO: Unable to find CDP implementation matching 103.
Jul 22, 2022 4:03:36 PM org.openqa.selenium.chromium.ChromiumDriver lambda$new$3
WARNING: Unable to find version of CDP to use for . You may need to include a dependency on a specific version of the CDP using something similar to `org.seleniumhq.selenium:selenium-devtools-v86:4.1.2` where the version ("v86") matches the version of the chromium-based browser you're using and the version number of the artifact is the same as Selenium's.
]]></system-err>
  </testcase>
  <testcase name="Registration scenario #1" classname="Registration" time="21.568">
    <system-out><![CDATA[16:04:06.332 [main] INFO io.cucumber.core.plugin.SerenityReporter - Running feature from file:///D:/PERKULIAHAN/Semester%206,Hebatt%20glad!/QE-FGD/Automation-test-Website%20-%20Copy/src/test/resources/features/register.feature
16:04:06.342 [main] DEBUG net.thucydides.core.steps.StepEventBus - Test suite started for story net.thucydides.core.model.Story@9f729512
16:04:06.342 [main] INFO  - Test Suite Started: Registration

@register
Scenario Outline: Registration scenario                                                 &amp#27;[90m# src/test/resources/features/register.feature:19&amp#27;[0m
16:04:06.359 [main] INFO io.cucumber.core.plugin.SerenityReporter - Running feature from file:///D:/PERKULIAHAN/Semester%206,Hebatt%20glad!/QE-FGD/Automation-test-Website%20-%20Copy/src/test/resources/features/register.feature
16:04:06.368 [main] INFO  - 
  _____   ___   ___   _____     ___   _____     _     ___   _____   ___   ___  
 |_   _| | __| / __| |_   _|   / __| |_   _|   /_\   | _ \ |_   _| | __| |   \ 
   | |   | _|  \__ \   | |     \__ \   | |    / _ \  |   /   | |   | _|  | |) |
   |_|   |___| |___/   |_|     |___/   |_|   /_/ \_\ |_|_\   |_|   |___| |___/ 

Registration scenario(registration;registration-scenario)
--------------------------------------------------------------------------------
16:04:06.426 [main] INFO net.serenitybdd.core.webdriver.driverproviders.ChromeDriverProvider - Using automatically driver download
16:04:06.666 [main] DEBUG io.github.bonigarcia.wdm.cache.ResolutionCache - Resolution chrome=103 in cache (valid until 16:34:03 22/07/2022 WIB)
16:04:06.687 [main] DEBUG io.github.bonigarcia.wdm.cache.ResolutionCache - Resolution chrome103=103.0.5060.134 in cache (valid until 17:00:36 22/07/2022 WIB)
16:04:06.703 [main] INFO io.github.bonigarcia.wdm.WebDriverManager - Using chromedriver 103.0.5060.134 (resolved driver for Chrome 103)
16:04:06.719 [AsyncHttpClient-1-1] DEBUG org.asynchttpclient.netty.channel.DefaultChannelPool - Entry count for : http://localhost:59345 : 1
16:04:06.719 [AsyncHttpClient-1-1] DEBUG org.asynchttpclient.netty.channel.DefaultChannelPool - Adding Candidate expired Channel [id: 0x327c91c6, L:/127.0.0.1:60602 ! R:localhost/127.0.0.1:59345] isIdleTimeoutExpired=false isRemotelyClosed=true isTtlExpired=false
16:04:06.719 [AsyncHttpClient-1-1] DEBUG org.asynchttpclient.netty.channel.DefaultChannelPool - Closing Idle Channel [id: 0x327c91c6, L:/127.0.0.1:60602 ! R:localhost/127.0.0.1:59345]
16:04:06.719 [AsyncHttpClient-1-1] DEBUG org.asynchttpclient.netty.channel.DefaultChannelPool - Closed 1 connections out of 1 in 0 ms
16:04:06.887 [main] DEBUG io.github.bonigarcia.wdm.WebDriverManager - Driver chromedriver 103.0.5060.134 found in cache
16:04:06.887 [main] INFO io.github.bonigarcia.wdm.WebDriverManager - Exporting webdriver.chrome.driver as C:\Users\ASUS\.cache\selenium\chromedriver\win32\103.0.5060.134\chromedriver.exe
16:04:07.185 [main] DEBUG net.serenitybdd.core.webdriver.driverproviders.ProvideNewDriver - Instantiating driver
16:04:07.185 [main] DEBUG net.serenitybdd.core.webdriver.driverproviders.ProvideNewDriver - Driver capabilities: Capabilities {acceptInsecureCerts: false, base.url: https://found-capstone20.ne..., browserName: chrome, chrome.driver: src/test/resources/webdrive..., driver: chrome, goog:chromeOptions: {args: [], extensions: []}}
16:04:07.751 [AsyncHttpClient-1-10] DEBUG org.asynchttpclient.netty.channel.NettyConnectListener - Using new Channel '[id: 0x9b467469, L:/127.0.0.1:60639 - R:localhost/127.0.0.1:63329]' for 'POST' to '/session'
16:04:09.889 [AsyncHttpClient-1-10] DEBUG org.asynchttpclient.netty.handler.HttpHandler - 

Request DefaultHttpRequest(decodeResult: success, version: HTTP/1.1)
POST /session HTTP/1.1
User-Agent: selenium/4.1.2 (java windows)
Content-Length: 623
Content-Type: application/json; charset=utf-8
host: localhost:63329
accept: */*

Response DefaultHttpResponse(decodeResult: success, version: HTTP/1.1)
HTTP/1.1 200 OK
Content-Type: application/json; charset=utf-8
cache-control: no-cache
content-length: 790

16:04:09.894 [AsyncHttpClient-1-10] DEBUG org.asynchttpclient.netty.channel.ChannelManager - Adding key: http://localhost:63329 for channel [id: 0x9b467469, L:/127.0.0.1:60639 - R:localhost/127.0.0.1:63329]
16:04:09.918 [AsyncHttpClient-1-11] DEBUG org.asynchttpclient.netty.channel.NettyConnectListener - Using new Channel '[id: 0x33128442, L:/127.0.0.1:60647 - R:localhost/127.0.0.1:60640]' for 'GET' to '/json/version'
16:04:09.921 [AsyncHttpClient-1-11] DEBUG org.asynchttpclient.netty.handler.HttpHandler - 

Request DefaultFullHttpRequest(decodeResult: success, version: HTTP/1.1, content: EmptyByteBufBE)
GET /json/version HTTP/1.1
User-Agent: selenium/4.1.2 (java windows)
host: localhost:60640
accept: */*

Response DefaultHttpResponse(decodeResult: success, version: HTTP/1.1)
HTTP/1.1 200 OK
Content-Type: application/json; charset=UTF-8
content-length: 429

16:04:09.921 [AsyncHttpClient-1-11] DEBUG org.asynchttpclient.netty.channel.ChannelManager - Adding key: http://localhost:60640 for channel [id: 0x33128442, L:/127.0.0.1:60647 - R:localhost/127.0.0.1:60640]
16:04:09.930 [AsyncHttpClient-1-12] DEBUG org.asynchttpclient.netty.channel.NettyConnectListener - Using new Channel '[id: 0x42461ab3, L:/127.0.0.1:60648 - R:localhost/127.0.0.1:60640]' for 'GET' to '/devtools/browser/2a0e9569-3523-4218-af42-b81ddda186c5'
16:04:09.934 [AsyncHttpClient-1-12] DEBUG org.asynchttpclient.netty.handler.WebSocketHandler - 

Request DefaultFullHttpRequest(decodeResult: success, version: HTTP/1.1, content: EmptyByteBufBE)
GET /devtools/browser/2a0e9569-3523-4218-af42-b81ddda186c5 HTTP/1.1
upgrade: websocket
connection: upgrade
sec-websocket-key: jPuGSezZ4jnRY2RcpGmuyg==
sec-websocket-version: 13
origin: http://localhost:60640
host: localhost:60640
accept: */*
user-agent: AHC/2.1

Response DefaultHttpResponse(decodeResult: success, version: HTTP/1.1)
HTTP/1.1 101 WebSocket Protocol Handshake
Upgrade: WebSocket
Connection: Upgrade
Sec-WebSocket-Accept: h+Gs3tdn1tfA0N6J9G3oaa+pm3Q=

16:04:10.012 [Forwarding maximizeCurrentWindow on session 5873537a26aedd68a8708930449e223d to remote] DEBUG org.asynchttpclient.netty.request.NettyRequestSender - Using pooled Channel '[id: 0x9b467469, L:/127.0.0.1:60639 - R:localhost/127.0.0.1:63329]' for 'POST' to 'http://localhost:63329/session/5873537a26aedd68a8708930449e223d/window/maximize'
16:04:10.012 [Forwarding maximizeCurrentWindow on session 5873537a26aedd68a8708930449e223d to remote] DEBUG org.asynchttpclient.netty.request.NettyRequestSender - Using open Channel [id: 0x9b467469, L:/127.0.0.1:60639 - R:localhost/127.0.0.1:63329] for POST '/session/5873537a26aedd68a8708930449e223d/window/maximize'
16:04:10.032 [AsyncHttpClient-1-1] DEBUG org.asynchttpclient.netty.channel.DefaultChannelPool - Entry count for : http://localhost:60640 : 1
16:04:10.251 [AsyncHttpClient-1-10] DEBUG org.asynchttpclient.netty.handler.HttpHandler - 

Request DefaultHttpRequest(decodeResult: success, version: HTTP/1.1)
POST /session/5873537a26aedd68a8708930449e223d/window/maximize HTTP/1.1
User-Agent: selenium/4.1.2 (java windows)
Content-Length: 3
Content-Type: application/json; charset=utf-8
host: localhost:63329
accept: */*

Response DefaultHttpResponse(decodeResult: success, version: HTTP/1.1)
HTTP/1.1 200 OK
Content-Type: application/json; charset=utf-8
cache-control: no-cache
content-length: 51

16:04:10.251 [AsyncHttpClient-1-10] DEBUG org.asynchttpclient.netty.channel.ChannelManager - Adding key: http://localhost:63329 for channel [id: 0x9b467469, L:/127.0.0.1:60639 - R:localhost/127.0.0.1:63329]
16:04:10.260 [Forwarding get on session 5873537a26aedd68a8708930449e223d to remote] DEBUG org.asynchttpclient.netty.request.NettyRequestSender - Using pooled Channel '[id: 0x9b467469, L:/127.0.0.1:60639 - R:localhost/127.0.0.1:63329]' for 'POST' to 'http://localhost:63329/session/5873537a26aedd68a8708930449e223d/url'
16:04:10.260 [Forwarding get on session 5873537a26aedd68a8708930449e223d to remote] DEBUG org.asynchttpclient.netty.request.NettyRequestSender - Using open Channel [id: 0x9b467469, L:/127.0.0.1:60639 - R:localhost/127.0.0.1:63329] for POST '/session/5873537a26aedd68a8708930449e223d/url'
16:04:11.122 [AsyncHttpClient-1-1] DEBUG org.asynchttpclient.netty.channel.DefaultChannelPool - Entry count for : http://localhost:60640 : 1
16:04:12.227 [AsyncHttpClient-1-1] DEBUG org.asynchttpclient.netty.channel.DefaultChannelPool - Entry count for : http://localhost:60640 : 1
16:04:13.329 [AsyncHttpClient-1-1] DEBUG org.asynchttpclient.netty.channel.DefaultChannelPool - Entry count for : http://localhost:60640 : 1
16:04:14.422 [AsyncHttpClient-1-1] DEBUG org.asynchttpclient.netty.channel.DefaultChannelPool - Entry count for : http://localhost:60640 : 1
16:04:15.528 [AsyncHttpClient-1-1] DEBUG org.asynchttpclient.netty.channel.DefaultChannelPool - Entry count for : http://localhost:60640 : 1
16:04:16.634 [AsyncHttpClient-1-1] DEBUG org.asynchttpclient.netty.channel.DefaultChannelPool - Entry count for : http://localhost:60640 : 1
16:04:17.728 [AsyncHttpClient-1-1] DEBUG org.asynchttpclient.netty.channel.DefaultChannelPool - Entry count for : http://localhost:60640 : 1
16:04:17.966 [AsyncHttpClient-1-10] DEBUG org.asynchttpclient.netty.handler.HttpHandler - 

Request DefaultHttpRequest(decodeResult: success, version: HTTP/1.1)
POST /session/5873537a26aedd68a8708930449e223d/url HTTP/1.1
User-Agent: selenium/4.1.2 (java windows)
Content-Length: 67
Content-Type: application/json; charset=utf-8
host: localhost:63329
accept: */*

Response DefaultHttpResponse(decodeResult: success, version: HTTP/1.1)
HTTP/1.1 200 OK
Content-Type: application/json; charset=utf-8
cache-control: no-cache
content-length: 14

16:04:17.966 [AsyncHttpClient-1-10] DEBUG org.asynchttpclient.netty.channel.ChannelManager - Adding key: http://localhost:63329 for channel [id: 0x9b467469, L:/127.0.0.1:60639 - R:localhost/127.0.0.1:63329]
16:04:17.977 [Forwarding setTimeout on session 5873537a26aedd68a8708930449e223d to remote] DEBUG org.asynchttpclient.netty.request.NettyRequestSender - Using pooled Channel '[id: 0x9b467469, L:/127.0.0.1:60639 - R:localhost/127.0.0.1:63329]' for 'POST' to 'http://localhost:63329/session/5873537a26aedd68a8708930449e223d/timeouts'
16:04:17.977 [Forwarding setTimeout on session 5873537a26aedd68a8708930449e223d to remote] DEBUG org.asynchttpclient.netty.request.NettyRequestSender - Using open Channel [id: 0x9b467469, L:/127.0.0.1:60639 - R:localhost/127.0.0.1:63329] for POST '/session/5873537a26aedd68a8708930449e223d/timeouts'
16:04:17.977 [AsyncHttpClient-1-10] DEBUG org.asynchttpclient.netty.handler.HttpHandler - 

Request DefaultHttpRequest(decodeResult: success, version: HTTP/1.1)
POST /session/5873537a26aedd68a8708930449e223d/timeouts HTTP/1.1
User-Agent: selenium/4.1.2 (java windows)
Content-Length: 22
Content-Type: application/json; charset=utf-8
host: localhost:63329
accept: */*

Response DefaultHttpResponse(decodeResult: success, version: HTTP/1.1)
HTTP/1.1 200 OK
Content-Type: application/json; charset=utf-8
cache-control: no-cache
content-length: 14

16:04:17.980 [AsyncHttpClient-1-10] DEBUG org.asynchttpclient.netty.channel.ChannelManager - Adding key: http://localhost:63329 for channel [id: 0x9b467469, L:/127.0.0.1:60639 - R:localhost/127.0.0.1:63329]
16:04:17.982 [Forwarding getCurrentUrl on session 5873537a26aedd68a8708930449e223d to remote] DEBUG org.asynchttpclient.netty.request.NettyRequestSender - Using pooled Channel '[id: 0x9b467469, L:/127.0.0.1:60639 - R:localhost/127.0.0.1:63329]' for 'GET' to 'http://localhost:63329/session/5873537a26aedd68a8708930449e223d/url'
16:04:17.982 [Forwarding getCurrentUrl on session 5873537a26aedd68a8708930449e223d to remote] DEBUG org.asynchttpclient.netty.request.NettyRequestSender - Using open Channel [id: 0x9b467469, L:/127.0.0.1:60639 - R:localhost/127.0.0.1:63329] for GET '/session/5873537a26aedd68a8708930449e223d/url'
16:04:18.012 [AsyncHttpClient-1-10] DEBUG org.asynchttpclient.netty.handler.HttpHandler - 

Request DefaultFullHttpRequest(decodeResult: success, version: HTTP/1.1, content: EmptyByteBufBE)
GET /session/5873537a26aedd68a8708930449e223d/url HTTP/1.1
User-Agent: selenium/4.1.2 (java windows)
Cache-Control: no-cache
Content-Type: application/json; charset=utf-8
host: localhost:63329
accept: */*

Response DefaultHttpResponse(decodeResult: success, version: HTTP/1.1)
HTTP/1.1 200 OK
Content-Type: application/json; charset=utf-8
cache-control: no-cache
content-length: 49

16:04:18.012 [AsyncHttpClient-1-10] DEBUG org.asynchttpclient.netty.channel.ChannelManager - Adding key: http://localhost:63329 for channel [id: 0x9b467469, L:/127.0.0.1:60639 - R:localhost/127.0.0.1:63329]
  &amp#27;[32mGiven &amp#27;[0m&amp#27;[32mi access the web&amp#27;[0m                                                                &amp#27;[90m# starter.stepdefinitions.registerSteps.iAccessTheWeb()&amp#27;[0m
16:04:18.032 [main] DEBUG net.serenitybdd.core.photography.Darkroom - Opening darkroom
16:04:18.037 [Forwarding screenshot on session 5873537a26aedd68a8708930449e223d to remote] DEBUG org.asynchttpclient.netty.request.NettyRequestSender - Using pooled Channel '[id: 0x9b467469, L:/127.0.0.1:60639 - R:localhost/127.0.0.1:63329]' for 'GET' to 'http://localhost:63329/session/5873537a26aedd68a8708930449e223d/screenshot'
16:04:18.037 [Forwarding screenshot on session 5873537a26aedd68a8708930449e223d to remote] DEBUG org.asynchttpclient.netty.request.NettyRequestSender - Using open Channel [id: 0x9b467469, L:/127.0.0.1:60639 - R:localhost/127.0.0.1:63329] for GET '/session/5873537a26aedd68a8708930449e223d/screenshot'
16:04:18.037 [Darkroom Processing Line] DEBUG net.serenitybdd.core.photography.DarkroomProcessingLine - Darkroom processing line starting up
16:04:18.511 [AsyncHttpClient-1-10] DEBUG org.asynchttpclient.netty.handler.HttpHandler - 

Request DefaultFullHttpRequest(decodeResult: success, version: HTTP/1.1, content: EmptyByteBufBE)
GET /session/5873537a26aedd68a8708930449e223d/screenshot HTTP/1.1
User-Agent: selenium/4.1.2 (java windows)
Cache-Control: no-cache
Content-Type: application/json; charset=utf-8
host: localhost:63329
accept: */*

Response DefaultHttpResponse(decodeResult: success, version: HTTP/1.1)
HTTP/1.1 200 OK
Content-Type: application/json; charset=utf-8
cache-control: no-cache
content-length: 354376

16:04:18.511 [AsyncHttpClient-1-10] DEBUG org.asynchttpclient.netty.channel.ChannelManager - Adding key: http://localhost:63329 for channel [id: 0x9b467469, L:/127.0.0.1:60639 - R:localhost/127.0.0.1:63329]
16:04:18.540 [main] DEBUG net.serenitybdd.core.photography.Darkroom - Send negative for processing for target\site\serenity\4660354df54a12fcd895682f5709ada0fe64cb7be35e163b54bdc9c5bb06ca8f.png
16:04:18.541 [Forwarding findElement on session 5873537a26aedd68a8708930449e223d to remote] DEBUG org.asynchttpclient.netty.request.NettyRequestSender - Using pooled Channel '[id: 0x9b467469, L:/127.0.0.1:60639 - R:localhost/127.0.0.1:63329]' for 'POST' to 'http://localhost:63329/session/5873537a26aedd68a8708930449e223d/element'
16:04:18.541 [Forwarding findElement on session 5873537a26aedd68a8708930449e223d to remote] DEBUG org.asynchttpclient.netty.request.NettyRequestSender - Using open Channel [id: 0x9b467469, L:/127.0.0.1:60639 - R:localhost/127.0.0.1:63329] for POST '/session/5873537a26aedd68a8708930449e223d/element'
16:04:18.593 [AsyncHttpClient-1-10] DEBUG org.asynchttpclient.netty.handler.HttpHandler - 

Request DefaultHttpRequest(decodeResult: success, version: HTTP/1.1)
POST /session/5873537a26aedd68a8708930449e223d/element HTTP/1.1
User-Agent: selenium/4.1.2 (java windows)
Content-Length: 55
Content-Type: application/json; charset=utf-8
host: localhost:63329
accept: */*

Response DefaultHttpResponse(decodeResult: success, version: HTTP/1.1)
HTTP/1.1 200 OK
Content-Type: application/json; charset=utf-8
cache-control: no-cache
content-length: 88

16:04:18.593 [AsyncHttpClient-1-10] DEBUG org.asynchttpclient.netty.channel.ChannelManager - Adding key: http://localhost:63329 for channel [id: 0x9b467469, L:/127.0.0.1:60639 - R:localhost/127.0.0.1:63329]
16:04:18.593 [Forwarding isElementDisplayed on session 5873537a26aedd68a8708930449e223d to remote] DEBUG org.asynchttpclient.netty.request.NettyRequestSender - Using pooled Channel '[id: 0x9b467469, L:/127.0.0.1:60639 - R:localhost/127.0.0.1:63329]' for 'POST' to 'http://localhost:63329/session/5873537a26aedd68a8708930449e223d/execute/sync'
16:04:18.593 [Forwarding isElementDisplayed on session 5873537a26aedd68a8708930449e223d to remote] DEBUG org.asynchttpclient.netty.request.NettyRequestSender - Using open Channel [id: 0x9b467469, L:/127.0.0.1:60639 - R:localhost/127.0.0.1:63329] for POST '/session/5873537a26aedd68a8708930449e223d/execute/sync'
16:04:18.650 [AsyncHttpClient-1-10] DEBUG org.asynchttpclient.netty.handler.HttpHandler - 

Request DefaultHttpRequest(decodeResult: success, version: HTTP/1.1)
POST /session/5873537a26aedd68a8708930449e223d/execute/sync HTTP/1.1
User-Agent: selenium/4.1.2 (java windows)
Content-Length: 48780
Content-Type: application/json; charset=utf-8
host: localhost:63329
accept: */*

Response DefaultHttpResponse(decodeResult: success, version: HTTP/1.1)
HTTP/1.1 200 OK
Content-Type: application/json; charset=utf-8
cache-control: no-cache
content-length: 14

16:04:18.650 [AsyncHttpClient-1-10] DEBUG org.asynchttpclient.netty.channel.ChannelManager - Adding key: http://localhost:63329 for channel [id: 0x9b467469, L:/127.0.0.1:60639 - R:localhost/127.0.0.1:63329]
16:04:18.655 [Forwarding findElement on session 5873537a26aedd68a8708930449e223d to remote] DEBUG org.asynchttpclient.netty.request.NettyRequestSender - Using pooled Channel '[id: 0x9b467469, L:/127.0.0.1:60639 - R:localhost/127.0.0.1:63329]' for 'POST' to 'http://localhost:63329/session/5873537a26aedd68a8708930449e223d/element'
16:04:18.655 [Forwarding findElement on session 5873537a26aedd68a8708930449e223d to remote] DEBUG org.asynchttpclient.netty.request.NettyRequestSender - Using open Channel [id: 0x9b467469, L:/127.0.0.1:60639 - R:localhost/127.0.0.1:63329] for POST '/session/5873537a26aedd68a8708930449e223d/element'
16:04:18.709 [AsyncHttpClient-1-10] DEBUG org.asynchttpclient.netty.handler.HttpHandler - 

Request DefaultHttpRequest(decodeResult: success, version: HTTP/1.1)
POST /session/5873537a26aedd68a8708930449e223d/element HTTP/1.1
User-Agent: selenium/4.1.2 (java windows)
Content-Length: 72
Content-Type: application/json; charset=utf-8
host: localhost:63329
accept: */*

Response DefaultHttpResponse(decodeResult: success, version: HTTP/1.1)
HTTP/1.1 200 OK
Content-Type: application/json; charset=utf-8
cache-control: no-cache
content-length: 88

16:04:18.709 [AsyncHttpClient-1-10] DEBUG org.asynchttpclient.netty.channel.ChannelManager - Adding key: http://localhost:63329 for channel [id: 0x9b467469, L:/127.0.0.1:60639 - R:localhost/127.0.0.1:63329]
16:04:18.717 [Forwarding getElementTagName on session 5873537a26aedd68a8708930449e223d to remote] DEBUG org.asynchttpclient.netty.request.NettyRequestSender - Using pooled Channel '[id: 0x9b467469, L:/127.0.0.1:60639 - R:localhost/127.0.0.1:63329]' for 'GET' to 'http://localhost:63329/session/5873537a26aedd68a8708930449e223d/element/e687cc2f-8f85-4bd8-8c97-13d6fb7a3942/name'
16:04:18.717 [Forwarding getElementTagName on session 5873537a26aedd68a8708930449e223d to remote] DEBUG org.asynchttpclient.netty.request.NettyRequestSender - Using open Channel [id: 0x9b467469, L:/127.0.0.1:60639 - R:localhost/127.0.0.1:63329] for GET '/session/5873537a26aedd68a8708930449e223d/element/e687cc2f-8f85-4bd8-8c97-13d6fb7a3942/name'
16:04:18.767 [AsyncHttpClient-1-10] DEBUG org.asynchttpclient.netty.handler.HttpHandler - 

Request DefaultFullHttpRequest(decodeResult: success, version: HTTP/1.1, content: EmptyByteBufBE)
GET /session/5873537a26aedd68a8708930449e223d/element/e687cc2f-8f85-4bd8-8c97-13d6fb7a3942/name HTTP/1.1
User-Agent: selenium/4.1.2 (java windows)
Cache-Control: no-cache
Content-Type: application/json; charset=utf-8
host: localhost:63329
accept: */*

Response DefaultHttpResponse(decodeResult: success, version: HTTP/1.1)
HTTP/1.1 200 OK
Content-Type: application/json; charset=utf-8
cache-control: no-cache
content-length: 13

16:04:18.770 [AsyncHttpClient-1-10] DEBUG org.asynchttpclient.netty.channel.ChannelManager - Adding key: http://localhost:63329 for channel [id: 0x9b467469, L:/127.0.0.1:60639 - R:localhost/127.0.0.1:63329]
16:04:18.770 [Forwarding getElementTagName on session 5873537a26aedd68a8708930449e223d to remote] DEBUG org.asynchttpclient.netty.request.NettyRequestSender - Using pooled Channel '[id: 0x9b467469, L:/127.0.0.1:60639 - R:localhost/127.0.0.1:63329]' for 'GET' to 'http://localhost:63329/session/5873537a26aedd68a8708930449e223d/element/e687cc2f-8f85-4bd8-8c97-13d6fb7a3942/name'
16:04:18.770 [Forwarding getElementTagName on session 5873537a26aedd68a8708930449e223d to remote] DEBUG org.asynchttpclient.netty.request.NettyRequestSender - Using open Channel [id: 0x9b467469, L:/127.0.0.1:60639 - R:localhost/127.0.0.1:63329] for GET '/session/5873537a26aedd68a8708930449e223d/element/e687cc2f-8f85-4bd8-8c97-13d6fb7a3942/name'
16:04:18.820 [AsyncHttpClient-1-10] DEBUG org.asynchttpclient.netty.handler.HttpHandler - 

Request DefaultFullHttpRequest(decodeResult: success, version: HTTP/1.1, content: EmptyByteBufBE)
GET /session/5873537a26aedd68a8708930449e223d/element/e687cc2f-8f85-4bd8-8c97-13d6fb7a3942/name HTTP/1.1
User-Agent: selenium/4.1.2 (java windows)
Cache-Control: no-cache
Content-Type: application/json; charset=utf-8
host: localhost:63329
accept: */*

Response DefaultHttpResponse(decodeResult: success, version: HTTP/1.1)
HTTP/1.1 200 OK
Content-Type: application/json; charset=utf-8
cache-control: no-cache
content-length: 13

16:04:18.820 [AsyncHttpClient-1-10] DEBUG org.asynchttpclient.netty.channel.ChannelManager - Adding key: http://localhost:63329 for channel [id: 0x9b467469, L:/127.0.0.1:60639 - R:localhost/127.0.0.1:63329]
16:04:18.821 [AsyncHttpClient-1-1] DEBUG org.asynchttpclient.netty.channel.DefaultChannelPool - Entry count for : http://localhost:60640 : 1
16:04:18.821 [AsyncHttpClient-1-1] DEBUG org.asynchttpclient.netty.channel.DefaultChannelPool - Entry count for : http://localhost:63329 : 1
16:04:18.821 [Forwarding findElement on session 5873537a26aedd68a8708930449e223d to remote] DEBUG org.asynchttpclient.netty.request.NettyRequestSender - Using pooled Channel '[id: 0x9b467469, L:/127.0.0.1:60639 - R:localhost/127.0.0.1:63329]' for 'POST' to 'http://localhost:63329/session/5873537a26aedd68a8708930449e223d/element'
16:04:18.821 [Forwarding findElement on session 5873537a26aedd68a8708930449e223d to remote] DEBUG org.asynchttpclient.netty.request.NettyRequestSender - Using open Channel [id: 0x9b467469, L:/127.0.0.1:60639 - R:localhost/127.0.0.1:63329] for POST '/session/5873537a26aedd68a8708930449e223d/element'
16:04:18.869 [AsyncHttpClient-1-10] DEBUG org.asynchttpclient.netty.handler.HttpHandler - 

Request DefaultHttpRequest(decodeResult: success, version: HTTP/1.1)
POST /session/5873537a26aedd68a8708930449e223d/element HTTP/1.1
User-Agent: selenium/4.1.2 (java windows)
Content-Length: 72
Content-Type: application/json; charset=utf-8
host: localhost:63329
accept: */*

Response DefaultHttpResponse(decodeResult: success, version: HTTP/1.1)
HTTP/1.1 200 OK
Content-Type: application/json; charset=utf-8
cache-control: no-cache
content-length: 88

16:04:18.869 [AsyncHttpClient-1-10] DEBUG org.asynchttpclient.netty.channel.ChannelManager - Adding key: http://localhost:63329 for channel [id: 0x9b467469, L:/127.0.0.1:60639 - R:localhost/127.0.0.1:63329]
16:04:18.869 [Forwarding clickElement on session 5873537a26aedd68a8708930449e223d to remote] DEBUG org.asynchttpclient.netty.request.NettyRequestSender - Using pooled Channel '[id: 0x9b467469, L:/127.0.0.1:60639 - R:localhost/127.0.0.1:63329]' for 'POST' to 'http://localhost:63329/session/5873537a26aedd68a8708930449e223d/element/e687cc2f-8f85-4bd8-8c97-13d6fb7a3942/click'
16:04:18.869 [Forwarding clickElement on session 5873537a26aedd68a8708930449e223d to remote] DEBUG org.asynchttpclient.netty.request.NettyRequestSender - Using open Channel [id: 0x9b467469, L:/127.0.0.1:60639 - R:localhost/127.0.0.1:63329] for POST '/session/5873537a26aedd68a8708930449e223d/element/e687cc2f-8f85-4bd8-8c97-13d6fb7a3942/click'
16:04:19.062 [AsyncHttpClient-1-10] DEBUG org.asynchttpclient.netty.handler.HttpHandler - 

Request DefaultHttpRequest(decodeResult: success, version: HTTP/1.1)
POST /session/5873537a26aedd68a8708930449e223d/element/e687cc2f-8f85-4bd8-8c97-13d6fb7a3942/click HTTP/1.1
User-Agent: selenium/4.1.2 (java windows)
Content-Length: 50
Content-Type: application/json; charset=utf-8
host: localhost:63329
accept: */*

Response DefaultHttpResponse(decodeResult: success, version: HTTP/1.1)
HTTP/1.1 200 OK
Content-Type: application/json; charset=utf-8
cache-control: no-cache
content-length: 14

16:04:19.062 [AsyncHttpClient-1-10] DEBUG org.asynchttpclient.netty.channel.ChannelManager - Adding key: http://localhost:63329 for channel [id: 0x9b467469, L:/127.0.0.1:60639 - R:localhost/127.0.0.1:63329]
  &amp#27;[32mWhen &amp#27;[0m&amp#27;[32mi click get started&amp#27;[0m                                                              &amp#27;[90m# starter.stepdefinitions.registerSteps.iClickGetStarted()&amp#27;[0m
16:04:19.077 [Forwarding screenshot on session 5873537a26aedd68a8708930449e223d to remote] DEBUG org.asynchttpclient.netty.request.NettyRequestSender - Using pooled Channel '[id: 0x9b467469, L:/127.0.0.1:60639 - R:localhost/127.0.0.1:63329]' for 'GET' to 'http://localhost:63329/session/5873537a26aedd68a8708930449e223d/screenshot'
16:04:19.077 [Forwarding screenshot on session 5873537a26aedd68a8708930449e223d to remote] DEBUG org.asynchttpclient.netty.request.NettyRequestSender - Using open Channel [id: 0x9b467469, L:/127.0.0.1:60639 - R:localhost/127.0.0.1:63329] for GET '/session/5873537a26aedd68a8708930449e223d/screenshot'
16:04:19.487 [AsyncHttpClient-1-10] DEBUG org.asynchttpclient.netty.handler.HttpHandler - 

Request DefaultFullHttpRequest(decodeResult: success, version: HTTP/1.1, content: EmptyByteBufBE)
GET /session/5873537a26aedd68a8708930449e223d/screenshot HTTP/1.1
User-Agent: selenium/4.1.2 (java windows)
Cache-Control: no-cache
Content-Type: application/json; charset=utf-8
host: localhost:63329
accept: */*

Response DefaultHttpResponse(decodeResult: success, version: HTTP/1.1)
HTTP/1.1 200 OK
Content-Type: application/json; charset=utf-8
cache-control: no-cache
content-length: 142668

16:04:19.487 [AsyncHttpClient-1-10] DEBUG org.asynchttpclient.netty.channel.ChannelManager - Adding key: http://localhost:63329 for channel [id: 0x9b467469, L:/127.0.0.1:60639 - R:localhost/127.0.0.1:63329]
16:04:19.491 [main] DEBUG net.serenitybdd.core.photography.Darkroom - Send negative for processing for target\site\serenity\d2538553f88cb6106f1cba46bf86dbb32522ad413a80398af4c8368c3a884189.png
16:04:19.491 [Darkroom Processing Line] DEBUG net.serenitybdd.core.photography.DarkroomProcessingLine - Processing screenshot image in /var/screenshots/screenshot-11606245310693431390
16:04:19.499 [Darkroom Processing Line] DEBUG net.serenitybdd.core.photography.DarkroomProcessingLine - Saving screenshot to target\site\serenity\d2538553f88cb6106f1cba46bf86dbb32522ad413a80398af4c8368c3a884189.png
16:04:19.507 [Forwarding findElement on session 5873537a26aedd68a8708930449e223d to remote] DEBUG org.asynchttpclient.netty.request.NettyRequestSender - Using pooled Channel '[id: 0x9b467469, L:/127.0.0.1:60639 - R:localhost/127.0.0.1:63329]' for 'POST' to 'http://localhost:63329/session/5873537a26aedd68a8708930449e223d/element'
16:04:19.507 [Forwarding findElement on session 5873537a26aedd68a8708930449e223d to remote] DEBUG org.asynchttpclient.netty.request.NettyRequestSender - Using open Channel [id: 0x9b467469, L:/127.0.0.1:60639 - R:localhost/127.0.0.1:63329] for POST '/session/5873537a26aedd68a8708930449e223d/element'
16:04:19.521 [AsyncHttpClient-1-10] DEBUG org.asynchttpclient.netty.handler.HttpHandler - 

Request DefaultHttpRequest(decodeResult: success, version: HTTP/1.1)
POST /session/5873537a26aedd68a8708930449e223d/element HTTP/1.1
User-Agent: selenium/4.1.2 (java windows)
Content-Length: 68
Content-Type: application/json; charset=utf-8
host: localhost:63329
accept: */*

Response DefaultHttpResponse(decodeResult: success, version: HTTP/1.1)
HTTP/1.1 200 OK
Content-Type: application/json; charset=utf-8
cache-control: no-cache
content-length: 88

16:04:19.521 [AsyncHttpClient-1-10] DEBUG org.asynchttpclient.netty.channel.ChannelManager - Adding key: http://localhost:63329 for channel [id: 0x9b467469, L:/127.0.0.1:60639 - R:localhost/127.0.0.1:63329]
16:04:19.521 [Forwarding getElementTagName on session 5873537a26aedd68a8708930449e223d to remote] DEBUG org.asynchttpclient.netty.request.NettyRequestSender - Using pooled Channel '[id: 0x9b467469, L:/127.0.0.1:60639 - R:localhost/127.0.0.1:63329]' for 'GET' to 'http://localhost:63329/session/5873537a26aedd68a8708930449e223d/element/f4801653-ae5b-4caf-b3b4-90afd9f73ab6/name'
16:04:19.521 [Forwarding getElementTagName on session 5873537a26aedd68a8708930449e223d to remote] DEBUG org.asynchttpclient.netty.request.NettyRequestSender - Using open Channel [id: 0x9b467469, L:/127.0.0.1:60639 - R:localhost/127.0.0.1:63329] for GET '/session/5873537a26aedd68a8708930449e223d/element/f4801653-ae5b-4caf-b3b4-90afd9f73ab6/name'
16:04:19.521 [AsyncHttpClient-1-10] DEBUG org.asynchttpclient.netty.handler.HttpHandler - 

Request DefaultFullHttpRequest(decodeResult: success, version: HTTP/1.1, content: EmptyByteBufBE)
GET /session/5873537a26aedd68a8708930449e223d/element/f4801653-ae5b-4caf-b3b4-90afd9f73ab6/name HTTP/1.1
User-Agent: selenium/4.1.2 (java windows)
Cache-Control: no-cache
Content-Type: application/json; charset=utf-8
host: localhost:63329
accept: */*

Response DefaultHttpResponse(decodeResult: success, version: HTTP/1.1)
HTTP/1.1 200 OK
Content-Type: application/json; charset=utf-8
cache-control: no-cache
content-length: 13

16:04:19.521 [AsyncHttpClient-1-10] DEBUG org.asynchttpclient.netty.channel.ChannelManager - Adding key: http://localhost:63329 for channel [id: 0x9b467469, L:/127.0.0.1:60639 - R:localhost/127.0.0.1:63329]
16:04:19.529 [Forwarding getElementTagName on session 5873537a26aedd68a8708930449e223d to remote] DEBUG org.asynchttpclient.netty.request.NettyRequestSender - Using pooled Channel '[id: 0x9b467469, L:/127.0.0.1:60639 - R:localhost/127.0.0.1:63329]' for 'GET' to 'http://localhost:63329/session/5873537a26aedd68a8708930449e223d/element/f4801653-ae5b-4caf-b3b4-90afd9f73ab6/name'
16:04:19.529 [Forwarding getElementTagName on session 5873537a26aedd68a8708930449e223d to remote] DEBUG org.asynchttpclient.netty.request.NettyRequestSender - Using open Channel [id: 0x9b467469, L:/127.0.0.1:60639 - R:localhost/127.0.0.1:63329] for GET '/session/5873537a26aedd68a8708930449e223d/element/f4801653-ae5b-4caf-b3b4-90afd9f73ab6/name'
16:04:19.529 [AsyncHttpClient-1-10] DEBUG org.asynchttpclient.netty.handler.HttpHandler - 

Request DefaultFullHttpRequest(decodeResult: success, version: HTTP/1.1, content: EmptyByteBufBE)
GET /session/5873537a26aedd68a8708930449e223d/element/f4801653-ae5b-4caf-b3b4-90afd9f73ab6/name HTTP/1.1
User-Agent: selenium/4.1.2 (java windows)
Cache-Control: no-cache
Content-Type: application/json; charset=utf-8
host: localhost:63329
accept: */*

Response DefaultHttpResponse(decodeResult: success, version: HTTP/1.1)
HTTP/1.1 200 OK
Content-Type: application/json; charset=utf-8
cache-control: no-cache
content-length: 13

16:04:19.529 [AsyncHttpClient-1-10] DEBUG org.asynchttpclient.netty.channel.ChannelManager - Adding key: http://localhost:63329 for channel [id: 0x9b467469, L:/127.0.0.1:60639 - R:localhost/127.0.0.1:63329]
16:04:19.537 [Forwarding findElement on session 5873537a26aedd68a8708930449e223d to remote] DEBUG org.asynchttpclient.netty.request.NettyRequestSender - Using pooled Channel '[id: 0x9b467469, L:/127.0.0.1:60639 - R:localhost/127.0.0.1:63329]' for 'POST' to 'http://localhost:63329/session/5873537a26aedd68a8708930449e223d/element'
16:04:19.537 [Forwarding findElement on session 5873537a26aedd68a8708930449e223d to remote] DEBUG org.asynchttpclient.netty.request.NettyRequestSender - Using open Channel [id: 0x9b467469, L:/127.0.0.1:60639 - R:localhost/127.0.0.1:63329] for POST '/session/5873537a26aedd68a8708930449e223d/element'
16:04:19.539 [AsyncHttpClient-1-10] DEBUG org.asynchttpclient.netty.handler.HttpHandler - 

Request DefaultHttpRequest(decodeResult: success, version: HTTP/1.1)
POST /session/5873537a26aedd68a8708930449e223d/element HTTP/1.1
User-Agent: selenium/4.1.2 (java windows)
Content-Length: 68
Content-Type: application/json; charset=utf-8
host: localhost:63329
accept: */*

Response DefaultHttpResponse(decodeResult: success, version: HTTP/1.1)
HTTP/1.1 200 OK
Content-Type: application/json; charset=utf-8
cache-control: no-cache
content-length: 88

16:04:19.539 [AsyncHttpClient-1-10] DEBUG org.asynchttpclient.netty.channel.ChannelManager - Adding key: http://localhost:63329 for channel [id: 0x9b467469, L:/127.0.0.1:60639 - R:localhost/127.0.0.1:63329]
16:04:19.539 [Forwarding clickElement on session 5873537a26aedd68a8708930449e223d to remote] DEBUG org.asynchttpclient.netty.request.NettyRequestSender - Using pooled Channel '[id: 0x9b467469, L:/127.0.0.1:60639 - R:localhost/127.0.0.1:63329]' for 'POST' to 'http://localhost:63329/session/5873537a26aedd68a8708930449e223d/element/f4801653-ae5b-4caf-b3b4-90afd9f73ab6/click'
16:04:19.539 [Forwarding clickElement on session 5873537a26aedd68a8708930449e223d to remote] DEBUG org.asynchttpclient.netty.request.NettyRequestSender - Using open Channel [id: 0x9b467469, L:/127.0.0.1:60639 - R:localhost/127.0.0.1:63329] for POST '/session/5873537a26aedd68a8708930449e223d/element/f4801653-ae5b-4caf-b3b4-90afd9f73ab6/click'
16:04:19.599 [AsyncHttpClient-1-10] DEBUG org.asynchttpclient.netty.handler.HttpHandler - 

Request DefaultHttpRequest(decodeResult: success, version: HTTP/1.1)
POST /session/5873537a26aedd68a8708930449e223d/element/f4801653-ae5b-4caf-b3b4-90afd9f73ab6/click HTTP/1.1
User-Agent: selenium/4.1.2 (java windows)
Content-Length: 50
Content-Type: application/json; charset=utf-8
host: localhost:63329
accept: */*

Response DefaultHttpResponse(decodeResult: success, version: HTTP/1.1)
HTTP/1.1 200 OK
Content-Type: application/json; charset=utf-8
cache-control: no-cache
content-length: 14

16:04:19.599 [AsyncHttpClient-1-10] DEBUG org.asynchttpclient.netty.channel.ChannelManager - Adding key: http://localhost:63329 for channel [id: 0x9b467469, L:/127.0.0.1:60639 - R:localhost/127.0.0.1:63329]
16:04:19.607 [Forwarding findElement on session 5873537a26aedd68a8708930449e223d to remote] DEBUG org.asynchttpclient.netty.request.NettyRequestSender - Using pooled Channel '[id: 0x9b467469, L:/127.0.0.1:60639 - R:localhost/127.0.0.1:63329]' for 'POST' to 'http://localhost:63329/session/5873537a26aedd68a8708930449e223d/element'
16:04:19.607 [Forwarding findElement on session 5873537a26aedd68a8708930449e223d to remote] DEBUG org.asynchttpclient.netty.request.NettyRequestSender - Using open Channel [id: 0x9b467469, L:/127.0.0.1:60639 - R:localhost/127.0.0.1:63329] for POST '/session/5873537a26aedd68a8708930449e223d/element'
16:04:19.619 [AsyncHttpClient-1-10] DEBUG org.asynchttpclient.netty.handler.HttpHandler - 

Request DefaultHttpRequest(decodeResult: success, version: HTTP/1.1)
POST /session/5873537a26aedd68a8708930449e223d/element HTTP/1.1
User-Agent: selenium/4.1.2 (java windows)
Content-Length: 69
Content-Type: application/json; charset=utf-8
host: localhost:63329
accept: */*

Response DefaultHttpResponse(decodeResult: success, version: HTTP/1.1)
HTTP/1.1 200 OK
Content-Type: application/json; charset=utf-8
cache-control: no-cache
content-length: 88

16:04:19.619 [AsyncHttpClient-1-10] DEBUG org.asynchttpclient.netty.channel.ChannelManager - Adding key: http://localhost:63329 for channel [id: 0x9b467469, L:/127.0.0.1:60639 - R:localhost/127.0.0.1:63329]
16:04:19.627 [Forwarding isElementDisplayed on session 5873537a26aedd68a8708930449e223d to remote] DEBUG org.asynchttpclient.netty.request.NettyRequestSender - Using pooled Channel '[id: 0x9b467469, L:/127.0.0.1:60639 - R:localhost/127.0.0.1:63329]' for 'POST' to 'http://localhost:63329/session/5873537a26aedd68a8708930449e223d/execute/sync'
16:04:19.627 [Forwarding isElementDisplayed on session 5873537a26aedd68a8708930449e223d to remote] DEBUG org.asynchttpclient.netty.request.NettyRequestSender - Using open Channel [id: 0x9b467469, L:/127.0.0.1:60639 - R:localhost/127.0.0.1:63329] for POST '/session/5873537a26aedd68a8708930449e223d/execute/sync'
16:04:19.659 [AsyncHttpClient-1-10] DEBUG org.asynchttpclient.netty.handler.HttpHandler - 

Request DefaultHttpRequest(decodeResult: success, version: HTTP/1.1)
POST /session/5873537a26aedd68a8708930449e223d/execute/sync HTTP/1.1
User-Agent: selenium/4.1.2 (java windows)
Content-Length: 48780
Content-Type: application/json; charset=utf-8
host: localhost:63329
accept: */*

Response DefaultHttpResponse(decodeResult: success, version: HTTP/1.1)
HTTP/1.1 200 OK
Content-Type: application/json; charset=utf-8
cache-control: no-cache
content-length: 14

16:04:19.659 [AsyncHttpClient-1-10] DEBUG org.asynchttpclient.netty.channel.ChannelManager - Adding key: http://localhost:63329 for channel [id: 0x9b467469, L:/127.0.0.1:60639 - R:localhost/127.0.0.1:63329]
  &amp#27;[32mAnd &amp#27;[0m&amp#27;[32mi click sign up&amp#27;[0m                                                                   &amp#27;[90m# starter.stepdefinitions.registerSteps.iClickSignUp()&amp#27;[0m
16:04:19.659 [Forwarding screenshot on session 5873537a26aedd68a8708930449e223d to remote] DEBUG org.asynchttpclient.netty.request.NettyRequestSender - Using pooled Channel '[id: 0x9b467469, L:/127.0.0.1:60639 - R:localhost/127.0.0.1:63329]' for 'GET' to 'http://localhost:63329/session/5873537a26aedd68a8708930449e223d/screenshot'
16:04:19.659 [Forwarding screenshot on session 5873537a26aedd68a8708930449e223d to remote] DEBUG org.asynchttpclient.netty.request.NettyRequestSender - Using open Channel [id: 0x9b467469, L:/127.0.0.1:60639 - R:localhost/127.0.0.1:63329] for GET '/session/5873537a26aedd68a8708930449e223d/screenshot'
16:04:19.921 [AsyncHttpClient-1-10] DEBUG org.asynchttpclient.netty.handler.HttpHandler - 

Request DefaultFullHttpRequest(decodeResult: success, version: HTTP/1.1, content: EmptyByteBufBE)
GET /session/5873537a26aedd68a8708930449e223d/screenshot HTTP/1.1
User-Agent: selenium/4.1.2 (java windows)
Cache-Control: no-cache
Content-Type: application/json; charset=utf-8
host: localhost:63329
accept: */*

Response DefaultHttpResponse(decodeResult: success, version: HTTP/1.1)
HTTP/1.1 200 OK
Content-Type: application/json; charset=utf-8
cache-control: no-cache
content-length: 104680

16:04:19.921 [AsyncHttpClient-1-10] DEBUG org.asynchttpclient.netty.channel.ChannelManager - Adding key: http://localhost:63329 for channel [id: 0x9b467469, L:/127.0.0.1:60639 - R:localhost/127.0.0.1:63329]
16:04:19.921 [main] DEBUG net.serenitybdd.core.photography.Darkroom - Send negative for processing for target\site\serenity\5120b25c270193f666d052e1c413c3b45f46827c6c22b503dce617f9a0e0acb0.png
16:04:19.921 [Darkroom Processing Line] DEBUG net.serenitybdd.core.photography.DarkroomProcessingLine - Processing screenshot image in /var/screenshots/screenshot-4821749525622736528
16:04:19.921 [Darkroom Processing Line] DEBUG net.serenitybdd.core.photography.DarkroomProcessingLine - Saving screenshot to target\site\serenity\5120b25c270193f666d052e1c413c3b45f46827c6c22b503dce617f9a0e0acb0.png
16:04:19.930 [AsyncHttpClient-1-1] DEBUG org.asynchttpclient.netty.channel.DefaultChannelPool - Entry count for : http://localhost:60640 : 1
16:04:19.930 [AsyncHttpClient-1-1] DEBUG org.asynchttpclient.netty.channel.DefaultChannelPool - Entry count for : http://localhost:63329 : 1
16:04:19.930 [Forwarding findElement on session 5873537a26aedd68a8708930449e223d to remote] DEBUG org.asynchttpclient.netty.request.NettyRequestSender - Using pooled Channel '[id: 0x9b467469, L:/127.0.0.1:60639 - R:localhost/127.0.0.1:63329]' for 'POST' to 'http://localhost:63329/session/5873537a26aedd68a8708930449e223d/element'
16:04:19.930 [Forwarding findElement on session 5873537a26aedd68a8708930449e223d to remote] DEBUG org.asynchttpclient.netty.request.NettyRequestSender - Using open Channel [id: 0x9b467469, L:/127.0.0.1:60639 - R:localhost/127.0.0.1:63329] for POST '/session/5873537a26aedd68a8708930449e223d/element'
16:04:19.948 [AsyncHttpClient-1-10] DEBUG org.asynchttpclient.netty.handler.HttpHandler - 

Request DefaultHttpRequest(decodeResult: success, version: HTTP/1.1)
POST /session/5873537a26aedd68a8708930449e223d/element HTTP/1.1
User-Agent: selenium/4.1.2 (java windows)
Content-Length: 66
Content-Type: application/json; charset=utf-8
host: localhost:63329
accept: */*

Response DefaultHttpResponse(decodeResult: success, version: HTTP/1.1)
HTTP/1.1 200 OK
Content-Type: application/json; charset=utf-8
cache-control: no-cache
content-length: 88

16:04:19.948 [AsyncHttpClient-1-10] DEBUG org.asynchttpclient.netty.channel.ChannelManager - Adding key: http://localhost:63329 for channel [id: 0x9b467469, L:/127.0.0.1:60639 - R:localhost/127.0.0.1:63329]
16:04:19.949 [Forwarding clearElement on session 5873537a26aedd68a8708930449e223d to remote] DEBUG org.asynchttpclient.netty.request.NettyRequestSender - Using pooled Channel '[id: 0x9b467469, L:/127.0.0.1:60639 - R:localhost/127.0.0.1:63329]' for 'POST' to 'http://localhost:63329/session/5873537a26aedd68a8708930449e223d/element/1a29c2d4-cdb7-4b5b-9cf0-8fa66a6c5491/clear'
16:04:19.949 [Forwarding clearElement on session 5873537a26aedd68a8708930449e223d to remote] DEBUG org.asynchttpclient.netty.request.NettyRequestSender - Using open Channel [id: 0x9b467469, L:/127.0.0.1:60639 - R:localhost/127.0.0.1:63329] for POST '/session/5873537a26aedd68a8708930449e223d/element/1a29c2d4-cdb7-4b5b-9cf0-8fa66a6c5491/clear'
16:04:19.991 [AsyncHttpClient-1-10] DEBUG org.asynchttpclient.netty.handler.HttpHandler - 

Request DefaultHttpRequest(decodeResult: success, version: HTTP/1.1)
POST /session/5873537a26aedd68a8708930449e223d/element/1a29c2d4-cdb7-4b5b-9cf0-8fa66a6c5491/clear HTTP/1.1
User-Agent: selenium/4.1.2 (java windows)
Content-Length: 50
Content-Type: application/json; charset=utf-8
host: localhost:63329
accept: */*

Response DefaultHttpResponse(decodeResult: success, version: HTTP/1.1)
HTTP/1.1 200 OK
Content-Type: application/json; charset=utf-8
cache-control: no-cache
content-length: 14

16:04:19.991 [AsyncHttpClient-1-10] DEBUG org.asynchttpclient.netty.channel.ChannelManager - Adding key: http://localhost:63329 for channel [id: 0x9b467469, L:/127.0.0.1:60639 - R:localhost/127.0.0.1:63329]
16:04:19.991 [Forwarding sendKeysToElement on session 5873537a26aedd68a8708930449e223d to remote] DEBUG org.asynchttpclient.netty.request.NettyRequestSender - Using pooled Channel '[id: 0x9b467469, L:/127.0.0.1:60639 - R:localhost/127.0.0.1:63329]' for 'POST' to 'http://localhost:63329/session/5873537a26aedd68a8708930449e223d/element/1a29c2d4-cdb7-4b5b-9cf0-8fa66a6c5491/value'
16:04:19.991 [Forwarding sendKeysToElement on session 5873537a26aedd68a8708930449e223d to remote] DEBUG org.asynchttpclient.netty.request.NettyRequestSender - Using open Channel [id: 0x9b467469, L:/127.0.0.1:60639 - R:localhost/127.0.0.1:63329] for POST '/session/5873537a26aedd68a8708930449e223d/element/1a29c2d4-cdb7-4b5b-9cf0-8fa66a6c5491/value'
16:04:20.081 [AsyncHttpClient-1-10] DEBUG org.asynchttpclient.netty.handler.HttpHandler - 

Request DefaultHttpRequest(decodeResult: success, version: HTTP/1.1)
POST /session/5873537a26aedd68a8708930449e223d/element/1a29c2d4-cdb7-4b5b-9cf0-8fa66a6c5491/value HTTP/1.1
User-Agent: selenium/4.1.2 (java windows)
Content-Length: 171
Content-Type: application/json; charset=utf-8
host: localhost:63329
accept: */*

Response DefaultHttpResponse(decodeResult: success, version: HTTP/1.1)
HTTP/1.1 200 OK
Content-Type: application/json; charset=utf-8
cache-control: no-cache
content-length: 14

16:04:20.081 [AsyncHttpClient-1-10] DEBUG org.asynchttpclient.netty.channel.ChannelManager - Adding key: http://localhost:63329 for channel [id: 0x9b467469, L:/127.0.0.1:60639 - R:localhost/127.0.0.1:63329]
16:04:20.089 [Forwarding findElement on session 5873537a26aedd68a8708930449e223d to remote] DEBUG org.asynchttpclient.netty.request.NettyRequestSender - Using pooled Channel '[id: 0x9b467469, L:/127.0.0.1:60639 - R:localhost/127.0.0.1:63329]' for 'POST' to 'http://localhost:63329/session/5873537a26aedd68a8708930449e223d/element'
16:04:20.089 [Forwarding findElement on session 5873537a26aedd68a8708930449e223d to remote] DEBUG org.asynchttpclient.netty.request.NettyRequestSender - Using open Channel [id: 0x9b467469, L:/127.0.0.1:60639 - R:localhost/127.0.0.1:63329] for POST '/session/5873537a26aedd68a8708930449e223d/element'
16:04:20.132 [AsyncHttpClient-1-10] DEBUG org.asynchttpclient.netty.handler.HttpHandler - 

Request DefaultHttpRequest(decodeResult: success, version: HTTP/1.1)
POST /session/5873537a26aedd68a8708930449e223d/element HTTP/1.1
User-Agent: selenium/4.1.2 (java windows)
Content-Length: 63
Content-Type: application/json; charset=utf-8
host: localhost:63329
accept: */*

Response DefaultHttpResponse(decodeResult: success, version: HTTP/1.1)
HTTP/1.1 200 OK
Content-Type: application/json; charset=utf-8
cache-control: no-cache
content-length: 88

16:04:20.132 [AsyncHttpClient-1-10] DEBUG org.asynchttpclient.netty.channel.ChannelManager - Adding key: http://localhost:63329 for channel [id: 0x9b467469, L:/127.0.0.1:60639 - R:localhost/127.0.0.1:63329]
16:04:20.140 [Forwarding clearElement on session 5873537a26aedd68a8708930449e223d to remote] DEBUG org.asynchttpclient.netty.request.NettyRequestSender - Using pooled Channel '[id: 0x9b467469, L:/127.0.0.1:60639 - R:localhost/127.0.0.1:63329]' for 'POST' to 'http://localhost:63329/session/5873537a26aedd68a8708930449e223d/element/798987f1-31aa-4fbc-99e1-a225ed98e3c4/clear'
16:04:20.140 [Forwarding clearElement on session 5873537a26aedd68a8708930449e223d to remote] DEBUG org.asynchttpclient.netty.request.NettyRequestSender - Using open Channel [id: 0x9b467469, L:/127.0.0.1:60639 - R:localhost/127.0.0.1:63329] for POST '/session/5873537a26aedd68a8708930449e223d/element/798987f1-31aa-4fbc-99e1-a225ed98e3c4/clear'
16:04:20.169 [AsyncHttpClient-1-10] DEBUG org.asynchttpclient.netty.handler.HttpHandler - 

Request DefaultHttpRequest(decodeResult: success, version: HTTP/1.1)
POST /session/5873537a26aedd68a8708930449e223d/element/798987f1-31aa-4fbc-99e1-a225ed98e3c4/clear HTTP/1.1
User-Agent: selenium/4.1.2 (java windows)
Content-Length: 50
Content-Type: application/json; charset=utf-8
host: localhost:63329
accept: */*

Response DefaultHttpResponse(decodeResult: success, version: HTTP/1.1)
HTTP/1.1 200 OK
Content-Type: application/json; charset=utf-8
cache-control: no-cache
content-length: 14

16:04:20.169 [AsyncHttpClient-1-10] DEBUG org.asynchttpclient.netty.channel.ChannelManager - Adding key: http://localhost:63329 for channel [id: 0x9b467469, L:/127.0.0.1:60639 - R:localhost/127.0.0.1:63329]
16:04:20.177 [Forwarding sendKeysToElement on session 5873537a26aedd68a8708930449e223d to remote] DEBUG org.asynchttpclient.netty.request.NettyRequestSender - Using pooled Channel '[id: 0x9b467469, L:/127.0.0.1:60639 - R:localhost/127.0.0.1:63329]' for 'POST' to 'http://localhost:63329/session/5873537a26aedd68a8708930449e223d/element/798987f1-31aa-4fbc-99e1-a225ed98e3c4/value'
16:04:20.177 [Forwarding sendKeysToElement on session 5873537a26aedd68a8708930449e223d to remote] DEBUG org.asynchttpclient.netty.request.NettyRequestSender - Using open Channel [id: 0x9b467469, L:/127.0.0.1:60639 - R:localhost/127.0.0.1:63329] for POST '/session/5873537a26aedd68a8708930449e223d/element/798987f1-31aa-4fbc-99e1-a225ed98e3c4/value'
16:04:20.349 [AsyncHttpClient-1-10] DEBUG org.asynchttpclient.netty.handler.HttpHandler - 

Request DefaultHttpRequest(decodeResult: success, version: HTTP/1.1)
POST /session/5873537a26aedd68a8708930449e223d/element/798987f1-31aa-4fbc-99e1-a225ed98e3c4/value HTTP/1.1
User-Agent: selenium/4.1.2 (java windows)
Content-Length: 331
Content-Type: application/json; charset=utf-8
host: localhost:63329
accept: */*

Response DefaultHttpResponse(decodeResult: success, version: HTTP/1.1)
HTTP/1.1 200 OK
Content-Type: application/json; charset=utf-8
cache-control: no-cache
content-length: 14

16:04:20.349 [AsyncHttpClient-1-10] DEBUG org.asynchttpclient.netty.channel.ChannelManager - Adding key: http://localhost:63329 for channel [id: 0x9b467469, L:/127.0.0.1:60639 - R:localhost/127.0.0.1:63329]
16:04:20.360 [Forwarding findElement on session 5873537a26aedd68a8708930449e223d to remote] DEBUG org.asynchttpclient.netty.request.NettyRequestSender - Using pooled Channel '[id: 0x9b467469, L:/127.0.0.1:60639 - R:localhost/127.0.0.1:63329]' for 'POST' to 'http://localhost:63329/session/5873537a26aedd68a8708930449e223d/element'
16:04:20.360 [Forwarding findElement on session 5873537a26aedd68a8708930449e223d to remote] DEBUG org.asynchttpclient.netty.request.NettyRequestSender - Using open Channel [id: 0x9b467469, L:/127.0.0.1:60639 - R:localhost/127.0.0.1:63329] for POST '/session/5873537a26aedd68a8708930449e223d/element'
16:04:20.369 [AsyncHttpClient-1-10] DEBUG org.asynchttpclient.netty.handler.HttpHandler - 

Request DefaultHttpRequest(decodeResult: success, version: HTTP/1.1)
POST /session/5873537a26aedd68a8708930449e223d/element HTTP/1.1
User-Agent: selenium/4.1.2 (java windows)
Content-Length: 68
Content-Type: application/json; charset=utf-8
host: localhost:63329
accept: */*

Response DefaultHttpResponse(decodeResult: success, version: HTTP/1.1)
HTTP/1.1 200 OK
Content-Type: application/json; charset=utf-8
cache-control: no-cache
content-length: 88

16:04:20.369 [AsyncHttpClient-1-10] DEBUG org.asynchttpclient.netty.channel.ChannelManager - Adding key: http://localhost:63329 for channel [id: 0x9b467469, L:/127.0.0.1:60639 - R:localhost/127.0.0.1:63329]
16:04:20.377 [Forwarding clearElement on session 5873537a26aedd68a8708930449e223d to remote] DEBUG org.asynchttpclient.netty.request.NettyRequestSender - Using pooled Channel '[id: 0x9b467469, L:/127.0.0.1:60639 - R:localhost/127.0.0.1:63329]' for 'POST' to 'http://localhost:63329/session/5873537a26aedd68a8708930449e223d/element/723e880b-2fcd-4ecd-9f8e-930896e42be5/clear'
16:04:20.377 [Forwarding clearElement on session 5873537a26aedd68a8708930449e223d to remote] DEBUG org.asynchttpclient.netty.request.NettyRequestSender - Using open Channel [id: 0x9b467469, L:/127.0.0.1:60639 - R:localhost/127.0.0.1:63329] for POST '/session/5873537a26aedd68a8708930449e223d/element/723e880b-2fcd-4ecd-9f8e-930896e42be5/clear'
16:04:20.420 [AsyncHttpClient-1-10] DEBUG org.asynchttpclient.netty.handler.HttpHandler - 

Request DefaultHttpRequest(decodeResult: success, version: HTTP/1.1)
POST /session/5873537a26aedd68a8708930449e223d/element/723e880b-2fcd-4ecd-9f8e-930896e42be5/clear HTTP/1.1
User-Agent: selenium/4.1.2 (java windows)
Content-Length: 50
Content-Type: application/json; charset=utf-8
host: localhost:63329
accept: */*

Response DefaultHttpResponse(decodeResult: success, version: HTTP/1.1)
HTTP/1.1 200 OK
Content-Type: application/json; charset=utf-8
cache-control: no-cache
content-length: 14

16:04:20.420 [AsyncHttpClient-1-10] DEBUG org.asynchttpclient.netty.channel.ChannelManager - Adding key: http://localhost:63329 for channel [id: 0x9b467469, L:/127.0.0.1:60639 - R:localhost/127.0.0.1:63329]
16:04:20.420 [Forwarding sendKeysToElement on session 5873537a26aedd68a8708930449e223d to remote] DEBUG org.asynchttpclient.netty.request.NettyRequestSender - Using pooled Channel '[id: 0x9b467469, L:/127.0.0.1:60639 - R:localhost/127.0.0.1:63329]' for 'POST' to 'http://localhost:63329/session/5873537a26aedd68a8708930449e223d/element/723e880b-2fcd-4ecd-9f8e-930896e42be5/value'
16:04:20.420 [Forwarding sendKeysToElement on session 5873537a26aedd68a8708930449e223d to remote] DEBUG org.asynchttpclient.netty.request.NettyRequestSender - Using open Channel [id: 0x9b467469, L:/127.0.0.1:60639 - R:localhost/127.0.0.1:63329] for POST '/session/5873537a26aedd68a8708930449e223d/element/723e880b-2fcd-4ecd-9f8e-930896e42be5/value'
16:04:20.498 [AsyncHttpClient-1-10] DEBUG org.asynchttpclient.netty.handler.HttpHandler - 

Request DefaultHttpRequest(decodeResult: success, version: HTTP/1.1)
POST /session/5873537a26aedd68a8708930449e223d/element/723e880b-2fcd-4ecd-9f8e-930896e42be5/value HTTP/1.1
User-Agent: selenium/4.1.2 (java windows)
Content-Length: 211
Content-Type: application/json; charset=utf-8
host: localhost:63329
accept: */*

Response DefaultHttpResponse(decodeResult: success, version: HTTP/1.1)
HTTP/1.1 200 OK
Content-Type: application/json; charset=utf-8
cache-control: no-cache
content-length: 14

16:04:20.498 [AsyncHttpClient-1-10] DEBUG org.asynchttpclient.netty.channel.ChannelManager - Adding key: http://localhost:63329 for channel [id: 0x9b467469, L:/127.0.0.1:60639 - R:localhost/127.0.0.1:63329]
16:04:20.500 [Forwarding findElement on session 5873537a26aedd68a8708930449e223d to remote] DEBUG org.asynchttpclient.netty.request.NettyRequestSender - Using pooled Channel '[id: 0x9b467469, L:/127.0.0.1:60639 - R:localhost/127.0.0.1:63329]' for 'POST' to 'http://localhost:63329/session/5873537a26aedd68a8708930449e223d/element'
16:04:20.500 [Forwarding findElement on session 5873537a26aedd68a8708930449e223d to remote] DEBUG org.asynchttpclient.netty.request.NettyRequestSender - Using open Channel [id: 0x9b467469, L:/127.0.0.1:60639 - R:localhost/127.0.0.1:63329] for POST '/session/5873537a26aedd68a8708930449e223d/element'
16:04:20.509 [AsyncHttpClient-1-10] DEBUG org.asynchttpclient.netty.handler.HttpHandler - 

Request DefaultHttpRequest(decodeResult: success, version: HTTP/1.1)
POST /session/5873537a26aedd68a8708930449e223d/element HTTP/1.1
User-Agent: selenium/4.1.2 (java windows)
Content-Length: 77
Content-Type: application/json; charset=utf-8
host: localhost:63329
accept: */*

Response DefaultHttpResponse(decodeResult: success, version: HTTP/1.1)
HTTP/1.1 200 OK
Content-Type: application/json; charset=utf-8
cache-control: no-cache
content-length: 88

16:04:20.509 [AsyncHttpClient-1-10] DEBUG org.asynchttpclient.netty.channel.ChannelManager - Adding key: http://localhost:63329 for channel [id: 0x9b467469, L:/127.0.0.1:60639 - R:localhost/127.0.0.1:63329]
16:04:20.509 [Forwarding clearElement on session 5873537a26aedd68a8708930449e223d to remote] DEBUG org.asynchttpclient.netty.request.NettyRequestSender - Using pooled Channel '[id: 0x9b467469, L:/127.0.0.1:60639 - R:localhost/127.0.0.1:63329]' for 'POST' to 'http://localhost:63329/session/5873537a26aedd68a8708930449e223d/element/57e5c3a0-3b7a-4766-9b76-aa0dd6d38f3a/clear'
16:04:20.509 [Forwarding clearElement on session 5873537a26aedd68a8708930449e223d to remote] DEBUG org.asynchttpclient.netty.request.NettyRequestSender - Using open Channel [id: 0x9b467469, L:/127.0.0.1:60639 - R:localhost/127.0.0.1:63329] for POST '/session/5873537a26aedd68a8708930449e223d/element/57e5c3a0-3b7a-4766-9b76-aa0dd6d38f3a/clear'
16:04:20.557 [AsyncHttpClient-1-10] DEBUG org.asynchttpclient.netty.handler.HttpHandler - 

Request DefaultHttpRequest(decodeResult: success, version: HTTP/1.1)
POST /session/5873537a26aedd68a8708930449e223d/element/57e5c3a0-3b7a-4766-9b76-aa0dd6d38f3a/clear HTTP/1.1
User-Agent: selenium/4.1.2 (java windows)
Content-Length: 50
Content-Type: application/json; charset=utf-8
host: localhost:63329
accept: */*

Response DefaultHttpResponse(decodeResult: success, version: HTTP/1.1)
HTTP/1.1 200 OK
Content-Type: application/json; charset=utf-8
cache-control: no-cache
content-length: 14

16:04:20.559 [AsyncHttpClient-1-10] DEBUG org.asynchttpclient.netty.channel.ChannelManager - Adding key: http://localhost:63329 for channel [id: 0x9b467469, L:/127.0.0.1:60639 - R:localhost/127.0.0.1:63329]
16:04:20.559 [Forwarding sendKeysToElement on session 5873537a26aedd68a8708930449e223d to remote] DEBUG org.asynchttpclient.netty.request.NettyRequestSender - Using pooled Channel '[id: 0x9b467469, L:/127.0.0.1:60639 - R:localhost/127.0.0.1:63329]' for 'POST' to 'http://localhost:63329/session/5873537a26aedd68a8708930449e223d/element/57e5c3a0-3b7a-4766-9b76-aa0dd6d38f3a/value'
16:04:20.559 [Forwarding sendKeysToElement on session 5873537a26aedd68a8708930449e223d to remote] DEBUG org.asynchttpclient.netty.request.NettyRequestSender - Using open Channel [id: 0x9b467469, L:/127.0.0.1:60639 - R:localhost/127.0.0.1:63329] for POST '/session/5873537a26aedd68a8708930449e223d/element/57e5c3a0-3b7a-4766-9b76-aa0dd6d38f3a/value'
16:04:20.640 [AsyncHttpClient-1-10] DEBUG org.asynchttpclient.netty.handler.HttpHandler - 

Request DefaultHttpRequest(decodeResult: success, version: HTTP/1.1)
POST /session/5873537a26aedd68a8708930449e223d/element/57e5c3a0-3b7a-4766-9b76-aa0dd6d38f3a/value HTTP/1.1
User-Agent: selenium/4.1.2 (java windows)
Content-Length: 211
Content-Type: application/json; charset=utf-8
host: localhost:63329
accept: */*

Response DefaultHttpResponse(decodeResult: success, version: HTTP/1.1)
HTTP/1.1 200 OK
Content-Type: application/json; charset=utf-8
cache-control: no-cache
content-length: 14

16:04:20.640 [AsyncHttpClient-1-10] DEBUG org.asynchttpclient.netty.channel.ChannelManager - Adding key: http://localhost:63329 for channel [id: 0x9b467469, L:/127.0.0.1:60639 - R:localhost/127.0.0.1:63329]
  &amp#27;[32mAnd &amp#27;[0m&amp#27;[32mi input &amp#27;[0m&amp#27;[32m&amp#27;[1m"sonyaprds"&amp#27;[0m&amp#27;[32m and &amp#27;[0m&amp#27;[32m&amp#27;[1m"sonya@gmail.com"&amp#27;[0m&amp#27;[32m and &amp#27;[0m&amp#27;[32m&amp#27;[1m"SonyaPrds1511"&amp#27;[0m&amp#27;[32m and &amp#27;[0m&amp#27;[32m&amp#27;[1m"SonyaPrds1511"&amp#27;[0m &amp#27;[90m# starter.stepdefinitions.registerSteps.iInputAndAndAnd(java.lang.String,java.lang.String,java.lang.String,java.lang.String)&amp#27;[0m
16:04:20.648 [Forwarding screenshot on session 5873537a26aedd68a8708930449e223d to remote] DEBUG org.asynchttpclient.netty.request.NettyRequestSender - Using pooled Channel '[id: 0x9b467469, L:/127.0.0.1:60639 - R:localhost/127.0.0.1:63329]' for 'GET' to 'http://localhost:63329/session/5873537a26aedd68a8708930449e223d/screenshot'
16:04:20.648 [Forwarding screenshot on session 5873537a26aedd68a8708930449e223d to remote] DEBUG org.asynchttpclient.netty.request.NettyRequestSender - Using open Channel [id: 0x9b467469, L:/127.0.0.1:60639 - R:localhost/127.0.0.1:63329] for GET '/session/5873537a26aedd68a8708930449e223d/screenshot'
16:04:20.841 [AsyncHttpClient-1-10] DEBUG org.asynchttpclient.netty.handler.HttpHandler - 

Request DefaultFullHttpRequest(decodeResult: success, version: HTTP/1.1, content: EmptyByteBufBE)
GET /session/5873537a26aedd68a8708930449e223d/screenshot HTTP/1.1
User-Agent: selenium/4.1.2 (java windows)
Cache-Control: no-cache
Content-Type: application/json; charset=utf-8
host: localhost:63329
accept: */*

Response DefaultHttpResponse(decodeResult: success, version: HTTP/1.1)
HTTP/1.1 200 OK
Content-Type: application/json; charset=utf-8
cache-control: no-cache
content-length: 141212

16:04:20.841 [AsyncHttpClient-1-10] DEBUG org.asynchttpclient.netty.channel.ChannelManager - Adding key: http://localhost:63329 for channel [id: 0x9b467469, L:/127.0.0.1:60639 - R:localhost/127.0.0.1:63329]
16:04:20.849 [main] DEBUG net.serenitybdd.core.photography.Darkroom - Send negative for processing for target\site\serenity\72fdf8691c9c7dcc7c5bbc14945c553e41720ee438362790c31b4a4a8f26f5c5.png
16:04:20.849 [Darkroom Processing Line] DEBUG net.serenitybdd.core.photography.DarkroomProcessingLine - Processing screenshot image in /var/screenshots/screenshot-13788540089430527009
16:04:20.849 [Darkroom Processing Line] DEBUG net.serenitybdd.core.photography.DarkroomProcessingLine - Saving screenshot to target\site\serenity\72fdf8691c9c7dcc7c5bbc14945c553e41720ee438362790c31b4a4a8f26f5c5.png
16:04:20.857 [Forwarding findElement on session 5873537a26aedd68a8708930449e223d to remote] DEBUG org.asynchttpclient.netty.request.NettyRequestSender - Using pooled Channel '[id: 0x9b467469, L:/127.0.0.1:60639 - R:localhost/127.0.0.1:63329]' for 'POST' to 'http://localhost:63329/session/5873537a26aedd68a8708930449e223d/element'
16:04:20.857 [Forwarding findElement on session 5873537a26aedd68a8708930449e223d to remote] DEBUG org.asynchttpclient.netty.request.NettyRequestSender - Using open Channel [id: 0x9b467469, L:/127.0.0.1:60639 - R:localhost/127.0.0.1:63329] for POST '/session/5873537a26aedd68a8708930449e223d/element'
16:04:20.868 [AsyncHttpClient-1-10] DEBUG org.asynchttpclient.netty.handler.HttpHandler - 

Request DefaultHttpRequest(decodeResult: success, version: HTTP/1.1)
POST /session/5873537a26aedd68a8708930449e223d/element HTTP/1.1
User-Agent: selenium/4.1.2 (java windows)
Content-Length: 56
Content-Type: application/json; charset=utf-8
host: localhost:63329
accept: */*

Response DefaultHttpResponse(decodeResult: success, version: HTTP/1.1)
HTTP/1.1 200 OK
Content-Type: application/json; charset=utf-8
cache-control: no-cache
content-length: 88

16:04:20.868 [AsyncHttpClient-1-10] DEBUG org.asynchttpclient.netty.channel.ChannelManager - Adding key: http://localhost:63329 for channel [id: 0x9b467469, L:/127.0.0.1:60639 - R:localhost/127.0.0.1:63329]
16:04:20.868 [Forwarding getElementTagName on session 5873537a26aedd68a8708930449e223d to remote] DEBUG org.asynchttpclient.netty.request.NettyRequestSender - Using pooled Channel '[id: 0x9b467469, L:/127.0.0.1:60639 - R:localhost/127.0.0.1:63329]' for 'GET' to 'http://localhost:63329/session/5873537a26aedd68a8708930449e223d/element/7e2bf2cb-5cf3-4753-ac62-9e773fad52b9/name'
16:04:20.868 [Forwarding getElementTagName on session 5873537a26aedd68a8708930449e223d to remote] DEBUG org.asynchttpclient.netty.request.NettyRequestSender - Using open Channel [id: 0x9b467469, L:/127.0.0.1:60639 - R:localhost/127.0.0.1:63329] for GET '/session/5873537a26aedd68a8708930449e223d/element/7e2bf2cb-5cf3-4753-ac62-9e773fad52b9/name'
16:04:20.868 [AsyncHttpClient-1-10] DEBUG org.asynchttpclient.netty.handler.HttpHandler - 

Request DefaultFullHttpRequest(decodeResult: success, version: HTTP/1.1, content: EmptyByteBufBE)
GET /session/5873537a26aedd68a8708930449e223d/element/7e2bf2cb-5cf3-4753-ac62-9e773fad52b9/name HTTP/1.1
User-Agent: selenium/4.1.2 (java windows)
Cache-Control: no-cache
Content-Type: application/json; charset=utf-8
host: localhost:63329
accept: */*

Response DefaultHttpResponse(decodeResult: success, version: HTTP/1.1)
HTTP/1.1 200 OK
Content-Type: application/json; charset=utf-8
cache-control: no-cache
content-length: 18

16:04:20.868 [AsyncHttpClient-1-10] DEBUG org.asynchttpclient.netty.channel.ChannelManager - Adding key: http://localhost:63329 for channel [id: 0x9b467469, L:/127.0.0.1:60639 - R:localhost/127.0.0.1:63329]
16:04:20.876 [Forwarding getElementTagName on session 5873537a26aedd68a8708930449e223d to remote] DEBUG org.asynchttpclient.netty.request.NettyRequestSender - Using pooled Channel '[id: 0x9b467469, L:/127.0.0.1:60639 - R:localhost/127.0.0.1:63329]' for 'GET' to 'http://localhost:63329/session/5873537a26aedd68a8708930449e223d/element/7e2bf2cb-5cf3-4753-ac62-9e773fad52b9/name'
16:04:20.876 [Forwarding getElementTagName on session 5873537a26aedd68a8708930449e223d to remote] DEBUG org.asynchttpclient.netty.request.NettyRequestSender - Using open Channel [id: 0x9b467469, L:/127.0.0.1:60639 - R:localhost/127.0.0.1:63329] for GET '/session/5873537a26aedd68a8708930449e223d/element/7e2bf2cb-5cf3-4753-ac62-9e773fad52b9/name'
16:04:20.880 [AsyncHttpClient-1-10] DEBUG org.asynchttpclient.netty.handler.HttpHandler - 

Request DefaultFullHttpRequest(decodeResult: success, version: HTTP/1.1, content: EmptyByteBufBE)
GET /session/5873537a26aedd68a8708930449e223d/element/7e2bf2cb-5cf3-4753-ac62-9e773fad52b9/name HTTP/1.1
User-Agent: selenium/4.1.2 (java windows)
Cache-Control: no-cache
Content-Type: application/json; charset=utf-8
host: localhost:63329
accept: */*

Response DefaultHttpResponse(decodeResult: success, version: HTTP/1.1)
HTTP/1.1 200 OK
Content-Type: application/json; charset=utf-8
cache-control: no-cache
content-length: 18

16:04:20.880 [AsyncHttpClient-1-10] DEBUG org.asynchttpclient.netty.channel.ChannelManager - Adding key: http://localhost:63329 for channel [id: 0x9b467469, L:/127.0.0.1:60639 - R:localhost/127.0.0.1:63329]
16:04:20.880 [Forwarding isElementEnabled on session 5873537a26aedd68a8708930449e223d to remote] DEBUG org.asynchttpclient.netty.request.NettyRequestSender - Using pooled Channel '[id: 0x9b467469, L:/127.0.0.1:60639 - R:localhost/127.0.0.1:63329]' for 'GET' to 'http://localhost:63329/session/5873537a26aedd68a8708930449e223d/element/7e2bf2cb-5cf3-4753-ac62-9e773fad52b9/enabled'
16:04:20.880 [Forwarding isElementEnabled on session 5873537a26aedd68a8708930449e223d to remote] DEBUG org.asynchttpclient.netty.request.NettyRequestSender - Using open Channel [id: 0x9b467469, L:/127.0.0.1:60639 - R:localhost/127.0.0.1:63329] for GET '/session/5873537a26aedd68a8708930449e223d/element/7e2bf2cb-5cf3-4753-ac62-9e773fad52b9/enabled'
16:04:20.888 [AsyncHttpClient-1-10] DEBUG org.asynchttpclient.netty.handler.HttpHandler - 

Request DefaultFullHttpRequest(decodeResult: success, version: HTTP/1.1, content: EmptyByteBufBE)
GET /session/5873537a26aedd68a8708930449e223d/element/7e2bf2cb-5cf3-4753-ac62-9e773fad52b9/enabled HTTP/1.1
User-Agent: selenium/4.1.2 (java windows)
Cache-Control: no-cache
Content-Type: application/json; charset=utf-8
host: localhost:63329
accept: */*

Response DefaultHttpResponse(decodeResult: success, version: HTTP/1.1)
HTTP/1.1 200 OK
Content-Type: application/json; charset=utf-8
cache-control: no-cache
content-length: 14

16:04:20.888 [AsyncHttpClient-1-10] DEBUG org.asynchttpclient.netty.channel.ChannelManager - Adding key: http://localhost:63329 for channel [id: 0x9b467469, L:/127.0.0.1:60639 - R:localhost/127.0.0.1:63329]
16:04:20.888 [Forwarding isElementEnabled on session 5873537a26aedd68a8708930449e223d to remote] DEBUG org.asynchttpclient.netty.request.NettyRequestSender - Using pooled Channel '[id: 0x9b467469, L:/127.0.0.1:60639 - R:localhost/127.0.0.1:63329]' for 'GET' to 'http://localhost:63329/session/5873537a26aedd68a8708930449e223d/element/7e2bf2cb-5cf3-4753-ac62-9e773fad52b9/enabled'
16:04:20.888 [Forwarding isElementEnabled on session 5873537a26aedd68a8708930449e223d to remote] DEBUG org.asynchttpclient.netty.request.NettyRequestSender - Using open Channel [id: 0x9b467469, L:/127.0.0.1:60639 - R:localhost/127.0.0.1:63329] for GET '/session/5873537a26aedd68a8708930449e223d/element/7e2bf2cb-5cf3-4753-ac62-9e773fad52b9/enabled'
16:04:20.899 [AsyncHttpClient-1-10] DEBUG org.asynchttpclient.netty.handler.HttpHandler - 

Request DefaultFullHttpRequest(decodeResult: success, version: HTTP/1.1, content: EmptyByteBufBE)
GET /session/5873537a26aedd68a8708930449e223d/element/7e2bf2cb-5cf3-4753-ac62-9e773fad52b9/enabled HTTP/1.1
User-Agent: selenium/4.1.2 (java windows)
Cache-Control: no-cache
Content-Type: application/json; charset=utf-8
host: localhost:63329
accept: */*

Response DefaultHttpResponse(decodeResult: success, version: HTTP/1.1)
HTTP/1.1 200 OK
Content-Type: application/json; charset=utf-8
cache-control: no-cache
content-length: 14

16:04:20.899 [AsyncHttpClient-1-10] DEBUG org.asynchttpclient.netty.channel.ChannelManager - Adding key: http://localhost:63329 for channel [id: 0x9b467469, L:/127.0.0.1:60639 - R:localhost/127.0.0.1:63329]
16:04:20.899 [Forwarding findElement on session 5873537a26aedd68a8708930449e223d to remote] DEBUG org.asynchttpclient.netty.request.NettyRequestSender - Using pooled Channel '[id: 0x9b467469, L:/127.0.0.1:60639 - R:localhost/127.0.0.1:63329]' for 'POST' to 'http://localhost:63329/session/5873537a26aedd68a8708930449e223d/element'
16:04:20.899 [Forwarding findElement on session 5873537a26aedd68a8708930449e223d to remote] DEBUG org.asynchttpclient.netty.request.NettyRequestSender - Using open Channel [id: 0x9b467469, L:/127.0.0.1:60639 - R:localhost/127.0.0.1:63329] for POST '/session/5873537a26aedd68a8708930449e223d/element'
16:04:20.911 [AsyncHttpClient-1-10] DEBUG org.asynchttpclient.netty.handler.HttpHandler - 

Request DefaultHttpRequest(decodeResult: success, version: HTTP/1.1)
POST /session/5873537a26aedd68a8708930449e223d/element HTTP/1.1
User-Agent: selenium/4.1.2 (java windows)
Content-Length: 56
Content-Type: application/json; charset=utf-8
host: localhost:63329
accept: */*

Response DefaultHttpResponse(decodeResult: success, version: HTTP/1.1)
HTTP/1.1 200 OK
Content-Type: application/json; charset=utf-8
cache-control: no-cache
content-length: 88

16:04:20.911 [AsyncHttpClient-1-10] DEBUG org.asynchttpclient.netty.channel.ChannelManager - Adding key: http://localhost:63329 for channel [id: 0x9b467469, L:/127.0.0.1:60639 - R:localhost/127.0.0.1:63329]
16:04:20.911 [Forwarding clickElement on session 5873537a26aedd68a8708930449e223d to remote] DEBUG org.asynchttpclient.netty.request.NettyRequestSender - Using pooled Channel '[id: 0x9b467469, L:/127.0.0.1:60639 - R:localhost/127.0.0.1:63329]' for 'POST' to 'http://localhost:63329/session/5873537a26aedd68a8708930449e223d/element/7e2bf2cb-5cf3-4753-ac62-9e773fad52b9/click'
16:04:20.911 [Forwarding clickElement on session 5873537a26aedd68a8708930449e223d to remote] DEBUG org.asynchttpclient.netty.request.NettyRequestSender - Using open Channel [id: 0x9b467469, L:/127.0.0.1:60639 - R:localhost/127.0.0.1:63329] for POST '/session/5873537a26aedd68a8708930449e223d/element/7e2bf2cb-5cf3-4753-ac62-9e773fad52b9/click'
16:04:20.951 [AsyncHttpClient-1-10] DEBUG org.asynchttpclient.netty.handler.HttpHandler - 

Request DefaultHttpRequest(decodeResult: success, version: HTTP/1.1)
POST /session/5873537a26aedd68a8708930449e223d/element/7e2bf2cb-5cf3-4753-ac62-9e773fad52b9/click HTTP/1.1
User-Agent: selenium/4.1.2 (java windows)
Content-Length: 50
Content-Type: application/json; charset=utf-8
host: localhost:63329
accept: */*

Response DefaultHttpResponse(decodeResult: success, version: HTTP/1.1)
HTTP/1.1 200 OK
Content-Type: application/json; charset=utf-8
cache-control: no-cache
content-length: 14

16:04:20.951 [AsyncHttpClient-1-10] DEBUG org.asynchttpclient.netty.channel.ChannelManager - Adding key: http://localhost:63329 for channel [id: 0x9b467469, L:/127.0.0.1:60639 - R:localhost/127.0.0.1:63329]
  &amp#27;[32mAnd &amp#27;[0m&amp#27;[32mi click continue button&amp#27;[0m                                                           &amp#27;[90m# starter.stepdefinitions.registerSteps.iClickContinueButton()&amp#27;[0m
16:04:20.959 [Forwarding screenshot on session 5873537a26aedd68a8708930449e223d to remote] DEBUG org.asynchttpclient.netty.request.NettyRequestSender - Using pooled Channel '[id: 0x9b467469, L:/127.0.0.1:60639 - R:localhost/127.0.0.1:63329]' for 'GET' to 'http://localhost:63329/session/5873537a26aedd68a8708930449e223d/screenshot'
16:04:20.959 [Forwarding screenshot on session 5873537a26aedd68a8708930449e223d to remote] DEBUG org.asynchttpclient.netty.request.NettyRequestSender - Using open Channel [id: 0x9b467469, L:/127.0.0.1:60639 - R:localhost/127.0.0.1:63329] for GET '/session/5873537a26aedd68a8708930449e223d/screenshot'
16:04:21.038 [AsyncHttpClient-1-1] DEBUG org.asynchttpclient.netty.channel.DefaultChannelPool - Entry count for : http://localhost:60640 : 1
16:04:21.169 [AsyncHttpClient-1-10] DEBUG org.asynchttpclient.netty.handler.HttpHandler - 

Request DefaultFullHttpRequest(decodeResult: success, version: HTTP/1.1, content: EmptyByteBufBE)
GET /session/5873537a26aedd68a8708930449e223d/screenshot HTTP/1.1
User-Agent: selenium/4.1.2 (java windows)
Cache-Control: no-cache
Content-Type: application/json; charset=utf-8
host: localhost:63329
accept: */*

Response DefaultHttpResponse(decodeResult: success, version: HTTP/1.1)
HTTP/1.1 200 OK
Content-Type: application/json; charset=utf-8
cache-control: no-cache
content-length: 141152

16:04:21.169 [AsyncHttpClient-1-10] DEBUG org.asynchttpclient.netty.channel.ChannelManager - Adding key: http://localhost:63329 for channel [id: 0x9b467469, L:/127.0.0.1:60639 - R:localhost/127.0.0.1:63329]
16:04:21.169 [main] DEBUG net.serenitybdd.core.photography.Darkroom - Send negative for processing for target\site\serenity\b0c30cbd3586c0b9f5a0f8ca3556cc5d46997e3dea33ec1a0e09ef37a8d1e65e.png
16:04:21.177 [Darkroom Processing Line] DEBUG net.serenitybdd.core.photography.DarkroomProcessingLine - Processing screenshot image in /var/screenshots/screenshot-8768896170104234649
16:04:21.177 [Darkroom Processing Line] DEBUG net.serenitybdd.core.photography.DarkroomProcessingLine - Saving screenshot to target\site\serenity\b0c30cbd3586c0b9f5a0f8ca3556cc5d46997e3dea33ec1a0e09ef37a8d1e65e.png
16:04:21.181 [Forwarding findElement on session 5873537a26aedd68a8708930449e223d to remote] DEBUG org.asynchttpclient.netty.request.NettyRequestSender - Using pooled Channel '[id: 0x9b467469, L:/127.0.0.1:60639 - R:localhost/127.0.0.1:63329]' for 'POST' to 'http://localhost:63329/session/5873537a26aedd68a8708930449e223d/element'
16:04:21.181 [Forwarding findElement on session 5873537a26aedd68a8708930449e223d to remote] DEBUG org.asynchttpclient.netty.request.NettyRequestSender - Using open Channel [id: 0x9b467469, L:/127.0.0.1:60639 - R:localhost/127.0.0.1:63329] for POST '/session/5873537a26aedd68a8708930449e223d/element'
16:04:22.122 [AsyncHttpClient-1-1] DEBUG org.asynchttpclient.netty.channel.DefaultChannelPool - Entry count for : http://localhost:60640 : 1
16:04:23.326 [AsyncHttpClient-1-1] DEBUG org.asynchttpclient.netty.channel.DefaultChannelPool - Entry count for : http://localhost:60640 : 1
16:04:23.540 [AsyncHttpClient-1-10] DEBUG org.asynchttpclient.netty.handler.HttpHandler - 

Request DefaultHttpRequest(decodeResult: success, version: HTTP/1.1)
POST /session/5873537a26aedd68a8708930449e223d/element HTTP/1.1
User-Agent: selenium/4.1.2 (java windows)
Content-Length: 69
Content-Type: application/json; charset=utf-8
host: localhost:63329
accept: */*

Response DefaultHttpResponse(decodeResult: success, version: HTTP/1.1)
HTTP/1.1 200 OK
Content-Type: application/json; charset=utf-8
cache-control: no-cache
content-length: 88

16:04:23.540 [AsyncHttpClient-1-10] DEBUG org.asynchttpclient.netty.channel.ChannelManager - Adding key: http://localhost:63329 for channel [id: 0x9b467469, L:/127.0.0.1:60639 - R:localhost/127.0.0.1:63329]
16:04:23.569 [Forwarding isElementDisplayed on session 5873537a26aedd68a8708930449e223d to remote] DEBUG org.asynchttpclient.netty.request.NettyRequestSender - Using pooled Channel '[id: 0x9b467469, L:/127.0.0.1:60639 - R:localhost/127.0.0.1:63329]' for 'POST' to 'http://localhost:63329/session/5873537a26aedd68a8708930449e223d/execute/sync'
16:04:23.570 [Forwarding isElementDisplayed on session 5873537a26aedd68a8708930449e223d to remote] DEBUG org.asynchttpclient.netty.request.NettyRequestSender - Using open Channel [id: 0x9b467469, L:/127.0.0.1:60639 - R:localhost/127.0.0.1:63329] for POST '/session/5873537a26aedd68a8708930449e223d/execute/sync'
16:04:24.485 [AsyncHttpClient-1-1] DEBUG org.asynchttpclient.netty.channel.DefaultChannelPool - Entry count for : http://localhost:60640 : 1
16:04:25.465 [AsyncHttpClient-1-10] DEBUG org.asynchttpclient.netty.handler.HttpHandler - 

Request DefaultHttpRequest(decodeResult: success, version: HTTP/1.1)
POST /session/5873537a26aedd68a8708930449e223d/execute/sync HTTP/1.1
User-Agent: selenium/4.1.2 (java windows)
Content-Length: 48780
Content-Type: application/json; charset=utf-8
host: localhost:63329
accept: */*

Response DefaultHttpResponse(decodeResult: success, version: HTTP/1.1)
HTTP/1.1 200 OK
Content-Type: application/json; charset=utf-8
cache-control: no-cache
content-length: 14

16:04:25.466 [AsyncHttpClient-1-10] DEBUG org.asynchttpclient.netty.channel.ChannelManager - Adding key: http://localhost:63329 for channel [id: 0x9b467469, L:/127.0.0.1:60639 - R:localhost/127.0.0.1:63329]
  &amp#27;[32mThen &amp#27;[0m&amp#27;[32mi get my &amp#27;[0m&amp#27;[32m&amp#27;[1m"new user"&amp#27;[0m                                                              &amp#27;[90m# starter.stepdefinitions.registerSteps.iGetMy(java.lang.String)&amp#27;[0m
16:04:25.551 [Forwarding screenshot on session 5873537a26aedd68a8708930449e223d to remote] DEBUG org.asynchttpclient.netty.request.NettyRequestSender - Using pooled Channel '[id: 0x9b467469, L:/127.0.0.1:60639 - R:localhost/127.0.0.1:63329]' for 'GET' to 'http://localhost:63329/session/5873537a26aedd68a8708930449e223d/screenshot'
16:04:25.555 [Forwarding screenshot on session 5873537a26aedd68a8708930449e223d to remote] DEBUG org.asynchttpclient.netty.request.NettyRequestSender - Using open Channel [id: 0x9b467469, L:/127.0.0.1:60639 - R:localhost/127.0.0.1:63329] for GET '/session/5873537a26aedd68a8708930449e223d/screenshot'
16:04:25.583 [AsyncHttpClient-1-1] DEBUG org.asynchttpclient.netty.channel.DefaultChannelPool - Entry count for : http://localhost:60640 : 1
16:04:26.630 [AsyncHttpClient-1-1] DEBUG org.asynchttpclient.netty.channel.DefaultChannelPool - Entry count for : http://localhost:60640 : 1
16:04:26.662 [AsyncHttpClient-1-10] DEBUG org.asynchttpclient.netty.handler.HttpHandler - 

Request DefaultFullHttpRequest(decodeResult: success, version: HTTP/1.1, content: EmptyByteBufBE)
GET /session/5873537a26aedd68a8708930449e223d/screenshot HTTP/1.1
User-Agent: selenium/4.1.2 (java windows)
Cache-Control: no-cache
Content-Type: application/json; charset=utf-8
host: localhost:63329
accept: */*

Response DefaultHttpResponse(decodeResult: success, version: HTTP/1.1)
HTTP/1.1 200 OK
Content-Type: application/json; charset=utf-8
cache-control: no-cache
content-length: 131848

16:04:26.663 [AsyncHttpClient-1-10] DEBUG org.asynchttpclient.netty.channel.ChannelManager - Adding key: http://localhost:63329 for channel [id: 0x9b467469, L:/127.0.0.1:60639 - R:localhost/127.0.0.1:63329]
16:04:26.669 [main] DEBUG net.serenitybdd.core.photography.Darkroom - Send negative for processing for target\site\serenity\39278e810c1a5a5f41cb7388a6665341655ed317de3ef42177b136035a62dbfe.png
16:04:26.669 [Darkroom Processing Line] DEBUG net.serenitybdd.core.photography.DarkroomProcessingLine - Processing screenshot image in /var/screenshots/screenshot-6714750011200913267
16:04:26.669 [Darkroom Processing Line] DEBUG net.serenitybdd.core.photography.DarkroomProcessingLine - Saving screenshot to target\site\serenity\39278e810c1a5a5f41cb7388a6665341655ed317de3ef42177b136035a62dbfe.png
16:04:26.693 [AsyncHttpClient-1-12] DEBUG org.asynchttpclient.netty.handler.WebSocketHandler - Channel Closed: [id: 0x42461ab3, L:/127.0.0.1:60648 ! R:localhost/127.0.0.1:60640] with attribute NettyResponseFuture{currentRetry=5,
	isDone=1,
	isCancelled=0,
	asyncHandler=org.asynchttpclient.ws.WebSocketUpgradeHandler@7c68be9c,
	nettyRequest=org.asynchttpclient.netty.request.NettyRequest@1add68c9,
	future=java.util.concurrent.CompletableFuture@463088b[Completed normally],
	uri=ws://localhost:60640/devtools/browser/2a0e9569-3523-4218-af42-b81ddda186c5,
	keepAlive=true,
	redirectCount=0,
	timeoutsHolder=null,
	inAuth=0,
	touch=1658480649934}
16:04:26.694 [AsyncHttpClient-1-12] DEBUG org.asynchttpclient.netty.channel.ChannelManager - Closing Channel [id: 0x42461ab3, L:/127.0.0.1:60648 ! R:localhost/127.0.0.1:60640] 
16:04:26.696 [Driver Command Executor] DEBUG org.asynchttpclient.netty.request.NettyRequestSender - Using pooled Channel '[id: 0x9b467469, L:/127.0.0.1:60639 - R:localhost/127.0.0.1:63329]' for 'DELETE' to 'http://localhost:63329/session/5873537a26aedd68a8708930449e223d'
16:04:26.697 [Driver Command Executor] DEBUG org.asynchttpclient.netty.request.NettyRequestSender - Using open Channel [id: 0x9b467469, L:/127.0.0.1:60639 - R:localhost/127.0.0.1:63329] for DELETE '/session/5873537a26aedd68a8708930449e223d'
16:04:26.844 [AsyncHttpClient-1-11] DEBUG org.asynchttpclient.netty.handler.HttpHandler - Unexpected I/O exception on channel [id: 0x33128442, L:/127.0.0.1:60647 - R:localhost/127.0.0.1:60640]
java.net.SocketException: Connection reset
	at java.base/sun.nio.ch.SocketChannelImpl.throwConnectionReset(SocketChannelImpl.java:367)
	at java.base/sun.nio.ch.SocketChannelImpl.read(SocketChannelImpl.java:398)
	at io.netty.buffer.PooledByteBuf.setBytes(PooledByteBuf.java:258)
	at io.netty.buffer.AbstractByteBuf.writeBytes(AbstractByteBuf.java:1132)
	at io.netty.channel.socket.nio.NioSocketChannel.doReadBytes(NioSocketChannel.java:350)
	at io.netty.channel.nio.AbstractNioByteChannel$NioByteUnsafe.read(AbstractNioByteChannel.java:151)
	at io.netty.channel.nio.NioEventLoop.processSelectedKey(NioEventLoop.java:722)
	at io.netty.channel.nio.NioEventLoop.processSelectedKeysOptimized(NioEventLoop.java:658)
	at io.netty.channel.nio.NioEventLoop.processSelectedKeys(NioEventLoop.java:584)
	at io.netty.channel.nio.NioEventLoop.run(NioEventLoop.java:496)
	at io.netty.util.concurrent.SingleThreadEventExecutor$4.run(SingleThreadEventExecutor.java:986)
	at io.netty.util.internal.ThreadExecutorMap$2.run(ThreadExecutorMap.java:74)
	at io.netty.util.concurrent.FastThreadLocalRunnable.run(FastThreadLocalRunnable.java:30)
	at java.base/java.lang.Thread.run(Thread.java:832)
16:04:26.844 [AsyncHttpClient-1-11] DEBUG org.asynchttpclient.netty.channel.ChannelManager - Closing Channel [id: 0x33128442, L:/127.0.0.1:60647 - R:localhost/127.0.0.1:60640] 
16:04:26.844 [AsyncHttpClient-1-11] DEBUG org.asynchttpclient.netty.handler.HttpHandler - Channel Closed: [id: 0x33128442, L:/127.0.0.1:60647 ! R:localhost/127.0.0.1:60640] with attribute DISCARD
16:04:26.980 [AsyncHttpClient-1-10] DEBUG org.asynchttpclient.netty.handler.HttpHandler - 

Request DefaultFullHttpRequest(decodeResult: success, version: HTTP/1.1, content: EmptyByteBufBE)
DELETE /session/5873537a26aedd68a8708930449e223d HTTP/1.1
User-Agent: selenium/4.1.2 (java windows)
Content-Type: application/json; charset=utf-8
host: localhost:63329
accept: */*

Response DefaultHttpResponse(decodeResult: success, version: HTTP/1.1)
HTTP/1.1 200 OK
Content-Type: application/json; charset=utf-8
cache-control: no-cache
content-length: 14

16:04:26.980 [AsyncHttpClient-1-10] DEBUG org.asynchttpclient.netty.channel.ChannelManager - Adding key: http://localhost:63329 for channel [id: 0x9b467469, L:/127.0.0.1:60639 - R:localhost/127.0.0.1:63329]
16:04:27.392 [AsyncHttpClient-1-10] DEBUG org.asynchttpclient.netty.handler.HttpHandler - Channel Closed: [id: 0x9b467469, L:/127.0.0.1:60639 ! R:localhost/127.0.0.1:63329] with attribute DISCARD
16:04:27.729 [AsyncHttpClient-1-1] DEBUG org.asynchttpclient.netty.channel.DefaultChannelPool - Entry count for : http://localhost:60640 : 1
16:04:27.729 [AsyncHttpClient-1-1] DEBUG org.asynchttpclient.netty.channel.DefaultChannelPool - Entry count for : http://localhost:63329 : 1
16:04:27.729 [AsyncHttpClient-1-1] DEBUG org.asynchttpclient.netty.channel.DefaultChannelPool - Adding Candidate expired Channel [id: 0x33128442, L:/127.0.0.1:60647 ! R:localhost/127.0.0.1:60640] isIdleTimeoutExpired=false isRemotelyClosed=true isTtlExpired=false
16:04:27.729 [AsyncHttpClient-1-1] DEBUG org.asynchttpclient.netty.channel.DefaultChannelPool - Closing Idle Channel [id: 0x33128442, L:/127.0.0.1:60647 ! R:localhost/127.0.0.1:60640]
16:04:27.729 [AsyncHttpClient-1-1] DEBUG org.asynchttpclient.netty.channel.DefaultChannelPool - Adding Candidate expired Channel [id: 0x9b467469, L:/127.0.0.1:60639 ! R:localhost/127.0.0.1:63329] isIdleTimeoutExpired=false isRemotelyClosed=true isTtlExpired=false
16:04:27.729 [AsyncHttpClient-1-1] DEBUG org.asynchttpclient.netty.channel.DefaultChannelPool - Closing Idle Channel [id: 0x9b467469, L:/127.0.0.1:60639 ! R:localhost/127.0.0.1:63329]
16:04:27.729 [AsyncHttpClient-1-1] DEBUG org.asynchttpclient.netty.channel.DefaultChannelPool - Closed 2 connections out of 2 in 0 ms
16:04:27.910 [main] INFO  - 
  _____   ___   ___   _____     ___     _     ___   ___   ___   ___  
 |_   _| | __| / __| |_   _|   | _ \   /_\   / __| / __| | __| |   \ 
   | |   | _|  \__ \   | |     |  _/  / _ \  \__ \ \__ \ | _|  | |) |
   |_|   |___| |___/   |_|     |_|   /_/ \_\ |___/ |___/ |___| |___/ 

Registration scenario
----------------------------------------------------------------------
]]></system-out>
    <system-err><![CDATA[Starting ChromeDriver 102.0.5005.61 (0e59bcc00cc4985ce39ad31c150065f159d95ad3-refs/branch-heads/5005@{#819}) on port 63329
Only local connections are allowed.
Please see https://chromedriver.chromium.org/security-considerations for suggestions on keeping ChromeDriver safe.
ChromeDriver was started successfully.
[1658480649.702][WARNING]: This version of ChromeDriver has not been tested with Chrome version 103.
Jul 22, 2022 4:04:09 PM org.openqa.selenium.remote.ProtocolHandshake createSession
INFO: Detected dialect: W3C
Jul 22, 2022 4:04:09 PM org.openqa.selenium.devtools.CdpVersionFinder findNearestMatch
WARNING: Unable to find an exact match for CDP version 103, so returning the closest version found: a no-op implementation
Jul 22, 2022 4:04:09 PM org.openqa.selenium.devtools.CdpVersionFinder findNearestMatch
INFO: Unable to find CDP implementation matching 103.
Jul 22, 2022 4:04:09 PM org.openqa.selenium.chromium.ChromiumDriver lambda$new$3
WARNING: Unable to find version of CDP to use for . You may need to include a dependency on a specific version of the CDP using something similar to `org.seleniumhq.selenium:selenium-devtools-v86:4.1.2` where the version ("v86") matches the version of the chromium-based browser you're using and the version number of the artifact is the same as Selenium's.
]]></system-err>
  </testcase>
  <testcase name="Registration scenario #2" classname="Registration" time="14.742">
    <system-out><![CDATA[
@register
Scenario Outline: Registration scenario                                        &amp#27;[90m# src/test/resources/features/register.feature:20&amp#27;[0m
16:04:27.930 [main] INFO io.cucumber.core.plugin.SerenityReporter - Running feature from file:///D:/PERKULIAHAN/Semester%206,Hebatt%20glad!/QE-FGD/Automation-test-Website%20-%20Copy/src/test/resources/features/register.feature
16:04:27.950 [main] INFO net.serenitybdd.core.webdriver.driverproviders.ChromeDriverProvider - Using automatically driver download
16:04:28.100 [main] DEBUG io.github.bonigarcia.wdm.cache.ResolutionCache - Resolution chrome=103 in cache (valid until 16:34:03 22/07/2022 WIB)
16:04:28.109 [main] DEBUG io.github.bonigarcia.wdm.cache.ResolutionCache - Resolution chrome103=103.0.5060.134 in cache (valid until 17:00:36 22/07/2022 WIB)
16:04:28.121 [main] INFO io.github.bonigarcia.wdm.WebDriverManager - Using chromedriver 103.0.5060.134 (resolved driver for Chrome 103)
16:04:28.161 [main] DEBUG io.github.bonigarcia.wdm.WebDriverManager - Driver chromedriver 103.0.5060.134 found in cache
16:04:28.161 [main] INFO io.github.bonigarcia.wdm.WebDriverManager - Exporting webdriver.chrome.driver as C:\Users\ASUS\.cache\selenium\chromedriver\win32\103.0.5060.134\chromedriver.exe
16:04:28.337 [main] DEBUG net.serenitybdd.core.webdriver.driverproviders.ProvideNewDriver - Instantiating driver
16:04:28.337 [main] DEBUG net.serenitybdd.core.webdriver.driverproviders.ProvideNewDriver - Driver capabilities: Capabilities {acceptInsecureCerts: false, base.url: https://found-capstone20.ne..., browserName: chrome, chrome.driver: src/test/resources/webdrive..., driver: chrome, goog:chromeOptions: {args: [], extensions: []}}
16:04:28.892 [AsyncHttpClient-1-13] DEBUG org.asynchttpclient.netty.channel.NettyConnectListener - Using new Channel '[id: 0xd587a699, L:/127.0.0.1:60674 - R:localhost/127.0.0.1:63455]' for 'POST' to '/session'
16:04:30.434 [AsyncHttpClient-1-13] DEBUG org.asynchttpclient.netty.handler.HttpHandler - 

Request DefaultHttpRequest(decodeResult: success, version: HTTP/1.1)
POST /session HTTP/1.1
User-Agent: selenium/4.1.2 (java windows)
Content-Length: 623
Content-Type: application/json; charset=utf-8
host: localhost:63455
accept: */*

Response DefaultHttpResponse(decodeResult: success, version: HTTP/1.1)
HTTP/1.1 200 OK
Content-Type: application/json; charset=utf-8
cache-control: no-cache
content-length: 789

16:04:30.434 [AsyncHttpClient-1-13] DEBUG org.asynchttpclient.netty.channel.ChannelManager - Adding key: http://localhost:63455 for channel [id: 0xd587a699, L:/127.0.0.1:60674 - R:localhost/127.0.0.1:63455]
16:04:30.461 [AsyncHttpClient-1-14] DEBUG org.asynchttpclient.netty.channel.NettyConnectListener - Using new Channel '[id: 0x53108323, L:/127.0.0.1:60683 - R:localhost/127.0.0.1:60675]' for 'GET' to '/json/version'
16:04:30.463 [AsyncHttpClient-1-14] DEBUG org.asynchttpclient.netty.handler.HttpHandler - 

Request DefaultFullHttpRequest(decodeResult: success, version: HTTP/1.1, content: EmptyByteBufBE)
GET /json/version HTTP/1.1
User-Agent: selenium/4.1.2 (java windows)
host: localhost:60675
accept: */*

Response DefaultHttpResponse(decodeResult: success, version: HTTP/1.1)
HTTP/1.1 200 OK
Content-Type: application/json; charset=UTF-8
content-length: 429

16:04:30.463 [AsyncHttpClient-1-14] DEBUG org.asynchttpclient.netty.channel.ChannelManager - Adding key: http://localhost:60675 for channel [id: 0x53108323, L:/127.0.0.1:60683 - R:localhost/127.0.0.1:60675]
16:04:30.469 [AsyncHttpClient-1-15] DEBUG org.asynchttpclient.netty.channel.NettyConnectListener - Using new Channel '[id: 0x71478aa1, L:/127.0.0.1:60684 - R:localhost/127.0.0.1:60675]' for 'GET' to '/devtools/browser/017ead46-4ff5-459e-bdc4-8983f7d73999'
16:04:30.469 [AsyncHttpClient-1-15] DEBUG org.asynchttpclient.netty.handler.WebSocketHandler - 

Request DefaultFullHttpRequest(decodeResult: success, version: HTTP/1.1, content: EmptyByteBufBE)
GET /devtools/browser/017ead46-4ff5-459e-bdc4-8983f7d73999 HTTP/1.1
upgrade: websocket
connection: upgrade
sec-websocket-key: 12+ukQXJl9zURvKeMBZafA==
sec-websocket-version: 13
origin: http://localhost:60675
host: localhost:60675
accept: */*
user-agent: AHC/2.1

Response DefaultHttpResponse(decodeResult: success, version: HTTP/1.1)
HTTP/1.1 101 WebSocket Protocol Handshake
Upgrade: WebSocket
Connection: Upgrade
Sec-WebSocket-Accept: 8KsRX8AEJsWDtRHP+SlCwv8cWgg=

16:04:30.485 [Forwarding maximizeCurrentWindow on session 351a3c49b2b95bff37a4cafcdbd25ca6 to remote] DEBUG org.asynchttpclient.netty.request.NettyRequestSender - Using pooled Channel '[id: 0xd587a699, L:/127.0.0.1:60674 - R:localhost/127.0.0.1:63455]' for 'POST' to 'http://localhost:63455/session/351a3c49b2b95bff37a4cafcdbd25ca6/window/maximize'
16:04:30.485 [Forwarding maximizeCurrentWindow on session 351a3c49b2b95bff37a4cafcdbd25ca6 to remote] DEBUG org.asynchttpclient.netty.request.NettyRequestSender - Using open Channel [id: 0xd587a699, L:/127.0.0.1:60674 - R:localhost/127.0.0.1:63455] for POST '/session/351a3c49b2b95bff37a4cafcdbd25ca6/window/maximize'
16:04:30.704 [AsyncHttpClient-1-13] DEBUG org.asynchttpclient.netty.handler.HttpHandler - 

Request DefaultHttpRequest(decodeResult: success, version: HTTP/1.1)
POST /session/351a3c49b2b95bff37a4cafcdbd25ca6/window/maximize HTTP/1.1
User-Agent: selenium/4.1.2 (java windows)
Content-Length: 3
Content-Type: application/json; charset=utf-8
host: localhost:63455
accept: */*

Response DefaultHttpResponse(decodeResult: success, version: HTTP/1.1)
HTTP/1.1 200 OK
Content-Type: application/json; charset=utf-8
cache-control: no-cache
content-length: 51

16:04:30.704 [AsyncHttpClient-1-13] DEBUG org.asynchttpclient.netty.channel.ChannelManager - Adding key: http://localhost:63455 for channel [id: 0xd587a699, L:/127.0.0.1:60674 - R:localhost/127.0.0.1:63455]
16:04:30.712 [Forwarding get on session 351a3c49b2b95bff37a4cafcdbd25ca6 to remote] DEBUG org.asynchttpclient.netty.request.NettyRequestSender - Using pooled Channel '[id: 0xd587a699, L:/127.0.0.1:60674 - R:localhost/127.0.0.1:63455]' for 'POST' to 'http://localhost:63455/session/351a3c49b2b95bff37a4cafcdbd25ca6/url'
16:04:30.712 [Forwarding get on session 351a3c49b2b95bff37a4cafcdbd25ca6 to remote] DEBUG org.asynchttpclient.netty.request.NettyRequestSender - Using open Channel [id: 0xd587a699, L:/127.0.0.1:60674 - R:localhost/127.0.0.1:63455] for POST '/session/351a3c49b2b95bff37a4cafcdbd25ca6/url'
16:04:31.022 [AsyncHttpClient-1-1] DEBUG org.asynchttpclient.netty.channel.DefaultChannelPool - Entry count for : http://localhost:60675 : 1
16:04:32.128 [AsyncHttpClient-1-1] DEBUG org.asynchttpclient.netty.channel.DefaultChannelPool - Entry count for : http://localhost:60675 : 1
16:04:33.228 [AsyncHttpClient-1-1] DEBUG org.asynchttpclient.netty.channel.DefaultChannelPool - Entry count for : http://localhost:60675 : 1
16:04:34.338 [AsyncHttpClient-1-1] DEBUG org.asynchttpclient.netty.channel.DefaultChannelPool - Entry count for : http://localhost:60675 : 1
16:04:35.428 [AsyncHttpClient-1-1] DEBUG org.asynchttpclient.netty.channel.DefaultChannelPool - Entry count for : http://localhost:60675 : 1
16:04:35.961 [AsyncHttpClient-1-13] DEBUG org.asynchttpclient.netty.handler.HttpHandler - 

Request DefaultHttpRequest(decodeResult: success, version: HTTP/1.1)
POST /session/351a3c49b2b95bff37a4cafcdbd25ca6/url HTTP/1.1
User-Agent: selenium/4.1.2 (java windows)
Content-Length: 67
Content-Type: application/json; charset=utf-8
host: localhost:63455
accept: */*

Response DefaultHttpResponse(decodeResult: success, version: HTTP/1.1)
HTTP/1.1 200 OK
Content-Type: application/json; charset=utf-8
cache-control: no-cache
content-length: 14

16:04:35.961 [AsyncHttpClient-1-13] DEBUG org.asynchttpclient.netty.channel.ChannelManager - Adding key: http://localhost:63455 for channel [id: 0xd587a699, L:/127.0.0.1:60674 - R:localhost/127.0.0.1:63455]
16:04:35.970 [Forwarding setTimeout on session 351a3c49b2b95bff37a4cafcdbd25ca6 to remote] DEBUG org.asynchttpclient.netty.request.NettyRequestSender - Using pooled Channel '[id: 0xd587a699, L:/127.0.0.1:60674 - R:localhost/127.0.0.1:63455]' for 'POST' to 'http://localhost:63455/session/351a3c49b2b95bff37a4cafcdbd25ca6/timeouts'
16:04:35.973 [Forwarding setTimeout on session 351a3c49b2b95bff37a4cafcdbd25ca6 to remote] DEBUG org.asynchttpclient.netty.request.NettyRequestSender - Using open Channel [id: 0xd587a699, L:/127.0.0.1:60674 - R:localhost/127.0.0.1:63455] for POST '/session/351a3c49b2b95bff37a4cafcdbd25ca6/timeouts'
16:04:35.985 [AsyncHttpClient-1-13] DEBUG org.asynchttpclient.netty.handler.HttpHandler - 

Request DefaultHttpRequest(decodeResult: success, version: HTTP/1.1)
POST /session/351a3c49b2b95bff37a4cafcdbd25ca6/timeouts HTTP/1.1
User-Agent: selenium/4.1.2 (java windows)
Content-Length: 22
Content-Type: application/json; charset=utf-8
host: localhost:63455
accept: */*

Response DefaultHttpResponse(decodeResult: success, version: HTTP/1.1)
HTTP/1.1 200 OK
Content-Type: application/json; charset=utf-8
cache-control: no-cache
content-length: 14

16:04:35.986 [AsyncHttpClient-1-13] DEBUG org.asynchttpclient.netty.channel.ChannelManager - Adding key: http://localhost:63455 for channel [id: 0xd587a699, L:/127.0.0.1:60674 - R:localhost/127.0.0.1:63455]
16:04:35.996 [Forwarding getCurrentUrl on session 351a3c49b2b95bff37a4cafcdbd25ca6 to remote] DEBUG org.asynchttpclient.netty.request.NettyRequestSender - Using pooled Channel '[id: 0xd587a699, L:/127.0.0.1:60674 - R:localhost/127.0.0.1:63455]' for 'GET' to 'http://localhost:63455/session/351a3c49b2b95bff37a4cafcdbd25ca6/url'
16:04:35.996 [Forwarding getCurrentUrl on session 351a3c49b2b95bff37a4cafcdbd25ca6 to remote] DEBUG org.asynchttpclient.netty.request.NettyRequestSender - Using open Channel [id: 0xd587a699, L:/127.0.0.1:60674 - R:localhost/127.0.0.1:63455] for GET '/session/351a3c49b2b95bff37a4cafcdbd25ca6/url'
16:04:36.133 [AsyncHttpClient-1-13] DEBUG org.asynchttpclient.netty.handler.HttpHandler - 

Request DefaultFullHttpRequest(decodeResult: success, version: HTTP/1.1, content: EmptyByteBufBE)
GET /session/351a3c49b2b95bff37a4cafcdbd25ca6/url HTTP/1.1
User-Agent: selenium/4.1.2 (java windows)
Cache-Control: no-cache
Content-Type: application/json; charset=utf-8
host: localhost:63455
accept: */*

Response DefaultHttpResponse(decodeResult: success, version: HTTP/1.1)
HTTP/1.1 200 OK
Content-Type: application/json; charset=utf-8
cache-control: no-cache
content-length: 49

16:04:36.133 [AsyncHttpClient-1-13] DEBUG org.asynchttpclient.netty.channel.ChannelManager - Adding key: http://localhost:63455 for channel [id: 0xd587a699, L:/127.0.0.1:60674 - R:localhost/127.0.0.1:63455]
  &amp#27;[32mGiven &amp#27;[0m&amp#27;[32mi access the web&amp#27;[0m                                                       &amp#27;[90m# starter.stepdefinitions.registerSteps.iAccessTheWeb()&amp#27;[0m
16:04:36.154 [Forwarding screenshot on session 351a3c49b2b95bff37a4cafcdbd25ca6 to remote] DEBUG org.asynchttpclient.netty.request.NettyRequestSender - Using pooled Channel '[id: 0xd587a699, L:/127.0.0.1:60674 - R:localhost/127.0.0.1:63455]' for 'GET' to 'http://localhost:63455/session/351a3c49b2b95bff37a4cafcdbd25ca6/screenshot'
16:04:36.154 [Forwarding screenshot on session 351a3c49b2b95bff37a4cafcdbd25ca6 to remote] DEBUG org.asynchttpclient.netty.request.NettyRequestSender - Using open Channel [id: 0xd587a699, L:/127.0.0.1:60674 - R:localhost/127.0.0.1:63455] for GET '/session/351a3c49b2b95bff37a4cafcdbd25ca6/screenshot'
16:04:36.522 [AsyncHttpClient-1-1] DEBUG org.asynchttpclient.netty.channel.DefaultChannelPool - Entry count for : http://localhost:60675 : 1
16:04:36.639 [AsyncHttpClient-1-13] DEBUG org.asynchttpclient.netty.handler.HttpHandler - 

Request DefaultFullHttpRequest(decodeResult: success, version: HTTP/1.1, content: EmptyByteBufBE)
GET /session/351a3c49b2b95bff37a4cafcdbd25ca6/screenshot HTTP/1.1
User-Agent: selenium/4.1.2 (java windows)
Cache-Control: no-cache
Content-Type: application/json; charset=utf-8
host: localhost:63455
accept: */*

Response DefaultHttpResponse(decodeResult: success, version: HTTP/1.1)
HTTP/1.1 200 OK
Content-Type: application/json; charset=utf-8
cache-control: no-cache
content-length: 354376

16:04:36.639 [AsyncHttpClient-1-13] DEBUG org.asynchttpclient.netty.channel.ChannelManager - Adding key: http://localhost:63455 for channel [id: 0xd587a699, L:/127.0.0.1:60674 - R:localhost/127.0.0.1:63455]
16:04:36.658 [main] DEBUG net.serenitybdd.core.photography.Darkroom - Send negative for processing for target\site\serenity\4660354df54a12fcd895682f5709ada0fe64cb7be35e163b54bdc9c5bb06ca8f.png
16:04:36.671 [Forwarding findElement on session 351a3c49b2b95bff37a4cafcdbd25ca6 to remote] DEBUG org.asynchttpclient.netty.request.NettyRequestSender - Using pooled Channel '[id: 0xd587a699, L:/127.0.0.1:60674 - R:localhost/127.0.0.1:63455]' for 'POST' to 'http://localhost:63455/session/351a3c49b2b95bff37a4cafcdbd25ca6/element'
16:04:36.671 [Forwarding findElement on session 351a3c49b2b95bff37a4cafcdbd25ca6 to remote] DEBUG org.asynchttpclient.netty.request.NettyRequestSender - Using open Channel [id: 0xd587a699, L:/127.0.0.1:60674 - R:localhost/127.0.0.1:63455] for POST '/session/351a3c49b2b95bff37a4cafcdbd25ca6/element'
16:04:36.721 [AsyncHttpClient-1-13] DEBUG org.asynchttpclient.netty.handler.HttpHandler - 

Request DefaultHttpRequest(decodeResult: success, version: HTTP/1.1)
POST /session/351a3c49b2b95bff37a4cafcdbd25ca6/element HTTP/1.1
User-Agent: selenium/4.1.2 (java windows)
Content-Length: 55
Content-Type: application/json; charset=utf-8
host: localhost:63455
accept: */*

Response DefaultHttpResponse(decodeResult: success, version: HTTP/1.1)
HTTP/1.1 200 OK
Content-Type: application/json; charset=utf-8
cache-control: no-cache
content-length: 88

16:04:36.722 [AsyncHttpClient-1-13] DEBUG org.asynchttpclient.netty.channel.ChannelManager - Adding key: http://localhost:63455 for channel [id: 0xd587a699, L:/127.0.0.1:60674 - R:localhost/127.0.0.1:63455]
16:04:36.723 [Forwarding isElementDisplayed on session 351a3c49b2b95bff37a4cafcdbd25ca6 to remote] DEBUG org.asynchttpclient.netty.request.NettyRequestSender - Using pooled Channel '[id: 0xd587a699, L:/127.0.0.1:60674 - R:localhost/127.0.0.1:63455]' for 'POST' to 'http://localhost:63455/session/351a3c49b2b95bff37a4cafcdbd25ca6/execute/sync'
16:04:36.723 [Forwarding isElementDisplayed on session 351a3c49b2b95bff37a4cafcdbd25ca6 to remote] DEBUG org.asynchttpclient.netty.request.NettyRequestSender - Using open Channel [id: 0xd587a699, L:/127.0.0.1:60674 - R:localhost/127.0.0.1:63455] for POST '/session/351a3c49b2b95bff37a4cafcdbd25ca6/execute/sync'
16:04:36.770 [AsyncHttpClient-1-13] DEBUG org.asynchttpclient.netty.handler.HttpHandler - 

Request DefaultHttpRequest(decodeResult: success, version: HTTP/1.1)
POST /session/351a3c49b2b95bff37a4cafcdbd25ca6/execute/sync HTTP/1.1
User-Agent: selenium/4.1.2 (java windows)
Content-Length: 48780
Content-Type: application/json; charset=utf-8
host: localhost:63455
accept: */*

Response DefaultHttpResponse(decodeResult: success, version: HTTP/1.1)
HTTP/1.1 200 OK
Content-Type: application/json; charset=utf-8
cache-control: no-cache
content-length: 14

16:04:36.770 [AsyncHttpClient-1-13] DEBUG org.asynchttpclient.netty.channel.ChannelManager - Adding key: http://localhost:63455 for channel [id: 0xd587a699, L:/127.0.0.1:60674 - R:localhost/127.0.0.1:63455]
16:04:36.770 [Forwarding findElement on session 351a3c49b2b95bff37a4cafcdbd25ca6 to remote] DEBUG org.asynchttpclient.netty.request.NettyRequestSender - Using pooled Channel '[id: 0xd587a699, L:/127.0.0.1:60674 - R:localhost/127.0.0.1:63455]' for 'POST' to 'http://localhost:63455/session/351a3c49b2b95bff37a4cafcdbd25ca6/element'
16:04:36.770 [Forwarding findElement on session 351a3c49b2b95bff37a4cafcdbd25ca6 to remote] DEBUG org.asynchttpclient.netty.request.NettyRequestSender - Using open Channel [id: 0xd587a699, L:/127.0.0.1:60674 - R:localhost/127.0.0.1:63455] for POST '/session/351a3c49b2b95bff37a4cafcdbd25ca6/element'
16:04:36.822 [AsyncHttpClient-1-13] DEBUG org.asynchttpclient.netty.handler.HttpHandler - 

Request DefaultHttpRequest(decodeResult: success, version: HTTP/1.1)
POST /session/351a3c49b2b95bff37a4cafcdbd25ca6/element HTTP/1.1
User-Agent: selenium/4.1.2 (java windows)
Content-Length: 72
Content-Type: application/json; charset=utf-8
host: localhost:63455
accept: */*

Response DefaultHttpResponse(decodeResult: success, version: HTTP/1.1)
HTTP/1.1 200 OK
Content-Type: application/json; charset=utf-8
cache-control: no-cache
content-length: 88

16:04:36.822 [AsyncHttpClient-1-13] DEBUG org.asynchttpclient.netty.channel.ChannelManager - Adding key: http://localhost:63455 for channel [id: 0xd587a699, L:/127.0.0.1:60674 - R:localhost/127.0.0.1:63455]
16:04:36.823 [Forwarding getElementTagName on session 351a3c49b2b95bff37a4cafcdbd25ca6 to remote] DEBUG org.asynchttpclient.netty.request.NettyRequestSender - Using pooled Channel '[id: 0xd587a699, L:/127.0.0.1:60674 - R:localhost/127.0.0.1:63455]' for 'GET' to 'http://localhost:63455/session/351a3c49b2b95bff37a4cafcdbd25ca6/element/1979f705-ef2b-4d30-b619-e17e8fdaefa6/name'
16:04:36.823 [Forwarding getElementTagName on session 351a3c49b2b95bff37a4cafcdbd25ca6 to remote] DEBUG org.asynchttpclient.netty.request.NettyRequestSender - Using open Channel [id: 0xd587a699, L:/127.0.0.1:60674 - R:localhost/127.0.0.1:63455] for GET '/session/351a3c49b2b95bff37a4cafcdbd25ca6/element/1979f705-ef2b-4d30-b619-e17e8fdaefa6/name'
16:04:36.870 [AsyncHttpClient-1-13] DEBUG org.asynchttpclient.netty.handler.HttpHandler - 

Request DefaultFullHttpRequest(decodeResult: success, version: HTTP/1.1, content: EmptyByteBufBE)
GET /session/351a3c49b2b95bff37a4cafcdbd25ca6/element/1979f705-ef2b-4d30-b619-e17e8fdaefa6/name HTTP/1.1
User-Agent: selenium/4.1.2 (java windows)
Cache-Control: no-cache
Content-Type: application/json; charset=utf-8
host: localhost:63455
accept: */*

Response DefaultHttpResponse(decodeResult: success, version: HTTP/1.1)
HTTP/1.1 200 OK
Content-Type: application/json; charset=utf-8
cache-control: no-cache
content-length: 13

16:04:36.870 [AsyncHttpClient-1-13] DEBUG org.asynchttpclient.netty.channel.ChannelManager - Adding key: http://localhost:63455 for channel [id: 0xd587a699, L:/127.0.0.1:60674 - R:localhost/127.0.0.1:63455]
16:04:36.870 [Forwarding getElementTagName on session 351a3c49b2b95bff37a4cafcdbd25ca6 to remote] DEBUG org.asynchttpclient.netty.request.NettyRequestSender - Using pooled Channel '[id: 0xd587a699, L:/127.0.0.1:60674 - R:localhost/127.0.0.1:63455]' for 'GET' to 'http://localhost:63455/session/351a3c49b2b95bff37a4cafcdbd25ca6/element/1979f705-ef2b-4d30-b619-e17e8fdaefa6/name'
16:04:36.870 [Forwarding getElementTagName on session 351a3c49b2b95bff37a4cafcdbd25ca6 to remote] DEBUG org.asynchttpclient.netty.request.NettyRequestSender - Using open Channel [id: 0xd587a699, L:/127.0.0.1:60674 - R:localhost/127.0.0.1:63455] for GET '/session/351a3c49b2b95bff37a4cafcdbd25ca6/element/1979f705-ef2b-4d30-b619-e17e8fdaefa6/name'
16:04:36.919 [AsyncHttpClient-1-13] DEBUG org.asynchttpclient.netty.handler.HttpHandler - 

Request DefaultFullHttpRequest(decodeResult: success, version: HTTP/1.1, content: EmptyByteBufBE)
GET /session/351a3c49b2b95bff37a4cafcdbd25ca6/element/1979f705-ef2b-4d30-b619-e17e8fdaefa6/name HTTP/1.1
User-Agent: selenium/4.1.2 (java windows)
Cache-Control: no-cache
Content-Type: application/json; charset=utf-8
host: localhost:63455
accept: */*

Response DefaultHttpResponse(decodeResult: success, version: HTTP/1.1)
HTTP/1.1 200 OK
Content-Type: application/json; charset=utf-8
cache-control: no-cache
content-length: 13

16:04:36.919 [AsyncHttpClient-1-13] DEBUG org.asynchttpclient.netty.channel.ChannelManager - Adding key: http://localhost:63455 for channel [id: 0xd587a699, L:/127.0.0.1:60674 - R:localhost/127.0.0.1:63455]
16:04:36.927 [Forwarding findElement on session 351a3c49b2b95bff37a4cafcdbd25ca6 to remote] DEBUG org.asynchttpclient.netty.request.NettyRequestSender - Using pooled Channel '[id: 0xd587a699, L:/127.0.0.1:60674 - R:localhost/127.0.0.1:63455]' for 'POST' to 'http://localhost:63455/session/351a3c49b2b95bff37a4cafcdbd25ca6/element'
16:04:36.927 [Forwarding findElement on session 351a3c49b2b95bff37a4cafcdbd25ca6 to remote] DEBUG org.asynchttpclient.netty.request.NettyRequestSender - Using open Channel [id: 0xd587a699, L:/127.0.0.1:60674 - R:localhost/127.0.0.1:63455] for POST '/session/351a3c49b2b95bff37a4cafcdbd25ca6/element'
16:04:36.970 [AsyncHttpClient-1-13] DEBUG org.asynchttpclient.netty.handler.HttpHandler - 

Request DefaultHttpRequest(decodeResult: success, version: HTTP/1.1)
POST /session/351a3c49b2b95bff37a4cafcdbd25ca6/element HTTP/1.1
User-Agent: selenium/4.1.2 (java windows)
Content-Length: 72
Content-Type: application/json; charset=utf-8
host: localhost:63455
accept: */*

Response DefaultHttpResponse(decodeResult: success, version: HTTP/1.1)
HTTP/1.1 200 OK
Content-Type: application/json; charset=utf-8
cache-control: no-cache
content-length: 88

16:04:36.970 [AsyncHttpClient-1-13] DEBUG org.asynchttpclient.netty.channel.ChannelManager - Adding key: http://localhost:63455 for channel [id: 0xd587a699, L:/127.0.0.1:60674 - R:localhost/127.0.0.1:63455]
16:04:36.980 [Forwarding clickElement on session 351a3c49b2b95bff37a4cafcdbd25ca6 to remote] DEBUG org.asynchttpclient.netty.request.NettyRequestSender - Using pooled Channel '[id: 0xd587a699, L:/127.0.0.1:60674 - R:localhost/127.0.0.1:63455]' for 'POST' to 'http://localhost:63455/session/351a3c49b2b95bff37a4cafcdbd25ca6/element/1979f705-ef2b-4d30-b619-e17e8fdaefa6/click'
16:04:36.981 [Forwarding clickElement on session 351a3c49b2b95bff37a4cafcdbd25ca6 to remote] DEBUG org.asynchttpclient.netty.request.NettyRequestSender - Using open Channel [id: 0xd587a699, L:/127.0.0.1:60674 - R:localhost/127.0.0.1:63455] for POST '/session/351a3c49b2b95bff37a4cafcdbd25ca6/element/1979f705-ef2b-4d30-b619-e17e8fdaefa6/click'
16:04:37.297 [AsyncHttpClient-1-13] DEBUG org.asynchttpclient.netty.handler.HttpHandler - 

Request DefaultHttpRequest(decodeResult: success, version: HTTP/1.1)
POST /session/351a3c49b2b95bff37a4cafcdbd25ca6/element/1979f705-ef2b-4d30-b619-e17e8fdaefa6/click HTTP/1.1
User-Agent: selenium/4.1.2 (java windows)
Content-Length: 50
Content-Type: application/json; charset=utf-8
host: localhost:63455
accept: */*

Response DefaultHttpResponse(decodeResult: success, version: HTTP/1.1)
HTTP/1.1 200 OK
Content-Type: application/json; charset=utf-8
cache-control: no-cache
content-length: 14

16:04:37.297 [AsyncHttpClient-1-13] DEBUG org.asynchttpclient.netty.channel.ChannelManager - Adding key: http://localhost:63455 for channel [id: 0xd587a699, L:/127.0.0.1:60674 - R:localhost/127.0.0.1:63455]
  &amp#27;[32mWhen &amp#27;[0m&amp#27;[32mi click get started&amp#27;[0m                                                     &amp#27;[90m# starter.stepdefinitions.registerSteps.iClickGetStarted()&amp#27;[0m
16:04:37.333 [Forwarding screenshot on session 351a3c49b2b95bff37a4cafcdbd25ca6 to remote] DEBUG org.asynchttpclient.netty.request.NettyRequestSender - Using pooled Channel '[id: 0xd587a699, L:/127.0.0.1:60674 - R:localhost/127.0.0.1:63455]' for 'GET' to 'http://localhost:63455/session/351a3c49b2b95bff37a4cafcdbd25ca6/screenshot'
16:04:37.333 [Forwarding screenshot on session 351a3c49b2b95bff37a4cafcdbd25ca6 to remote] DEBUG org.asynchttpclient.netty.request.NettyRequestSender - Using open Channel [id: 0xd587a699, L:/127.0.0.1:60674 - R:localhost/127.0.0.1:63455] for GET '/session/351a3c49b2b95bff37a4cafcdbd25ca6/screenshot'
16:04:37.630 [AsyncHttpClient-1-1] DEBUG org.asynchttpclient.netty.channel.DefaultChannelPool - Entry count for : http://localhost:60675 : 1
16:04:37.808 [AsyncHttpClient-1-13] DEBUG org.asynchttpclient.netty.handler.HttpHandler - 

Request DefaultFullHttpRequest(decodeResult: success, version: HTTP/1.1, content: EmptyByteBufBE)
GET /session/351a3c49b2b95bff37a4cafcdbd25ca6/screenshot HTTP/1.1
User-Agent: selenium/4.1.2 (java windows)
Cache-Control: no-cache
Content-Type: application/json; charset=utf-8
host: localhost:63455
accept: */*

Response DefaultHttpResponse(decodeResult: success, version: HTTP/1.1)
HTTP/1.1 200 OK
Content-Type: application/json; charset=utf-8
cache-control: no-cache
content-length: 170108

16:04:37.808 [AsyncHttpClient-1-13] DEBUG org.asynchttpclient.netty.channel.ChannelManager - Adding key: http://localhost:63455 for channel [id: 0xd587a699, L:/127.0.0.1:60674 - R:localhost/127.0.0.1:63455]
16:04:37.821 [main] DEBUG net.serenitybdd.core.photography.Darkroom - Send negative for processing for target\site\serenity\6ff5c6143355688a47e9f7371e43f7ca619ec85d87323997ea8558ea2b78401e.png
16:04:37.821 [Darkroom Processing Line] DEBUG net.serenitybdd.core.photography.DarkroomProcessingLine - Processing screenshot image in /var/screenshots/screenshot-5992237333426141151
16:04:37.821 [Darkroom Processing Line] DEBUG net.serenitybdd.core.photography.DarkroomProcessingLine - Saving screenshot to target\site\serenity\6ff5c6143355688a47e9f7371e43f7ca619ec85d87323997ea8558ea2b78401e.png
16:04:37.842 [Forwarding findElement on session 351a3c49b2b95bff37a4cafcdbd25ca6 to remote] DEBUG org.asynchttpclient.netty.request.NettyRequestSender - Using pooled Channel '[id: 0xd587a699, L:/127.0.0.1:60674 - R:localhost/127.0.0.1:63455]' for 'POST' to 'http://localhost:63455/session/351a3c49b2b95bff37a4cafcdbd25ca6/element'
16:04:37.842 [Forwarding findElement on session 351a3c49b2b95bff37a4cafcdbd25ca6 to remote] DEBUG org.asynchttpclient.netty.request.NettyRequestSender - Using open Channel [id: 0xd587a699, L:/127.0.0.1:60674 - R:localhost/127.0.0.1:63455] for POST '/session/351a3c49b2b95bff37a4cafcdbd25ca6/element'
16:04:37.859 [AsyncHttpClient-1-13] DEBUG org.asynchttpclient.netty.handler.HttpHandler - 

Request DefaultHttpRequest(decodeResult: success, version: HTTP/1.1)
POST /session/351a3c49b2b95bff37a4cafcdbd25ca6/element HTTP/1.1
User-Agent: selenium/4.1.2 (java windows)
Content-Length: 68
Content-Type: application/json; charset=utf-8
host: localhost:63455
accept: */*

Response DefaultHttpResponse(decodeResult: success, version: HTTP/1.1)
HTTP/1.1 200 OK
Content-Type: application/json; charset=utf-8
cache-control: no-cache
content-length: 88

16:04:37.859 [AsyncHttpClient-1-13] DEBUG org.asynchttpclient.netty.channel.ChannelManager - Adding key: http://localhost:63455 for channel [id: 0xd587a699, L:/127.0.0.1:60674 - R:localhost/127.0.0.1:63455]
16:04:37.867 [Forwarding getElementTagName on session 351a3c49b2b95bff37a4cafcdbd25ca6 to remote] DEBUG org.asynchttpclient.netty.request.NettyRequestSender - Using pooled Channel '[id: 0xd587a699, L:/127.0.0.1:60674 - R:localhost/127.0.0.1:63455]' for 'GET' to 'http://localhost:63455/session/351a3c49b2b95bff37a4cafcdbd25ca6/element/ce608deb-4cf3-4a62-8810-2ee4d551cfcf/name'
16:04:37.867 [Forwarding getElementTagName on session 351a3c49b2b95bff37a4cafcdbd25ca6 to remote] DEBUG org.asynchttpclient.netty.request.NettyRequestSender - Using open Channel [id: 0xd587a699, L:/127.0.0.1:60674 - R:localhost/127.0.0.1:63455] for GET '/session/351a3c49b2b95bff37a4cafcdbd25ca6/element/ce608deb-4cf3-4a62-8810-2ee4d551cfcf/name'
16:04:37.872 [AsyncHttpClient-1-13] DEBUG org.asynchttpclient.netty.handler.HttpHandler - 

Request DefaultFullHttpRequest(decodeResult: success, version: HTTP/1.1, content: EmptyByteBufBE)
GET /session/351a3c49b2b95bff37a4cafcdbd25ca6/element/ce608deb-4cf3-4a62-8810-2ee4d551cfcf/name HTTP/1.1
User-Agent: selenium/4.1.2 (java windows)
Cache-Control: no-cache
Content-Type: application/json; charset=utf-8
host: localhost:63455
accept: */*

Response DefaultHttpResponse(decodeResult: success, version: HTTP/1.1)
HTTP/1.1 200 OK
Content-Type: application/json; charset=utf-8
cache-control: no-cache
content-length: 13

16:04:37.880 [AsyncHttpClient-1-13] DEBUG org.asynchttpclient.netty.channel.ChannelManager - Adding key: http://localhost:63455 for channel [id: 0xd587a699, L:/127.0.0.1:60674 - R:localhost/127.0.0.1:63455]
16:04:37.890 [Forwarding getElementTagName on session 351a3c49b2b95bff37a4cafcdbd25ca6 to remote] DEBUG org.asynchttpclient.netty.request.NettyRequestSender - Using pooled Channel '[id: 0xd587a699, L:/127.0.0.1:60674 - R:localhost/127.0.0.1:63455]' for 'GET' to 'http://localhost:63455/session/351a3c49b2b95bff37a4cafcdbd25ca6/element/ce608deb-4cf3-4a62-8810-2ee4d551cfcf/name'
16:04:37.890 [Forwarding getElementTagName on session 351a3c49b2b95bff37a4cafcdbd25ca6 to remote] DEBUG org.asynchttpclient.netty.request.NettyRequestSender - Using open Channel [id: 0xd587a699, L:/127.0.0.1:60674 - R:localhost/127.0.0.1:63455] for GET '/session/351a3c49b2b95bff37a4cafcdbd25ca6/element/ce608deb-4cf3-4a62-8810-2ee4d551cfcf/name'
16:04:37.891 [AsyncHttpClient-1-13] DEBUG org.asynchttpclient.netty.handler.HttpHandler - 

Request DefaultFullHttpRequest(decodeResult: success, version: HTTP/1.1, content: EmptyByteBufBE)
GET /session/351a3c49b2b95bff37a4cafcdbd25ca6/element/ce608deb-4cf3-4a62-8810-2ee4d551cfcf/name HTTP/1.1
User-Agent: selenium/4.1.2 (java windows)
Cache-Control: no-cache
Content-Type: application/json; charset=utf-8
host: localhost:63455
accept: */*

Response DefaultHttpResponse(decodeResult: success, version: HTTP/1.1)
HTTP/1.1 200 OK
Content-Type: application/json; charset=utf-8
cache-control: no-cache
content-length: 13

16:04:37.891 [AsyncHttpClient-1-13] DEBUG org.asynchttpclient.netty.channel.ChannelManager - Adding key: http://localhost:63455 for channel [id: 0xd587a699, L:/127.0.0.1:60674 - R:localhost/127.0.0.1:63455]
16:04:37.899 [Forwarding findElement on session 351a3c49b2b95bff37a4cafcdbd25ca6 to remote] DEBUG org.asynchttpclient.netty.request.NettyRequestSender - Using pooled Channel '[id: 0xd587a699, L:/127.0.0.1:60674 - R:localhost/127.0.0.1:63455]' for 'POST' to 'http://localhost:63455/session/351a3c49b2b95bff37a4cafcdbd25ca6/element'
16:04:37.899 [Forwarding findElement on session 351a3c49b2b95bff37a4cafcdbd25ca6 to remote] DEBUG org.asynchttpclient.netty.request.NettyRequestSender - Using open Channel [id: 0xd587a699, L:/127.0.0.1:60674 - R:localhost/127.0.0.1:63455] for POST '/session/351a3c49b2b95bff37a4cafcdbd25ca6/element'
16:04:37.913 [AsyncHttpClient-1-13] DEBUG org.asynchttpclient.netty.handler.HttpHandler - 

Request DefaultHttpRequest(decodeResult: success, version: HTTP/1.1)
POST /session/351a3c49b2b95bff37a4cafcdbd25ca6/element HTTP/1.1
User-Agent: selenium/4.1.2 (java windows)
Content-Length: 68
Content-Type: application/json; charset=utf-8
host: localhost:63455
accept: */*

Response DefaultHttpResponse(decodeResult: success, version: HTTP/1.1)
HTTP/1.1 200 OK
Content-Type: application/json; charset=utf-8
cache-control: no-cache
content-length: 88

16:04:37.913 [AsyncHttpClient-1-13] DEBUG org.asynchttpclient.netty.channel.ChannelManager - Adding key: http://localhost:63455 for channel [id: 0xd587a699, L:/127.0.0.1:60674 - R:localhost/127.0.0.1:63455]
16:04:37.913 [Forwarding clickElement on session 351a3c49b2b95bff37a4cafcdbd25ca6 to remote] DEBUG org.asynchttpclient.netty.request.NettyRequestSender - Using pooled Channel '[id: 0xd587a699, L:/127.0.0.1:60674 - R:localhost/127.0.0.1:63455]' for 'POST' to 'http://localhost:63455/session/351a3c49b2b95bff37a4cafcdbd25ca6/element/ce608deb-4cf3-4a62-8810-2ee4d551cfcf/click'
16:04:37.913 [Forwarding clickElement on session 351a3c49b2b95bff37a4cafcdbd25ca6 to remote] DEBUG org.asynchttpclient.netty.request.NettyRequestSender - Using open Channel [id: 0xd587a699, L:/127.0.0.1:60674 - R:localhost/127.0.0.1:63455] for POST '/session/351a3c49b2b95bff37a4cafcdbd25ca6/element/ce608deb-4cf3-4a62-8810-2ee4d551cfcf/click'
16:04:38.030 [AsyncHttpClient-1-13] DEBUG org.asynchttpclient.netty.handler.HttpHandler - 

Request DefaultHttpRequest(decodeResult: success, version: HTTP/1.1)
POST /session/351a3c49b2b95bff37a4cafcdbd25ca6/element/ce608deb-4cf3-4a62-8810-2ee4d551cfcf/click HTTP/1.1
User-Agent: selenium/4.1.2 (java windows)
Content-Length: 50
Content-Type: application/json; charset=utf-8
host: localhost:63455
accept: */*

Response DefaultHttpResponse(decodeResult: success, version: HTTP/1.1)
HTTP/1.1 200 OK
Content-Type: application/json; charset=utf-8
cache-control: no-cache
content-length: 14

16:04:38.030 [AsyncHttpClient-1-13] DEBUG org.asynchttpclient.netty.channel.ChannelManager - Adding key: http://localhost:63455 for channel [id: 0xd587a699, L:/127.0.0.1:60674 - R:localhost/127.0.0.1:63455]
16:04:38.046 [Forwarding findElement on session 351a3c49b2b95bff37a4cafcdbd25ca6 to remote] DEBUG org.asynchttpclient.netty.request.NettyRequestSender - Using pooled Channel '[id: 0xd587a699, L:/127.0.0.1:60674 - R:localhost/127.0.0.1:63455]' for 'POST' to 'http://localhost:63455/session/351a3c49b2b95bff37a4cafcdbd25ca6/element'
16:04:38.046 [Forwarding findElement on session 351a3c49b2b95bff37a4cafcdbd25ca6 to remote] DEBUG org.asynchttpclient.netty.request.NettyRequestSender - Using open Channel [id: 0xd587a699, L:/127.0.0.1:60674 - R:localhost/127.0.0.1:63455] for POST '/session/351a3c49b2b95bff37a4cafcdbd25ca6/element'
16:04:38.072 [AsyncHttpClient-1-13] DEBUG org.asynchttpclient.netty.handler.HttpHandler - 

Request DefaultHttpRequest(decodeResult: success, version: HTTP/1.1)
POST /session/351a3c49b2b95bff37a4cafcdbd25ca6/element HTTP/1.1
User-Agent: selenium/4.1.2 (java windows)
Content-Length: 69
Content-Type: application/json; charset=utf-8
host: localhost:63455
accept: */*

Response DefaultHttpResponse(decodeResult: success, version: HTTP/1.1)
HTTP/1.1 200 OK
Content-Type: application/json; charset=utf-8
cache-control: no-cache
content-length: 88

16:04:38.080 [AsyncHttpClient-1-13] DEBUG org.asynchttpclient.netty.channel.ChannelManager - Adding key: http://localhost:63455 for channel [id: 0xd587a699, L:/127.0.0.1:60674 - R:localhost/127.0.0.1:63455]
16:04:38.093 [Forwarding isElementDisplayed on session 351a3c49b2b95bff37a4cafcdbd25ca6 to remote] DEBUG org.asynchttpclient.netty.request.NettyRequestSender - Using pooled Channel '[id: 0xd587a699, L:/127.0.0.1:60674 - R:localhost/127.0.0.1:63455]' for 'POST' to 'http://localhost:63455/session/351a3c49b2b95bff37a4cafcdbd25ca6/execute/sync'
16:04:38.093 [Forwarding isElementDisplayed on session 351a3c49b2b95bff37a4cafcdbd25ca6 to remote] DEBUG org.asynchttpclient.netty.request.NettyRequestSender - Using open Channel [id: 0xd587a699, L:/127.0.0.1:60674 - R:localhost/127.0.0.1:63455] for POST '/session/351a3c49b2b95bff37a4cafcdbd25ca6/execute/sync'
16:04:38.130 [AsyncHttpClient-1-13] DEBUG org.asynchttpclient.netty.handler.HttpHandler - 

Request DefaultHttpRequest(decodeResult: success, version: HTTP/1.1)
POST /session/351a3c49b2b95bff37a4cafcdbd25ca6/execute/sync HTTP/1.1
User-Agent: selenium/4.1.2 (java windows)
Content-Length: 48780
Content-Type: application/json; charset=utf-8
host: localhost:63455
accept: */*

Response DefaultHttpResponse(decodeResult: success, version: HTTP/1.1)
HTTP/1.1 200 OK
Content-Type: application/json; charset=utf-8
cache-control: no-cache
content-length: 14

16:04:38.130 [AsyncHttpClient-1-13] DEBUG org.asynchttpclient.netty.channel.ChannelManager - Adding key: http://localhost:63455 for channel [id: 0xd587a699, L:/127.0.0.1:60674 - R:localhost/127.0.0.1:63455]
  &amp#27;[32mAnd &amp#27;[0m&amp#27;[32mi click sign up&amp#27;[0m                                                          &amp#27;[90m# starter.stepdefinitions.registerSteps.iClickSignUp()&amp#27;[0m
16:04:38.140 [Forwarding screenshot on session 351a3c49b2b95bff37a4cafcdbd25ca6 to remote] DEBUG org.asynchttpclient.netty.request.NettyRequestSender - Using pooled Channel '[id: 0xd587a699, L:/127.0.0.1:60674 - R:localhost/127.0.0.1:63455]' for 'GET' to 'http://localhost:63455/session/351a3c49b2b95bff37a4cafcdbd25ca6/screenshot'
16:04:38.140 [Forwarding screenshot on session 351a3c49b2b95bff37a4cafcdbd25ca6 to remote] DEBUG org.asynchttpclient.netty.request.NettyRequestSender - Using open Channel [id: 0xd587a699, L:/127.0.0.1:60674 - R:localhost/127.0.0.1:63455] for GET '/session/351a3c49b2b95bff37a4cafcdbd25ca6/screenshot'
16:04:38.468 [AsyncHttpClient-1-13] DEBUG org.asynchttpclient.netty.handler.HttpHandler - 

Request DefaultFullHttpRequest(decodeResult: success, version: HTTP/1.1, content: EmptyByteBufBE)
GET /session/351a3c49b2b95bff37a4cafcdbd25ca6/screenshot HTTP/1.1
User-Agent: selenium/4.1.2 (java windows)
Cache-Control: no-cache
Content-Type: application/json; charset=utf-8
host: localhost:63455
accept: */*

Response DefaultHttpResponse(decodeResult: success, version: HTTP/1.1)
HTTP/1.1 200 OK
Content-Type: application/json; charset=utf-8
cache-control: no-cache
content-length: 114576

16:04:38.468 [AsyncHttpClient-1-13] DEBUG org.asynchttpclient.netty.channel.ChannelManager - Adding key: http://localhost:63455 for channel [id: 0xd587a699, L:/127.0.0.1:60674 - R:localhost/127.0.0.1:63455]
16:04:38.480 [main] DEBUG net.serenitybdd.core.photography.Darkroom - Send negative for processing for target\site\serenity\25d7cb278c5b8c7d10a353cf6874b8051c2cdb1511d20304d9457cbef7212771.png
16:04:38.482 [Darkroom Processing Line] DEBUG net.serenitybdd.core.photography.DarkroomProcessingLine - Processing screenshot image in /var/screenshots/screenshot-16848324246560701936
16:04:38.482 [Darkroom Processing Line] DEBUG net.serenitybdd.core.photography.DarkroomProcessingLine - Saving screenshot to target\site\serenity\25d7cb278c5b8c7d10a353cf6874b8051c2cdb1511d20304d9457cbef7212771.png
16:04:38.502 [Forwarding findElement on session 351a3c49b2b95bff37a4cafcdbd25ca6 to remote] DEBUG org.asynchttpclient.netty.request.NettyRequestSender - Using pooled Channel '[id: 0xd587a699, L:/127.0.0.1:60674 - R:localhost/127.0.0.1:63455]' for 'POST' to 'http://localhost:63455/session/351a3c49b2b95bff37a4cafcdbd25ca6/element'
16:04:38.502 [Forwarding findElement on session 351a3c49b2b95bff37a4cafcdbd25ca6 to remote] DEBUG org.asynchttpclient.netty.request.NettyRequestSender - Using open Channel [id: 0xd587a699, L:/127.0.0.1:60674 - R:localhost/127.0.0.1:63455] for POST '/session/351a3c49b2b95bff37a4cafcdbd25ca6/element'
16:04:38.527 [AsyncHttpClient-1-13] DEBUG org.asynchttpclient.netty.handler.HttpHandler - 

Request DefaultHttpRequest(decodeResult: success, version: HTTP/1.1)
POST /session/351a3c49b2b95bff37a4cafcdbd25ca6/element HTTP/1.1
User-Agent: selenium/4.1.2 (java windows)
Content-Length: 66
Content-Type: application/json; charset=utf-8
host: localhost:63455
accept: */*

Response DefaultHttpResponse(decodeResult: success, version: HTTP/1.1)
HTTP/1.1 200 OK
Content-Type: application/json; charset=utf-8
cache-control: no-cache
content-length: 88

16:04:38.527 [AsyncHttpClient-1-13] DEBUG org.asynchttpclient.netty.channel.ChannelManager - Adding key: http://localhost:63455 for channel [id: 0xd587a699, L:/127.0.0.1:60674 - R:localhost/127.0.0.1:63455]
16:04:38.540 [Forwarding clearElement on session 351a3c49b2b95bff37a4cafcdbd25ca6 to remote] DEBUG org.asynchttpclient.netty.request.NettyRequestSender - Using pooled Channel '[id: 0xd587a699, L:/127.0.0.1:60674 - R:localhost/127.0.0.1:63455]' for 'POST' to 'http://localhost:63455/session/351a3c49b2b95bff37a4cafcdbd25ca6/element/a7b95fd4-591a-4086-949b-215eeb32e2b6/clear'
16:04:38.540 [Forwarding clearElement on session 351a3c49b2b95bff37a4cafcdbd25ca6 to remote] DEBUG org.asynchttpclient.netty.request.NettyRequestSender - Using open Channel [id: 0xd587a699, L:/127.0.0.1:60674 - R:localhost/127.0.0.1:63455] for POST '/session/351a3c49b2b95bff37a4cafcdbd25ca6/element/a7b95fd4-591a-4086-949b-215eeb32e2b6/clear'
16:04:38.600 [AsyncHttpClient-1-13] DEBUG org.asynchttpclient.netty.handler.HttpHandler - 

Request DefaultHttpRequest(decodeResult: success, version: HTTP/1.1)
POST /session/351a3c49b2b95bff37a4cafcdbd25ca6/element/a7b95fd4-591a-4086-949b-215eeb32e2b6/clear HTTP/1.1
User-Agent: selenium/4.1.2 (java windows)
Content-Length: 50
Content-Type: application/json; charset=utf-8
host: localhost:63455
accept: */*

Response DefaultHttpResponse(decodeResult: success, version: HTTP/1.1)
HTTP/1.1 200 OK
Content-Type: application/json; charset=utf-8
cache-control: no-cache
content-length: 14

16:04:38.600 [AsyncHttpClient-1-13] DEBUG org.asynchttpclient.netty.channel.ChannelManager - Adding key: http://localhost:63455 for channel [id: 0xd587a699, L:/127.0.0.1:60674 - R:localhost/127.0.0.1:63455]
16:04:38.600 [Forwarding sendKeysToElement on session 351a3c49b2b95bff37a4cafcdbd25ca6 to remote] DEBUG org.asynchttpclient.netty.request.NettyRequestSender - Using pooled Channel '[id: 0xd587a699, L:/127.0.0.1:60674 - R:localhost/127.0.0.1:63455]' for 'POST' to 'http://localhost:63455/session/351a3c49b2b95bff37a4cafcdbd25ca6/element/a7b95fd4-591a-4086-949b-215eeb32e2b6/value'
16:04:38.600 [Forwarding sendKeysToElement on session 351a3c49b2b95bff37a4cafcdbd25ca6 to remote] DEBUG org.asynchttpclient.netty.request.NettyRequestSender - Using open Channel [id: 0xd587a699, L:/127.0.0.1:60674 - R:localhost/127.0.0.1:63455] for POST '/session/351a3c49b2b95bff37a4cafcdbd25ca6/element/a7b95fd4-591a-4086-949b-215eeb32e2b6/value'
16:04:38.688 [AsyncHttpClient-1-13] DEBUG org.asynchttpclient.netty.handler.HttpHandler - 

Request DefaultHttpRequest(decodeResult: success, version: HTTP/1.1)
POST /session/351a3c49b2b95bff37a4cafcdbd25ca6/element/a7b95fd4-591a-4086-949b-215eeb32e2b6/value HTTP/1.1
User-Agent: selenium/4.1.2 (java windows)
Content-Length: 82
Content-Type: application/json; charset=utf-8
host: localhost:63455
accept: */*

Response DefaultHttpResponse(decodeResult: success, version: HTTP/1.1)
HTTP/1.1 200 OK
Content-Type: application/json; charset=utf-8
cache-control: no-cache
content-length: 14

16:04:38.688 [AsyncHttpClient-1-13] DEBUG org.asynchttpclient.netty.channel.ChannelManager - Adding key: http://localhost:63455 for channel [id: 0xd587a699, L:/127.0.0.1:60674 - R:localhost/127.0.0.1:63455]
16:04:38.704 [Forwarding findElement on session 351a3c49b2b95bff37a4cafcdbd25ca6 to remote] DEBUG org.asynchttpclient.netty.request.NettyRequestSender - Using pooled Channel '[id: 0xd587a699, L:/127.0.0.1:60674 - R:localhost/127.0.0.1:63455]' for 'POST' to 'http://localhost:63455/session/351a3c49b2b95bff37a4cafcdbd25ca6/element'
16:04:38.704 [Forwarding findElement on session 351a3c49b2b95bff37a4cafcdbd25ca6 to remote] DEBUG org.asynchttpclient.netty.request.NettyRequestSender - Using open Channel [id: 0xd587a699, L:/127.0.0.1:60674 - R:localhost/127.0.0.1:63455] for POST '/session/351a3c49b2b95bff37a4cafcdbd25ca6/element'
16:04:38.721 [AsyncHttpClient-1-1] DEBUG org.asynchttpclient.netty.channel.DefaultChannelPool - Entry count for : http://localhost:60675 : 1
16:04:38.729 [AsyncHttpClient-1-13] DEBUG org.asynchttpclient.netty.handler.HttpHandler - 

Request DefaultHttpRequest(decodeResult: success, version: HTTP/1.1)
POST /session/351a3c49b2b95bff37a4cafcdbd25ca6/element HTTP/1.1
User-Agent: selenium/4.1.2 (java windows)
Content-Length: 63
Content-Type: application/json; charset=utf-8
host: localhost:63455
accept: */*

Response DefaultHttpResponse(decodeResult: success, version: HTTP/1.1)
HTTP/1.1 200 OK
Content-Type: application/json; charset=utf-8
cache-control: no-cache
content-length: 88

16:04:38.737 [AsyncHttpClient-1-13] DEBUG org.asynchttpclient.netty.channel.ChannelManager - Adding key: http://localhost:63455 for channel [id: 0xd587a699, L:/127.0.0.1:60674 - R:localhost/127.0.0.1:63455]
16:04:38.737 [Forwarding clearElement on session 351a3c49b2b95bff37a4cafcdbd25ca6 to remote] DEBUG org.asynchttpclient.netty.request.NettyRequestSender - Using pooled Channel '[id: 0xd587a699, L:/127.0.0.1:60674 - R:localhost/127.0.0.1:63455]' for 'POST' to 'http://localhost:63455/session/351a3c49b2b95bff37a4cafcdbd25ca6/element/4c63fe56-7653-4e16-975b-bd2e9755dc02/clear'
16:04:38.737 [Forwarding clearElement on session 351a3c49b2b95bff37a4cafcdbd25ca6 to remote] DEBUG org.asynchttpclient.netty.request.NettyRequestSender - Using open Channel [id: 0xd587a699, L:/127.0.0.1:60674 - R:localhost/127.0.0.1:63455] for POST '/session/351a3c49b2b95bff37a4cafcdbd25ca6/element/4c63fe56-7653-4e16-975b-bd2e9755dc02/clear'
16:04:38.829 [AsyncHttpClient-1-13] DEBUG org.asynchttpclient.netty.handler.HttpHandler - 

Request DefaultHttpRequest(decodeResult: success, version: HTTP/1.1)
POST /session/351a3c49b2b95bff37a4cafcdbd25ca6/element/4c63fe56-7653-4e16-975b-bd2e9755dc02/clear HTTP/1.1
User-Agent: selenium/4.1.2 (java windows)
Content-Length: 50
Content-Type: application/json; charset=utf-8
host: localhost:63455
accept: */*

Response DefaultHttpResponse(decodeResult: success, version: HTTP/1.1)
HTTP/1.1 200 OK
Content-Type: application/json; charset=utf-8
cache-control: no-cache
content-length: 14

16:04:38.829 [AsyncHttpClient-1-13] DEBUG org.asynchttpclient.netty.channel.ChannelManager - Adding key: http://localhost:63455 for channel [id: 0xd587a699, L:/127.0.0.1:60674 - R:localhost/127.0.0.1:63455]
16:04:38.840 [Forwarding sendKeysToElement on session 351a3c49b2b95bff37a4cafcdbd25ca6 to remote] DEBUG org.asynchttpclient.netty.request.NettyRequestSender - Using pooled Channel '[id: 0xd587a699, L:/127.0.0.1:60674 - R:localhost/127.0.0.1:63455]' for 'POST' to 'http://localhost:63455/session/351a3c49b2b95bff37a4cafcdbd25ca6/element/4c63fe56-7653-4e16-975b-bd2e9755dc02/value'
16:04:38.840 [Forwarding sendKeysToElement on session 351a3c49b2b95bff37a4cafcdbd25ca6 to remote] DEBUG org.asynchttpclient.netty.request.NettyRequestSender - Using open Channel [id: 0xd587a699, L:/127.0.0.1:60674 - R:localhost/127.0.0.1:63455] for POST '/session/351a3c49b2b95bff37a4cafcdbd25ca6/element/4c63fe56-7653-4e16-975b-bd2e9755dc02/value'
16:04:39.152 [AsyncHttpClient-1-13] DEBUG org.asynchttpclient.netty.handler.HttpHandler - 

Request DefaultHttpRequest(decodeResult: success, version: HTTP/1.1)
POST /session/351a3c49b2b95bff37a4cafcdbd25ca6/element/4c63fe56-7653-4e16-975b-bd2e9755dc02/value HTTP/1.1
User-Agent: selenium/4.1.2 (java windows)
Content-Length: 331
Content-Type: application/json; charset=utf-8
host: localhost:63455
accept: */*

Response DefaultHttpResponse(decodeResult: success, version: HTTP/1.1)
HTTP/1.1 200 OK
Content-Type: application/json; charset=utf-8
cache-control: no-cache
content-length: 14

16:04:39.152 [AsyncHttpClient-1-13] DEBUG org.asynchttpclient.netty.channel.ChannelManager - Adding key: http://localhost:63455 for channel [id: 0xd587a699, L:/127.0.0.1:60674 - R:localhost/127.0.0.1:63455]
16:04:39.160 [Forwarding findElement on session 351a3c49b2b95bff37a4cafcdbd25ca6 to remote] DEBUG org.asynchttpclient.netty.request.NettyRequestSender - Using pooled Channel '[id: 0xd587a699, L:/127.0.0.1:60674 - R:localhost/127.0.0.1:63455]' for 'POST' to 'http://localhost:63455/session/351a3c49b2b95bff37a4cafcdbd25ca6/element'
16:04:39.160 [Forwarding findElement on session 351a3c49b2b95bff37a4cafcdbd25ca6 to remote] DEBUG org.asynchttpclient.netty.request.NettyRequestSender - Using open Channel [id: 0xd587a699, L:/127.0.0.1:60674 - R:localhost/127.0.0.1:63455] for POST '/session/351a3c49b2b95bff37a4cafcdbd25ca6/element'
16:04:39.198 [AsyncHttpClient-1-13] DEBUG org.asynchttpclient.netty.handler.HttpHandler - 

Request DefaultHttpRequest(decodeResult: success, version: HTTP/1.1)
POST /session/351a3c49b2b95bff37a4cafcdbd25ca6/element HTTP/1.1
User-Agent: selenium/4.1.2 (java windows)
Content-Length: 68
Content-Type: application/json; charset=utf-8
host: localhost:63455
accept: */*

Response DefaultHttpResponse(decodeResult: success, version: HTTP/1.1)
HTTP/1.1 200 OK
Content-Type: application/json; charset=utf-8
cache-control: no-cache
content-length: 88

16:04:39.198 [AsyncHttpClient-1-13] DEBUG org.asynchttpclient.netty.channel.ChannelManager - Adding key: http://localhost:63455 for channel [id: 0xd587a699, L:/127.0.0.1:60674 - R:localhost/127.0.0.1:63455]
16:04:39.205 [Forwarding clearElement on session 351a3c49b2b95bff37a4cafcdbd25ca6 to remote] DEBUG org.asynchttpclient.netty.request.NettyRequestSender - Using pooled Channel '[id: 0xd587a699, L:/127.0.0.1:60674 - R:localhost/127.0.0.1:63455]' for 'POST' to 'http://localhost:63455/session/351a3c49b2b95bff37a4cafcdbd25ca6/element/f619a30c-f83e-493f-9e0e-0a7ee3914189/clear'
16:04:39.205 [Forwarding clearElement on session 351a3c49b2b95bff37a4cafcdbd25ca6 to remote] DEBUG org.asynchttpclient.netty.request.NettyRequestSender - Using open Channel [id: 0xd587a699, L:/127.0.0.1:60674 - R:localhost/127.0.0.1:63455] for POST '/session/351a3c49b2b95bff37a4cafcdbd25ca6/element/f619a30c-f83e-493f-9e0e-0a7ee3914189/clear'
16:04:39.281 [AsyncHttpClient-1-13] DEBUG org.asynchttpclient.netty.handler.HttpHandler - 

Request DefaultHttpRequest(decodeResult: success, version: HTTP/1.1)
POST /session/351a3c49b2b95bff37a4cafcdbd25ca6/element/f619a30c-f83e-493f-9e0e-0a7ee3914189/clear HTTP/1.1
User-Agent: selenium/4.1.2 (java windows)
Content-Length: 50
Content-Type: application/json; charset=utf-8
host: localhost:63455
accept: */*

Response DefaultHttpResponse(decodeResult: success, version: HTTP/1.1)
HTTP/1.1 200 OK
Content-Type: application/json; charset=utf-8
cache-control: no-cache
content-length: 14

16:04:39.282 [AsyncHttpClient-1-13] DEBUG org.asynchttpclient.netty.channel.ChannelManager - Adding key: http://localhost:63455 for channel [id: 0xd587a699, L:/127.0.0.1:60674 - R:localhost/127.0.0.1:63455]
16:04:39.288 [Forwarding sendKeysToElement on session 351a3c49b2b95bff37a4cafcdbd25ca6 to remote] DEBUG org.asynchttpclient.netty.request.NettyRequestSender - Using pooled Channel '[id: 0xd587a699, L:/127.0.0.1:60674 - R:localhost/127.0.0.1:63455]' for 'POST' to 'http://localhost:63455/session/351a3c49b2b95bff37a4cafcdbd25ca6/element/f619a30c-f83e-493f-9e0e-0a7ee3914189/value'
16:04:39.290 [Forwarding sendKeysToElement on session 351a3c49b2b95bff37a4cafcdbd25ca6 to remote] DEBUG org.asynchttpclient.netty.request.NettyRequestSender - Using open Channel [id: 0xd587a699, L:/127.0.0.1:60674 - R:localhost/127.0.0.1:63455] for POST '/session/351a3c49b2b95bff37a4cafcdbd25ca6/element/f619a30c-f83e-493f-9e0e-0a7ee3914189/value'
16:04:39.471 [AsyncHttpClient-1-13] DEBUG org.asynchttpclient.netty.handler.HttpHandler - 

Request DefaultHttpRequest(decodeResult: success, version: HTTP/1.1)
POST /session/351a3c49b2b95bff37a4cafcdbd25ca6/element/f619a30c-f83e-493f-9e0e-0a7ee3914189/value HTTP/1.1
User-Agent: selenium/4.1.2 (java windows)
Content-Length: 211
Content-Type: application/json; charset=utf-8
host: localhost:63455
accept: */*

Response DefaultHttpResponse(decodeResult: success, version: HTTP/1.1)
HTTP/1.1 200 OK
Content-Type: application/json; charset=utf-8
cache-control: no-cache
content-length: 14

16:04:39.471 [AsyncHttpClient-1-13] DEBUG org.asynchttpclient.netty.channel.ChannelManager - Adding key: http://localhost:63455 for channel [id: 0xd587a699, L:/127.0.0.1:60674 - R:localhost/127.0.0.1:63455]
16:04:39.479 [Forwarding findElement on session 351a3c49b2b95bff37a4cafcdbd25ca6 to remote] DEBUG org.asynchttpclient.netty.request.NettyRequestSender - Using pooled Channel '[id: 0xd587a699, L:/127.0.0.1:60674 - R:localhost/127.0.0.1:63455]' for 'POST' to 'http://localhost:63455/session/351a3c49b2b95bff37a4cafcdbd25ca6/element'
16:04:39.479 [Forwarding findElement on session 351a3c49b2b95bff37a4cafcdbd25ca6 to remote] DEBUG org.asynchttpclient.netty.request.NettyRequestSender - Using open Channel [id: 0xd587a699, L:/127.0.0.1:60674 - R:localhost/127.0.0.1:63455] for POST '/session/351a3c49b2b95bff37a4cafcdbd25ca6/element'
16:04:39.521 [AsyncHttpClient-1-13] DEBUG org.asynchttpclient.netty.handler.HttpHandler - 

Request DefaultHttpRequest(decodeResult: success, version: HTTP/1.1)
POST /session/351a3c49b2b95bff37a4cafcdbd25ca6/element HTTP/1.1
User-Agent: selenium/4.1.2 (java windows)
Content-Length: 77
Content-Type: application/json; charset=utf-8
host: localhost:63455
accept: */*

Response DefaultHttpResponse(decodeResult: success, version: HTTP/1.1)
HTTP/1.1 200 OK
Content-Type: application/json; charset=utf-8
cache-control: no-cache
content-length: 88

16:04:39.522 [AsyncHttpClient-1-13] DEBUG org.asynchttpclient.netty.channel.ChannelManager - Adding key: http://localhost:63455 for channel [id: 0xd587a699, L:/127.0.0.1:60674 - R:localhost/127.0.0.1:63455]
16:04:39.522 [Forwarding clearElement on session 351a3c49b2b95bff37a4cafcdbd25ca6 to remote] DEBUG org.asynchttpclient.netty.request.NettyRequestSender - Using pooled Channel '[id: 0xd587a699, L:/127.0.0.1:60674 - R:localhost/127.0.0.1:63455]' for 'POST' to 'http://localhost:63455/session/351a3c49b2b95bff37a4cafcdbd25ca6/element/d9263554-50a0-4a34-b3dc-61c076a3ea72/clear'
16:04:39.522 [Forwarding clearElement on session 351a3c49b2b95bff37a4cafcdbd25ca6 to remote] DEBUG org.asynchttpclient.netty.request.NettyRequestSender - Using open Channel [id: 0xd587a699, L:/127.0.0.1:60674 - R:localhost/127.0.0.1:63455] for POST '/session/351a3c49b2b95bff37a4cafcdbd25ca6/element/d9263554-50a0-4a34-b3dc-61c076a3ea72/clear'
16:04:39.612 [AsyncHttpClient-1-13] DEBUG org.asynchttpclient.netty.handler.HttpHandler - 

Request DefaultHttpRequest(decodeResult: success, version: HTTP/1.1)
POST /session/351a3c49b2b95bff37a4cafcdbd25ca6/element/d9263554-50a0-4a34-b3dc-61c076a3ea72/clear HTTP/1.1
User-Agent: selenium/4.1.2 (java windows)
Content-Length: 50
Content-Type: application/json; charset=utf-8
host: localhost:63455
accept: */*

Response DefaultHttpResponse(decodeResult: success, version: HTTP/1.1)
HTTP/1.1 200 OK
Content-Type: application/json; charset=utf-8
cache-control: no-cache
content-length: 14

16:04:39.612 [AsyncHttpClient-1-13] DEBUG org.asynchttpclient.netty.channel.ChannelManager - Adding key: http://localhost:63455 for channel [id: 0xd587a699, L:/127.0.0.1:60674 - R:localhost/127.0.0.1:63455]
16:04:39.612 [Forwarding sendKeysToElement on session 351a3c49b2b95bff37a4cafcdbd25ca6 to remote] DEBUG org.asynchttpclient.netty.request.NettyRequestSender - Using pooled Channel '[id: 0xd587a699, L:/127.0.0.1:60674 - R:localhost/127.0.0.1:63455]' for 'POST' to 'http://localhost:63455/session/351a3c49b2b95bff37a4cafcdbd25ca6/element/d9263554-50a0-4a34-b3dc-61c076a3ea72/value'
16:04:39.612 [Forwarding sendKeysToElement on session 351a3c49b2b95bff37a4cafcdbd25ca6 to remote] DEBUG org.asynchttpclient.netty.request.NettyRequestSender - Using open Channel [id: 0xd587a699, L:/127.0.0.1:60674 - R:localhost/127.0.0.1:63455] for POST '/session/351a3c49b2b95bff37a4cafcdbd25ca6/element/d9263554-50a0-4a34-b3dc-61c076a3ea72/value'
16:04:39.820 [AsyncHttpClient-1-13] DEBUG org.asynchttpclient.netty.handler.HttpHandler - 

Request DefaultHttpRequest(decodeResult: success, version: HTTP/1.1)
POST /session/351a3c49b2b95bff37a4cafcdbd25ca6/element/d9263554-50a0-4a34-b3dc-61c076a3ea72/value HTTP/1.1
User-Agent: selenium/4.1.2 (java windows)
Content-Length: 211
Content-Type: application/json; charset=utf-8
host: localhost:63455
accept: */*

Response DefaultHttpResponse(decodeResult: success, version: HTTP/1.1)
HTTP/1.1 200 OK
Content-Type: application/json; charset=utf-8
cache-control: no-cache
content-length: 14

16:04:39.820 [AsyncHttpClient-1-13] DEBUG org.asynchttpclient.netty.channel.ChannelManager - Adding key: http://localhost:63455 for channel [id: 0xd587a699, L:/127.0.0.1:60674 - R:localhost/127.0.0.1:63455]
16:04:39.820 [AsyncHttpClient-1-1] DEBUG org.asynchttpclient.netty.channel.DefaultChannelPool - Entry count for : http://localhost:63455 : 1
16:04:39.820 [AsyncHttpClient-1-1] DEBUG org.asynchttpclient.netty.channel.DefaultChannelPool - Entry count for : http://localhost:60675 : 1
  &amp#27;[32mAnd &amp#27;[0m&amp#27;[32mi input &amp#27;[0m&amp#27;[32m&amp#27;[1m""&amp#27;[0m&amp#27;[32m and &amp#27;[0m&amp#27;[32m&amp#27;[1m"sonya@gmail.com"&amp#27;[0m&amp#27;[32m and &amp#27;[0m&amp#27;[32m&amp#27;[1m"SonyaPrds1511"&amp#27;[0m&amp#27;[32m and &amp#27;[0m&amp#27;[32m&amp#27;[1m"SonyaPrds1511"&amp#27;[0m &amp#27;[90m# starter.stepdefinitions.registerSteps.iInputAndAndAnd(java.lang.String,java.lang.String,java.lang.String,java.lang.String)&amp#27;[0m
16:04:39.837 [Forwarding screenshot on session 351a3c49b2b95bff37a4cafcdbd25ca6 to remote] DEBUG org.asynchttpclient.netty.request.NettyRequestSender - Using pooled Channel '[id: 0xd587a699, L:/127.0.0.1:60674 - R:localhost/127.0.0.1:63455]' for 'GET' to 'http://localhost:63455/session/351a3c49b2b95bff37a4cafcdbd25ca6/screenshot'
16:04:39.837 [Forwarding screenshot on session 351a3c49b2b95bff37a4cafcdbd25ca6 to remote] DEBUG org.asynchttpclient.netty.request.NettyRequestSender - Using open Channel [id: 0xd587a699, L:/127.0.0.1:60674 - R:localhost/127.0.0.1:63455] for GET '/session/351a3c49b2b95bff37a4cafcdbd25ca6/screenshot'
16:04:40.098 [AsyncHttpClient-1-13] DEBUG org.asynchttpclient.netty.handler.HttpHandler - 

Request DefaultFullHttpRequest(decodeResult: success, version: HTTP/1.1, content: EmptyByteBufBE)
GET /session/351a3c49b2b95bff37a4cafcdbd25ca6/screenshot HTTP/1.1
User-Agent: selenium/4.1.2 (java windows)
Cache-Control: no-cache
Content-Type: application/json; charset=utf-8
host: localhost:63455
accept: */*

Response DefaultHttpResponse(decodeResult: success, version: HTTP/1.1)
HTTP/1.1 200 OK
Content-Type: application/json; charset=utf-8
cache-control: no-cache
content-length: 141204

16:04:40.098 [AsyncHttpClient-1-13] DEBUG org.asynchttpclient.netty.channel.ChannelManager - Adding key: http://localhost:63455 for channel [id: 0xd587a699, L:/127.0.0.1:60674 - R:localhost/127.0.0.1:63455]
16:04:40.114 [main] DEBUG net.serenitybdd.core.photography.Darkroom - Send negative for processing for target\site\serenity\3d169a1d49128ff219491b830e11b73a715a86e9a074b4bbaae27dc348dc0008.png
16:04:40.114 [Darkroom Processing Line] DEBUG net.serenitybdd.core.photography.DarkroomProcessingLine - Processing screenshot image in /var/screenshots/screenshot-3280781165955721015
16:04:40.114 [Darkroom Processing Line] DEBUG net.serenitybdd.core.photography.DarkroomProcessingLine - Saving screenshot to target\site\serenity\3d169a1d49128ff219491b830e11b73a715a86e9a074b4bbaae27dc348dc0008.png
16:04:40.129 [Forwarding findElement on session 351a3c49b2b95bff37a4cafcdbd25ca6 to remote] DEBUG org.asynchttpclient.netty.request.NettyRequestSender - Using pooled Channel '[id: 0xd587a699, L:/127.0.0.1:60674 - R:localhost/127.0.0.1:63455]' for 'POST' to 'http://localhost:63455/session/351a3c49b2b95bff37a4cafcdbd25ca6/element'
16:04:40.129 [Forwarding findElement on session 351a3c49b2b95bff37a4cafcdbd25ca6 to remote] DEBUG org.asynchttpclient.netty.request.NettyRequestSender - Using open Channel [id: 0xd587a699, L:/127.0.0.1:60674 - R:localhost/127.0.0.1:63455] for POST '/session/351a3c49b2b95bff37a4cafcdbd25ca6/element'
16:04:40.150 [AsyncHttpClient-1-13] DEBUG org.asynchttpclient.netty.handler.HttpHandler - 

Request DefaultHttpRequest(decodeResult: success, version: HTTP/1.1)
POST /session/351a3c49b2b95bff37a4cafcdbd25ca6/element HTTP/1.1
User-Agent: selenium/4.1.2 (java windows)
Content-Length: 56
Content-Type: application/json; charset=utf-8
host: localhost:63455
accept: */*

Response DefaultHttpResponse(decodeResult: success, version: HTTP/1.1)
HTTP/1.1 200 OK
Content-Type: application/json; charset=utf-8
cache-control: no-cache
content-length: 88

16:04:40.150 [AsyncHttpClient-1-13] DEBUG org.asynchttpclient.netty.channel.ChannelManager - Adding key: http://localhost:63455 for channel [id: 0xd587a699, L:/127.0.0.1:60674 - R:localhost/127.0.0.1:63455]
16:04:40.150 [Forwarding getElementTagName on session 351a3c49b2b95bff37a4cafcdbd25ca6 to remote] DEBUG org.asynchttpclient.netty.request.NettyRequestSender - Using pooled Channel '[id: 0xd587a699, L:/127.0.0.1:60674 - R:localhost/127.0.0.1:63455]' for 'GET' to 'http://localhost:63455/session/351a3c49b2b95bff37a4cafcdbd25ca6/element/cb3fecc6-62e1-4fef-8c2c-eeaf72d85437/name'
16:04:40.150 [Forwarding getElementTagName on session 351a3c49b2b95bff37a4cafcdbd25ca6 to remote] DEBUG org.asynchttpclient.netty.request.NettyRequestSender - Using open Channel [id: 0xd587a699, L:/127.0.0.1:60674 - R:localhost/127.0.0.1:63455] for GET '/session/351a3c49b2b95bff37a4cafcdbd25ca6/element/cb3fecc6-62e1-4fef-8c2c-eeaf72d85437/name'
16:04:40.162 [AsyncHttpClient-1-13] DEBUG org.asynchttpclient.netty.handler.HttpHandler - 

Request DefaultFullHttpRequest(decodeResult: success, version: HTTP/1.1, content: EmptyByteBufBE)
GET /session/351a3c49b2b95bff37a4cafcdbd25ca6/element/cb3fecc6-62e1-4fef-8c2c-eeaf72d85437/name HTTP/1.1
User-Agent: selenium/4.1.2 (java windows)
Cache-Control: no-cache
Content-Type: application/json; charset=utf-8
host: localhost:63455
accept: */*

Response DefaultHttpResponse(decodeResult: success, version: HTTP/1.1)
HTTP/1.1 200 OK
Content-Type: application/json; charset=utf-8
cache-control: no-cache
content-length: 18

16:04:40.162 [AsyncHttpClient-1-13] DEBUG org.asynchttpclient.netty.channel.ChannelManager - Adding key: http://localhost:63455 for channel [id: 0xd587a699, L:/127.0.0.1:60674 - R:localhost/127.0.0.1:63455]
16:04:40.162 [Forwarding getElementTagName on session 351a3c49b2b95bff37a4cafcdbd25ca6 to remote] DEBUG org.asynchttpclient.netty.request.NettyRequestSender - Using pooled Channel '[id: 0xd587a699, L:/127.0.0.1:60674 - R:localhost/127.0.0.1:63455]' for 'GET' to 'http://localhost:63455/session/351a3c49b2b95bff37a4cafcdbd25ca6/element/cb3fecc6-62e1-4fef-8c2c-eeaf72d85437/name'
16:04:40.162 [Forwarding getElementTagName on session 351a3c49b2b95bff37a4cafcdbd25ca6 to remote] DEBUG org.asynchttpclient.netty.request.NettyRequestSender - Using open Channel [id: 0xd587a699, L:/127.0.0.1:60674 - R:localhost/127.0.0.1:63455] for GET '/session/351a3c49b2b95bff37a4cafcdbd25ca6/element/cb3fecc6-62e1-4fef-8c2c-eeaf72d85437/name'
16:04:40.171 [AsyncHttpClient-1-13] DEBUG org.asynchttpclient.netty.handler.HttpHandler - 

Request DefaultFullHttpRequest(decodeResult: success, version: HTTP/1.1, content: EmptyByteBufBE)
GET /session/351a3c49b2b95bff37a4cafcdbd25ca6/element/cb3fecc6-62e1-4fef-8c2c-eeaf72d85437/name HTTP/1.1
User-Agent: selenium/4.1.2 (java windows)
Cache-Control: no-cache
Content-Type: application/json; charset=utf-8
host: localhost:63455
accept: */*

Response DefaultHttpResponse(decodeResult: success, version: HTTP/1.1)
HTTP/1.1 200 OK
Content-Type: application/json; charset=utf-8
cache-control: no-cache
content-length: 18

16:04:40.171 [AsyncHttpClient-1-13] DEBUG org.asynchttpclient.netty.channel.ChannelManager - Adding key: http://localhost:63455 for channel [id: 0xd587a699, L:/127.0.0.1:60674 - R:localhost/127.0.0.1:63455]
16:04:40.176 [Forwarding isElementEnabled on session 351a3c49b2b95bff37a4cafcdbd25ca6 to remote] DEBUG org.asynchttpclient.netty.request.NettyRequestSender - Using pooled Channel '[id: 0xd587a699, L:/127.0.0.1:60674 - R:localhost/127.0.0.1:63455]' for 'GET' to 'http://localhost:63455/session/351a3c49b2b95bff37a4cafcdbd25ca6/element/cb3fecc6-62e1-4fef-8c2c-eeaf72d85437/enabled'
16:04:40.176 [Forwarding isElementEnabled on session 351a3c49b2b95bff37a4cafcdbd25ca6 to remote] DEBUG org.asynchttpclient.netty.request.NettyRequestSender - Using open Channel [id: 0xd587a699, L:/127.0.0.1:60674 - R:localhost/127.0.0.1:63455] for GET '/session/351a3c49b2b95bff37a4cafcdbd25ca6/element/cb3fecc6-62e1-4fef-8c2c-eeaf72d85437/enabled'
16:04:40.188 [AsyncHttpClient-1-13] DEBUG org.asynchttpclient.netty.handler.HttpHandler - 

Request DefaultFullHttpRequest(decodeResult: success, version: HTTP/1.1, content: EmptyByteBufBE)
GET /session/351a3c49b2b95bff37a4cafcdbd25ca6/element/cb3fecc6-62e1-4fef-8c2c-eeaf72d85437/enabled HTTP/1.1
User-Agent: selenium/4.1.2 (java windows)
Cache-Control: no-cache
Content-Type: application/json; charset=utf-8
host: localhost:63455
accept: */*

Response DefaultHttpResponse(decodeResult: success, version: HTTP/1.1)
HTTP/1.1 200 OK
Content-Type: application/json; charset=utf-8
cache-control: no-cache
content-length: 14

16:04:40.188 [AsyncHttpClient-1-13] DEBUG org.asynchttpclient.netty.channel.ChannelManager - Adding key: http://localhost:63455 for channel [id: 0xd587a699, L:/127.0.0.1:60674 - R:localhost/127.0.0.1:63455]
16:04:40.188 [Forwarding isElementEnabled on session 351a3c49b2b95bff37a4cafcdbd25ca6 to remote] DEBUG org.asynchttpclient.netty.request.NettyRequestSender - Using pooled Channel '[id: 0xd587a699, L:/127.0.0.1:60674 - R:localhost/127.0.0.1:63455]' for 'GET' to 'http://localhost:63455/session/351a3c49b2b95bff37a4cafcdbd25ca6/element/cb3fecc6-62e1-4fef-8c2c-eeaf72d85437/enabled'
16:04:40.188 [Forwarding isElementEnabled on session 351a3c49b2b95bff37a4cafcdbd25ca6 to remote] DEBUG org.asynchttpclient.netty.request.NettyRequestSender - Using open Channel [id: 0xd587a699, L:/127.0.0.1:60674 - R:localhost/127.0.0.1:63455] for GET '/session/351a3c49b2b95bff37a4cafcdbd25ca6/element/cb3fecc6-62e1-4fef-8c2c-eeaf72d85437/enabled'
16:04:40.199 [AsyncHttpClient-1-13] DEBUG org.asynchttpclient.netty.handler.HttpHandler - 

Request DefaultFullHttpRequest(decodeResult: success, version: HTTP/1.1, content: EmptyByteBufBE)
GET /session/351a3c49b2b95bff37a4cafcdbd25ca6/element/cb3fecc6-62e1-4fef-8c2c-eeaf72d85437/enabled HTTP/1.1
User-Agent: selenium/4.1.2 (java windows)
Cache-Control: no-cache
Content-Type: application/json; charset=utf-8
host: localhost:63455
accept: */*

Response DefaultHttpResponse(decodeResult: success, version: HTTP/1.1)
HTTP/1.1 200 OK
Content-Type: application/json; charset=utf-8
cache-control: no-cache
content-length: 14

16:04:40.199 [AsyncHttpClient-1-13] DEBUG org.asynchttpclient.netty.channel.ChannelManager - Adding key: http://localhost:63455 for channel [id: 0xd587a699, L:/127.0.0.1:60674 - R:localhost/127.0.0.1:63455]
16:04:40.208 [Forwarding findElement on session 351a3c49b2b95bff37a4cafcdbd25ca6 to remote] DEBUG org.asynchttpclient.netty.request.NettyRequestSender - Using pooled Channel '[id: 0xd587a699, L:/127.0.0.1:60674 - R:localhost/127.0.0.1:63455]' for 'POST' to 'http://localhost:63455/session/351a3c49b2b95bff37a4cafcdbd25ca6/element'
16:04:40.208 [Forwarding findElement on session 351a3c49b2b95bff37a4cafcdbd25ca6 to remote] DEBUG org.asynchttpclient.netty.request.NettyRequestSender - Using open Channel [id: 0xd587a699, L:/127.0.0.1:60674 - R:localhost/127.0.0.1:63455] for POST '/session/351a3c49b2b95bff37a4cafcdbd25ca6/element'
16:04:40.222 [AsyncHttpClient-1-13] DEBUG org.asynchttpclient.netty.handler.HttpHandler - 

Request DefaultHttpRequest(decodeResult: success, version: HTTP/1.1)
POST /session/351a3c49b2b95bff37a4cafcdbd25ca6/element HTTP/1.1
User-Agent: selenium/4.1.2 (java windows)
Content-Length: 56
Content-Type: application/json; charset=utf-8
host: localhost:63455
accept: */*

Response DefaultHttpResponse(decodeResult: success, version: HTTP/1.1)
HTTP/1.1 200 OK
Content-Type: application/json; charset=utf-8
cache-control: no-cache
content-length: 88

16:04:40.222 [AsyncHttpClient-1-13] DEBUG org.asynchttpclient.netty.channel.ChannelManager - Adding key: http://localhost:63455 for channel [id: 0xd587a699, L:/127.0.0.1:60674 - R:localhost/127.0.0.1:63455]
16:04:40.222 [Forwarding clickElement on session 351a3c49b2b95bff37a4cafcdbd25ca6 to remote] DEBUG org.asynchttpclient.netty.request.NettyRequestSender - Using pooled Channel '[id: 0xd587a699, L:/127.0.0.1:60674 - R:localhost/127.0.0.1:63455]' for 'POST' to 'http://localhost:63455/session/351a3c49b2b95bff37a4cafcdbd25ca6/element/cb3fecc6-62e1-4fef-8c2c-eeaf72d85437/click'
16:04:40.222 [Forwarding clickElement on session 351a3c49b2b95bff37a4cafcdbd25ca6 to remote] DEBUG org.asynchttpclient.netty.request.NettyRequestSender - Using open Channel [id: 0xd587a699, L:/127.0.0.1:60674 - R:localhost/127.0.0.1:63455] for POST '/session/351a3c49b2b95bff37a4cafcdbd25ca6/element/cb3fecc6-62e1-4fef-8c2c-eeaf72d85437/click'
16:04:40.330 [AsyncHttpClient-1-13] DEBUG org.asynchttpclient.netty.handler.HttpHandler - 

Request DefaultHttpRequest(decodeResult: success, version: HTTP/1.1)
POST /session/351a3c49b2b95bff37a4cafcdbd25ca6/element/cb3fecc6-62e1-4fef-8c2c-eeaf72d85437/click HTTP/1.1
User-Agent: selenium/4.1.2 (java windows)
Content-Length: 50
Content-Type: application/json; charset=utf-8
host: localhost:63455
accept: */*

Response DefaultHttpResponse(decodeResult: success, version: HTTP/1.1)
HTTP/1.1 200 OK
Content-Type: application/json; charset=utf-8
cache-control: no-cache
content-length: 14

16:04:40.330 [AsyncHttpClient-1-13] DEBUG org.asynchttpclient.netty.channel.ChannelManager - Adding key: http://localhost:63455 for channel [id: 0xd587a699, L:/127.0.0.1:60674 - R:localhost/127.0.0.1:63455]
  &amp#27;[32mAnd &amp#27;[0m&amp#27;[32mi click continue button&amp#27;[0m                                                  &amp#27;[90m# starter.stepdefinitions.registerSteps.iClickContinueButton()&amp#27;[0m
16:04:40.350 [Forwarding screenshot on session 351a3c49b2b95bff37a4cafcdbd25ca6 to remote] DEBUG org.asynchttpclient.netty.request.NettyRequestSender - Using pooled Channel '[id: 0xd587a699, L:/127.0.0.1:60674 - R:localhost/127.0.0.1:63455]' for 'GET' to 'http://localhost:63455/session/351a3c49b2b95bff37a4cafcdbd25ca6/screenshot'
16:04:40.350 [Forwarding screenshot on session 351a3c49b2b95bff37a4cafcdbd25ca6 to remote] DEBUG org.asynchttpclient.netty.request.NettyRequestSender - Using open Channel [id: 0xd587a699, L:/127.0.0.1:60674 - R:localhost/127.0.0.1:63455] for GET '/session/351a3c49b2b95bff37a4cafcdbd25ca6/screenshot'
16:04:40.932 [AsyncHttpClient-1-1] DEBUG org.asynchttpclient.netty.channel.DefaultChannelPool - Entry count for : http://localhost:60675 : 1
16:04:41.108 [AsyncHttpClient-1-13] DEBUG org.asynchttpclient.netty.handler.HttpHandler - 

Request DefaultFullHttpRequest(decodeResult: success, version: HTTP/1.1, content: EmptyByteBufBE)
GET /session/351a3c49b2b95bff37a4cafcdbd25ca6/screenshot HTTP/1.1
User-Agent: selenium/4.1.2 (java windows)
Cache-Control: no-cache
Content-Type: application/json; charset=utf-8
host: localhost:63455
accept: */*

Response DefaultHttpResponse(decodeResult: success, version: HTTP/1.1)
HTTP/1.1 200 OK
Content-Type: application/json; charset=utf-8
cache-control: no-cache
content-length: 146068

16:04:41.108 [AsyncHttpClient-1-13] DEBUG org.asynchttpclient.netty.channel.ChannelManager - Adding key: http://localhost:63455 for channel [id: 0xd587a699, L:/127.0.0.1:60674 - R:localhost/127.0.0.1:63455]
16:04:41.116 [main] DEBUG net.serenitybdd.core.photography.Darkroom - Send negative for processing for target\site\serenity\7aa52209657762a2d9fe0d53cfb7b9455f6f9c7ddda14ceb94b1e7fcd393ef4b.png
16:04:41.116 [Darkroom Processing Line] DEBUG net.serenitybdd.core.photography.DarkroomProcessingLine - Processing screenshot image in /var/screenshots/screenshot-1903431207625516651
16:04:41.116 [Darkroom Processing Line] DEBUG net.serenitybdd.core.photography.DarkroomProcessingLine - Saving screenshot to target\site\serenity\7aa52209657762a2d9fe0d53cfb7b9455f6f9c7ddda14ceb94b1e7fcd393ef4b.png
16:04:41.132 [Forwarding findElement on session 351a3c49b2b95bff37a4cafcdbd25ca6 to remote] DEBUG org.asynchttpclient.netty.request.NettyRequestSender - Using pooled Channel '[id: 0xd587a699, L:/127.0.0.1:60674 - R:localhost/127.0.0.1:63455]' for 'POST' to 'http://localhost:63455/session/351a3c49b2b95bff37a4cafcdbd25ca6/element'
16:04:41.132 [Forwarding findElement on session 351a3c49b2b95bff37a4cafcdbd25ca6 to remote] DEBUG org.asynchttpclient.netty.request.NettyRequestSender - Using open Channel [id: 0xd587a699, L:/127.0.0.1:60674 - R:localhost/127.0.0.1:63455] for POST '/session/351a3c49b2b95bff37a4cafcdbd25ca6/element'
16:04:41.150 [AsyncHttpClient-1-13] DEBUG org.asynchttpclient.netty.handler.HttpHandler - 

Request DefaultHttpRequest(decodeResult: success, version: HTTP/1.1)
POST /session/351a3c49b2b95bff37a4cafcdbd25ca6/element HTTP/1.1
User-Agent: selenium/4.1.2 (java windows)
Content-Length: 69
Content-Type: application/json; charset=utf-8
host: localhost:63455
accept: */*

Response DefaultHttpResponse(decodeResult: success, version: HTTP/1.1)
HTTP/1.1 200 OK
Content-Type: application/json; charset=utf-8
cache-control: no-cache
content-length: 88

16:04:41.150 [AsyncHttpClient-1-13] DEBUG org.asynchttpclient.netty.channel.ChannelManager - Adding key: http://localhost:63455 for channel [id: 0xd587a699, L:/127.0.0.1:60674 - R:localhost/127.0.0.1:63455]
16:04:41.161 [Forwarding isElementDisplayed on session 351a3c49b2b95bff37a4cafcdbd25ca6 to remote] DEBUG org.asynchttpclient.netty.request.NettyRequestSender - Using pooled Channel '[id: 0xd587a699, L:/127.0.0.1:60674 - R:localhost/127.0.0.1:63455]' for 'POST' to 'http://localhost:63455/session/351a3c49b2b95bff37a4cafcdbd25ca6/execute/sync'
16:04:41.161 [Forwarding isElementDisplayed on session 351a3c49b2b95bff37a4cafcdbd25ca6 to remote] DEBUG org.asynchttpclient.netty.request.NettyRequestSender - Using open Channel [id: 0xd587a699, L:/127.0.0.1:60674 - R:localhost/127.0.0.1:63455] for POST '/session/351a3c49b2b95bff37a4cafcdbd25ca6/execute/sync'
16:04:41.185 [AsyncHttpClient-1-13] DEBUG org.asynchttpclient.netty.handler.HttpHandler - 

Request DefaultHttpRequest(decodeResult: success, version: HTTP/1.1)
POST /session/351a3c49b2b95bff37a4cafcdbd25ca6/execute/sync HTTP/1.1
User-Agent: selenium/4.1.2 (java windows)
Content-Length: 48780
Content-Type: application/json; charset=utf-8
host: localhost:63455
accept: */*

Response DefaultHttpResponse(decodeResult: success, version: HTTP/1.1)
HTTP/1.1 200 OK
Content-Type: application/json; charset=utf-8
cache-control: no-cache
content-length: 14

16:04:41.185 [AsyncHttpClient-1-13] DEBUG org.asynchttpclient.netty.channel.ChannelManager - Adding key: http://localhost:63455 for channel [id: 0xd587a699, L:/127.0.0.1:60674 - R:localhost/127.0.0.1:63455]
16:04:41.195 [Forwarding findElement on session 351a3c49b2b95bff37a4cafcdbd25ca6 to remote] DEBUG org.asynchttpclient.netty.request.NettyRequestSender - Using pooled Channel '[id: 0xd587a699, L:/127.0.0.1:60674 - R:localhost/127.0.0.1:63455]' for 'POST' to 'http://localhost:63455/session/351a3c49b2b95bff37a4cafcdbd25ca6/element'
16:04:41.195 [Forwarding findElement on session 351a3c49b2b95bff37a4cafcdbd25ca6 to remote] DEBUG org.asynchttpclient.netty.request.NettyRequestSender - Using open Channel [id: 0xd587a699, L:/127.0.0.1:60674 - R:localhost/127.0.0.1:63455] for POST '/session/351a3c49b2b95bff37a4cafcdbd25ca6/element'
16:04:41.217 [AsyncHttpClient-1-13] DEBUG org.asynchttpclient.netty.handler.HttpHandler - 

Request DefaultHttpRequest(decodeResult: success, version: HTTP/1.1)
POST /session/351a3c49b2b95bff37a4cafcdbd25ca6/element HTTP/1.1
User-Agent: selenium/4.1.2 (java windows)
Content-Length: 69
Content-Type: application/json; charset=utf-8
host: localhost:63455
accept: */*

Response DefaultHttpResponse(decodeResult: success, version: HTTP/1.1)
HTTP/1.1 200 OK
Content-Type: application/json; charset=utf-8
cache-control: no-cache
content-length: 88

16:04:41.217 [AsyncHttpClient-1-13] DEBUG org.asynchttpclient.netty.channel.ChannelManager - Adding key: http://localhost:63455 for channel [id: 0xd587a699, L:/127.0.0.1:60674 - R:localhost/127.0.0.1:63455]
16:04:41.230 [Forwarding isElementDisplayed on session 351a3c49b2b95bff37a4cafcdbd25ca6 to remote] DEBUG org.asynchttpclient.netty.request.NettyRequestSender - Using pooled Channel '[id: 0xd587a699, L:/127.0.0.1:60674 - R:localhost/127.0.0.1:63455]' for 'POST' to 'http://localhost:63455/session/351a3c49b2b95bff37a4cafcdbd25ca6/execute/sync'
16:04:41.230 [Forwarding isElementDisplayed on session 351a3c49b2b95bff37a4cafcdbd25ca6 to remote] DEBUG org.asynchttpclient.netty.request.NettyRequestSender - Using open Channel [id: 0xd587a699, L:/127.0.0.1:60674 - R:localhost/127.0.0.1:63455] for POST '/session/351a3c49b2b95bff37a4cafcdbd25ca6/execute/sync'
16:04:41.252 [AsyncHttpClient-1-13] DEBUG org.asynchttpclient.netty.handler.HttpHandler - 

Request DefaultHttpRequest(decodeResult: success, version: HTTP/1.1)
POST /session/351a3c49b2b95bff37a4cafcdbd25ca6/execute/sync HTTP/1.1
User-Agent: selenium/4.1.2 (java windows)
Content-Length: 48780
Content-Type: application/json; charset=utf-8
host: localhost:63455
accept: */*

Response DefaultHttpResponse(decodeResult: success, version: HTTP/1.1)
HTTP/1.1 200 OK
Content-Type: application/json; charset=utf-8
cache-control: no-cache
content-length: 14

16:04:41.252 [AsyncHttpClient-1-13] DEBUG org.asynchttpclient.netty.channel.ChannelManager - Adding key: http://localhost:63455 for channel [id: 0xd587a699, L:/127.0.0.1:60674 - R:localhost/127.0.0.1:63455]
  &amp#27;[32mThen &amp#27;[0m&amp#27;[32mi get my &amp#27;[0m&amp#27;[32m&amp#27;[1m"register page"&amp#27;[0m                                                &amp#27;[90m# starter.stepdefinitions.registerSteps.iGetMy(java.lang.String)&amp#27;[0m
16:04:41.270 [Forwarding screenshot on session 351a3c49b2b95bff37a4cafcdbd25ca6 to remote] DEBUG org.asynchttpclient.netty.request.NettyRequestSender - Using pooled Channel '[id: 0xd587a699, L:/127.0.0.1:60674 - R:localhost/127.0.0.1:63455]' for 'GET' to 'http://localhost:63455/session/351a3c49b2b95bff37a4cafcdbd25ca6/screenshot'
16:04:41.270 [Forwarding screenshot on session 351a3c49b2b95bff37a4cafcdbd25ca6 to remote] DEBUG org.asynchttpclient.netty.request.NettyRequestSender - Using open Channel [id: 0xd587a699, L:/127.0.0.1:60674 - R:localhost/127.0.0.1:63455] for GET '/session/351a3c49b2b95bff37a4cafcdbd25ca6/screenshot'
16:04:41.692 [AsyncHttpClient-1-13] DEBUG org.asynchttpclient.netty.handler.HttpHandler - 

Request DefaultFullHttpRequest(decodeResult: success, version: HTTP/1.1, content: EmptyByteBufBE)
GET /session/351a3c49b2b95bff37a4cafcdbd25ca6/screenshot HTTP/1.1
User-Agent: selenium/4.1.2 (java windows)
Cache-Control: no-cache
Content-Type: application/json; charset=utf-8
host: localhost:63455
accept: */*

Response DefaultHttpResponse(decodeResult: success, version: HTTP/1.1)
HTTP/1.1 200 OK
Content-Type: application/json; charset=utf-8
cache-control: no-cache
content-length: 145804

16:04:41.692 [AsyncHttpClient-1-13] DEBUG org.asynchttpclient.netty.channel.ChannelManager - Adding key: http://localhost:63455 for channel [id: 0xd587a699, L:/127.0.0.1:60674 - R:localhost/127.0.0.1:63455]
16:04:41.708 [main] DEBUG net.serenitybdd.core.photography.Darkroom - Send negative for processing for target\site\serenity\5ea6f81dfaede04110c48f43bb1b84311845e9212ed0c571f090466f000757df.png
16:04:41.708 [Darkroom Processing Line] DEBUG net.serenitybdd.core.photography.DarkroomProcessingLine - Processing screenshot image in /var/screenshots/screenshot-11779018921899245431
16:04:41.708 [Darkroom Processing Line] DEBUG net.serenitybdd.core.photography.DarkroomProcessingLine - Saving screenshot to target\site\serenity\5ea6f81dfaede04110c48f43bb1b84311845e9212ed0c571f090466f000757df.png
16:04:41.724 [AsyncHttpClient-1-15] DEBUG org.asynchttpclient.netty.handler.WebSocketHandler - Channel Closed: [id: 0x71478aa1, L:/127.0.0.1:60684 ! R:localhost/127.0.0.1:60675] with attribute NettyResponseFuture{currentRetry=5,
	isDone=1,
	isCancelled=0,
	asyncHandler=org.asynchttpclient.ws.WebSocketUpgradeHandler@16a5e304,
	nettyRequest=org.asynchttpclient.netty.request.NettyRequest@7df71ea7,
	future=java.util.concurrent.CompletableFuture@6e497782[Completed normally],
	uri=ws://localhost:60675/devtools/browser/017ead46-4ff5-459e-bdc4-8983f7d73999,
	keepAlive=true,
	redirectCount=0,
	timeoutsHolder=null,
	inAuth=0,
	touch=1658480670473}
16:04:41.724 [AsyncHttpClient-1-15] DEBUG org.asynchttpclient.netty.channel.ChannelManager - Closing Channel [id: 0x71478aa1, L:/127.0.0.1:60684 ! R:localhost/127.0.0.1:60675] 
16:04:41.724 [Driver Command Executor] DEBUG org.asynchttpclient.netty.request.NettyRequestSender - Using pooled Channel '[id: 0xd587a699, L:/127.0.0.1:60674 - R:localhost/127.0.0.1:63455]' for 'DELETE' to 'http://localhost:63455/session/351a3c49b2b95bff37a4cafcdbd25ca6'
16:04:41.724 [Driver Command Executor] DEBUG org.asynchttpclient.netty.request.NettyRequestSender - Using open Channel [id: 0xd587a699, L:/127.0.0.1:60674 - R:localhost/127.0.0.1:63455] for DELETE '/session/351a3c49b2b95bff37a4cafcdbd25ca6'
16:04:41.847 [AsyncHttpClient-1-14] DEBUG org.asynchttpclient.netty.handler.HttpHandler - Unexpected I/O exception on channel [id: 0x53108323, L:/127.0.0.1:60683 - R:localhost/127.0.0.1:60675]
java.net.SocketException: Connection reset
	at java.base/sun.nio.ch.SocketChannelImpl.throwConnectionReset(SocketChannelImpl.java:367)
	at java.base/sun.nio.ch.SocketChannelImpl.read(SocketChannelImpl.java:398)
	at io.netty.buffer.PooledByteBuf.setBytes(PooledByteBuf.java:258)
	at io.netty.buffer.AbstractByteBuf.writeBytes(AbstractByteBuf.java:1132)
	at io.netty.channel.socket.nio.NioSocketChannel.doReadBytes(NioSocketChannel.java:350)
	at io.netty.channel.nio.AbstractNioByteChannel$NioByteUnsafe.read(AbstractNioByteChannel.java:151)
	at io.netty.channel.nio.NioEventLoop.processSelectedKey(NioEventLoop.java:722)
	at io.netty.channel.nio.NioEventLoop.processSelectedKeysOptimized(NioEventLoop.java:658)
	at io.netty.channel.nio.NioEventLoop.processSelectedKeys(NioEventLoop.java:584)
	at io.netty.channel.nio.NioEventLoop.run(NioEventLoop.java:496)
	at io.netty.util.concurrent.SingleThreadEventExecutor$4.run(SingleThreadEventExecutor.java:986)
	at io.netty.util.internal.ThreadExecutorMap$2.run(ThreadExecutorMap.java:74)
	at io.netty.util.concurrent.FastThreadLocalRunnable.run(FastThreadLocalRunnable.java:30)
	at java.base/java.lang.Thread.run(Thread.java:832)
16:04:41.847 [AsyncHttpClient-1-14] DEBUG org.asynchttpclient.netty.channel.ChannelManager - Closing Channel [id: 0x53108323, L:/127.0.0.1:60683 - R:localhost/127.0.0.1:60675] 
16:04:41.847 [AsyncHttpClient-1-14] DEBUG org.asynchttpclient.netty.handler.HttpHandler - Channel Closed: [id: 0x53108323, L:/127.0.0.1:60683 ! R:localhost/127.0.0.1:60675] with attribute DISCARD
16:04:41.909 [AsyncHttpClient-1-13] DEBUG org.asynchttpclient.netty.handler.HttpHandler - 

Request DefaultFullHttpRequest(decodeResult: success, version: HTTP/1.1, content: EmptyByteBufBE)
DELETE /session/351a3c49b2b95bff37a4cafcdbd25ca6 HTTP/1.1
User-Agent: selenium/4.1.2 (java windows)
Content-Type: application/json; charset=utf-8
host: localhost:63455
accept: */*

Response DefaultHttpResponse(decodeResult: success, version: HTTP/1.1)
HTTP/1.1 200 OK
Content-Type: application/json; charset=utf-8
cache-control: no-cache
content-length: 14

16:04:41.909 [AsyncHttpClient-1-13] DEBUG org.asynchttpclient.netty.channel.ChannelManager - Adding key: http://localhost:63455 for channel [id: 0xd587a699, L:/127.0.0.1:60674 - R:localhost/127.0.0.1:63455]
16:04:42.021 [AsyncHttpClient-1-1] DEBUG org.asynchttpclient.netty.channel.DefaultChannelPool - Entry count for : http://localhost:63455 : 1
16:04:42.021 [AsyncHttpClient-1-1] DEBUG org.asynchttpclient.netty.channel.DefaultChannelPool - Entry count for : http://localhost:60675 : 1
16:04:42.021 [AsyncHttpClient-1-1] DEBUG org.asynchttpclient.netty.channel.DefaultChannelPool - Adding Candidate expired Channel [id: 0x53108323, L:/127.0.0.1:60683 ! R:localhost/127.0.0.1:60675] isIdleTimeoutExpired=false isRemotelyClosed=true isTtlExpired=false
16:04:42.021 [AsyncHttpClient-1-1] DEBUG org.asynchttpclient.netty.channel.DefaultChannelPool - Closing Idle Channel [id: 0x53108323, L:/127.0.0.1:60683 ! R:localhost/127.0.0.1:60675]
16:04:42.021 [AsyncHttpClient-1-1] DEBUG org.asynchttpclient.netty.channel.DefaultChannelPool - Closed 1 connections out of 2 in 0 ms
16:04:42.129 [AsyncHttpClient-1-13] DEBUG org.asynchttpclient.netty.handler.HttpHandler - Channel Closed: [id: 0xd587a699, L:/127.0.0.1:60674 ! R:localhost/127.0.0.1:63455] with attribute DISCARD
16:04:42.658 [main] INFO  - 
  _____   ___   ___   _____     ___     _     ___   ___   ___   ___  
 |_   _| | __| / __| |_   _|   | _ \   /_\   / __| / __| | __| |   \ 
   | |   | _|  \__ \   | |     |  _/  / _ \  \__ \ \__ \ | _|  | |) |
   |_|   |___| |___/   |_|     |_|   /_/ \_\ |___/ |___/ |___| |___/ 

Registration scenario
----------------------------------------------------------------------
]]></system-out>
    <system-err><![CDATA[Starting ChromeDriver 102.0.5005.61 (0e59bcc00cc4985ce39ad31c150065f159d95ad3-refs/branch-heads/5005@{#819}) on port 63455
Only local connections are allowed.
Please see https://chromedriver.chromium.org/security-considerations for suggestions on keeping ChromeDriver safe.
ChromeDriver was started successfully.
[1658480669.843][WARNING]: This version of ChromeDriver has not been tested with Chrome version 103.
Jul 22, 2022 4:04:30 PM org.openqa.selenium.remote.ProtocolHandshake createSession
INFO: Detected dialect: W3C
Jul 22, 2022 4:04:30 PM org.openqa.selenium.devtools.CdpVersionFinder findNearestMatch
WARNING: Unable to find an exact match for CDP version 103, so returning the closest version found: a no-op implementation
Jul 22, 2022 4:04:30 PM org.openqa.selenium.devtools.CdpVersionFinder findNearestMatch
INFO: Unable to find CDP implementation matching 103.
Jul 22, 2022 4:04:30 PM org.openqa.selenium.chromium.ChromiumDriver lambda$new$3
WARNING: Unable to find version of CDP to use for . You may need to include a dependency on a specific version of the CDP using something similar to `org.seleniumhq.selenium:selenium-devtools-v86:4.1.2` where the version ("v86") matches the version of the chromium-based browser you're using and the version number of the artifact is the same as Selenium's.
]]></system-err>
  </testcase>
  <testcase name="Registration scenario #3" classname="Registration" time="15.4">
    <system-out><![CDATA[
@register
Scenario Outline: Registration scenario                                  &amp#27;[90m# src/test/resources/features/register.feature:21&amp#27;[0m
16:04:42.668 [main] INFO io.cucumber.core.plugin.SerenityReporter - Running feature from file:///D:/PERKULIAHAN/Semester%206,Hebatt%20glad!/QE-FGD/Automation-test-Website%20-%20Copy/src/test/resources/features/register.feature
16:04:42.696 [main] INFO net.serenitybdd.core.webdriver.driverproviders.ChromeDriverProvider - Using automatically driver download
16:04:42.918 [main] DEBUG io.github.bonigarcia.wdm.cache.ResolutionCache - Resolution chrome=103 in cache (valid until 16:34:03 22/07/2022 WIB)
16:04:42.930 [main] DEBUG io.github.bonigarcia.wdm.cache.ResolutionCache - Resolution chrome103=103.0.5060.134 in cache (valid until 17:00:36 22/07/2022 WIB)
16:04:42.939 [main] INFO io.github.bonigarcia.wdm.WebDriverManager - Using chromedriver 103.0.5060.134 (resolved driver for Chrome 103)
16:04:42.970 [main] DEBUG io.github.bonigarcia.wdm.WebDriverManager - Driver chromedriver 103.0.5060.134 found in cache
16:04:42.970 [main] INFO io.github.bonigarcia.wdm.WebDriverManager - Exporting webdriver.chrome.driver as C:\Users\ASUS\.cache\selenium\chromedriver\win32\103.0.5060.134\chromedriver.exe
16:04:43.122 [AsyncHttpClient-1-1] DEBUG org.asynchttpclient.netty.channel.DefaultChannelPool - Entry count for : http://localhost:63455 : 1
16:04:43.122 [AsyncHttpClient-1-1] DEBUG org.asynchttpclient.netty.channel.DefaultChannelPool - Adding Candidate expired Channel [id: 0xd587a699, L:/127.0.0.1:60674 ! R:localhost/127.0.0.1:63455] isIdleTimeoutExpired=false isRemotelyClosed=true isTtlExpired=false
16:04:43.122 [AsyncHttpClient-1-1] DEBUG org.asynchttpclient.netty.channel.DefaultChannelPool - Closing Idle Channel [id: 0xd587a699, L:/127.0.0.1:60674 ! R:localhost/127.0.0.1:63455]
16:04:43.122 [AsyncHttpClient-1-1] DEBUG org.asynchttpclient.netty.channel.DefaultChannelPool - Closed 1 connections out of 1 in 0 ms
16:04:43.178 [main] DEBUG net.serenitybdd.core.webdriver.driverproviders.ProvideNewDriver - Instantiating driver
16:04:43.178 [main] DEBUG net.serenitybdd.core.webdriver.driverproviders.ProvideNewDriver - Driver capabilities: Capabilities {acceptInsecureCerts: false, base.url: https://found-capstone20.ne..., browserName: chrome, chrome.driver: src/test/resources/webdrive..., driver: chrome, goog:chromeOptions: {args: [], extensions: []}}
16:04:43.732 [AsyncHttpClient-1-16] DEBUG org.asynchttpclient.netty.channel.NettyConnectListener - Using new Channel '[id: 0x00caae4d, L:/127.0.0.1:60706 - R:localhost/127.0.0.1:62426]' for 'POST' to '/session'
16:04:45.317 [AsyncHttpClient-1-16] DEBUG org.asynchttpclient.netty.handler.HttpHandler - 

Request DefaultHttpRequest(decodeResult: success, version: HTTP/1.1)
POST /session HTTP/1.1
User-Agent: selenium/4.1.2 (java windows)
Content-Length: 623
Content-Type: application/json; charset=utf-8
host: localhost:62426
accept: */*

Response DefaultHttpResponse(decodeResult: success, version: HTTP/1.1)
HTTP/1.1 200 OK
Content-Type: application/json; charset=utf-8
cache-control: no-cache
content-length: 789

16:04:45.317 [AsyncHttpClient-1-16] DEBUG org.asynchttpclient.netty.channel.ChannelManager - Adding key: http://localhost:62426 for channel [id: 0x00caae4d, L:/127.0.0.1:60706 - R:localhost/127.0.0.1:62426]
16:04:45.325 [AsyncHttpClient-1-1] DEBUG org.asynchttpclient.netty.channel.DefaultChannelPool - Entry count for : http://localhost:62426 : 1
16:04:45.336 [AsyncHttpClient-1-17] DEBUG org.asynchttpclient.netty.channel.NettyConnectListener - Using new Channel '[id: 0x9a33d09d, L:/127.0.0.1:60716 - R:localhost/127.0.0.1:60707]' for 'GET' to '/json/version'
16:04:45.339 [AsyncHttpClient-1-17] DEBUG org.asynchttpclient.netty.handler.HttpHandler - 

Request DefaultFullHttpRequest(decodeResult: success, version: HTTP/1.1, content: EmptyByteBufBE)
GET /json/version HTTP/1.1
User-Agent: selenium/4.1.2 (java windows)
host: localhost:60707
accept: */*

Response DefaultHttpResponse(decodeResult: success, version: HTTP/1.1)
HTTP/1.1 200 OK
Content-Type: application/json; charset=UTF-8
content-length: 429

16:04:45.339 [AsyncHttpClient-1-17] DEBUG org.asynchttpclient.netty.channel.ChannelManager - Adding key: http://localhost:60707 for channel [id: 0x9a33d09d, L:/127.0.0.1:60716 - R:localhost/127.0.0.1:60707]
16:04:45.346 [AsyncHttpClient-1-2] DEBUG org.asynchttpclient.netty.channel.NettyConnectListener - Using new Channel '[id: 0x9cb8f959, L:/127.0.0.1:60717 - R:localhost/127.0.0.1:60707]' for 'GET' to '/devtools/browser/2d56a325-211f-4e3b-960c-41cb6f79f955'
16:04:45.355 [AsyncHttpClient-1-2] DEBUG org.asynchttpclient.netty.handler.WebSocketHandler - 

Request DefaultFullHttpRequest(decodeResult: success, version: HTTP/1.1, content: EmptyByteBufBE)
GET /devtools/browser/2d56a325-211f-4e3b-960c-41cb6f79f955 HTTP/1.1
upgrade: websocket
connection: upgrade
sec-websocket-key: eXa7nCr9VKd+ISNW4P034g==
sec-websocket-version: 13
origin: http://localhost:60707
host: localhost:60707
accept: */*
user-agent: AHC/2.1

Response DefaultHttpResponse(decodeResult: success, version: HTTP/1.1)
HTTP/1.1 101 WebSocket Protocol Handshake
Upgrade: WebSocket
Connection: Upgrade
Sec-WebSocket-Accept: 6USvU2paqjoWjq/gZABGMf2Pcso=

16:04:45.376 [Forwarding maximizeCurrentWindow on session afa5168adf26b449a09f4c321d2af91b to remote] DEBUG org.asynchttpclient.netty.request.NettyRequestSender - Using pooled Channel '[id: 0x00caae4d, L:/127.0.0.1:60706 - R:localhost/127.0.0.1:62426]' for 'POST' to 'http://localhost:62426/session/afa5168adf26b449a09f4c321d2af91b/window/maximize'
16:04:45.376 [Forwarding maximizeCurrentWindow on session afa5168adf26b449a09f4c321d2af91b to remote] DEBUG org.asynchttpclient.netty.request.NettyRequestSender - Using open Channel [id: 0x00caae4d, L:/127.0.0.1:60706 - R:localhost/127.0.0.1:62426] for POST '/session/afa5168adf26b449a09f4c321d2af91b/window/maximize'
16:04:45.564 [AsyncHttpClient-1-16] DEBUG org.asynchttpclient.netty.handler.HttpHandler - 

Request DefaultHttpRequest(decodeResult: success, version: HTTP/1.1)
POST /session/afa5168adf26b449a09f4c321d2af91b/window/maximize HTTP/1.1
User-Agent: selenium/4.1.2 (java windows)
Content-Length: 3
Content-Type: application/json; charset=utf-8
host: localhost:62426
accept: */*

Response DefaultHttpResponse(decodeResult: success, version: HTTP/1.1)
HTTP/1.1 200 OK
Content-Type: application/json; charset=utf-8
cache-control: no-cache
content-length: 51

16:04:45.564 [AsyncHttpClient-1-16] DEBUG org.asynchttpclient.netty.channel.ChannelManager - Adding key: http://localhost:62426 for channel [id: 0x00caae4d, L:/127.0.0.1:60706 - R:localhost/127.0.0.1:62426]
16:04:45.573 [Forwarding get on session afa5168adf26b449a09f4c321d2af91b to remote] DEBUG org.asynchttpclient.netty.request.NettyRequestSender - Using pooled Channel '[id: 0x00caae4d, L:/127.0.0.1:60706 - R:localhost/127.0.0.1:62426]' for 'POST' to 'http://localhost:62426/session/afa5168adf26b449a09f4c321d2af91b/url'
16:04:45.573 [Forwarding get on session afa5168adf26b449a09f4c321d2af91b to remote] DEBUG org.asynchttpclient.netty.request.NettyRequestSender - Using open Channel [id: 0x00caae4d, L:/127.0.0.1:60706 - R:localhost/127.0.0.1:62426] for POST '/session/afa5168adf26b449a09f4c321d2af91b/url'
16:04:46.421 [AsyncHttpClient-1-1] DEBUG org.asynchttpclient.netty.channel.DefaultChannelPool - Entry count for : http://localhost:60707 : 1
16:04:47.530 [AsyncHttpClient-1-1] DEBUG org.asynchttpclient.netty.channel.DefaultChannelPool - Entry count for : http://localhost:60707 : 1
16:04:48.621 [AsyncHttpClient-1-1] DEBUG org.asynchttpclient.netty.channel.DefaultChannelPool - Entry count for : http://localhost:60707 : 1
16:04:49.730 [AsyncHttpClient-1-1] DEBUG org.asynchttpclient.netty.channel.DefaultChannelPool - Entry count for : http://localhost:60707 : 1
16:04:50.821 [AsyncHttpClient-1-1] DEBUG org.asynchttpclient.netty.channel.DefaultChannelPool - Entry count for : http://localhost:60707 : 1
16:04:51.921 [AsyncHttpClient-1-1] DEBUG org.asynchttpclient.netty.channel.DefaultChannelPool - Entry count for : http://localhost:60707 : 1
16:04:52.021 [AsyncHttpClient-1-16] DEBUG org.asynchttpclient.netty.handler.HttpHandler - 

Request DefaultHttpRequest(decodeResult: success, version: HTTP/1.1)
POST /session/afa5168adf26b449a09f4c321d2af91b/url HTTP/1.1
User-Agent: selenium/4.1.2 (java windows)
Content-Length: 67
Content-Type: application/json; charset=utf-8
host: localhost:62426
accept: */*

Response DefaultHttpResponse(decodeResult: success, version: HTTP/1.1)
HTTP/1.1 200 OK
Content-Type: application/json; charset=utf-8
cache-control: no-cache
content-length: 14

16:04:52.021 [AsyncHttpClient-1-16] DEBUG org.asynchttpclient.netty.channel.ChannelManager - Adding key: http://localhost:62426 for channel [id: 0x00caae4d, L:/127.0.0.1:60706 - R:localhost/127.0.0.1:62426]
16:04:52.022 [Forwarding setTimeout on session afa5168adf26b449a09f4c321d2af91b to remote] DEBUG org.asynchttpclient.netty.request.NettyRequestSender - Using pooled Channel '[id: 0x00caae4d, L:/127.0.0.1:60706 - R:localhost/127.0.0.1:62426]' for 'POST' to 'http://localhost:62426/session/afa5168adf26b449a09f4c321d2af91b/timeouts'
16:04:52.022 [Forwarding setTimeout on session afa5168adf26b449a09f4c321d2af91b to remote] DEBUG org.asynchttpclient.netty.request.NettyRequestSender - Using open Channel [id: 0x00caae4d, L:/127.0.0.1:60706 - R:localhost/127.0.0.1:62426] for POST '/session/afa5168adf26b449a09f4c321d2af91b/timeouts'
16:04:52.022 [AsyncHttpClient-1-16] DEBUG org.asynchttpclient.netty.handler.HttpHandler - 

Request DefaultHttpRequest(decodeResult: success, version: HTTP/1.1)
POST /session/afa5168adf26b449a09f4c321d2af91b/timeouts HTTP/1.1
User-Agent: selenium/4.1.2 (java windows)
Content-Length: 22
Content-Type: application/json; charset=utf-8
host: localhost:62426
accept: */*

Response DefaultHttpResponse(decodeResult: success, version: HTTP/1.1)
HTTP/1.1 200 OK
Content-Type: application/json; charset=utf-8
cache-control: no-cache
content-length: 14

16:04:52.022 [AsyncHttpClient-1-16] DEBUG org.asynchttpclient.netty.channel.ChannelManager - Adding key: http://localhost:62426 for channel [id: 0x00caae4d, L:/127.0.0.1:60706 - R:localhost/127.0.0.1:62426]
16:04:52.022 [Forwarding getCurrentUrl on session afa5168adf26b449a09f4c321d2af91b to remote] DEBUG org.asynchttpclient.netty.request.NettyRequestSender - Using pooled Channel '[id: 0x00caae4d, L:/127.0.0.1:60706 - R:localhost/127.0.0.1:62426]' for 'GET' to 'http://localhost:62426/session/afa5168adf26b449a09f4c321d2af91b/url'
16:04:52.022 [Forwarding getCurrentUrl on session afa5168adf26b449a09f4c321d2af91b to remote] DEBUG org.asynchttpclient.netty.request.NettyRequestSender - Using open Channel [id: 0x00caae4d, L:/127.0.0.1:60706 - R:localhost/127.0.0.1:62426] for GET '/session/afa5168adf26b449a09f4c321d2af91b/url'
16:04:52.069 [AsyncHttpClient-1-16] DEBUG org.asynchttpclient.netty.handler.HttpHandler - 

Request DefaultFullHttpRequest(decodeResult: success, version: HTTP/1.1, content: EmptyByteBufBE)
GET /session/afa5168adf26b449a09f4c321d2af91b/url HTTP/1.1
User-Agent: selenium/4.1.2 (java windows)
Cache-Control: no-cache
Content-Type: application/json; charset=utf-8
host: localhost:62426
accept: */*

Response DefaultHttpResponse(decodeResult: success, version: HTTP/1.1)
HTTP/1.1 200 OK
Content-Type: application/json; charset=utf-8
cache-control: no-cache
content-length: 49

16:04:52.069 [AsyncHttpClient-1-16] DEBUG org.asynchttpclient.netty.channel.ChannelManager - Adding key: http://localhost:62426 for channel [id: 0x00caae4d, L:/127.0.0.1:60706 - R:localhost/127.0.0.1:62426]
  &amp#27;[32mGiven &amp#27;[0m&amp#27;[32mi access the web&amp#27;[0m                                                 &amp#27;[90m# starter.stepdefinitions.registerSteps.iAccessTheWeb()&amp#27;[0m
16:04:52.077 [Forwarding screenshot on session afa5168adf26b449a09f4c321d2af91b to remote] DEBUG org.asynchttpclient.netty.request.NettyRequestSender - Using pooled Channel '[id: 0x00caae4d, L:/127.0.0.1:60706 - R:localhost/127.0.0.1:62426]' for 'GET' to 'http://localhost:62426/session/afa5168adf26b449a09f4c321d2af91b/screenshot'
16:04:52.077 [Forwarding screenshot on session afa5168adf26b449a09f4c321d2af91b to remote] DEBUG org.asynchttpclient.netty.request.NettyRequestSender - Using open Channel [id: 0x00caae4d, L:/127.0.0.1:60706 - R:localhost/127.0.0.1:62426] for GET '/session/afa5168adf26b449a09f4c321d2af91b/screenshot'
16:04:52.417 [AsyncHttpClient-1-16] DEBUG org.asynchttpclient.netty.handler.HttpHandler - 

Request DefaultFullHttpRequest(decodeResult: success, version: HTTP/1.1, content: EmptyByteBufBE)
GET /session/afa5168adf26b449a09f4c321d2af91b/screenshot HTTP/1.1
User-Agent: selenium/4.1.2 (java windows)
Cache-Control: no-cache
Content-Type: application/json; charset=utf-8
host: localhost:62426
accept: */*

Response DefaultHttpResponse(decodeResult: success, version: HTTP/1.1)
HTTP/1.1 200 OK
Content-Type: application/json; charset=utf-8
cache-control: no-cache
content-length: 354376

16:04:52.417 [AsyncHttpClient-1-16] DEBUG org.asynchttpclient.netty.channel.ChannelManager - Adding key: http://localhost:62426 for channel [id: 0x00caae4d, L:/127.0.0.1:60706 - R:localhost/127.0.0.1:62426]
16:04:52.432 [main] DEBUG net.serenitybdd.core.photography.Darkroom - Send negative for processing for target\site\serenity\4660354df54a12fcd895682f5709ada0fe64cb7be35e163b54bdc9c5bb06ca8f.png
16:04:52.440 [Forwarding findElement on session afa5168adf26b449a09f4c321d2af91b to remote] DEBUG org.asynchttpclient.netty.request.NettyRequestSender - Using pooled Channel '[id: 0x00caae4d, L:/127.0.0.1:60706 - R:localhost/127.0.0.1:62426]' for 'POST' to 'http://localhost:62426/session/afa5168adf26b449a09f4c321d2af91b/element'
16:04:52.440 [Forwarding findElement on session afa5168adf26b449a09f4c321d2af91b to remote] DEBUG org.asynchttpclient.netty.request.NettyRequestSender - Using open Channel [id: 0x00caae4d, L:/127.0.0.1:60706 - R:localhost/127.0.0.1:62426] for POST '/session/afa5168adf26b449a09f4c321d2af91b/element'
16:04:52.480 [AsyncHttpClient-1-16] DEBUG org.asynchttpclient.netty.handler.HttpHandler - 

Request DefaultHttpRequest(decodeResult: success, version: HTTP/1.1)
POST /session/afa5168adf26b449a09f4c321d2af91b/element HTTP/1.1
User-Agent: selenium/4.1.2 (java windows)
Content-Length: 55
Content-Type: application/json; charset=utf-8
host: localhost:62426
accept: */*

Response DefaultHttpResponse(decodeResult: success, version: HTTP/1.1)
HTTP/1.1 200 OK
Content-Type: application/json; charset=utf-8
cache-control: no-cache
content-length: 88

16:04:52.480 [AsyncHttpClient-1-16] DEBUG org.asynchttpclient.netty.channel.ChannelManager - Adding key: http://localhost:62426 for channel [id: 0x00caae4d, L:/127.0.0.1:60706 - R:localhost/127.0.0.1:62426]
16:04:52.488 [Forwarding isElementDisplayed on session afa5168adf26b449a09f4c321d2af91b to remote] DEBUG org.asynchttpclient.netty.request.NettyRequestSender - Using pooled Channel '[id: 0x00caae4d, L:/127.0.0.1:60706 - R:localhost/127.0.0.1:62426]' for 'POST' to 'http://localhost:62426/session/afa5168adf26b449a09f4c321d2af91b/execute/sync'
16:04:52.488 [Forwarding isElementDisplayed on session afa5168adf26b449a09f4c321d2af91b to remote] DEBUG org.asynchttpclient.netty.request.NettyRequestSender - Using open Channel [id: 0x00caae4d, L:/127.0.0.1:60706 - R:localhost/127.0.0.1:62426] for POST '/session/afa5168adf26b449a09f4c321d2af91b/execute/sync'
16:04:52.530 [AsyncHttpClient-1-16] DEBUG org.asynchttpclient.netty.handler.HttpHandler - 

Request DefaultHttpRequest(decodeResult: success, version: HTTP/1.1)
POST /session/afa5168adf26b449a09f4c321d2af91b/execute/sync HTTP/1.1
User-Agent: selenium/4.1.2 (java windows)
Content-Length: 48780
Content-Type: application/json; charset=utf-8
host: localhost:62426
accept: */*

Response DefaultHttpResponse(decodeResult: success, version: HTTP/1.1)
HTTP/1.1 200 OK
Content-Type: application/json; charset=utf-8
cache-control: no-cache
content-length: 14

16:04:52.530 [AsyncHttpClient-1-16] DEBUG org.asynchttpclient.netty.channel.ChannelManager - Adding key: http://localhost:62426 for channel [id: 0x00caae4d, L:/127.0.0.1:60706 - R:localhost/127.0.0.1:62426]
16:04:52.541 [Forwarding findElement on session afa5168adf26b449a09f4c321d2af91b to remote] DEBUG org.asynchttpclient.netty.request.NettyRequestSender - Using pooled Channel '[id: 0x00caae4d, L:/127.0.0.1:60706 - R:localhost/127.0.0.1:62426]' for 'POST' to 'http://localhost:62426/session/afa5168adf26b449a09f4c321d2af91b/element'
16:04:52.541 [Forwarding findElement on session afa5168adf26b449a09f4c321d2af91b to remote] DEBUG org.asynchttpclient.netty.request.NettyRequestSender - Using open Channel [id: 0x00caae4d, L:/127.0.0.1:60706 - R:localhost/127.0.0.1:62426] for POST '/session/afa5168adf26b449a09f4c321d2af91b/element'
16:04:52.579 [AsyncHttpClient-1-16] DEBUG org.asynchttpclient.netty.handler.HttpHandler - 

Request DefaultHttpRequest(decodeResult: success, version: HTTP/1.1)
POST /session/afa5168adf26b449a09f4c321d2af91b/element HTTP/1.1
User-Agent: selenium/4.1.2 (java windows)
Content-Length: 72
Content-Type: application/json; charset=utf-8
host: localhost:62426
accept: */*

Response DefaultHttpResponse(decodeResult: success, version: HTTP/1.1)
HTTP/1.1 200 OK
Content-Type: application/json; charset=utf-8
cache-control: no-cache
content-length: 88

16:04:52.579 [AsyncHttpClient-1-16] DEBUG org.asynchttpclient.netty.channel.ChannelManager - Adding key: http://localhost:62426 for channel [id: 0x00caae4d, L:/127.0.0.1:60706 - R:localhost/127.0.0.1:62426]
16:04:52.587 [Forwarding getElementTagName on session afa5168adf26b449a09f4c321d2af91b to remote] DEBUG org.asynchttpclient.netty.request.NettyRequestSender - Using pooled Channel '[id: 0x00caae4d, L:/127.0.0.1:60706 - R:localhost/127.0.0.1:62426]' for 'GET' to 'http://localhost:62426/session/afa5168adf26b449a09f4c321d2af91b/element/3dd218f2-4a44-45b7-bb1b-19756bafc180/name'
16:04:52.587 [Forwarding getElementTagName on session afa5168adf26b449a09f4c321d2af91b to remote] DEBUG org.asynchttpclient.netty.request.NettyRequestSender - Using open Channel [id: 0x00caae4d, L:/127.0.0.1:60706 - R:localhost/127.0.0.1:62426] for GET '/session/afa5168adf26b449a09f4c321d2af91b/element/3dd218f2-4a44-45b7-bb1b-19756bafc180/name'
16:04:52.636 [AsyncHttpClient-1-16] DEBUG org.asynchttpclient.netty.handler.HttpHandler - 

Request DefaultFullHttpRequest(decodeResult: success, version: HTTP/1.1, content: EmptyByteBufBE)
GET /session/afa5168adf26b449a09f4c321d2af91b/element/3dd218f2-4a44-45b7-bb1b-19756bafc180/name HTTP/1.1
User-Agent: selenium/4.1.2 (java windows)
Cache-Control: no-cache
Content-Type: application/json; charset=utf-8
host: localhost:62426
accept: */*

Response DefaultHttpResponse(decodeResult: success, version: HTTP/1.1)
HTTP/1.1 200 OK
Content-Type: application/json; charset=utf-8
cache-control: no-cache
content-length: 13

16:04:52.636 [AsyncHttpClient-1-16] DEBUG org.asynchttpclient.netty.channel.ChannelManager - Adding key: http://localhost:62426 for channel [id: 0x00caae4d, L:/127.0.0.1:60706 - R:localhost/127.0.0.1:62426]
16:04:52.641 [Forwarding getElementTagName on session afa5168adf26b449a09f4c321d2af91b to remote] DEBUG org.asynchttpclient.netty.request.NettyRequestSender - Using pooled Channel '[id: 0x00caae4d, L:/127.0.0.1:60706 - R:localhost/127.0.0.1:62426]' for 'GET' to 'http://localhost:62426/session/afa5168adf26b449a09f4c321d2af91b/element/3dd218f2-4a44-45b7-bb1b-19756bafc180/name'
16:04:52.641 [Forwarding getElementTagName on session afa5168adf26b449a09f4c321d2af91b to remote] DEBUG org.asynchttpclient.netty.request.NettyRequestSender - Using open Channel [id: 0x00caae4d, L:/127.0.0.1:60706 - R:localhost/127.0.0.1:62426] for GET '/session/afa5168adf26b449a09f4c321d2af91b/element/3dd218f2-4a44-45b7-bb1b-19756bafc180/name'
16:04:52.679 [AsyncHttpClient-1-16] DEBUG org.asynchttpclient.netty.handler.HttpHandler - 

Request DefaultFullHttpRequest(decodeResult: success, version: HTTP/1.1, content: EmptyByteBufBE)
GET /session/afa5168adf26b449a09f4c321d2af91b/element/3dd218f2-4a44-45b7-bb1b-19756bafc180/name HTTP/1.1
User-Agent: selenium/4.1.2 (java windows)
Cache-Control: no-cache
Content-Type: application/json; charset=utf-8
host: localhost:62426
accept: */*

Response DefaultHttpResponse(decodeResult: success, version: HTTP/1.1)
HTTP/1.1 200 OK
Content-Type: application/json; charset=utf-8
cache-control: no-cache
content-length: 13

16:04:52.679 [AsyncHttpClient-1-16] DEBUG org.asynchttpclient.netty.channel.ChannelManager - Adding key: http://localhost:62426 for channel [id: 0x00caae4d, L:/127.0.0.1:60706 - R:localhost/127.0.0.1:62426]
16:04:52.679 [Forwarding findElement on session afa5168adf26b449a09f4c321d2af91b to remote] DEBUG org.asynchttpclient.netty.request.NettyRequestSender - Using pooled Channel '[id: 0x00caae4d, L:/127.0.0.1:60706 - R:localhost/127.0.0.1:62426]' for 'POST' to 'http://localhost:62426/session/afa5168adf26b449a09f4c321d2af91b/element'
16:04:52.679 [Forwarding findElement on session afa5168adf26b449a09f4c321d2af91b to remote] DEBUG org.asynchttpclient.netty.request.NettyRequestSender - Using open Channel [id: 0x00caae4d, L:/127.0.0.1:60706 - R:localhost/127.0.0.1:62426] for POST '/session/afa5168adf26b449a09f4c321d2af91b/element'
16:04:52.729 [AsyncHttpClient-1-16] DEBUG org.asynchttpclient.netty.handler.HttpHandler - 

Request DefaultHttpRequest(decodeResult: success, version: HTTP/1.1)
POST /session/afa5168adf26b449a09f4c321d2af91b/element HTTP/1.1
User-Agent: selenium/4.1.2 (java windows)
Content-Length: 72
Content-Type: application/json; charset=utf-8
host: localhost:62426
accept: */*

Response DefaultHttpResponse(decodeResult: success, version: HTTP/1.1)
HTTP/1.1 200 OK
Content-Type: application/json; charset=utf-8
cache-control: no-cache
content-length: 88

16:04:52.737 [AsyncHttpClient-1-16] DEBUG org.asynchttpclient.netty.channel.ChannelManager - Adding key: http://localhost:62426 for channel [id: 0x00caae4d, L:/127.0.0.1:60706 - R:localhost/127.0.0.1:62426]
16:04:52.737 [Forwarding clickElement on session afa5168adf26b449a09f4c321d2af91b to remote] DEBUG org.asynchttpclient.netty.request.NettyRequestSender - Using pooled Channel '[id: 0x00caae4d, L:/127.0.0.1:60706 - R:localhost/127.0.0.1:62426]' for 'POST' to 'http://localhost:62426/session/afa5168adf26b449a09f4c321d2af91b/element/3dd218f2-4a44-45b7-bb1b-19756bafc180/click'
16:04:52.741 [Forwarding clickElement on session afa5168adf26b449a09f4c321d2af91b to remote] DEBUG org.asynchttpclient.netty.request.NettyRequestSender - Using open Channel [id: 0x00caae4d, L:/127.0.0.1:60706 - R:localhost/127.0.0.1:62426] for POST '/session/afa5168adf26b449a09f4c321d2af91b/element/3dd218f2-4a44-45b7-bb1b-19756bafc180/click'
16:04:52.942 [AsyncHttpClient-1-16] DEBUG org.asynchttpclient.netty.handler.HttpHandler - 

Request DefaultHttpRequest(decodeResult: success, version: HTTP/1.1)
POST /session/afa5168adf26b449a09f4c321d2af91b/element/3dd218f2-4a44-45b7-bb1b-19756bafc180/click HTTP/1.1
User-Agent: selenium/4.1.2 (java windows)
Content-Length: 50
Content-Type: application/json; charset=utf-8
host: localhost:62426
accept: */*

Response DefaultHttpResponse(decodeResult: success, version: HTTP/1.1)
HTTP/1.1 200 OK
Content-Type: application/json; charset=utf-8
cache-control: no-cache
content-length: 14

16:04:52.942 [AsyncHttpClient-1-16] DEBUG org.asynchttpclient.netty.channel.ChannelManager - Adding key: http://localhost:62426 for channel [id: 0x00caae4d, L:/127.0.0.1:60706 - R:localhost/127.0.0.1:62426]
  &amp#27;[32mWhen &amp#27;[0m&amp#27;[32mi click get started&amp#27;[0m                                               &amp#27;[90m# starter.stepdefinitions.registerSteps.iClickGetStarted()&amp#27;[0m
16:04:52.960 [Forwarding screenshot on session afa5168adf26b449a09f4c321d2af91b to remote] DEBUG org.asynchttpclient.netty.request.NettyRequestSender - Using pooled Channel '[id: 0x00caae4d, L:/127.0.0.1:60706 - R:localhost/127.0.0.1:62426]' for 'GET' to 'http://localhost:62426/session/afa5168adf26b449a09f4c321d2af91b/screenshot'
16:04:52.960 [Forwarding screenshot on session afa5168adf26b449a09f4c321d2af91b to remote] DEBUG org.asynchttpclient.netty.request.NettyRequestSender - Using open Channel [id: 0x00caae4d, L:/127.0.0.1:60706 - R:localhost/127.0.0.1:62426] for GET '/session/afa5168adf26b449a09f4c321d2af91b/screenshot'
16:04:53.027 [AsyncHttpClient-1-1] DEBUG org.asynchttpclient.netty.channel.DefaultChannelPool - Entry count for : http://localhost:60707 : 1
16:04:53.370 [AsyncHttpClient-1-16] DEBUG org.asynchttpclient.netty.handler.HttpHandler - 

Request DefaultFullHttpRequest(decodeResult: success, version: HTTP/1.1, content: EmptyByteBufBE)
GET /session/afa5168adf26b449a09f4c321d2af91b/screenshot HTTP/1.1
User-Agent: selenium/4.1.2 (java windows)
Cache-Control: no-cache
Content-Type: application/json; charset=utf-8
host: localhost:62426
accept: */*

Response DefaultHttpResponse(decodeResult: success, version: HTTP/1.1)
HTTP/1.1 200 OK
Content-Type: application/json; charset=utf-8
cache-control: no-cache
content-length: 137764

16:04:53.378 [AsyncHttpClient-1-16] DEBUG org.asynchttpclient.netty.channel.ChannelManager - Adding key: http://localhost:62426 for channel [id: 0x00caae4d, L:/127.0.0.1:60706 - R:localhost/127.0.0.1:62426]
16:04:53.386 [main] DEBUG net.serenitybdd.core.photography.Darkroom - Send negative for processing for target\site\serenity\6a9dcb6ea26098c2993ac3036e33e7d71826cc1eba6471c71fdf466cf5fa73f0.png
16:04:53.386 [Darkroom Processing Line] DEBUG net.serenitybdd.core.photography.DarkroomProcessingLine - Processing screenshot image in /var/screenshots/screenshot-9367326347921817511
16:04:53.386 [Darkroom Processing Line] DEBUG net.serenitybdd.core.photography.DarkroomProcessingLine - Saving screenshot to target\site\serenity\6a9dcb6ea26098c2993ac3036e33e7d71826cc1eba6471c71fdf466cf5fa73f0.png
16:04:53.409 [Forwarding findElement on session afa5168adf26b449a09f4c321d2af91b to remote] DEBUG org.asynchttpclient.netty.request.NettyRequestSender - Using pooled Channel '[id: 0x00caae4d, L:/127.0.0.1:60706 - R:localhost/127.0.0.1:62426]' for 'POST' to 'http://localhost:62426/session/afa5168adf26b449a09f4c321d2af91b/element'
16:04:53.409 [Forwarding findElement on session afa5168adf26b449a09f4c321d2af91b to remote] DEBUG org.asynchttpclient.netty.request.NettyRequestSender - Using open Channel [id: 0x00caae4d, L:/127.0.0.1:60706 - R:localhost/127.0.0.1:62426] for POST '/session/afa5168adf26b449a09f4c321d2af91b/element'
16:04:53.430 [AsyncHttpClient-1-16] DEBUG org.asynchttpclient.netty.handler.HttpHandler - 

Request DefaultHttpRequest(decodeResult: success, version: HTTP/1.1)
POST /session/afa5168adf26b449a09f4c321d2af91b/element HTTP/1.1
User-Agent: selenium/4.1.2 (java windows)
Content-Length: 68
Content-Type: application/json; charset=utf-8
host: localhost:62426
accept: */*

Response DefaultHttpResponse(decodeResult: success, version: HTTP/1.1)
HTTP/1.1 200 OK
Content-Type: application/json; charset=utf-8
cache-control: no-cache
content-length: 88

16:04:53.430 [AsyncHttpClient-1-16] DEBUG org.asynchttpclient.netty.channel.ChannelManager - Adding key: http://localhost:62426 for channel [id: 0x00caae4d, L:/127.0.0.1:60706 - R:localhost/127.0.0.1:62426]
16:04:53.430 [Forwarding getElementTagName on session afa5168adf26b449a09f4c321d2af91b to remote] DEBUG org.asynchttpclient.netty.request.NettyRequestSender - Using pooled Channel '[id: 0x00caae4d, L:/127.0.0.1:60706 - R:localhost/127.0.0.1:62426]' for 'GET' to 'http://localhost:62426/session/afa5168adf26b449a09f4c321d2af91b/element/61533d83-e8bc-4a44-9d96-ddd6ad86537c/name'
16:04:53.430 [Forwarding getElementTagName on session afa5168adf26b449a09f4c321d2af91b to remote] DEBUG org.asynchttpclient.netty.request.NettyRequestSender - Using open Channel [id: 0x00caae4d, L:/127.0.0.1:60706 - R:localhost/127.0.0.1:62426] for GET '/session/afa5168adf26b449a09f4c321d2af91b/element/61533d83-e8bc-4a44-9d96-ddd6ad86537c/name'
16:04:53.438 [AsyncHttpClient-1-16] DEBUG org.asynchttpclient.netty.handler.HttpHandler - 

Request DefaultFullHttpRequest(decodeResult: success, version: HTTP/1.1, content: EmptyByteBufBE)
GET /session/afa5168adf26b449a09f4c321d2af91b/element/61533d83-e8bc-4a44-9d96-ddd6ad86537c/name HTTP/1.1
User-Agent: selenium/4.1.2 (java windows)
Cache-Control: no-cache
Content-Type: application/json; charset=utf-8
host: localhost:62426
accept: */*

Response DefaultHttpResponse(decodeResult: success, version: HTTP/1.1)
HTTP/1.1 200 OK
Content-Type: application/json; charset=utf-8
cache-control: no-cache
content-length: 13

16:04:53.438 [AsyncHttpClient-1-16] DEBUG org.asynchttpclient.netty.channel.ChannelManager - Adding key: http://localhost:62426 for channel [id: 0x00caae4d, L:/127.0.0.1:60706 - R:localhost/127.0.0.1:62426]
16:04:53.446 [Forwarding getElementTagName on session afa5168adf26b449a09f4c321d2af91b to remote] DEBUG org.asynchttpclient.netty.request.NettyRequestSender - Using pooled Channel '[id: 0x00caae4d, L:/127.0.0.1:60706 - R:localhost/127.0.0.1:62426]' for 'GET' to 'http://localhost:62426/session/afa5168adf26b449a09f4c321d2af91b/element/61533d83-e8bc-4a44-9d96-ddd6ad86537c/name'
16:04:53.446 [Forwarding getElementTagName on session afa5168adf26b449a09f4c321d2af91b to remote] DEBUG org.asynchttpclient.netty.request.NettyRequestSender - Using open Channel [id: 0x00caae4d, L:/127.0.0.1:60706 - R:localhost/127.0.0.1:62426] for GET '/session/afa5168adf26b449a09f4c321d2af91b/element/61533d83-e8bc-4a44-9d96-ddd6ad86537c/name'
16:04:53.457 [AsyncHttpClient-1-16] DEBUG org.asynchttpclient.netty.handler.HttpHandler - 

Request DefaultFullHttpRequest(decodeResult: success, version: HTTP/1.1, content: EmptyByteBufBE)
GET /session/afa5168adf26b449a09f4c321d2af91b/element/61533d83-e8bc-4a44-9d96-ddd6ad86537c/name HTTP/1.1
User-Agent: selenium/4.1.2 (java windows)
Cache-Control: no-cache
Content-Type: application/json; charset=utf-8
host: localhost:62426
accept: */*

Response DefaultHttpResponse(decodeResult: success, version: HTTP/1.1)
HTTP/1.1 200 OK
Content-Type: application/json; charset=utf-8
cache-control: no-cache
content-length: 13

16:04:53.457 [AsyncHttpClient-1-16] DEBUG org.asynchttpclient.netty.channel.ChannelManager - Adding key: http://localhost:62426 for channel [id: 0x00caae4d, L:/127.0.0.1:60706 - R:localhost/127.0.0.1:62426]
16:04:53.461 [Forwarding findElement on session afa5168adf26b449a09f4c321d2af91b to remote] DEBUG org.asynchttpclient.netty.request.NettyRequestSender - Using pooled Channel '[id: 0x00caae4d, L:/127.0.0.1:60706 - R:localhost/127.0.0.1:62426]' for 'POST' to 'http://localhost:62426/session/afa5168adf26b449a09f4c321d2af91b/element'
16:04:53.461 [Forwarding findElement on session afa5168adf26b449a09f4c321d2af91b to remote] DEBUG org.asynchttpclient.netty.request.NettyRequestSender - Using open Channel [id: 0x00caae4d, L:/127.0.0.1:60706 - R:localhost/127.0.0.1:62426] for POST '/session/afa5168adf26b449a09f4c321d2af91b/element'
16:04:53.469 [AsyncHttpClient-1-16] DEBUG org.asynchttpclient.netty.handler.HttpHandler - 

Request DefaultHttpRequest(decodeResult: success, version: HTTP/1.1)
POST /session/afa5168adf26b449a09f4c321d2af91b/element HTTP/1.1
User-Agent: selenium/4.1.2 (java windows)
Content-Length: 68
Content-Type: application/json; charset=utf-8
host: localhost:62426
accept: */*

Response DefaultHttpResponse(decodeResult: success, version: HTTP/1.1)
HTTP/1.1 200 OK
Content-Type: application/json; charset=utf-8
cache-control: no-cache
content-length: 88

16:04:53.469 [AsyncHttpClient-1-16] DEBUG org.asynchttpclient.netty.channel.ChannelManager - Adding key: http://localhost:62426 for channel [id: 0x00caae4d, L:/127.0.0.1:60706 - R:localhost/127.0.0.1:62426]
16:04:53.469 [Forwarding clickElement on session afa5168adf26b449a09f4c321d2af91b to remote] DEBUG org.asynchttpclient.netty.request.NettyRequestSender - Using pooled Channel '[id: 0x00caae4d, L:/127.0.0.1:60706 - R:localhost/127.0.0.1:62426]' for 'POST' to 'http://localhost:62426/session/afa5168adf26b449a09f4c321d2af91b/element/61533d83-e8bc-4a44-9d96-ddd6ad86537c/click'
16:04:53.469 [Forwarding clickElement on session afa5168adf26b449a09f4c321d2af91b to remote] DEBUG org.asynchttpclient.netty.request.NettyRequestSender - Using open Channel [id: 0x00caae4d, L:/127.0.0.1:60706 - R:localhost/127.0.0.1:62426] for POST '/session/afa5168adf26b449a09f4c321d2af91b/element/61533d83-e8bc-4a44-9d96-ddd6ad86537c/click'
16:04:53.549 [AsyncHttpClient-1-16] DEBUG org.asynchttpclient.netty.handler.HttpHandler - 

Request DefaultHttpRequest(decodeResult: success, version: HTTP/1.1)
POST /session/afa5168adf26b449a09f4c321d2af91b/element/61533d83-e8bc-4a44-9d96-ddd6ad86537c/click HTTP/1.1
User-Agent: selenium/4.1.2 (java windows)
Content-Length: 50
Content-Type: application/json; charset=utf-8
host: localhost:62426
accept: */*

Response DefaultHttpResponse(decodeResult: success, version: HTTP/1.1)
HTTP/1.1 200 OK
Content-Type: application/json; charset=utf-8
cache-control: no-cache
content-length: 14

16:04:53.549 [AsyncHttpClient-1-16] DEBUG org.asynchttpclient.netty.channel.ChannelManager - Adding key: http://localhost:62426 for channel [id: 0x00caae4d, L:/127.0.0.1:60706 - R:localhost/127.0.0.1:62426]
16:04:53.562 [Forwarding findElement on session afa5168adf26b449a09f4c321d2af91b to remote] DEBUG org.asynchttpclient.netty.request.NettyRequestSender - Using pooled Channel '[id: 0x00caae4d, L:/127.0.0.1:60706 - R:localhost/127.0.0.1:62426]' for 'POST' to 'http://localhost:62426/session/afa5168adf26b449a09f4c321d2af91b/element'
16:04:53.562 [Forwarding findElement on session afa5168adf26b449a09f4c321d2af91b to remote] DEBUG org.asynchttpclient.netty.request.NettyRequestSender - Using open Channel [id: 0x00caae4d, L:/127.0.0.1:60706 - R:localhost/127.0.0.1:62426] for POST '/session/afa5168adf26b449a09f4c321d2af91b/element'
16:04:53.577 [AsyncHttpClient-1-16] DEBUG org.asynchttpclient.netty.handler.HttpHandler - 

Request DefaultHttpRequest(decodeResult: success, version: HTTP/1.1)
POST /session/afa5168adf26b449a09f4c321d2af91b/element HTTP/1.1
User-Agent: selenium/4.1.2 (java windows)
Content-Length: 69
Content-Type: application/json; charset=utf-8
host: localhost:62426
accept: */*

Response DefaultHttpResponse(decodeResult: success, version: HTTP/1.1)
HTTP/1.1 200 OK
Content-Type: application/json; charset=utf-8
cache-control: no-cache
content-length: 88

16:04:53.577 [AsyncHttpClient-1-16] DEBUG org.asynchttpclient.netty.channel.ChannelManager - Adding key: http://localhost:62426 for channel [id: 0x00caae4d, L:/127.0.0.1:60706 - R:localhost/127.0.0.1:62426]
16:04:53.585 [Forwarding isElementDisplayed on session afa5168adf26b449a09f4c321d2af91b to remote] DEBUG org.asynchttpclient.netty.request.NettyRequestSender - Using pooled Channel '[id: 0x00caae4d, L:/127.0.0.1:60706 - R:localhost/127.0.0.1:62426]' for 'POST' to 'http://localhost:62426/session/afa5168adf26b449a09f4c321d2af91b/execute/sync'
16:04:53.585 [Forwarding isElementDisplayed on session afa5168adf26b449a09f4c321d2af91b to remote] DEBUG org.asynchttpclient.netty.request.NettyRequestSender - Using open Channel [id: 0x00caae4d, L:/127.0.0.1:60706 - R:localhost/127.0.0.1:62426] for POST '/session/afa5168adf26b449a09f4c321d2af91b/execute/sync'
16:04:53.617 [AsyncHttpClient-1-16] DEBUG org.asynchttpclient.netty.handler.HttpHandler - 

Request DefaultHttpRequest(decodeResult: success, version: HTTP/1.1)
POST /session/afa5168adf26b449a09f4c321d2af91b/execute/sync HTTP/1.1
User-Agent: selenium/4.1.2 (java windows)
Content-Length: 48780
Content-Type: application/json; charset=utf-8
host: localhost:62426
accept: */*

Response DefaultHttpResponse(decodeResult: success, version: HTTP/1.1)
HTTP/1.1 200 OK
Content-Type: application/json; charset=utf-8
cache-control: no-cache
content-length: 14

16:04:53.617 [AsyncHttpClient-1-16] DEBUG org.asynchttpclient.netty.channel.ChannelManager - Adding key: http://localhost:62426 for channel [id: 0x00caae4d, L:/127.0.0.1:60706 - R:localhost/127.0.0.1:62426]
  &amp#27;[32mAnd &amp#27;[0m&amp#27;[32mi click sign up&amp#27;[0m                                                    &amp#27;[90m# starter.stepdefinitions.registerSteps.iClickSignUp()&amp#27;[0m
16:04:53.628 [Forwarding screenshot on session afa5168adf26b449a09f4c321d2af91b to remote] DEBUG org.asynchttpclient.netty.request.NettyRequestSender - Using pooled Channel '[id: 0x00caae4d, L:/127.0.0.1:60706 - R:localhost/127.0.0.1:62426]' for 'GET' to 'http://localhost:62426/session/afa5168adf26b449a09f4c321d2af91b/screenshot'
16:04:53.628 [Forwarding screenshot on session afa5168adf26b449a09f4c321d2af91b to remote] DEBUG org.asynchttpclient.netty.request.NettyRequestSender - Using open Channel [id: 0x00caae4d, L:/127.0.0.1:60706 - R:localhost/127.0.0.1:62426] for GET '/session/afa5168adf26b449a09f4c321d2af91b/screenshot'
16:04:53.899 [AsyncHttpClient-1-16] DEBUG org.asynchttpclient.netty.handler.HttpHandler - 

Request DefaultFullHttpRequest(decodeResult: success, version: HTTP/1.1, content: EmptyByteBufBE)
GET /session/afa5168adf26b449a09f4c321d2af91b/screenshot HTTP/1.1
User-Agent: selenium/4.1.2 (java windows)
Cache-Control: no-cache
Content-Type: application/json; charset=utf-8
host: localhost:62426
accept: */*

Response DefaultHttpResponse(decodeResult: success, version: HTTP/1.1)
HTTP/1.1 200 OK
Content-Type: application/json; charset=utf-8
cache-control: no-cache
content-length: 113796

16:04:53.899 [AsyncHttpClient-1-16] DEBUG org.asynchttpclient.netty.channel.ChannelManager - Adding key: http://localhost:62426 for channel [id: 0x00caae4d, L:/127.0.0.1:60706 - R:localhost/127.0.0.1:62426]
16:04:53.908 [main] DEBUG net.serenitybdd.core.photography.Darkroom - Send negative for processing for target\site\serenity\da3b5c06f014e01b6efc44e3a2bc9bb6dda1124a8a81d50bd1a5db78373a078c.png
16:04:53.908 [Darkroom Processing Line] DEBUG net.serenitybdd.core.photography.DarkroomProcessingLine - Processing screenshot image in /var/screenshots/screenshot-9429978805782866085
16:04:53.908 [Darkroom Processing Line] DEBUG net.serenitybdd.core.photography.DarkroomProcessingLine - Saving screenshot to target\site\serenity\da3b5c06f014e01b6efc44e3a2bc9bb6dda1124a8a81d50bd1a5db78373a078c.png
16:04:53.920 [Forwarding findElement on session afa5168adf26b449a09f4c321d2af91b to remote] DEBUG org.asynchttpclient.netty.request.NettyRequestSender - Using pooled Channel '[id: 0x00caae4d, L:/127.0.0.1:60706 - R:localhost/127.0.0.1:62426]' for 'POST' to 'http://localhost:62426/session/afa5168adf26b449a09f4c321d2af91b/element'
16:04:53.920 [Forwarding findElement on session afa5168adf26b449a09f4c321d2af91b to remote] DEBUG org.asynchttpclient.netty.request.NettyRequestSender - Using open Channel [id: 0x00caae4d, L:/127.0.0.1:60706 - R:localhost/127.0.0.1:62426] for POST '/session/afa5168adf26b449a09f4c321d2af91b/element'
16:04:53.939 [AsyncHttpClient-1-16] DEBUG org.asynchttpclient.netty.handler.HttpHandler - 

Request DefaultHttpRequest(decodeResult: success, version: HTTP/1.1)
POST /session/afa5168adf26b449a09f4c321d2af91b/element HTTP/1.1
User-Agent: selenium/4.1.2 (java windows)
Content-Length: 66
Content-Type: application/json; charset=utf-8
host: localhost:62426
accept: */*

Response DefaultHttpResponse(decodeResult: success, version: HTTP/1.1)
HTTP/1.1 200 OK
Content-Type: application/json; charset=utf-8
cache-control: no-cache
content-length: 88

16:04:53.939 [AsyncHttpClient-1-16] DEBUG org.asynchttpclient.netty.channel.ChannelManager - Adding key: http://localhost:62426 for channel [id: 0x00caae4d, L:/127.0.0.1:60706 - R:localhost/127.0.0.1:62426]
16:04:53.939 [Forwarding clearElement on session afa5168adf26b449a09f4c321d2af91b to remote] DEBUG org.asynchttpclient.netty.request.NettyRequestSender - Using pooled Channel '[id: 0x00caae4d, L:/127.0.0.1:60706 - R:localhost/127.0.0.1:62426]' for 'POST' to 'http://localhost:62426/session/afa5168adf26b449a09f4c321d2af91b/element/a23f80b5-38dd-4def-992a-c846adf2bb25/clear'
16:04:53.939 [Forwarding clearElement on session afa5168adf26b449a09f4c321d2af91b to remote] DEBUG org.asynchttpclient.netty.request.NettyRequestSender - Using open Channel [id: 0x00caae4d, L:/127.0.0.1:60706 - R:localhost/127.0.0.1:62426] for POST '/session/afa5168adf26b449a09f4c321d2af91b/element/a23f80b5-38dd-4def-992a-c846adf2bb25/clear'
16:04:53.991 [AsyncHttpClient-1-16] DEBUG org.asynchttpclient.netty.handler.HttpHandler - 

Request DefaultHttpRequest(decodeResult: success, version: HTTP/1.1)
POST /session/afa5168adf26b449a09f4c321d2af91b/element/a23f80b5-38dd-4def-992a-c846adf2bb25/clear HTTP/1.1
User-Agent: selenium/4.1.2 (java windows)
Content-Length: 50
Content-Type: application/json; charset=utf-8
host: localhost:62426
accept: */*

Response DefaultHttpResponse(decodeResult: success, version: HTTP/1.1)
HTTP/1.1 200 OK
Content-Type: application/json; charset=utf-8
cache-control: no-cache
content-length: 14

16:04:53.991 [AsyncHttpClient-1-16] DEBUG org.asynchttpclient.netty.channel.ChannelManager - Adding key: http://localhost:62426 for channel [id: 0x00caae4d, L:/127.0.0.1:60706 - R:localhost/127.0.0.1:62426]
16:04:54.000 [Forwarding sendKeysToElement on session afa5168adf26b449a09f4c321d2af91b to remote] DEBUG org.asynchttpclient.netty.request.NettyRequestSender - Using pooled Channel '[id: 0x00caae4d, L:/127.0.0.1:60706 - R:localhost/127.0.0.1:62426]' for 'POST' to 'http://localhost:62426/session/afa5168adf26b449a09f4c321d2af91b/element/a23f80b5-38dd-4def-992a-c846adf2bb25/value'
16:04:54.000 [Forwarding sendKeysToElement on session afa5168adf26b449a09f4c321d2af91b to remote] DEBUG org.asynchttpclient.netty.request.NettyRequestSender - Using open Channel [id: 0x00caae4d, L:/127.0.0.1:60706 - R:localhost/127.0.0.1:62426] for POST '/session/afa5168adf26b449a09f4c321d2af91b/element/a23f80b5-38dd-4def-992a-c846adf2bb25/value'
16:04:54.129 [AsyncHttpClient-1-1] DEBUG org.asynchttpclient.netty.channel.DefaultChannelPool - Entry count for : http://localhost:60707 : 1
16:04:54.200 [AsyncHttpClient-1-16] DEBUG org.asynchttpclient.netty.handler.HttpHandler - 

Request DefaultHttpRequest(decodeResult: success, version: HTTP/1.1)
POST /session/afa5168adf26b449a09f4c321d2af91b/element/a23f80b5-38dd-4def-992a-c846adf2bb25/value HTTP/1.1
User-Agent: selenium/4.1.2 (java windows)
Content-Length: 171
Content-Type: application/json; charset=utf-8
host: localhost:62426
accept: */*

Response DefaultHttpResponse(decodeResult: success, version: HTTP/1.1)
HTTP/1.1 200 OK
Content-Type: application/json; charset=utf-8
cache-control: no-cache
content-length: 14

16:04:54.202 [AsyncHttpClient-1-16] DEBUG org.asynchttpclient.netty.channel.ChannelManager - Adding key: http://localhost:62426 for channel [id: 0x00caae4d, L:/127.0.0.1:60706 - R:localhost/127.0.0.1:62426]
16:04:54.210 [Forwarding findElement on session afa5168adf26b449a09f4c321d2af91b to remote] DEBUG org.asynchttpclient.netty.request.NettyRequestSender - Using pooled Channel '[id: 0x00caae4d, L:/127.0.0.1:60706 - R:localhost/127.0.0.1:62426]' for 'POST' to 'http://localhost:62426/session/afa5168adf26b449a09f4c321d2af91b/element'
16:04:54.210 [Forwarding findElement on session afa5168adf26b449a09f4c321d2af91b to remote] DEBUG org.asynchttpclient.netty.request.NettyRequestSender - Using open Channel [id: 0x00caae4d, L:/127.0.0.1:60706 - R:localhost/127.0.0.1:62426] for POST '/session/afa5168adf26b449a09f4c321d2af91b/element'
16:04:54.234 [AsyncHttpClient-1-16] DEBUG org.asynchttpclient.netty.handler.HttpHandler - 

Request DefaultHttpRequest(decodeResult: success, version: HTTP/1.1)
POST /session/afa5168adf26b449a09f4c321d2af91b/element HTTP/1.1
User-Agent: selenium/4.1.2 (java windows)
Content-Length: 63
Content-Type: application/json; charset=utf-8
host: localhost:62426
accept: */*

Response DefaultHttpResponse(decodeResult: success, version: HTTP/1.1)
HTTP/1.1 200 OK
Content-Type: application/json; charset=utf-8
cache-control: no-cache
content-length: 88

16:04:54.234 [AsyncHttpClient-1-16] DEBUG org.asynchttpclient.netty.channel.ChannelManager - Adding key: http://localhost:62426 for channel [id: 0x00caae4d, L:/127.0.0.1:60706 - R:localhost/127.0.0.1:62426]
16:04:54.239 [Forwarding clearElement on session afa5168adf26b449a09f4c321d2af91b to remote] DEBUG org.asynchttpclient.netty.request.NettyRequestSender - Using pooled Channel '[id: 0x00caae4d, L:/127.0.0.1:60706 - R:localhost/127.0.0.1:62426]' for 'POST' to 'http://localhost:62426/session/afa5168adf26b449a09f4c321d2af91b/element/cb2784fc-3004-41b5-98d1-634702a331bc/clear'
16:04:54.239 [Forwarding clearElement on session afa5168adf26b449a09f4c321d2af91b to remote] DEBUG org.asynchttpclient.netty.request.NettyRequestSender - Using open Channel [id: 0x00caae4d, L:/127.0.0.1:60706 - R:localhost/127.0.0.1:62426] for POST '/session/afa5168adf26b449a09f4c321d2af91b/element/cb2784fc-3004-41b5-98d1-634702a331bc/clear'
16:04:54.334 [AsyncHttpClient-1-16] DEBUG org.asynchttpclient.netty.handler.HttpHandler - 

Request DefaultHttpRequest(decodeResult: success, version: HTTP/1.1)
POST /session/afa5168adf26b449a09f4c321d2af91b/element/cb2784fc-3004-41b5-98d1-634702a331bc/clear HTTP/1.1
User-Agent: selenium/4.1.2 (java windows)
Content-Length: 50
Content-Type: application/json; charset=utf-8
host: localhost:62426
accept: */*

Response DefaultHttpResponse(decodeResult: success, version: HTTP/1.1)
HTTP/1.1 200 OK
Content-Type: application/json; charset=utf-8
cache-control: no-cache
content-length: 14

16:04:54.335 [AsyncHttpClient-1-16] DEBUG org.asynchttpclient.netty.channel.ChannelManager - Adding key: http://localhost:62426 for channel [id: 0x00caae4d, L:/127.0.0.1:60706 - R:localhost/127.0.0.1:62426]
16:04:54.345 [Forwarding sendKeysToElement on session afa5168adf26b449a09f4c321d2af91b to remote] DEBUG org.asynchttpclient.netty.request.NettyRequestSender - Using pooled Channel '[id: 0x00caae4d, L:/127.0.0.1:60706 - R:localhost/127.0.0.1:62426]' for 'POST' to 'http://localhost:62426/session/afa5168adf26b449a09f4c321d2af91b/element/cb2784fc-3004-41b5-98d1-634702a331bc/value'
16:04:54.345 [Forwarding sendKeysToElement on session afa5168adf26b449a09f4c321d2af91b to remote] DEBUG org.asynchttpclient.netty.request.NettyRequestSender - Using open Channel [id: 0x00caae4d, L:/127.0.0.1:60706 - R:localhost/127.0.0.1:62426] for POST '/session/afa5168adf26b449a09f4c321d2af91b/element/cb2784fc-3004-41b5-98d1-634702a331bc/value'
16:04:54.699 [AsyncHttpClient-1-16] DEBUG org.asynchttpclient.netty.handler.HttpHandler - 

Request DefaultHttpRequest(decodeResult: success, version: HTTP/1.1)
POST /session/afa5168adf26b449a09f4c321d2af91b/element/cb2784fc-3004-41b5-98d1-634702a331bc/value HTTP/1.1
User-Agent: selenium/4.1.2 (java windows)
Content-Length: 331
Content-Type: application/json; charset=utf-8
host: localhost:62426
accept: */*

Response DefaultHttpResponse(decodeResult: success, version: HTTP/1.1)
HTTP/1.1 200 OK
Content-Type: application/json; charset=utf-8
cache-control: no-cache
content-length: 14

16:04:54.699 [AsyncHttpClient-1-16] DEBUG org.asynchttpclient.netty.channel.ChannelManager - Adding key: http://localhost:62426 for channel [id: 0x00caae4d, L:/127.0.0.1:60706 - R:localhost/127.0.0.1:62426]
16:04:54.713 [Forwarding findElement on session afa5168adf26b449a09f4c321d2af91b to remote] DEBUG org.asynchttpclient.netty.request.NettyRequestSender - Using pooled Channel '[id: 0x00caae4d, L:/127.0.0.1:60706 - R:localhost/127.0.0.1:62426]' for 'POST' to 'http://localhost:62426/session/afa5168adf26b449a09f4c321d2af91b/element'
16:04:54.713 [Forwarding findElement on session afa5168adf26b449a09f4c321d2af91b to remote] DEBUG org.asynchttpclient.netty.request.NettyRequestSender - Using open Channel [id: 0x00caae4d, L:/127.0.0.1:60706 - R:localhost/127.0.0.1:62426] for POST '/session/afa5168adf26b449a09f4c321d2af91b/element'
16:04:54.748 [AsyncHttpClient-1-16] DEBUG org.asynchttpclient.netty.handler.HttpHandler - 

Request DefaultHttpRequest(decodeResult: success, version: HTTP/1.1)
POST /session/afa5168adf26b449a09f4c321d2af91b/element HTTP/1.1
User-Agent: selenium/4.1.2 (java windows)
Content-Length: 68
Content-Type: application/json; charset=utf-8
host: localhost:62426
accept: */*

Response DefaultHttpResponse(decodeResult: success, version: HTTP/1.1)
HTTP/1.1 200 OK
Content-Type: application/json; charset=utf-8
cache-control: no-cache
content-length: 88

16:04:54.749 [AsyncHttpClient-1-16] DEBUG org.asynchttpclient.netty.channel.ChannelManager - Adding key: http://localhost:62426 for channel [id: 0x00caae4d, L:/127.0.0.1:60706 - R:localhost/127.0.0.1:62426]
16:04:54.750 [Forwarding clearElement on session afa5168adf26b449a09f4c321d2af91b to remote] DEBUG org.asynchttpclient.netty.request.NettyRequestSender - Using pooled Channel '[id: 0x00caae4d, L:/127.0.0.1:60706 - R:localhost/127.0.0.1:62426]' for 'POST' to 'http://localhost:62426/session/afa5168adf26b449a09f4c321d2af91b/element/cc9f2f94-ff8d-4ab4-8d3b-d4abba81d950/clear'
16:04:54.750 [Forwarding clearElement on session afa5168adf26b449a09f4c321d2af91b to remote] DEBUG org.asynchttpclient.netty.request.NettyRequestSender - Using open Channel [id: 0x00caae4d, L:/127.0.0.1:60706 - R:localhost/127.0.0.1:62426] for POST '/session/afa5168adf26b449a09f4c321d2af91b/element/cc9f2f94-ff8d-4ab4-8d3b-d4abba81d950/clear'
16:04:54.817 [AsyncHttpClient-1-16] DEBUG org.asynchttpclient.netty.handler.HttpHandler - 

Request DefaultHttpRequest(decodeResult: success, version: HTTP/1.1)
POST /session/afa5168adf26b449a09f4c321d2af91b/element/cc9f2f94-ff8d-4ab4-8d3b-d4abba81d950/clear HTTP/1.1
User-Agent: selenium/4.1.2 (java windows)
Content-Length: 50
Content-Type: application/json; charset=utf-8
host: localhost:62426
accept: */*

Response DefaultHttpResponse(decodeResult: success, version: HTTP/1.1)
HTTP/1.1 200 OK
Content-Type: application/json; charset=utf-8
cache-control: no-cache
content-length: 14

16:04:54.817 [AsyncHttpClient-1-16] DEBUG org.asynchttpclient.netty.channel.ChannelManager - Adding key: http://localhost:62426 for channel [id: 0x00caae4d, L:/127.0.0.1:60706 - R:localhost/127.0.0.1:62426]
16:04:54.828 [Forwarding sendKeysToElement on session afa5168adf26b449a09f4c321d2af91b to remote] DEBUG org.asynchttpclient.netty.request.NettyRequestSender - Using pooled Channel '[id: 0x00caae4d, L:/127.0.0.1:60706 - R:localhost/127.0.0.1:62426]' for 'POST' to 'http://localhost:62426/session/afa5168adf26b449a09f4c321d2af91b/element/cc9f2f94-ff8d-4ab4-8d3b-d4abba81d950/value'
16:04:54.828 [Forwarding sendKeysToElement on session afa5168adf26b449a09f4c321d2af91b to remote] DEBUG org.asynchttpclient.netty.request.NettyRequestSender - Using open Channel [id: 0x00caae4d, L:/127.0.0.1:60706 - R:localhost/127.0.0.1:62426] for POST '/session/afa5168adf26b449a09f4c321d2af91b/element/cc9f2f94-ff8d-4ab4-8d3b-d4abba81d950/value'
16:04:55.004 [AsyncHttpClient-1-16] DEBUG org.asynchttpclient.netty.handler.HttpHandler - 

Request DefaultHttpRequest(decodeResult: success, version: HTTP/1.1)
POST /session/afa5168adf26b449a09f4c321d2af91b/element/cc9f2f94-ff8d-4ab4-8d3b-d4abba81d950/value HTTP/1.1
User-Agent: selenium/4.1.2 (java windows)
Content-Length: 211
Content-Type: application/json; charset=utf-8
host: localhost:62426
accept: */*

Response DefaultHttpResponse(decodeResult: success, version: HTTP/1.1)
HTTP/1.1 200 OK
Content-Type: application/json; charset=utf-8
cache-control: no-cache
content-length: 14

16:04:55.004 [AsyncHttpClient-1-16] DEBUG org.asynchttpclient.netty.channel.ChannelManager - Adding key: http://localhost:62426 for channel [id: 0x00caae4d, L:/127.0.0.1:60706 - R:localhost/127.0.0.1:62426]
16:04:55.012 [Forwarding findElement on session afa5168adf26b449a09f4c321d2af91b to remote] DEBUG org.asynchttpclient.netty.request.NettyRequestSender - Using pooled Channel '[id: 0x00caae4d, L:/127.0.0.1:60706 - R:localhost/127.0.0.1:62426]' for 'POST' to 'http://localhost:62426/session/afa5168adf26b449a09f4c321d2af91b/element'
16:04:55.012 [Forwarding findElement on session afa5168adf26b449a09f4c321d2af91b to remote] DEBUG org.asynchttpclient.netty.request.NettyRequestSender - Using open Channel [id: 0x00caae4d, L:/127.0.0.1:60706 - R:localhost/127.0.0.1:62426] for POST '/session/afa5168adf26b449a09f4c321d2af91b/element'
16:04:55.039 [AsyncHttpClient-1-16] DEBUG org.asynchttpclient.netty.handler.HttpHandler - 

Request DefaultHttpRequest(decodeResult: success, version: HTTP/1.1)
POST /session/afa5168adf26b449a09f4c321d2af91b/element HTTP/1.1
User-Agent: selenium/4.1.2 (java windows)
Content-Length: 77
Content-Type: application/json; charset=utf-8
host: localhost:62426
accept: */*

Response DefaultHttpResponse(decodeResult: success, version: HTTP/1.1)
HTTP/1.1 200 OK
Content-Type: application/json; charset=utf-8
cache-control: no-cache
content-length: 88

16:04:55.039 [AsyncHttpClient-1-16] DEBUG org.asynchttpclient.netty.channel.ChannelManager - Adding key: http://localhost:62426 for channel [id: 0x00caae4d, L:/127.0.0.1:60706 - R:localhost/127.0.0.1:62426]
16:04:55.039 [Forwarding clearElement on session afa5168adf26b449a09f4c321d2af91b to remote] DEBUG org.asynchttpclient.netty.request.NettyRequestSender - Using pooled Channel '[id: 0x00caae4d, L:/127.0.0.1:60706 - R:localhost/127.0.0.1:62426]' for 'POST' to 'http://localhost:62426/session/afa5168adf26b449a09f4c321d2af91b/element/d2fb8205-0af5-4119-ba22-18d38659bc3c/clear'
16:04:55.039 [Forwarding clearElement on session afa5168adf26b449a09f4c321d2af91b to remote] DEBUG org.asynchttpclient.netty.request.NettyRequestSender - Using open Channel [id: 0x00caae4d, L:/127.0.0.1:60706 - R:localhost/127.0.0.1:62426] for POST '/session/afa5168adf26b449a09f4c321d2af91b/element/d2fb8205-0af5-4119-ba22-18d38659bc3c/clear'
16:04:55.117 [AsyncHttpClient-1-16] DEBUG org.asynchttpclient.netty.handler.HttpHandler - 

Request DefaultHttpRequest(decodeResult: success, version: HTTP/1.1)
POST /session/afa5168adf26b449a09f4c321d2af91b/element/d2fb8205-0af5-4119-ba22-18d38659bc3c/clear HTTP/1.1
User-Agent: selenium/4.1.2 (java windows)
Content-Length: 50
Content-Type: application/json; charset=utf-8
host: localhost:62426
accept: */*

Response DefaultHttpResponse(decodeResult: success, version: HTTP/1.1)
HTTP/1.1 200 OK
Content-Type: application/json; charset=utf-8
cache-control: no-cache
content-length: 14

16:04:55.117 [AsyncHttpClient-1-16] DEBUG org.asynchttpclient.netty.channel.ChannelManager - Adding key: http://localhost:62426 for channel [id: 0x00caae4d, L:/127.0.0.1:60706 - R:localhost/127.0.0.1:62426]
16:04:55.121 [Forwarding sendKeysToElement on session afa5168adf26b449a09f4c321d2af91b to remote] DEBUG org.asynchttpclient.netty.request.NettyRequestSender - Using pooled Channel '[id: 0x00caae4d, L:/127.0.0.1:60706 - R:localhost/127.0.0.1:62426]' for 'POST' to 'http://localhost:62426/session/afa5168adf26b449a09f4c321d2af91b/element/d2fb8205-0af5-4119-ba22-18d38659bc3c/value'
16:04:55.121 [Forwarding sendKeysToElement on session afa5168adf26b449a09f4c321d2af91b to remote] DEBUG org.asynchttpclient.netty.request.NettyRequestSender - Using open Channel [id: 0x00caae4d, L:/127.0.0.1:60706 - R:localhost/127.0.0.1:62426] for POST '/session/afa5168adf26b449a09f4c321d2af91b/element/d2fb8205-0af5-4119-ba22-18d38659bc3c/value'
16:04:55.221 [AsyncHttpClient-1-1] DEBUG org.asynchttpclient.netty.channel.DefaultChannelPool - Entry count for : http://localhost:60707 : 1
16:04:55.320 [AsyncHttpClient-1-16] DEBUG org.asynchttpclient.netty.handler.HttpHandler - 

Request DefaultHttpRequest(decodeResult: success, version: HTTP/1.1)
POST /session/afa5168adf26b449a09f4c321d2af91b/element/d2fb8205-0af5-4119-ba22-18d38659bc3c/value HTTP/1.1
User-Agent: selenium/4.1.2 (java windows)
Content-Length: 211
Content-Type: application/json; charset=utf-8
host: localhost:62426
accept: */*

Response DefaultHttpResponse(decodeResult: success, version: HTTP/1.1)
HTTP/1.1 200 OK
Content-Type: application/json; charset=utf-8
cache-control: no-cache
content-length: 14

16:04:55.320 [AsyncHttpClient-1-16] DEBUG org.asynchttpclient.netty.channel.ChannelManager - Adding key: http://localhost:62426 for channel [id: 0x00caae4d, L:/127.0.0.1:60706 - R:localhost/127.0.0.1:62426]
  &amp#27;[32mAnd &amp#27;[0m&amp#27;[32mi input &amp#27;[0m&amp#27;[32m&amp#27;[1m"sonyaprds"&amp#27;[0m&amp#27;[32m and &amp#27;[0m&amp#27;[32m&amp#27;[1m""&amp#27;[0m&amp#27;[32m and &amp#27;[0m&amp#27;[32m&amp#27;[1m"SonyaPrds1511"&amp#27;[0m&amp#27;[32m and &amp#27;[0m&amp#27;[32m&amp#27;[1m"SonyaPrds1511"&amp#27;[0m &amp#27;[90m# starter.stepdefinitions.registerSteps.iInputAndAndAnd(java.lang.String,java.lang.String,java.lang.String,java.lang.String)&amp#27;[0m
16:04:55.341 [Forwarding screenshot on session afa5168adf26b449a09f4c321d2af91b to remote] DEBUG org.asynchttpclient.netty.request.NettyRequestSender - Using pooled Channel '[id: 0x00caae4d, L:/127.0.0.1:60706 - R:localhost/127.0.0.1:62426]' for 'GET' to 'http://localhost:62426/session/afa5168adf26b449a09f4c321d2af91b/screenshot'
16:04:55.341 [Forwarding screenshot on session afa5168adf26b449a09f4c321d2af91b to remote] DEBUG org.asynchttpclient.netty.request.NettyRequestSender - Using open Channel [id: 0x00caae4d, L:/127.0.0.1:60706 - R:localhost/127.0.0.1:62426] for GET '/session/afa5168adf26b449a09f4c321d2af91b/screenshot'
16:04:55.610 [AsyncHttpClient-1-16] DEBUG org.asynchttpclient.netty.handler.HttpHandler - 

Request DefaultFullHttpRequest(decodeResult: success, version: HTTP/1.1, content: EmptyByteBufBE)
GET /session/afa5168adf26b449a09f4c321d2af91b/screenshot HTTP/1.1
User-Agent: selenium/4.1.2 (java windows)
Cache-Control: no-cache
Content-Type: application/json; charset=utf-8
host: localhost:62426
accept: */*

Response DefaultHttpResponse(decodeResult: success, version: HTTP/1.1)
HTTP/1.1 200 OK
Content-Type: application/json; charset=utf-8
cache-control: no-cache
content-length: 141672

16:04:55.621 [AsyncHttpClient-1-16] DEBUG org.asynchttpclient.netty.channel.ChannelManager - Adding key: http://localhost:62426 for channel [id: 0x00caae4d, L:/127.0.0.1:60706 - R:localhost/127.0.0.1:62426]
16:04:55.656 [main] DEBUG net.serenitybdd.core.photography.Darkroom - Send negative for processing for target\site\serenity\7eb98ff07f5188c7f8f51e953c0a8efd1ff87cad48bea01985f9d7064f9fde12.png
16:04:55.664 [Darkroom Processing Line] DEBUG net.serenitybdd.core.photography.DarkroomProcessingLine - Processing screenshot image in /var/screenshots/screenshot-16966368758553075175
16:04:55.664 [Darkroom Processing Line] DEBUG net.serenitybdd.core.photography.DarkroomProcessingLine - Saving screenshot to target\site\serenity\7eb98ff07f5188c7f8f51e953c0a8efd1ff87cad48bea01985f9d7064f9fde12.png
16:04:55.722 [Forwarding screenshot on session afa5168adf26b449a09f4c321d2af91b to remote] DEBUG org.asynchttpclient.netty.request.NettyRequestSender - Using pooled Channel '[id: 0x00caae4d, L:/127.0.0.1:60706 - R:localhost/127.0.0.1:62426]' for 'GET' to 'http://localhost:62426/session/afa5168adf26b449a09f4c321d2af91b/screenshot'
16:04:55.722 [Forwarding screenshot on session afa5168adf26b449a09f4c321d2af91b to remote] DEBUG org.asynchttpclient.netty.request.NettyRequestSender - Using open Channel [id: 0x00caae4d, L:/127.0.0.1:60706 - R:localhost/127.0.0.1:62426] for GET '/session/afa5168adf26b449a09f4c321d2af91b/screenshot'
16:04:56.042 [AsyncHttpClient-1-16] DEBUG org.asynchttpclient.netty.handler.HttpHandler - 

Request DefaultFullHttpRequest(decodeResult: success, version: HTTP/1.1, content: EmptyByteBufBE)
GET /session/afa5168adf26b449a09f4c321d2af91b/screenshot HTTP/1.1
User-Agent: selenium/4.1.2 (java windows)
Cache-Control: no-cache
Content-Type: application/json; charset=utf-8
host: localhost:62426
accept: */*

Response DefaultHttpResponse(decodeResult: success, version: HTTP/1.1)
HTTP/1.1 200 OK
Content-Type: application/json; charset=utf-8
cache-control: no-cache
content-length: 141672

16:04:56.042 [AsyncHttpClient-1-16] DEBUG org.asynchttpclient.netty.channel.ChannelManager - Adding key: http://localhost:62426 for channel [id: 0x00caae4d, L:/127.0.0.1:60706 - R:localhost/127.0.0.1:62426]
16:04:56.049 [main] DEBUG net.serenitybdd.core.photography.Darkroom - Send negative for processing for target\site\serenity\7eb98ff07f5188c7f8f51e953c0a8efd1ff87cad48bea01985f9d7064f9fde12.png
16:04:56.049 [Forwarding findElement on session afa5168adf26b449a09f4c321d2af91b to remote] DEBUG org.asynchttpclient.netty.request.NettyRequestSender - Using pooled Channel '[id: 0x00caae4d, L:/127.0.0.1:60706 - R:localhost/127.0.0.1:62426]' for 'POST' to 'http://localhost:62426/session/afa5168adf26b449a09f4c321d2af91b/element'
16:04:56.049 [Forwarding findElement on session afa5168adf26b449a09f4c321d2af91b to remote] DEBUG org.asynchttpclient.netty.request.NettyRequestSender - Using open Channel [id: 0x00caae4d, L:/127.0.0.1:60706 - R:localhost/127.0.0.1:62426] for POST '/session/afa5168adf26b449a09f4c321d2af91b/element'
16:04:56.070 [AsyncHttpClient-1-16] DEBUG org.asynchttpclient.netty.handler.HttpHandler - 

Request DefaultHttpRequest(decodeResult: success, version: HTTP/1.1)
POST /session/afa5168adf26b449a09f4c321d2af91b/element HTTP/1.1
User-Agent: selenium/4.1.2 (java windows)
Content-Length: 56
Content-Type: application/json; charset=utf-8
host: localhost:62426
accept: */*

Response DefaultHttpResponse(decodeResult: success, version: HTTP/1.1)
HTTP/1.1 200 OK
Content-Type: application/json; charset=utf-8
cache-control: no-cache
content-length: 88

16:04:56.070 [AsyncHttpClient-1-16] DEBUG org.asynchttpclient.netty.channel.ChannelManager - Adding key: http://localhost:62426 for channel [id: 0x00caae4d, L:/127.0.0.1:60706 - R:localhost/127.0.0.1:62426]
16:04:56.076 [Forwarding getElementTagName on session afa5168adf26b449a09f4c321d2af91b to remote] DEBUG org.asynchttpclient.netty.request.NettyRequestSender - Using pooled Channel '[id: 0x00caae4d, L:/127.0.0.1:60706 - R:localhost/127.0.0.1:62426]' for 'GET' to 'http://localhost:62426/session/afa5168adf26b449a09f4c321d2af91b/element/43df0ae5-c48e-4c24-babe-7d8961630a82/name'
16:04:56.076 [Forwarding getElementTagName on session afa5168adf26b449a09f4c321d2af91b to remote] DEBUG org.asynchttpclient.netty.request.NettyRequestSender - Using open Channel [id: 0x00caae4d, L:/127.0.0.1:60706 - R:localhost/127.0.0.1:62426] for GET '/session/afa5168adf26b449a09f4c321d2af91b/element/43df0ae5-c48e-4c24-babe-7d8961630a82/name'
16:04:56.081 [AsyncHttpClient-1-16] DEBUG org.asynchttpclient.netty.handler.HttpHandler - 

Request DefaultFullHttpRequest(decodeResult: success, version: HTTP/1.1, content: EmptyByteBufBE)
GET /session/afa5168adf26b449a09f4c321d2af91b/element/43df0ae5-c48e-4c24-babe-7d8961630a82/name HTTP/1.1
User-Agent: selenium/4.1.2 (java windows)
Cache-Control: no-cache
Content-Type: application/json; charset=utf-8
host: localhost:62426
accept: */*

Response DefaultHttpResponse(decodeResult: success, version: HTTP/1.1)
HTTP/1.1 200 OK
Content-Type: application/json; charset=utf-8
cache-control: no-cache
content-length: 18

16:04:56.081 [AsyncHttpClient-1-16] DEBUG org.asynchttpclient.netty.channel.ChannelManager - Adding key: http://localhost:62426 for channel [id: 0x00caae4d, L:/127.0.0.1:60706 - R:localhost/127.0.0.1:62426]
16:04:56.081 [Forwarding getElementTagName on session afa5168adf26b449a09f4c321d2af91b to remote] DEBUG org.asynchttpclient.netty.request.NettyRequestSender - Using pooled Channel '[id: 0x00caae4d, L:/127.0.0.1:60706 - R:localhost/127.0.0.1:62426]' for 'GET' to 'http://localhost:62426/session/afa5168adf26b449a09f4c321d2af91b/element/43df0ae5-c48e-4c24-babe-7d8961630a82/name'
16:04:56.081 [Forwarding getElementTagName on session afa5168adf26b449a09f4c321d2af91b to remote] DEBUG org.asynchttpclient.netty.request.NettyRequestSender - Using open Channel [id: 0x00caae4d, L:/127.0.0.1:60706 - R:localhost/127.0.0.1:62426] for GET '/session/afa5168adf26b449a09f4c321d2af91b/element/43df0ae5-c48e-4c24-babe-7d8961630a82/name'
16:04:56.089 [AsyncHttpClient-1-16] DEBUG org.asynchttpclient.netty.handler.HttpHandler - 

Request DefaultFullHttpRequest(decodeResult: success, version: HTTP/1.1, content: EmptyByteBufBE)
GET /session/afa5168adf26b449a09f4c321d2af91b/element/43df0ae5-c48e-4c24-babe-7d8961630a82/name HTTP/1.1
User-Agent: selenium/4.1.2 (java windows)
Cache-Control: no-cache
Content-Type: application/json; charset=utf-8
host: localhost:62426
accept: */*

Response DefaultHttpResponse(decodeResult: success, version: HTTP/1.1)
HTTP/1.1 200 OK
Content-Type: application/json; charset=utf-8
cache-control: no-cache
content-length: 18

16:04:56.089 [AsyncHttpClient-1-16] DEBUG org.asynchttpclient.netty.channel.ChannelManager - Adding key: http://localhost:62426 for channel [id: 0x00caae4d, L:/127.0.0.1:60706 - R:localhost/127.0.0.1:62426]
16:04:56.089 [Forwarding isElementEnabled on session afa5168adf26b449a09f4c321d2af91b to remote] DEBUG org.asynchttpclient.netty.request.NettyRequestSender - Using pooled Channel '[id: 0x00caae4d, L:/127.0.0.1:60706 - R:localhost/127.0.0.1:62426]' for 'GET' to 'http://localhost:62426/session/afa5168adf26b449a09f4c321d2af91b/element/43df0ae5-c48e-4c24-babe-7d8961630a82/enabled'
16:04:56.089 [Forwarding isElementEnabled on session afa5168adf26b449a09f4c321d2af91b to remote] DEBUG org.asynchttpclient.netty.request.NettyRequestSender - Using open Channel [id: 0x00caae4d, L:/127.0.0.1:60706 - R:localhost/127.0.0.1:62426] for GET '/session/afa5168adf26b449a09f4c321d2af91b/element/43df0ae5-c48e-4c24-babe-7d8961630a82/enabled'
16:04:56.109 [AsyncHttpClient-1-16] DEBUG org.asynchttpclient.netty.handler.HttpHandler - 

Request DefaultFullHttpRequest(decodeResult: success, version: HTTP/1.1, content: EmptyByteBufBE)
GET /session/afa5168adf26b449a09f4c321d2af91b/element/43df0ae5-c48e-4c24-babe-7d8961630a82/enabled HTTP/1.1
User-Agent: selenium/4.1.2 (java windows)
Cache-Control: no-cache
Content-Type: application/json; charset=utf-8
host: localhost:62426
accept: */*

Response DefaultHttpResponse(decodeResult: success, version: HTTP/1.1)
HTTP/1.1 200 OK
Content-Type: application/json; charset=utf-8
cache-control: no-cache
content-length: 14

16:04:56.109 [AsyncHttpClient-1-16] DEBUG org.asynchttpclient.netty.channel.ChannelManager - Adding key: http://localhost:62426 for channel [id: 0x00caae4d, L:/127.0.0.1:60706 - R:localhost/127.0.0.1:62426]
16:04:56.109 [Forwarding isElementEnabled on session afa5168adf26b449a09f4c321d2af91b to remote] DEBUG org.asynchttpclient.netty.request.NettyRequestSender - Using pooled Channel '[id: 0x00caae4d, L:/127.0.0.1:60706 - R:localhost/127.0.0.1:62426]' for 'GET' to 'http://localhost:62426/session/afa5168adf26b449a09f4c321d2af91b/element/43df0ae5-c48e-4c24-babe-7d8961630a82/enabled'
16:04:56.109 [Forwarding isElementEnabled on session afa5168adf26b449a09f4c321d2af91b to remote] DEBUG org.asynchttpclient.netty.request.NettyRequestSender - Using open Channel [id: 0x00caae4d, L:/127.0.0.1:60706 - R:localhost/127.0.0.1:62426] for GET '/session/afa5168adf26b449a09f4c321d2af91b/element/43df0ae5-c48e-4c24-babe-7d8961630a82/enabled'
16:04:56.118 [AsyncHttpClient-1-16] DEBUG org.asynchttpclient.netty.handler.HttpHandler - 

Request DefaultFullHttpRequest(decodeResult: success, version: HTTP/1.1, content: EmptyByteBufBE)
GET /session/afa5168adf26b449a09f4c321d2af91b/element/43df0ae5-c48e-4c24-babe-7d8961630a82/enabled HTTP/1.1
User-Agent: selenium/4.1.2 (java windows)
Cache-Control: no-cache
Content-Type: application/json; charset=utf-8
host: localhost:62426
accept: */*

Response DefaultHttpResponse(decodeResult: success, version: HTTP/1.1)
HTTP/1.1 200 OK
Content-Type: application/json; charset=utf-8
cache-control: no-cache
content-length: 14

16:04:56.118 [AsyncHttpClient-1-16] DEBUG org.asynchttpclient.netty.channel.ChannelManager - Adding key: http://localhost:62426 for channel [id: 0x00caae4d, L:/127.0.0.1:60706 - R:localhost/127.0.0.1:62426]
16:04:56.126 [Forwarding findElement on session afa5168adf26b449a09f4c321d2af91b to remote] DEBUG org.asynchttpclient.netty.request.NettyRequestSender - Using pooled Channel '[id: 0x00caae4d, L:/127.0.0.1:60706 - R:localhost/127.0.0.1:62426]' for 'POST' to 'http://localhost:62426/session/afa5168adf26b449a09f4c321d2af91b/element'
16:04:56.126 [Forwarding findElement on session afa5168adf26b449a09f4c321d2af91b to remote] DEBUG org.asynchttpclient.netty.request.NettyRequestSender - Using open Channel [id: 0x00caae4d, L:/127.0.0.1:60706 - R:localhost/127.0.0.1:62426] for POST '/session/afa5168adf26b449a09f4c321d2af91b/element'
16:04:56.140 [AsyncHttpClient-1-16] DEBUG org.asynchttpclient.netty.handler.HttpHandler - 

Request DefaultHttpRequest(decodeResult: success, version: HTTP/1.1)
POST /session/afa5168adf26b449a09f4c321d2af91b/element HTTP/1.1
User-Agent: selenium/4.1.2 (java windows)
Content-Length: 56
Content-Type: application/json; charset=utf-8
host: localhost:62426
accept: */*

Response DefaultHttpResponse(decodeResult: success, version: HTTP/1.1)
HTTP/1.1 200 OK
Content-Type: application/json; charset=utf-8
cache-control: no-cache
content-length: 88

16:04:56.141 [AsyncHttpClient-1-16] DEBUG org.asynchttpclient.netty.channel.ChannelManager - Adding key: http://localhost:62426 for channel [id: 0x00caae4d, L:/127.0.0.1:60706 - R:localhost/127.0.0.1:62426]
16:04:56.142 [Forwarding clickElement on session afa5168adf26b449a09f4c321d2af91b to remote] DEBUG org.asynchttpclient.netty.request.NettyRequestSender - Using pooled Channel '[id: 0x00caae4d, L:/127.0.0.1:60706 - R:localhost/127.0.0.1:62426]' for 'POST' to 'http://localhost:62426/session/afa5168adf26b449a09f4c321d2af91b/element/43df0ae5-c48e-4c24-babe-7d8961630a82/click'
16:04:56.142 [Forwarding clickElement on session afa5168adf26b449a09f4c321d2af91b to remote] DEBUG org.asynchttpclient.netty.request.NettyRequestSender - Using open Channel [id: 0x00caae4d, L:/127.0.0.1:60706 - R:localhost/127.0.0.1:62426] for POST '/session/afa5168adf26b449a09f4c321d2af91b/element/43df0ae5-c48e-4c24-babe-7d8961630a82/click'
16:04:56.209 [AsyncHttpClient-1-16] DEBUG org.asynchttpclient.netty.handler.HttpHandler - 

Request DefaultHttpRequest(decodeResult: success, version: HTTP/1.1)
POST /session/afa5168adf26b449a09f4c321d2af91b/element/43df0ae5-c48e-4c24-babe-7d8961630a82/click HTTP/1.1
User-Agent: selenium/4.1.2 (java windows)
Content-Length: 50
Content-Type: application/json; charset=utf-8
host: localhost:62426
accept: */*

Response DefaultHttpResponse(decodeResult: success, version: HTTP/1.1)
HTTP/1.1 200 OK
Content-Type: application/json; charset=utf-8
cache-control: no-cache
content-length: 14

16:04:56.209 [AsyncHttpClient-1-16] DEBUG org.asynchttpclient.netty.channel.ChannelManager - Adding key: http://localhost:62426 for channel [id: 0x00caae4d, L:/127.0.0.1:60706 - R:localhost/127.0.0.1:62426]
  &amp#27;[32mAnd &amp#27;[0m&amp#27;[32mi click continue button&amp#27;[0m                                            &amp#27;[90m# starter.stepdefinitions.registerSteps.iClickContinueButton()&amp#27;[0m
16:04:56.220 [Forwarding screenshot on session afa5168adf26b449a09f4c321d2af91b to remote] DEBUG org.asynchttpclient.netty.request.NettyRequestSender - Using pooled Channel '[id: 0x00caae4d, L:/127.0.0.1:60706 - R:localhost/127.0.0.1:62426]' for 'GET' to 'http://localhost:62426/session/afa5168adf26b449a09f4c321d2af91b/screenshot'
16:04:56.220 [Forwarding screenshot on session afa5168adf26b449a09f4c321d2af91b to remote] DEBUG org.asynchttpclient.netty.request.NettyRequestSender - Using open Channel [id: 0x00caae4d, L:/127.0.0.1:60706 - R:localhost/127.0.0.1:62426] for GET '/session/afa5168adf26b449a09f4c321d2af91b/screenshot'
16:04:56.328 [AsyncHttpClient-1-1] DEBUG org.asynchttpclient.netty.channel.DefaultChannelPool - Entry count for : http://localhost:60707 : 1
16:04:56.512 [AsyncHttpClient-1-16] DEBUG org.asynchttpclient.netty.handler.HttpHandler - 

Request DefaultFullHttpRequest(decodeResult: success, version: HTTP/1.1, content: EmptyByteBufBE)
GET /session/afa5168adf26b449a09f4c321d2af91b/screenshot HTTP/1.1
User-Agent: selenium/4.1.2 (java windows)
Cache-Control: no-cache
Content-Type: application/json; charset=utf-8
host: localhost:62426
accept: */*

Response DefaultHttpResponse(decodeResult: success, version: HTTP/1.1)
HTTP/1.1 200 OK
Content-Type: application/json; charset=utf-8
cache-control: no-cache
content-length: 141608

16:04:56.512 [AsyncHttpClient-1-16] DEBUG org.asynchttpclient.netty.channel.ChannelManager - Adding key: http://localhost:62426 for channel [id: 0x00caae4d, L:/127.0.0.1:60706 - R:localhost/127.0.0.1:62426]
16:04:56.520 [main] DEBUG net.serenitybdd.core.photography.Darkroom - Send negative for processing for target\site\serenity\37957b24ca9116baa975c61467ecfe3eb906e949cccb7b9aaf4d1bee24beb0f9.png
16:04:56.530 [Darkroom Processing Line] DEBUG net.serenitybdd.core.photography.DarkroomProcessingLine - Processing screenshot image in /var/screenshots/screenshot-1864203706086653783
16:04:56.530 [Darkroom Processing Line] DEBUG net.serenitybdd.core.photography.DarkroomProcessingLine - Saving screenshot to target\site\serenity\37957b24ca9116baa975c61467ecfe3eb906e949cccb7b9aaf4d1bee24beb0f9.png
16:04:56.547 [Forwarding findElement on session afa5168adf26b449a09f4c321d2af91b to remote] DEBUG org.asynchttpclient.netty.request.NettyRequestSender - Using pooled Channel '[id: 0x00caae4d, L:/127.0.0.1:60706 - R:localhost/127.0.0.1:62426]' for 'POST' to 'http://localhost:62426/session/afa5168adf26b449a09f4c321d2af91b/element'
16:04:56.547 [Forwarding findElement on session afa5168adf26b449a09f4c321d2af91b to remote] DEBUG org.asynchttpclient.netty.request.NettyRequestSender - Using open Channel [id: 0x00caae4d, L:/127.0.0.1:60706 - R:localhost/127.0.0.1:62426] for POST '/session/afa5168adf26b449a09f4c321d2af91b/element'
16:04:56.559 [AsyncHttpClient-1-16] DEBUG org.asynchttpclient.netty.handler.HttpHandler - 

Request DefaultHttpRequest(decodeResult: success, version: HTTP/1.1)
POST /session/afa5168adf26b449a09f4c321d2af91b/element HTTP/1.1
User-Agent: selenium/4.1.2 (java windows)
Content-Length: 69
Content-Type: application/json; charset=utf-8
host: localhost:62426
accept: */*

Response DefaultHttpResponse(decodeResult: success, version: HTTP/1.1)
HTTP/1.1 200 OK
Content-Type: application/json; charset=utf-8
cache-control: no-cache
content-length: 88

16:04:56.559 [AsyncHttpClient-1-16] DEBUG org.asynchttpclient.netty.channel.ChannelManager - Adding key: http://localhost:62426 for channel [id: 0x00caae4d, L:/127.0.0.1:60706 - R:localhost/127.0.0.1:62426]
16:04:56.573 [Forwarding isElementDisplayed on session afa5168adf26b449a09f4c321d2af91b to remote] DEBUG org.asynchttpclient.netty.request.NettyRequestSender - Using pooled Channel '[id: 0x00caae4d, L:/127.0.0.1:60706 - R:localhost/127.0.0.1:62426]' for 'POST' to 'http://localhost:62426/session/afa5168adf26b449a09f4c321d2af91b/execute/sync'
16:04:56.573 [Forwarding isElementDisplayed on session afa5168adf26b449a09f4c321d2af91b to remote] DEBUG org.asynchttpclient.netty.request.NettyRequestSender - Using open Channel [id: 0x00caae4d, L:/127.0.0.1:60706 - R:localhost/127.0.0.1:62426] for POST '/session/afa5168adf26b449a09f4c321d2af91b/execute/sync'
16:04:56.588 [AsyncHttpClient-1-16] DEBUG org.asynchttpclient.netty.handler.HttpHandler - 

Request DefaultHttpRequest(decodeResult: success, version: HTTP/1.1)
POST /session/afa5168adf26b449a09f4c321d2af91b/execute/sync HTTP/1.1
User-Agent: selenium/4.1.2 (java windows)
Content-Length: 48780
Content-Type: application/json; charset=utf-8
host: localhost:62426
accept: */*

Response DefaultHttpResponse(decodeResult: success, version: HTTP/1.1)
HTTP/1.1 200 OK
Content-Type: application/json; charset=utf-8
cache-control: no-cache
content-length: 14

16:04:56.588 [AsyncHttpClient-1-16] DEBUG org.asynchttpclient.netty.channel.ChannelManager - Adding key: http://localhost:62426 for channel [id: 0x00caae4d, L:/127.0.0.1:60706 - R:localhost/127.0.0.1:62426]
16:04:56.588 [Forwarding findElement on session afa5168adf26b449a09f4c321d2af91b to remote] DEBUG org.asynchttpclient.netty.request.NettyRequestSender - Using pooled Channel '[id: 0x00caae4d, L:/127.0.0.1:60706 - R:localhost/127.0.0.1:62426]' for 'POST' to 'http://localhost:62426/session/afa5168adf26b449a09f4c321d2af91b/element'
16:04:56.588 [Forwarding findElement on session afa5168adf26b449a09f4c321d2af91b to remote] DEBUG org.asynchttpclient.netty.request.NettyRequestSender - Using open Channel [id: 0x00caae4d, L:/127.0.0.1:60706 - R:localhost/127.0.0.1:62426] for POST '/session/afa5168adf26b449a09f4c321d2af91b/element'
16:04:56.601 [AsyncHttpClient-1-16] DEBUG org.asynchttpclient.netty.handler.HttpHandler - 

Request DefaultHttpRequest(decodeResult: success, version: HTTP/1.1)
POST /session/afa5168adf26b449a09f4c321d2af91b/element HTTP/1.1
User-Agent: selenium/4.1.2 (java windows)
Content-Length: 69
Content-Type: application/json; charset=utf-8
host: localhost:62426
accept: */*

Response DefaultHttpResponse(decodeResult: success, version: HTTP/1.1)
HTTP/1.1 200 OK
Content-Type: application/json; charset=utf-8
cache-control: no-cache
content-length: 88

16:04:56.601 [AsyncHttpClient-1-16] DEBUG org.asynchttpclient.netty.channel.ChannelManager - Adding key: http://localhost:62426 for channel [id: 0x00caae4d, L:/127.0.0.1:60706 - R:localhost/127.0.0.1:62426]
16:04:56.609 [Forwarding isElementDisplayed on session afa5168adf26b449a09f4c321d2af91b to remote] DEBUG org.asynchttpclient.netty.request.NettyRequestSender - Using pooled Channel '[id: 0x00caae4d, L:/127.0.0.1:60706 - R:localhost/127.0.0.1:62426]' for 'POST' to 'http://localhost:62426/session/afa5168adf26b449a09f4c321d2af91b/execute/sync'
16:04:56.609 [Forwarding isElementDisplayed on session afa5168adf26b449a09f4c321d2af91b to remote] DEBUG org.asynchttpclient.netty.request.NettyRequestSender - Using open Channel [id: 0x00caae4d, L:/127.0.0.1:60706 - R:localhost/127.0.0.1:62426] for POST '/session/afa5168adf26b449a09f4c321d2af91b/execute/sync'
16:04:56.629 [AsyncHttpClient-1-16] DEBUG org.asynchttpclient.netty.handler.HttpHandler - 

Request DefaultHttpRequest(decodeResult: success, version: HTTP/1.1)
POST /session/afa5168adf26b449a09f4c321d2af91b/execute/sync HTTP/1.1
User-Agent: selenium/4.1.2 (java windows)
Content-Length: 48780
Content-Type: application/json; charset=utf-8
host: localhost:62426
accept: */*

Response DefaultHttpResponse(decodeResult: success, version: HTTP/1.1)
HTTP/1.1 200 OK
Content-Type: application/json; charset=utf-8
cache-control: no-cache
content-length: 14

16:04:56.629 [AsyncHttpClient-1-16] DEBUG org.asynchttpclient.netty.channel.ChannelManager - Adding key: http://localhost:62426 for channel [id: 0x00caae4d, L:/127.0.0.1:60706 - R:localhost/127.0.0.1:62426]
  &amp#27;[32mThen &amp#27;[0m&amp#27;[32mi get my &amp#27;[0m&amp#27;[32m&amp#27;[1m"null"&amp#27;[0m                                                   &amp#27;[90m# starter.stepdefinitions.registerSteps.iGetMy(java.lang.String)&amp#27;[0m
16:04:56.637 [Forwarding screenshot on session afa5168adf26b449a09f4c321d2af91b to remote] DEBUG org.asynchttpclient.netty.request.NettyRequestSender - Using pooled Channel '[id: 0x00caae4d, L:/127.0.0.1:60706 - R:localhost/127.0.0.1:62426]' for 'GET' to 'http://localhost:62426/session/afa5168adf26b449a09f4c321d2af91b/screenshot'
16:04:56.637 [Forwarding screenshot on session afa5168adf26b449a09f4c321d2af91b to remote] DEBUG org.asynchttpclient.netty.request.NettyRequestSender - Using open Channel [id: 0x00caae4d, L:/127.0.0.1:60706 - R:localhost/127.0.0.1:62426] for GET '/session/afa5168adf26b449a09f4c321d2af91b/screenshot'
16:04:56.970 [AsyncHttpClient-1-16] DEBUG org.asynchttpclient.netty.handler.HttpHandler - 

Request DefaultFullHttpRequest(decodeResult: success, version: HTTP/1.1, content: EmptyByteBufBE)
GET /session/afa5168adf26b449a09f4c321d2af91b/screenshot HTTP/1.1
User-Agent: selenium/4.1.2 (java windows)
Cache-Control: no-cache
Content-Type: application/json; charset=utf-8
host: localhost:62426
accept: */*

Response DefaultHttpResponse(decodeResult: success, version: HTTP/1.1)
HTTP/1.1 200 OK
Content-Type: application/json; charset=utf-8
cache-control: no-cache
content-length: 141608

16:04:56.970 [AsyncHttpClient-1-16] DEBUG org.asynchttpclient.netty.channel.ChannelManager - Adding key: http://localhost:62426 for channel [id: 0x00caae4d, L:/127.0.0.1:60706 - R:localhost/127.0.0.1:62426]
16:04:56.980 [main] DEBUG net.serenitybdd.core.photography.Darkroom - Send negative for processing for target\site\serenity\37957b24ca9116baa975c61467ecfe3eb906e949cccb7b9aaf4d1bee24beb0f9.png
16:04:57.003 [AsyncHttpClient-1-2] DEBUG org.asynchttpclient.netty.handler.WebSocketHandler - Channel Closed: [id: 0x9cb8f959, L:/127.0.0.1:60717 ! R:localhost/127.0.0.1:60707] with attribute NettyResponseFuture{currentRetry=5,
	isDone=1,
	isCancelled=0,
	asyncHandler=org.asynchttpclient.ws.WebSocketUpgradeHandler@fbe18e7,
	nettyRequest=org.asynchttpclient.netty.request.NettyRequest@7e7da667,
	future=java.util.concurrent.CompletableFuture@51b96585[Completed normally],
	uri=ws://localhost:60707/devtools/browser/2d56a325-211f-4e3b-960c-41cb6f79f955,
	keepAlive=true,
	redirectCount=0,
	timeoutsHolder=null,
	inAuth=0,
	touch=1658480685356}
16:04:57.003 [AsyncHttpClient-1-2] DEBUG org.asynchttpclient.netty.channel.ChannelManager - Closing Channel [id: 0x9cb8f959, L:/127.0.0.1:60717 ! R:localhost/127.0.0.1:60707] 
16:04:57.009 [Driver Command Executor] DEBUG org.asynchttpclient.netty.request.NettyRequestSender - Using pooled Channel '[id: 0x00caae4d, L:/127.0.0.1:60706 - R:localhost/127.0.0.1:62426]' for 'DELETE' to 'http://localhost:62426/session/afa5168adf26b449a09f4c321d2af91b'
16:04:57.009 [Driver Command Executor] DEBUG org.asynchttpclient.netty.request.NettyRequestSender - Using open Channel [id: 0x00caae4d, L:/127.0.0.1:60706 - R:localhost/127.0.0.1:62426] for DELETE '/session/afa5168adf26b449a09f4c321d2af91b'
16:04:57.162 [AsyncHttpClient-1-17] DEBUG org.asynchttpclient.netty.handler.HttpHandler - Unexpected I/O exception on channel [id: 0x9a33d09d, L:/127.0.0.1:60716 - R:localhost/127.0.0.1:60707]
java.net.SocketException: Connection reset
	at java.base/sun.nio.ch.SocketChannelImpl.throwConnectionReset(SocketChannelImpl.java:367)
	at java.base/sun.nio.ch.SocketChannelImpl.read(SocketChannelImpl.java:398)
	at io.netty.buffer.PooledByteBuf.setBytes(PooledByteBuf.java:258)
	at io.netty.buffer.AbstractByteBuf.writeBytes(AbstractByteBuf.java:1132)
	at io.netty.channel.socket.nio.NioSocketChannel.doReadBytes(NioSocketChannel.java:350)
	at io.netty.channel.nio.AbstractNioByteChannel$NioByteUnsafe.read(AbstractNioByteChannel.java:151)
	at io.netty.channel.nio.NioEventLoop.processSelectedKey(NioEventLoop.java:722)
	at io.netty.channel.nio.NioEventLoop.processSelectedKeysOptimized(NioEventLoop.java:658)
	at io.netty.channel.nio.NioEventLoop.processSelectedKeys(NioEventLoop.java:584)
	at io.netty.channel.nio.NioEventLoop.run(NioEventLoop.java:496)
	at io.netty.util.concurrent.SingleThreadEventExecutor$4.run(SingleThreadEventExecutor.java:986)
	at io.netty.util.internal.ThreadExecutorMap$2.run(ThreadExecutorMap.java:74)
	at io.netty.util.concurrent.FastThreadLocalRunnable.run(FastThreadLocalRunnable.java:30)
	at java.base/java.lang.Thread.run(Thread.java:832)
16:04:57.162 [AsyncHttpClient-1-17] DEBUG org.asynchttpclient.netty.channel.ChannelManager - Closing Channel [id: 0x9a33d09d, L:/127.0.0.1:60716 - R:localhost/127.0.0.1:60707] 
16:04:57.164 [AsyncHttpClient-1-17] DEBUG org.asynchttpclient.netty.handler.HttpHandler - Channel Closed: [id: 0x9a33d09d, L:/127.0.0.1:60716 ! R:localhost/127.0.0.1:60707] with attribute DISCARD
16:04:57.231 [AsyncHttpClient-1-16] DEBUG org.asynchttpclient.netty.handler.HttpHandler - 

Request DefaultFullHttpRequest(decodeResult: success, version: HTTP/1.1, content: EmptyByteBufBE)
DELETE /session/afa5168adf26b449a09f4c321d2af91b HTTP/1.1
User-Agent: selenium/4.1.2 (java windows)
Content-Type: application/json; charset=utf-8
host: localhost:62426
accept: */*

Response DefaultHttpResponse(decodeResult: success, version: HTTP/1.1)
HTTP/1.1 200 OK
Content-Type: application/json; charset=utf-8
cache-control: no-cache
content-length: 14

16:04:57.231 [AsyncHttpClient-1-16] DEBUG org.asynchttpclient.netty.channel.ChannelManager - Adding key: http://localhost:62426 for channel [id: 0x00caae4d, L:/127.0.0.1:60706 - R:localhost/127.0.0.1:62426]
16:04:57.432 [AsyncHttpClient-1-1] DEBUG org.asynchttpclient.netty.channel.DefaultChannelPool - Entry count for : http://localhost:60707 : 1
16:04:57.432 [AsyncHttpClient-1-1] DEBUG org.asynchttpclient.netty.channel.DefaultChannelPool - Entry count for : http://localhost:62426 : 1
16:04:57.432 [AsyncHttpClient-1-1] DEBUG org.asynchttpclient.netty.channel.DefaultChannelPool - Adding Candidate expired Channel [id: 0x9a33d09d, L:/127.0.0.1:60716 ! R:localhost/127.0.0.1:60707] isIdleTimeoutExpired=false isRemotelyClosed=true isTtlExpired=false
16:04:57.432 [AsyncHttpClient-1-1] DEBUG org.asynchttpclient.netty.channel.DefaultChannelPool - Closing Idle Channel [id: 0x9a33d09d, L:/127.0.0.1:60716 ! R:localhost/127.0.0.1:60707]
16:04:57.432 [AsyncHttpClient-1-1] DEBUG org.asynchttpclient.netty.channel.DefaultChannelPool - Closed 1 connections out of 2 in 0 ms
16:04:57.536 [AsyncHttpClient-1-16] DEBUG org.asynchttpclient.netty.handler.HttpHandler - Channel Closed: [id: 0x00caae4d, L:/127.0.0.1:60706 ! R:localhost/127.0.0.1:62426] with attribute DISCARD
]]></system-out>
    <system-err><![CDATA[Starting ChromeDriver 102.0.5005.61 (0e59bcc00cc4985ce39ad31c150065f159d95ad3-refs/branch-heads/5005@{#819}) on port 62426
Only local connections are allowed.
Please see https://chromedriver.chromium.org/security-considerations for suggestions on keeping ChromeDriver safe.
ChromeDriver was started successfully.
[1658480684.846][WARNING]: This version of ChromeDriver has not been tested with Chrome version 103.
Jul 22, 2022 4:04:45 PM org.openqa.selenium.remote.ProtocolHandshake createSession
INFO: Detected dialect: W3C
Jul 22, 2022 4:04:45 PM org.openqa.selenium.devtools.CdpVersionFinder findNearestMatch
WARNING: Unable to find an exact match for CDP version 103, so returning the closest version found: a no-op implementation
Jul 22, 2022 4:04:45 PM org.openqa.selenium.devtools.CdpVersionFinder findNearestMatch
INFO: Unable to find CDP implementation matching 103.
Jul 22, 2022 4:04:45 PM org.openqa.selenium.chromium.ChromiumDriver lambda$new$3
WARNING: Unable to find version of CDP to use for . You may need to include a dependency on a specific version of the CDP using something similar to `org.seleniumhq.selenium:selenium-devtools-v86:4.1.2` where the version ("v86") matches the version of the chromium-based browser you're using and the version number of the artifact is the same as Selenium's.
]]></system-err>
  </testcase>
  <testcase name="Registration scenario #4" classname="Registration" time="13.99">
    <system-out><![CDATA[
@register
Scenario Outline: Registration scenario                                    &amp#27;[90m# src/test/resources/features/register.feature:22&amp#27;[0m
16:04:58.100 [main] INFO io.cucumber.core.plugin.SerenityReporter - Running feature from file:///D:/PERKULIAHAN/Semester%206,Hebatt%20glad!/QE-FGD/Automation-test-Website%20-%20Copy/src/test/resources/features/register.feature
16:04:58.180 [main] INFO net.serenitybdd.core.webdriver.driverproviders.ChromeDriverProvider - Using automatically driver download
16:04:58.522 [AsyncHttpClient-1-1] DEBUG org.asynchttpclient.netty.channel.DefaultChannelPool - Entry count for : http://localhost:62426 : 1
16:04:58.522 [AsyncHttpClient-1-1] DEBUG org.asynchttpclient.netty.channel.DefaultChannelPool - Adding Candidate expired Channel [id: 0x00caae4d, L:/127.0.0.1:60706 ! R:localhost/127.0.0.1:62426] isIdleTimeoutExpired=false isRemotelyClosed=true isTtlExpired=false
16:04:58.522 [AsyncHttpClient-1-1] DEBUG org.asynchttpclient.netty.channel.DefaultChannelPool - Closing Idle Channel [id: 0x00caae4d, L:/127.0.0.1:60706 ! R:localhost/127.0.0.1:62426]
16:04:58.523 [AsyncHttpClient-1-1] DEBUG org.asynchttpclient.netty.channel.DefaultChannelPool - Closed 1 connections out of 1 in 1 ms
16:04:58.622 [main] DEBUG io.github.bonigarcia.wdm.cache.ResolutionCache - Resolution chrome=103 in cache (valid until 16:34:03 22/07/2022 WIB)
16:04:58.632 [main] DEBUG io.github.bonigarcia.wdm.cache.ResolutionCache - Resolution chrome103=103.0.5060.134 in cache (valid until 17:00:36 22/07/2022 WIB)
16:04:58.633 [main] INFO io.github.bonigarcia.wdm.WebDriverManager - Using chromedriver 103.0.5060.134 (resolved driver for Chrome 103)
16:04:58.660 [main] DEBUG io.github.bonigarcia.wdm.WebDriverManager - Driver chromedriver 103.0.5060.134 found in cache
16:04:58.660 [main] INFO io.github.bonigarcia.wdm.WebDriverManager - Exporting webdriver.chrome.driver as C:\Users\ASUS\.cache\selenium\chromedriver\win32\103.0.5060.134\chromedriver.exe
16:04:58.876 [main] DEBUG net.serenitybdd.core.webdriver.driverproviders.ProvideNewDriver - Instantiating driver
16:04:58.876 [main] DEBUG net.serenitybdd.core.webdriver.driverproviders.ProvideNewDriver - Driver capabilities: Capabilities {acceptInsecureCerts: false, base.url: https://found-capstone20.ne..., browserName: chrome, chrome.driver: src/test/resources/webdrive..., driver: chrome, goog:chromeOptions: {args: [], extensions: []}}
16:05:00.037 [AsyncHttpClient-1-3] DEBUG org.asynchttpclient.netty.channel.NettyConnectListener - Using new Channel '[id: 0x7ff88604, L:/127.0.0.1:60738 - R:localhost/127.0.0.1:56011]' for 'POST' to '/session'
16:05:01.663 [AsyncHttpClient-1-3] DEBUG org.asynchttpclient.netty.handler.HttpHandler - 

Request DefaultHttpRequest(decodeResult: success, version: HTTP/1.1)
POST /session HTTP/1.1
User-Agent: selenium/4.1.2 (java windows)
Content-Length: 623
Content-Type: application/json; charset=utf-8
host: localhost:56011
accept: */*

Response DefaultHttpResponse(decodeResult: success, version: HTTP/1.1)
HTTP/1.1 200 OK
Content-Type: application/json; charset=utf-8
cache-control: no-cache
content-length: 788

16:05:01.664 [AsyncHttpClient-1-3] DEBUG org.asynchttpclient.netty.channel.ChannelManager - Adding key: http://localhost:56011 for channel [id: 0x7ff88604, L:/127.0.0.1:60738 - R:localhost/127.0.0.1:56011]
16:05:01.712 [AsyncHttpClient-1-4] DEBUG org.asynchttpclient.netty.channel.NettyConnectListener - Using new Channel '[id: 0x82d3b692, L:/127.0.0.1:60747 - R:localhost/127.0.0.1:60739]' for 'GET' to '/json/version'
16:05:01.712 [AsyncHttpClient-1-4] DEBUG org.asynchttpclient.netty.handler.HttpHandler - 

Request DefaultFullHttpRequest(decodeResult: success, version: HTTP/1.1, content: EmptyByteBufBE)
GET /json/version HTTP/1.1
User-Agent: selenium/4.1.2 (java windows)
host: localhost:60739
accept: */*

Response DefaultHttpResponse(decodeResult: success, version: HTTP/1.1)
HTTP/1.1 200 OK
Content-Type: application/json; charset=UTF-8
content-length: 429

16:05:01.712 [AsyncHttpClient-1-4] DEBUG org.asynchttpclient.netty.channel.ChannelManager - Adding key: http://localhost:60739 for channel [id: 0x82d3b692, L:/127.0.0.1:60747 - R:localhost/127.0.0.1:60739]
16:05:01.726 [AsyncHttpClient-1-5] DEBUG org.asynchttpclient.netty.channel.NettyConnectListener - Using new Channel '[id: 0xd1fa5b13, L:/127.0.0.1:60748 - R:localhost/127.0.0.1:60739]' for 'GET' to '/devtools/browser/7023afba-85f6-4800-bf6d-78cdd3e1260c'
16:05:01.728 [AsyncHttpClient-1-5] DEBUG org.asynchttpclient.netty.handler.WebSocketHandler - 

Request DefaultFullHttpRequest(decodeResult: success, version: HTTP/1.1, content: EmptyByteBufBE)
GET /devtools/browser/7023afba-85f6-4800-bf6d-78cdd3e1260c HTTP/1.1
upgrade: websocket
connection: upgrade
sec-websocket-key: 5BGICkFqKFy9plwXHtLMQw==
sec-websocket-version: 13
origin: http://localhost:60739
host: localhost:60739
accept: */*
user-agent: AHC/2.1

Response DefaultHttpResponse(decodeResult: success, version: HTTP/1.1)
HTTP/1.1 101 WebSocket Protocol Handshake
Upgrade: WebSocket
Connection: Upgrade
Sec-WebSocket-Accept: 1olGP3BAvzUKKkf9TawVnxPronI=

16:05:01.748 [Forwarding maximizeCurrentWindow on session 267876afb0e57d310ee9e57820f95f49 to remote] DEBUG org.asynchttpclient.netty.request.NettyRequestSender - Using pooled Channel '[id: 0x7ff88604, L:/127.0.0.1:60738 - R:localhost/127.0.0.1:56011]' for 'POST' to 'http://localhost:56011/session/267876afb0e57d310ee9e57820f95f49/window/maximize'
16:05:01.748 [Forwarding maximizeCurrentWindow on session 267876afb0e57d310ee9e57820f95f49 to remote] DEBUG org.asynchttpclient.netty.request.NettyRequestSender - Using open Channel [id: 0x7ff88604, L:/127.0.0.1:60738 - R:localhost/127.0.0.1:56011] for POST '/session/267876afb0e57d310ee9e57820f95f49/window/maximize'
16:05:01.862 [AsyncHttpClient-1-1] DEBUG org.asynchttpclient.netty.channel.DefaultChannelPool - Entry count for : http://localhost:60739 : 1
16:05:01.993 [AsyncHttpClient-1-3] DEBUG org.asynchttpclient.netty.handler.HttpHandler - 

Request DefaultHttpRequest(decodeResult: success, version: HTTP/1.1)
POST /session/267876afb0e57d310ee9e57820f95f49/window/maximize HTTP/1.1
User-Agent: selenium/4.1.2 (java windows)
Content-Length: 3
Content-Type: application/json; charset=utf-8
host: localhost:56011
accept: */*

Response DefaultHttpResponse(decodeResult: success, version: HTTP/1.1)
HTTP/1.1 200 OK
Content-Type: application/json; charset=utf-8
cache-control: no-cache
content-length: 51

16:05:01.993 [AsyncHttpClient-1-3] DEBUG org.asynchttpclient.netty.channel.ChannelManager - Adding key: http://localhost:56011 for channel [id: 0x7ff88604, L:/127.0.0.1:60738 - R:localhost/127.0.0.1:56011]
16:05:01.995 [Forwarding get on session 267876afb0e57d310ee9e57820f95f49 to remote] DEBUG org.asynchttpclient.netty.request.NettyRequestSender - Using pooled Channel '[id: 0x7ff88604, L:/127.0.0.1:60738 - R:localhost/127.0.0.1:56011]' for 'POST' to 'http://localhost:56011/session/267876afb0e57d310ee9e57820f95f49/url'
16:05:01.995 [Forwarding get on session 267876afb0e57d310ee9e57820f95f49 to remote] DEBUG org.asynchttpclient.netty.request.NettyRequestSender - Using open Channel [id: 0x7ff88604, L:/127.0.0.1:60738 - R:localhost/127.0.0.1:56011] for POST '/session/267876afb0e57d310ee9e57820f95f49/url'
16:05:02.922 [AsyncHttpClient-1-1] DEBUG org.asynchttpclient.netty.channel.DefaultChannelPool - Entry count for : http://localhost:60739 : 1
16:05:04.028 [AsyncHttpClient-1-1] DEBUG org.asynchttpclient.netty.channel.DefaultChannelPool - Entry count for : http://localhost:60739 : 1
16:05:05.138 [AsyncHttpClient-1-1] DEBUG org.asynchttpclient.netty.channel.DefaultChannelPool - Entry count for : http://localhost:60739 : 1
16:05:06.236 [AsyncHttpClient-1-1] DEBUG org.asynchttpclient.netty.channel.DefaultChannelPool - Entry count for : http://localhost:60739 : 1
16:05:06.422 [AsyncHttpClient-1-3] DEBUG org.asynchttpclient.netty.handler.HttpHandler - 

Request DefaultHttpRequest(decodeResult: success, version: HTTP/1.1)
POST /session/267876afb0e57d310ee9e57820f95f49/url HTTP/1.1
User-Agent: selenium/4.1.2 (java windows)
Content-Length: 67
Content-Type: application/json; charset=utf-8
host: localhost:56011
accept: */*

Response DefaultHttpResponse(decodeResult: success, version: HTTP/1.1)
HTTP/1.1 200 OK
Content-Type: application/json; charset=utf-8
cache-control: no-cache
content-length: 14

16:05:06.422 [AsyncHttpClient-1-3] DEBUG org.asynchttpclient.netty.channel.ChannelManager - Adding key: http://localhost:56011 for channel [id: 0x7ff88604, L:/127.0.0.1:60738 - R:localhost/127.0.0.1:56011]
16:05:06.430 [Forwarding setTimeout on session 267876afb0e57d310ee9e57820f95f49 to remote] DEBUG org.asynchttpclient.netty.request.NettyRequestSender - Using pooled Channel '[id: 0x7ff88604, L:/127.0.0.1:60738 - R:localhost/127.0.0.1:56011]' for 'POST' to 'http://localhost:56011/session/267876afb0e57d310ee9e57820f95f49/timeouts'
16:05:06.430 [Forwarding setTimeout on session 267876afb0e57d310ee9e57820f95f49 to remote] DEBUG org.asynchttpclient.netty.request.NettyRequestSender - Using open Channel [id: 0x7ff88604, L:/127.0.0.1:60738 - R:localhost/127.0.0.1:56011] for POST '/session/267876afb0e57d310ee9e57820f95f49/timeouts'
16:05:06.430 [AsyncHttpClient-1-3] DEBUG org.asynchttpclient.netty.handler.HttpHandler - 

Request DefaultHttpRequest(decodeResult: success, version: HTTP/1.1)
POST /session/267876afb0e57d310ee9e57820f95f49/timeouts HTTP/1.1
User-Agent: selenium/4.1.2 (java windows)
Content-Length: 22
Content-Type: application/json; charset=utf-8
host: localhost:56011
accept: */*

Response DefaultHttpResponse(decodeResult: success, version: HTTP/1.1)
HTTP/1.1 200 OK
Content-Type: application/json; charset=utf-8
cache-control: no-cache
content-length: 14

16:05:06.430 [AsyncHttpClient-1-3] DEBUG org.asynchttpclient.netty.channel.ChannelManager - Adding key: http://localhost:56011 for channel [id: 0x7ff88604, L:/127.0.0.1:60738 - R:localhost/127.0.0.1:56011]
16:05:06.430 [Forwarding getCurrentUrl on session 267876afb0e57d310ee9e57820f95f49 to remote] DEBUG org.asynchttpclient.netty.request.NettyRequestSender - Using pooled Channel '[id: 0x7ff88604, L:/127.0.0.1:60738 - R:localhost/127.0.0.1:56011]' for 'GET' to 'http://localhost:56011/session/267876afb0e57d310ee9e57820f95f49/url'
16:05:06.430 [Forwarding getCurrentUrl on session 267876afb0e57d310ee9e57820f95f49 to remote] DEBUG org.asynchttpclient.netty.request.NettyRequestSender - Using open Channel [id: 0x7ff88604, L:/127.0.0.1:60738 - R:localhost/127.0.0.1:56011] for GET '/session/267876afb0e57d310ee9e57820f95f49/url'
16:05:06.460 [AsyncHttpClient-1-3] DEBUG org.asynchttpclient.netty.handler.HttpHandler - 

Request DefaultFullHttpRequest(decodeResult: success, version: HTTP/1.1, content: EmptyByteBufBE)
GET /session/267876afb0e57d310ee9e57820f95f49/url HTTP/1.1
User-Agent: selenium/4.1.2 (java windows)
Cache-Control: no-cache
Content-Type: application/json; charset=utf-8
host: localhost:56011
accept: */*

Response DefaultHttpResponse(decodeResult: success, version: HTTP/1.1)
HTTP/1.1 200 OK
Content-Type: application/json; charset=utf-8
cache-control: no-cache
content-length: 49

16:05:06.460 [AsyncHttpClient-1-3] DEBUG org.asynchttpclient.netty.channel.ChannelManager - Adding key: http://localhost:56011 for channel [id: 0x7ff88604, L:/127.0.0.1:60738 - R:localhost/127.0.0.1:56011]
  &amp#27;[32mGiven &amp#27;[0m&amp#27;[32mi access the web&amp#27;[0m                                                   &amp#27;[90m# starter.stepdefinitions.registerSteps.iAccessTheWeb()&amp#27;[0m
16:05:06.472 [Forwarding screenshot on session 267876afb0e57d310ee9e57820f95f49 to remote] DEBUG org.asynchttpclient.netty.request.NettyRequestSender - Using pooled Channel '[id: 0x7ff88604, L:/127.0.0.1:60738 - R:localhost/127.0.0.1:56011]' for 'GET' to 'http://localhost:56011/session/267876afb0e57d310ee9e57820f95f49/screenshot'
16:05:06.472 [Forwarding screenshot on session 267876afb0e57d310ee9e57820f95f49 to remote] DEBUG org.asynchttpclient.netty.request.NettyRequestSender - Using open Channel [id: 0x7ff88604, L:/127.0.0.1:60738 - R:localhost/127.0.0.1:56011] for GET '/session/267876afb0e57d310ee9e57820f95f49/screenshot'
16:05:06.808 [AsyncHttpClient-1-3] DEBUG org.asynchttpclient.netty.handler.HttpHandler - 

Request DefaultFullHttpRequest(decodeResult: success, version: HTTP/1.1, content: EmptyByteBufBE)
GET /session/267876afb0e57d310ee9e57820f95f49/screenshot HTTP/1.1
User-Agent: selenium/4.1.2 (java windows)
Cache-Control: no-cache
Content-Type: application/json; charset=utf-8
host: localhost:56011
accept: */*

Response DefaultHttpResponse(decodeResult: success, version: HTTP/1.1)
HTTP/1.1 200 OK
Content-Type: application/json; charset=utf-8
cache-control: no-cache
content-length: 354376

16:05:06.817 [AsyncHttpClient-1-3] DEBUG org.asynchttpclient.netty.channel.ChannelManager - Adding key: http://localhost:56011 for channel [id: 0x7ff88604, L:/127.0.0.1:60738 - R:localhost/127.0.0.1:56011]
16:05:06.820 [main] DEBUG net.serenitybdd.core.photography.Darkroom - Send negative for processing for target\site\serenity\4660354df54a12fcd895682f5709ada0fe64cb7be35e163b54bdc9c5bb06ca8f.png
16:05:06.842 [Forwarding findElement on session 267876afb0e57d310ee9e57820f95f49 to remote] DEBUG org.asynchttpclient.netty.request.NettyRequestSender - Using pooled Channel '[id: 0x7ff88604, L:/127.0.0.1:60738 - R:localhost/127.0.0.1:56011]' for 'POST' to 'http://localhost:56011/session/267876afb0e57d310ee9e57820f95f49/element'
16:05:06.842 [Forwarding findElement on session 267876afb0e57d310ee9e57820f95f49 to remote] DEBUG org.asynchttpclient.netty.request.NettyRequestSender - Using open Channel [id: 0x7ff88604, L:/127.0.0.1:60738 - R:localhost/127.0.0.1:56011] for POST '/session/267876afb0e57d310ee9e57820f95f49/element'
16:05:06.879 [AsyncHttpClient-1-3] DEBUG org.asynchttpclient.netty.handler.HttpHandler - 

Request DefaultHttpRequest(decodeResult: success, version: HTTP/1.1)
POST /session/267876afb0e57d310ee9e57820f95f49/element HTTP/1.1
User-Agent: selenium/4.1.2 (java windows)
Content-Length: 55
Content-Type: application/json; charset=utf-8
host: localhost:56011
accept: */*

Response DefaultHttpResponse(decodeResult: success, version: HTTP/1.1)
HTTP/1.1 200 OK
Content-Type: application/json; charset=utf-8
cache-control: no-cache
content-length: 88

16:05:06.879 [AsyncHttpClient-1-3] DEBUG org.asynchttpclient.netty.channel.ChannelManager - Adding key: http://localhost:56011 for channel [id: 0x7ff88604, L:/127.0.0.1:60738 - R:localhost/127.0.0.1:56011]
16:05:06.887 [Forwarding isElementDisplayed on session 267876afb0e57d310ee9e57820f95f49 to remote] DEBUG org.asynchttpclient.netty.request.NettyRequestSender - Using pooled Channel '[id: 0x7ff88604, L:/127.0.0.1:60738 - R:localhost/127.0.0.1:56011]' for 'POST' to 'http://localhost:56011/session/267876afb0e57d310ee9e57820f95f49/execute/sync'
16:05:06.887 [Forwarding isElementDisplayed on session 267876afb0e57d310ee9e57820f95f49 to remote] DEBUG org.asynchttpclient.netty.request.NettyRequestSender - Using open Channel [id: 0x7ff88604, L:/127.0.0.1:60738 - R:localhost/127.0.0.1:56011] for POST '/session/267876afb0e57d310ee9e57820f95f49/execute/sync'
16:05:06.938 [AsyncHttpClient-1-3] DEBUG org.asynchttpclient.netty.handler.HttpHandler - 

Request DefaultHttpRequest(decodeResult: success, version: HTTP/1.1)
POST /session/267876afb0e57d310ee9e57820f95f49/execute/sync HTTP/1.1
User-Agent: selenium/4.1.2 (java windows)
Content-Length: 48780
Content-Type: application/json; charset=utf-8
host: localhost:56011
accept: */*

Response DefaultHttpResponse(decodeResult: success, version: HTTP/1.1)
HTTP/1.1 200 OK
Content-Type: application/json; charset=utf-8
cache-control: no-cache
content-length: 14

16:05:06.938 [AsyncHttpClient-1-3] DEBUG org.asynchttpclient.netty.channel.ChannelManager - Adding key: http://localhost:56011 for channel [id: 0x7ff88604, L:/127.0.0.1:60738 - R:localhost/127.0.0.1:56011]
16:05:06.940 [Forwarding findElement on session 267876afb0e57d310ee9e57820f95f49 to remote] DEBUG org.asynchttpclient.netty.request.NettyRequestSender - Using pooled Channel '[id: 0x7ff88604, L:/127.0.0.1:60738 - R:localhost/127.0.0.1:56011]' for 'POST' to 'http://localhost:56011/session/267876afb0e57d310ee9e57820f95f49/element'
16:05:06.940 [Forwarding findElement on session 267876afb0e57d310ee9e57820f95f49 to remote] DEBUG org.asynchttpclient.netty.request.NettyRequestSender - Using open Channel [id: 0x7ff88604, L:/127.0.0.1:60738 - R:localhost/127.0.0.1:56011] for POST '/session/267876afb0e57d310ee9e57820f95f49/element'
16:05:06.990 [AsyncHttpClient-1-3] DEBUG org.asynchttpclient.netty.handler.HttpHandler - 

Request DefaultHttpRequest(decodeResult: success, version: HTTP/1.1)
POST /session/267876afb0e57d310ee9e57820f95f49/element HTTP/1.1
User-Agent: selenium/4.1.2 (java windows)
Content-Length: 72
Content-Type: application/json; charset=utf-8
host: localhost:56011
accept: */*

Response DefaultHttpResponse(decodeResult: success, version: HTTP/1.1)
HTTP/1.1 200 OK
Content-Type: application/json; charset=utf-8
cache-control: no-cache
content-length: 88

16:05:06.990 [AsyncHttpClient-1-3] DEBUG org.asynchttpclient.netty.channel.ChannelManager - Adding key: http://localhost:56011 for channel [id: 0x7ff88604, L:/127.0.0.1:60738 - R:localhost/127.0.0.1:56011]
16:05:06.998 [Forwarding getElementTagName on session 267876afb0e57d310ee9e57820f95f49 to remote] DEBUG org.asynchttpclient.netty.request.NettyRequestSender - Using pooled Channel '[id: 0x7ff88604, L:/127.0.0.1:60738 - R:localhost/127.0.0.1:56011]' for 'GET' to 'http://localhost:56011/session/267876afb0e57d310ee9e57820f95f49/element/e0f72981-d9b3-4ba8-bc82-6c38b750270b/name'
16:05:06.998 [Forwarding getElementTagName on session 267876afb0e57d310ee9e57820f95f49 to remote] DEBUG org.asynchttpclient.netty.request.NettyRequestSender - Using open Channel [id: 0x7ff88604, L:/127.0.0.1:60738 - R:localhost/127.0.0.1:56011] for GET '/session/267876afb0e57d310ee9e57820f95f49/element/e0f72981-d9b3-4ba8-bc82-6c38b750270b/name'
16:05:07.004 [AsyncHttpClient-1-3] DEBUG org.asynchttpclient.netty.handler.HttpHandler - 

Request DefaultFullHttpRequest(decodeResult: success, version: HTTP/1.1, content: EmptyByteBufBE)
GET /session/267876afb0e57d310ee9e57820f95f49/element/e0f72981-d9b3-4ba8-bc82-6c38b750270b/name HTTP/1.1
User-Agent: selenium/4.1.2 (java windows)
Cache-Control: no-cache
Content-Type: application/json; charset=utf-8
host: localhost:56011
accept: */*

Response DefaultHttpResponse(decodeResult: success, version: HTTP/1.1)
HTTP/1.1 200 OK
Content-Type: application/json; charset=utf-8
cache-control: no-cache
content-length: 13

16:05:07.004 [AsyncHttpClient-1-3] DEBUG org.asynchttpclient.netty.channel.ChannelManager - Adding key: http://localhost:56011 for channel [id: 0x7ff88604, L:/127.0.0.1:60738 - R:localhost/127.0.0.1:56011]
16:05:07.010 [Forwarding getElementTagName on session 267876afb0e57d310ee9e57820f95f49 to remote] DEBUG org.asynchttpclient.netty.request.NettyRequestSender - Using pooled Channel '[id: 0x7ff88604, L:/127.0.0.1:60738 - R:localhost/127.0.0.1:56011]' for 'GET' to 'http://localhost:56011/session/267876afb0e57d310ee9e57820f95f49/element/e0f72981-d9b3-4ba8-bc82-6c38b750270b/name'
16:05:07.011 [Forwarding getElementTagName on session 267876afb0e57d310ee9e57820f95f49 to remote] DEBUG org.asynchttpclient.netty.request.NettyRequestSender - Using open Channel [id: 0x7ff88604, L:/127.0.0.1:60738 - R:localhost/127.0.0.1:56011] for GET '/session/267876afb0e57d310ee9e57820f95f49/element/e0f72981-d9b3-4ba8-bc82-6c38b750270b/name'
16:05:07.011 [AsyncHttpClient-1-3] DEBUG org.asynchttpclient.netty.handler.HttpHandler - 

Request DefaultFullHttpRequest(decodeResult: success, version: HTTP/1.1, content: EmptyByteBufBE)
GET /session/267876afb0e57d310ee9e57820f95f49/element/e0f72981-d9b3-4ba8-bc82-6c38b750270b/name HTTP/1.1
User-Agent: selenium/4.1.2 (java windows)
Cache-Control: no-cache
Content-Type: application/json; charset=utf-8
host: localhost:56011
accept: */*

Response DefaultHttpResponse(decodeResult: success, version: HTTP/1.1)
HTTP/1.1 200 OK
Content-Type: application/json; charset=utf-8
cache-control: no-cache
content-length: 13

16:05:07.011 [AsyncHttpClient-1-3] DEBUG org.asynchttpclient.netty.channel.ChannelManager - Adding key: http://localhost:56011 for channel [id: 0x7ff88604, L:/127.0.0.1:60738 - R:localhost/127.0.0.1:56011]
16:05:07.021 [Forwarding findElement on session 267876afb0e57d310ee9e57820f95f49 to remote] DEBUG org.asynchttpclient.netty.request.NettyRequestSender - Using pooled Channel '[id: 0x7ff88604, L:/127.0.0.1:60738 - R:localhost/127.0.0.1:56011]' for 'POST' to 'http://localhost:56011/session/267876afb0e57d310ee9e57820f95f49/element'
16:05:07.021 [Forwarding findElement on session 267876afb0e57d310ee9e57820f95f49 to remote] DEBUG org.asynchttpclient.netty.request.NettyRequestSender - Using open Channel [id: 0x7ff88604, L:/127.0.0.1:60738 - R:localhost/127.0.0.1:56011] for POST '/session/267876afb0e57d310ee9e57820f95f49/element'
16:05:07.070 [AsyncHttpClient-1-3] DEBUG org.asynchttpclient.netty.handler.HttpHandler - 

Request DefaultHttpRequest(decodeResult: success, version: HTTP/1.1)
POST /session/267876afb0e57d310ee9e57820f95f49/element HTTP/1.1
User-Agent: selenium/4.1.2 (java windows)
Content-Length: 72
Content-Type: application/json; charset=utf-8
host: localhost:56011
accept: */*

Response DefaultHttpResponse(decodeResult: success, version: HTTP/1.1)
HTTP/1.1 200 OK
Content-Type: application/json; charset=utf-8
cache-control: no-cache
content-length: 88

16:05:07.070 [AsyncHttpClient-1-3] DEBUG org.asynchttpclient.netty.channel.ChannelManager - Adding key: http://localhost:56011 for channel [id: 0x7ff88604, L:/127.0.0.1:60738 - R:localhost/127.0.0.1:56011]
16:05:07.070 [Forwarding clickElement on session 267876afb0e57d310ee9e57820f95f49 to remote] DEBUG org.asynchttpclient.netty.request.NettyRequestSender - Using pooled Channel '[id: 0x7ff88604, L:/127.0.0.1:60738 - R:localhost/127.0.0.1:56011]' for 'POST' to 'http://localhost:56011/session/267876afb0e57d310ee9e57820f95f49/element/e0f72981-d9b3-4ba8-bc82-6c38b750270b/click'
16:05:07.078 [Forwarding clickElement on session 267876afb0e57d310ee9e57820f95f49 to remote] DEBUG org.asynchttpclient.netty.request.NettyRequestSender - Using open Channel [id: 0x7ff88604, L:/127.0.0.1:60738 - R:localhost/127.0.0.1:56011] for POST '/session/267876afb0e57d310ee9e57820f95f49/element/e0f72981-d9b3-4ba8-bc82-6c38b750270b/click'
16:05:07.250 [AsyncHttpClient-1-3] DEBUG org.asynchttpclient.netty.handler.HttpHandler - 

Request DefaultHttpRequest(decodeResult: success, version: HTTP/1.1)
POST /session/267876afb0e57d310ee9e57820f95f49/element/e0f72981-d9b3-4ba8-bc82-6c38b750270b/click HTTP/1.1
User-Agent: selenium/4.1.2 (java windows)
Content-Length: 50
Content-Type: application/json; charset=utf-8
host: localhost:56011
accept: */*

Response DefaultHttpResponse(decodeResult: success, version: HTTP/1.1)
HTTP/1.1 200 OK
Content-Type: application/json; charset=utf-8
cache-control: no-cache
content-length: 14

16:05:07.250 [AsyncHttpClient-1-3] DEBUG org.asynchttpclient.netty.channel.ChannelManager - Adding key: http://localhost:56011 for channel [id: 0x7ff88604, L:/127.0.0.1:60738 - R:localhost/127.0.0.1:56011]
  &amp#27;[32mWhen &amp#27;[0m&amp#27;[32mi click get started&amp#27;[0m                                                 &amp#27;[90m# starter.stepdefinitions.registerSteps.iClickGetStarted()&amp#27;[0m
16:05:07.259 [Forwarding screenshot on session 267876afb0e57d310ee9e57820f95f49 to remote] DEBUG org.asynchttpclient.netty.request.NettyRequestSender - Using pooled Channel '[id: 0x7ff88604, L:/127.0.0.1:60738 - R:localhost/127.0.0.1:56011]' for 'GET' to 'http://localhost:56011/session/267876afb0e57d310ee9e57820f95f49/screenshot'
16:05:07.259 [Forwarding screenshot on session 267876afb0e57d310ee9e57820f95f49 to remote] DEBUG org.asynchttpclient.netty.request.NettyRequestSender - Using open Channel [id: 0x7ff88604, L:/127.0.0.1:60738 - R:localhost/127.0.0.1:56011] for GET '/session/267876afb0e57d310ee9e57820f95f49/screenshot'
16:05:07.329 [AsyncHttpClient-1-1] DEBUG org.asynchttpclient.netty.channel.DefaultChannelPool - Entry count for : http://localhost:60739 : 1
16:05:07.711 [AsyncHttpClient-1-3] DEBUG org.asynchttpclient.netty.handler.HttpHandler - 

Request DefaultFullHttpRequest(decodeResult: success, version: HTTP/1.1, content: EmptyByteBufBE)
GET /session/267876afb0e57d310ee9e57820f95f49/screenshot HTTP/1.1
User-Agent: selenium/4.1.2 (java windows)
Cache-Control: no-cache
Content-Type: application/json; charset=utf-8
host: localhost:56011
accept: */*

Response DefaultHttpResponse(decodeResult: success, version: HTTP/1.1)
HTTP/1.1 200 OK
Content-Type: application/json; charset=utf-8
cache-control: no-cache
content-length: 136472

16:05:07.711 [AsyncHttpClient-1-3] DEBUG org.asynchttpclient.netty.channel.ChannelManager - Adding key: http://localhost:56011 for channel [id: 0x7ff88604, L:/127.0.0.1:60738 - R:localhost/127.0.0.1:56011]
16:05:07.721 [main] DEBUG net.serenitybdd.core.photography.Darkroom - Send negative for processing for target\site\serenity\43f6e8f7bff23cb5cd49329ef9b17f95c1732d3c1d62811c62c0b1346f629108.png
16:05:07.721 [Darkroom Processing Line] DEBUG net.serenitybdd.core.photography.DarkroomProcessingLine - Processing screenshot image in /var/screenshots/screenshot-12228100175569678976
16:05:07.721 [Darkroom Processing Line] DEBUG net.serenitybdd.core.photography.DarkroomProcessingLine - Saving screenshot to target\site\serenity\43f6e8f7bff23cb5cd49329ef9b17f95c1732d3c1d62811c62c0b1346f629108.png
16:05:07.729 [Forwarding findElement on session 267876afb0e57d310ee9e57820f95f49 to remote] DEBUG org.asynchttpclient.netty.request.NettyRequestSender - Using pooled Channel '[id: 0x7ff88604, L:/127.0.0.1:60738 - R:localhost/127.0.0.1:56011]' for 'POST' to 'http://localhost:56011/session/267876afb0e57d310ee9e57820f95f49/element'
16:05:07.729 [Forwarding findElement on session 267876afb0e57d310ee9e57820f95f49 to remote] DEBUG org.asynchttpclient.netty.request.NettyRequestSender - Using open Channel [id: 0x7ff88604, L:/127.0.0.1:60738 - R:localhost/127.0.0.1:56011] for POST '/session/267876afb0e57d310ee9e57820f95f49/element'
16:05:07.749 [AsyncHttpClient-1-3] DEBUG org.asynchttpclient.netty.handler.HttpHandler - 

Request DefaultHttpRequest(decodeResult: success, version: HTTP/1.1)
POST /session/267876afb0e57d310ee9e57820f95f49/element HTTP/1.1
User-Agent: selenium/4.1.2 (java windows)
Content-Length: 68
Content-Type: application/json; charset=utf-8
host: localhost:56011
accept: */*

Response DefaultHttpResponse(decodeResult: success, version: HTTP/1.1)
HTTP/1.1 200 OK
Content-Type: application/json; charset=utf-8
cache-control: no-cache
content-length: 88

16:05:07.749 [AsyncHttpClient-1-3] DEBUG org.asynchttpclient.netty.channel.ChannelManager - Adding key: http://localhost:56011 for channel [id: 0x7ff88604, L:/127.0.0.1:60738 - R:localhost/127.0.0.1:56011]
16:05:07.749 [Forwarding getElementTagName on session 267876afb0e57d310ee9e57820f95f49 to remote] DEBUG org.asynchttpclient.netty.request.NettyRequestSender - Using pooled Channel '[id: 0x7ff88604, L:/127.0.0.1:60738 - R:localhost/127.0.0.1:56011]' for 'GET' to 'http://localhost:56011/session/267876afb0e57d310ee9e57820f95f49/element/96875d86-813d-4f35-af5b-e9fb86e0e13d/name'
16:05:07.749 [Forwarding getElementTagName on session 267876afb0e57d310ee9e57820f95f49 to remote] DEBUG org.asynchttpclient.netty.request.NettyRequestSender - Using open Channel [id: 0x7ff88604, L:/127.0.0.1:60738 - R:localhost/127.0.0.1:56011] for GET '/session/267876afb0e57d310ee9e57820f95f49/element/96875d86-813d-4f35-af5b-e9fb86e0e13d/name'
16:05:07.759 [AsyncHttpClient-1-3] DEBUG org.asynchttpclient.netty.handler.HttpHandler - 

Request DefaultFullHttpRequest(decodeResult: success, version: HTTP/1.1, content: EmptyByteBufBE)
GET /session/267876afb0e57d310ee9e57820f95f49/element/96875d86-813d-4f35-af5b-e9fb86e0e13d/name HTTP/1.1
User-Agent: selenium/4.1.2 (java windows)
Cache-Control: no-cache
Content-Type: application/json; charset=utf-8
host: localhost:56011
accept: */*

Response DefaultHttpResponse(decodeResult: success, version: HTTP/1.1)
HTTP/1.1 200 OK
Content-Type: application/json; charset=utf-8
cache-control: no-cache
content-length: 13

16:05:07.759 [AsyncHttpClient-1-3] DEBUG org.asynchttpclient.netty.channel.ChannelManager - Adding key: http://localhost:56011 for channel [id: 0x7ff88604, L:/127.0.0.1:60738 - R:localhost/127.0.0.1:56011]
16:05:07.759 [Forwarding getElementTagName on session 267876afb0e57d310ee9e57820f95f49 to remote] DEBUG org.asynchttpclient.netty.request.NettyRequestSender - Using pooled Channel '[id: 0x7ff88604, L:/127.0.0.1:60738 - R:localhost/127.0.0.1:56011]' for 'GET' to 'http://localhost:56011/session/267876afb0e57d310ee9e57820f95f49/element/96875d86-813d-4f35-af5b-e9fb86e0e13d/name'
16:05:07.759 [Forwarding getElementTagName on session 267876afb0e57d310ee9e57820f95f49 to remote] DEBUG org.asynchttpclient.netty.request.NettyRequestSender - Using open Channel [id: 0x7ff88604, L:/127.0.0.1:60738 - R:localhost/127.0.0.1:56011] for GET '/session/267876afb0e57d310ee9e57820f95f49/element/96875d86-813d-4f35-af5b-e9fb86e0e13d/name'
16:05:07.771 [AsyncHttpClient-1-3] DEBUG org.asynchttpclient.netty.handler.HttpHandler - 

Request DefaultFullHttpRequest(decodeResult: success, version: HTTP/1.1, content: EmptyByteBufBE)
GET /session/267876afb0e57d310ee9e57820f95f49/element/96875d86-813d-4f35-af5b-e9fb86e0e13d/name HTTP/1.1
User-Agent: selenium/4.1.2 (java windows)
Cache-Control: no-cache
Content-Type: application/json; charset=utf-8
host: localhost:56011
accept: */*

Response DefaultHttpResponse(decodeResult: success, version: HTTP/1.1)
HTTP/1.1 200 OK
Content-Type: application/json; charset=utf-8
cache-control: no-cache
content-length: 13

16:05:07.771 [AsyncHttpClient-1-3] DEBUG org.asynchttpclient.netty.channel.ChannelManager - Adding key: http://localhost:56011 for channel [id: 0x7ff88604, L:/127.0.0.1:60738 - R:localhost/127.0.0.1:56011]
16:05:07.771 [Forwarding findElement on session 267876afb0e57d310ee9e57820f95f49 to remote] DEBUG org.asynchttpclient.netty.request.NettyRequestSender - Using pooled Channel '[id: 0x7ff88604, L:/127.0.0.1:60738 - R:localhost/127.0.0.1:56011]' for 'POST' to 'http://localhost:56011/session/267876afb0e57d310ee9e57820f95f49/element'
16:05:07.771 [Forwarding findElement on session 267876afb0e57d310ee9e57820f95f49 to remote] DEBUG org.asynchttpclient.netty.request.NettyRequestSender - Using open Channel [id: 0x7ff88604, L:/127.0.0.1:60738 - R:localhost/127.0.0.1:56011] for POST '/session/267876afb0e57d310ee9e57820f95f49/element'
16:05:07.780 [AsyncHttpClient-1-3] DEBUG org.asynchttpclient.netty.handler.HttpHandler - 

Request DefaultHttpRequest(decodeResult: success, version: HTTP/1.1)
POST /session/267876afb0e57d310ee9e57820f95f49/element HTTP/1.1
User-Agent: selenium/4.1.2 (java windows)
Content-Length: 68
Content-Type: application/json; charset=utf-8
host: localhost:56011
accept: */*

Response DefaultHttpResponse(decodeResult: success, version: HTTP/1.1)
HTTP/1.1 200 OK
Content-Type: application/json; charset=utf-8
cache-control: no-cache
content-length: 88

16:05:07.780 [AsyncHttpClient-1-3] DEBUG org.asynchttpclient.netty.channel.ChannelManager - Adding key: http://localhost:56011 for channel [id: 0x7ff88604, L:/127.0.0.1:60738 - R:localhost/127.0.0.1:56011]
16:05:07.780 [Forwarding clickElement on session 267876afb0e57d310ee9e57820f95f49 to remote] DEBUG org.asynchttpclient.netty.request.NettyRequestSender - Using pooled Channel '[id: 0x7ff88604, L:/127.0.0.1:60738 - R:localhost/127.0.0.1:56011]' for 'POST' to 'http://localhost:56011/session/267876afb0e57d310ee9e57820f95f49/element/96875d86-813d-4f35-af5b-e9fb86e0e13d/click'
16:05:07.780 [Forwarding clickElement on session 267876afb0e57d310ee9e57820f95f49 to remote] DEBUG org.asynchttpclient.netty.request.NettyRequestSender - Using open Channel [id: 0x7ff88604, L:/127.0.0.1:60738 - R:localhost/127.0.0.1:56011] for POST '/session/267876afb0e57d310ee9e57820f95f49/element/96875d86-813d-4f35-af5b-e9fb86e0e13d/click'
16:05:07.861 [AsyncHttpClient-1-3] DEBUG org.asynchttpclient.netty.handler.HttpHandler - 

Request DefaultHttpRequest(decodeResult: success, version: HTTP/1.1)
POST /session/267876afb0e57d310ee9e57820f95f49/element/96875d86-813d-4f35-af5b-e9fb86e0e13d/click HTTP/1.1
User-Agent: selenium/4.1.2 (java windows)
Content-Length: 50
Content-Type: application/json; charset=utf-8
host: localhost:56011
accept: */*

Response DefaultHttpResponse(decodeResult: success, version: HTTP/1.1)
HTTP/1.1 200 OK
Content-Type: application/json; charset=utf-8
cache-control: no-cache
content-length: 14

16:05:07.869 [AsyncHttpClient-1-3] DEBUG org.asynchttpclient.netty.channel.ChannelManager - Adding key: http://localhost:56011 for channel [id: 0x7ff88604, L:/127.0.0.1:60738 - R:localhost/127.0.0.1:56011]
16:05:07.869 [Forwarding findElement on session 267876afb0e57d310ee9e57820f95f49 to remote] DEBUG org.asynchttpclient.netty.request.NettyRequestSender - Using pooled Channel '[id: 0x7ff88604, L:/127.0.0.1:60738 - R:localhost/127.0.0.1:56011]' for 'POST' to 'http://localhost:56011/session/267876afb0e57d310ee9e57820f95f49/element'
16:05:07.869 [Forwarding findElement on session 267876afb0e57d310ee9e57820f95f49 to remote] DEBUG org.asynchttpclient.netty.request.NettyRequestSender - Using open Channel [id: 0x7ff88604, L:/127.0.0.1:60738 - R:localhost/127.0.0.1:56011] for POST '/session/267876afb0e57d310ee9e57820f95f49/element'
16:05:07.899 [AsyncHttpClient-1-3] DEBUG org.asynchttpclient.netty.handler.HttpHandler - 

Request DefaultHttpRequest(decodeResult: success, version: HTTP/1.1)
POST /session/267876afb0e57d310ee9e57820f95f49/element HTTP/1.1
User-Agent: selenium/4.1.2 (java windows)
Content-Length: 69
Content-Type: application/json; charset=utf-8
host: localhost:56011
accept: */*

Response DefaultHttpResponse(decodeResult: success, version: HTTP/1.1)
HTTP/1.1 200 OK
Content-Type: application/json; charset=utf-8
cache-control: no-cache
content-length: 88

16:05:07.899 [AsyncHttpClient-1-3] DEBUG org.asynchttpclient.netty.channel.ChannelManager - Adding key: http://localhost:56011 for channel [id: 0x7ff88604, L:/127.0.0.1:60738 - R:localhost/127.0.0.1:56011]
16:05:07.903 [Forwarding isElementDisplayed on session 267876afb0e57d310ee9e57820f95f49 to remote] DEBUG org.asynchttpclient.netty.request.NettyRequestSender - Using pooled Channel '[id: 0x7ff88604, L:/127.0.0.1:60738 - R:localhost/127.0.0.1:56011]' for 'POST' to 'http://localhost:56011/session/267876afb0e57d310ee9e57820f95f49/execute/sync'
16:05:07.903 [Forwarding isElementDisplayed on session 267876afb0e57d310ee9e57820f95f49 to remote] DEBUG org.asynchttpclient.netty.request.NettyRequestSender - Using open Channel [id: 0x7ff88604, L:/127.0.0.1:60738 - R:localhost/127.0.0.1:56011] for POST '/session/267876afb0e57d310ee9e57820f95f49/execute/sync'
16:05:07.931 [AsyncHttpClient-1-3] DEBUG org.asynchttpclient.netty.handler.HttpHandler - 

Request DefaultHttpRequest(decodeResult: success, version: HTTP/1.1)
POST /session/267876afb0e57d310ee9e57820f95f49/execute/sync HTTP/1.1
User-Agent: selenium/4.1.2 (java windows)
Content-Length: 48780
Content-Type: application/json; charset=utf-8
host: localhost:56011
accept: */*

Response DefaultHttpResponse(decodeResult: success, version: HTTP/1.1)
HTTP/1.1 200 OK
Content-Type: application/json; charset=utf-8
cache-control: no-cache
content-length: 15

16:05:07.931 [AsyncHttpClient-1-3] DEBUG org.asynchttpclient.netty.channel.ChannelManager - Adding key: http://localhost:56011 for channel [id: 0x7ff88604, L:/127.0.0.1:60738 - R:localhost/127.0.0.1:56011]
  &amp#27;[32mAnd &amp#27;[0m&amp#27;[32mi click sign up&amp#27;[0m                                                      &amp#27;[90m# starter.stepdefinitions.registerSteps.iClickSignUp()&amp#27;[0m
16:05:07.938 [Forwarding screenshot on session 267876afb0e57d310ee9e57820f95f49 to remote] DEBUG org.asynchttpclient.netty.request.NettyRequestSender - Using pooled Channel '[id: 0x7ff88604, L:/127.0.0.1:60738 - R:localhost/127.0.0.1:56011]' for 'GET' to 'http://localhost:56011/session/267876afb0e57d310ee9e57820f95f49/screenshot'
16:05:07.938 [Forwarding screenshot on session 267876afb0e57d310ee9e57820f95f49 to remote] DEBUG org.asynchttpclient.netty.request.NettyRequestSender - Using open Channel [id: 0x7ff88604, L:/127.0.0.1:60738 - R:localhost/127.0.0.1:56011] for GET '/session/267876afb0e57d310ee9e57820f95f49/screenshot'
16:05:08.218 [AsyncHttpClient-1-3] DEBUG org.asynchttpclient.netty.handler.HttpHandler - 

Request DefaultFullHttpRequest(decodeResult: success, version: HTTP/1.1, content: EmptyByteBufBE)
GET /session/267876afb0e57d310ee9e57820f95f49/screenshot HTTP/1.1
User-Agent: selenium/4.1.2 (java windows)
Cache-Control: no-cache
Content-Type: application/json; charset=utf-8
host: localhost:56011
accept: */*

Response DefaultHttpResponse(decodeResult: success, version: HTTP/1.1)
HTTP/1.1 200 OK
Content-Type: application/json; charset=utf-8
cache-control: no-cache
content-length: 113700

16:05:08.218 [AsyncHttpClient-1-3] DEBUG org.asynchttpclient.netty.channel.ChannelManager - Adding key: http://localhost:56011 for channel [id: 0x7ff88604, L:/127.0.0.1:60738 - R:localhost/127.0.0.1:56011]
16:05:08.231 [main] DEBUG net.serenitybdd.core.photography.Darkroom - Send negative for processing for target\site\serenity\f514a124574c7a8dba339e6c4b0a93bf51a6bab59ce00f260359a27f58f51d2c.png
16:05:08.231 [Darkroom Processing Line] DEBUG net.serenitybdd.core.photography.DarkroomProcessingLine - Processing screenshot image in /var/screenshots/screenshot-12203672517594269348
16:05:08.231 [Darkroom Processing Line] DEBUG net.serenitybdd.core.photography.DarkroomProcessingLine - Saving screenshot to target\site\serenity\f514a124574c7a8dba339e6c4b0a93bf51a6bab59ce00f260359a27f58f51d2c.png
16:05:08.239 [Forwarding findElement on session 267876afb0e57d310ee9e57820f95f49 to remote] DEBUG org.asynchttpclient.netty.request.NettyRequestSender - Using pooled Channel '[id: 0x7ff88604, L:/127.0.0.1:60738 - R:localhost/127.0.0.1:56011]' for 'POST' to 'http://localhost:56011/session/267876afb0e57d310ee9e57820f95f49/element'
16:05:08.239 [Forwarding findElement on session 267876afb0e57d310ee9e57820f95f49 to remote] DEBUG org.asynchttpclient.netty.request.NettyRequestSender - Using open Channel [id: 0x7ff88604, L:/127.0.0.1:60738 - R:localhost/127.0.0.1:56011] for POST '/session/267876afb0e57d310ee9e57820f95f49/element'
16:05:08.260 [AsyncHttpClient-1-3] DEBUG org.asynchttpclient.netty.handler.HttpHandler - 

Request DefaultHttpRequest(decodeResult: success, version: HTTP/1.1)
POST /session/267876afb0e57d310ee9e57820f95f49/element HTTP/1.1
User-Agent: selenium/4.1.2 (java windows)
Content-Length: 66
Content-Type: application/json; charset=utf-8
host: localhost:56011
accept: */*

Response DefaultHttpResponse(decodeResult: success, version: HTTP/1.1)
HTTP/1.1 200 OK
Content-Type: application/json; charset=utf-8
cache-control: no-cache
content-length: 88

16:05:08.260 [AsyncHttpClient-1-3] DEBUG org.asynchttpclient.netty.channel.ChannelManager - Adding key: http://localhost:56011 for channel [id: 0x7ff88604, L:/127.0.0.1:60738 - R:localhost/127.0.0.1:56011]
16:05:08.260 [Forwarding clearElement on session 267876afb0e57d310ee9e57820f95f49 to remote] DEBUG org.asynchttpclient.netty.request.NettyRequestSender - Using pooled Channel '[id: 0x7ff88604, L:/127.0.0.1:60738 - R:localhost/127.0.0.1:56011]' for 'POST' to 'http://localhost:56011/session/267876afb0e57d310ee9e57820f95f49/element/0e62ccd3-e158-4bed-b8cf-092595115d78/clear'
16:05:08.260 [Forwarding clearElement on session 267876afb0e57d310ee9e57820f95f49 to remote] DEBUG org.asynchttpclient.netty.request.NettyRequestSender - Using open Channel [id: 0x7ff88604, L:/127.0.0.1:60738 - R:localhost/127.0.0.1:56011] for POST '/session/267876afb0e57d310ee9e57820f95f49/element/0e62ccd3-e158-4bed-b8cf-092595115d78/clear'
16:05:08.321 [AsyncHttpClient-1-3] DEBUG org.asynchttpclient.netty.handler.HttpHandler - 

Request DefaultHttpRequest(decodeResult: success, version: HTTP/1.1)
POST /session/267876afb0e57d310ee9e57820f95f49/element/0e62ccd3-e158-4bed-b8cf-092595115d78/clear HTTP/1.1
User-Agent: selenium/4.1.2 (java windows)
Content-Length: 50
Content-Type: application/json; charset=utf-8
host: localhost:56011
accept: */*

Response DefaultHttpResponse(decodeResult: success, version: HTTP/1.1)
HTTP/1.1 200 OK
Content-Type: application/json; charset=utf-8
cache-control: no-cache
content-length: 14

16:05:08.321 [AsyncHttpClient-1-3] DEBUG org.asynchttpclient.netty.channel.ChannelManager - Adding key: http://localhost:56011 for channel [id: 0x7ff88604, L:/127.0.0.1:60738 - R:localhost/127.0.0.1:56011]
16:05:08.321 [Forwarding sendKeysToElement on session 267876afb0e57d310ee9e57820f95f49 to remote] DEBUG org.asynchttpclient.netty.request.NettyRequestSender - Using pooled Channel '[id: 0x7ff88604, L:/127.0.0.1:60738 - R:localhost/127.0.0.1:56011]' for 'POST' to 'http://localhost:56011/session/267876afb0e57d310ee9e57820f95f49/element/0e62ccd3-e158-4bed-b8cf-092595115d78/value'
16:05:08.321 [Forwarding sendKeysToElement on session 267876afb0e57d310ee9e57820f95f49 to remote] DEBUG org.asynchttpclient.netty.request.NettyRequestSender - Using open Channel [id: 0x7ff88604, L:/127.0.0.1:60738 - R:localhost/127.0.0.1:56011] for POST '/session/267876afb0e57d310ee9e57820f95f49/element/0e62ccd3-e158-4bed-b8cf-092595115d78/value'
16:05:08.426 [AsyncHttpClient-1-1] DEBUG org.asynchttpclient.netty.channel.DefaultChannelPool - Entry count for : http://localhost:60739 : 1
16:05:08.438 [AsyncHttpClient-1-3] DEBUG org.asynchttpclient.netty.handler.HttpHandler - 

Request DefaultHttpRequest(decodeResult: success, version: HTTP/1.1)
POST /session/267876afb0e57d310ee9e57820f95f49/element/0e62ccd3-e158-4bed-b8cf-092595115d78/value HTTP/1.1
User-Agent: selenium/4.1.2 (java windows)
Content-Length: 171
Content-Type: application/json; charset=utf-8
host: localhost:56011
accept: */*

Response DefaultHttpResponse(decodeResult: success, version: HTTP/1.1)
HTTP/1.1 200 OK
Content-Type: application/json; charset=utf-8
cache-control: no-cache
content-length: 14

16:05:08.438 [AsyncHttpClient-1-3] DEBUG org.asynchttpclient.netty.channel.ChannelManager - Adding key: http://localhost:56011 for channel [id: 0x7ff88604, L:/127.0.0.1:60738 - R:localhost/127.0.0.1:56011]
16:05:08.447 [Forwarding findElement on session 267876afb0e57d310ee9e57820f95f49 to remote] DEBUG org.asynchttpclient.netty.request.NettyRequestSender - Using pooled Channel '[id: 0x7ff88604, L:/127.0.0.1:60738 - R:localhost/127.0.0.1:56011]' for 'POST' to 'http://localhost:56011/session/267876afb0e57d310ee9e57820f95f49/element'
16:05:08.449 [Forwarding findElement on session 267876afb0e57d310ee9e57820f95f49 to remote] DEBUG org.asynchttpclient.netty.request.NettyRequestSender - Using open Channel [id: 0x7ff88604, L:/127.0.0.1:60738 - R:localhost/127.0.0.1:56011] for POST '/session/267876afb0e57d310ee9e57820f95f49/element'
16:05:08.482 [AsyncHttpClient-1-3] DEBUG org.asynchttpclient.netty.handler.HttpHandler - 

Request DefaultHttpRequest(decodeResult: success, version: HTTP/1.1)
POST /session/267876afb0e57d310ee9e57820f95f49/element HTTP/1.1
User-Agent: selenium/4.1.2 (java windows)
Content-Length: 63
Content-Type: application/json; charset=utf-8
host: localhost:56011
accept: */*

Response DefaultHttpResponse(decodeResult: success, version: HTTP/1.1)
HTTP/1.1 200 OK
Content-Type: application/json; charset=utf-8
cache-control: no-cache
content-length: 88

16:05:08.482 [AsyncHttpClient-1-3] DEBUG org.asynchttpclient.netty.channel.ChannelManager - Adding key: http://localhost:56011 for channel [id: 0x7ff88604, L:/127.0.0.1:60738 - R:localhost/127.0.0.1:56011]
16:05:08.487 [Forwarding clearElement on session 267876afb0e57d310ee9e57820f95f49 to remote] DEBUG org.asynchttpclient.netty.request.NettyRequestSender - Using pooled Channel '[id: 0x7ff88604, L:/127.0.0.1:60738 - R:localhost/127.0.0.1:56011]' for 'POST' to 'http://localhost:56011/session/267876afb0e57d310ee9e57820f95f49/element/8737433c-518e-4ce7-af79-38a50bd3330f/clear'
16:05:08.487 [Forwarding clearElement on session 267876afb0e57d310ee9e57820f95f49 to remote] DEBUG org.asynchttpclient.netty.request.NettyRequestSender - Using open Channel [id: 0x7ff88604, L:/127.0.0.1:60738 - R:localhost/127.0.0.1:56011] for POST '/session/267876afb0e57d310ee9e57820f95f49/element/8737433c-518e-4ce7-af79-38a50bd3330f/clear'
16:05:08.549 [AsyncHttpClient-1-3] DEBUG org.asynchttpclient.netty.handler.HttpHandler - 

Request DefaultHttpRequest(decodeResult: success, version: HTTP/1.1)
POST /session/267876afb0e57d310ee9e57820f95f49/element/8737433c-518e-4ce7-af79-38a50bd3330f/clear HTTP/1.1
User-Agent: selenium/4.1.2 (java windows)
Content-Length: 50
Content-Type: application/json; charset=utf-8
host: localhost:56011
accept: */*

Response DefaultHttpResponse(decodeResult: success, version: HTTP/1.1)
HTTP/1.1 200 OK
Content-Type: application/json; charset=utf-8
cache-control: no-cache
content-length: 14

16:05:08.549 [AsyncHttpClient-1-3] DEBUG org.asynchttpclient.netty.channel.ChannelManager - Adding key: http://localhost:56011 for channel [id: 0x7ff88604, L:/127.0.0.1:60738 - R:localhost/127.0.0.1:56011]
16:05:08.560 [Forwarding sendKeysToElement on session 267876afb0e57d310ee9e57820f95f49 to remote] DEBUG org.asynchttpclient.netty.request.NettyRequestSender - Using pooled Channel '[id: 0x7ff88604, L:/127.0.0.1:60738 - R:localhost/127.0.0.1:56011]' for 'POST' to 'http://localhost:56011/session/267876afb0e57d310ee9e57820f95f49/element/8737433c-518e-4ce7-af79-38a50bd3330f/value'
16:05:08.560 [Forwarding sendKeysToElement on session 267876afb0e57d310ee9e57820f95f49 to remote] DEBUG org.asynchttpclient.netty.request.NettyRequestSender - Using open Channel [id: 0x7ff88604, L:/127.0.0.1:60738 - R:localhost/127.0.0.1:56011] for POST '/session/267876afb0e57d310ee9e57820f95f49/element/8737433c-518e-4ce7-af79-38a50bd3330f/value'
16:05:08.809 [AsyncHttpClient-1-3] DEBUG org.asynchttpclient.netty.handler.HttpHandler - 

Request DefaultHttpRequest(decodeResult: success, version: HTTP/1.1)
POST /session/267876afb0e57d310ee9e57820f95f49/element/8737433c-518e-4ce7-af79-38a50bd3330f/value HTTP/1.1
User-Agent: selenium/4.1.2 (java windows)
Content-Length: 331
Content-Type: application/json; charset=utf-8
host: localhost:56011
accept: */*

Response DefaultHttpResponse(decodeResult: success, version: HTTP/1.1)
HTTP/1.1 200 OK
Content-Type: application/json; charset=utf-8
cache-control: no-cache
content-length: 14

16:05:08.809 [AsyncHttpClient-1-3] DEBUG org.asynchttpclient.netty.channel.ChannelManager - Adding key: http://localhost:56011 for channel [id: 0x7ff88604, L:/127.0.0.1:60738 - R:localhost/127.0.0.1:56011]
16:05:08.810 [Forwarding findElement on session 267876afb0e57d310ee9e57820f95f49 to remote] DEBUG org.asynchttpclient.netty.request.NettyRequestSender - Using pooled Channel '[id: 0x7ff88604, L:/127.0.0.1:60738 - R:localhost/127.0.0.1:56011]' for 'POST' to 'http://localhost:56011/session/267876afb0e57d310ee9e57820f95f49/element'
16:05:08.810 [Forwarding findElement on session 267876afb0e57d310ee9e57820f95f49 to remote] DEBUG org.asynchttpclient.netty.request.NettyRequestSender - Using open Channel [id: 0x7ff88604, L:/127.0.0.1:60738 - R:localhost/127.0.0.1:56011] for POST '/session/267876afb0e57d310ee9e57820f95f49/element'
16:05:08.829 [AsyncHttpClient-1-3] DEBUG org.asynchttpclient.netty.handler.HttpHandler - 

Request DefaultHttpRequest(decodeResult: success, version: HTTP/1.1)
POST /session/267876afb0e57d310ee9e57820f95f49/element HTTP/1.1
User-Agent: selenium/4.1.2 (java windows)
Content-Length: 68
Content-Type: application/json; charset=utf-8
host: localhost:56011
accept: */*

Response DefaultHttpResponse(decodeResult: success, version: HTTP/1.1)
HTTP/1.1 200 OK
Content-Type: application/json; charset=utf-8
cache-control: no-cache
content-length: 88

16:05:08.829 [AsyncHttpClient-1-3] DEBUG org.asynchttpclient.netty.channel.ChannelManager - Adding key: http://localhost:56011 for channel [id: 0x7ff88604, L:/127.0.0.1:60738 - R:localhost/127.0.0.1:56011]
16:05:08.837 [Forwarding clearElement on session 267876afb0e57d310ee9e57820f95f49 to remote] DEBUG org.asynchttpclient.netty.request.NettyRequestSender - Using pooled Channel '[id: 0x7ff88604, L:/127.0.0.1:60738 - R:localhost/127.0.0.1:56011]' for 'POST' to 'http://localhost:56011/session/267876afb0e57d310ee9e57820f95f49/element/86ba53a5-f274-46b6-b40e-e37a8561ea09/clear'
16:05:08.837 [Forwarding clearElement on session 267876afb0e57d310ee9e57820f95f49 to remote] DEBUG org.asynchttpclient.netty.request.NettyRequestSender - Using open Channel [id: 0x7ff88604, L:/127.0.0.1:60738 - R:localhost/127.0.0.1:56011] for POST '/session/267876afb0e57d310ee9e57820f95f49/element/86ba53a5-f274-46b6-b40e-e37a8561ea09/clear'
16:05:08.902 [AsyncHttpClient-1-3] DEBUG org.asynchttpclient.netty.handler.HttpHandler - 

Request DefaultHttpRequest(decodeResult: success, version: HTTP/1.1)
POST /session/267876afb0e57d310ee9e57820f95f49/element/86ba53a5-f274-46b6-b40e-e37a8561ea09/clear HTTP/1.1
User-Agent: selenium/4.1.2 (java windows)
Content-Length: 50
Content-Type: application/json; charset=utf-8
host: localhost:56011
accept: */*

Response DefaultHttpResponse(decodeResult: success, version: HTTP/1.1)
HTTP/1.1 200 OK
Content-Type: application/json; charset=utf-8
cache-control: no-cache
content-length: 14

16:05:08.902 [AsyncHttpClient-1-3] DEBUG org.asynchttpclient.netty.channel.ChannelManager - Adding key: http://localhost:56011 for channel [id: 0x7ff88604, L:/127.0.0.1:60738 - R:localhost/127.0.0.1:56011]
16:05:08.909 [Forwarding sendKeysToElement on session 267876afb0e57d310ee9e57820f95f49 to remote] DEBUG org.asynchttpclient.netty.request.NettyRequestSender - Using pooled Channel '[id: 0x7ff88604, L:/127.0.0.1:60738 - R:localhost/127.0.0.1:56011]' for 'POST' to 'http://localhost:56011/session/267876afb0e57d310ee9e57820f95f49/element/86ba53a5-f274-46b6-b40e-e37a8561ea09/value'
16:05:08.909 [Forwarding sendKeysToElement on session 267876afb0e57d310ee9e57820f95f49 to remote] DEBUG org.asynchttpclient.netty.request.NettyRequestSender - Using open Channel [id: 0x7ff88604, L:/127.0.0.1:60738 - R:localhost/127.0.0.1:56011] for POST '/session/267876afb0e57d310ee9e57820f95f49/element/86ba53a5-f274-46b6-b40e-e37a8561ea09/value'
16:05:08.980 [AsyncHttpClient-1-3] DEBUG org.asynchttpclient.netty.handler.HttpHandler - 

Request DefaultHttpRequest(decodeResult: success, version: HTTP/1.1)
POST /session/267876afb0e57d310ee9e57820f95f49/element/86ba53a5-f274-46b6-b40e-e37a8561ea09/value HTTP/1.1
User-Agent: selenium/4.1.2 (java windows)
Content-Length: 82
Content-Type: application/json; charset=utf-8
host: localhost:56011
accept: */*

Response DefaultHttpResponse(decodeResult: success, version: HTTP/1.1)
HTTP/1.1 200 OK
Content-Type: application/json; charset=utf-8
cache-control: no-cache
content-length: 14

16:05:08.980 [AsyncHttpClient-1-3] DEBUG org.asynchttpclient.netty.channel.ChannelManager - Adding key: http://localhost:56011 for channel [id: 0x7ff88604, L:/127.0.0.1:60738 - R:localhost/127.0.0.1:56011]
16:05:08.981 [Forwarding findElement on session 267876afb0e57d310ee9e57820f95f49 to remote] DEBUG org.asynchttpclient.netty.request.NettyRequestSender - Using pooled Channel '[id: 0x7ff88604, L:/127.0.0.1:60738 - R:localhost/127.0.0.1:56011]' for 'POST' to 'http://localhost:56011/session/267876afb0e57d310ee9e57820f95f49/element'
16:05:08.981 [Forwarding findElement on session 267876afb0e57d310ee9e57820f95f49 to remote] DEBUG org.asynchttpclient.netty.request.NettyRequestSender - Using open Channel [id: 0x7ff88604, L:/127.0.0.1:60738 - R:localhost/127.0.0.1:56011] for POST '/session/267876afb0e57d310ee9e57820f95f49/element'
16:05:09.004 [AsyncHttpClient-1-3] DEBUG org.asynchttpclient.netty.handler.HttpHandler - 

Request DefaultHttpRequest(decodeResult: success, version: HTTP/1.1)
POST /session/267876afb0e57d310ee9e57820f95f49/element HTTP/1.1
User-Agent: selenium/4.1.2 (java windows)
Content-Length: 77
Content-Type: application/json; charset=utf-8
host: localhost:56011
accept: */*

Response DefaultHttpResponse(decodeResult: success, version: HTTP/1.1)
HTTP/1.1 200 OK
Content-Type: application/json; charset=utf-8
cache-control: no-cache
content-length: 88

16:05:09.004 [AsyncHttpClient-1-3] DEBUG org.asynchttpclient.netty.channel.ChannelManager - Adding key: http://localhost:56011 for channel [id: 0x7ff88604, L:/127.0.0.1:60738 - R:localhost/127.0.0.1:56011]
16:05:09.004 [Forwarding clearElement on session 267876afb0e57d310ee9e57820f95f49 to remote] DEBUG org.asynchttpclient.netty.request.NettyRequestSender - Using pooled Channel '[id: 0x7ff88604, L:/127.0.0.1:60738 - R:localhost/127.0.0.1:56011]' for 'POST' to 'http://localhost:56011/session/267876afb0e57d310ee9e57820f95f49/element/ac17bcd9-b78d-43eb-a857-91f6dc9fb709/clear'
16:05:09.004 [Forwarding clearElement on session 267876afb0e57d310ee9e57820f95f49 to remote] DEBUG org.asynchttpclient.netty.request.NettyRequestSender - Using open Channel [id: 0x7ff88604, L:/127.0.0.1:60738 - R:localhost/127.0.0.1:56011] for POST '/session/267876afb0e57d310ee9e57820f95f49/element/ac17bcd9-b78d-43eb-a857-91f6dc9fb709/clear'
16:05:09.076 [AsyncHttpClient-1-3] DEBUG org.asynchttpclient.netty.handler.HttpHandler - 

Request DefaultHttpRequest(decodeResult: success, version: HTTP/1.1)
POST /session/267876afb0e57d310ee9e57820f95f49/element/ac17bcd9-b78d-43eb-a857-91f6dc9fb709/clear HTTP/1.1
User-Agent: selenium/4.1.2 (java windows)
Content-Length: 50
Content-Type: application/json; charset=utf-8
host: localhost:56011
accept: */*

Response DefaultHttpResponse(decodeResult: success, version: HTTP/1.1)
HTTP/1.1 200 OK
Content-Type: application/json; charset=utf-8
cache-control: no-cache
content-length: 14

16:05:09.076 [AsyncHttpClient-1-3] DEBUG org.asynchttpclient.netty.channel.ChannelManager - Adding key: http://localhost:56011 for channel [id: 0x7ff88604, L:/127.0.0.1:60738 - R:localhost/127.0.0.1:56011]
16:05:09.079 [Forwarding sendKeysToElement on session 267876afb0e57d310ee9e57820f95f49 to remote] DEBUG org.asynchttpclient.netty.request.NettyRequestSender - Using pooled Channel '[id: 0x7ff88604, L:/127.0.0.1:60738 - R:localhost/127.0.0.1:56011]' for 'POST' to 'http://localhost:56011/session/267876afb0e57d310ee9e57820f95f49/element/ac17bcd9-b78d-43eb-a857-91f6dc9fb709/value'
16:05:09.079 [Forwarding sendKeysToElement on session 267876afb0e57d310ee9e57820f95f49 to remote] DEBUG org.asynchttpclient.netty.request.NettyRequestSender - Using open Channel [id: 0x7ff88604, L:/127.0.0.1:60738 - R:localhost/127.0.0.1:56011] for POST '/session/267876afb0e57d310ee9e57820f95f49/element/ac17bcd9-b78d-43eb-a857-91f6dc9fb709/value'
16:05:09.253 [AsyncHttpClient-1-3] DEBUG org.asynchttpclient.netty.handler.HttpHandler - 

Request DefaultHttpRequest(decodeResult: success, version: HTTP/1.1)
POST /session/267876afb0e57d310ee9e57820f95f49/element/ac17bcd9-b78d-43eb-a857-91f6dc9fb709/value HTTP/1.1
User-Agent: selenium/4.1.2 (java windows)
Content-Length: 211
Content-Type: application/json; charset=utf-8
host: localhost:56011
accept: */*

Response DefaultHttpResponse(decodeResult: success, version: HTTP/1.1)
HTTP/1.1 200 OK
Content-Type: application/json; charset=utf-8
cache-control: no-cache
content-length: 14

16:05:09.253 [AsyncHttpClient-1-3] DEBUG org.asynchttpclient.netty.channel.ChannelManager - Adding key: http://localhost:56011 for channel [id: 0x7ff88604, L:/127.0.0.1:60738 - R:localhost/127.0.0.1:56011]
  &amp#27;[32mAnd &amp#27;[0m&amp#27;[32mi input &amp#27;[0m&amp#27;[32m&amp#27;[1m"sonyaprds"&amp#27;[0m&amp#27;[32m and &amp#27;[0m&amp#27;[32m&amp#27;[1m"sonya@gmail.com"&amp#27;[0m&amp#27;[32m and &amp#27;[0m&amp#27;[32m&amp#27;[1m""&amp#27;[0m&amp#27;[32m and &amp#27;[0m&amp#27;[32m&amp#27;[1m"SonyaPrds1511"&amp#27;[0m &amp#27;[90m# starter.stepdefinitions.registerSteps.iInputAndAndAnd(java.lang.String,java.lang.String,java.lang.String,java.lang.String)&amp#27;[0m
16:05:09.268 [Forwarding screenshot on session 267876afb0e57d310ee9e57820f95f49 to remote] DEBUG org.asynchttpclient.netty.request.NettyRequestSender - Using pooled Channel '[id: 0x7ff88604, L:/127.0.0.1:60738 - R:localhost/127.0.0.1:56011]' for 'GET' to 'http://localhost:56011/session/267876afb0e57d310ee9e57820f95f49/screenshot'
16:05:09.268 [Forwarding screenshot on session 267876afb0e57d310ee9e57820f95f49 to remote] DEBUG org.asynchttpclient.netty.request.NettyRequestSender - Using open Channel [id: 0x7ff88604, L:/127.0.0.1:60738 - R:localhost/127.0.0.1:56011] for GET '/session/267876afb0e57d310ee9e57820f95f49/screenshot'
16:05:09.529 [AsyncHttpClient-1-1] DEBUG org.asynchttpclient.netty.channel.DefaultChannelPool - Entry count for : http://localhost:60739 : 1
16:05:09.552 [AsyncHttpClient-1-3] DEBUG org.asynchttpclient.netty.handler.HttpHandler - 

Request DefaultFullHttpRequest(decodeResult: success, version: HTTP/1.1, content: EmptyByteBufBE)
GET /session/267876afb0e57d310ee9e57820f95f49/screenshot HTTP/1.1
User-Agent: selenium/4.1.2 (java windows)
Cache-Control: no-cache
Content-Type: application/json; charset=utf-8
host: localhost:56011
accept: */*

Response DefaultHttpResponse(decodeResult: success, version: HTTP/1.1)
HTTP/1.1 200 OK
Content-Type: application/json; charset=utf-8
cache-control: no-cache
content-length: 159772

16:05:09.552 [AsyncHttpClient-1-3] DEBUG org.asynchttpclient.netty.channel.ChannelManager - Adding key: http://localhost:56011 for channel [id: 0x7ff88604, L:/127.0.0.1:60738 - R:localhost/127.0.0.1:56011]
16:05:09.561 [main] DEBUG net.serenitybdd.core.photography.Darkroom - Send negative for processing for target\site\serenity\36b5c764f8ecef3e38bf407ff031fffdb4c0ebe5611e2c4709fefbeeed777bd6.png
16:05:09.561 [Darkroom Processing Line] DEBUG net.serenitybdd.core.photography.DarkroomProcessingLine - Processing screenshot image in /var/screenshots/screenshot-13807421058037452534
16:05:09.561 [Darkroom Processing Line] DEBUG net.serenitybdd.core.photography.DarkroomProcessingLine - Saving screenshot to target\site\serenity\36b5c764f8ecef3e38bf407ff031fffdb4c0ebe5611e2c4709fefbeeed777bd6.png
16:05:09.580 [Forwarding findElement on session 267876afb0e57d310ee9e57820f95f49 to remote] DEBUG org.asynchttpclient.netty.request.NettyRequestSender - Using pooled Channel '[id: 0x7ff88604, L:/127.0.0.1:60738 - R:localhost/127.0.0.1:56011]' for 'POST' to 'http://localhost:56011/session/267876afb0e57d310ee9e57820f95f49/element'
16:05:09.580 [Forwarding findElement on session 267876afb0e57d310ee9e57820f95f49 to remote] DEBUG org.asynchttpclient.netty.request.NettyRequestSender - Using open Channel [id: 0x7ff88604, L:/127.0.0.1:60738 - R:localhost/127.0.0.1:56011] for POST '/session/267876afb0e57d310ee9e57820f95f49/element'
16:05:09.601 [AsyncHttpClient-1-3] DEBUG org.asynchttpclient.netty.handler.HttpHandler - 

Request DefaultHttpRequest(decodeResult: success, version: HTTP/1.1)
POST /session/267876afb0e57d310ee9e57820f95f49/element HTTP/1.1
User-Agent: selenium/4.1.2 (java windows)
Content-Length: 56
Content-Type: application/json; charset=utf-8
host: localhost:56011
accept: */*

Response DefaultHttpResponse(decodeResult: success, version: HTTP/1.1)
HTTP/1.1 200 OK
Content-Type: application/json; charset=utf-8
cache-control: no-cache
content-length: 88

16:05:09.601 [AsyncHttpClient-1-3] DEBUG org.asynchttpclient.netty.channel.ChannelManager - Adding key: http://localhost:56011 for channel [id: 0x7ff88604, L:/127.0.0.1:60738 - R:localhost/127.0.0.1:56011]
16:05:09.609 [Forwarding getElementTagName on session 267876afb0e57d310ee9e57820f95f49 to remote] DEBUG org.asynchttpclient.netty.request.NettyRequestSender - Using pooled Channel '[id: 0x7ff88604, L:/127.0.0.1:60738 - R:localhost/127.0.0.1:56011]' for 'GET' to 'http://localhost:56011/session/267876afb0e57d310ee9e57820f95f49/element/b13019fc-b94d-45d9-be00-c364b414d6b4/name'
16:05:09.609 [Forwarding getElementTagName on session 267876afb0e57d310ee9e57820f95f49 to remote] DEBUG org.asynchttpclient.netty.request.NettyRequestSender - Using open Channel [id: 0x7ff88604, L:/127.0.0.1:60738 - R:localhost/127.0.0.1:56011] for GET '/session/267876afb0e57d310ee9e57820f95f49/element/b13019fc-b94d-45d9-be00-c364b414d6b4/name'
16:05:09.617 [AsyncHttpClient-1-3] DEBUG org.asynchttpclient.netty.handler.HttpHandler - 

Request DefaultFullHttpRequest(decodeResult: success, version: HTTP/1.1, content: EmptyByteBufBE)
GET /session/267876afb0e57d310ee9e57820f95f49/element/b13019fc-b94d-45d9-be00-c364b414d6b4/name HTTP/1.1
User-Agent: selenium/4.1.2 (java windows)
Cache-Control: no-cache
Content-Type: application/json; charset=utf-8
host: localhost:56011
accept: */*

Response DefaultHttpResponse(decodeResult: success, version: HTTP/1.1)
HTTP/1.1 200 OK
Content-Type: application/json; charset=utf-8
cache-control: no-cache
content-length: 18

16:05:09.617 [AsyncHttpClient-1-3] DEBUG org.asynchttpclient.netty.channel.ChannelManager - Adding key: http://localhost:56011 for channel [id: 0x7ff88604, L:/127.0.0.1:60738 - R:localhost/127.0.0.1:56011]
16:05:09.617 [Forwarding getElementTagName on session 267876afb0e57d310ee9e57820f95f49 to remote] DEBUG org.asynchttpclient.netty.request.NettyRequestSender - Using pooled Channel '[id: 0x7ff88604, L:/127.0.0.1:60738 - R:localhost/127.0.0.1:56011]' for 'GET' to 'http://localhost:56011/session/267876afb0e57d310ee9e57820f95f49/element/b13019fc-b94d-45d9-be00-c364b414d6b4/name'
16:05:09.617 [Forwarding getElementTagName on session 267876afb0e57d310ee9e57820f95f49 to remote] DEBUG org.asynchttpclient.netty.request.NettyRequestSender - Using open Channel [id: 0x7ff88604, L:/127.0.0.1:60738 - R:localhost/127.0.0.1:56011] for GET '/session/267876afb0e57d310ee9e57820f95f49/element/b13019fc-b94d-45d9-be00-c364b414d6b4/name'
16:05:09.621 [AsyncHttpClient-1-3] DEBUG org.asynchttpclient.netty.handler.HttpHandler - 

Request DefaultFullHttpRequest(decodeResult: success, version: HTTP/1.1, content: EmptyByteBufBE)
GET /session/267876afb0e57d310ee9e57820f95f49/element/b13019fc-b94d-45d9-be00-c364b414d6b4/name HTTP/1.1
User-Agent: selenium/4.1.2 (java windows)
Cache-Control: no-cache
Content-Type: application/json; charset=utf-8
host: localhost:56011
accept: */*

Response DefaultHttpResponse(decodeResult: success, version: HTTP/1.1)
HTTP/1.1 200 OK
Content-Type: application/json; charset=utf-8
cache-control: no-cache
content-length: 18

16:05:09.621 [AsyncHttpClient-1-3] DEBUG org.asynchttpclient.netty.channel.ChannelManager - Adding key: http://localhost:56011 for channel [id: 0x7ff88604, L:/127.0.0.1:60738 - R:localhost/127.0.0.1:56011]
16:05:09.631 [Forwarding isElementEnabled on session 267876afb0e57d310ee9e57820f95f49 to remote] DEBUG org.asynchttpclient.netty.request.NettyRequestSender - Using pooled Channel '[id: 0x7ff88604, L:/127.0.0.1:60738 - R:localhost/127.0.0.1:56011]' for 'GET' to 'http://localhost:56011/session/267876afb0e57d310ee9e57820f95f49/element/b13019fc-b94d-45d9-be00-c364b414d6b4/enabled'
16:05:09.631 [Forwarding isElementEnabled on session 267876afb0e57d310ee9e57820f95f49 to remote] DEBUG org.asynchttpclient.netty.request.NettyRequestSender - Using open Channel [id: 0x7ff88604, L:/127.0.0.1:60738 - R:localhost/127.0.0.1:56011] for GET '/session/267876afb0e57d310ee9e57820f95f49/element/b13019fc-b94d-45d9-be00-c364b414d6b4/enabled'
16:05:09.653 [AsyncHttpClient-1-3] DEBUG org.asynchttpclient.netty.handler.HttpHandler - 

Request DefaultFullHttpRequest(decodeResult: success, version: HTTP/1.1, content: EmptyByteBufBE)
GET /session/267876afb0e57d310ee9e57820f95f49/element/b13019fc-b94d-45d9-be00-c364b414d6b4/enabled HTTP/1.1
User-Agent: selenium/4.1.2 (java windows)
Cache-Control: no-cache
Content-Type: application/json; charset=utf-8
host: localhost:56011
accept: */*

Response DefaultHttpResponse(decodeResult: success, version: HTTP/1.1)
HTTP/1.1 200 OK
Content-Type: application/json; charset=utf-8
cache-control: no-cache
content-length: 14

16:05:09.653 [AsyncHttpClient-1-3] DEBUG org.asynchttpclient.netty.channel.ChannelManager - Adding key: http://localhost:56011 for channel [id: 0x7ff88604, L:/127.0.0.1:60738 - R:localhost/127.0.0.1:56011]
16:05:09.653 [Forwarding isElementEnabled on session 267876afb0e57d310ee9e57820f95f49 to remote] DEBUG org.asynchttpclient.netty.request.NettyRequestSender - Using pooled Channel '[id: 0x7ff88604, L:/127.0.0.1:60738 - R:localhost/127.0.0.1:56011]' for 'GET' to 'http://localhost:56011/session/267876afb0e57d310ee9e57820f95f49/element/b13019fc-b94d-45d9-be00-c364b414d6b4/enabled'
16:05:09.653 [Forwarding isElementEnabled on session 267876afb0e57d310ee9e57820f95f49 to remote] DEBUG org.asynchttpclient.netty.request.NettyRequestSender - Using open Channel [id: 0x7ff88604, L:/127.0.0.1:60738 - R:localhost/127.0.0.1:56011] for GET '/session/267876afb0e57d310ee9e57820f95f49/element/b13019fc-b94d-45d9-be00-c364b414d6b4/enabled'
16:05:09.661 [AsyncHttpClient-1-3] DEBUG org.asynchttpclient.netty.handler.HttpHandler - 

Request DefaultFullHttpRequest(decodeResult: success, version: HTTP/1.1, content: EmptyByteBufBE)
GET /session/267876afb0e57d310ee9e57820f95f49/element/b13019fc-b94d-45d9-be00-c364b414d6b4/enabled HTTP/1.1
User-Agent: selenium/4.1.2 (java windows)
Cache-Control: no-cache
Content-Type: application/json; charset=utf-8
host: localhost:56011
accept: */*

Response DefaultHttpResponse(decodeResult: success, version: HTTP/1.1)
HTTP/1.1 200 OK
Content-Type: application/json; charset=utf-8
cache-control: no-cache
content-length: 14

16:05:09.661 [AsyncHttpClient-1-3] DEBUG org.asynchttpclient.netty.channel.ChannelManager - Adding key: http://localhost:56011 for channel [id: 0x7ff88604, L:/127.0.0.1:60738 - R:localhost/127.0.0.1:56011]
16:05:09.669 [Forwarding findElement on session 267876afb0e57d310ee9e57820f95f49 to remote] DEBUG org.asynchttpclient.netty.request.NettyRequestSender - Using pooled Channel '[id: 0x7ff88604, L:/127.0.0.1:60738 - R:localhost/127.0.0.1:56011]' for 'POST' to 'http://localhost:56011/session/267876afb0e57d310ee9e57820f95f49/element'
16:05:09.669 [Forwarding findElement on session 267876afb0e57d310ee9e57820f95f49 to remote] DEBUG org.asynchttpclient.netty.request.NettyRequestSender - Using open Channel [id: 0x7ff88604, L:/127.0.0.1:60738 - R:localhost/127.0.0.1:56011] for POST '/session/267876afb0e57d310ee9e57820f95f49/element'
16:05:09.677 [AsyncHttpClient-1-3] DEBUG org.asynchttpclient.netty.handler.HttpHandler - 

Request DefaultHttpRequest(decodeResult: success, version: HTTP/1.1)
POST /session/267876afb0e57d310ee9e57820f95f49/element HTTP/1.1
User-Agent: selenium/4.1.2 (java windows)
Content-Length: 56
Content-Type: application/json; charset=utf-8
host: localhost:56011
accept: */*

Response DefaultHttpResponse(decodeResult: success, version: HTTP/1.1)
HTTP/1.1 200 OK
Content-Type: application/json; charset=utf-8
cache-control: no-cache
content-length: 88

16:05:09.677 [AsyncHttpClient-1-3] DEBUG org.asynchttpclient.netty.channel.ChannelManager - Adding key: http://localhost:56011 for channel [id: 0x7ff88604, L:/127.0.0.1:60738 - R:localhost/127.0.0.1:56011]
16:05:09.685 [Forwarding clickElement on session 267876afb0e57d310ee9e57820f95f49 to remote] DEBUG org.asynchttpclient.netty.request.NettyRequestSender - Using pooled Channel '[id: 0x7ff88604, L:/127.0.0.1:60738 - R:localhost/127.0.0.1:56011]' for 'POST' to 'http://localhost:56011/session/267876afb0e57d310ee9e57820f95f49/element/b13019fc-b94d-45d9-be00-c364b414d6b4/click'
16:05:09.685 [Forwarding clickElement on session 267876afb0e57d310ee9e57820f95f49 to remote] DEBUG org.asynchttpclient.netty.request.NettyRequestSender - Using open Channel [id: 0x7ff88604, L:/127.0.0.1:60738 - R:localhost/127.0.0.1:56011] for POST '/session/267876afb0e57d310ee9e57820f95f49/element/b13019fc-b94d-45d9-be00-c364b414d6b4/click'
16:05:09.798 [AsyncHttpClient-1-3] DEBUG org.asynchttpclient.netty.handler.HttpHandler - 

Request DefaultHttpRequest(decodeResult: success, version: HTTP/1.1)
POST /session/267876afb0e57d310ee9e57820f95f49/element/b13019fc-b94d-45d9-be00-c364b414d6b4/click HTTP/1.1
User-Agent: selenium/4.1.2 (java windows)
Content-Length: 50
Content-Type: application/json; charset=utf-8
host: localhost:56011
accept: */*

Response DefaultHttpResponse(decodeResult: success, version: HTTP/1.1)
HTTP/1.1 200 OK
Content-Type: application/json; charset=utf-8
cache-control: no-cache
content-length: 14

16:05:09.798 [AsyncHttpClient-1-3] DEBUG org.asynchttpclient.netty.channel.ChannelManager - Adding key: http://localhost:56011 for channel [id: 0x7ff88604, L:/127.0.0.1:60738 - R:localhost/127.0.0.1:56011]
  &amp#27;[32mAnd &amp#27;[0m&amp#27;[32mi click continue button&amp#27;[0m                                              &amp#27;[90m# starter.stepdefinitions.registerSteps.iClickContinueButton()&amp#27;[0m
16:05:09.815 [Forwarding screenshot on session 267876afb0e57d310ee9e57820f95f49 to remote] DEBUG org.asynchttpclient.netty.request.NettyRequestSender - Using pooled Channel '[id: 0x7ff88604, L:/127.0.0.1:60738 - R:localhost/127.0.0.1:56011]' for 'GET' to 'http://localhost:56011/session/267876afb0e57d310ee9e57820f95f49/screenshot'
16:05:09.815 [Forwarding screenshot on session 267876afb0e57d310ee9e57820f95f49 to remote] DEBUG org.asynchttpclient.netty.request.NettyRequestSender - Using open Channel [id: 0x7ff88604, L:/127.0.0.1:60738 - R:localhost/127.0.0.1:56011] for GET '/session/267876afb0e57d310ee9e57820f95f49/screenshot'
16:05:10.482 [AsyncHttpClient-1-3] DEBUG org.asynchttpclient.netty.handler.HttpHandler - 

Request DefaultFullHttpRequest(decodeResult: success, version: HTTP/1.1, content: EmptyByteBufBE)
GET /session/267876afb0e57d310ee9e57820f95f49/screenshot HTTP/1.1
User-Agent: selenium/4.1.2 (java windows)
Cache-Control: no-cache
Content-Type: application/json; charset=utf-8
host: localhost:56011
accept: */*

Response DefaultHttpResponse(decodeResult: success, version: HTTP/1.1)
HTTP/1.1 200 OK
Content-Type: application/json; charset=utf-8
cache-control: no-cache
content-length: 166928

16:05:10.482 [AsyncHttpClient-1-3] DEBUG org.asynchttpclient.netty.channel.ChannelManager - Adding key: http://localhost:56011 for channel [id: 0x7ff88604, L:/127.0.0.1:60738 - R:localhost/127.0.0.1:56011]
16:05:10.482 [main] DEBUG net.serenitybdd.core.photography.Darkroom - Send negative for processing for target\site\serenity\bd87fa07f173ee6567ed7eaa8e43413e12f2cbe5f6749675befdaf174e498c15.png
16:05:10.482 [Darkroom Processing Line] DEBUG net.serenitybdd.core.photography.DarkroomProcessingLine - Processing screenshot image in /var/screenshots/screenshot-14864042865010451187
16:05:10.482 [Darkroom Processing Line] DEBUG net.serenitybdd.core.photography.DarkroomProcessingLine - Saving screenshot to target\site\serenity\bd87fa07f173ee6567ed7eaa8e43413e12f2cbe5f6749675befdaf174e498c15.png
16:05:10.502 [Forwarding findElement on session 267876afb0e57d310ee9e57820f95f49 to remote] DEBUG org.asynchttpclient.netty.request.NettyRequestSender - Using pooled Channel '[id: 0x7ff88604, L:/127.0.0.1:60738 - R:localhost/127.0.0.1:56011]' for 'POST' to 'http://localhost:56011/session/267876afb0e57d310ee9e57820f95f49/element'
16:05:10.502 [Forwarding findElement on session 267876afb0e57d310ee9e57820f95f49 to remote] DEBUG org.asynchttpclient.netty.request.NettyRequestSender - Using open Channel [id: 0x7ff88604, L:/127.0.0.1:60738 - R:localhost/127.0.0.1:56011] for POST '/session/267876afb0e57d310ee9e57820f95f49/element'
16:05:10.520 [AsyncHttpClient-1-3] DEBUG org.asynchttpclient.netty.handler.HttpHandler - 

Request DefaultHttpRequest(decodeResult: success, version: HTTP/1.1)
POST /session/267876afb0e57d310ee9e57820f95f49/element HTTP/1.1
User-Agent: selenium/4.1.2 (java windows)
Content-Length: 69
Content-Type: application/json; charset=utf-8
host: localhost:56011
accept: */*

Response DefaultHttpResponse(decodeResult: success, version: HTTP/1.1)
HTTP/1.1 200 OK
Content-Type: application/json; charset=utf-8
cache-control: no-cache
content-length: 88

16:05:10.520 [AsyncHttpClient-1-3] DEBUG org.asynchttpclient.netty.channel.ChannelManager - Adding key: http://localhost:56011 for channel [id: 0x7ff88604, L:/127.0.0.1:60738 - R:localhost/127.0.0.1:56011]
16:05:10.529 [Forwarding isElementDisplayed on session 267876afb0e57d310ee9e57820f95f49 to remote] DEBUG org.asynchttpclient.netty.request.NettyRequestSender - Using pooled Channel '[id: 0x7ff88604, L:/127.0.0.1:60738 - R:localhost/127.0.0.1:56011]' for 'POST' to 'http://localhost:56011/session/267876afb0e57d310ee9e57820f95f49/execute/sync'
16:05:10.529 [Forwarding isElementDisplayed on session 267876afb0e57d310ee9e57820f95f49 to remote] DEBUG org.asynchttpclient.netty.request.NettyRequestSender - Using open Channel [id: 0x7ff88604, L:/127.0.0.1:60738 - R:localhost/127.0.0.1:56011] for POST '/session/267876afb0e57d310ee9e57820f95f49/execute/sync'
16:05:10.549 [AsyncHttpClient-1-3] DEBUG org.asynchttpclient.netty.handler.HttpHandler - 

Request DefaultHttpRequest(decodeResult: success, version: HTTP/1.1)
POST /session/267876afb0e57d310ee9e57820f95f49/execute/sync HTTP/1.1
User-Agent: selenium/4.1.2 (java windows)
Content-Length: 48780
Content-Type: application/json; charset=utf-8
host: localhost:56011
accept: */*

Response DefaultHttpResponse(decodeResult: success, version: HTTP/1.1)
HTTP/1.1 200 OK
Content-Type: application/json; charset=utf-8
cache-control: no-cache
content-length: 14

16:05:10.549 [AsyncHttpClient-1-3] DEBUG org.asynchttpclient.netty.channel.ChannelManager - Adding key: http://localhost:56011 for channel [id: 0x7ff88604, L:/127.0.0.1:60738 - R:localhost/127.0.0.1:56011]
16:05:10.557 [Forwarding findElement on session 267876afb0e57d310ee9e57820f95f49 to remote] DEBUG org.asynchttpclient.netty.request.NettyRequestSender - Using pooled Channel '[id: 0x7ff88604, L:/127.0.0.1:60738 - R:localhost/127.0.0.1:56011]' for 'POST' to 'http://localhost:56011/session/267876afb0e57d310ee9e57820f95f49/element'
16:05:10.557 [Forwarding findElement on session 267876afb0e57d310ee9e57820f95f49 to remote] DEBUG org.asynchttpclient.netty.request.NettyRequestSender - Using open Channel [id: 0x7ff88604, L:/127.0.0.1:60738 - R:localhost/127.0.0.1:56011] for POST '/session/267876afb0e57d310ee9e57820f95f49/element'
16:05:10.581 [AsyncHttpClient-1-3] DEBUG org.asynchttpclient.netty.handler.HttpHandler - 

Request DefaultHttpRequest(decodeResult: success, version: HTTP/1.1)
POST /session/267876afb0e57d310ee9e57820f95f49/element HTTP/1.1
User-Agent: selenium/4.1.2 (java windows)
Content-Length: 69
Content-Type: application/json; charset=utf-8
host: localhost:56011
accept: */*

Response DefaultHttpResponse(decodeResult: success, version: HTTP/1.1)
HTTP/1.1 200 OK
Content-Type: application/json; charset=utf-8
cache-control: no-cache
content-length: 88

16:05:10.581 [AsyncHttpClient-1-3] DEBUG org.asynchttpclient.netty.channel.ChannelManager - Adding key: http://localhost:56011 for channel [id: 0x7ff88604, L:/127.0.0.1:60738 - R:localhost/127.0.0.1:56011]
16:05:10.589 [Forwarding isElementDisplayed on session 267876afb0e57d310ee9e57820f95f49 to remote] DEBUG org.asynchttpclient.netty.request.NettyRequestSender - Using pooled Channel '[id: 0x7ff88604, L:/127.0.0.1:60738 - R:localhost/127.0.0.1:56011]' for 'POST' to 'http://localhost:56011/session/267876afb0e57d310ee9e57820f95f49/execute/sync'
16:05:10.589 [Forwarding isElementDisplayed on session 267876afb0e57d310ee9e57820f95f49 to remote] DEBUG org.asynchttpclient.netty.request.NettyRequestSender - Using open Channel [id: 0x7ff88604, L:/127.0.0.1:60738 - R:localhost/127.0.0.1:56011] for POST '/session/267876afb0e57d310ee9e57820f95f49/execute/sync'
16:05:10.630 [AsyncHttpClient-1-1] DEBUG org.asynchttpclient.netty.channel.DefaultChannelPool - Entry count for : http://localhost:60739 : 1
16:05:10.630 [AsyncHttpClient-1-3] DEBUG org.asynchttpclient.netty.handler.HttpHandler - 

Request DefaultHttpRequest(decodeResult: success, version: HTTP/1.1)
POST /session/267876afb0e57d310ee9e57820f95f49/execute/sync HTTP/1.1
User-Agent: selenium/4.1.2 (java windows)
Content-Length: 48780
Content-Type: application/json; charset=utf-8
host: localhost:56011
accept: */*

Response DefaultHttpResponse(decodeResult: success, version: HTTP/1.1)
HTTP/1.1 200 OK
Content-Type: application/json; charset=utf-8
cache-control: no-cache
content-length: 14

16:05:10.630 [AsyncHttpClient-1-3] DEBUG org.asynchttpclient.netty.channel.ChannelManager - Adding key: http://localhost:56011 for channel [id: 0x7ff88604, L:/127.0.0.1:60738 - R:localhost/127.0.0.1:56011]
  &amp#27;[32mThen &amp#27;[0m&amp#27;[32mi get my &amp#27;[0m&amp#27;[32m&amp#27;[1m"register page"&amp#27;[0m                                            &amp#27;[90m# starter.stepdefinitions.registerSteps.iGetMy(java.lang.String)&amp#27;[0m
16:05:10.642 [Forwarding screenshot on session 267876afb0e57d310ee9e57820f95f49 to remote] DEBUG org.asynchttpclient.netty.request.NettyRequestSender - Using pooled Channel '[id: 0x7ff88604, L:/127.0.0.1:60738 - R:localhost/127.0.0.1:56011]' for 'GET' to 'http://localhost:56011/session/267876afb0e57d310ee9e57820f95f49/screenshot'
16:05:10.642 [Forwarding screenshot on session 267876afb0e57d310ee9e57820f95f49 to remote] DEBUG org.asynchttpclient.netty.request.NettyRequestSender - Using open Channel [id: 0x7ff88604, L:/127.0.0.1:60738 - R:localhost/127.0.0.1:56011] for GET '/session/267876afb0e57d310ee9e57820f95f49/screenshot'
16:05:11.130 [AsyncHttpClient-1-3] DEBUG org.asynchttpclient.netty.handler.HttpHandler - 

Request DefaultFullHttpRequest(decodeResult: success, version: HTTP/1.1, content: EmptyByteBufBE)
GET /session/267876afb0e57d310ee9e57820f95f49/screenshot HTTP/1.1
User-Agent: selenium/4.1.2 (java windows)
Cache-Control: no-cache
Content-Type: application/json; charset=utf-8
host: localhost:56011
accept: */*

Response DefaultHttpResponse(decodeResult: success, version: HTTP/1.1)
HTTP/1.1 200 OK
Content-Type: application/json; charset=utf-8
cache-control: no-cache
content-length: 166624

16:05:11.130 [AsyncHttpClient-1-3] DEBUG org.asynchttpclient.netty.channel.ChannelManager - Adding key: http://localhost:56011 for channel [id: 0x7ff88604, L:/127.0.0.1:60738 - R:localhost/127.0.0.1:56011]
16:05:11.138 [main] DEBUG net.serenitybdd.core.photography.Darkroom - Send negative for processing for target\site\serenity\45a2d6e5498de82bcd7914b31ce7b386b00b0d987f738780f15699cd3054c4fc.png
16:05:11.138 [Darkroom Processing Line] DEBUG net.serenitybdd.core.photography.DarkroomProcessingLine - Processing screenshot image in /var/screenshots/screenshot-17950520681792837433
16:05:11.138 [Darkroom Processing Line] DEBUG net.serenitybdd.core.photography.DarkroomProcessingLine - Saving screenshot to target\site\serenity\45a2d6e5498de82bcd7914b31ce7b386b00b0d987f738780f15699cd3054c4fc.png
16:05:11.162 [AsyncHttpClient-1-5] DEBUG org.asynchttpclient.netty.handler.WebSocketHandler - Channel Closed: [id: 0xd1fa5b13, L:/127.0.0.1:60748 ! R:localhost/127.0.0.1:60739] with attribute NettyResponseFuture{currentRetry=5,
	isDone=1,
	isCancelled=0,
	asyncHandler=org.asynchttpclient.ws.WebSocketUpgradeHandler@2bf45ee1,
	nettyRequest=org.asynchttpclient.netty.request.NettyRequest@356697f8,
	future=java.util.concurrent.CompletableFuture@6920a004[Completed normally],
	uri=ws://localhost:60739/devtools/browser/7023afba-85f6-4800-bf6d-78cdd3e1260c,
	keepAlive=true,
	redirectCount=0,
	timeoutsHolder=null,
	inAuth=0,
	touch=1658480701730}
16:05:11.162 [AsyncHttpClient-1-5] DEBUG org.asynchttpclient.netty.channel.ChannelManager - Closing Channel [id: 0xd1fa5b13, L:/127.0.0.1:60748 ! R:localhost/127.0.0.1:60739] 
16:05:11.162 [Driver Command Executor] DEBUG org.asynchttpclient.netty.request.NettyRequestSender - Using pooled Channel '[id: 0x7ff88604, L:/127.0.0.1:60738 - R:localhost/127.0.0.1:56011]' for 'DELETE' to 'http://localhost:56011/session/267876afb0e57d310ee9e57820f95f49'
16:05:11.162 [Driver Command Executor] DEBUG org.asynchttpclient.netty.request.NettyRequestSender - Using open Channel [id: 0x7ff88604, L:/127.0.0.1:60738 - R:localhost/127.0.0.1:56011] for DELETE '/session/267876afb0e57d310ee9e57820f95f49'
16:05:11.231 [AsyncHttpClient-1-4] DEBUG org.asynchttpclient.netty.handler.HttpHandler - Unexpected I/O exception on channel [id: 0x82d3b692, L:/127.0.0.1:60747 - R:localhost/127.0.0.1:60739]
java.net.SocketException: Connection reset
	at java.base/sun.nio.ch.SocketChannelImpl.throwConnectionReset(SocketChannelImpl.java:367)
	at java.base/sun.nio.ch.SocketChannelImpl.read(SocketChannelImpl.java:398)
	at io.netty.buffer.PooledByteBuf.setBytes(PooledByteBuf.java:258)
	at io.netty.buffer.AbstractByteBuf.writeBytes(AbstractByteBuf.java:1132)
	at io.netty.channel.socket.nio.NioSocketChannel.doReadBytes(NioSocketChannel.java:350)
	at io.netty.channel.nio.AbstractNioByteChannel$NioByteUnsafe.read(AbstractNioByteChannel.java:151)
	at io.netty.channel.nio.NioEventLoop.processSelectedKey(NioEventLoop.java:722)
	at io.netty.channel.nio.NioEventLoop.processSelectedKeysOptimized(NioEventLoop.java:658)
	at io.netty.channel.nio.NioEventLoop.processSelectedKeys(NioEventLoop.java:584)
	at io.netty.channel.nio.NioEventLoop.run(NioEventLoop.java:496)
	at io.netty.util.concurrent.SingleThreadEventExecutor$4.run(SingleThreadEventExecutor.java:986)
	at io.netty.util.internal.ThreadExecutorMap$2.run(ThreadExecutorMap.java:74)
	at io.netty.util.concurrent.FastThreadLocalRunnable.run(FastThreadLocalRunnable.java:30)
	at java.base/java.lang.Thread.run(Thread.java:832)
16:05:11.231 [AsyncHttpClient-1-4] DEBUG org.asynchttpclient.netty.channel.ChannelManager - Closing Channel [id: 0x82d3b692, L:/127.0.0.1:60747 - R:localhost/127.0.0.1:60739] 
16:05:11.239 [AsyncHttpClient-1-4] DEBUG org.asynchttpclient.netty.handler.HttpHandler - Channel Closed: [id: 0x82d3b692, L:/127.0.0.1:60747 ! R:localhost/127.0.0.1:60739] with attribute DISCARD
16:05:11.278 [AsyncHttpClient-1-3] DEBUG org.asynchttpclient.netty.handler.HttpHandler - 

Request DefaultFullHttpRequest(decodeResult: success, version: HTTP/1.1, content: EmptyByteBufBE)
DELETE /session/267876afb0e57d310ee9e57820f95f49 HTTP/1.1
User-Agent: selenium/4.1.2 (java windows)
Content-Type: application/json; charset=utf-8
host: localhost:56011
accept: */*

Response DefaultHttpResponse(decodeResult: success, version: HTTP/1.1)
HTTP/1.1 200 OK
Content-Type: application/json; charset=utf-8
cache-control: no-cache
content-length: 14

16:05:11.278 [AsyncHttpClient-1-3] DEBUG org.asynchttpclient.netty.channel.ChannelManager - Adding key: http://localhost:56011 for channel [id: 0x7ff88604, L:/127.0.0.1:60738 - R:localhost/127.0.0.1:56011]
16:05:11.521 [AsyncHttpClient-1-3] DEBUG org.asynchttpclient.netty.handler.HttpHandler - Channel Closed: [id: 0x7ff88604, L:/127.0.0.1:60738 ! R:localhost/127.0.0.1:56011] with attribute DISCARD
16:05:11.720 [AsyncHttpClient-1-1] DEBUG org.asynchttpclient.netty.channel.DefaultChannelPool - Entry count for : http://localhost:60739 : 1
16:05:11.720 [AsyncHttpClient-1-1] DEBUG org.asynchttpclient.netty.channel.DefaultChannelPool - Entry count for : http://localhost:56011 : 1
16:05:11.720 [AsyncHttpClient-1-1] DEBUG org.asynchttpclient.netty.channel.DefaultChannelPool - Adding Candidate expired Channel [id: 0x82d3b692, L:/127.0.0.1:60747 ! R:localhost/127.0.0.1:60739] isIdleTimeoutExpired=false isRemotelyClosed=true isTtlExpired=false
16:05:11.720 [AsyncHttpClient-1-1] DEBUG org.asynchttpclient.netty.channel.DefaultChannelPool - Closing Idle Channel [id: 0x82d3b692, L:/127.0.0.1:60747 ! R:localhost/127.0.0.1:60739]
16:05:11.720 [AsyncHttpClient-1-1] DEBUG org.asynchttpclient.netty.channel.DefaultChannelPool - Adding Candidate expired Channel [id: 0x7ff88604, L:/127.0.0.1:60738 ! R:localhost/127.0.0.1:56011] isIdleTimeoutExpired=false isRemotelyClosed=true isTtlExpired=false
16:05:11.720 [AsyncHttpClient-1-1] DEBUG org.asynchttpclient.netty.channel.DefaultChannelPool - Closing Idle Channel [id: 0x7ff88604, L:/127.0.0.1:60738 ! R:localhost/127.0.0.1:56011]
16:05:11.720 [AsyncHttpClient-1-1] DEBUG org.asynchttpclient.netty.channel.DefaultChannelPool - Closed 2 connections out of 2 in 0 ms
]]></system-out>
    <system-err><![CDATA[Starting ChromeDriver 102.0.5005.61 (0e59bcc00cc4985ce39ad31c150065f159d95ad3-refs/branch-heads/5005@{#819}) on port 56011
Only local connections are allowed.
Please see https://chromedriver.chromium.org/security-considerations for suggestions on keeping ChromeDriver safe.
ChromeDriver was started successfully.
[1658480701.534][WARNING]: This version of ChromeDriver has not been tested with Chrome version 103.
Jul 22, 2022 4:05:01 PM org.openqa.selenium.remote.ProtocolHandshake createSession
INFO: Detected dialect: W3C
Jul 22, 2022 4:05:01 PM org.openqa.selenium.devtools.CdpVersionFinder findNearestMatch
WARNING: Unable to find an exact match for CDP version 103, so returning the closest version found: a no-op implementation
Jul 22, 2022 4:05:01 PM org.openqa.selenium.devtools.CdpVersionFinder findNearestMatch
INFO: Unable to find CDP implementation matching 103.
Jul 22, 2022 4:05:01 PM org.openqa.selenium.chromium.ChromiumDriver lambda$new$3
WARNING: Unable to find version of CDP to use for . You may need to include a dependency on a specific version of the CDP using something similar to `org.seleniumhq.selenium:selenium-devtools-v86:4.1.2` where the version ("v86") matches the version of the chromium-based browser you're using and the version number of the artifact is the same as Selenium's.
]]></system-err>
  </testcase>
  <testcase name="Registration scenario #5" classname="Registration" time="13.549">
    <system-out><![CDATA[
@register
Scenario Outline: Registration scenario                                    &amp#27;[90m# src/test/resources/features/register.feature:23&amp#27;[0m
16:05:12.061 [main] INFO io.cucumber.core.plugin.SerenityReporter - Running feature from file:///D:/PERKULIAHAN/Semester%206,Hebatt%20glad!/QE-FGD/Automation-test-Website%20-%20Copy/src/test/resources/features/register.feature
16:05:12.080 [main] INFO net.serenitybdd.core.webdriver.driverproviders.ChromeDriverProvider - Using automatically driver download
16:05:12.241 [main] DEBUG io.github.bonigarcia.wdm.cache.ResolutionCache - Resolution chrome=103 in cache (valid until 16:34:03 22/07/2022 WIB)
16:05:12.249 [main] DEBUG io.github.bonigarcia.wdm.cache.ResolutionCache - Resolution chrome103=103.0.5060.134 in cache (valid until 17:00:36 22/07/2022 WIB)
16:05:12.281 [main] INFO io.github.bonigarcia.wdm.WebDriverManager - Using chromedriver 103.0.5060.134 (resolved driver for Chrome 103)
16:05:12.307 [main] DEBUG io.github.bonigarcia.wdm.WebDriverManager - Driver chromedriver 103.0.5060.134 found in cache
16:05:12.307 [main] INFO io.github.bonigarcia.wdm.WebDriverManager - Exporting webdriver.chrome.driver as C:\Users\ASUS\.cache\selenium\chromedriver\win32\103.0.5060.134\chromedriver.exe
16:05:12.473 [main] DEBUG net.serenitybdd.core.webdriver.driverproviders.ProvideNewDriver - Instantiating driver
16:05:12.473 [main] DEBUG net.serenitybdd.core.webdriver.driverproviders.ProvideNewDriver - Driver capabilities: Capabilities {acceptInsecureCerts: false, base.url: https://found-capstone20.ne..., browserName: chrome, chrome.driver: src/test/resources/webdrive..., driver: chrome, goog:chromeOptions: {args: [], extensions: []}}
16:05:13.029 [AsyncHttpClient-1-6] DEBUG org.asynchttpclient.netty.channel.NettyConnectListener - Using new Channel '[id: 0xdd200daa, L:/127.0.0.1:60766 - R:localhost/127.0.0.1:55415]' for 'POST' to '/session'
16:05:14.280 [AsyncHttpClient-1-6] DEBUG org.asynchttpclient.netty.handler.HttpHandler - 

Request DefaultHttpRequest(decodeResult: success, version: HTTP/1.1)
POST /session HTTP/1.1
User-Agent: selenium/4.1.2 (java windows)
Content-Length: 623
Content-Type: application/json; charset=utf-8
host: localhost:55415
accept: */*

Response DefaultHttpResponse(decodeResult: success, version: HTTP/1.1)
HTTP/1.1 200 OK
Content-Type: application/json; charset=utf-8
cache-control: no-cache
content-length: 790

16:05:14.280 [AsyncHttpClient-1-6] DEBUG org.asynchttpclient.netty.channel.ChannelManager - Adding key: http://localhost:55415 for channel [id: 0xdd200daa, L:/127.0.0.1:60766 - R:localhost/127.0.0.1:55415]
16:05:14.299 [AsyncHttpClient-1-7] DEBUG org.asynchttpclient.netty.channel.NettyConnectListener - Using new Channel '[id: 0x777dff44, L:/127.0.0.1:60775 - R:localhost/127.0.0.1:60767]' for 'GET' to '/json/version'
16:05:14.309 [AsyncHttpClient-1-7] DEBUG org.asynchttpclient.netty.handler.HttpHandler - 

Request DefaultFullHttpRequest(decodeResult: success, version: HTTP/1.1, content: EmptyByteBufBE)
GET /json/version HTTP/1.1
User-Agent: selenium/4.1.2 (java windows)
host: localhost:60767
accept: */*

Response DefaultHttpResponse(decodeResult: success, version: HTTP/1.1)
HTTP/1.1 200 OK
Content-Type: application/json; charset=UTF-8
content-length: 429

16:05:14.310 [AsyncHttpClient-1-7] DEBUG org.asynchttpclient.netty.channel.ChannelManager - Adding key: http://localhost:60767 for channel [id: 0x777dff44, L:/127.0.0.1:60775 - R:localhost/127.0.0.1:60767]
16:05:14.315 [AsyncHttpClient-1-8] DEBUG org.asynchttpclient.netty.channel.NettyConnectListener - Using new Channel '[id: 0x8d6c0cf8, L:/127.0.0.1:60776 - R:localhost/127.0.0.1:60767]' for 'GET' to '/devtools/browser/8b5783d7-a89b-4268-a8a2-bf2357fdb045'
16:05:14.332 [AsyncHttpClient-1-8] DEBUG org.asynchttpclient.netty.handler.WebSocketHandler - 

Request DefaultFullHttpRequest(decodeResult: success, version: HTTP/1.1, content: EmptyByteBufBE)
GET /devtools/browser/8b5783d7-a89b-4268-a8a2-bf2357fdb045 HTTP/1.1
upgrade: websocket
connection: upgrade
sec-websocket-key: wuQhGY7w8kLSrh0ddeLCKg==
sec-websocket-version: 13
origin: http://localhost:60767
host: localhost:60767
accept: */*
user-agent: AHC/2.1

Response DefaultHttpResponse(decodeResult: success, version: HTTP/1.1)
HTTP/1.1 101 WebSocket Protocol Handshake
Upgrade: WebSocket
Connection: Upgrade
Sec-WebSocket-Accept: XiqXaZTY91vh4lX1AHNTPSRTo5Y=

16:05:14.348 [Forwarding maximizeCurrentWindow on session cf3b288469fdf15b0a023cbaa8c45a0a to remote] DEBUG org.asynchttpclient.netty.request.NettyRequestSender - Using pooled Channel '[id: 0xdd200daa, L:/127.0.0.1:60766 - R:localhost/127.0.0.1:55415]' for 'POST' to 'http://localhost:55415/session/cf3b288469fdf15b0a023cbaa8c45a0a/window/maximize'
16:05:14.348 [Forwarding maximizeCurrentWindow on session cf3b288469fdf15b0a023cbaa8c45a0a to remote] DEBUG org.asynchttpclient.netty.request.NettyRequestSender - Using open Channel [id: 0xdd200daa, L:/127.0.0.1:60766 - R:localhost/127.0.0.1:55415] for POST '/session/cf3b288469fdf15b0a023cbaa8c45a0a/window/maximize'
16:05:14.612 [AsyncHttpClient-1-6] DEBUG org.asynchttpclient.netty.handler.HttpHandler - 

Request DefaultHttpRequest(decodeResult: success, version: HTTP/1.1)
POST /session/cf3b288469fdf15b0a023cbaa8c45a0a/window/maximize HTTP/1.1
User-Agent: selenium/4.1.2 (java windows)
Content-Length: 3
Content-Type: application/json; charset=utf-8
host: localhost:55415
accept: */*

Response DefaultHttpResponse(decodeResult: success, version: HTTP/1.1)
HTTP/1.1 200 OK
Content-Type: application/json; charset=utf-8
cache-control: no-cache
content-length: 51

16:05:14.612 [AsyncHttpClient-1-6] DEBUG org.asynchttpclient.netty.channel.ChannelManager - Adding key: http://localhost:55415 for channel [id: 0xdd200daa, L:/127.0.0.1:60766 - R:localhost/127.0.0.1:55415]
16:05:14.617 [Forwarding get on session cf3b288469fdf15b0a023cbaa8c45a0a to remote] DEBUG org.asynchttpclient.netty.request.NettyRequestSender - Using pooled Channel '[id: 0xdd200daa, L:/127.0.0.1:60766 - R:localhost/127.0.0.1:55415]' for 'POST' to 'http://localhost:55415/session/cf3b288469fdf15b0a023cbaa8c45a0a/url'
16:05:14.619 [Forwarding get on session cf3b288469fdf15b0a023cbaa8c45a0a to remote] DEBUG org.asynchttpclient.netty.request.NettyRequestSender - Using open Channel [id: 0xdd200daa, L:/127.0.0.1:60766 - R:localhost/127.0.0.1:55415] for POST '/session/cf3b288469fdf15b0a023cbaa8c45a0a/url'
16:05:15.038 [AsyncHttpClient-1-1] DEBUG org.asynchttpclient.netty.channel.DefaultChannelPool - Entry count for : http://localhost:60767 : 1
16:05:16.142 [AsyncHttpClient-1-1] DEBUG org.asynchttpclient.netty.channel.DefaultChannelPool - Entry count for : http://localhost:60767 : 1
16:05:17.228 [AsyncHttpClient-1-1] DEBUG org.asynchttpclient.netty.channel.DefaultChannelPool - Entry count for : http://localhost:60767 : 1
16:05:18.341 [AsyncHttpClient-1-1] DEBUG org.asynchttpclient.netty.channel.DefaultChannelPool - Entry count for : http://localhost:60767 : 1
16:05:19.425 [AsyncHttpClient-1-1] DEBUG org.asynchttpclient.netty.channel.DefaultChannelPool - Entry count for : http://localhost:60767 : 1
16:05:20.578 [AsyncHttpClient-1-1] DEBUG org.asynchttpclient.netty.channel.DefaultChannelPool - Entry count for : http://localhost:60767 : 1
16:05:20.683 [AsyncHttpClient-1-6] DEBUG org.asynchttpclient.netty.handler.HttpHandler - 

Request DefaultHttpRequest(decodeResult: success, version: HTTP/1.1)
POST /session/cf3b288469fdf15b0a023cbaa8c45a0a/url HTTP/1.1
User-Agent: selenium/4.1.2 (java windows)
Content-Length: 67
Content-Type: application/json; charset=utf-8
host: localhost:55415
accept: */*

Response DefaultHttpResponse(decodeResult: success, version: HTTP/1.1)
HTTP/1.1 200 OK
Content-Type: application/json; charset=utf-8
cache-control: no-cache
content-length: 14

16:05:20.683 [AsyncHttpClient-1-6] DEBUG org.asynchttpclient.netty.channel.ChannelManager - Adding key: http://localhost:55415 for channel [id: 0xdd200daa, L:/127.0.0.1:60766 - R:localhost/127.0.0.1:55415]
16:05:20.683 [Forwarding setTimeout on session cf3b288469fdf15b0a023cbaa8c45a0a to remote] DEBUG org.asynchttpclient.netty.request.NettyRequestSender - Using pooled Channel '[id: 0xdd200daa, L:/127.0.0.1:60766 - R:localhost/127.0.0.1:55415]' for 'POST' to 'http://localhost:55415/session/cf3b288469fdf15b0a023cbaa8c45a0a/timeouts'
16:05:20.683 [Forwarding setTimeout on session cf3b288469fdf15b0a023cbaa8c45a0a to remote] DEBUG org.asynchttpclient.netty.request.NettyRequestSender - Using open Channel [id: 0xdd200daa, L:/127.0.0.1:60766 - R:localhost/127.0.0.1:55415] for POST '/session/cf3b288469fdf15b0a023cbaa8c45a0a/timeouts'
16:05:20.683 [AsyncHttpClient-1-6] DEBUG org.asynchttpclient.netty.handler.HttpHandler - 

Request DefaultHttpRequest(decodeResult: success, version: HTTP/1.1)
POST /session/cf3b288469fdf15b0a023cbaa8c45a0a/timeouts HTTP/1.1
User-Agent: selenium/4.1.2 (java windows)
Content-Length: 22
Content-Type: application/json; charset=utf-8
host: localhost:55415
accept: */*

Response DefaultHttpResponse(decodeResult: success, version: HTTP/1.1)
HTTP/1.1 200 OK
Content-Type: application/json; charset=utf-8
cache-control: no-cache
content-length: 14

16:05:20.683 [AsyncHttpClient-1-6] DEBUG org.asynchttpclient.netty.channel.ChannelManager - Adding key: http://localhost:55415 for channel [id: 0xdd200daa, L:/127.0.0.1:60766 - R:localhost/127.0.0.1:55415]
16:05:20.690 [Forwarding getCurrentUrl on session cf3b288469fdf15b0a023cbaa8c45a0a to remote] DEBUG org.asynchttpclient.netty.request.NettyRequestSender - Using pooled Channel '[id: 0xdd200daa, L:/127.0.0.1:60766 - R:localhost/127.0.0.1:55415]' for 'GET' to 'http://localhost:55415/session/cf3b288469fdf15b0a023cbaa8c45a0a/url'
16:05:20.690 [Forwarding getCurrentUrl on session cf3b288469fdf15b0a023cbaa8c45a0a to remote] DEBUG org.asynchttpclient.netty.request.NettyRequestSender - Using open Channel [id: 0xdd200daa, L:/127.0.0.1:60766 - R:localhost/127.0.0.1:55415] for GET '/session/cf3b288469fdf15b0a023cbaa8c45a0a/url'
16:05:20.732 [AsyncHttpClient-1-6] DEBUG org.asynchttpclient.netty.handler.HttpHandler - 

Request DefaultFullHttpRequest(decodeResult: success, version: HTTP/1.1, content: EmptyByteBufBE)
GET /session/cf3b288469fdf15b0a023cbaa8c45a0a/url HTTP/1.1
User-Agent: selenium/4.1.2 (java windows)
Cache-Control: no-cache
Content-Type: application/json; charset=utf-8
host: localhost:55415
accept: */*

Response DefaultHttpResponse(decodeResult: success, version: HTTP/1.1)
HTTP/1.1 200 OK
Content-Type: application/json; charset=utf-8
cache-control: no-cache
content-length: 49

16:05:20.732 [AsyncHttpClient-1-6] DEBUG org.asynchttpclient.netty.channel.ChannelManager - Adding key: http://localhost:55415 for channel [id: 0xdd200daa, L:/127.0.0.1:60766 - R:localhost/127.0.0.1:55415]
  &amp#27;[32mGiven &amp#27;[0m&amp#27;[32mi access the web&amp#27;[0m                                                   &amp#27;[90m# starter.stepdefinitions.registerSteps.iAccessTheWeb()&amp#27;[0m
16:05:20.740 [Forwarding screenshot on session cf3b288469fdf15b0a023cbaa8c45a0a to remote] DEBUG org.asynchttpclient.netty.request.NettyRequestSender - Using pooled Channel '[id: 0xdd200daa, L:/127.0.0.1:60766 - R:localhost/127.0.0.1:55415]' for 'GET' to 'http://localhost:55415/session/cf3b288469fdf15b0a023cbaa8c45a0a/screenshot'
16:05:20.740 [Forwarding screenshot on session cf3b288469fdf15b0a023cbaa8c45a0a to remote] DEBUG org.asynchttpclient.netty.request.NettyRequestSender - Using open Channel [id: 0xdd200daa, L:/127.0.0.1:60766 - R:localhost/127.0.0.1:55415] for GET '/session/cf3b288469fdf15b0a023cbaa8c45a0a/screenshot'
16:05:21.097 [AsyncHttpClient-1-6] DEBUG org.asynchttpclient.netty.handler.HttpHandler - 

Request DefaultFullHttpRequest(decodeResult: success, version: HTTP/1.1, content: EmptyByteBufBE)
GET /session/cf3b288469fdf15b0a023cbaa8c45a0a/screenshot HTTP/1.1
User-Agent: selenium/4.1.2 (java windows)
Cache-Control: no-cache
Content-Type: application/json; charset=utf-8
host: localhost:55415
accept: */*

Response DefaultHttpResponse(decodeResult: success, version: HTTP/1.1)
HTTP/1.1 200 OK
Content-Type: application/json; charset=utf-8
cache-control: no-cache
content-length: 354376

16:05:21.097 [AsyncHttpClient-1-6] DEBUG org.asynchttpclient.netty.channel.ChannelManager - Adding key: http://localhost:55415 for channel [id: 0xdd200daa, L:/127.0.0.1:60766 - R:localhost/127.0.0.1:55415]
16:05:21.108 [main] DEBUG net.serenitybdd.core.photography.Darkroom - Send negative for processing for target\site\serenity\4660354df54a12fcd895682f5709ada0fe64cb7be35e163b54bdc9c5bb06ca8f.png
16:05:21.118 [Forwarding findElement on session cf3b288469fdf15b0a023cbaa8c45a0a to remote] DEBUG org.asynchttpclient.netty.request.NettyRequestSender - Using pooled Channel '[id: 0xdd200daa, L:/127.0.0.1:60766 - R:localhost/127.0.0.1:55415]' for 'POST' to 'http://localhost:55415/session/cf3b288469fdf15b0a023cbaa8c45a0a/element'
16:05:21.118 [Forwarding findElement on session cf3b288469fdf15b0a023cbaa8c45a0a to remote] DEBUG org.asynchttpclient.netty.request.NettyRequestSender - Using open Channel [id: 0xdd200daa, L:/127.0.0.1:60766 - R:localhost/127.0.0.1:55415] for POST '/session/cf3b288469fdf15b0a023cbaa8c45a0a/element'
16:05:21.168 [AsyncHttpClient-1-6] DEBUG org.asynchttpclient.netty.handler.HttpHandler - 

Request DefaultHttpRequest(decodeResult: success, version: HTTP/1.1)
POST /session/cf3b288469fdf15b0a023cbaa8c45a0a/element HTTP/1.1
User-Agent: selenium/4.1.2 (java windows)
Content-Length: 55
Content-Type: application/json; charset=utf-8
host: localhost:55415
accept: */*

Response DefaultHttpResponse(decodeResult: success, version: HTTP/1.1)
HTTP/1.1 200 OK
Content-Type: application/json; charset=utf-8
cache-control: no-cache
content-length: 88

16:05:21.168 [AsyncHttpClient-1-6] DEBUG org.asynchttpclient.netty.channel.ChannelManager - Adding key: http://localhost:55415 for channel [id: 0xdd200daa, L:/127.0.0.1:60766 - R:localhost/127.0.0.1:55415]
16:05:21.176 [Forwarding isElementDisplayed on session cf3b288469fdf15b0a023cbaa8c45a0a to remote] DEBUG org.asynchttpclient.netty.request.NettyRequestSender - Using pooled Channel '[id: 0xdd200daa, L:/127.0.0.1:60766 - R:localhost/127.0.0.1:55415]' for 'POST' to 'http://localhost:55415/session/cf3b288469fdf15b0a023cbaa8c45a0a/execute/sync'
16:05:21.176 [Forwarding isElementDisplayed on session cf3b288469fdf15b0a023cbaa8c45a0a to remote] DEBUG org.asynchttpclient.netty.request.NettyRequestSender - Using open Channel [id: 0xdd200daa, L:/127.0.0.1:60766 - R:localhost/127.0.0.1:55415] for POST '/session/cf3b288469fdf15b0a023cbaa8c45a0a/execute/sync'
16:05:21.220 [AsyncHttpClient-1-6] DEBUG org.asynchttpclient.netty.handler.HttpHandler - 

Request DefaultHttpRequest(decodeResult: success, version: HTTP/1.1)
POST /session/cf3b288469fdf15b0a023cbaa8c45a0a/execute/sync HTTP/1.1
User-Agent: selenium/4.1.2 (java windows)
Content-Length: 48780
Content-Type: application/json; charset=utf-8
host: localhost:55415
accept: */*

Response DefaultHttpResponse(decodeResult: success, version: HTTP/1.1)
HTTP/1.1 200 OK
Content-Type: application/json; charset=utf-8
cache-control: no-cache
content-length: 14

16:05:21.220 [AsyncHttpClient-1-6] DEBUG org.asynchttpclient.netty.channel.ChannelManager - Adding key: http://localhost:55415 for channel [id: 0xdd200daa, L:/127.0.0.1:60766 - R:localhost/127.0.0.1:55415]
16:05:21.221 [Forwarding findElement on session cf3b288469fdf15b0a023cbaa8c45a0a to remote] DEBUG org.asynchttpclient.netty.request.NettyRequestSender - Using pooled Channel '[id: 0xdd200daa, L:/127.0.0.1:60766 - R:localhost/127.0.0.1:55415]' for 'POST' to 'http://localhost:55415/session/cf3b288469fdf15b0a023cbaa8c45a0a/element'
16:05:21.221 [Forwarding findElement on session cf3b288469fdf15b0a023cbaa8c45a0a to remote] DEBUG org.asynchttpclient.netty.request.NettyRequestSender - Using open Channel [id: 0xdd200daa, L:/127.0.0.1:60766 - R:localhost/127.0.0.1:55415] for POST '/session/cf3b288469fdf15b0a023cbaa8c45a0a/element'
16:05:21.268 [AsyncHttpClient-1-6] DEBUG org.asynchttpclient.netty.handler.HttpHandler - 

Request DefaultHttpRequest(decodeResult: success, version: HTTP/1.1)
POST /session/cf3b288469fdf15b0a023cbaa8c45a0a/element HTTP/1.1
User-Agent: selenium/4.1.2 (java windows)
Content-Length: 72
Content-Type: application/json; charset=utf-8
host: localhost:55415
accept: */*

Response DefaultHttpResponse(decodeResult: success, version: HTTP/1.1)
HTTP/1.1 200 OK
Content-Type: application/json; charset=utf-8
cache-control: no-cache
content-length: 88

16:05:21.268 [AsyncHttpClient-1-6] DEBUG org.asynchttpclient.netty.channel.ChannelManager - Adding key: http://localhost:55415 for channel [id: 0xdd200daa, L:/127.0.0.1:60766 - R:localhost/127.0.0.1:55415]
16:05:21.268 [Forwarding getElementTagName on session cf3b288469fdf15b0a023cbaa8c45a0a to remote] DEBUG org.asynchttpclient.netty.request.NettyRequestSender - Using pooled Channel '[id: 0xdd200daa, L:/127.0.0.1:60766 - R:localhost/127.0.0.1:55415]' for 'GET' to 'http://localhost:55415/session/cf3b288469fdf15b0a023cbaa8c45a0a/element/e001d033-4fed-4731-85f0-b413e900cc3a/name'
16:05:21.268 [Forwarding getElementTagName on session cf3b288469fdf15b0a023cbaa8c45a0a to remote] DEBUG org.asynchttpclient.netty.request.NettyRequestSender - Using open Channel [id: 0xdd200daa, L:/127.0.0.1:60766 - R:localhost/127.0.0.1:55415] for GET '/session/cf3b288469fdf15b0a023cbaa8c45a0a/element/e001d033-4fed-4731-85f0-b413e900cc3a/name'
16:05:21.320 [AsyncHttpClient-1-6] DEBUG org.asynchttpclient.netty.handler.HttpHandler - 

Request DefaultFullHttpRequest(decodeResult: success, version: HTTP/1.1, content: EmptyByteBufBE)
GET /session/cf3b288469fdf15b0a023cbaa8c45a0a/element/e001d033-4fed-4731-85f0-b413e900cc3a/name HTTP/1.1
User-Agent: selenium/4.1.2 (java windows)
Cache-Control: no-cache
Content-Type: application/json; charset=utf-8
host: localhost:55415
accept: */*

Response DefaultHttpResponse(decodeResult: success, version: HTTP/1.1)
HTTP/1.1 200 OK
Content-Type: application/json; charset=utf-8
cache-control: no-cache
content-length: 13

16:05:21.320 [AsyncHttpClient-1-6] DEBUG org.asynchttpclient.netty.channel.ChannelManager - Adding key: http://localhost:55415 for channel [id: 0xdd200daa, L:/127.0.0.1:60766 - R:localhost/127.0.0.1:55415]
16:05:21.322 [Forwarding getElementTagName on session cf3b288469fdf15b0a023cbaa8c45a0a to remote] DEBUG org.asynchttpclient.netty.request.NettyRequestSender - Using pooled Channel '[id: 0xdd200daa, L:/127.0.0.1:60766 - R:localhost/127.0.0.1:55415]' for 'GET' to 'http://localhost:55415/session/cf3b288469fdf15b0a023cbaa8c45a0a/element/e001d033-4fed-4731-85f0-b413e900cc3a/name'
16:05:21.322 [Forwarding getElementTagName on session cf3b288469fdf15b0a023cbaa8c45a0a to remote] DEBUG org.asynchttpclient.netty.request.NettyRequestSender - Using open Channel [id: 0xdd200daa, L:/127.0.0.1:60766 - R:localhost/127.0.0.1:55415] for GET '/session/cf3b288469fdf15b0a023cbaa8c45a0a/element/e001d033-4fed-4731-85f0-b413e900cc3a/name'
16:05:21.369 [AsyncHttpClient-1-6] DEBUG org.asynchttpclient.netty.handler.HttpHandler - 

Request DefaultFullHttpRequest(decodeResult: success, version: HTTP/1.1, content: EmptyByteBufBE)
GET /session/cf3b288469fdf15b0a023cbaa8c45a0a/element/e001d033-4fed-4731-85f0-b413e900cc3a/name HTTP/1.1
User-Agent: selenium/4.1.2 (java windows)
Cache-Control: no-cache
Content-Type: application/json; charset=utf-8
host: localhost:55415
accept: */*

Response DefaultHttpResponse(decodeResult: success, version: HTTP/1.1)
HTTP/1.1 200 OK
Content-Type: application/json; charset=utf-8
cache-control: no-cache
content-length: 13

16:05:21.369 [AsyncHttpClient-1-6] DEBUG org.asynchttpclient.netty.channel.ChannelManager - Adding key: http://localhost:55415 for channel [id: 0xdd200daa, L:/127.0.0.1:60766 - R:localhost/127.0.0.1:55415]
16:05:21.369 [Forwarding findElement on session cf3b288469fdf15b0a023cbaa8c45a0a to remote] DEBUG org.asynchttpclient.netty.request.NettyRequestSender - Using pooled Channel '[id: 0xdd200daa, L:/127.0.0.1:60766 - R:localhost/127.0.0.1:55415]' for 'POST' to 'http://localhost:55415/session/cf3b288469fdf15b0a023cbaa8c45a0a/element'
16:05:21.369 [Forwarding findElement on session cf3b288469fdf15b0a023cbaa8c45a0a to remote] DEBUG org.asynchttpclient.netty.request.NettyRequestSender - Using open Channel [id: 0xdd200daa, L:/127.0.0.1:60766 - R:localhost/127.0.0.1:55415] for POST '/session/cf3b288469fdf15b0a023cbaa8c45a0a/element'
16:05:21.420 [AsyncHttpClient-1-6] DEBUG org.asynchttpclient.netty.handler.HttpHandler - 

Request DefaultHttpRequest(decodeResult: success, version: HTTP/1.1)
POST /session/cf3b288469fdf15b0a023cbaa8c45a0a/element HTTP/1.1
User-Agent: selenium/4.1.2 (java windows)
Content-Length: 72
Content-Type: application/json; charset=utf-8
host: localhost:55415
accept: */*

Response DefaultHttpResponse(decodeResult: success, version: HTTP/1.1)
HTTP/1.1 200 OK
Content-Type: application/json; charset=utf-8
cache-control: no-cache
content-length: 88

16:05:21.420 [AsyncHttpClient-1-6] DEBUG org.asynchttpclient.netty.channel.ChannelManager - Adding key: http://localhost:55415 for channel [id: 0xdd200daa, L:/127.0.0.1:60766 - R:localhost/127.0.0.1:55415]
16:05:21.420 [Forwarding clickElement on session cf3b288469fdf15b0a023cbaa8c45a0a to remote] DEBUG org.asynchttpclient.netty.request.NettyRequestSender - Using pooled Channel '[id: 0xdd200daa, L:/127.0.0.1:60766 - R:localhost/127.0.0.1:55415]' for 'POST' to 'http://localhost:55415/session/cf3b288469fdf15b0a023cbaa8c45a0a/element/e001d033-4fed-4731-85f0-b413e900cc3a/click'
16:05:21.420 [Forwarding clickElement on session cf3b288469fdf15b0a023cbaa8c45a0a to remote] DEBUG org.asynchttpclient.netty.request.NettyRequestSender - Using open Channel [id: 0xdd200daa, L:/127.0.0.1:60766 - R:localhost/127.0.0.1:55415] for POST '/session/cf3b288469fdf15b0a023cbaa8c45a0a/element/e001d033-4fed-4731-85f0-b413e900cc3a/click'
16:05:21.588 [AsyncHttpClient-1-6] DEBUG org.asynchttpclient.netty.handler.HttpHandler - 

Request DefaultHttpRequest(decodeResult: success, version: HTTP/1.1)
POST /session/cf3b288469fdf15b0a023cbaa8c45a0a/element/e001d033-4fed-4731-85f0-b413e900cc3a/click HTTP/1.1
User-Agent: selenium/4.1.2 (java windows)
Content-Length: 50
Content-Type: application/json; charset=utf-8
host: localhost:55415
accept: */*

Response DefaultHttpResponse(decodeResult: success, version: HTTP/1.1)
HTTP/1.1 200 OK
Content-Type: application/json; charset=utf-8
cache-control: no-cache
content-length: 14

16:05:21.588 [AsyncHttpClient-1-6] DEBUG org.asynchttpclient.netty.channel.ChannelManager - Adding key: http://localhost:55415 for channel [id: 0xdd200daa, L:/127.0.0.1:60766 - R:localhost/127.0.0.1:55415]
  &amp#27;[32mWhen &amp#27;[0m&amp#27;[32mi click get started&amp#27;[0m                                                 &amp#27;[90m# starter.stepdefinitions.registerSteps.iClickGetStarted()&amp#27;[0m
16:05:21.590 [Forwarding screenshot on session cf3b288469fdf15b0a023cbaa8c45a0a to remote] DEBUG org.asynchttpclient.netty.request.NettyRequestSender - Using pooled Channel '[id: 0xdd200daa, L:/127.0.0.1:60766 - R:localhost/127.0.0.1:55415]' for 'GET' to 'http://localhost:55415/session/cf3b288469fdf15b0a023cbaa8c45a0a/screenshot'
16:05:21.590 [Forwarding screenshot on session cf3b288469fdf15b0a023cbaa8c45a0a to remote] DEBUG org.asynchttpclient.netty.request.NettyRequestSender - Using open Channel [id: 0xdd200daa, L:/127.0.0.1:60766 - R:localhost/127.0.0.1:55415] for GET '/session/cf3b288469fdf15b0a023cbaa8c45a0a/screenshot'
16:05:21.624 [AsyncHttpClient-1-1] DEBUG org.asynchttpclient.netty.channel.DefaultChannelPool - Entry count for : http://localhost:60767 : 1
16:05:21.991 [AsyncHttpClient-1-6] DEBUG org.asynchttpclient.netty.handler.HttpHandler - 

Request DefaultFullHttpRequest(decodeResult: success, version: HTTP/1.1, content: EmptyByteBufBE)
GET /session/cf3b288469fdf15b0a023cbaa8c45a0a/screenshot HTTP/1.1
User-Agent: selenium/4.1.2 (java windows)
Cache-Control: no-cache
Content-Type: application/json; charset=utf-8
host: localhost:55415
accept: */*

Response DefaultHttpResponse(decodeResult: success, version: HTTP/1.1)
HTTP/1.1 200 OK
Content-Type: application/json; charset=utf-8
cache-control: no-cache
content-length: 109404

16:05:21.991 [AsyncHttpClient-1-6] DEBUG org.asynchttpclient.netty.channel.ChannelManager - Adding key: http://localhost:55415 for channel [id: 0xdd200daa, L:/127.0.0.1:60766 - R:localhost/127.0.0.1:55415]
16:05:21.991 [main] DEBUG net.serenitybdd.core.photography.Darkroom - Send negative for processing for target\site\serenity\2d0a9179ed0021613c394f6ed4ae0fabd0a70f63b7d441f10b6d4d636c3163f0.png
16:05:21.999 [Darkroom Processing Line] DEBUG net.serenitybdd.core.photography.DarkroomProcessingLine - Processing screenshot image in /var/screenshots/screenshot-14314864957551588539
16:05:21.999 [Darkroom Processing Line] DEBUG net.serenitybdd.core.photography.DarkroomProcessingLine - Saving screenshot to target\site\serenity\2d0a9179ed0021613c394f6ed4ae0fabd0a70f63b7d441f10b6d4d636c3163f0.png
16:05:21.999 [Forwarding findElement on session cf3b288469fdf15b0a023cbaa8c45a0a to remote] DEBUG org.asynchttpclient.netty.request.NettyRequestSender - Using pooled Channel '[id: 0xdd200daa, L:/127.0.0.1:60766 - R:localhost/127.0.0.1:55415]' for 'POST' to 'http://localhost:55415/session/cf3b288469fdf15b0a023cbaa8c45a0a/element'
16:05:22.009 [Forwarding findElement on session cf3b288469fdf15b0a023cbaa8c45a0a to remote] DEBUG org.asynchttpclient.netty.request.NettyRequestSender - Using open Channel [id: 0xdd200daa, L:/127.0.0.1:60766 - R:localhost/127.0.0.1:55415] for POST '/session/cf3b288469fdf15b0a023cbaa8c45a0a/element'
16:05:22.018 [AsyncHttpClient-1-6] DEBUG org.asynchttpclient.netty.handler.HttpHandler - 

Request DefaultHttpRequest(decodeResult: success, version: HTTP/1.1)
POST /session/cf3b288469fdf15b0a023cbaa8c45a0a/element HTTP/1.1
User-Agent: selenium/4.1.2 (java windows)
Content-Length: 68
Content-Type: application/json; charset=utf-8
host: localhost:55415
accept: */*

Response DefaultHttpResponse(decodeResult: success, version: HTTP/1.1)
HTTP/1.1 200 OK
Content-Type: application/json; charset=utf-8
cache-control: no-cache
content-length: 88

16:05:22.018 [AsyncHttpClient-1-6] DEBUG org.asynchttpclient.netty.channel.ChannelManager - Adding key: http://localhost:55415 for channel [id: 0xdd200daa, L:/127.0.0.1:60766 - R:localhost/127.0.0.1:55415]
16:05:22.026 [Forwarding getElementTagName on session cf3b288469fdf15b0a023cbaa8c45a0a to remote] DEBUG org.asynchttpclient.netty.request.NettyRequestSender - Using pooled Channel '[id: 0xdd200daa, L:/127.0.0.1:60766 - R:localhost/127.0.0.1:55415]' for 'GET' to 'http://localhost:55415/session/cf3b288469fdf15b0a023cbaa8c45a0a/element/63d253c2-c0d2-4771-be63-440f16ea5c6e/name'
16:05:22.026 [Forwarding getElementTagName on session cf3b288469fdf15b0a023cbaa8c45a0a to remote] DEBUG org.asynchttpclient.netty.request.NettyRequestSender - Using open Channel [id: 0xdd200daa, L:/127.0.0.1:60766 - R:localhost/127.0.0.1:55415] for GET '/session/cf3b288469fdf15b0a023cbaa8c45a0a/element/63d253c2-c0d2-4771-be63-440f16ea5c6e/name'
16:05:22.030 [AsyncHttpClient-1-6] DEBUG org.asynchttpclient.netty.handler.HttpHandler - 

Request DefaultFullHttpRequest(decodeResult: success, version: HTTP/1.1, content: EmptyByteBufBE)
GET /session/cf3b288469fdf15b0a023cbaa8c45a0a/element/63d253c2-c0d2-4771-be63-440f16ea5c6e/name HTTP/1.1
User-Agent: selenium/4.1.2 (java windows)
Cache-Control: no-cache
Content-Type: application/json; charset=utf-8
host: localhost:55415
accept: */*

Response DefaultHttpResponse(decodeResult: success, version: HTTP/1.1)
HTTP/1.1 200 OK
Content-Type: application/json; charset=utf-8
cache-control: no-cache
content-length: 13

16:05:22.031 [AsyncHttpClient-1-6] DEBUG org.asynchttpclient.netty.channel.ChannelManager - Adding key: http://localhost:55415 for channel [id: 0xdd200daa, L:/127.0.0.1:60766 - R:localhost/127.0.0.1:55415]
16:05:22.031 [Forwarding getElementTagName on session cf3b288469fdf15b0a023cbaa8c45a0a to remote] DEBUG org.asynchttpclient.netty.request.NettyRequestSender - Using pooled Channel '[id: 0xdd200daa, L:/127.0.0.1:60766 - R:localhost/127.0.0.1:55415]' for 'GET' to 'http://localhost:55415/session/cf3b288469fdf15b0a023cbaa8c45a0a/element/63d253c2-c0d2-4771-be63-440f16ea5c6e/name'
16:05:22.031 [Forwarding getElementTagName on session cf3b288469fdf15b0a023cbaa8c45a0a to remote] DEBUG org.asynchttpclient.netty.request.NettyRequestSender - Using open Channel [id: 0xdd200daa, L:/127.0.0.1:60766 - R:localhost/127.0.0.1:55415] for GET '/session/cf3b288469fdf15b0a023cbaa8c45a0a/element/63d253c2-c0d2-4771-be63-440f16ea5c6e/name'
16:05:22.031 [AsyncHttpClient-1-6] DEBUG org.asynchttpclient.netty.handler.HttpHandler - 

Request DefaultFullHttpRequest(decodeResult: success, version: HTTP/1.1, content: EmptyByteBufBE)
GET /session/cf3b288469fdf15b0a023cbaa8c45a0a/element/63d253c2-c0d2-4771-be63-440f16ea5c6e/name HTTP/1.1
User-Agent: selenium/4.1.2 (java windows)
Cache-Control: no-cache
Content-Type: application/json; charset=utf-8
host: localhost:55415
accept: */*

Response DefaultHttpResponse(decodeResult: success, version: HTTP/1.1)
HTTP/1.1 200 OK
Content-Type: application/json; charset=utf-8
cache-control: no-cache
content-length: 13

16:05:22.031 [AsyncHttpClient-1-6] DEBUG org.asynchttpclient.netty.channel.ChannelManager - Adding key: http://localhost:55415 for channel [id: 0xdd200daa, L:/127.0.0.1:60766 - R:localhost/127.0.0.1:55415]
16:05:22.039 [Forwarding findElement on session cf3b288469fdf15b0a023cbaa8c45a0a to remote] DEBUG org.asynchttpclient.netty.request.NettyRequestSender - Using pooled Channel '[id: 0xdd200daa, L:/127.0.0.1:60766 - R:localhost/127.0.0.1:55415]' for 'POST' to 'http://localhost:55415/session/cf3b288469fdf15b0a023cbaa8c45a0a/element'
16:05:22.039 [Forwarding findElement on session cf3b288469fdf15b0a023cbaa8c45a0a to remote] DEBUG org.asynchttpclient.netty.request.NettyRequestSender - Using open Channel [id: 0xdd200daa, L:/127.0.0.1:60766 - R:localhost/127.0.0.1:55415] for POST '/session/cf3b288469fdf15b0a023cbaa8c45a0a/element'
16:05:22.039 [AsyncHttpClient-1-6] DEBUG org.asynchttpclient.netty.handler.HttpHandler - 

Request DefaultHttpRequest(decodeResult: success, version: HTTP/1.1)
POST /session/cf3b288469fdf15b0a023cbaa8c45a0a/element HTTP/1.1
User-Agent: selenium/4.1.2 (java windows)
Content-Length: 68
Content-Type: application/json; charset=utf-8
host: localhost:55415
accept: */*

Response DefaultHttpResponse(decodeResult: success, version: HTTP/1.1)
HTTP/1.1 200 OK
Content-Type: application/json; charset=utf-8
cache-control: no-cache
content-length: 88

16:05:22.039 [AsyncHttpClient-1-6] DEBUG org.asynchttpclient.netty.channel.ChannelManager - Adding key: http://localhost:55415 for channel [id: 0xdd200daa, L:/127.0.0.1:60766 - R:localhost/127.0.0.1:55415]
16:05:22.047 [Forwarding clickElement on session cf3b288469fdf15b0a023cbaa8c45a0a to remote] DEBUG org.asynchttpclient.netty.request.NettyRequestSender - Using pooled Channel '[id: 0xdd200daa, L:/127.0.0.1:60766 - R:localhost/127.0.0.1:55415]' for 'POST' to 'http://localhost:55415/session/cf3b288469fdf15b0a023cbaa8c45a0a/element/63d253c2-c0d2-4771-be63-440f16ea5c6e/click'
16:05:22.047 [Forwarding clickElement on session cf3b288469fdf15b0a023cbaa8c45a0a to remote] DEBUG org.asynchttpclient.netty.request.NettyRequestSender - Using open Channel [id: 0xdd200daa, L:/127.0.0.1:60766 - R:localhost/127.0.0.1:55415] for POST '/session/cf3b288469fdf15b0a023cbaa8c45a0a/element/63d253c2-c0d2-4771-be63-440f16ea5c6e/click'
16:05:22.114 [AsyncHttpClient-1-6] DEBUG org.asynchttpclient.netty.handler.HttpHandler - 

Request DefaultHttpRequest(decodeResult: success, version: HTTP/1.1)
POST /session/cf3b288469fdf15b0a023cbaa8c45a0a/element/63d253c2-c0d2-4771-be63-440f16ea5c6e/click HTTP/1.1
User-Agent: selenium/4.1.2 (java windows)
Content-Length: 50
Content-Type: application/json; charset=utf-8
host: localhost:55415
accept: */*

Response DefaultHttpResponse(decodeResult: success, version: HTTP/1.1)
HTTP/1.1 200 OK
Content-Type: application/json; charset=utf-8
cache-control: no-cache
content-length: 14

16:05:22.114 [AsyncHttpClient-1-6] DEBUG org.asynchttpclient.netty.channel.ChannelManager - Adding key: http://localhost:55415 for channel [id: 0xdd200daa, L:/127.0.0.1:60766 - R:localhost/127.0.0.1:55415]
16:05:22.122 [Forwarding findElement on session cf3b288469fdf15b0a023cbaa8c45a0a to remote] DEBUG org.asynchttpclient.netty.request.NettyRequestSender - Using pooled Channel '[id: 0xdd200daa, L:/127.0.0.1:60766 - R:localhost/127.0.0.1:55415]' for 'POST' to 'http://localhost:55415/session/cf3b288469fdf15b0a023cbaa8c45a0a/element'
16:05:22.122 [Forwarding findElement on session cf3b288469fdf15b0a023cbaa8c45a0a to remote] DEBUG org.asynchttpclient.netty.request.NettyRequestSender - Using open Channel [id: 0xdd200daa, L:/127.0.0.1:60766 - R:localhost/127.0.0.1:55415] for POST '/session/cf3b288469fdf15b0a023cbaa8c45a0a/element'
16:05:22.139 [AsyncHttpClient-1-6] DEBUG org.asynchttpclient.netty.handler.HttpHandler - 

Request DefaultHttpRequest(decodeResult: success, version: HTTP/1.1)
POST /session/cf3b288469fdf15b0a023cbaa8c45a0a/element HTTP/1.1
User-Agent: selenium/4.1.2 (java windows)
Content-Length: 69
Content-Type: application/json; charset=utf-8
host: localhost:55415
accept: */*

Response DefaultHttpResponse(decodeResult: success, version: HTTP/1.1)
HTTP/1.1 200 OK
Content-Type: application/json; charset=utf-8
cache-control: no-cache
content-length: 88

16:05:22.139 [AsyncHttpClient-1-6] DEBUG org.asynchttpclient.netty.channel.ChannelManager - Adding key: http://localhost:55415 for channel [id: 0xdd200daa, L:/127.0.0.1:60766 - R:localhost/127.0.0.1:55415]
16:05:22.147 [Forwarding isElementDisplayed on session cf3b288469fdf15b0a023cbaa8c45a0a to remote] DEBUG org.asynchttpclient.netty.request.NettyRequestSender - Using pooled Channel '[id: 0xdd200daa, L:/127.0.0.1:60766 - R:localhost/127.0.0.1:55415]' for 'POST' to 'http://localhost:55415/session/cf3b288469fdf15b0a023cbaa8c45a0a/execute/sync'
16:05:22.147 [Forwarding isElementDisplayed on session cf3b288469fdf15b0a023cbaa8c45a0a to remote] DEBUG org.asynchttpclient.netty.request.NettyRequestSender - Using open Channel [id: 0xdd200daa, L:/127.0.0.1:60766 - R:localhost/127.0.0.1:55415] for POST '/session/cf3b288469fdf15b0a023cbaa8c45a0a/execute/sync'
16:05:22.173 [AsyncHttpClient-1-6] DEBUG org.asynchttpclient.netty.handler.HttpHandler - 

Request DefaultHttpRequest(decodeResult: success, version: HTTP/1.1)
POST /session/cf3b288469fdf15b0a023cbaa8c45a0a/execute/sync HTTP/1.1
User-Agent: selenium/4.1.2 (java windows)
Content-Length: 48780
Content-Type: application/json; charset=utf-8
host: localhost:55415
accept: */*

Response DefaultHttpResponse(decodeResult: success, version: HTTP/1.1)
HTTP/1.1 200 OK
Content-Type: application/json; charset=utf-8
cache-control: no-cache
content-length: 15

16:05:22.173 [AsyncHttpClient-1-6] DEBUG org.asynchttpclient.netty.channel.ChannelManager - Adding key: http://localhost:55415 for channel [id: 0xdd200daa, L:/127.0.0.1:60766 - R:localhost/127.0.0.1:55415]
  &amp#27;[32mAnd &amp#27;[0m&amp#27;[32mi click sign up&amp#27;[0m                                                      &amp#27;[90m# starter.stepdefinitions.registerSteps.iClickSignUp()&amp#27;[0m
16:05:22.179 [Forwarding screenshot on session cf3b288469fdf15b0a023cbaa8c45a0a to remote] DEBUG org.asynchttpclient.netty.request.NettyRequestSender - Using pooled Channel '[id: 0xdd200daa, L:/127.0.0.1:60766 - R:localhost/127.0.0.1:55415]' for 'GET' to 'http://localhost:55415/session/cf3b288469fdf15b0a023cbaa8c45a0a/screenshot'
16:05:22.179 [Forwarding screenshot on session cf3b288469fdf15b0a023cbaa8c45a0a to remote] DEBUG org.asynchttpclient.netty.request.NettyRequestSender - Using open Channel [id: 0xdd200daa, L:/127.0.0.1:60766 - R:localhost/127.0.0.1:55415] for GET '/session/cf3b288469fdf15b0a023cbaa8c45a0a/screenshot'
16:05:22.450 [AsyncHttpClient-1-6] DEBUG org.asynchttpclient.netty.handler.HttpHandler - 

Request DefaultFullHttpRequest(decodeResult: success, version: HTTP/1.1, content: EmptyByteBufBE)
GET /session/cf3b288469fdf15b0a023cbaa8c45a0a/screenshot HTTP/1.1
User-Agent: selenium/4.1.2 (java windows)
Cache-Control: no-cache
Content-Type: application/json; charset=utf-8
host: localhost:55415
accept: */*

Response DefaultHttpResponse(decodeResult: success, version: HTTP/1.1)
HTTP/1.1 200 OK
Content-Type: application/json; charset=utf-8
cache-control: no-cache
content-length: 86748

16:05:22.450 [AsyncHttpClient-1-6] DEBUG org.asynchttpclient.netty.channel.ChannelManager - Adding key: http://localhost:55415 for channel [id: 0xdd200daa, L:/127.0.0.1:60766 - R:localhost/127.0.0.1:55415]
16:05:22.458 [main] DEBUG net.serenitybdd.core.photography.Darkroom - Send negative for processing for target\site\serenity\110566088bff21730f22b22b2a41be984e7d3472d1e80072e3e79164ca083770.png
16:05:22.458 [Darkroom Processing Line] DEBUG net.serenitybdd.core.photography.DarkroomProcessingLine - Processing screenshot image in /var/screenshots/screenshot-13759576739707046250
16:05:22.458 [Darkroom Processing Line] DEBUG net.serenitybdd.core.photography.DarkroomProcessingLine - Saving screenshot to target\site\serenity\110566088bff21730f22b22b2a41be984e7d3472d1e80072e3e79164ca083770.png
16:05:22.470 [Forwarding findElement on session cf3b288469fdf15b0a023cbaa8c45a0a to remote] DEBUG org.asynchttpclient.netty.request.NettyRequestSender - Using pooled Channel '[id: 0xdd200daa, L:/127.0.0.1:60766 - R:localhost/127.0.0.1:55415]' for 'POST' to 'http://localhost:55415/session/cf3b288469fdf15b0a023cbaa8c45a0a/element'
16:05:22.470 [Forwarding findElement on session cf3b288469fdf15b0a023cbaa8c45a0a to remote] DEBUG org.asynchttpclient.netty.request.NettyRequestSender - Using open Channel [id: 0xdd200daa, L:/127.0.0.1:60766 - R:localhost/127.0.0.1:55415] for POST '/session/cf3b288469fdf15b0a023cbaa8c45a0a/element'
16:05:22.478 [AsyncHttpClient-1-6] DEBUG org.asynchttpclient.netty.handler.HttpHandler - 

Request DefaultHttpRequest(decodeResult: success, version: HTTP/1.1)
POST /session/cf3b288469fdf15b0a023cbaa8c45a0a/element HTTP/1.1
User-Agent: selenium/4.1.2 (java windows)
Content-Length: 66
Content-Type: application/json; charset=utf-8
host: localhost:55415
accept: */*

Response DefaultHttpResponse(decodeResult: success, version: HTTP/1.1)
HTTP/1.1 200 OK
Content-Type: application/json; charset=utf-8
cache-control: no-cache
content-length: 88

16:05:22.478 [AsyncHttpClient-1-6] DEBUG org.asynchttpclient.netty.channel.ChannelManager - Adding key: http://localhost:55415 for channel [id: 0xdd200daa, L:/127.0.0.1:60766 - R:localhost/127.0.0.1:55415]
16:05:22.486 [Forwarding clearElement on session cf3b288469fdf15b0a023cbaa8c45a0a to remote] DEBUG org.asynchttpclient.netty.request.NettyRequestSender - Using pooled Channel '[id: 0xdd200daa, L:/127.0.0.1:60766 - R:localhost/127.0.0.1:55415]' for 'POST' to 'http://localhost:55415/session/cf3b288469fdf15b0a023cbaa8c45a0a/element/33f7ee81-42a2-46c5-bc9a-516dfde47698/clear'
16:05:22.486 [Forwarding clearElement on session cf3b288469fdf15b0a023cbaa8c45a0a to remote] DEBUG org.asynchttpclient.netty.request.NettyRequestSender - Using open Channel [id: 0xdd200daa, L:/127.0.0.1:60766 - R:localhost/127.0.0.1:55415] for POST '/session/cf3b288469fdf15b0a023cbaa8c45a0a/element/33f7ee81-42a2-46c5-bc9a-516dfde47698/clear'
16:05:22.530 [AsyncHttpClient-1-6] DEBUG org.asynchttpclient.netty.handler.HttpHandler - 

Request DefaultHttpRequest(decodeResult: success, version: HTTP/1.1)
POST /session/cf3b288469fdf15b0a023cbaa8c45a0a/element/33f7ee81-42a2-46c5-bc9a-516dfde47698/clear HTTP/1.1
User-Agent: selenium/4.1.2 (java windows)
Content-Length: 50
Content-Type: application/json; charset=utf-8
host: localhost:55415
accept: */*

Response DefaultHttpResponse(decodeResult: success, version: HTTP/1.1)
HTTP/1.1 200 OK
Content-Type: application/json; charset=utf-8
cache-control: no-cache
content-length: 14

16:05:22.530 [AsyncHttpClient-1-6] DEBUG org.asynchttpclient.netty.channel.ChannelManager - Adding key: http://localhost:55415 for channel [id: 0xdd200daa, L:/127.0.0.1:60766 - R:localhost/127.0.0.1:55415]
16:05:22.530 [Forwarding sendKeysToElement on session cf3b288469fdf15b0a023cbaa8c45a0a to remote] DEBUG org.asynchttpclient.netty.request.NettyRequestSender - Using pooled Channel '[id: 0xdd200daa, L:/127.0.0.1:60766 - R:localhost/127.0.0.1:55415]' for 'POST' to 'http://localhost:55415/session/cf3b288469fdf15b0a023cbaa8c45a0a/element/33f7ee81-42a2-46c5-bc9a-516dfde47698/value'
16:05:22.530 [Forwarding sendKeysToElement on session cf3b288469fdf15b0a023cbaa8c45a0a to remote] DEBUG org.asynchttpclient.netty.request.NettyRequestSender - Using open Channel [id: 0xdd200daa, L:/127.0.0.1:60766 - R:localhost/127.0.0.1:55415] for POST '/session/cf3b288469fdf15b0a023cbaa8c45a0a/element/33f7ee81-42a2-46c5-bc9a-516dfde47698/value'
16:05:22.623 [AsyncHttpClient-1-6] DEBUG org.asynchttpclient.netty.handler.HttpHandler - 

Request DefaultHttpRequest(decodeResult: success, version: HTTP/1.1)
POST /session/cf3b288469fdf15b0a023cbaa8c45a0a/element/33f7ee81-42a2-46c5-bc9a-516dfde47698/value HTTP/1.1
User-Agent: selenium/4.1.2 (java windows)
Content-Length: 171
Content-Type: application/json; charset=utf-8
host: localhost:55415
accept: */*

Response DefaultHttpResponse(decodeResult: success, version: HTTP/1.1)
HTTP/1.1 200 OK
Content-Type: application/json; charset=utf-8
cache-control: no-cache
content-length: 14

16:05:22.623 [AsyncHttpClient-1-6] DEBUG org.asynchttpclient.netty.channel.ChannelManager - Adding key: http://localhost:55415 for channel [id: 0xdd200daa, L:/127.0.0.1:60766 - R:localhost/127.0.0.1:55415]
16:05:22.630 [Forwarding findElement on session cf3b288469fdf15b0a023cbaa8c45a0a to remote] DEBUG org.asynchttpclient.netty.request.NettyRequestSender - Using pooled Channel '[id: 0xdd200daa, L:/127.0.0.1:60766 - R:localhost/127.0.0.1:55415]' for 'POST' to 'http://localhost:55415/session/cf3b288469fdf15b0a023cbaa8c45a0a/element'
16:05:22.630 [Forwarding findElement on session cf3b288469fdf15b0a023cbaa8c45a0a to remote] DEBUG org.asynchttpclient.netty.request.NettyRequestSender - Using open Channel [id: 0xdd200daa, L:/127.0.0.1:60766 - R:localhost/127.0.0.1:55415] for POST '/session/cf3b288469fdf15b0a023cbaa8c45a0a/element'
16:05:22.639 [AsyncHttpClient-1-6] DEBUG org.asynchttpclient.netty.handler.HttpHandler - 

Request DefaultHttpRequest(decodeResult: success, version: HTTP/1.1)
POST /session/cf3b288469fdf15b0a023cbaa8c45a0a/element HTTP/1.1
User-Agent: selenium/4.1.2 (java windows)
Content-Length: 63
Content-Type: application/json; charset=utf-8
host: localhost:55415
accept: */*

Response DefaultHttpResponse(decodeResult: success, version: HTTP/1.1)
HTTP/1.1 200 OK
Content-Type: application/json; charset=utf-8
cache-control: no-cache
content-length: 88

16:05:22.639 [AsyncHttpClient-1-6] DEBUG org.asynchttpclient.netty.channel.ChannelManager - Adding key: http://localhost:55415 for channel [id: 0xdd200daa, L:/127.0.0.1:60766 - R:localhost/127.0.0.1:55415]
16:05:22.639 [Forwarding clearElement on session cf3b288469fdf15b0a023cbaa8c45a0a to remote] DEBUG org.asynchttpclient.netty.request.NettyRequestSender - Using pooled Channel '[id: 0xdd200daa, L:/127.0.0.1:60766 - R:localhost/127.0.0.1:55415]' for 'POST' to 'http://localhost:55415/session/cf3b288469fdf15b0a023cbaa8c45a0a/element/19a5030c-36a3-422d-bff7-3b76ffbad945/clear'
16:05:22.639 [Forwarding clearElement on session cf3b288469fdf15b0a023cbaa8c45a0a to remote] DEBUG org.asynchttpclient.netty.request.NettyRequestSender - Using open Channel [id: 0xdd200daa, L:/127.0.0.1:60766 - R:localhost/127.0.0.1:55415] for POST '/session/cf3b288469fdf15b0a023cbaa8c45a0a/element/19a5030c-36a3-422d-bff7-3b76ffbad945/clear'
16:05:22.687 [AsyncHttpClient-1-6] DEBUG org.asynchttpclient.netty.handler.HttpHandler - 

Request DefaultHttpRequest(decodeResult: success, version: HTTP/1.1)
POST /session/cf3b288469fdf15b0a023cbaa8c45a0a/element/19a5030c-36a3-422d-bff7-3b76ffbad945/clear HTTP/1.1
User-Agent: selenium/4.1.2 (java windows)
Content-Length: 50
Content-Type: application/json; charset=utf-8
host: localhost:55415
accept: */*

Response DefaultHttpResponse(decodeResult: success, version: HTTP/1.1)
HTTP/1.1 200 OK
Content-Type: application/json; charset=utf-8
cache-control: no-cache
content-length: 14

16:05:22.687 [AsyncHttpClient-1-6] DEBUG org.asynchttpclient.netty.channel.ChannelManager - Adding key: http://localhost:55415 for channel [id: 0xdd200daa, L:/127.0.0.1:60766 - R:localhost/127.0.0.1:55415]
16:05:22.687 [Forwarding sendKeysToElement on session cf3b288469fdf15b0a023cbaa8c45a0a to remote] DEBUG org.asynchttpclient.netty.request.NettyRequestSender - Using pooled Channel '[id: 0xdd200daa, L:/127.0.0.1:60766 - R:localhost/127.0.0.1:55415]' for 'POST' to 'http://localhost:55415/session/cf3b288469fdf15b0a023cbaa8c45a0a/element/19a5030c-36a3-422d-bff7-3b76ffbad945/value'
16:05:22.687 [Forwarding sendKeysToElement on session cf3b288469fdf15b0a023cbaa8c45a0a to remote] DEBUG org.asynchttpclient.netty.request.NettyRequestSender - Using open Channel [id: 0xdd200daa, L:/127.0.0.1:60766 - R:localhost/127.0.0.1:55415] for POST '/session/cf3b288469fdf15b0a023cbaa8c45a0a/element/19a5030c-36a3-422d-bff7-3b76ffbad945/value'
16:05:22.721 [AsyncHttpClient-1-1] DEBUG org.asynchttpclient.netty.channel.DefaultChannelPool - Entry count for : http://localhost:60767 : 1
16:05:22.861 [AsyncHttpClient-1-6] DEBUG org.asynchttpclient.netty.handler.HttpHandler - 

Request DefaultHttpRequest(decodeResult: success, version: HTTP/1.1)
POST /session/cf3b288469fdf15b0a023cbaa8c45a0a/element/19a5030c-36a3-422d-bff7-3b76ffbad945/value HTTP/1.1
User-Agent: selenium/4.1.2 (java windows)
Content-Length: 331
Content-Type: application/json; charset=utf-8
host: localhost:55415
accept: */*

Response DefaultHttpResponse(decodeResult: success, version: HTTP/1.1)
HTTP/1.1 200 OK
Content-Type: application/json; charset=utf-8
cache-control: no-cache
content-length: 14

16:05:22.861 [AsyncHttpClient-1-6] DEBUG org.asynchttpclient.netty.channel.ChannelManager - Adding key: http://localhost:55415 for channel [id: 0xdd200daa, L:/127.0.0.1:60766 - R:localhost/127.0.0.1:55415]
16:05:22.861 [Forwarding findElement on session cf3b288469fdf15b0a023cbaa8c45a0a to remote] DEBUG org.asynchttpclient.netty.request.NettyRequestSender - Using pooled Channel '[id: 0xdd200daa, L:/127.0.0.1:60766 - R:localhost/127.0.0.1:55415]' for 'POST' to 'http://localhost:55415/session/cf3b288469fdf15b0a023cbaa8c45a0a/element'
16:05:22.861 [Forwarding findElement on session cf3b288469fdf15b0a023cbaa8c45a0a to remote] DEBUG org.asynchttpclient.netty.request.NettyRequestSender - Using open Channel [id: 0xdd200daa, L:/127.0.0.1:60766 - R:localhost/127.0.0.1:55415] for POST '/session/cf3b288469fdf15b0a023cbaa8c45a0a/element'
16:05:22.878 [AsyncHttpClient-1-6] DEBUG org.asynchttpclient.netty.handler.HttpHandler - 

Request DefaultHttpRequest(decodeResult: success, version: HTTP/1.1)
POST /session/cf3b288469fdf15b0a023cbaa8c45a0a/element HTTP/1.1
User-Agent: selenium/4.1.2 (java windows)
Content-Length: 68
Content-Type: application/json; charset=utf-8
host: localhost:55415
accept: */*

Response DefaultHttpResponse(decodeResult: success, version: HTTP/1.1)
HTTP/1.1 200 OK
Content-Type: application/json; charset=utf-8
cache-control: no-cache
content-length: 88

16:05:22.878 [AsyncHttpClient-1-6] DEBUG org.asynchttpclient.netty.channel.ChannelManager - Adding key: http://localhost:55415 for channel [id: 0xdd200daa, L:/127.0.0.1:60766 - R:localhost/127.0.0.1:55415]
16:05:22.878 [Forwarding clearElement on session cf3b288469fdf15b0a023cbaa8c45a0a to remote] DEBUG org.asynchttpclient.netty.request.NettyRequestSender - Using pooled Channel '[id: 0xdd200daa, L:/127.0.0.1:60766 - R:localhost/127.0.0.1:55415]' for 'POST' to 'http://localhost:55415/session/cf3b288469fdf15b0a023cbaa8c45a0a/element/5b7b7514-d831-4abd-a515-1e9d3f3646f2/clear'
16:05:22.878 [Forwarding clearElement on session cf3b288469fdf15b0a023cbaa8c45a0a to remote] DEBUG org.asynchttpclient.netty.request.NettyRequestSender - Using open Channel [id: 0xdd200daa, L:/127.0.0.1:60766 - R:localhost/127.0.0.1:55415] for POST '/session/cf3b288469fdf15b0a023cbaa8c45a0a/element/5b7b7514-d831-4abd-a515-1e9d3f3646f2/clear'
16:05:22.922 [AsyncHttpClient-1-6] DEBUG org.asynchttpclient.netty.handler.HttpHandler - 

Request DefaultHttpRequest(decodeResult: success, version: HTTP/1.1)
POST /session/cf3b288469fdf15b0a023cbaa8c45a0a/element/5b7b7514-d831-4abd-a515-1e9d3f3646f2/clear HTTP/1.1
User-Agent: selenium/4.1.2 (java windows)
Content-Length: 50
Content-Type: application/json; charset=utf-8
host: localhost:55415
accept: */*

Response DefaultHttpResponse(decodeResult: success, version: HTTP/1.1)
HTTP/1.1 200 OK
Content-Type: application/json; charset=utf-8
cache-control: no-cache
content-length: 14

16:05:22.922 [AsyncHttpClient-1-6] DEBUG org.asynchttpclient.netty.channel.ChannelManager - Adding key: http://localhost:55415 for channel [id: 0xdd200daa, L:/127.0.0.1:60766 - R:localhost/127.0.0.1:55415]
16:05:22.922 [Forwarding sendKeysToElement on session cf3b288469fdf15b0a023cbaa8c45a0a to remote] DEBUG org.asynchttpclient.netty.request.NettyRequestSender - Using pooled Channel '[id: 0xdd200daa, L:/127.0.0.1:60766 - R:localhost/127.0.0.1:55415]' for 'POST' to 'http://localhost:55415/session/cf3b288469fdf15b0a023cbaa8c45a0a/element/5b7b7514-d831-4abd-a515-1e9d3f3646f2/value'
16:05:22.922 [Forwarding sendKeysToElement on session cf3b288469fdf15b0a023cbaa8c45a0a to remote] DEBUG org.asynchttpclient.netty.request.NettyRequestSender - Using open Channel [id: 0xdd200daa, L:/127.0.0.1:60766 - R:localhost/127.0.0.1:55415] for POST '/session/cf3b288469fdf15b0a023cbaa8c45a0a/element/5b7b7514-d831-4abd-a515-1e9d3f3646f2/value'
16:05:23.009 [AsyncHttpClient-1-6] DEBUG org.asynchttpclient.netty.handler.HttpHandler - 

Request DefaultHttpRequest(decodeResult: success, version: HTTP/1.1)
POST /session/cf3b288469fdf15b0a023cbaa8c45a0a/element/5b7b7514-d831-4abd-a515-1e9d3f3646f2/value HTTP/1.1
User-Agent: selenium/4.1.2 (java windows)
Content-Length: 211
Content-Type: application/json; charset=utf-8
host: localhost:55415
accept: */*

Response DefaultHttpResponse(decodeResult: success, version: HTTP/1.1)
HTTP/1.1 200 OK
Content-Type: application/json; charset=utf-8
cache-control: no-cache
content-length: 14

16:05:23.009 [AsyncHttpClient-1-6] DEBUG org.asynchttpclient.netty.channel.ChannelManager - Adding key: http://localhost:55415 for channel [id: 0xdd200daa, L:/127.0.0.1:60766 - R:localhost/127.0.0.1:55415]
16:05:23.021 [Forwarding findElement on session cf3b288469fdf15b0a023cbaa8c45a0a to remote] DEBUG org.asynchttpclient.netty.request.NettyRequestSender - Using pooled Channel '[id: 0xdd200daa, L:/127.0.0.1:60766 - R:localhost/127.0.0.1:55415]' for 'POST' to 'http://localhost:55415/session/cf3b288469fdf15b0a023cbaa8c45a0a/element'
16:05:23.021 [Forwarding findElement on session cf3b288469fdf15b0a023cbaa8c45a0a to remote] DEBUG org.asynchttpclient.netty.request.NettyRequestSender - Using open Channel [id: 0xdd200daa, L:/127.0.0.1:60766 - R:localhost/127.0.0.1:55415] for POST '/session/cf3b288469fdf15b0a023cbaa8c45a0a/element'
16:05:23.029 [AsyncHttpClient-1-6] DEBUG org.asynchttpclient.netty.handler.HttpHandler - 

Request DefaultHttpRequest(decodeResult: success, version: HTTP/1.1)
POST /session/cf3b288469fdf15b0a023cbaa8c45a0a/element HTTP/1.1
User-Agent: selenium/4.1.2 (java windows)
Content-Length: 77
Content-Type: application/json; charset=utf-8
host: localhost:55415
accept: */*

Response DefaultHttpResponse(decodeResult: success, version: HTTP/1.1)
HTTP/1.1 200 OK
Content-Type: application/json; charset=utf-8
cache-control: no-cache
content-length: 88

16:05:23.029 [AsyncHttpClient-1-6] DEBUG org.asynchttpclient.netty.channel.ChannelManager - Adding key: http://localhost:55415 for channel [id: 0xdd200daa, L:/127.0.0.1:60766 - R:localhost/127.0.0.1:55415]
16:05:23.040 [Forwarding clearElement on session cf3b288469fdf15b0a023cbaa8c45a0a to remote] DEBUG org.asynchttpclient.netty.request.NettyRequestSender - Using pooled Channel '[id: 0xdd200daa, L:/127.0.0.1:60766 - R:localhost/127.0.0.1:55415]' for 'POST' to 'http://localhost:55415/session/cf3b288469fdf15b0a023cbaa8c45a0a/element/d23465c3-e7d1-4f8a-bc50-22917f385673/clear'
16:05:23.040 [Forwarding clearElement on session cf3b288469fdf15b0a023cbaa8c45a0a to remote] DEBUG org.asynchttpclient.netty.request.NettyRequestSender - Using open Channel [id: 0xdd200daa, L:/127.0.0.1:60766 - R:localhost/127.0.0.1:55415] for POST '/session/cf3b288469fdf15b0a023cbaa8c45a0a/element/d23465c3-e7d1-4f8a-bc50-22917f385673/clear'
16:05:23.087 [AsyncHttpClient-1-6] DEBUG org.asynchttpclient.netty.handler.HttpHandler - 

Request DefaultHttpRequest(decodeResult: success, version: HTTP/1.1)
POST /session/cf3b288469fdf15b0a023cbaa8c45a0a/element/d23465c3-e7d1-4f8a-bc50-22917f385673/clear HTTP/1.1
User-Agent: selenium/4.1.2 (java windows)
Content-Length: 50
Content-Type: application/json; charset=utf-8
host: localhost:55415
accept: */*

Response DefaultHttpResponse(decodeResult: success, version: HTTP/1.1)
HTTP/1.1 200 OK
Content-Type: application/json; charset=utf-8
cache-control: no-cache
content-length: 14

16:05:23.087 [AsyncHttpClient-1-6] DEBUG org.asynchttpclient.netty.channel.ChannelManager - Adding key: http://localhost:55415 for channel [id: 0xdd200daa, L:/127.0.0.1:60766 - R:localhost/127.0.0.1:55415]
16:05:23.089 [Forwarding sendKeysToElement on session cf3b288469fdf15b0a023cbaa8c45a0a to remote] DEBUG org.asynchttpclient.netty.request.NettyRequestSender - Using pooled Channel '[id: 0xdd200daa, L:/127.0.0.1:60766 - R:localhost/127.0.0.1:55415]' for 'POST' to 'http://localhost:55415/session/cf3b288469fdf15b0a023cbaa8c45a0a/element/d23465c3-e7d1-4f8a-bc50-22917f385673/value'
16:05:23.089 [Forwarding sendKeysToElement on session cf3b288469fdf15b0a023cbaa8c45a0a to remote] DEBUG org.asynchttpclient.netty.request.NettyRequestSender - Using open Channel [id: 0xdd200daa, L:/127.0.0.1:60766 - R:localhost/127.0.0.1:55415] for POST '/session/cf3b288469fdf15b0a023cbaa8c45a0a/element/d23465c3-e7d1-4f8a-bc50-22917f385673/value'
16:05:23.131 [AsyncHttpClient-1-6] DEBUG org.asynchttpclient.netty.handler.HttpHandler - 

Request DefaultHttpRequest(decodeResult: success, version: HTTP/1.1)
POST /session/cf3b288469fdf15b0a023cbaa8c45a0a/element/d23465c3-e7d1-4f8a-bc50-22917f385673/value HTTP/1.1
User-Agent: selenium/4.1.2 (java windows)
Content-Length: 82
Content-Type: application/json; charset=utf-8
host: localhost:55415
accept: */*

Response DefaultHttpResponse(decodeResult: success, version: HTTP/1.1)
HTTP/1.1 200 OK
Content-Type: application/json; charset=utf-8
cache-control: no-cache
content-length: 14

16:05:23.131 [AsyncHttpClient-1-6] DEBUG org.asynchttpclient.netty.channel.ChannelManager - Adding key: http://localhost:55415 for channel [id: 0xdd200daa, L:/127.0.0.1:60766 - R:localhost/127.0.0.1:55415]
  &amp#27;[32mAnd &amp#27;[0m&amp#27;[32mi input &amp#27;[0m&amp#27;[32m&amp#27;[1m"sonyaprds"&amp#27;[0m&amp#27;[32m and &amp#27;[0m&amp#27;[32m&amp#27;[1m"sonya@gmail.com"&amp#27;[0m&amp#27;[32m and &amp#27;[0m&amp#27;[32m&amp#27;[1m"SonyaPrds1511"&amp#27;[0m&amp#27;[32m and &amp#27;[0m&amp#27;[32m&amp#27;[1m""&amp#27;[0m &amp#27;[90m# starter.stepdefinitions.registerSteps.iInputAndAndAnd(java.lang.String,java.lang.String,java.lang.String,java.lang.String)&amp#27;[0m
16:05:23.138 [Forwarding screenshot on session cf3b288469fdf15b0a023cbaa8c45a0a to remote] DEBUG org.asynchttpclient.netty.request.NettyRequestSender - Using pooled Channel '[id: 0xdd200daa, L:/127.0.0.1:60766 - R:localhost/127.0.0.1:55415]' for 'GET' to 'http://localhost:55415/session/cf3b288469fdf15b0a023cbaa8c45a0a/screenshot'
16:05:23.138 [Forwarding screenshot on session cf3b288469fdf15b0a023cbaa8c45a0a to remote] DEBUG org.asynchttpclient.netty.request.NettyRequestSender - Using open Channel [id: 0xdd200daa, L:/127.0.0.1:60766 - R:localhost/127.0.0.1:55415] for GET '/session/cf3b288469fdf15b0a023cbaa8c45a0a/screenshot'
16:05:23.400 [AsyncHttpClient-1-6] DEBUG org.asynchttpclient.netty.handler.HttpHandler - 

Request DefaultFullHttpRequest(decodeResult: success, version: HTTP/1.1, content: EmptyByteBufBE)
GET /session/cf3b288469fdf15b0a023cbaa8c45a0a/screenshot HTTP/1.1
User-Agent: selenium/4.1.2 (java windows)
Cache-Control: no-cache
Content-Type: application/json; charset=utf-8
host: localhost:55415
accept: */*

Response DefaultHttpResponse(decodeResult: success, version: HTTP/1.1)
HTTP/1.1 200 OK
Content-Type: application/json; charset=utf-8
cache-control: no-cache
content-length: 146648

16:05:23.401 [AsyncHttpClient-1-6] DEBUG org.asynchttpclient.netty.channel.ChannelManager - Adding key: http://localhost:55415 for channel [id: 0xdd200daa, L:/127.0.0.1:60766 - R:localhost/127.0.0.1:55415]
16:05:23.401 [main] DEBUG net.serenitybdd.core.photography.Darkroom - Send negative for processing for target\site\serenity\f0850255ef7d27d9a194d4f56866e743deb9b9180a6e432ba9efe60a510d5369.png
16:05:23.408 [Darkroom Processing Line] DEBUG net.serenitybdd.core.photography.DarkroomProcessingLine - Processing screenshot image in /var/screenshots/screenshot-556911192090602118
16:05:23.408 [Darkroom Processing Line] DEBUG net.serenitybdd.core.photography.DarkroomProcessingLine - Saving screenshot to target\site\serenity\f0850255ef7d27d9a194d4f56866e743deb9b9180a6e432ba9efe60a510d5369.png
16:05:23.411 [Forwarding findElement on session cf3b288469fdf15b0a023cbaa8c45a0a to remote] DEBUG org.asynchttpclient.netty.request.NettyRequestSender - Using pooled Channel '[id: 0xdd200daa, L:/127.0.0.1:60766 - R:localhost/127.0.0.1:55415]' for 'POST' to 'http://localhost:55415/session/cf3b288469fdf15b0a023cbaa8c45a0a/element'
16:05:23.411 [Forwarding findElement on session cf3b288469fdf15b0a023cbaa8c45a0a to remote] DEBUG org.asynchttpclient.netty.request.NettyRequestSender - Using open Channel [id: 0xdd200daa, L:/127.0.0.1:60766 - R:localhost/127.0.0.1:55415] for POST '/session/cf3b288469fdf15b0a023cbaa8c45a0a/element'
16:05:23.421 [AsyncHttpClient-1-6] DEBUG org.asynchttpclient.netty.handler.HttpHandler - 

Request DefaultHttpRequest(decodeResult: success, version: HTTP/1.1)
POST /session/cf3b288469fdf15b0a023cbaa8c45a0a/element HTTP/1.1
User-Agent: selenium/4.1.2 (java windows)
Content-Length: 56
Content-Type: application/json; charset=utf-8
host: localhost:55415
accept: */*

Response DefaultHttpResponse(decodeResult: success, version: HTTP/1.1)
HTTP/1.1 200 OK
Content-Type: application/json; charset=utf-8
cache-control: no-cache
content-length: 88

16:05:23.421 [AsyncHttpClient-1-6] DEBUG org.asynchttpclient.netty.channel.ChannelManager - Adding key: http://localhost:55415 for channel [id: 0xdd200daa, L:/127.0.0.1:60766 - R:localhost/127.0.0.1:55415]
16:05:23.421 [Forwarding getElementTagName on session cf3b288469fdf15b0a023cbaa8c45a0a to remote] DEBUG org.asynchttpclient.netty.request.NettyRequestSender - Using pooled Channel '[id: 0xdd200daa, L:/127.0.0.1:60766 - R:localhost/127.0.0.1:55415]' for 'GET' to 'http://localhost:55415/session/cf3b288469fdf15b0a023cbaa8c45a0a/element/404f6209-aad2-4c4c-b2a2-0210b1cabe1b/name'
16:05:23.421 [Forwarding getElementTagName on session cf3b288469fdf15b0a023cbaa8c45a0a to remote] DEBUG org.asynchttpclient.netty.request.NettyRequestSender - Using open Channel [id: 0xdd200daa, L:/127.0.0.1:60766 - R:localhost/127.0.0.1:55415] for GET '/session/cf3b288469fdf15b0a023cbaa8c45a0a/element/404f6209-aad2-4c4c-b2a2-0210b1cabe1b/name'
16:05:23.429 [AsyncHttpClient-1-6] DEBUG org.asynchttpclient.netty.handler.HttpHandler - 

Request DefaultFullHttpRequest(decodeResult: success, version: HTTP/1.1, content: EmptyByteBufBE)
GET /session/cf3b288469fdf15b0a023cbaa8c45a0a/element/404f6209-aad2-4c4c-b2a2-0210b1cabe1b/name HTTP/1.1
User-Agent: selenium/4.1.2 (java windows)
Cache-Control: no-cache
Content-Type: application/json; charset=utf-8
host: localhost:55415
accept: */*

Response DefaultHttpResponse(decodeResult: success, version: HTTP/1.1)
HTTP/1.1 200 OK
Content-Type: application/json; charset=utf-8
cache-control: no-cache
content-length: 18

16:05:23.429 [AsyncHttpClient-1-6] DEBUG org.asynchttpclient.netty.channel.ChannelManager - Adding key: http://localhost:55415 for channel [id: 0xdd200daa, L:/127.0.0.1:60766 - R:localhost/127.0.0.1:55415]
16:05:23.429 [Forwarding getElementTagName on session cf3b288469fdf15b0a023cbaa8c45a0a to remote] DEBUG org.asynchttpclient.netty.request.NettyRequestSender - Using pooled Channel '[id: 0xdd200daa, L:/127.0.0.1:60766 - R:localhost/127.0.0.1:55415]' for 'GET' to 'http://localhost:55415/session/cf3b288469fdf15b0a023cbaa8c45a0a/element/404f6209-aad2-4c4c-b2a2-0210b1cabe1b/name'
16:05:23.429 [Forwarding getElementTagName on session cf3b288469fdf15b0a023cbaa8c45a0a to remote] DEBUG org.asynchttpclient.netty.request.NettyRequestSender - Using open Channel [id: 0xdd200daa, L:/127.0.0.1:60766 - R:localhost/127.0.0.1:55415] for GET '/session/cf3b288469fdf15b0a023cbaa8c45a0a/element/404f6209-aad2-4c4c-b2a2-0210b1cabe1b/name'
16:05:23.439 [AsyncHttpClient-1-6] DEBUG org.asynchttpclient.netty.handler.HttpHandler - 

Request DefaultFullHttpRequest(decodeResult: success, version: HTTP/1.1, content: EmptyByteBufBE)
GET /session/cf3b288469fdf15b0a023cbaa8c45a0a/element/404f6209-aad2-4c4c-b2a2-0210b1cabe1b/name HTTP/1.1
User-Agent: selenium/4.1.2 (java windows)
Cache-Control: no-cache
Content-Type: application/json; charset=utf-8
host: localhost:55415
accept: */*

Response DefaultHttpResponse(decodeResult: success, version: HTTP/1.1)
HTTP/1.1 200 OK
Content-Type: application/json; charset=utf-8
cache-control: no-cache
content-length: 18

16:05:23.439 [AsyncHttpClient-1-6] DEBUG org.asynchttpclient.netty.channel.ChannelManager - Adding key: http://localhost:55415 for channel [id: 0xdd200daa, L:/127.0.0.1:60766 - R:localhost/127.0.0.1:55415]
16:05:23.440 [Forwarding isElementEnabled on session cf3b288469fdf15b0a023cbaa8c45a0a to remote] DEBUG org.asynchttpclient.netty.request.NettyRequestSender - Using pooled Channel '[id: 0xdd200daa, L:/127.0.0.1:60766 - R:localhost/127.0.0.1:55415]' for 'GET' to 'http://localhost:55415/session/cf3b288469fdf15b0a023cbaa8c45a0a/element/404f6209-aad2-4c4c-b2a2-0210b1cabe1b/enabled'
16:05:23.440 [Forwarding isElementEnabled on session cf3b288469fdf15b0a023cbaa8c45a0a to remote] DEBUG org.asynchttpclient.netty.request.NettyRequestSender - Using open Channel [id: 0xdd200daa, L:/127.0.0.1:60766 - R:localhost/127.0.0.1:55415] for GET '/session/cf3b288469fdf15b0a023cbaa8c45a0a/element/404f6209-aad2-4c4c-b2a2-0210b1cabe1b/enabled'
16:05:23.449 [AsyncHttpClient-1-6] DEBUG org.asynchttpclient.netty.handler.HttpHandler - 

Request DefaultFullHttpRequest(decodeResult: success, version: HTTP/1.1, content: EmptyByteBufBE)
GET /session/cf3b288469fdf15b0a023cbaa8c45a0a/element/404f6209-aad2-4c4c-b2a2-0210b1cabe1b/enabled HTTP/1.1
User-Agent: selenium/4.1.2 (java windows)
Cache-Control: no-cache
Content-Type: application/json; charset=utf-8
host: localhost:55415
accept: */*

Response DefaultHttpResponse(decodeResult: success, version: HTTP/1.1)
HTTP/1.1 200 OK
Content-Type: application/json; charset=utf-8
cache-control: no-cache
content-length: 14

16:05:23.449 [AsyncHttpClient-1-6] DEBUG org.asynchttpclient.netty.channel.ChannelManager - Adding key: http://localhost:55415 for channel [id: 0xdd200daa, L:/127.0.0.1:60766 - R:localhost/127.0.0.1:55415]
16:05:23.449 [Forwarding isElementEnabled on session cf3b288469fdf15b0a023cbaa8c45a0a to remote] DEBUG org.asynchttpclient.netty.request.NettyRequestSender - Using pooled Channel '[id: 0xdd200daa, L:/127.0.0.1:60766 - R:localhost/127.0.0.1:55415]' for 'GET' to 'http://localhost:55415/session/cf3b288469fdf15b0a023cbaa8c45a0a/element/404f6209-aad2-4c4c-b2a2-0210b1cabe1b/enabled'
16:05:23.449 [Forwarding isElementEnabled on session cf3b288469fdf15b0a023cbaa8c45a0a to remote] DEBUG org.asynchttpclient.netty.request.NettyRequestSender - Using open Channel [id: 0xdd200daa, L:/127.0.0.1:60766 - R:localhost/127.0.0.1:55415] for GET '/session/cf3b288469fdf15b0a023cbaa8c45a0a/element/404f6209-aad2-4c4c-b2a2-0210b1cabe1b/enabled'
16:05:23.459 [AsyncHttpClient-1-6] DEBUG org.asynchttpclient.netty.handler.HttpHandler - 

Request DefaultFullHttpRequest(decodeResult: success, version: HTTP/1.1, content: EmptyByteBufBE)
GET /session/cf3b288469fdf15b0a023cbaa8c45a0a/element/404f6209-aad2-4c4c-b2a2-0210b1cabe1b/enabled HTTP/1.1
User-Agent: selenium/4.1.2 (java windows)
Cache-Control: no-cache
Content-Type: application/json; charset=utf-8
host: localhost:55415
accept: */*

Response DefaultHttpResponse(decodeResult: success, version: HTTP/1.1)
HTTP/1.1 200 OK
Content-Type: application/json; charset=utf-8
cache-control: no-cache
content-length: 14

16:05:23.459 [AsyncHttpClient-1-6] DEBUG org.asynchttpclient.netty.channel.ChannelManager - Adding key: http://localhost:55415 for channel [id: 0xdd200daa, L:/127.0.0.1:60766 - R:localhost/127.0.0.1:55415]
16:05:23.459 [Forwarding findElement on session cf3b288469fdf15b0a023cbaa8c45a0a to remote] DEBUG org.asynchttpclient.netty.request.NettyRequestSender - Using pooled Channel '[id: 0xdd200daa, L:/127.0.0.1:60766 - R:localhost/127.0.0.1:55415]' for 'POST' to 'http://localhost:55415/session/cf3b288469fdf15b0a023cbaa8c45a0a/element'
16:05:23.459 [Forwarding findElement on session cf3b288469fdf15b0a023cbaa8c45a0a to remote] DEBUG org.asynchttpclient.netty.request.NettyRequestSender - Using open Channel [id: 0xdd200daa, L:/127.0.0.1:60766 - R:localhost/127.0.0.1:55415] for POST '/session/cf3b288469fdf15b0a023cbaa8c45a0a/element'
16:05:23.468 [AsyncHttpClient-1-6] DEBUG org.asynchttpclient.netty.handler.HttpHandler - 

Request DefaultHttpRequest(decodeResult: success, version: HTTP/1.1)
POST /session/cf3b288469fdf15b0a023cbaa8c45a0a/element HTTP/1.1
User-Agent: selenium/4.1.2 (java windows)
Content-Length: 56
Content-Type: application/json; charset=utf-8
host: localhost:55415
accept: */*

Response DefaultHttpResponse(decodeResult: success, version: HTTP/1.1)
HTTP/1.1 200 OK
Content-Type: application/json; charset=utf-8
cache-control: no-cache
content-length: 88

16:05:23.468 [AsyncHttpClient-1-6] DEBUG org.asynchttpclient.netty.channel.ChannelManager - Adding key: http://localhost:55415 for channel [id: 0xdd200daa, L:/127.0.0.1:60766 - R:localhost/127.0.0.1:55415]
16:05:23.468 [Forwarding clickElement on session cf3b288469fdf15b0a023cbaa8c45a0a to remote] DEBUG org.asynchttpclient.netty.request.NettyRequestSender - Using pooled Channel '[id: 0xdd200daa, L:/127.0.0.1:60766 - R:localhost/127.0.0.1:55415]' for 'POST' to 'http://localhost:55415/session/cf3b288469fdf15b0a023cbaa8c45a0a/element/404f6209-aad2-4c4c-b2a2-0210b1cabe1b/click'
16:05:23.468 [Forwarding clickElement on session cf3b288469fdf15b0a023cbaa8c45a0a to remote] DEBUG org.asynchttpclient.netty.request.NettyRequestSender - Using open Channel [id: 0xdd200daa, L:/127.0.0.1:60766 - R:localhost/127.0.0.1:55415] for POST '/session/cf3b288469fdf15b0a023cbaa8c45a0a/element/404f6209-aad2-4c4c-b2a2-0210b1cabe1b/click'
16:05:23.688 [AsyncHttpClient-1-6] DEBUG org.asynchttpclient.netty.handler.HttpHandler - 

Request DefaultHttpRequest(decodeResult: success, version: HTTP/1.1)
POST /session/cf3b288469fdf15b0a023cbaa8c45a0a/element/404f6209-aad2-4c4c-b2a2-0210b1cabe1b/click HTTP/1.1
User-Agent: selenium/4.1.2 (java windows)
Content-Length: 50
Content-Type: application/json; charset=utf-8
host: localhost:55415
accept: */*

Response DefaultHttpResponse(decodeResult: success, version: HTTP/1.1)
HTTP/1.1 200 OK
Content-Type: application/json; charset=utf-8
cache-control: no-cache
content-length: 14

16:05:23.688 [AsyncHttpClient-1-6] DEBUG org.asynchttpclient.netty.channel.ChannelManager - Adding key: http://localhost:55415 for channel [id: 0xdd200daa, L:/127.0.0.1:60766 - R:localhost/127.0.0.1:55415]
  &amp#27;[32mAnd &amp#27;[0m&amp#27;[32mi click continue button&amp#27;[0m                                              &amp#27;[90m# starter.stepdefinitions.registerSteps.iClickContinueButton()&amp#27;[0m
16:05:23.696 [Forwarding screenshot on session cf3b288469fdf15b0a023cbaa8c45a0a to remote] DEBUG org.asynchttpclient.netty.request.NettyRequestSender - Using pooled Channel '[id: 0xdd200daa, L:/127.0.0.1:60766 - R:localhost/127.0.0.1:55415]' for 'GET' to 'http://localhost:55415/session/cf3b288469fdf15b0a023cbaa8c45a0a/screenshot'
16:05:23.696 [Forwarding screenshot on session cf3b288469fdf15b0a023cbaa8c45a0a to remote] DEBUG org.asynchttpclient.netty.request.NettyRequestSender - Using open Channel [id: 0xdd200daa, L:/127.0.0.1:60766 - R:localhost/127.0.0.1:55415] for GET '/session/cf3b288469fdf15b0a023cbaa8c45a0a/screenshot'
16:05:23.819 [AsyncHttpClient-1-1] DEBUG org.asynchttpclient.netty.channel.DefaultChannelPool - Entry count for : http://localhost:60767 : 1
16:05:24.326 [AsyncHttpClient-1-6] DEBUG org.asynchttpclient.netty.handler.HttpHandler - 

Request DefaultFullHttpRequest(decodeResult: success, version: HTTP/1.1, content: EmptyByteBufBE)
GET /session/cf3b288469fdf15b0a023cbaa8c45a0a/screenshot HTTP/1.1
User-Agent: selenium/4.1.2 (java windows)
Cache-Control: no-cache
Content-Type: application/json; charset=utf-8
host: localhost:55415
accept: */*

Response DefaultHttpResponse(decodeResult: success, version: HTTP/1.1)
HTTP/1.1 200 OK
Content-Type: application/json; charset=utf-8
cache-control: no-cache
content-length: 153844

16:05:24.326 [AsyncHttpClient-1-6] DEBUG org.asynchttpclient.netty.channel.ChannelManager - Adding key: http://localhost:55415 for channel [id: 0xdd200daa, L:/127.0.0.1:60766 - R:localhost/127.0.0.1:55415]
16:05:24.329 [main] DEBUG net.serenitybdd.core.photography.Darkroom - Send negative for processing for target\site\serenity\5b885173d27d61a944c5126dbfdd8375e228edd2c38de1f93b3f0056f8c770d8.png
16:05:24.329 [Darkroom Processing Line] DEBUG net.serenitybdd.core.photography.DarkroomProcessingLine - Processing screenshot image in /var/screenshots/screenshot-1843055540351246427
16:05:24.329 [Darkroom Processing Line] DEBUG net.serenitybdd.core.photography.DarkroomProcessingLine - Saving screenshot to target\site\serenity\5b885173d27d61a944c5126dbfdd8375e228edd2c38de1f93b3f0056f8c770d8.png
16:05:24.338 [Forwarding findElement on session cf3b288469fdf15b0a023cbaa8c45a0a to remote] DEBUG org.asynchttpclient.netty.request.NettyRequestSender - Using pooled Channel '[id: 0xdd200daa, L:/127.0.0.1:60766 - R:localhost/127.0.0.1:55415]' for 'POST' to 'http://localhost:55415/session/cf3b288469fdf15b0a023cbaa8c45a0a/element'
16:05:24.338 [Forwarding findElement on session cf3b288469fdf15b0a023cbaa8c45a0a to remote] DEBUG org.asynchttpclient.netty.request.NettyRequestSender - Using open Channel [id: 0xdd200daa, L:/127.0.0.1:60766 - R:localhost/127.0.0.1:55415] for POST '/session/cf3b288469fdf15b0a023cbaa8c45a0a/element'
16:05:24.362 [AsyncHttpClient-1-6] DEBUG org.asynchttpclient.netty.handler.HttpHandler - 

Request DefaultHttpRequest(decodeResult: success, version: HTTP/1.1)
POST /session/cf3b288469fdf15b0a023cbaa8c45a0a/element HTTP/1.1
User-Agent: selenium/4.1.2 (java windows)
Content-Length: 69
Content-Type: application/json; charset=utf-8
host: localhost:55415
accept: */*

Response DefaultHttpResponse(decodeResult: success, version: HTTP/1.1)
HTTP/1.1 200 OK
Content-Type: application/json; charset=utf-8
cache-control: no-cache
content-length: 88

16:05:24.362 [AsyncHttpClient-1-6] DEBUG org.asynchttpclient.netty.channel.ChannelManager - Adding key: http://localhost:55415 for channel [id: 0xdd200daa, L:/127.0.0.1:60766 - R:localhost/127.0.0.1:55415]
16:05:24.362 [Forwarding isElementDisplayed on session cf3b288469fdf15b0a023cbaa8c45a0a to remote] DEBUG org.asynchttpclient.netty.request.NettyRequestSender - Using pooled Channel '[id: 0xdd200daa, L:/127.0.0.1:60766 - R:localhost/127.0.0.1:55415]' for 'POST' to 'http://localhost:55415/session/cf3b288469fdf15b0a023cbaa8c45a0a/execute/sync'
16:05:24.362 [Forwarding isElementDisplayed on session cf3b288469fdf15b0a023cbaa8c45a0a to remote] DEBUG org.asynchttpclient.netty.request.NettyRequestSender - Using open Channel [id: 0xdd200daa, L:/127.0.0.1:60766 - R:localhost/127.0.0.1:55415] for POST '/session/cf3b288469fdf15b0a023cbaa8c45a0a/execute/sync'
16:05:24.379 [AsyncHttpClient-1-6] DEBUG org.asynchttpclient.netty.handler.HttpHandler - 

Request DefaultHttpRequest(decodeResult: success, version: HTTP/1.1)
POST /session/cf3b288469fdf15b0a023cbaa8c45a0a/execute/sync HTTP/1.1
User-Agent: selenium/4.1.2 (java windows)
Content-Length: 48780
Content-Type: application/json; charset=utf-8
host: localhost:55415
accept: */*

Response DefaultHttpResponse(decodeResult: success, version: HTTP/1.1)
HTTP/1.1 200 OK
Content-Type: application/json; charset=utf-8
cache-control: no-cache
content-length: 14

16:05:24.379 [AsyncHttpClient-1-6] DEBUG org.asynchttpclient.netty.channel.ChannelManager - Adding key: http://localhost:55415 for channel [id: 0xdd200daa, L:/127.0.0.1:60766 - R:localhost/127.0.0.1:55415]
16:05:24.387 [Forwarding findElement on session cf3b288469fdf15b0a023cbaa8c45a0a to remote] DEBUG org.asynchttpclient.netty.request.NettyRequestSender - Using pooled Channel '[id: 0xdd200daa, L:/127.0.0.1:60766 - R:localhost/127.0.0.1:55415]' for 'POST' to 'http://localhost:55415/session/cf3b288469fdf15b0a023cbaa8c45a0a/element'
16:05:24.387 [Forwarding findElement on session cf3b288469fdf15b0a023cbaa8c45a0a to remote] DEBUG org.asynchttpclient.netty.request.NettyRequestSender - Using open Channel [id: 0xdd200daa, L:/127.0.0.1:60766 - R:localhost/127.0.0.1:55415] for POST '/session/cf3b288469fdf15b0a023cbaa8c45a0a/element'
16:05:24.400 [AsyncHttpClient-1-6] DEBUG org.asynchttpclient.netty.handler.HttpHandler - 

Request DefaultHttpRequest(decodeResult: success, version: HTTP/1.1)
POST /session/cf3b288469fdf15b0a023cbaa8c45a0a/element HTTP/1.1
User-Agent: selenium/4.1.2 (java windows)
Content-Length: 69
Content-Type: application/json; charset=utf-8
host: localhost:55415
accept: */*

Response DefaultHttpResponse(decodeResult: success, version: HTTP/1.1)
HTTP/1.1 200 OK
Content-Type: application/json; charset=utf-8
cache-control: no-cache
content-length: 88

16:05:24.400 [AsyncHttpClient-1-6] DEBUG org.asynchttpclient.netty.channel.ChannelManager - Adding key: http://localhost:55415 for channel [id: 0xdd200daa, L:/127.0.0.1:60766 - R:localhost/127.0.0.1:55415]
16:05:24.408 [Forwarding isElementDisplayed on session cf3b288469fdf15b0a023cbaa8c45a0a to remote] DEBUG org.asynchttpclient.netty.request.NettyRequestSender - Using pooled Channel '[id: 0xdd200daa, L:/127.0.0.1:60766 - R:localhost/127.0.0.1:55415]' for 'POST' to 'http://localhost:55415/session/cf3b288469fdf15b0a023cbaa8c45a0a/execute/sync'
16:05:24.408 [Forwarding isElementDisplayed on session cf3b288469fdf15b0a023cbaa8c45a0a to remote] DEBUG org.asynchttpclient.netty.request.NettyRequestSender - Using open Channel [id: 0xdd200daa, L:/127.0.0.1:60766 - R:localhost/127.0.0.1:55415] for POST '/session/cf3b288469fdf15b0a023cbaa8c45a0a/execute/sync'
16:05:24.426 [AsyncHttpClient-1-6] DEBUG org.asynchttpclient.netty.handler.HttpHandler - 

Request DefaultHttpRequest(decodeResult: success, version: HTTP/1.1)
POST /session/cf3b288469fdf15b0a023cbaa8c45a0a/execute/sync HTTP/1.1
User-Agent: selenium/4.1.2 (java windows)
Content-Length: 48780
Content-Type: application/json; charset=utf-8
host: localhost:55415
accept: */*

Response DefaultHttpResponse(decodeResult: success, version: HTTP/1.1)
HTTP/1.1 200 OK
Content-Type: application/json; charset=utf-8
cache-control: no-cache
content-length: 14

16:05:24.426 [AsyncHttpClient-1-6] DEBUG org.asynchttpclient.netty.channel.ChannelManager - Adding key: http://localhost:55415 for channel [id: 0xdd200daa, L:/127.0.0.1:60766 - R:localhost/127.0.0.1:55415]
  &amp#27;[32mThen &amp#27;[0m&amp#27;[32mi get my &amp#27;[0m&amp#27;[32m&amp#27;[1m"register page"&amp#27;[0m                                            &amp#27;[90m# starter.stepdefinitions.registerSteps.iGetMy(java.lang.String)&amp#27;[0m
16:05:24.431 [Forwarding screenshot on session cf3b288469fdf15b0a023cbaa8c45a0a to remote] DEBUG org.asynchttpclient.netty.request.NettyRequestSender - Using pooled Channel '[id: 0xdd200daa, L:/127.0.0.1:60766 - R:localhost/127.0.0.1:55415]' for 'GET' to 'http://localhost:55415/session/cf3b288469fdf15b0a023cbaa8c45a0a/screenshot'
16:05:24.431 [Forwarding screenshot on session cf3b288469fdf15b0a023cbaa8c45a0a to remote] DEBUG org.asynchttpclient.netty.request.NettyRequestSender - Using open Channel [id: 0xdd200daa, L:/127.0.0.1:60766 - R:localhost/127.0.0.1:55415] for GET '/session/cf3b288469fdf15b0a023cbaa8c45a0a/screenshot'
16:05:24.796 [AsyncHttpClient-1-6] DEBUG org.asynchttpclient.netty.handler.HttpHandler - 

Request DefaultFullHttpRequest(decodeResult: success, version: HTTP/1.1, content: EmptyByteBufBE)
GET /session/cf3b288469fdf15b0a023cbaa8c45a0a/screenshot HTTP/1.1
User-Agent: selenium/4.1.2 (java windows)
Cache-Control: no-cache
Content-Type: application/json; charset=utf-8
host: localhost:55415
accept: */*

Response DefaultHttpResponse(decodeResult: success, version: HTTP/1.1)
HTTP/1.1 200 OK
Content-Type: application/json; charset=utf-8
cache-control: no-cache
content-length: 153764

16:05:24.798 [AsyncHttpClient-1-6] DEBUG org.asynchttpclient.netty.channel.ChannelManager - Adding key: http://localhost:55415 for channel [id: 0xdd200daa, L:/127.0.0.1:60766 - R:localhost/127.0.0.1:55415]
16:05:24.799 [main] DEBUG net.serenitybdd.core.photography.Darkroom - Send negative for processing for target\site\serenity\483aebfc70e0ded44a80d9da88f5626e4e74daaaae27845aa21ce5f4a6db36dc.png
16:05:24.799 [Darkroom Processing Line] DEBUG net.serenitybdd.core.photography.DarkroomProcessingLine - Processing screenshot image in /var/screenshots/screenshot-15246784440604181291
16:05:24.799 [Darkroom Processing Line] DEBUG net.serenitybdd.core.photography.DarkroomProcessingLine - Saving screenshot to target\site\serenity\483aebfc70e0ded44a80d9da88f5626e4e74daaaae27845aa21ce5f4a6db36dc.png
16:05:24.808 [AsyncHttpClient-1-8] DEBUG org.asynchttpclient.netty.handler.WebSocketHandler - Channel Closed: [id: 0x8d6c0cf8, L:/127.0.0.1:60776 ! R:localhost/127.0.0.1:60767] with attribute NettyResponseFuture{currentRetry=5,
	isDone=1,
	isCancelled=0,
	asyncHandler=org.asynchttpclient.ws.WebSocketUpgradeHandler@121ea18a,
	nettyRequest=org.asynchttpclient.netty.request.NettyRequest@1101a915,
	future=java.util.concurrent.CompletableFuture@124997b[Completed normally],
	uri=ws://localhost:60767/devtools/browser/8b5783d7-a89b-4268-a8a2-bf2357fdb045,
	keepAlive=true,
	redirectCount=0,
	timeoutsHolder=null,
	inAuth=0,
	touch=1658480714332}
16:05:24.808 [AsyncHttpClient-1-8] DEBUG org.asynchttpclient.netty.channel.ChannelManager - Closing Channel [id: 0x8d6c0cf8, L:/127.0.0.1:60776 ! R:localhost/127.0.0.1:60767] 
16:05:24.808 [Driver Command Executor] DEBUG org.asynchttpclient.netty.request.NettyRequestSender - Using pooled Channel '[id: 0xdd200daa, L:/127.0.0.1:60766 - R:localhost/127.0.0.1:55415]' for 'DELETE' to 'http://localhost:55415/session/cf3b288469fdf15b0a023cbaa8c45a0a'
16:05:24.808 [Driver Command Executor] DEBUG org.asynchttpclient.netty.request.NettyRequestSender - Using open Channel [id: 0xdd200daa, L:/127.0.0.1:60766 - R:localhost/127.0.0.1:55415] for DELETE '/session/cf3b288469fdf15b0a023cbaa8c45a0a'
16:05:24.916 [AsyncHttpClient-1-7] DEBUG org.asynchttpclient.netty.handler.HttpHandler - Unexpected I/O exception on channel [id: 0x777dff44, L:/127.0.0.1:60775 - R:localhost/127.0.0.1:60767]
java.net.SocketException: Connection reset
	at java.base/sun.nio.ch.SocketChannelImpl.throwConnectionReset(SocketChannelImpl.java:367)
	at java.base/sun.nio.ch.SocketChannelImpl.read(SocketChannelImpl.java:398)
	at io.netty.buffer.PooledByteBuf.setBytes(PooledByteBuf.java:258)
	at io.netty.buffer.AbstractByteBuf.writeBytes(AbstractByteBuf.java:1132)
	at io.netty.channel.socket.nio.NioSocketChannel.doReadBytes(NioSocketChannel.java:350)
	at io.netty.channel.nio.AbstractNioByteChannel$NioByteUnsafe.read(AbstractNioByteChannel.java:151)
	at io.netty.channel.nio.NioEventLoop.processSelectedKey(NioEventLoop.java:722)
	at io.netty.channel.nio.NioEventLoop.processSelectedKeysOptimized(NioEventLoop.java:658)
	at io.netty.channel.nio.NioEventLoop.processSelectedKeys(NioEventLoop.java:584)
	at io.netty.channel.nio.NioEventLoop.run(NioEventLoop.java:496)
	at io.netty.util.concurrent.SingleThreadEventExecutor$4.run(SingleThreadEventExecutor.java:986)
	at io.netty.util.internal.ThreadExecutorMap$2.run(ThreadExecutorMap.java:74)
	at io.netty.util.concurrent.FastThreadLocalRunnable.run(FastThreadLocalRunnable.java:30)
	at java.base/java.lang.Thread.run(Thread.java:832)
16:05:24.916 [AsyncHttpClient-1-7] DEBUG org.asynchttpclient.netty.channel.ChannelManager - Closing Channel [id: 0x777dff44, L:/127.0.0.1:60775 - R:localhost/127.0.0.1:60767] 
16:05:24.916 [AsyncHttpClient-1-7] DEBUG org.asynchttpclient.netty.handler.HttpHandler - Channel Closed: [id: 0x777dff44, L:/127.0.0.1:60775 ! R:localhost/127.0.0.1:60767] with attribute DISCARD
16:05:24.922 [AsyncHttpClient-1-1] DEBUG org.asynchttpclient.netty.channel.DefaultChannelPool - Entry count for : http://localhost:60767 : 1
16:05:24.922 [AsyncHttpClient-1-1] DEBUG org.asynchttpclient.netty.channel.DefaultChannelPool - Adding Candidate expired Channel [id: 0x777dff44, L:/127.0.0.1:60775 ! R:localhost/127.0.0.1:60767] isIdleTimeoutExpired=false isRemotelyClosed=true isTtlExpired=false
16:05:24.922 [AsyncHttpClient-1-1] DEBUG org.asynchttpclient.netty.channel.DefaultChannelPool - Closing Idle Channel [id: 0x777dff44, L:/127.0.0.1:60775 ! R:localhost/127.0.0.1:60767]
16:05:24.922 [AsyncHttpClient-1-1] DEBUG org.asynchttpclient.netty.channel.DefaultChannelPool - Closed 1 connections out of 1 in 0 ms
16:05:24.949 [AsyncHttpClient-1-6] DEBUG org.asynchttpclient.netty.handler.HttpHandler - 

Request DefaultFullHttpRequest(decodeResult: success, version: HTTP/1.1, content: EmptyByteBufBE)
DELETE /session/cf3b288469fdf15b0a023cbaa8c45a0a HTTP/1.1
User-Agent: selenium/4.1.2 (java windows)
Content-Type: application/json; charset=utf-8
host: localhost:55415
accept: */*

Response DefaultHttpResponse(decodeResult: success, version: HTTP/1.1)
HTTP/1.1 200 OK
Content-Type: application/json; charset=utf-8
cache-control: no-cache
content-length: 14

16:05:24.949 [AsyncHttpClient-1-6] DEBUG org.asynchttpclient.netty.channel.ChannelManager - Adding key: http://localhost:55415 for channel [id: 0xdd200daa, L:/127.0.0.1:60766 - R:localhost/127.0.0.1:55415]
16:05:25.078 [AsyncHttpClient-1-6] DEBUG org.asynchttpclient.netty.handler.HttpHandler - Channel Closed: [id: 0xdd200daa, L:/127.0.0.1:60766 ! R:localhost/127.0.0.1:55415] with attribute DISCARD
]]></system-out>
    <system-err><![CDATA[Starting ChromeDriver 102.0.5005.61 (0e59bcc00cc4985ce39ad31c150065f159d95ad3-refs/branch-heads/5005@{#819}) on port 55415
Only local connections are allowed.
Please see https://chromedriver.chromium.org/security-considerations for suggestions on keeping ChromeDriver safe.
ChromeDriver was started successfully.
[1658480714.062][WARNING]: This version of ChromeDriver has not been tested with Chrome version 103.
Jul 22, 2022 4:05:14 PM org.openqa.selenium.remote.ProtocolHandshake createSession
INFO: Detected dialect: W3C
Jul 22, 2022 4:05:14 PM org.openqa.selenium.devtools.CdpVersionFinder findNearestMatch
WARNING: Unable to find an exact match for CDP version 103, so returning the closest version found: a no-op implementation
Jul 22, 2022 4:05:14 PM org.openqa.selenium.devtools.CdpVersionFinder findNearestMatch
INFO: Unable to find CDP implementation matching 103.
Jul 22, 2022 4:05:14 PM org.openqa.selenium.chromium.ChromiumDriver lambda$new$3
WARNING: Unable to find version of CDP to use for . You may need to include a dependency on a specific version of the CDP using something similar to `org.seleniumhq.selenium:selenium-devtools-v86:4.1.2` where the version ("v86") matches the version of the chromium-based browser you're using and the version number of the artifact is the same as Selenium's.
]]></system-err>
  </testcase>
  <testcase name="Registration scenario #6" classname="Registration" time="11.3">
    <system-out><![CDATA[
@register
Scenario Outline: Registration scenario                                              &amp#27;[90m# src/test/resources/features/register.feature:24&amp#27;[0m
16:05:25.613 [main] INFO io.cucumber.core.plugin.SerenityReporter - Running feature from file:///D:/PERKULIAHAN/Semester%206,Hebatt%20glad!/QE-FGD/Automation-test-Website%20-%20Copy/src/test/resources/features/register.feature
16:05:25.631 [main] INFO net.serenitybdd.core.webdriver.driverproviders.ChromeDriverProvider - Using automatically driver download
16:05:25.827 [main] DEBUG io.github.bonigarcia.wdm.cache.ResolutionCache - Resolution chrome=103 in cache (valid until 16:34:03 22/07/2022 WIB)
16:05:25.831 [main] DEBUG io.github.bonigarcia.wdm.cache.ResolutionCache - Resolution chrome103=103.0.5060.134 in cache (valid until 17:00:36 22/07/2022 WIB)
16:05:25.831 [main] INFO io.github.bonigarcia.wdm.WebDriverManager - Using chromedriver 103.0.5060.134 (resolved driver for Chrome 103)
16:05:25.847 [main] DEBUG io.github.bonigarcia.wdm.WebDriverManager - Driver chromedriver 103.0.5060.134 found in cache
16:05:25.847 [main] INFO io.github.bonigarcia.wdm.WebDriverManager - Exporting webdriver.chrome.driver as C:\Users\ASUS\.cache\selenium\chromedriver\win32\103.0.5060.134\chromedriver.exe
16:05:25.992 [main] DEBUG net.serenitybdd.core.webdriver.driverproviders.ProvideNewDriver - Instantiating driver
16:05:25.992 [main] DEBUG net.serenitybdd.core.webdriver.driverproviders.ProvideNewDriver - Driver capabilities: Capabilities {acceptInsecureCerts: false, base.url: https://found-capstone20.ne..., browserName: chrome, chrome.driver: src/test/resources/webdrive..., driver: chrome, goog:chromeOptions: {args: [], extensions: []}}
16:05:26.027 [AsyncHttpClient-1-1] DEBUG org.asynchttpclient.netty.channel.DefaultChannelPool - Entry count for : http://localhost:55415 : 1
16:05:26.027 [AsyncHttpClient-1-1] DEBUG org.asynchttpclient.netty.channel.DefaultChannelPool - Adding Candidate expired Channel [id: 0xdd200daa, L:/127.0.0.1:60766 ! R:localhost/127.0.0.1:55415] isIdleTimeoutExpired=false isRemotelyClosed=true isTtlExpired=false
16:05:26.027 [AsyncHttpClient-1-1] DEBUG org.asynchttpclient.netty.channel.DefaultChannelPool - Closing Idle Channel [id: 0xdd200daa, L:/127.0.0.1:60766 ! R:localhost/127.0.0.1:55415]
16:05:26.027 [AsyncHttpClient-1-1] DEBUG org.asynchttpclient.netty.channel.DefaultChannelPool - Closed 1 connections out of 1 in 0 ms
16:05:26.541 [AsyncHttpClient-1-9] DEBUG org.asynchttpclient.netty.channel.NettyConnectListener - Using new Channel '[id: 0x00ae3b5a, L:/127.0.0.1:60796 - R:localhost/127.0.0.1:60542]' for 'POST' to '/session'
16:05:27.522 [AsyncHttpClient-1-9] DEBUG org.asynchttpclient.netty.handler.HttpHandler - 

Request DefaultHttpRequest(decodeResult: success, version: HTTP/1.1)
POST /session HTTP/1.1
User-Agent: selenium/4.1.2 (java windows)
Content-Length: 623
Content-Type: application/json; charset=utf-8
host: localhost:60542
accept: */*

Response DefaultHttpResponse(decodeResult: success, version: HTTP/1.1)
HTTP/1.1 200 OK
Content-Type: application/json; charset=utf-8
cache-control: no-cache
content-length: 790

16:05:27.522 [AsyncHttpClient-1-9] DEBUG org.asynchttpclient.netty.channel.ChannelManager - Adding key: http://localhost:60542 for channel [id: 0x00ae3b5a, L:/127.0.0.1:60796 - R:localhost/127.0.0.1:60542]
16:05:27.531 [AsyncHttpClient-1-10] DEBUG org.asynchttpclient.netty.channel.NettyConnectListener - Using new Channel '[id: 0x5ba10695, L:/127.0.0.1:60805 - R:localhost/127.0.0.1:60797]' for 'GET' to '/json/version'
16:05:27.533 [AsyncHttpClient-1-10] DEBUG org.asynchttpclient.netty.handler.HttpHandler - 

Request DefaultFullHttpRequest(decodeResult: success, version: HTTP/1.1, content: EmptyByteBufBE)
GET /json/version HTTP/1.1
User-Agent: selenium/4.1.2 (java windows)
host: localhost:60797
accept: */*

Response DefaultHttpResponse(decodeResult: success, version: HTTP/1.1)
HTTP/1.1 200 OK
Content-Type: application/json; charset=UTF-8
content-length: 429

16:05:27.533 [AsyncHttpClient-1-10] DEBUG org.asynchttpclient.netty.channel.ChannelManager - Adding key: http://localhost:60797 for channel [id: 0x5ba10695, L:/127.0.0.1:60805 - R:localhost/127.0.0.1:60797]
16:05:27.537 [AsyncHttpClient-1-11] DEBUG org.asynchttpclient.netty.channel.NettyConnectListener - Using new Channel '[id: 0xc6a47e50, L:/127.0.0.1:60806 - R:localhost/127.0.0.1:60797]' for 'GET' to '/devtools/browser/0ce1e367-9905-4834-9e51-10dce05e25b8'
16:05:27.540 [AsyncHttpClient-1-11] DEBUG org.asynchttpclient.netty.handler.WebSocketHandler - 

Request DefaultFullHttpRequest(decodeResult: success, version: HTTP/1.1, content: EmptyByteBufBE)
GET /devtools/browser/0ce1e367-9905-4834-9e51-10dce05e25b8 HTTP/1.1
upgrade: websocket
connection: upgrade
sec-websocket-key: qNR3iFkVb/latwAuMS/rPw==
sec-websocket-version: 13
origin: http://localhost:60797
host: localhost:60797
accept: */*
user-agent: AHC/2.1

Response DefaultHttpResponse(decodeResult: success, version: HTTP/1.1)
HTTP/1.1 101 WebSocket Protocol Handshake
Upgrade: WebSocket
Connection: Upgrade
Sec-WebSocket-Accept: AyqISI0xEGfOALWx2lDXswbdz/w=

16:05:27.545 [Forwarding maximizeCurrentWindow on session 577cdd868c58ef6b29ec2b3940668d6a to remote] DEBUG org.asynchttpclient.netty.request.NettyRequestSender - Using pooled Channel '[id: 0x00ae3b5a, L:/127.0.0.1:60796 - R:localhost/127.0.0.1:60542]' for 'POST' to 'http://localhost:60542/session/577cdd868c58ef6b29ec2b3940668d6a/window/maximize'
16:05:27.545 [Forwarding maximizeCurrentWindow on session 577cdd868c58ef6b29ec2b3940668d6a to remote] DEBUG org.asynchttpclient.netty.request.NettyRequestSender - Using open Channel [id: 0x00ae3b5a, L:/127.0.0.1:60796 - R:localhost/127.0.0.1:60542] for POST '/session/577cdd868c58ef6b29ec2b3940668d6a/window/maximize'
16:05:27.730 [AsyncHttpClient-1-9] DEBUG org.asynchttpclient.netty.handler.HttpHandler - 

Request DefaultHttpRequest(decodeResult: success, version: HTTP/1.1)
POST /session/577cdd868c58ef6b29ec2b3940668d6a/window/maximize HTTP/1.1
User-Agent: selenium/4.1.2 (java windows)
Content-Length: 3
Content-Type: application/json; charset=utf-8
host: localhost:60542
accept: */*

Response DefaultHttpResponse(decodeResult: success, version: HTTP/1.1)
HTTP/1.1 200 OK
Content-Type: application/json; charset=utf-8
cache-control: no-cache
content-length: 51

16:05:27.730 [AsyncHttpClient-1-9] DEBUG org.asynchttpclient.netty.channel.ChannelManager - Adding key: http://localhost:60542 for channel [id: 0x00ae3b5a, L:/127.0.0.1:60796 - R:localhost/127.0.0.1:60542]
16:05:27.730 [Forwarding get on session 577cdd868c58ef6b29ec2b3940668d6a to remote] DEBUG org.asynchttpclient.netty.request.NettyRequestSender - Using pooled Channel '[id: 0x00ae3b5a, L:/127.0.0.1:60796 - R:localhost/127.0.0.1:60542]' for 'POST' to 'http://localhost:60542/session/577cdd868c58ef6b29ec2b3940668d6a/url'
16:05:27.730 [Forwarding get on session 577cdd868c58ef6b29ec2b3940668d6a to remote] DEBUG org.asynchttpclient.netty.request.NettyRequestSender - Using open Channel [id: 0x00ae3b5a, L:/127.0.0.1:60796 - R:localhost/127.0.0.1:60542] for POST '/session/577cdd868c58ef6b29ec2b3940668d6a/url'
16:05:28.228 [AsyncHttpClient-1-1] DEBUG org.asynchttpclient.netty.channel.DefaultChannelPool - Entry count for : http://localhost:60797 : 1
16:05:29.321 [AsyncHttpClient-1-1] DEBUG org.asynchttpclient.netty.channel.DefaultChannelPool - Entry count for : http://localhost:60797 : 1
16:05:30.421 [AsyncHttpClient-1-1] DEBUG org.asynchttpclient.netty.channel.DefaultChannelPool - Entry count for : http://localhost:60797 : 1
16:05:31.538 [AsyncHttpClient-1-1] DEBUG org.asynchttpclient.netty.channel.DefaultChannelPool - Entry count for : http://localhost:60797 : 1
16:05:32.131 [AsyncHttpClient-1-9] DEBUG org.asynchttpclient.netty.handler.HttpHandler - 

Request DefaultHttpRequest(decodeResult: success, version: HTTP/1.1)
POST /session/577cdd868c58ef6b29ec2b3940668d6a/url HTTP/1.1
User-Agent: selenium/4.1.2 (java windows)
Content-Length: 67
Content-Type: application/json; charset=utf-8
host: localhost:60542
accept: */*

Response DefaultHttpResponse(decodeResult: success, version: HTTP/1.1)
HTTP/1.1 200 OK
Content-Type: application/json; charset=utf-8
cache-control: no-cache
content-length: 14

16:05:32.131 [AsyncHttpClient-1-9] DEBUG org.asynchttpclient.netty.channel.ChannelManager - Adding key: http://localhost:60542 for channel [id: 0x00ae3b5a, L:/127.0.0.1:60796 - R:localhost/127.0.0.1:60542]
16:05:32.131 [Forwarding setTimeout on session 577cdd868c58ef6b29ec2b3940668d6a to remote] DEBUG org.asynchttpclient.netty.request.NettyRequestSender - Using pooled Channel '[id: 0x00ae3b5a, L:/127.0.0.1:60796 - R:localhost/127.0.0.1:60542]' for 'POST' to 'http://localhost:60542/session/577cdd868c58ef6b29ec2b3940668d6a/timeouts'
16:05:32.131 [Forwarding setTimeout on session 577cdd868c58ef6b29ec2b3940668d6a to remote] DEBUG org.asynchttpclient.netty.request.NettyRequestSender - Using open Channel [id: 0x00ae3b5a, L:/127.0.0.1:60796 - R:localhost/127.0.0.1:60542] for POST '/session/577cdd868c58ef6b29ec2b3940668d6a/timeouts'
16:05:32.140 [AsyncHttpClient-1-9] DEBUG org.asynchttpclient.netty.handler.HttpHandler - 

Request DefaultHttpRequest(decodeResult: success, version: HTTP/1.1)
POST /session/577cdd868c58ef6b29ec2b3940668d6a/timeouts HTTP/1.1
User-Agent: selenium/4.1.2 (java windows)
Content-Length: 22
Content-Type: application/json; charset=utf-8
host: localhost:60542
accept: */*

Response DefaultHttpResponse(decodeResult: success, version: HTTP/1.1)
HTTP/1.1 200 OK
Content-Type: application/json; charset=utf-8
cache-control: no-cache
content-length: 14

16:05:32.140 [AsyncHttpClient-1-9] DEBUG org.asynchttpclient.netty.channel.ChannelManager - Adding key: http://localhost:60542 for channel [id: 0x00ae3b5a, L:/127.0.0.1:60796 - R:localhost/127.0.0.1:60542]
16:05:32.140 [Forwarding getCurrentUrl on session 577cdd868c58ef6b29ec2b3940668d6a to remote] DEBUG org.asynchttpclient.netty.request.NettyRequestSender - Using pooled Channel '[id: 0x00ae3b5a, L:/127.0.0.1:60796 - R:localhost/127.0.0.1:60542]' for 'GET' to 'http://localhost:60542/session/577cdd868c58ef6b29ec2b3940668d6a/url'
16:05:32.140 [Forwarding getCurrentUrl on session 577cdd868c58ef6b29ec2b3940668d6a to remote] DEBUG org.asynchttpclient.netty.request.NettyRequestSender - Using open Channel [id: 0x00ae3b5a, L:/127.0.0.1:60796 - R:localhost/127.0.0.1:60542] for GET '/session/577cdd868c58ef6b29ec2b3940668d6a/url'
16:05:32.179 [AsyncHttpClient-1-9] DEBUG org.asynchttpclient.netty.handler.HttpHandler - 

Request DefaultFullHttpRequest(decodeResult: success, version: HTTP/1.1, content: EmptyByteBufBE)
GET /session/577cdd868c58ef6b29ec2b3940668d6a/url HTTP/1.1
User-Agent: selenium/4.1.2 (java windows)
Cache-Control: no-cache
Content-Type: application/json; charset=utf-8
host: localhost:60542
accept: */*

Response DefaultHttpResponse(decodeResult: success, version: HTTP/1.1)
HTTP/1.1 200 OK
Content-Type: application/json; charset=utf-8
cache-control: no-cache
content-length: 49

16:05:32.179 [AsyncHttpClient-1-9] DEBUG org.asynchttpclient.netty.channel.ChannelManager - Adding key: http://localhost:60542 for channel [id: 0x00ae3b5a, L:/127.0.0.1:60796 - R:localhost/127.0.0.1:60542]
  &amp#27;[32mGiven &amp#27;[0m&amp#27;[32mi access the web&amp#27;[0m                                                             &amp#27;[90m# starter.stepdefinitions.registerSteps.iAccessTheWeb()&amp#27;[0m
16:05:32.191 [Forwarding screenshot on session 577cdd868c58ef6b29ec2b3940668d6a to remote] DEBUG org.asynchttpclient.netty.request.NettyRequestSender - Using pooled Channel '[id: 0x00ae3b5a, L:/127.0.0.1:60796 - R:localhost/127.0.0.1:60542]' for 'GET' to 'http://localhost:60542/session/577cdd868c58ef6b29ec2b3940668d6a/screenshot'
16:05:32.191 [Forwarding screenshot on session 577cdd868c58ef6b29ec2b3940668d6a to remote] DEBUG org.asynchttpclient.netty.request.NettyRequestSender - Using open Channel [id: 0x00ae3b5a, L:/127.0.0.1:60796 - R:localhost/127.0.0.1:60542] for GET '/session/577cdd868c58ef6b29ec2b3940668d6a/screenshot'
16:05:32.541 [AsyncHttpClient-1-9] DEBUG org.asynchttpclient.netty.handler.HttpHandler - 

Request DefaultFullHttpRequest(decodeResult: success, version: HTTP/1.1, content: EmptyByteBufBE)
GET /session/577cdd868c58ef6b29ec2b3940668d6a/screenshot HTTP/1.1
User-Agent: selenium/4.1.2 (java windows)
Cache-Control: no-cache
Content-Type: application/json; charset=utf-8
host: localhost:60542
accept: */*

Response DefaultHttpResponse(decodeResult: success, version: HTTP/1.1)
HTTP/1.1 200 OK
Content-Type: application/json; charset=utf-8
cache-control: no-cache
content-length: 354376

16:05:32.541 [AsyncHttpClient-1-9] DEBUG org.asynchttpclient.netty.channel.ChannelManager - Adding key: http://localhost:60542 for channel [id: 0x00ae3b5a, L:/127.0.0.1:60796 - R:localhost/127.0.0.1:60542]
16:05:32.559 [main] DEBUG net.serenitybdd.core.photography.Darkroom - Send negative for processing for target\site\serenity\4660354df54a12fcd895682f5709ada0fe64cb7be35e163b54bdc9c5bb06ca8f.png
16:05:32.561 [Forwarding findElement on session 577cdd868c58ef6b29ec2b3940668d6a to remote] DEBUG org.asynchttpclient.netty.request.NettyRequestSender - Using pooled Channel '[id: 0x00ae3b5a, L:/127.0.0.1:60796 - R:localhost/127.0.0.1:60542]' for 'POST' to 'http://localhost:60542/session/577cdd868c58ef6b29ec2b3940668d6a/element'
16:05:32.561 [Forwarding findElement on session 577cdd868c58ef6b29ec2b3940668d6a to remote] DEBUG org.asynchttpclient.netty.request.NettyRequestSender - Using open Channel [id: 0x00ae3b5a, L:/127.0.0.1:60796 - R:localhost/127.0.0.1:60542] for POST '/session/577cdd868c58ef6b29ec2b3940668d6a/element'
16:05:32.601 [AsyncHttpClient-1-9] DEBUG org.asynchttpclient.netty.handler.HttpHandler - 

Request DefaultHttpRequest(decodeResult: success, version: HTTP/1.1)
POST /session/577cdd868c58ef6b29ec2b3940668d6a/element HTTP/1.1
User-Agent: selenium/4.1.2 (java windows)
Content-Length: 55
Content-Type: application/json; charset=utf-8
host: localhost:60542
accept: */*

Response DefaultHttpResponse(decodeResult: success, version: HTTP/1.1)
HTTP/1.1 200 OK
Content-Type: application/json; charset=utf-8
cache-control: no-cache
content-length: 88

16:05:32.601 [AsyncHttpClient-1-9] DEBUG org.asynchttpclient.netty.channel.ChannelManager - Adding key: http://localhost:60542 for channel [id: 0x00ae3b5a, L:/127.0.0.1:60796 - R:localhost/127.0.0.1:60542]
16:05:32.601 [Forwarding isElementDisplayed on session 577cdd868c58ef6b29ec2b3940668d6a to remote] DEBUG org.asynchttpclient.netty.request.NettyRequestSender - Using pooled Channel '[id: 0x00ae3b5a, L:/127.0.0.1:60796 - R:localhost/127.0.0.1:60542]' for 'POST' to 'http://localhost:60542/session/577cdd868c58ef6b29ec2b3940668d6a/execute/sync'
16:05:32.601 [Forwarding isElementDisplayed on session 577cdd868c58ef6b29ec2b3940668d6a to remote] DEBUG org.asynchttpclient.netty.request.NettyRequestSender - Using open Channel [id: 0x00ae3b5a, L:/127.0.0.1:60796 - R:localhost/127.0.0.1:60542] for POST '/session/577cdd868c58ef6b29ec2b3940668d6a/execute/sync'
16:05:32.622 [AsyncHttpClient-1-1] DEBUG org.asynchttpclient.netty.channel.DefaultChannelPool - Entry count for : http://localhost:60797 : 1
16:05:32.652 [AsyncHttpClient-1-9] DEBUG org.asynchttpclient.netty.handler.HttpHandler - 

Request DefaultHttpRequest(decodeResult: success, version: HTTP/1.1)
POST /session/577cdd868c58ef6b29ec2b3940668d6a/execute/sync HTTP/1.1
User-Agent: selenium/4.1.2 (java windows)
Content-Length: 48780
Content-Type: application/json; charset=utf-8
host: localhost:60542
accept: */*

Response DefaultHttpResponse(decodeResult: success, version: HTTP/1.1)
HTTP/1.1 200 OK
Content-Type: application/json; charset=utf-8
cache-control: no-cache
content-length: 14

16:05:32.652 [AsyncHttpClient-1-9] DEBUG org.asynchttpclient.netty.channel.ChannelManager - Adding key: http://localhost:60542 for channel [id: 0x00ae3b5a, L:/127.0.0.1:60796 - R:localhost/127.0.0.1:60542]
16:05:32.657 [Forwarding findElement on session 577cdd868c58ef6b29ec2b3940668d6a to remote] DEBUG org.asynchttpclient.netty.request.NettyRequestSender - Using pooled Channel '[id: 0x00ae3b5a, L:/127.0.0.1:60796 - R:localhost/127.0.0.1:60542]' for 'POST' to 'http://localhost:60542/session/577cdd868c58ef6b29ec2b3940668d6a/element'
16:05:32.657 [Forwarding findElement on session 577cdd868c58ef6b29ec2b3940668d6a to remote] DEBUG org.asynchttpclient.netty.request.NettyRequestSender - Using open Channel [id: 0x00ae3b5a, L:/127.0.0.1:60796 - R:localhost/127.0.0.1:60542] for POST '/session/577cdd868c58ef6b29ec2b3940668d6a/element'
16:05:32.701 [AsyncHttpClient-1-9] DEBUG org.asynchttpclient.netty.handler.HttpHandler - 

Request DefaultHttpRequest(decodeResult: success, version: HTTP/1.1)
POST /session/577cdd868c58ef6b29ec2b3940668d6a/element HTTP/1.1
User-Agent: selenium/4.1.2 (java windows)
Content-Length: 72
Content-Type: application/json; charset=utf-8
host: localhost:60542
accept: */*

Response DefaultHttpResponse(decodeResult: success, version: HTTP/1.1)
HTTP/1.1 200 OK
Content-Type: application/json; charset=utf-8
cache-control: no-cache
content-length: 88

16:05:32.701 [AsyncHttpClient-1-9] DEBUG org.asynchttpclient.netty.channel.ChannelManager - Adding key: http://localhost:60542 for channel [id: 0x00ae3b5a, L:/127.0.0.1:60796 - R:localhost/127.0.0.1:60542]
16:05:32.701 [Forwarding getElementTagName on session 577cdd868c58ef6b29ec2b3940668d6a to remote] DEBUG org.asynchttpclient.netty.request.NettyRequestSender - Using pooled Channel '[id: 0x00ae3b5a, L:/127.0.0.1:60796 - R:localhost/127.0.0.1:60542]' for 'GET' to 'http://localhost:60542/session/577cdd868c58ef6b29ec2b3940668d6a/element/442fe2f7-c7e1-4415-b9ae-2b372f70dd4f/name'
16:05:32.701 [Forwarding getElementTagName on session 577cdd868c58ef6b29ec2b3940668d6a to remote] DEBUG org.asynchttpclient.netty.request.NettyRequestSender - Using open Channel [id: 0x00ae3b5a, L:/127.0.0.1:60796 - R:localhost/127.0.0.1:60542] for GET '/session/577cdd868c58ef6b29ec2b3940668d6a/element/442fe2f7-c7e1-4415-b9ae-2b372f70dd4f/name'
16:05:32.751 [AsyncHttpClient-1-9] DEBUG org.asynchttpclient.netty.handler.HttpHandler - 

Request DefaultFullHttpRequest(decodeResult: success, version: HTTP/1.1, content: EmptyByteBufBE)
GET /session/577cdd868c58ef6b29ec2b3940668d6a/element/442fe2f7-c7e1-4415-b9ae-2b372f70dd4f/name HTTP/1.1
User-Agent: selenium/4.1.2 (java windows)
Cache-Control: no-cache
Content-Type: application/json; charset=utf-8
host: localhost:60542
accept: */*

Response DefaultHttpResponse(decodeResult: success, version: HTTP/1.1)
HTTP/1.1 200 OK
Content-Type: application/json; charset=utf-8
cache-control: no-cache
content-length: 13

16:05:32.751 [AsyncHttpClient-1-9] DEBUG org.asynchttpclient.netty.channel.ChannelManager - Adding key: http://localhost:60542 for channel [id: 0x00ae3b5a, L:/127.0.0.1:60796 - R:localhost/127.0.0.1:60542]
16:05:32.751 [Forwarding getElementTagName on session 577cdd868c58ef6b29ec2b3940668d6a to remote] DEBUG org.asynchttpclient.netty.request.NettyRequestSender - Using pooled Channel '[id: 0x00ae3b5a, L:/127.0.0.1:60796 - R:localhost/127.0.0.1:60542]' for 'GET' to 'http://localhost:60542/session/577cdd868c58ef6b29ec2b3940668d6a/element/442fe2f7-c7e1-4415-b9ae-2b372f70dd4f/name'
16:05:32.751 [Forwarding getElementTagName on session 577cdd868c58ef6b29ec2b3940668d6a to remote] DEBUG org.asynchttpclient.netty.request.NettyRequestSender - Using open Channel [id: 0x00ae3b5a, L:/127.0.0.1:60796 - R:localhost/127.0.0.1:60542] for GET '/session/577cdd868c58ef6b29ec2b3940668d6a/element/442fe2f7-c7e1-4415-b9ae-2b372f70dd4f/name'
16:05:32.798 [AsyncHttpClient-1-9] DEBUG org.asynchttpclient.netty.handler.HttpHandler - 

Request DefaultFullHttpRequest(decodeResult: success, version: HTTP/1.1, content: EmptyByteBufBE)
GET /session/577cdd868c58ef6b29ec2b3940668d6a/element/442fe2f7-c7e1-4415-b9ae-2b372f70dd4f/name HTTP/1.1
User-Agent: selenium/4.1.2 (java windows)
Cache-Control: no-cache
Content-Type: application/json; charset=utf-8
host: localhost:60542
accept: */*

Response DefaultHttpResponse(decodeResult: success, version: HTTP/1.1)
HTTP/1.1 200 OK
Content-Type: application/json; charset=utf-8
cache-control: no-cache
content-length: 13

16:05:32.798 [AsyncHttpClient-1-9] DEBUG org.asynchttpclient.netty.channel.ChannelManager - Adding key: http://localhost:60542 for channel [id: 0x00ae3b5a, L:/127.0.0.1:60796 - R:localhost/127.0.0.1:60542]
16:05:32.798 [Forwarding findElement on session 577cdd868c58ef6b29ec2b3940668d6a to remote] DEBUG org.asynchttpclient.netty.request.NettyRequestSender - Using pooled Channel '[id: 0x00ae3b5a, L:/127.0.0.1:60796 - R:localhost/127.0.0.1:60542]' for 'POST' to 'http://localhost:60542/session/577cdd868c58ef6b29ec2b3940668d6a/element'
16:05:32.798 [Forwarding findElement on session 577cdd868c58ef6b29ec2b3940668d6a to remote] DEBUG org.asynchttpclient.netty.request.NettyRequestSender - Using open Channel [id: 0x00ae3b5a, L:/127.0.0.1:60796 - R:localhost/127.0.0.1:60542] for POST '/session/577cdd868c58ef6b29ec2b3940668d6a/element'
16:05:32.852 [AsyncHttpClient-1-9] DEBUG org.asynchttpclient.netty.handler.HttpHandler - 

Request DefaultHttpRequest(decodeResult: success, version: HTTP/1.1)
POST /session/577cdd868c58ef6b29ec2b3940668d6a/element HTTP/1.1
User-Agent: selenium/4.1.2 (java windows)
Content-Length: 72
Content-Type: application/json; charset=utf-8
host: localhost:60542
accept: */*

Response DefaultHttpResponse(decodeResult: success, version: HTTP/1.1)
HTTP/1.1 200 OK
Content-Type: application/json; charset=utf-8
cache-control: no-cache
content-length: 88

16:05:32.852 [AsyncHttpClient-1-9] DEBUG org.asynchttpclient.netty.channel.ChannelManager - Adding key: http://localhost:60542 for channel [id: 0x00ae3b5a, L:/127.0.0.1:60796 - R:localhost/127.0.0.1:60542]
16:05:32.852 [Forwarding clickElement on session 577cdd868c58ef6b29ec2b3940668d6a to remote] DEBUG org.asynchttpclient.netty.request.NettyRequestSender - Using pooled Channel '[id: 0x00ae3b5a, L:/127.0.0.1:60796 - R:localhost/127.0.0.1:60542]' for 'POST' to 'http://localhost:60542/session/577cdd868c58ef6b29ec2b3940668d6a/element/442fe2f7-c7e1-4415-b9ae-2b372f70dd4f/click'
16:05:32.852 [Forwarding clickElement on session 577cdd868c58ef6b29ec2b3940668d6a to remote] DEBUG org.asynchttpclient.netty.request.NettyRequestSender - Using open Channel [id: 0x00ae3b5a, L:/127.0.0.1:60796 - R:localhost/127.0.0.1:60542] for POST '/session/577cdd868c58ef6b29ec2b3940668d6a/element/442fe2f7-c7e1-4415-b9ae-2b372f70dd4f/click'
16:05:33.017 [AsyncHttpClient-1-9] DEBUG org.asynchttpclient.netty.handler.HttpHandler - 

Request DefaultHttpRequest(decodeResult: success, version: HTTP/1.1)
POST /session/577cdd868c58ef6b29ec2b3940668d6a/element/442fe2f7-c7e1-4415-b9ae-2b372f70dd4f/click HTTP/1.1
User-Agent: selenium/4.1.2 (java windows)
Content-Length: 50
Content-Type: application/json; charset=utf-8
host: localhost:60542
accept: */*

Response DefaultHttpResponse(decodeResult: success, version: HTTP/1.1)
HTTP/1.1 200 OK
Content-Type: application/json; charset=utf-8
cache-control: no-cache
content-length: 14

16:05:33.017 [AsyncHttpClient-1-9] DEBUG org.asynchttpclient.netty.channel.ChannelManager - Adding key: http://localhost:60542 for channel [id: 0x00ae3b5a, L:/127.0.0.1:60796 - R:localhost/127.0.0.1:60542]
  &amp#27;[32mWhen &amp#27;[0m&amp#27;[32mi click get started&amp#27;[0m                                                           &amp#27;[90m# starter.stepdefinitions.registerSteps.iClickGetStarted()&amp#27;[0m
16:05:33.021 [Forwarding screenshot on session 577cdd868c58ef6b29ec2b3940668d6a to remote] DEBUG org.asynchttpclient.netty.request.NettyRequestSender - Using pooled Channel '[id: 0x00ae3b5a, L:/127.0.0.1:60796 - R:localhost/127.0.0.1:60542]' for 'GET' to 'http://localhost:60542/session/577cdd868c58ef6b29ec2b3940668d6a/screenshot'
16:05:33.021 [Forwarding screenshot on session 577cdd868c58ef6b29ec2b3940668d6a to remote] DEBUG org.asynchttpclient.netty.request.NettyRequestSender - Using open Channel [id: 0x00ae3b5a, L:/127.0.0.1:60796 - R:localhost/127.0.0.1:60542] for GET '/session/577cdd868c58ef6b29ec2b3940668d6a/screenshot'
16:05:33.389 [AsyncHttpClient-1-9] DEBUG org.asynchttpclient.netty.handler.HttpHandler - 

Request DefaultFullHttpRequest(decodeResult: success, version: HTTP/1.1, content: EmptyByteBufBE)
GET /session/577cdd868c58ef6b29ec2b3940668d6a/screenshot HTTP/1.1
User-Agent: selenium/4.1.2 (java windows)
Cache-Control: no-cache
Content-Type: application/json; charset=utf-8
host: localhost:60542
accept: */*

Response DefaultHttpResponse(decodeResult: success, version: HTTP/1.1)
HTTP/1.1 200 OK
Content-Type: application/json; charset=utf-8
cache-control: no-cache
content-length: 111084

16:05:33.389 [AsyncHttpClient-1-9] DEBUG org.asynchttpclient.netty.channel.ChannelManager - Adding key: http://localhost:60542 for channel [id: 0x00ae3b5a, L:/127.0.0.1:60796 - R:localhost/127.0.0.1:60542]
16:05:33.389 [main] DEBUG net.serenitybdd.core.photography.Darkroom - Send negative for processing for target\site\serenity\7761a33c94f8df4c2da138897b51cf7bb5d7b1ae53ad6e7d58e97f4d6bc2272e.png
16:05:33.389 [Darkroom Processing Line] DEBUG net.serenitybdd.core.photography.DarkroomProcessingLine - Processing screenshot image in /var/screenshots/screenshot-8060375032039456342
16:05:33.397 [Darkroom Processing Line] DEBUG net.serenitybdd.core.photography.DarkroomProcessingLine - Saving screenshot to target\site\serenity\7761a33c94f8df4c2da138897b51cf7bb5d7b1ae53ad6e7d58e97f4d6bc2272e.png
16:05:33.406 [Forwarding findElement on session 577cdd868c58ef6b29ec2b3940668d6a to remote] DEBUG org.asynchttpclient.netty.request.NettyRequestSender - Using pooled Channel '[id: 0x00ae3b5a, L:/127.0.0.1:60796 - R:localhost/127.0.0.1:60542]' for 'POST' to 'http://localhost:60542/session/577cdd868c58ef6b29ec2b3940668d6a/element'
16:05:33.406 [Forwarding findElement on session 577cdd868c58ef6b29ec2b3940668d6a to remote] DEBUG org.asynchttpclient.netty.request.NettyRequestSender - Using open Channel [id: 0x00ae3b5a, L:/127.0.0.1:60796 - R:localhost/127.0.0.1:60542] for POST '/session/577cdd868c58ef6b29ec2b3940668d6a/element'
16:05:33.421 [AsyncHttpClient-1-9] DEBUG org.asynchttpclient.netty.handler.HttpHandler - 

Request DefaultHttpRequest(decodeResult: success, version: HTTP/1.1)
POST /session/577cdd868c58ef6b29ec2b3940668d6a/element HTTP/1.1
User-Agent: selenium/4.1.2 (java windows)
Content-Length: 68
Content-Type: application/json; charset=utf-8
host: localhost:60542
accept: */*

Response DefaultHttpResponse(decodeResult: success, version: HTTP/1.1)
HTTP/1.1 200 OK
Content-Type: application/json; charset=utf-8
cache-control: no-cache
content-length: 88

16:05:33.421 [AsyncHttpClient-1-9] DEBUG org.asynchttpclient.netty.channel.ChannelManager - Adding key: http://localhost:60542 for channel [id: 0x00ae3b5a, L:/127.0.0.1:60796 - R:localhost/127.0.0.1:60542]
16:05:33.421 [Forwarding getElementTagName on session 577cdd868c58ef6b29ec2b3940668d6a to remote] DEBUG org.asynchttpclient.netty.request.NettyRequestSender - Using pooled Channel '[id: 0x00ae3b5a, L:/127.0.0.1:60796 - R:localhost/127.0.0.1:60542]' for 'GET' to 'http://localhost:60542/session/577cdd868c58ef6b29ec2b3940668d6a/element/3fe2cb11-03a3-4af0-9251-8764d9fb452e/name'
16:05:33.421 [Forwarding getElementTagName on session 577cdd868c58ef6b29ec2b3940668d6a to remote] DEBUG org.asynchttpclient.netty.request.NettyRequestSender - Using open Channel [id: 0x00ae3b5a, L:/127.0.0.1:60796 - R:localhost/127.0.0.1:60542] for GET '/session/577cdd868c58ef6b29ec2b3940668d6a/element/3fe2cb11-03a3-4af0-9251-8764d9fb452e/name'
16:05:33.429 [AsyncHttpClient-1-9] DEBUG org.asynchttpclient.netty.handler.HttpHandler - 

Request DefaultFullHttpRequest(decodeResult: success, version: HTTP/1.1, content: EmptyByteBufBE)
GET /session/577cdd868c58ef6b29ec2b3940668d6a/element/3fe2cb11-03a3-4af0-9251-8764d9fb452e/name HTTP/1.1
User-Agent: selenium/4.1.2 (java windows)
Cache-Control: no-cache
Content-Type: application/json; charset=utf-8
host: localhost:60542
accept: */*

Response DefaultHttpResponse(decodeResult: success, version: HTTP/1.1)
HTTP/1.1 200 OK
Content-Type: application/json; charset=utf-8
cache-control: no-cache
content-length: 13

16:05:33.429 [AsyncHttpClient-1-9] DEBUG org.asynchttpclient.netty.channel.ChannelManager - Adding key: http://localhost:60542 for channel [id: 0x00ae3b5a, L:/127.0.0.1:60796 - R:localhost/127.0.0.1:60542]
16:05:33.429 [Forwarding getElementTagName on session 577cdd868c58ef6b29ec2b3940668d6a to remote] DEBUG org.asynchttpclient.netty.request.NettyRequestSender - Using pooled Channel '[id: 0x00ae3b5a, L:/127.0.0.1:60796 - R:localhost/127.0.0.1:60542]' for 'GET' to 'http://localhost:60542/session/577cdd868c58ef6b29ec2b3940668d6a/element/3fe2cb11-03a3-4af0-9251-8764d9fb452e/name'
16:05:33.429 [Forwarding getElementTagName on session 577cdd868c58ef6b29ec2b3940668d6a to remote] DEBUG org.asynchttpclient.netty.request.NettyRequestSender - Using open Channel [id: 0x00ae3b5a, L:/127.0.0.1:60796 - R:localhost/127.0.0.1:60542] for GET '/session/577cdd868c58ef6b29ec2b3940668d6a/element/3fe2cb11-03a3-4af0-9251-8764d9fb452e/name'
16:05:33.433 [AsyncHttpClient-1-9] DEBUG org.asynchttpclient.netty.handler.HttpHandler - 

Request DefaultFullHttpRequest(decodeResult: success, version: HTTP/1.1, content: EmptyByteBufBE)
GET /session/577cdd868c58ef6b29ec2b3940668d6a/element/3fe2cb11-03a3-4af0-9251-8764d9fb452e/name HTTP/1.1
User-Agent: selenium/4.1.2 (java windows)
Cache-Control: no-cache
Content-Type: application/json; charset=utf-8
host: localhost:60542
accept: */*

Response DefaultHttpResponse(decodeResult: success, version: HTTP/1.1)
HTTP/1.1 200 OK
Content-Type: application/json; charset=utf-8
cache-control: no-cache
content-length: 13

16:05:33.433 [AsyncHttpClient-1-9] DEBUG org.asynchttpclient.netty.channel.ChannelManager - Adding key: http://localhost:60542 for channel [id: 0x00ae3b5a, L:/127.0.0.1:60796 - R:localhost/127.0.0.1:60542]
16:05:33.433 [Forwarding findElement on session 577cdd868c58ef6b29ec2b3940668d6a to remote] DEBUG org.asynchttpclient.netty.request.NettyRequestSender - Using pooled Channel '[id: 0x00ae3b5a, L:/127.0.0.1:60796 - R:localhost/127.0.0.1:60542]' for 'POST' to 'http://localhost:60542/session/577cdd868c58ef6b29ec2b3940668d6a/element'
16:05:33.433 [Forwarding findElement on session 577cdd868c58ef6b29ec2b3940668d6a to remote] DEBUG org.asynchttpclient.netty.request.NettyRequestSender - Using open Channel [id: 0x00ae3b5a, L:/127.0.0.1:60796 - R:localhost/127.0.0.1:60542] for POST '/session/577cdd868c58ef6b29ec2b3940668d6a/element'
16:05:33.459 [AsyncHttpClient-1-9] DEBUG org.asynchttpclient.netty.handler.HttpHandler - 

Request DefaultHttpRequest(decodeResult: success, version: HTTP/1.1)
POST /session/577cdd868c58ef6b29ec2b3940668d6a/element HTTP/1.1
User-Agent: selenium/4.1.2 (java windows)
Content-Length: 68
Content-Type: application/json; charset=utf-8
host: localhost:60542
accept: */*

Response DefaultHttpResponse(decodeResult: success, version: HTTP/1.1)
HTTP/1.1 200 OK
Content-Type: application/json; charset=utf-8
cache-control: no-cache
content-length: 88

16:05:33.459 [AsyncHttpClient-1-9] DEBUG org.asynchttpclient.netty.channel.ChannelManager - Adding key: http://localhost:60542 for channel [id: 0x00ae3b5a, L:/127.0.0.1:60796 - R:localhost/127.0.0.1:60542]
16:05:33.459 [Forwarding clickElement on session 577cdd868c58ef6b29ec2b3940668d6a to remote] DEBUG org.asynchttpclient.netty.request.NettyRequestSender - Using pooled Channel '[id: 0x00ae3b5a, L:/127.0.0.1:60796 - R:localhost/127.0.0.1:60542]' for 'POST' to 'http://localhost:60542/session/577cdd868c58ef6b29ec2b3940668d6a/element/3fe2cb11-03a3-4af0-9251-8764d9fb452e/click'
16:05:33.459 [Forwarding clickElement on session 577cdd868c58ef6b29ec2b3940668d6a to remote] DEBUG org.asynchttpclient.netty.request.NettyRequestSender - Using open Channel [id: 0x00ae3b5a, L:/127.0.0.1:60796 - R:localhost/127.0.0.1:60542] for POST '/session/577cdd868c58ef6b29ec2b3940668d6a/element/3fe2cb11-03a3-4af0-9251-8764d9fb452e/click'
16:05:33.522 [AsyncHttpClient-1-9] DEBUG org.asynchttpclient.netty.handler.HttpHandler - 

Request DefaultHttpRequest(decodeResult: success, version: HTTP/1.1)
POST /session/577cdd868c58ef6b29ec2b3940668d6a/element/3fe2cb11-03a3-4af0-9251-8764d9fb452e/click HTTP/1.1
User-Agent: selenium/4.1.2 (java windows)
Content-Length: 50
Content-Type: application/json; charset=utf-8
host: localhost:60542
accept: */*

Response DefaultHttpResponse(decodeResult: success, version: HTTP/1.1)
HTTP/1.1 200 OK
Content-Type: application/json; charset=utf-8
cache-control: no-cache
content-length: 14

16:05:33.522 [AsyncHttpClient-1-9] DEBUG org.asynchttpclient.netty.channel.ChannelManager - Adding key: http://localhost:60542 for channel [id: 0x00ae3b5a, L:/127.0.0.1:60796 - R:localhost/127.0.0.1:60542]
16:05:33.522 [Forwarding findElement on session 577cdd868c58ef6b29ec2b3940668d6a to remote] DEBUG org.asynchttpclient.netty.request.NettyRequestSender - Using pooled Channel '[id: 0x00ae3b5a, L:/127.0.0.1:60796 - R:localhost/127.0.0.1:60542]' for 'POST' to 'http://localhost:60542/session/577cdd868c58ef6b29ec2b3940668d6a/element'
16:05:33.522 [Forwarding findElement on session 577cdd868c58ef6b29ec2b3940668d6a to remote] DEBUG org.asynchttpclient.netty.request.NettyRequestSender - Using open Channel [id: 0x00ae3b5a, L:/127.0.0.1:60796 - R:localhost/127.0.0.1:60542] for POST '/session/577cdd868c58ef6b29ec2b3940668d6a/element'
16:05:33.541 [AsyncHttpClient-1-9] DEBUG org.asynchttpclient.netty.handler.HttpHandler - 

Request DefaultHttpRequest(decodeResult: success, version: HTTP/1.1)
POST /session/577cdd868c58ef6b29ec2b3940668d6a/element HTTP/1.1
User-Agent: selenium/4.1.2 (java windows)
Content-Length: 69
Content-Type: application/json; charset=utf-8
host: localhost:60542
accept: */*

Response DefaultHttpResponse(decodeResult: success, version: HTTP/1.1)
HTTP/1.1 200 OK
Content-Type: application/json; charset=utf-8
cache-control: no-cache
content-length: 88

16:05:33.541 [AsyncHttpClient-1-9] DEBUG org.asynchttpclient.netty.channel.ChannelManager - Adding key: http://localhost:60542 for channel [id: 0x00ae3b5a, L:/127.0.0.1:60796 - R:localhost/127.0.0.1:60542]
16:05:33.549 [Forwarding isElementDisplayed on session 577cdd868c58ef6b29ec2b3940668d6a to remote] DEBUG org.asynchttpclient.netty.request.NettyRequestSender - Using pooled Channel '[id: 0x00ae3b5a, L:/127.0.0.1:60796 - R:localhost/127.0.0.1:60542]' for 'POST' to 'http://localhost:60542/session/577cdd868c58ef6b29ec2b3940668d6a/execute/sync'
16:05:33.549 [Forwarding isElementDisplayed on session 577cdd868c58ef6b29ec2b3940668d6a to remote] DEBUG org.asynchttpclient.netty.request.NettyRequestSender - Using open Channel [id: 0x00ae3b5a, L:/127.0.0.1:60796 - R:localhost/127.0.0.1:60542] for POST '/session/577cdd868c58ef6b29ec2b3940668d6a/execute/sync'
16:05:33.568 [AsyncHttpClient-1-9] DEBUG org.asynchttpclient.netty.handler.HttpHandler - 

Request DefaultHttpRequest(decodeResult: success, version: HTTP/1.1)
POST /session/577cdd868c58ef6b29ec2b3940668d6a/execute/sync HTTP/1.1
User-Agent: selenium/4.1.2 (java windows)
Content-Length: 48780
Content-Type: application/json; charset=utf-8
host: localhost:60542
accept: */*

Response DefaultHttpResponse(decodeResult: success, version: HTTP/1.1)
HTTP/1.1 200 OK
Content-Type: application/json; charset=utf-8
cache-control: no-cache
content-length: 14

16:05:33.568 [AsyncHttpClient-1-9] DEBUG org.asynchttpclient.netty.channel.ChannelManager - Adding key: http://localhost:60542 for channel [id: 0x00ae3b5a, L:/127.0.0.1:60796 - R:localhost/127.0.0.1:60542]
  &amp#27;[32mAnd &amp#27;[0m&amp#27;[32mi click sign up&amp#27;[0m                                                                &amp#27;[90m# starter.stepdefinitions.registerSteps.iClickSignUp()&amp#27;[0m
16:05:33.568 [Forwarding screenshot on session 577cdd868c58ef6b29ec2b3940668d6a to remote] DEBUG org.asynchttpclient.netty.request.NettyRequestSender - Using pooled Channel '[id: 0x00ae3b5a, L:/127.0.0.1:60796 - R:localhost/127.0.0.1:60542]' for 'GET' to 'http://localhost:60542/session/577cdd868c58ef6b29ec2b3940668d6a/screenshot'
16:05:33.568 [Forwarding screenshot on session 577cdd868c58ef6b29ec2b3940668d6a to remote] DEBUG org.asynchttpclient.netty.request.NettyRequestSender - Using open Channel [id: 0x00ae3b5a, L:/127.0.0.1:60796 - R:localhost/127.0.0.1:60542] for GET '/session/577cdd868c58ef6b29ec2b3940668d6a/screenshot'
16:05:33.728 [AsyncHttpClient-1-1] DEBUG org.asynchttpclient.netty.channel.DefaultChannelPool - Entry count for : http://localhost:60797 : 1
16:05:33.828 [AsyncHttpClient-1-9] DEBUG org.asynchttpclient.netty.handler.HttpHandler - 

Request DefaultFullHttpRequest(decodeResult: success, version: HTTP/1.1, content: EmptyByteBufBE)
GET /session/577cdd868c58ef6b29ec2b3940668d6a/screenshot HTTP/1.1
User-Agent: selenium/4.1.2 (java windows)
Cache-Control: no-cache
Content-Type: application/json; charset=utf-8
host: localhost:60542
accept: */*

Response DefaultHttpResponse(decodeResult: success, version: HTTP/1.1)
HTTP/1.1 200 OK
Content-Type: application/json; charset=utf-8
cache-control: no-cache
content-length: 81268

16:05:33.828 [AsyncHttpClient-1-9] DEBUG org.asynchttpclient.netty.channel.ChannelManager - Adding key: http://localhost:60542 for channel [id: 0x00ae3b5a, L:/127.0.0.1:60796 - R:localhost/127.0.0.1:60542]
16:05:33.828 [main] DEBUG net.serenitybdd.core.photography.Darkroom - Send negative for processing for target\site\serenity\9ee64a99e1ee3c78bc362d10b0992341da523931da2c6027e15dbc0989e76960.png
16:05:33.828 [Darkroom Processing Line] DEBUG net.serenitybdd.core.photography.DarkroomProcessingLine - Processing screenshot image in /var/screenshots/screenshot-1384374034068670746
16:05:33.828 [Darkroom Processing Line] DEBUG net.serenitybdd.core.photography.DarkroomProcessingLine - Saving screenshot to target\site\serenity\9ee64a99e1ee3c78bc362d10b0992341da523931da2c6027e15dbc0989e76960.png
16:05:33.836 [Forwarding findElement on session 577cdd868c58ef6b29ec2b3940668d6a to remote] DEBUG org.asynchttpclient.netty.request.NettyRequestSender - Using pooled Channel '[id: 0x00ae3b5a, L:/127.0.0.1:60796 - R:localhost/127.0.0.1:60542]' for 'POST' to 'http://localhost:60542/session/577cdd868c58ef6b29ec2b3940668d6a/element'
16:05:33.836 [Forwarding findElement on session 577cdd868c58ef6b29ec2b3940668d6a to remote] DEBUG org.asynchttpclient.netty.request.NettyRequestSender - Using open Channel [id: 0x00ae3b5a, L:/127.0.0.1:60796 - R:localhost/127.0.0.1:60542] for POST '/session/577cdd868c58ef6b29ec2b3940668d6a/element'
16:05:33.852 [AsyncHttpClient-1-9] DEBUG org.asynchttpclient.netty.handler.HttpHandler - 

Request DefaultHttpRequest(decodeResult: success, version: HTTP/1.1)
POST /session/577cdd868c58ef6b29ec2b3940668d6a/element HTTP/1.1
User-Agent: selenium/4.1.2 (java windows)
Content-Length: 66
Content-Type: application/json; charset=utf-8
host: localhost:60542
accept: */*

Response DefaultHttpResponse(decodeResult: success, version: HTTP/1.1)
HTTP/1.1 200 OK
Content-Type: application/json; charset=utf-8
cache-control: no-cache
content-length: 88

16:05:33.852 [AsyncHttpClient-1-9] DEBUG org.asynchttpclient.netty.channel.ChannelManager - Adding key: http://localhost:60542 for channel [id: 0x00ae3b5a, L:/127.0.0.1:60796 - R:localhost/127.0.0.1:60542]
16:05:33.852 [Forwarding clearElement on session 577cdd868c58ef6b29ec2b3940668d6a to remote] DEBUG org.asynchttpclient.netty.request.NettyRequestSender - Using pooled Channel '[id: 0x00ae3b5a, L:/127.0.0.1:60796 - R:localhost/127.0.0.1:60542]' for 'POST' to 'http://localhost:60542/session/577cdd868c58ef6b29ec2b3940668d6a/element/da917cf5-3c05-44cd-9477-f44e61ea25ef/clear'
16:05:33.852 [Forwarding clearElement on session 577cdd868c58ef6b29ec2b3940668d6a to remote] DEBUG org.asynchttpclient.netty.request.NettyRequestSender - Using open Channel [id: 0x00ae3b5a, L:/127.0.0.1:60796 - R:localhost/127.0.0.1:60542] for POST '/session/577cdd868c58ef6b29ec2b3940668d6a/element/da917cf5-3c05-44cd-9477-f44e61ea25ef/clear'
16:05:33.888 [AsyncHttpClient-1-9] DEBUG org.asynchttpclient.netty.handler.HttpHandler - 

Request DefaultHttpRequest(decodeResult: success, version: HTTP/1.1)
POST /session/577cdd868c58ef6b29ec2b3940668d6a/element/da917cf5-3c05-44cd-9477-f44e61ea25ef/clear HTTP/1.1
User-Agent: selenium/4.1.2 (java windows)
Content-Length: 50
Content-Type: application/json; charset=utf-8
host: localhost:60542
accept: */*

Response DefaultHttpResponse(decodeResult: success, version: HTTP/1.1)
HTTP/1.1 200 OK
Content-Type: application/json; charset=utf-8
cache-control: no-cache
content-length: 14

16:05:33.888 [AsyncHttpClient-1-9] DEBUG org.asynchttpclient.netty.channel.ChannelManager - Adding key: http://localhost:60542 for channel [id: 0x00ae3b5a, L:/127.0.0.1:60796 - R:localhost/127.0.0.1:60542]
16:05:33.888 [Forwarding sendKeysToElement on session 577cdd868c58ef6b29ec2b3940668d6a to remote] DEBUG org.asynchttpclient.netty.request.NettyRequestSender - Using pooled Channel '[id: 0x00ae3b5a, L:/127.0.0.1:60796 - R:localhost/127.0.0.1:60542]' for 'POST' to 'http://localhost:60542/session/577cdd868c58ef6b29ec2b3940668d6a/element/da917cf5-3c05-44cd-9477-f44e61ea25ef/value'
16:05:33.888 [Forwarding sendKeysToElement on session 577cdd868c58ef6b29ec2b3940668d6a to remote] DEBUG org.asynchttpclient.netty.request.NettyRequestSender - Using open Channel [id: 0x00ae3b5a, L:/127.0.0.1:60796 - R:localhost/127.0.0.1:60542] for POST '/session/577cdd868c58ef6b29ec2b3940668d6a/element/da917cf5-3c05-44cd-9477-f44e61ea25ef/value'
16:05:33.985 [AsyncHttpClient-1-9] DEBUG org.asynchttpclient.netty.handler.HttpHandler - 

Request DefaultHttpRequest(decodeResult: success, version: HTTP/1.1)
POST /session/577cdd868c58ef6b29ec2b3940668d6a/element/da917cf5-3c05-44cd-9477-f44e61ea25ef/value HTTP/1.1
User-Agent: selenium/4.1.2 (java windows)
Content-Length: 171
Content-Type: application/json; charset=utf-8
host: localhost:60542
accept: */*

Response DefaultHttpResponse(decodeResult: success, version: HTTP/1.1)
HTTP/1.1 200 OK
Content-Type: application/json; charset=utf-8
cache-control: no-cache
content-length: 14

16:05:33.985 [AsyncHttpClient-1-9] DEBUG org.asynchttpclient.netty.channel.ChannelManager - Adding key: http://localhost:60542 for channel [id: 0x00ae3b5a, L:/127.0.0.1:60796 - R:localhost/127.0.0.1:60542]
16:05:33.989 [Forwarding findElement on session 577cdd868c58ef6b29ec2b3940668d6a to remote] DEBUG org.asynchttpclient.netty.request.NettyRequestSender - Using pooled Channel '[id: 0x00ae3b5a, L:/127.0.0.1:60796 - R:localhost/127.0.0.1:60542]' for 'POST' to 'http://localhost:60542/session/577cdd868c58ef6b29ec2b3940668d6a/element'
16:05:33.989 [Forwarding findElement on session 577cdd868c58ef6b29ec2b3940668d6a to remote] DEBUG org.asynchttpclient.netty.request.NettyRequestSender - Using open Channel [id: 0x00ae3b5a, L:/127.0.0.1:60796 - R:localhost/127.0.0.1:60542] for POST '/session/577cdd868c58ef6b29ec2b3940668d6a/element'
16:05:34.007 [AsyncHttpClient-1-9] DEBUG org.asynchttpclient.netty.handler.HttpHandler - 

Request DefaultHttpRequest(decodeResult: success, version: HTTP/1.1)
POST /session/577cdd868c58ef6b29ec2b3940668d6a/element HTTP/1.1
User-Agent: selenium/4.1.2 (java windows)
Content-Length: 63
Content-Type: application/json; charset=utf-8
host: localhost:60542
accept: */*

Response DefaultHttpResponse(decodeResult: success, version: HTTP/1.1)
HTTP/1.1 200 OK
Content-Type: application/json; charset=utf-8
cache-control: no-cache
content-length: 88

16:05:34.007 [AsyncHttpClient-1-9] DEBUG org.asynchttpclient.netty.channel.ChannelManager - Adding key: http://localhost:60542 for channel [id: 0x00ae3b5a, L:/127.0.0.1:60796 - R:localhost/127.0.0.1:60542]
16:05:34.007 [Forwarding clearElement on session 577cdd868c58ef6b29ec2b3940668d6a to remote] DEBUG org.asynchttpclient.netty.request.NettyRequestSender - Using pooled Channel '[id: 0x00ae3b5a, L:/127.0.0.1:60796 - R:localhost/127.0.0.1:60542]' for 'POST' to 'http://localhost:60542/session/577cdd868c58ef6b29ec2b3940668d6a/element/2c00ea3d-38dd-4da4-91aa-e91c59511261/clear'
16:05:34.007 [Forwarding clearElement on session 577cdd868c58ef6b29ec2b3940668d6a to remote] DEBUG org.asynchttpclient.netty.request.NettyRequestSender - Using open Channel [id: 0x00ae3b5a, L:/127.0.0.1:60796 - R:localhost/127.0.0.1:60542] for POST '/session/577cdd868c58ef6b29ec2b3940668d6a/element/2c00ea3d-38dd-4da4-91aa-e91c59511261/clear'
16:05:34.047 [AsyncHttpClient-1-9] DEBUG org.asynchttpclient.netty.handler.HttpHandler - 

Request DefaultHttpRequest(decodeResult: success, version: HTTP/1.1)
POST /session/577cdd868c58ef6b29ec2b3940668d6a/element/2c00ea3d-38dd-4da4-91aa-e91c59511261/clear HTTP/1.1
User-Agent: selenium/4.1.2 (java windows)
Content-Length: 50
Content-Type: application/json; charset=utf-8
host: localhost:60542
accept: */*

Response DefaultHttpResponse(decodeResult: success, version: HTTP/1.1)
HTTP/1.1 200 OK
Content-Type: application/json; charset=utf-8
cache-control: no-cache
content-length: 14

16:05:34.047 [AsyncHttpClient-1-9] DEBUG org.asynchttpclient.netty.channel.ChannelManager - Adding key: http://localhost:60542 for channel [id: 0x00ae3b5a, L:/127.0.0.1:60796 - R:localhost/127.0.0.1:60542]
16:05:34.047 [Forwarding sendKeysToElement on session 577cdd868c58ef6b29ec2b3940668d6a to remote] DEBUG org.asynchttpclient.netty.request.NettyRequestSender - Using pooled Channel '[id: 0x00ae3b5a, L:/127.0.0.1:60796 - R:localhost/127.0.0.1:60542]' for 'POST' to 'http://localhost:60542/session/577cdd868c58ef6b29ec2b3940668d6a/element/2c00ea3d-38dd-4da4-91aa-e91c59511261/value'
16:05:34.047 [Forwarding sendKeysToElement on session 577cdd868c58ef6b29ec2b3940668d6a to remote] DEBUG org.asynchttpclient.netty.request.NettyRequestSender - Using open Channel [id: 0x00ae3b5a, L:/127.0.0.1:60796 - R:localhost/127.0.0.1:60542] for POST '/session/577cdd868c58ef6b29ec2b3940668d6a/element/2c00ea3d-38dd-4da4-91aa-e91c59511261/value'
16:05:34.270 [AsyncHttpClient-1-9] DEBUG org.asynchttpclient.netty.handler.HttpHandler - 

Request DefaultHttpRequest(decodeResult: success, version: HTTP/1.1)
POST /session/577cdd868c58ef6b29ec2b3940668d6a/element/2c00ea3d-38dd-4da4-91aa-e91c59511261/value HTTP/1.1
User-Agent: selenium/4.1.2 (java windows)
Content-Length: 331
Content-Type: application/json; charset=utf-8
host: localhost:60542
accept: */*

Response DefaultHttpResponse(decodeResult: success, version: HTTP/1.1)
HTTP/1.1 200 OK
Content-Type: application/json; charset=utf-8
cache-control: no-cache
content-length: 14

16:05:34.270 [AsyncHttpClient-1-9] DEBUG org.asynchttpclient.netty.channel.ChannelManager - Adding key: http://localhost:60542 for channel [id: 0x00ae3b5a, L:/127.0.0.1:60796 - R:localhost/127.0.0.1:60542]
16:05:34.278 [Forwarding findElement on session 577cdd868c58ef6b29ec2b3940668d6a to remote] DEBUG org.asynchttpclient.netty.request.NettyRequestSender - Using pooled Channel '[id: 0x00ae3b5a, L:/127.0.0.1:60796 - R:localhost/127.0.0.1:60542]' for 'POST' to 'http://localhost:60542/session/577cdd868c58ef6b29ec2b3940668d6a/element'
16:05:34.278 [Forwarding findElement on session 577cdd868c58ef6b29ec2b3940668d6a to remote] DEBUG org.asynchttpclient.netty.request.NettyRequestSender - Using open Channel [id: 0x00ae3b5a, L:/127.0.0.1:60796 - R:localhost/127.0.0.1:60542] for POST '/session/577cdd868c58ef6b29ec2b3940668d6a/element'
16:05:34.289 [AsyncHttpClient-1-9] DEBUG org.asynchttpclient.netty.handler.HttpHandler - 

Request DefaultHttpRequest(decodeResult: success, version: HTTP/1.1)
POST /session/577cdd868c58ef6b29ec2b3940668d6a/element HTTP/1.1
User-Agent: selenium/4.1.2 (java windows)
Content-Length: 68
Content-Type: application/json; charset=utf-8
host: localhost:60542
accept: */*

Response DefaultHttpResponse(decodeResult: success, version: HTTP/1.1)
HTTP/1.1 200 OK
Content-Type: application/json; charset=utf-8
cache-control: no-cache
content-length: 88

16:05:34.289 [AsyncHttpClient-1-9] DEBUG org.asynchttpclient.netty.channel.ChannelManager - Adding key: http://localhost:60542 for channel [id: 0x00ae3b5a, L:/127.0.0.1:60796 - R:localhost/127.0.0.1:60542]
16:05:34.289 [Forwarding clearElement on session 577cdd868c58ef6b29ec2b3940668d6a to remote] DEBUG org.asynchttpclient.netty.request.NettyRequestSender - Using pooled Channel '[id: 0x00ae3b5a, L:/127.0.0.1:60796 - R:localhost/127.0.0.1:60542]' for 'POST' to 'http://localhost:60542/session/577cdd868c58ef6b29ec2b3940668d6a/element/43e9728c-94a1-48b4-96dc-853627a6766f/clear'
16:05:34.289 [Forwarding clearElement on session 577cdd868c58ef6b29ec2b3940668d6a to remote] DEBUG org.asynchttpclient.netty.request.NettyRequestSender - Using open Channel [id: 0x00ae3b5a, L:/127.0.0.1:60796 - R:localhost/127.0.0.1:60542] for POST '/session/577cdd868c58ef6b29ec2b3940668d6a/element/43e9728c-94a1-48b4-96dc-853627a6766f/clear'
16:05:34.340 [AsyncHttpClient-1-9] DEBUG org.asynchttpclient.netty.handler.HttpHandler - 

Request DefaultHttpRequest(decodeResult: success, version: HTTP/1.1)
POST /session/577cdd868c58ef6b29ec2b3940668d6a/element/43e9728c-94a1-48b4-96dc-853627a6766f/clear HTTP/1.1
User-Agent: selenium/4.1.2 (java windows)
Content-Length: 50
Content-Type: application/json; charset=utf-8
host: localhost:60542
accept: */*

Response DefaultHttpResponse(decodeResult: success, version: HTTP/1.1)
HTTP/1.1 200 OK
Content-Type: application/json; charset=utf-8
cache-control: no-cache
content-length: 14

16:05:34.340 [AsyncHttpClient-1-9] DEBUG org.asynchttpclient.netty.channel.ChannelManager - Adding key: http://localhost:60542 for channel [id: 0x00ae3b5a, L:/127.0.0.1:60796 - R:localhost/127.0.0.1:60542]
16:05:34.342 [Forwarding sendKeysToElement on session 577cdd868c58ef6b29ec2b3940668d6a to remote] DEBUG org.asynchttpclient.netty.request.NettyRequestSender - Using pooled Channel '[id: 0x00ae3b5a, L:/127.0.0.1:60796 - R:localhost/127.0.0.1:60542]' for 'POST' to 'http://localhost:60542/session/577cdd868c58ef6b29ec2b3940668d6a/element/43e9728c-94a1-48b4-96dc-853627a6766f/value'
16:05:34.342 [Forwarding sendKeysToElement on session 577cdd868c58ef6b29ec2b3940668d6a to remote] DEBUG org.asynchttpclient.netty.request.NettyRequestSender - Using open Channel [id: 0x00ae3b5a, L:/127.0.0.1:60796 - R:localhost/127.0.0.1:60542] for POST '/session/577cdd868c58ef6b29ec2b3940668d6a/element/43e9728c-94a1-48b4-96dc-853627a6766f/value'
16:05:34.471 [AsyncHttpClient-1-9] DEBUG org.asynchttpclient.netty.handler.HttpHandler - 

Request DefaultHttpRequest(decodeResult: success, version: HTTP/1.1)
POST /session/577cdd868c58ef6b29ec2b3940668d6a/element/43e9728c-94a1-48b4-96dc-853627a6766f/value HTTP/1.1
User-Agent: selenium/4.1.2 (java windows)
Content-Length: 211
Content-Type: application/json; charset=utf-8
host: localhost:60542
accept: */*

Response DefaultHttpResponse(decodeResult: success, version: HTTP/1.1)
HTTP/1.1 200 OK
Content-Type: application/json; charset=utf-8
cache-control: no-cache
content-length: 14

16:05:34.471 [AsyncHttpClient-1-9] DEBUG org.asynchttpclient.netty.channel.ChannelManager - Adding key: http://localhost:60542 for channel [id: 0x00ae3b5a, L:/127.0.0.1:60796 - R:localhost/127.0.0.1:60542]
16:05:34.479 [Forwarding findElement on session 577cdd868c58ef6b29ec2b3940668d6a to remote] DEBUG org.asynchttpclient.netty.request.NettyRequestSender - Using pooled Channel '[id: 0x00ae3b5a, L:/127.0.0.1:60796 - R:localhost/127.0.0.1:60542]' for 'POST' to 'http://localhost:60542/session/577cdd868c58ef6b29ec2b3940668d6a/element'
16:05:34.479 [Forwarding findElement on session 577cdd868c58ef6b29ec2b3940668d6a to remote] DEBUG org.asynchttpclient.netty.request.NettyRequestSender - Using open Channel [id: 0x00ae3b5a, L:/127.0.0.1:60796 - R:localhost/127.0.0.1:60542] for POST '/session/577cdd868c58ef6b29ec2b3940668d6a/element'
16:05:34.506 [AsyncHttpClient-1-9] DEBUG org.asynchttpclient.netty.handler.HttpHandler - 

Request DefaultHttpRequest(decodeResult: success, version: HTTP/1.1)
POST /session/577cdd868c58ef6b29ec2b3940668d6a/element HTTP/1.1
User-Agent: selenium/4.1.2 (java windows)
Content-Length: 77
Content-Type: application/json; charset=utf-8
host: localhost:60542
accept: */*

Response DefaultHttpResponse(decodeResult: success, version: HTTP/1.1)
HTTP/1.1 200 OK
Content-Type: application/json; charset=utf-8
cache-control: no-cache
content-length: 88

16:05:34.506 [AsyncHttpClient-1-9] DEBUG org.asynchttpclient.netty.channel.ChannelManager - Adding key: http://localhost:60542 for channel [id: 0x00ae3b5a, L:/127.0.0.1:60796 - R:localhost/127.0.0.1:60542]
16:05:34.506 [Forwarding clearElement on session 577cdd868c58ef6b29ec2b3940668d6a to remote] DEBUG org.asynchttpclient.netty.request.NettyRequestSender - Using pooled Channel '[id: 0x00ae3b5a, L:/127.0.0.1:60796 - R:localhost/127.0.0.1:60542]' for 'POST' to 'http://localhost:60542/session/577cdd868c58ef6b29ec2b3940668d6a/element/55c3f378-6ed9-4f69-b0e9-d4133e43f9b1/clear'
16:05:34.506 [Forwarding clearElement on session 577cdd868c58ef6b29ec2b3940668d6a to remote] DEBUG org.asynchttpclient.netty.request.NettyRequestSender - Using open Channel [id: 0x00ae3b5a, L:/127.0.0.1:60796 - R:localhost/127.0.0.1:60542] for POST '/session/577cdd868c58ef6b29ec2b3940668d6a/element/55c3f378-6ed9-4f69-b0e9-d4133e43f9b1/clear'
16:05:34.567 [AsyncHttpClient-1-9] DEBUG org.asynchttpclient.netty.handler.HttpHandler - 

Request DefaultHttpRequest(decodeResult: success, version: HTTP/1.1)
POST /session/577cdd868c58ef6b29ec2b3940668d6a/element/55c3f378-6ed9-4f69-b0e9-d4133e43f9b1/clear HTTP/1.1
User-Agent: selenium/4.1.2 (java windows)
Content-Length: 50
Content-Type: application/json; charset=utf-8
host: localhost:60542
accept: */*

Response DefaultHttpResponse(decodeResult: success, version: HTTP/1.1)
HTTP/1.1 200 OK
Content-Type: application/json; charset=utf-8
cache-control: no-cache
content-length: 14

16:05:34.567 [AsyncHttpClient-1-9] DEBUG org.asynchttpclient.netty.channel.ChannelManager - Adding key: http://localhost:60542 for channel [id: 0x00ae3b5a, L:/127.0.0.1:60796 - R:localhost/127.0.0.1:60542]
16:05:34.572 [Forwarding sendKeysToElement on session 577cdd868c58ef6b29ec2b3940668d6a to remote] DEBUG org.asynchttpclient.netty.request.NettyRequestSender - Using pooled Channel '[id: 0x00ae3b5a, L:/127.0.0.1:60796 - R:localhost/127.0.0.1:60542]' for 'POST' to 'http://localhost:60542/session/577cdd868c58ef6b29ec2b3940668d6a/element/55c3f378-6ed9-4f69-b0e9-d4133e43f9b1/value'
16:05:34.572 [Forwarding sendKeysToElement on session 577cdd868c58ef6b29ec2b3940668d6a to remote] DEBUG org.asynchttpclient.netty.request.NettyRequestSender - Using open Channel [id: 0x00ae3b5a, L:/127.0.0.1:60796 - R:localhost/127.0.0.1:60542] for POST '/session/577cdd868c58ef6b29ec2b3940668d6a/element/55c3f378-6ed9-4f69-b0e9-d4133e43f9b1/value'
16:05:34.659 [AsyncHttpClient-1-9] DEBUG org.asynchttpclient.netty.handler.HttpHandler - 

Request DefaultHttpRequest(decodeResult: success, version: HTTP/1.1)
POST /session/577cdd868c58ef6b29ec2b3940668d6a/element/55c3f378-6ed9-4f69-b0e9-d4133e43f9b1/value HTTP/1.1
User-Agent: selenium/4.1.2 (java windows)
Content-Length: 181
Content-Type: application/json; charset=utf-8
host: localhost:60542
accept: */*

Response DefaultHttpResponse(decodeResult: success, version: HTTP/1.1)
HTTP/1.1 200 OK
Content-Type: application/json; charset=utf-8
cache-control: no-cache
content-length: 14

16:05:34.659 [AsyncHttpClient-1-9] DEBUG org.asynchttpclient.netty.channel.ChannelManager - Adding key: http://localhost:60542 for channel [id: 0x00ae3b5a, L:/127.0.0.1:60796 - R:localhost/127.0.0.1:60542]
  &amp#27;[32mAnd &amp#27;[0m&amp#27;[32mi input &amp#27;[0m&amp#27;[32m&amp#27;[1m"sonyaprds"&amp#27;[0m&amp#27;[32m and &amp#27;[0m&amp#27;[32m&amp#27;[1m"sonya@gmail.com"&amp#27;[0m&amp#27;[32m and &amp#27;[0m&amp#27;[32m&amp#27;[1m"SonyaPrds1511"&amp#27;[0m&amp#27;[32m and &amp#27;[0m&amp#27;[32m&amp#27;[1m"SonyaPrds1"&amp#27;[0m &amp#27;[90m# starter.stepdefinitions.registerSteps.iInputAndAndAnd(java.lang.String,java.lang.String,java.lang.String,java.lang.String)&amp#27;[0m
16:05:34.671 [Forwarding screenshot on session 577cdd868c58ef6b29ec2b3940668d6a to remote] DEBUG org.asynchttpclient.netty.request.NettyRequestSender - Using pooled Channel '[id: 0x00ae3b5a, L:/127.0.0.1:60796 - R:localhost/127.0.0.1:60542]' for 'GET' to 'http://localhost:60542/session/577cdd868c58ef6b29ec2b3940668d6a/screenshot'
16:05:34.671 [Forwarding screenshot on session 577cdd868c58ef6b29ec2b3940668d6a to remote] DEBUG org.asynchttpclient.netty.request.NettyRequestSender - Using open Channel [id: 0x00ae3b5a, L:/127.0.0.1:60796 - R:localhost/127.0.0.1:60542] for GET '/session/577cdd868c58ef6b29ec2b3940668d6a/screenshot'
16:05:34.825 [AsyncHttpClient-1-1] DEBUG org.asynchttpclient.netty.channel.DefaultChannelPool - Entry count for : http://localhost:60797 : 1
16:05:34.889 [AsyncHttpClient-1-9] DEBUG org.asynchttpclient.netty.handler.HttpHandler - 

Request DefaultFullHttpRequest(decodeResult: success, version: HTTP/1.1, content: EmptyByteBufBE)
GET /session/577cdd868c58ef6b29ec2b3940668d6a/screenshot HTTP/1.1
User-Agent: selenium/4.1.2 (java windows)
Cache-Control: no-cache
Content-Type: application/json; charset=utf-8
host: localhost:60542
accept: */*

Response DefaultHttpResponse(decodeResult: success, version: HTTP/1.1)
HTTP/1.1 200 OK
Content-Type: application/json; charset=utf-8
cache-control: no-cache
content-length: 155768

16:05:34.889 [AsyncHttpClient-1-9] DEBUG org.asynchttpclient.netty.channel.ChannelManager - Adding key: http://localhost:60542 for channel [id: 0x00ae3b5a, L:/127.0.0.1:60796 - R:localhost/127.0.0.1:60542]
16:05:34.889 [main] DEBUG net.serenitybdd.core.photography.Darkroom - Send negative for processing for target\site\serenity\1c6e98801d20073c17f18003af81afe421876b2d7eaabb38019a1c567714b677.png
16:05:34.897 [Darkroom Processing Line] DEBUG net.serenitybdd.core.photography.DarkroomProcessingLine - Processing screenshot image in /var/screenshots/screenshot-15572773189350738987
16:05:34.897 [Darkroom Processing Line] DEBUG net.serenitybdd.core.photography.DarkroomProcessingLine - Saving screenshot to target\site\serenity\1c6e98801d20073c17f18003af81afe421876b2d7eaabb38019a1c567714b677.png
16:05:34.905 [Forwarding findElement on session 577cdd868c58ef6b29ec2b3940668d6a to remote] DEBUG org.asynchttpclient.netty.request.NettyRequestSender - Using pooled Channel '[id: 0x00ae3b5a, L:/127.0.0.1:60796 - R:localhost/127.0.0.1:60542]' for 'POST' to 'http://localhost:60542/session/577cdd868c58ef6b29ec2b3940668d6a/element'
16:05:34.905 [Forwarding findElement on session 577cdd868c58ef6b29ec2b3940668d6a to remote] DEBUG org.asynchttpclient.netty.request.NettyRequestSender - Using open Channel [id: 0x00ae3b5a, L:/127.0.0.1:60796 - R:localhost/127.0.0.1:60542] for POST '/session/577cdd868c58ef6b29ec2b3940668d6a/element'
16:05:34.911 [AsyncHttpClient-1-9] DEBUG org.asynchttpclient.netty.handler.HttpHandler - 

Request DefaultHttpRequest(decodeResult: success, version: HTTP/1.1)
POST /session/577cdd868c58ef6b29ec2b3940668d6a/element HTTP/1.1
User-Agent: selenium/4.1.2 (java windows)
Content-Length: 56
Content-Type: application/json; charset=utf-8
host: localhost:60542
accept: */*

Response DefaultHttpResponse(decodeResult: success, version: HTTP/1.1)
HTTP/1.1 200 OK
Content-Type: application/json; charset=utf-8
cache-control: no-cache
content-length: 88

16:05:34.911 [AsyncHttpClient-1-9] DEBUG org.asynchttpclient.netty.channel.ChannelManager - Adding key: http://localhost:60542 for channel [id: 0x00ae3b5a, L:/127.0.0.1:60796 - R:localhost/127.0.0.1:60542]
16:05:34.911 [Forwarding getElementTagName on session 577cdd868c58ef6b29ec2b3940668d6a to remote] DEBUG org.asynchttpclient.netty.request.NettyRequestSender - Using pooled Channel '[id: 0x00ae3b5a, L:/127.0.0.1:60796 - R:localhost/127.0.0.1:60542]' for 'GET' to 'http://localhost:60542/session/577cdd868c58ef6b29ec2b3940668d6a/element/ec04469c-fb71-4a17-a9ec-fde13d161fdb/name'
16:05:34.920 [Forwarding getElementTagName on session 577cdd868c58ef6b29ec2b3940668d6a to remote] DEBUG org.asynchttpclient.netty.request.NettyRequestSender - Using open Channel [id: 0x00ae3b5a, L:/127.0.0.1:60796 - R:localhost/127.0.0.1:60542] for GET '/session/577cdd868c58ef6b29ec2b3940668d6a/element/ec04469c-fb71-4a17-a9ec-fde13d161fdb/name'
16:05:34.922 [AsyncHttpClient-1-9] DEBUG org.asynchttpclient.netty.handler.HttpHandler - 

Request DefaultFullHttpRequest(decodeResult: success, version: HTTP/1.1, content: EmptyByteBufBE)
GET /session/577cdd868c58ef6b29ec2b3940668d6a/element/ec04469c-fb71-4a17-a9ec-fde13d161fdb/name HTTP/1.1
User-Agent: selenium/4.1.2 (java windows)
Cache-Control: no-cache
Content-Type: application/json; charset=utf-8
host: localhost:60542
accept: */*

Response DefaultHttpResponse(decodeResult: success, version: HTTP/1.1)
HTTP/1.1 200 OK
Content-Type: application/json; charset=utf-8
cache-control: no-cache
content-length: 18

16:05:34.922 [AsyncHttpClient-1-9] DEBUG org.asynchttpclient.netty.channel.ChannelManager - Adding key: http://localhost:60542 for channel [id: 0x00ae3b5a, L:/127.0.0.1:60796 - R:localhost/127.0.0.1:60542]
16:05:34.922 [Forwarding getElementTagName on session 577cdd868c58ef6b29ec2b3940668d6a to remote] DEBUG org.asynchttpclient.netty.request.NettyRequestSender - Using pooled Channel '[id: 0x00ae3b5a, L:/127.0.0.1:60796 - R:localhost/127.0.0.1:60542]' for 'GET' to 'http://localhost:60542/session/577cdd868c58ef6b29ec2b3940668d6a/element/ec04469c-fb71-4a17-a9ec-fde13d161fdb/name'
16:05:34.922 [Forwarding getElementTagName on session 577cdd868c58ef6b29ec2b3940668d6a to remote] DEBUG org.asynchttpclient.netty.request.NettyRequestSender - Using open Channel [id: 0x00ae3b5a, L:/127.0.0.1:60796 - R:localhost/127.0.0.1:60542] for GET '/session/577cdd868c58ef6b29ec2b3940668d6a/element/ec04469c-fb71-4a17-a9ec-fde13d161fdb/name'
16:05:34.930 [AsyncHttpClient-1-9] DEBUG org.asynchttpclient.netty.handler.HttpHandler - 

Request DefaultFullHttpRequest(decodeResult: success, version: HTTP/1.1, content: EmptyByteBufBE)
GET /session/577cdd868c58ef6b29ec2b3940668d6a/element/ec04469c-fb71-4a17-a9ec-fde13d161fdb/name HTTP/1.1
User-Agent: selenium/4.1.2 (java windows)
Cache-Control: no-cache
Content-Type: application/json; charset=utf-8
host: localhost:60542
accept: */*

Response DefaultHttpResponse(decodeResult: success, version: HTTP/1.1)
HTTP/1.1 200 OK
Content-Type: application/json; charset=utf-8
cache-control: no-cache
content-length: 18

16:05:34.930 [AsyncHttpClient-1-9] DEBUG org.asynchttpclient.netty.channel.ChannelManager - Adding key: http://localhost:60542 for channel [id: 0x00ae3b5a, L:/127.0.0.1:60796 - R:localhost/127.0.0.1:60542]
16:05:34.931 [Forwarding isElementEnabled on session 577cdd868c58ef6b29ec2b3940668d6a to remote] DEBUG org.asynchttpclient.netty.request.NettyRequestSender - Using pooled Channel '[id: 0x00ae3b5a, L:/127.0.0.1:60796 - R:localhost/127.0.0.1:60542]' for 'GET' to 'http://localhost:60542/session/577cdd868c58ef6b29ec2b3940668d6a/element/ec04469c-fb71-4a17-a9ec-fde13d161fdb/enabled'
16:05:34.931 [Forwarding isElementEnabled on session 577cdd868c58ef6b29ec2b3940668d6a to remote] DEBUG org.asynchttpclient.netty.request.NettyRequestSender - Using open Channel [id: 0x00ae3b5a, L:/127.0.0.1:60796 - R:localhost/127.0.0.1:60542] for GET '/session/577cdd868c58ef6b29ec2b3940668d6a/element/ec04469c-fb71-4a17-a9ec-fde13d161fdb/enabled'
16:05:34.939 [AsyncHttpClient-1-9] DEBUG org.asynchttpclient.netty.handler.HttpHandler - 

Request DefaultFullHttpRequest(decodeResult: success, version: HTTP/1.1, content: EmptyByteBufBE)
GET /session/577cdd868c58ef6b29ec2b3940668d6a/element/ec04469c-fb71-4a17-a9ec-fde13d161fdb/enabled HTTP/1.1
User-Agent: selenium/4.1.2 (java windows)
Cache-Control: no-cache
Content-Type: application/json; charset=utf-8
host: localhost:60542
accept: */*

Response DefaultHttpResponse(decodeResult: success, version: HTTP/1.1)
HTTP/1.1 200 OK
Content-Type: application/json; charset=utf-8
cache-control: no-cache
content-length: 14

16:05:34.939 [AsyncHttpClient-1-9] DEBUG org.asynchttpclient.netty.channel.ChannelManager - Adding key: http://localhost:60542 for channel [id: 0x00ae3b5a, L:/127.0.0.1:60796 - R:localhost/127.0.0.1:60542]
16:05:34.939 [Forwarding isElementEnabled on session 577cdd868c58ef6b29ec2b3940668d6a to remote] DEBUG org.asynchttpclient.netty.request.NettyRequestSender - Using pooled Channel '[id: 0x00ae3b5a, L:/127.0.0.1:60796 - R:localhost/127.0.0.1:60542]' for 'GET' to 'http://localhost:60542/session/577cdd868c58ef6b29ec2b3940668d6a/element/ec04469c-fb71-4a17-a9ec-fde13d161fdb/enabled'
16:05:34.939 [Forwarding isElementEnabled on session 577cdd868c58ef6b29ec2b3940668d6a to remote] DEBUG org.asynchttpclient.netty.request.NettyRequestSender - Using open Channel [id: 0x00ae3b5a, L:/127.0.0.1:60796 - R:localhost/127.0.0.1:60542] for GET '/session/577cdd868c58ef6b29ec2b3940668d6a/element/ec04469c-fb71-4a17-a9ec-fde13d161fdb/enabled'
16:05:34.947 [AsyncHttpClient-1-9] DEBUG org.asynchttpclient.netty.handler.HttpHandler - 

Request DefaultFullHttpRequest(decodeResult: success, version: HTTP/1.1, content: EmptyByteBufBE)
GET /session/577cdd868c58ef6b29ec2b3940668d6a/element/ec04469c-fb71-4a17-a9ec-fde13d161fdb/enabled HTTP/1.1
User-Agent: selenium/4.1.2 (java windows)
Cache-Control: no-cache
Content-Type: application/json; charset=utf-8
host: localhost:60542
accept: */*

Response DefaultHttpResponse(decodeResult: success, version: HTTP/1.1)
HTTP/1.1 200 OK
Content-Type: application/json; charset=utf-8
cache-control: no-cache
content-length: 14

16:05:34.950 [AsyncHttpClient-1-9] DEBUG org.asynchttpclient.netty.channel.ChannelManager - Adding key: http://localhost:60542 for channel [id: 0x00ae3b5a, L:/127.0.0.1:60796 - R:localhost/127.0.0.1:60542]
16:05:34.950 [Forwarding findElement on session 577cdd868c58ef6b29ec2b3940668d6a to remote] DEBUG org.asynchttpclient.netty.request.NettyRequestSender - Using pooled Channel '[id: 0x00ae3b5a, L:/127.0.0.1:60796 - R:localhost/127.0.0.1:60542]' for 'POST' to 'http://localhost:60542/session/577cdd868c58ef6b29ec2b3940668d6a/element'
16:05:34.950 [Forwarding findElement on session 577cdd868c58ef6b29ec2b3940668d6a to remote] DEBUG org.asynchttpclient.netty.request.NettyRequestSender - Using open Channel [id: 0x00ae3b5a, L:/127.0.0.1:60796 - R:localhost/127.0.0.1:60542] for POST '/session/577cdd868c58ef6b29ec2b3940668d6a/element'
16:05:34.952 [AsyncHttpClient-1-9] DEBUG org.asynchttpclient.netty.handler.HttpHandler - 

Request DefaultHttpRequest(decodeResult: success, version: HTTP/1.1)
POST /session/577cdd868c58ef6b29ec2b3940668d6a/element HTTP/1.1
User-Agent: selenium/4.1.2 (java windows)
Content-Length: 56
Content-Type: application/json; charset=utf-8
host: localhost:60542
accept: */*

Response DefaultHttpResponse(decodeResult: success, version: HTTP/1.1)
HTTP/1.1 200 OK
Content-Type: application/json; charset=utf-8
cache-control: no-cache
content-length: 88

16:05:34.952 [AsyncHttpClient-1-9] DEBUG org.asynchttpclient.netty.channel.ChannelManager - Adding key: http://localhost:60542 for channel [id: 0x00ae3b5a, L:/127.0.0.1:60796 - R:localhost/127.0.0.1:60542]
16:05:34.952 [Forwarding clickElement on session 577cdd868c58ef6b29ec2b3940668d6a to remote] DEBUG org.asynchttpclient.netty.request.NettyRequestSender - Using pooled Channel '[id: 0x00ae3b5a, L:/127.0.0.1:60796 - R:localhost/127.0.0.1:60542]' for 'POST' to 'http://localhost:60542/session/577cdd868c58ef6b29ec2b3940668d6a/element/ec04469c-fb71-4a17-a9ec-fde13d161fdb/click'
16:05:34.952 [Forwarding clickElement on session 577cdd868c58ef6b29ec2b3940668d6a to remote] DEBUG org.asynchttpclient.netty.request.NettyRequestSender - Using open Channel [id: 0x00ae3b5a, L:/127.0.0.1:60796 - R:localhost/127.0.0.1:60542] for POST '/session/577cdd868c58ef6b29ec2b3940668d6a/element/ec04469c-fb71-4a17-a9ec-fde13d161fdb/click'
16:05:35.000 [AsyncHttpClient-1-9] DEBUG org.asynchttpclient.netty.handler.HttpHandler - 

Request DefaultHttpRequest(decodeResult: success, version: HTTP/1.1)
POST /session/577cdd868c58ef6b29ec2b3940668d6a/element/ec04469c-fb71-4a17-a9ec-fde13d161fdb/click HTTP/1.1
User-Agent: selenium/4.1.2 (java windows)
Content-Length: 50
Content-Type: application/json; charset=utf-8
host: localhost:60542
accept: */*

Response DefaultHttpResponse(decodeResult: success, version: HTTP/1.1)
HTTP/1.1 200 OK
Content-Type: application/json; charset=utf-8
cache-control: no-cache
content-length: 14

16:05:35.000 [AsyncHttpClient-1-9] DEBUG org.asynchttpclient.netty.channel.ChannelManager - Adding key: http://localhost:60542 for channel [id: 0x00ae3b5a, L:/127.0.0.1:60796 - R:localhost/127.0.0.1:60542]
  &amp#27;[32mAnd &amp#27;[0m&amp#27;[32mi click continue button&amp#27;[0m                                                        &amp#27;[90m# starter.stepdefinitions.registerSteps.iClickContinueButton()&amp#27;[0m
16:05:35.008 [Forwarding screenshot on session 577cdd868c58ef6b29ec2b3940668d6a to remote] DEBUG org.asynchttpclient.netty.request.NettyRequestSender - Using pooled Channel '[id: 0x00ae3b5a, L:/127.0.0.1:60796 - R:localhost/127.0.0.1:60542]' for 'GET' to 'http://localhost:60542/session/577cdd868c58ef6b29ec2b3940668d6a/screenshot'
16:05:35.008 [Forwarding screenshot on session 577cdd868c58ef6b29ec2b3940668d6a to remote] DEBUG org.asynchttpclient.netty.request.NettyRequestSender - Using open Channel [id: 0x00ae3b5a, L:/127.0.0.1:60796 - R:localhost/127.0.0.1:60542] for GET '/session/577cdd868c58ef6b29ec2b3940668d6a/screenshot'
16:05:35.016 [AsyncHttpClient-1-9] DEBUG org.asynchttpclient.netty.handler.HttpHandler - 

Request DefaultFullHttpRequest(decodeResult: success, version: HTTP/1.1, content: EmptyByteBufBE)
GET /session/577cdd868c58ef6b29ec2b3940668d6a/screenshot HTTP/1.1
User-Agent: selenium/4.1.2 (java windows)
Cache-Control: no-cache
Content-Type: application/json; charset=utf-8
host: localhost:60542
accept: */*

Response DefaultHttpResponse(decodeResult: success, version: HTTP/1.1)
HTTP/1.1 500 Internal Server Error
Content-Type: application/json; charset=utf-8
cache-control: no-cache
content-length: 893

16:05:35.016 [AsyncHttpClient-1-9] DEBUG org.asynchttpclient.netty.channel.ChannelManager - Adding key: http://localhost:60542 for channel [id: 0x00ae3b5a, L:/127.0.0.1:60796 - R:localhost/127.0.0.1:60542]
16:05:35.017 [main] WARN net.thucydides.core.webdriver.WebDriverFacade - Failed to take screenshot (unexpected alert open: {Alert text : Data does not match}
  (Session info: chrome=103.0.5060.134): Data does not match
Build info: version: '4.1.2', revision: '9a5a329c5a'
System info: host: 'DESKTOP-01SKV80', ip: '172.20.40.12', os.name: 'Windows 10', os.arch: 'amd64', os.version: '10.0', java.version: '15.0.2'
Driver info: org.openqa.selenium.chrome.ChromeDriver
Command: [577cdd868c58ef6b29ec2b3940668d6a, screenshot {}]
Capabilities {acceptInsecureCerts: false, browserName: chrome, browserVersion: 103.0.5060.134, chrome: {chromedriverVersion: 102.0.5005.61 (0e59bcc00cc4..., userDataDir: C:\Users\ASUS\AppData\Local...}, goog:chromeOptions: {debuggerAddress: localhost:60797}, javascriptEnabled: true, networkConnectionEnabled: false, pageLoadStrategy: normal, platform: WINDOWS, platformName: WINDOWS, proxy: Proxy(), se:cdp: ws://localhost:60797/devtoo..., se:cdpVersion: 103.0.5060.134, setWindowRect: true, strictFileInteractability: false, timeouts: {implicit: 0, pageLoad: 300000, script: 30000}, unhandledPromptBehavior: dismiss and notify, webauthn:extension:credBlob: true, webauthn:extension:largeBlob: true, webauthn:virtualAuthenticators: true}
Session ID: 577cdd868c58ef6b29ec2b3940668d6a)
16:05:35.019 [Forwarding screenshot on session 577cdd868c58ef6b29ec2b3940668d6a to remote] DEBUG org.asynchttpclient.netty.request.NettyRequestSender - Using pooled Channel '[id: 0x00ae3b5a, L:/127.0.0.1:60796 - R:localhost/127.0.0.1:60542]' for 'GET' to 'http://localhost:60542/session/577cdd868c58ef6b29ec2b3940668d6a/screenshot'
16:05:35.019 [Forwarding screenshot on session 577cdd868c58ef6b29ec2b3940668d6a to remote] DEBUG org.asynchttpclient.netty.request.NettyRequestSender - Using open Channel [id: 0x00ae3b5a, L:/127.0.0.1:60796 - R:localhost/127.0.0.1:60542] for GET '/session/577cdd868c58ef6b29ec2b3940668d6a/screenshot'
16:05:35.298 [AsyncHttpClient-1-9] DEBUG org.asynchttpclient.netty.handler.HttpHandler - 

Request DefaultFullHttpRequest(decodeResult: success, version: HTTP/1.1, content: EmptyByteBufBE)
GET /session/577cdd868c58ef6b29ec2b3940668d6a/screenshot HTTP/1.1
User-Agent: selenium/4.1.2 (java windows)
Cache-Control: no-cache
Content-Type: application/json; charset=utf-8
host: localhost:60542
accept: */*

Response DefaultHttpResponse(decodeResult: success, version: HTTP/1.1)
HTTP/1.1 200 OK
Content-Type: application/json; charset=utf-8
cache-control: no-cache
content-length: 155800

16:05:35.298 [AsyncHttpClient-1-9] DEBUG org.asynchttpclient.netty.channel.ChannelManager - Adding key: http://localhost:60542 for channel [id: 0x00ae3b5a, L:/127.0.0.1:60796 - R:localhost/127.0.0.1:60542]
16:05:35.298 [main] DEBUG net.serenitybdd.core.photography.Darkroom - Send negative for processing for target\site\serenity\f95a6609523750e8215c622a2f5adfa78ea1d5ed961cd45df3c6a012e012b4cc.png
16:05:35.298 [Darkroom Processing Line] DEBUG net.serenitybdd.core.photography.DarkroomProcessingLine - Processing screenshot image in /var/screenshots/screenshot-4261242589672513811
16:05:35.298 [Darkroom Processing Line] DEBUG net.serenitybdd.core.photography.DarkroomProcessingLine - Saving screenshot to target\site\serenity\f95a6609523750e8215c622a2f5adfa78ea1d5ed961cd45df3c6a012e012b4cc.png
16:05:35.306 [Forwarding findElement on session 577cdd868c58ef6b29ec2b3940668d6a to remote] DEBUG org.asynchttpclient.netty.request.NettyRequestSender - Using pooled Channel '[id: 0x00ae3b5a, L:/127.0.0.1:60796 - R:localhost/127.0.0.1:60542]' for 'POST' to 'http://localhost:60542/session/577cdd868c58ef6b29ec2b3940668d6a/element'
16:05:35.306 [Forwarding findElement on session 577cdd868c58ef6b29ec2b3940668d6a to remote] DEBUG org.asynchttpclient.netty.request.NettyRequestSender - Using open Channel [id: 0x00ae3b5a, L:/127.0.0.1:60796 - R:localhost/127.0.0.1:60542] for POST '/session/577cdd868c58ef6b29ec2b3940668d6a/element'
16:05:35.309 [AsyncHttpClient-1-9] DEBUG org.asynchttpclient.netty.handler.HttpHandler - 

Request DefaultHttpRequest(decodeResult: success, version: HTTP/1.1)
POST /session/577cdd868c58ef6b29ec2b3940668d6a/element HTTP/1.1
User-Agent: selenium/4.1.2 (java windows)
Content-Length: 69
Content-Type: application/json; charset=utf-8
host: localhost:60542
accept: */*

Response DefaultHttpResponse(decodeResult: success, version: HTTP/1.1)
HTTP/1.1 200 OK
Content-Type: application/json; charset=utf-8
cache-control: no-cache
content-length: 88

16:05:35.309 [AsyncHttpClient-1-9] DEBUG org.asynchttpclient.netty.channel.ChannelManager - Adding key: http://localhost:60542 for channel [id: 0x00ae3b5a, L:/127.0.0.1:60796 - R:localhost/127.0.0.1:60542]
16:05:35.318 [Forwarding isElementDisplayed on session 577cdd868c58ef6b29ec2b3940668d6a to remote] DEBUG org.asynchttpclient.netty.request.NettyRequestSender - Using pooled Channel '[id: 0x00ae3b5a, L:/127.0.0.1:60796 - R:localhost/127.0.0.1:60542]' for 'POST' to 'http://localhost:60542/session/577cdd868c58ef6b29ec2b3940668d6a/execute/sync'
16:05:35.318 [Forwarding isElementDisplayed on session 577cdd868c58ef6b29ec2b3940668d6a to remote] DEBUG org.asynchttpclient.netty.request.NettyRequestSender - Using open Channel [id: 0x00ae3b5a, L:/127.0.0.1:60796 - R:localhost/127.0.0.1:60542] for POST '/session/577cdd868c58ef6b29ec2b3940668d6a/execute/sync'
16:05:35.330 [AsyncHttpClient-1-9] DEBUG org.asynchttpclient.netty.handler.HttpHandler - 

Request DefaultHttpRequest(decodeResult: success, version: HTTP/1.1)
POST /session/577cdd868c58ef6b29ec2b3940668d6a/execute/sync HTTP/1.1
User-Agent: selenium/4.1.2 (java windows)
Content-Length: 48780
Content-Type: application/json; charset=utf-8
host: localhost:60542
accept: */*

Response DefaultHttpResponse(decodeResult: success, version: HTTP/1.1)
HTTP/1.1 200 OK
Content-Type: application/json; charset=utf-8
cache-control: no-cache
content-length: 14

16:05:35.330 [AsyncHttpClient-1-9] DEBUG org.asynchttpclient.netty.channel.ChannelManager - Adding key: http://localhost:60542 for channel [id: 0x00ae3b5a, L:/127.0.0.1:60796 - R:localhost/127.0.0.1:60542]
16:05:35.331 [Forwarding findElement on session 577cdd868c58ef6b29ec2b3940668d6a to remote] DEBUG org.asynchttpclient.netty.request.NettyRequestSender - Using pooled Channel '[id: 0x00ae3b5a, L:/127.0.0.1:60796 - R:localhost/127.0.0.1:60542]' for 'POST' to 'http://localhost:60542/session/577cdd868c58ef6b29ec2b3940668d6a/element'
16:05:35.331 [Forwarding findElement on session 577cdd868c58ef6b29ec2b3940668d6a to remote] DEBUG org.asynchttpclient.netty.request.NettyRequestSender - Using open Channel [id: 0x00ae3b5a, L:/127.0.0.1:60796 - R:localhost/127.0.0.1:60542] for POST '/session/577cdd868c58ef6b29ec2b3940668d6a/element'
16:05:35.339 [AsyncHttpClient-1-9] DEBUG org.asynchttpclient.netty.handler.HttpHandler - 

Request DefaultHttpRequest(decodeResult: success, version: HTTP/1.1)
POST /session/577cdd868c58ef6b29ec2b3940668d6a/element HTTP/1.1
User-Agent: selenium/4.1.2 (java windows)
Content-Length: 69
Content-Type: application/json; charset=utf-8
host: localhost:60542
accept: */*

Response DefaultHttpResponse(decodeResult: success, version: HTTP/1.1)
HTTP/1.1 200 OK
Content-Type: application/json; charset=utf-8
cache-control: no-cache
content-length: 88

16:05:35.339 [AsyncHttpClient-1-9] DEBUG org.asynchttpclient.netty.channel.ChannelManager - Adding key: http://localhost:60542 for channel [id: 0x00ae3b5a, L:/127.0.0.1:60796 - R:localhost/127.0.0.1:60542]
16:05:35.339 [Forwarding isElementDisplayed on session 577cdd868c58ef6b29ec2b3940668d6a to remote] DEBUG org.asynchttpclient.netty.request.NettyRequestSender - Using pooled Channel '[id: 0x00ae3b5a, L:/127.0.0.1:60796 - R:localhost/127.0.0.1:60542]' for 'POST' to 'http://localhost:60542/session/577cdd868c58ef6b29ec2b3940668d6a/execute/sync'
16:05:35.339 [Forwarding isElementDisplayed on session 577cdd868c58ef6b29ec2b3940668d6a to remote] DEBUG org.asynchttpclient.netty.request.NettyRequestSender - Using open Channel [id: 0x00ae3b5a, L:/127.0.0.1:60796 - R:localhost/127.0.0.1:60542] for POST '/session/577cdd868c58ef6b29ec2b3940668d6a/execute/sync'
16:05:35.350 [AsyncHttpClient-1-9] DEBUG org.asynchttpclient.netty.handler.HttpHandler - 

Request DefaultHttpRequest(decodeResult: success, version: HTTP/1.1)
POST /session/577cdd868c58ef6b29ec2b3940668d6a/execute/sync HTTP/1.1
User-Agent: selenium/4.1.2 (java windows)
Content-Length: 48780
Content-Type: application/json; charset=utf-8
host: localhost:60542
accept: */*

Response DefaultHttpResponse(decodeResult: success, version: HTTP/1.1)
HTTP/1.1 200 OK
Content-Type: application/json; charset=utf-8
cache-control: no-cache
content-length: 14

16:05:35.350 [AsyncHttpClient-1-9] DEBUG org.asynchttpclient.netty.channel.ChannelManager - Adding key: http://localhost:60542 for channel [id: 0x00ae3b5a, L:/127.0.0.1:60796 - R:localhost/127.0.0.1:60542]
  &amp#27;[32mThen &amp#27;[0m&amp#27;[32mi get my &amp#27;[0m&amp#27;[32m&amp#27;[1m"register page"&amp#27;[0m                                                      &amp#27;[90m# starter.stepdefinitions.registerSteps.iGetMy(java.lang.String)&amp#27;[0m
16:05:35.350 [Forwarding screenshot on session 577cdd868c58ef6b29ec2b3940668d6a to remote] DEBUG org.asynchttpclient.netty.request.NettyRequestSender - Using pooled Channel '[id: 0x00ae3b5a, L:/127.0.0.1:60796 - R:localhost/127.0.0.1:60542]' for 'GET' to 'http://localhost:60542/session/577cdd868c58ef6b29ec2b3940668d6a/screenshot'
16:05:35.350 [Forwarding screenshot on session 577cdd868c58ef6b29ec2b3940668d6a to remote] DEBUG org.asynchttpclient.netty.request.NettyRequestSender - Using open Channel [id: 0x00ae3b5a, L:/127.0.0.1:60796 - R:localhost/127.0.0.1:60542] for GET '/session/577cdd868c58ef6b29ec2b3940668d6a/screenshot'
16:05:35.596 [AsyncHttpClient-1-9] DEBUG org.asynchttpclient.netty.handler.HttpHandler - 

Request DefaultFullHttpRequest(decodeResult: success, version: HTTP/1.1, content: EmptyByteBufBE)
GET /session/577cdd868c58ef6b29ec2b3940668d6a/screenshot HTTP/1.1
User-Agent: selenium/4.1.2 (java windows)
Cache-Control: no-cache
Content-Type: application/json; charset=utf-8
host: localhost:60542
accept: */*

Response DefaultHttpResponse(decodeResult: success, version: HTTP/1.1)
HTTP/1.1 200 OK
Content-Type: application/json; charset=utf-8
cache-control: no-cache
content-length: 155800

16:05:35.596 [AsyncHttpClient-1-9] DEBUG org.asynchttpclient.netty.channel.ChannelManager - Adding key: http://localhost:60542 for channel [id: 0x00ae3b5a, L:/127.0.0.1:60796 - R:localhost/127.0.0.1:60542]
16:05:35.601 [main] DEBUG net.serenitybdd.core.photography.Darkroom - Send negative for processing for target\site\serenity\f95a6609523750e8215c622a2f5adfa78ea1d5ed961cd45df3c6a012e012b4cc.png
16:05:35.601 [AsyncHttpClient-1-11] DEBUG org.asynchttpclient.netty.handler.WebSocketHandler - Channel Closed: [id: 0xc6a47e50, L:/127.0.0.1:60806 ! R:localhost/127.0.0.1:60797] with attribute NettyResponseFuture{currentRetry=5,
	isDone=1,
	isCancelled=0,
	asyncHandler=org.asynchttpclient.ws.WebSocketUpgradeHandler@16e3034a,
	nettyRequest=org.asynchttpclient.netty.request.NettyRequest@548ce1f7,
	future=java.util.concurrent.CompletableFuture@a8211f3[Completed normally],
	uri=ws://localhost:60797/devtools/browser/0ce1e367-9905-4834-9e51-10dce05e25b8,
	keepAlive=true,
	redirectCount=0,
	timeoutsHolder=null,
	inAuth=0,
	touch=1658480727541}
16:05:35.601 [AsyncHttpClient-1-11] DEBUG org.asynchttpclient.netty.channel.ChannelManager - Closing Channel [id: 0xc6a47e50, L:/127.0.0.1:60806 ! R:localhost/127.0.0.1:60797] 
16:05:35.601 [Driver Command Executor] DEBUG org.asynchttpclient.netty.request.NettyRequestSender - Using pooled Channel '[id: 0x00ae3b5a, L:/127.0.0.1:60796 - R:localhost/127.0.0.1:60542]' for 'DELETE' to 'http://localhost:60542/session/577cdd868c58ef6b29ec2b3940668d6a'
16:05:35.601 [Driver Command Executor] DEBUG org.asynchttpclient.netty.request.NettyRequestSender - Using open Channel [id: 0x00ae3b5a, L:/127.0.0.1:60796 - R:localhost/127.0.0.1:60542] for DELETE '/session/577cdd868c58ef6b29ec2b3940668d6a'
16:05:35.928 [AsyncHttpClient-1-1] DEBUG org.asynchttpclient.netty.channel.DefaultChannelPool - Entry count for : http://localhost:60797 : 1
16:05:36.229 [AsyncHttpClient-1-10] DEBUG org.asynchttpclient.netty.handler.HttpHandler - Unexpected I/O exception on channel [id: 0x5ba10695, L:/127.0.0.1:60805 - R:localhost/127.0.0.1:60797]
java.net.SocketException: Connection reset
	at java.base/sun.nio.ch.SocketChannelImpl.throwConnectionReset(SocketChannelImpl.java:367)
	at java.base/sun.nio.ch.SocketChannelImpl.read(SocketChannelImpl.java:398)
	at io.netty.buffer.PooledByteBuf.setBytes(PooledByteBuf.java:258)
	at io.netty.buffer.AbstractByteBuf.writeBytes(AbstractByteBuf.java:1132)
	at io.netty.channel.socket.nio.NioSocketChannel.doReadBytes(NioSocketChannel.java:350)
	at io.netty.channel.nio.AbstractNioByteChannel$NioByteUnsafe.read(AbstractNioByteChannel.java:151)
	at io.netty.channel.nio.NioEventLoop.processSelectedKey(NioEventLoop.java:722)
	at io.netty.channel.nio.NioEventLoop.processSelectedKeysOptimized(NioEventLoop.java:658)
	at io.netty.channel.nio.NioEventLoop.processSelectedKeys(NioEventLoop.java:584)
	at io.netty.channel.nio.NioEventLoop.run(NioEventLoop.java:496)
	at io.netty.util.concurrent.SingleThreadEventExecutor$4.run(SingleThreadEventExecutor.java:986)
	at io.netty.util.internal.ThreadExecutorMap$2.run(ThreadExecutorMap.java:74)
	at io.netty.util.concurrent.FastThreadLocalRunnable.run(FastThreadLocalRunnable.java:30)
	at java.base/java.lang.Thread.run(Thread.java:832)
16:05:36.229 [AsyncHttpClient-1-10] DEBUG org.asynchttpclient.netty.channel.ChannelManager - Closing Channel [id: 0x5ba10695, L:/127.0.0.1:60805 - R:localhost/127.0.0.1:60797] 
16:05:36.229 [AsyncHttpClient-1-10] DEBUG org.asynchttpclient.netty.handler.HttpHandler - Channel Closed: [id: 0x5ba10695, L:/127.0.0.1:60805 ! R:localhost/127.0.0.1:60797] with attribute DISCARD
16:05:36.260 [AsyncHttpClient-1-9] DEBUG org.asynchttpclient.netty.handler.HttpHandler - 

Request DefaultFullHttpRequest(decodeResult: success, version: HTTP/1.1, content: EmptyByteBufBE)
DELETE /session/577cdd868c58ef6b29ec2b3940668d6a HTTP/1.1
User-Agent: selenium/4.1.2 (java windows)
Content-Type: application/json; charset=utf-8
host: localhost:60542
accept: */*

Response DefaultHttpResponse(decodeResult: success, version: HTTP/1.1)
HTTP/1.1 200 OK
Content-Type: application/json; charset=utf-8
cache-control: no-cache
content-length: 14

16:05:36.260 [AsyncHttpClient-1-9] DEBUG org.asynchttpclient.netty.channel.ChannelManager - Adding key: http://localhost:60542 for channel [id: 0x00ae3b5a, L:/127.0.0.1:60796 - R:localhost/127.0.0.1:60542]
16:05:36.367 [AsyncHttpClient-1-9] DEBUG org.asynchttpclient.netty.handler.HttpHandler - Channel Closed: [id: 0x00ae3b5a, L:/127.0.0.1:60796 ! R:localhost/127.0.0.1:60542] with attribute DISCARD
]]></system-out>
    <system-err><![CDATA[Starting ChromeDriver 102.0.5005.61 (0e59bcc00cc4985ce39ad31c150065f159d95ad3-refs/branch-heads/5005@{#819}) on port 60542
Only local connections are allowed.
Please see https://chromedriver.chromium.org/security-considerations for suggestions on keeping ChromeDriver safe.
ChromeDriver was started successfully.
[1658480727.418][WARNING]: This version of ChromeDriver has not been tested with Chrome version 103.
Jul 22, 2022 4:05:27 PM org.openqa.selenium.remote.ProtocolHandshake createSession
INFO: Detected dialect: W3C
Jul 22, 2022 4:05:27 PM org.openqa.selenium.devtools.CdpVersionFinder findNearestMatch
WARNING: Unable to find an exact match for CDP version 103, so returning the closest version found: a no-op implementation
Jul 22, 2022 4:05:27 PM org.openqa.selenium.devtools.CdpVersionFinder findNearestMatch
INFO: Unable to find CDP implementation matching 103.
Jul 22, 2022 4:05:27 PM org.openqa.selenium.chromium.ChromiumDriver lambda$new$3
WARNING: Unable to find version of CDP to use for . You may need to include a dependency on a specific version of the CDP using something similar to `org.seleniumhq.selenium:selenium-devtools-v86:4.1.2` where the version ("v86") matches the version of the chromium-based browser you're using and the version number of the artifact is the same as Selenium's.
]]></system-err>
  </testcase>
  <testcase name="Registration scenario #7" classname="Registration" time="13.988">
    <system-out><![CDATA[
@register
Scenario Outline: Registration scenario &amp#27;[90m# src/test/resources/features/register.feature:25&amp#27;[0m
16:05:36.911 [main] INFO io.cucumber.core.plugin.SerenityReporter - Running feature from file:///D:/PERKULIAHAN/Semester%206,Hebatt%20glad!/QE-FGD/Automation-test-Website%20-%20Copy/src/test/resources/features/register.feature
16:05:36.919 [main] INFO net.serenitybdd.core.webdriver.driverproviders.ChromeDriverProvider - Using automatically driver download
16:05:37.021 [AsyncHttpClient-1-1] DEBUG org.asynchttpclient.netty.channel.DefaultChannelPool - Entry count for : http://localhost:60797 : 1
16:05:37.021 [AsyncHttpClient-1-1] DEBUG org.asynchttpclient.netty.channel.DefaultChannelPool - Entry count for : http://localhost:60542 : 1
16:05:37.021 [AsyncHttpClient-1-1] DEBUG org.asynchttpclient.netty.channel.DefaultChannelPool - Adding Candidate expired Channel [id: 0x5ba10695, L:/127.0.0.1:60805 ! R:localhost/127.0.0.1:60797] isIdleTimeoutExpired=false isRemotelyClosed=true isTtlExpired=false
16:05:37.021 [AsyncHttpClient-1-1] DEBUG org.asynchttpclient.netty.channel.DefaultChannelPool - Closing Idle Channel [id: 0x5ba10695, L:/127.0.0.1:60805 ! R:localhost/127.0.0.1:60797]
16:05:37.021 [AsyncHttpClient-1-1] DEBUG org.asynchttpclient.netty.channel.DefaultChannelPool - Adding Candidate expired Channel [id: 0x00ae3b5a, L:/127.0.0.1:60796 ! R:localhost/127.0.0.1:60542] isIdleTimeoutExpired=false isRemotelyClosed=true isTtlExpired=false
16:05:37.021 [AsyncHttpClient-1-1] DEBUG org.asynchttpclient.netty.channel.DefaultChannelPool - Closing Idle Channel [id: 0x00ae3b5a, L:/127.0.0.1:60796 ! R:localhost/127.0.0.1:60542]
16:05:37.021 [AsyncHttpClient-1-1] DEBUG org.asynchttpclient.netty.channel.DefaultChannelPool - Closed 2 connections out of 2 in 0 ms
16:05:37.099 [main] DEBUG io.github.bonigarcia.wdm.cache.ResolutionCache - Resolution chrome=103 in cache (valid until 16:34:03 22/07/2022 WIB)
16:05:37.107 [main] DEBUG io.github.bonigarcia.wdm.cache.ResolutionCache - Resolution chrome103=103.0.5060.134 in cache (valid until 17:00:36 22/07/2022 WIB)
16:05:37.110 [main] INFO io.github.bonigarcia.wdm.WebDriverManager - Using chromedriver 103.0.5060.134 (resolved driver for Chrome 103)
16:05:37.118 [main] DEBUG io.github.bonigarcia.wdm.WebDriverManager - Driver chromedriver 103.0.5060.134 found in cache
16:05:37.118 [main] INFO io.github.bonigarcia.wdm.WebDriverManager - Exporting webdriver.chrome.driver as C:\Users\ASUS\.cache\selenium\chromedriver\win32\103.0.5060.134\chromedriver.exe
16:05:37.270 [main] DEBUG net.serenitybdd.core.webdriver.driverproviders.ProvideNewDriver - Instantiating driver
16:05:37.270 [main] DEBUG net.serenitybdd.core.webdriver.driverproviders.ProvideNewDriver - Driver capabilities: Capabilities {acceptInsecureCerts: false, base.url: https://found-capstone20.ne..., browserName: chrome, chrome.driver: src/test/resources/webdrive..., driver: chrome, goog:chromeOptions: {args: [], extensions: []}}
16:05:37.818 [AsyncHttpClient-1-12] DEBUG org.asynchttpclient.netty.channel.NettyConnectListener - Using new Channel '[id: 0xaba261e1, L:/127.0.0.1:60836 - R:localhost/127.0.0.1:51299]' for 'POST' to '/session'
16:05:38.980 [AsyncHttpClient-1-12] DEBUG org.asynchttpclient.netty.handler.HttpHandler - 

Request DefaultHttpRequest(decodeResult: success, version: HTTP/1.1)
POST /session HTTP/1.1
User-Agent: selenium/4.1.2 (java windows)
Content-Length: 623
Content-Type: application/json; charset=utf-8
host: localhost:51299
accept: */*

Response DefaultHttpResponse(decodeResult: success, version: HTTP/1.1)
HTTP/1.1 200 OK
Content-Type: application/json; charset=utf-8
cache-control: no-cache
content-length: 789

16:05:38.980 [AsyncHttpClient-1-12] DEBUG org.asynchttpclient.netty.channel.ChannelManager - Adding key: http://localhost:51299 for channel [id: 0xaba261e1, L:/127.0.0.1:60836 - R:localhost/127.0.0.1:51299]
16:05:38.996 [AsyncHttpClient-1-13] DEBUG org.asynchttpclient.netty.channel.NettyConnectListener - Using new Channel '[id: 0xca33c280, L:/127.0.0.1:60847 - R:localhost/127.0.0.1:60837]' for 'GET' to '/json/version'
16:05:38.996 [AsyncHttpClient-1-13] DEBUG org.asynchttpclient.netty.handler.HttpHandler - 

Request DefaultFullHttpRequest(decodeResult: success, version: HTTP/1.1, content: EmptyByteBufBE)
GET /json/version HTTP/1.1
User-Agent: selenium/4.1.2 (java windows)
host: localhost:60837
accept: */*

Response DefaultHttpResponse(decodeResult: success, version: HTTP/1.1)
HTTP/1.1 200 OK
Content-Type: application/json; charset=UTF-8
content-length: 429

16:05:38.996 [AsyncHttpClient-1-13] DEBUG org.asynchttpclient.netty.channel.ChannelManager - Adding key: http://localhost:60837 for channel [id: 0xca33c280, L:/127.0.0.1:60847 - R:localhost/127.0.0.1:60837]
16:05:38.996 [AsyncHttpClient-1-14] DEBUG org.asynchttpclient.netty.channel.NettyConnectListener - Using new Channel '[id: 0x8ce62ee7, L:/127.0.0.1:60848 - R:localhost/127.0.0.1:60837]' for 'GET' to '/devtools/browser/8f404c5a-a661-4d80-9b1e-2b3a6e5f51d5'
16:05:38.996 [AsyncHttpClient-1-14] DEBUG org.asynchttpclient.netty.handler.WebSocketHandler - 

Request DefaultFullHttpRequest(decodeResult: success, version: HTTP/1.1, content: EmptyByteBufBE)
GET /devtools/browser/8f404c5a-a661-4d80-9b1e-2b3a6e5f51d5 HTTP/1.1
upgrade: websocket
connection: upgrade
sec-websocket-key: Ai8e3PdmJO/B1fZSyMnYLg==
sec-websocket-version: 13
origin: http://localhost:60837
host: localhost:60837
accept: */*
user-agent: AHC/2.1

Response DefaultHttpResponse(decodeResult: success, version: HTTP/1.1)
HTTP/1.1 101 WebSocket Protocol Handshake
Upgrade: WebSocket
Connection: Upgrade
Sec-WebSocket-Accept: Q07Pip+RG+fEVHzjVDjl88M4raM=

16:05:39.004 [Forwarding maximizeCurrentWindow on session c955731bbb400c427756f3ecefdbb0ab to remote] DEBUG org.asynchttpclient.netty.request.NettyRequestSender - Using pooled Channel '[id: 0xaba261e1, L:/127.0.0.1:60836 - R:localhost/127.0.0.1:51299]' for 'POST' to 'http://localhost:51299/session/c955731bbb400c427756f3ecefdbb0ab/window/maximize'
16:05:39.004 [Forwarding maximizeCurrentWindow on session c955731bbb400c427756f3ecefdbb0ab to remote] DEBUG org.asynchttpclient.netty.request.NettyRequestSender - Using open Channel [id: 0xaba261e1, L:/127.0.0.1:60836 - R:localhost/127.0.0.1:51299] for POST '/session/c955731bbb400c427756f3ecefdbb0ab/window/maximize'
16:05:39.166 [AsyncHttpClient-1-12] DEBUG org.asynchttpclient.netty.handler.HttpHandler - 

Request DefaultHttpRequest(decodeResult: success, version: HTTP/1.1)
POST /session/c955731bbb400c427756f3ecefdbb0ab/window/maximize HTTP/1.1
User-Agent: selenium/4.1.2 (java windows)
Content-Length: 3
Content-Type: application/json; charset=utf-8
host: localhost:51299
accept: */*

Response DefaultHttpResponse(decodeResult: success, version: HTTP/1.1)
HTTP/1.1 200 OK
Content-Type: application/json; charset=utf-8
cache-control: no-cache
content-length: 51

16:05:39.166 [AsyncHttpClient-1-12] DEBUG org.asynchttpclient.netty.channel.ChannelManager - Adding key: http://localhost:51299 for channel [id: 0xaba261e1, L:/127.0.0.1:60836 - R:localhost/127.0.0.1:51299]
16:05:39.170 [Forwarding get on session c955731bbb400c427756f3ecefdbb0ab to remote] DEBUG org.asynchttpclient.netty.request.NettyRequestSender - Using pooled Channel '[id: 0xaba261e1, L:/127.0.0.1:60836 - R:localhost/127.0.0.1:51299]' for 'POST' to 'http://localhost:51299/session/c955731bbb400c427756f3ecefdbb0ab/url'
16:05:39.170 [Forwarding get on session c955731bbb400c427756f3ecefdbb0ab to remote] DEBUG org.asynchttpclient.netty.request.NettyRequestSender - Using open Channel [id: 0xaba261e1, L:/127.0.0.1:60836 - R:localhost/127.0.0.1:51299] for POST '/session/c955731bbb400c427756f3ecefdbb0ab/url'
16:05:39.227 [AsyncHttpClient-1-1] DEBUG org.asynchttpclient.netty.channel.DefaultChannelPool - Entry count for : http://localhost:60837 : 1
16:05:40.336 [AsyncHttpClient-1-1] DEBUG org.asynchttpclient.netty.channel.DefaultChannelPool - Entry count for : http://localhost:60837 : 1
16:05:41.421 [AsyncHttpClient-1-1] DEBUG org.asynchttpclient.netty.channel.DefaultChannelPool - Entry count for : http://localhost:60837 : 1
16:05:42.521 [AsyncHttpClient-1-1] DEBUG org.asynchttpclient.netty.channel.DefaultChannelPool - Entry count for : http://localhost:60837 : 1
16:05:43.621 [AsyncHttpClient-1-1] DEBUG org.asynchttpclient.netty.channel.DefaultChannelPool - Entry count for : http://localhost:60837 : 1
16:05:44.723 [AsyncHttpClient-1-1] DEBUG org.asynchttpclient.netty.channel.DefaultChannelPool - Entry count for : http://localhost:60837 : 1
16:05:45.047 [AsyncHttpClient-1-12] DEBUG org.asynchttpclient.netty.handler.HttpHandler - 

Request DefaultHttpRequest(decodeResult: success, version: HTTP/1.1)
POST /session/c955731bbb400c427756f3ecefdbb0ab/url HTTP/1.1
User-Agent: selenium/4.1.2 (java windows)
Content-Length: 67
Content-Type: application/json; charset=utf-8
host: localhost:51299
accept: */*

Response DefaultHttpResponse(decodeResult: success, version: HTTP/1.1)
HTTP/1.1 200 OK
Content-Type: application/json; charset=utf-8
cache-control: no-cache
content-length: 14

16:05:45.047 [AsyncHttpClient-1-12] DEBUG org.asynchttpclient.netty.channel.ChannelManager - Adding key: http://localhost:51299 for channel [id: 0xaba261e1, L:/127.0.0.1:60836 - R:localhost/127.0.0.1:51299]
16:05:45.047 [Forwarding setTimeout on session c955731bbb400c427756f3ecefdbb0ab to remote] DEBUG org.asynchttpclient.netty.request.NettyRequestSender - Using pooled Channel '[id: 0xaba261e1, L:/127.0.0.1:60836 - R:localhost/127.0.0.1:51299]' for 'POST' to 'http://localhost:51299/session/c955731bbb400c427756f3ecefdbb0ab/timeouts'
16:05:45.047 [Forwarding setTimeout on session c955731bbb400c427756f3ecefdbb0ab to remote] DEBUG org.asynchttpclient.netty.request.NettyRequestSender - Using open Channel [id: 0xaba261e1, L:/127.0.0.1:60836 - R:localhost/127.0.0.1:51299] for POST '/session/c955731bbb400c427756f3ecefdbb0ab/timeouts'
16:05:45.063 [AsyncHttpClient-1-12] DEBUG org.asynchttpclient.netty.handler.HttpHandler - 

Request DefaultHttpRequest(decodeResult: success, version: HTTP/1.1)
POST /session/c955731bbb400c427756f3ecefdbb0ab/timeouts HTTP/1.1
User-Agent: selenium/4.1.2 (java windows)
Content-Length: 22
Content-Type: application/json; charset=utf-8
host: localhost:51299
accept: */*

Response DefaultHttpResponse(decodeResult: success, version: HTTP/1.1)
HTTP/1.1 200 OK
Content-Type: application/json; charset=utf-8
cache-control: no-cache
content-length: 14

16:05:45.063 [AsyncHttpClient-1-12] DEBUG org.asynchttpclient.netty.channel.ChannelManager - Adding key: http://localhost:51299 for channel [id: 0xaba261e1, L:/127.0.0.1:60836 - R:localhost/127.0.0.1:51299]
16:05:45.066 [Forwarding getCurrentUrl on session c955731bbb400c427756f3ecefdbb0ab to remote] DEBUG org.asynchttpclient.netty.request.NettyRequestSender - Using pooled Channel '[id: 0xaba261e1, L:/127.0.0.1:60836 - R:localhost/127.0.0.1:51299]' for 'GET' to 'http://localhost:51299/session/c955731bbb400c427756f3ecefdbb0ab/url'
16:05:45.067 [Forwarding getCurrentUrl on session c955731bbb400c427756f3ecefdbb0ab to remote] DEBUG org.asynchttpclient.netty.request.NettyRequestSender - Using open Channel [id: 0xaba261e1, L:/127.0.0.1:60836 - R:localhost/127.0.0.1:51299] for GET '/session/c955731bbb400c427756f3ecefdbb0ab/url'
16:05:45.115 [AsyncHttpClient-1-12] DEBUG org.asynchttpclient.netty.handler.HttpHandler - 

Request DefaultFullHttpRequest(decodeResult: success, version: HTTP/1.1, content: EmptyByteBufBE)
GET /session/c955731bbb400c427756f3ecefdbb0ab/url HTTP/1.1
User-Agent: selenium/4.1.2 (java windows)
Cache-Control: no-cache
Content-Type: application/json; charset=utf-8
host: localhost:51299
accept: */*

Response DefaultHttpResponse(decodeResult: success, version: HTTP/1.1)
HTTP/1.1 200 OK
Content-Type: application/json; charset=utf-8
cache-control: no-cache
content-length: 49

16:05:45.115 [AsyncHttpClient-1-12] DEBUG org.asynchttpclient.netty.channel.ChannelManager - Adding key: http://localhost:51299 for channel [id: 0xaba261e1, L:/127.0.0.1:60836 - R:localhost/127.0.0.1:51299]
  &amp#27;[32mGiven &amp#27;[0m&amp#27;[32mi access the web&amp#27;[0m                &amp#27;[90m# starter.stepdefinitions.registerSteps.iAccessTheWeb()&amp#27;[0m
16:05:45.135 [Forwarding screenshot on session c955731bbb400c427756f3ecefdbb0ab to remote] DEBUG org.asynchttpclient.netty.request.NettyRequestSender - Using pooled Channel '[id: 0xaba261e1, L:/127.0.0.1:60836 - R:localhost/127.0.0.1:51299]' for 'GET' to 'http://localhost:51299/session/c955731bbb400c427756f3ecefdbb0ab/screenshot'
16:05:45.135 [Forwarding screenshot on session c955731bbb400c427756f3ecefdbb0ab to remote] DEBUG org.asynchttpclient.netty.request.NettyRequestSender - Using open Channel [id: 0xaba261e1, L:/127.0.0.1:60836 - R:localhost/127.0.0.1:51299] for GET '/session/c955731bbb400c427756f3ecefdbb0ab/screenshot'
16:05:45.636 [AsyncHttpClient-1-12] DEBUG org.asynchttpclient.netty.handler.HttpHandler - 

Request DefaultFullHttpRequest(decodeResult: success, version: HTTP/1.1, content: EmptyByteBufBE)
GET /session/c955731bbb400c427756f3ecefdbb0ab/screenshot HTTP/1.1
User-Agent: selenium/4.1.2 (java windows)
Cache-Control: no-cache
Content-Type: application/json; charset=utf-8
host: localhost:51299
accept: */*

Response DefaultHttpResponse(decodeResult: success, version: HTTP/1.1)
HTTP/1.1 200 OK
Content-Type: application/json; charset=utf-8
cache-control: no-cache
content-length: 354376

16:05:45.638 [AsyncHttpClient-1-12] DEBUG org.asynchttpclient.netty.channel.ChannelManager - Adding key: http://localhost:51299 for channel [id: 0xaba261e1, L:/127.0.0.1:60836 - R:localhost/127.0.0.1:51299]
16:05:45.656 [main] DEBUG net.serenitybdd.core.photography.Darkroom - Send negative for processing for target\site\serenity\4660354df54a12fcd895682f5709ada0fe64cb7be35e163b54bdc9c5bb06ca8f.png
16:05:45.666 [Forwarding findElement on session c955731bbb400c427756f3ecefdbb0ab to remote] DEBUG org.asynchttpclient.netty.request.NettyRequestSender - Using pooled Channel '[id: 0xaba261e1, L:/127.0.0.1:60836 - R:localhost/127.0.0.1:51299]' for 'POST' to 'http://localhost:51299/session/c955731bbb400c427756f3ecefdbb0ab/element'
16:05:45.666 [Forwarding findElement on session c955731bbb400c427756f3ecefdbb0ab to remote] DEBUG org.asynchttpclient.netty.request.NettyRequestSender - Using open Channel [id: 0xaba261e1, L:/127.0.0.1:60836 - R:localhost/127.0.0.1:51299] for POST '/session/c955731bbb400c427756f3ecefdbb0ab/element'
16:05:45.716 [AsyncHttpClient-1-12] DEBUG org.asynchttpclient.netty.handler.HttpHandler - 

Request DefaultHttpRequest(decodeResult: success, version: HTTP/1.1)
POST /session/c955731bbb400c427756f3ecefdbb0ab/element HTTP/1.1
User-Agent: selenium/4.1.2 (java windows)
Content-Length: 55
Content-Type: application/json; charset=utf-8
host: localhost:51299
accept: */*

Response DefaultHttpResponse(decodeResult: success, version: HTTP/1.1)
HTTP/1.1 200 OK
Content-Type: application/json; charset=utf-8
cache-control: no-cache
content-length: 88

16:05:45.716 [AsyncHttpClient-1-12] DEBUG org.asynchttpclient.netty.channel.ChannelManager - Adding key: http://localhost:51299 for channel [id: 0xaba261e1, L:/127.0.0.1:60836 - R:localhost/127.0.0.1:51299]
16:05:45.730 [Forwarding isElementDisplayed on session c955731bbb400c427756f3ecefdbb0ab to remote] DEBUG org.asynchttpclient.netty.request.NettyRequestSender - Using pooled Channel '[id: 0xaba261e1, L:/127.0.0.1:60836 - R:localhost/127.0.0.1:51299]' for 'POST' to 'http://localhost:51299/session/c955731bbb400c427756f3ecefdbb0ab/execute/sync'
16:05:45.730 [Forwarding isElementDisplayed on session c955731bbb400c427756f3ecefdbb0ab to remote] DEBUG org.asynchttpclient.netty.request.NettyRequestSender - Using open Channel [id: 0xaba261e1, L:/127.0.0.1:60836 - R:localhost/127.0.0.1:51299] for POST '/session/c955731bbb400c427756f3ecefdbb0ab/execute/sync'
16:05:45.765 [AsyncHttpClient-1-12] DEBUG org.asynchttpclient.netty.handler.HttpHandler - 

Request DefaultHttpRequest(decodeResult: success, version: HTTP/1.1)
POST /session/c955731bbb400c427756f3ecefdbb0ab/execute/sync HTTP/1.1
User-Agent: selenium/4.1.2 (java windows)
Content-Length: 48780
Content-Type: application/json; charset=utf-8
host: localhost:51299
accept: */*

Response DefaultHttpResponse(decodeResult: success, version: HTTP/1.1)
HTTP/1.1 200 OK
Content-Type: application/json; charset=utf-8
cache-control: no-cache
content-length: 14

16:05:45.765 [AsyncHttpClient-1-12] DEBUG org.asynchttpclient.netty.channel.ChannelManager - Adding key: http://localhost:51299 for channel [id: 0xaba261e1, L:/127.0.0.1:60836 - R:localhost/127.0.0.1:51299]
16:05:45.776 [Forwarding findElement on session c955731bbb400c427756f3ecefdbb0ab to remote] DEBUG org.asynchttpclient.netty.request.NettyRequestSender - Using pooled Channel '[id: 0xaba261e1, L:/127.0.0.1:60836 - R:localhost/127.0.0.1:51299]' for 'POST' to 'http://localhost:51299/session/c955731bbb400c427756f3ecefdbb0ab/element'
16:05:45.776 [Forwarding findElement on session c955731bbb400c427756f3ecefdbb0ab to remote] DEBUG org.asynchttpclient.netty.request.NettyRequestSender - Using open Channel [id: 0xaba261e1, L:/127.0.0.1:60836 - R:localhost/127.0.0.1:51299] for POST '/session/c955731bbb400c427756f3ecefdbb0ab/element'
16:05:45.816 [AsyncHttpClient-1-12] DEBUG org.asynchttpclient.netty.handler.HttpHandler - 

Request DefaultHttpRequest(decodeResult: success, version: HTTP/1.1)
POST /session/c955731bbb400c427756f3ecefdbb0ab/element HTTP/1.1
User-Agent: selenium/4.1.2 (java windows)
Content-Length: 72
Content-Type: application/json; charset=utf-8
host: localhost:51299
accept: */*

Response DefaultHttpResponse(decodeResult: success, version: HTTP/1.1)
HTTP/1.1 200 OK
Content-Type: application/json; charset=utf-8
cache-control: no-cache
content-length: 88

16:05:45.816 [AsyncHttpClient-1-12] DEBUG org.asynchttpclient.netty.channel.ChannelManager - Adding key: http://localhost:51299 for channel [id: 0xaba261e1, L:/127.0.0.1:60836 - R:localhost/127.0.0.1:51299]
16:05:45.824 [Forwarding getElementTagName on session c955731bbb400c427756f3ecefdbb0ab to remote] DEBUG org.asynchttpclient.netty.request.NettyRequestSender - Using pooled Channel '[id: 0xaba261e1, L:/127.0.0.1:60836 - R:localhost/127.0.0.1:51299]' for 'GET' to 'http://localhost:51299/session/c955731bbb400c427756f3ecefdbb0ab/element/0eac83c1-6536-4848-bb60-8857c4c66413/name'
16:05:45.824 [AsyncHttpClient-1-1] DEBUG org.asynchttpclient.netty.channel.DefaultChannelPool - Entry count for : http://localhost:60837 : 1
16:05:45.824 [Forwarding getElementTagName on session c955731bbb400c427756f3ecefdbb0ab to remote] DEBUG org.asynchttpclient.netty.request.NettyRequestSender - Using open Channel [id: 0xaba261e1, L:/127.0.0.1:60836 - R:localhost/127.0.0.1:51299] for GET '/session/c955731bbb400c427756f3ecefdbb0ab/element/0eac83c1-6536-4848-bb60-8857c4c66413/name'
16:05:45.866 [AsyncHttpClient-1-12] DEBUG org.asynchttpclient.netty.handler.HttpHandler - 

Request DefaultFullHttpRequest(decodeResult: success, version: HTTP/1.1, content: EmptyByteBufBE)
GET /session/c955731bbb400c427756f3ecefdbb0ab/element/0eac83c1-6536-4848-bb60-8857c4c66413/name HTTP/1.1
User-Agent: selenium/4.1.2 (java windows)
Cache-Control: no-cache
Content-Type: application/json; charset=utf-8
host: localhost:51299
accept: */*

Response DefaultHttpResponse(decodeResult: success, version: HTTP/1.1)
HTTP/1.1 200 OK
Content-Type: application/json; charset=utf-8
cache-control: no-cache
content-length: 13

16:05:45.866 [AsyncHttpClient-1-12] DEBUG org.asynchttpclient.netty.channel.ChannelManager - Adding key: http://localhost:51299 for channel [id: 0xaba261e1, L:/127.0.0.1:60836 - R:localhost/127.0.0.1:51299]
16:05:45.870 [Forwarding getElementTagName on session c955731bbb400c427756f3ecefdbb0ab to remote] DEBUG org.asynchttpclient.netty.request.NettyRequestSender - Using pooled Channel '[id: 0xaba261e1, L:/127.0.0.1:60836 - R:localhost/127.0.0.1:51299]' for 'GET' to 'http://localhost:51299/session/c955731bbb400c427756f3ecefdbb0ab/element/0eac83c1-6536-4848-bb60-8857c4c66413/name'
16:05:45.870 [Forwarding getElementTagName on session c955731bbb400c427756f3ecefdbb0ab to remote] DEBUG org.asynchttpclient.netty.request.NettyRequestSender - Using open Channel [id: 0xaba261e1, L:/127.0.0.1:60836 - R:localhost/127.0.0.1:51299] for GET '/session/c955731bbb400c427756f3ecefdbb0ab/element/0eac83c1-6536-4848-bb60-8857c4c66413/name'
16:05:45.920 [AsyncHttpClient-1-12] DEBUG org.asynchttpclient.netty.handler.HttpHandler - 

Request DefaultFullHttpRequest(decodeResult: success, version: HTTP/1.1, content: EmptyByteBufBE)
GET /session/c955731bbb400c427756f3ecefdbb0ab/element/0eac83c1-6536-4848-bb60-8857c4c66413/name HTTP/1.1
User-Agent: selenium/4.1.2 (java windows)
Cache-Control: no-cache
Content-Type: application/json; charset=utf-8
host: localhost:51299
accept: */*

Response DefaultHttpResponse(decodeResult: success, version: HTTP/1.1)
HTTP/1.1 200 OK
Content-Type: application/json; charset=utf-8
cache-control: no-cache
content-length: 13

16:05:45.920 [AsyncHttpClient-1-12] DEBUG org.asynchttpclient.netty.channel.ChannelManager - Adding key: http://localhost:51299 for channel [id: 0xaba261e1, L:/127.0.0.1:60836 - R:localhost/127.0.0.1:51299]
16:05:45.921 [Forwarding findElement on session c955731bbb400c427756f3ecefdbb0ab to remote] DEBUG org.asynchttpclient.netty.request.NettyRequestSender - Using pooled Channel '[id: 0xaba261e1, L:/127.0.0.1:60836 - R:localhost/127.0.0.1:51299]' for 'POST' to 'http://localhost:51299/session/c955731bbb400c427756f3ecefdbb0ab/element'
16:05:45.921 [Forwarding findElement on session c955731bbb400c427756f3ecefdbb0ab to remote] DEBUG org.asynchttpclient.netty.request.NettyRequestSender - Using open Channel [id: 0xaba261e1, L:/127.0.0.1:60836 - R:localhost/127.0.0.1:51299] for POST '/session/c955731bbb400c427756f3ecefdbb0ab/element'
16:05:45.965 [AsyncHttpClient-1-12] DEBUG org.asynchttpclient.netty.handler.HttpHandler - 

Request DefaultHttpRequest(decodeResult: success, version: HTTP/1.1)
POST /session/c955731bbb400c427756f3ecefdbb0ab/element HTTP/1.1
User-Agent: selenium/4.1.2 (java windows)
Content-Length: 72
Content-Type: application/json; charset=utf-8
host: localhost:51299
accept: */*

Response DefaultHttpResponse(decodeResult: success, version: HTTP/1.1)
HTTP/1.1 200 OK
Content-Type: application/json; charset=utf-8
cache-control: no-cache
content-length: 88

16:05:45.965 [AsyncHttpClient-1-12] DEBUG org.asynchttpclient.netty.channel.ChannelManager - Adding key: http://localhost:51299 for channel [id: 0xaba261e1, L:/127.0.0.1:60836 - R:localhost/127.0.0.1:51299]
16:05:45.973 [Forwarding clickElement on session c955731bbb400c427756f3ecefdbb0ab to remote] DEBUG org.asynchttpclient.netty.request.NettyRequestSender - Using pooled Channel '[id: 0xaba261e1, L:/127.0.0.1:60836 - R:localhost/127.0.0.1:51299]' for 'POST' to 'http://localhost:51299/session/c955731bbb400c427756f3ecefdbb0ab/element/0eac83c1-6536-4848-bb60-8857c4c66413/click'
16:05:45.973 [Forwarding clickElement on session c955731bbb400c427756f3ecefdbb0ab to remote] DEBUG org.asynchttpclient.netty.request.NettyRequestSender - Using open Channel [id: 0xaba261e1, L:/127.0.0.1:60836 - R:localhost/127.0.0.1:51299] for POST '/session/c955731bbb400c427756f3ecefdbb0ab/element/0eac83c1-6536-4848-bb60-8857c4c66413/click'
16:05:46.175 [AsyncHttpClient-1-12] DEBUG org.asynchttpclient.netty.handler.HttpHandler - 

Request DefaultHttpRequest(decodeResult: success, version: HTTP/1.1)
POST /session/c955731bbb400c427756f3ecefdbb0ab/element/0eac83c1-6536-4848-bb60-8857c4c66413/click HTTP/1.1
User-Agent: selenium/4.1.2 (java windows)
Content-Length: 50
Content-Type: application/json; charset=utf-8
host: localhost:51299
accept: */*

Response DefaultHttpResponse(decodeResult: success, version: HTTP/1.1)
HTTP/1.1 200 OK
Content-Type: application/json; charset=utf-8
cache-control: no-cache
content-length: 14

16:05:46.175 [AsyncHttpClient-1-12] DEBUG org.asynchttpclient.netty.channel.ChannelManager - Adding key: http://localhost:51299 for channel [id: 0xaba261e1, L:/127.0.0.1:60836 - R:localhost/127.0.0.1:51299]
  &amp#27;[32mWhen &amp#27;[0m&amp#27;[32mi click get started&amp#27;[0m              &amp#27;[90m# starter.stepdefinitions.registerSteps.iClickGetStarted()&amp#27;[0m
16:05:46.195 [Forwarding screenshot on session c955731bbb400c427756f3ecefdbb0ab to remote] DEBUG org.asynchttpclient.netty.request.NettyRequestSender - Using pooled Channel '[id: 0xaba261e1, L:/127.0.0.1:60836 - R:localhost/127.0.0.1:51299]' for 'GET' to 'http://localhost:51299/session/c955731bbb400c427756f3ecefdbb0ab/screenshot'
16:05:46.195 [Forwarding screenshot on session c955731bbb400c427756f3ecefdbb0ab to remote] DEBUG org.asynchttpclient.netty.request.NettyRequestSender - Using open Channel [id: 0xaba261e1, L:/127.0.0.1:60836 - R:localhost/127.0.0.1:51299] for GET '/session/c955731bbb400c427756f3ecefdbb0ab/screenshot'
16:05:46.696 [AsyncHttpClient-1-12] DEBUG org.asynchttpclient.netty.handler.HttpHandler - 

Request DefaultFullHttpRequest(decodeResult: success, version: HTTP/1.1, content: EmptyByteBufBE)
GET /session/c955731bbb400c427756f3ecefdbb0ab/screenshot HTTP/1.1
User-Agent: selenium/4.1.2 (java windows)
Cache-Control: no-cache
Content-Type: application/json; charset=utf-8
host: localhost:51299
accept: */*

Response DefaultHttpResponse(decodeResult: success, version: HTTP/1.1)
HTTP/1.1 200 OK
Content-Type: application/json; charset=utf-8
cache-control: no-cache
content-length: 142844

16:05:46.698 [AsyncHttpClient-1-12] DEBUG org.asynchttpclient.netty.channel.ChannelManager - Adding key: http://localhost:51299 for channel [id: 0xaba261e1, L:/127.0.0.1:60836 - R:localhost/127.0.0.1:51299]
16:05:46.704 [main] DEBUG net.serenitybdd.core.photography.Darkroom - Send negative for processing for target\site\serenity\d5b7ddbd127a0cd8070ae93273a016960b23ee3e59b94610945801d8f48ca0d4.png
16:05:46.704 [Darkroom Processing Line] DEBUG net.serenitybdd.core.photography.DarkroomProcessingLine - Processing screenshot image in /var/screenshots/screenshot-1659403955181303509
16:05:46.704 [Darkroom Processing Line] DEBUG net.serenitybdd.core.photography.DarkroomProcessingLine - Saving screenshot to target\site\serenity\d5b7ddbd127a0cd8070ae93273a016960b23ee3e59b94610945801d8f48ca0d4.png
16:05:46.720 [Forwarding findElement on session c955731bbb400c427756f3ecefdbb0ab to remote] DEBUG org.asynchttpclient.netty.request.NettyRequestSender - Using pooled Channel '[id: 0xaba261e1, L:/127.0.0.1:60836 - R:localhost/127.0.0.1:51299]' for 'POST' to 'http://localhost:51299/session/c955731bbb400c427756f3ecefdbb0ab/element'
16:05:46.720 [Forwarding findElement on session c955731bbb400c427756f3ecefdbb0ab to remote] DEBUG org.asynchttpclient.netty.request.NettyRequestSender - Using open Channel [id: 0xaba261e1, L:/127.0.0.1:60836 - R:localhost/127.0.0.1:51299] for POST '/session/c955731bbb400c427756f3ecefdbb0ab/element'
16:05:46.758 [AsyncHttpClient-1-12] DEBUG org.asynchttpclient.netty.handler.HttpHandler - 

Request DefaultHttpRequest(decodeResult: success, version: HTTP/1.1)
POST /session/c955731bbb400c427756f3ecefdbb0ab/element HTTP/1.1
User-Agent: selenium/4.1.2 (java windows)
Content-Length: 68
Content-Type: application/json; charset=utf-8
host: localhost:51299
accept: */*

Response DefaultHttpResponse(decodeResult: success, version: HTTP/1.1)
HTTP/1.1 200 OK
Content-Type: application/json; charset=utf-8
cache-control: no-cache
content-length: 88

16:05:46.758 [AsyncHttpClient-1-12] DEBUG org.asynchttpclient.netty.channel.ChannelManager - Adding key: http://localhost:51299 for channel [id: 0xaba261e1, L:/127.0.0.1:60836 - R:localhost/127.0.0.1:51299]
16:05:46.758 [Forwarding getElementTagName on session c955731bbb400c427756f3ecefdbb0ab to remote] DEBUG org.asynchttpclient.netty.request.NettyRequestSender - Using pooled Channel '[id: 0xaba261e1, L:/127.0.0.1:60836 - R:localhost/127.0.0.1:51299]' for 'GET' to 'http://localhost:51299/session/c955731bbb400c427756f3ecefdbb0ab/element/a22cfe3a-544d-4a69-a7df-23c2512e6e47/name'
16:05:46.758 [Forwarding getElementTagName on session c955731bbb400c427756f3ecefdbb0ab to remote] DEBUG org.asynchttpclient.netty.request.NettyRequestSender - Using open Channel [id: 0xaba261e1, L:/127.0.0.1:60836 - R:localhost/127.0.0.1:51299] for GET '/session/c955731bbb400c427756f3ecefdbb0ab/element/a22cfe3a-544d-4a69-a7df-23c2512e6e47/name'
16:05:46.765 [AsyncHttpClient-1-12] DEBUG org.asynchttpclient.netty.handler.HttpHandler - 

Request DefaultFullHttpRequest(decodeResult: success, version: HTTP/1.1, content: EmptyByteBufBE)
GET /session/c955731bbb400c427756f3ecefdbb0ab/element/a22cfe3a-544d-4a69-a7df-23c2512e6e47/name HTTP/1.1
User-Agent: selenium/4.1.2 (java windows)
Cache-Control: no-cache
Content-Type: application/json; charset=utf-8
host: localhost:51299
accept: */*

Response DefaultHttpResponse(decodeResult: success, version: HTTP/1.1)
HTTP/1.1 200 OK
Content-Type: application/json; charset=utf-8
cache-control: no-cache
content-length: 13

16:05:46.765 [AsyncHttpClient-1-12] DEBUG org.asynchttpclient.netty.channel.ChannelManager - Adding key: http://localhost:51299 for channel [id: 0xaba261e1, L:/127.0.0.1:60836 - R:localhost/127.0.0.1:51299]
16:05:46.765 [Forwarding getElementTagName on session c955731bbb400c427756f3ecefdbb0ab to remote] DEBUG org.asynchttpclient.netty.request.NettyRequestSender - Using pooled Channel '[id: 0xaba261e1, L:/127.0.0.1:60836 - R:localhost/127.0.0.1:51299]' for 'GET' to 'http://localhost:51299/session/c955731bbb400c427756f3ecefdbb0ab/element/a22cfe3a-544d-4a69-a7df-23c2512e6e47/name'
16:05:46.765 [Forwarding getElementTagName on session c955731bbb400c427756f3ecefdbb0ab to remote] DEBUG org.asynchttpclient.netty.request.NettyRequestSender - Using open Channel [id: 0xaba261e1, L:/127.0.0.1:60836 - R:localhost/127.0.0.1:51299] for GET '/session/c955731bbb400c427756f3ecefdbb0ab/element/a22cfe3a-544d-4a69-a7df-23c2512e6e47/name'
16:05:46.778 [AsyncHttpClient-1-12] DEBUG org.asynchttpclient.netty.handler.HttpHandler - 

Request DefaultFullHttpRequest(decodeResult: success, version: HTTP/1.1, content: EmptyByteBufBE)
GET /session/c955731bbb400c427756f3ecefdbb0ab/element/a22cfe3a-544d-4a69-a7df-23c2512e6e47/name HTTP/1.1
User-Agent: selenium/4.1.2 (java windows)
Cache-Control: no-cache
Content-Type: application/json; charset=utf-8
host: localhost:51299
accept: */*

Response DefaultHttpResponse(decodeResult: success, version: HTTP/1.1)
HTTP/1.1 200 OK
Content-Type: application/json; charset=utf-8
cache-control: no-cache
content-length: 13

16:05:46.778 [AsyncHttpClient-1-12] DEBUG org.asynchttpclient.netty.channel.ChannelManager - Adding key: http://localhost:51299 for channel [id: 0xaba261e1, L:/127.0.0.1:60836 - R:localhost/127.0.0.1:51299]
16:05:46.778 [Forwarding findElement on session c955731bbb400c427756f3ecefdbb0ab to remote] DEBUG org.asynchttpclient.netty.request.NettyRequestSender - Using pooled Channel '[id: 0xaba261e1, L:/127.0.0.1:60836 - R:localhost/127.0.0.1:51299]' for 'POST' to 'http://localhost:51299/session/c955731bbb400c427756f3ecefdbb0ab/element'
16:05:46.778 [Forwarding findElement on session c955731bbb400c427756f3ecefdbb0ab to remote] DEBUG org.asynchttpclient.netty.request.NettyRequestSender - Using open Channel [id: 0xaba261e1, L:/127.0.0.1:60836 - R:localhost/127.0.0.1:51299] for POST '/session/c955731bbb400c427756f3ecefdbb0ab/element'
16:05:46.794 [AsyncHttpClient-1-12] DEBUG org.asynchttpclient.netty.handler.HttpHandler - 

Request DefaultHttpRequest(decodeResult: success, version: HTTP/1.1)
POST /session/c955731bbb400c427756f3ecefdbb0ab/element HTTP/1.1
User-Agent: selenium/4.1.2 (java windows)
Content-Length: 68
Content-Type: application/json; charset=utf-8
host: localhost:51299
accept: */*

Response DefaultHttpResponse(decodeResult: success, version: HTTP/1.1)
HTTP/1.1 200 OK
Content-Type: application/json; charset=utf-8
cache-control: no-cache
content-length: 88

16:05:46.794 [AsyncHttpClient-1-12] DEBUG org.asynchttpclient.netty.channel.ChannelManager - Adding key: http://localhost:51299 for channel [id: 0xaba261e1, L:/127.0.0.1:60836 - R:localhost/127.0.0.1:51299]
16:05:46.794 [Forwarding clickElement on session c955731bbb400c427756f3ecefdbb0ab to remote] DEBUG org.asynchttpclient.netty.request.NettyRequestSender - Using pooled Channel '[id: 0xaba261e1, L:/127.0.0.1:60836 - R:localhost/127.0.0.1:51299]' for 'POST' to 'http://localhost:51299/session/c955731bbb400c427756f3ecefdbb0ab/element/a22cfe3a-544d-4a69-a7df-23c2512e6e47/click'
16:05:46.794 [Forwarding clickElement on session c955731bbb400c427756f3ecefdbb0ab to remote] DEBUG org.asynchttpclient.netty.request.NettyRequestSender - Using open Channel [id: 0xaba261e1, L:/127.0.0.1:60836 - R:localhost/127.0.0.1:51299] for POST '/session/c955731bbb400c427756f3ecefdbb0ab/element/a22cfe3a-544d-4a69-a7df-23c2512e6e47/click'
16:05:46.866 [AsyncHttpClient-1-12] DEBUG org.asynchttpclient.netty.handler.HttpHandler - 

Request DefaultHttpRequest(decodeResult: success, version: HTTP/1.1)
POST /session/c955731bbb400c427756f3ecefdbb0ab/element/a22cfe3a-544d-4a69-a7df-23c2512e6e47/click HTTP/1.1
User-Agent: selenium/4.1.2 (java windows)
Content-Length: 50
Content-Type: application/json; charset=utf-8
host: localhost:51299
accept: */*

Response DefaultHttpResponse(decodeResult: success, version: HTTP/1.1)
HTTP/1.1 200 OK
Content-Type: application/json; charset=utf-8
cache-control: no-cache
content-length: 14

16:05:46.866 [AsyncHttpClient-1-12] DEBUG org.asynchttpclient.netty.channel.ChannelManager - Adding key: http://localhost:51299 for channel [id: 0xaba261e1, L:/127.0.0.1:60836 - R:localhost/127.0.0.1:51299]
16:05:46.878 [Forwarding findElement on session c955731bbb400c427756f3ecefdbb0ab to remote] DEBUG org.asynchttpclient.netty.request.NettyRequestSender - Using pooled Channel '[id: 0xaba261e1, L:/127.0.0.1:60836 - R:localhost/127.0.0.1:51299]' for 'POST' to 'http://localhost:51299/session/c955731bbb400c427756f3ecefdbb0ab/element'
16:05:46.878 [Forwarding findElement on session c955731bbb400c427756f3ecefdbb0ab to remote] DEBUG org.asynchttpclient.netty.request.NettyRequestSender - Using open Channel [id: 0xaba261e1, L:/127.0.0.1:60836 - R:localhost/127.0.0.1:51299] for POST '/session/c955731bbb400c427756f3ecefdbb0ab/element'
16:05:46.911 [AsyncHttpClient-1-12] DEBUG org.asynchttpclient.netty.handler.HttpHandler - 

Request DefaultHttpRequest(decodeResult: success, version: HTTP/1.1)
POST /session/c955731bbb400c427756f3ecefdbb0ab/element HTTP/1.1
User-Agent: selenium/4.1.2 (java windows)
Content-Length: 69
Content-Type: application/json; charset=utf-8
host: localhost:51299
accept: */*

Response DefaultHttpResponse(decodeResult: success, version: HTTP/1.1)
HTTP/1.1 200 OK
Content-Type: application/json; charset=utf-8
cache-control: no-cache
content-length: 88

16:05:46.911 [AsyncHttpClient-1-12] DEBUG org.asynchttpclient.netty.channel.ChannelManager - Adding key: http://localhost:51299 for channel [id: 0xaba261e1, L:/127.0.0.1:60836 - R:localhost/127.0.0.1:51299]
16:05:46.917 [Forwarding isElementDisplayed on session c955731bbb400c427756f3ecefdbb0ab to remote] DEBUG org.asynchttpclient.netty.request.NettyRequestSender - Using pooled Channel '[id: 0xaba261e1, L:/127.0.0.1:60836 - R:localhost/127.0.0.1:51299]' for 'POST' to 'http://localhost:51299/session/c955731bbb400c427756f3ecefdbb0ab/execute/sync'
16:05:46.917 [Forwarding isElementDisplayed on session c955731bbb400c427756f3ecefdbb0ab to remote] DEBUG org.asynchttpclient.netty.request.NettyRequestSender - Using open Channel [id: 0xaba261e1, L:/127.0.0.1:60836 - R:localhost/127.0.0.1:51299] for POST '/session/c955731bbb400c427756f3ecefdbb0ab/execute/sync'
16:05:46.925 [AsyncHttpClient-1-1] DEBUG org.asynchttpclient.netty.channel.DefaultChannelPool - Entry count for : http://localhost:60837 : 1
16:05:46.933 [AsyncHttpClient-1-12] DEBUG org.asynchttpclient.netty.handler.HttpHandler - 

Request DefaultHttpRequest(decodeResult: success, version: HTTP/1.1)
POST /session/c955731bbb400c427756f3ecefdbb0ab/execute/sync HTTP/1.1
User-Agent: selenium/4.1.2 (java windows)
Content-Length: 48780
Content-Type: application/json; charset=utf-8
host: localhost:51299
accept: */*

Response DefaultHttpResponse(decodeResult: success, version: HTTP/1.1)
HTTP/1.1 200 OK
Content-Type: application/json; charset=utf-8
cache-control: no-cache
content-length: 14

16:05:46.937 [AsyncHttpClient-1-12] DEBUG org.asynchttpclient.netty.channel.ChannelManager - Adding key: http://localhost:51299 for channel [id: 0xaba261e1, L:/127.0.0.1:60836 - R:localhost/127.0.0.1:51299]
  &amp#27;[32mAnd &amp#27;[0m&amp#27;[32mi click sign up&amp#27;[0m                   &amp#27;[90m# starter.stepdefinitions.registerSteps.iClickSignUp()&amp#27;[0m
16:05:46.939 [Forwarding screenshot on session c955731bbb400c427756f3ecefdbb0ab to remote] DEBUG org.asynchttpclient.netty.request.NettyRequestSender - Using pooled Channel '[id: 0xaba261e1, L:/127.0.0.1:60836 - R:localhost/127.0.0.1:51299]' for 'GET' to 'http://localhost:51299/session/c955731bbb400c427756f3ecefdbb0ab/screenshot'
16:05:46.939 [Forwarding screenshot on session c955731bbb400c427756f3ecefdbb0ab to remote] DEBUG org.asynchttpclient.netty.request.NettyRequestSender - Using open Channel [id: 0xaba261e1, L:/127.0.0.1:60836 - R:localhost/127.0.0.1:51299] for GET '/session/c955731bbb400c427756f3ecefdbb0ab/screenshot'
16:05:47.175 [AsyncHttpClient-1-12] DEBUG org.asynchttpclient.netty.handler.HttpHandler - 

Request DefaultFullHttpRequest(decodeResult: success, version: HTTP/1.1, content: EmptyByteBufBE)
GET /session/c955731bbb400c427756f3ecefdbb0ab/screenshot HTTP/1.1
User-Agent: selenium/4.1.2 (java windows)
Cache-Control: no-cache
Content-Type: application/json; charset=utf-8
host: localhost:51299
accept: */*

Response DefaultHttpResponse(decodeResult: success, version: HTTP/1.1)
HTTP/1.1 200 OK
Content-Type: application/json; charset=utf-8
cache-control: no-cache
content-length: 81568

16:05:47.175 [AsyncHttpClient-1-12] DEBUG org.asynchttpclient.netty.channel.ChannelManager - Adding key: http://localhost:51299 for channel [id: 0xaba261e1, L:/127.0.0.1:60836 - R:localhost/127.0.0.1:51299]
16:05:47.188 [main] DEBUG net.serenitybdd.core.photography.Darkroom - Send negative for processing for target\site\serenity\81bb9696f03921b3d06a8622812e5869034001c6723a7737f148912eda68e002.png
16:05:47.188 [Darkroom Processing Line] DEBUG net.serenitybdd.core.photography.DarkroomProcessingLine - Processing screenshot image in /var/screenshots/screenshot-16360807622035255980
16:05:47.188 [Darkroom Processing Line] DEBUG net.serenitybdd.core.photography.DarkroomProcessingLine - Saving screenshot to target\site\serenity\81bb9696f03921b3d06a8622812e5869034001c6723a7737f148912eda68e002.png
16:05:47.196 [Forwarding findElement on session c955731bbb400c427756f3ecefdbb0ab to remote] DEBUG org.asynchttpclient.netty.request.NettyRequestSender - Using pooled Channel '[id: 0xaba261e1, L:/127.0.0.1:60836 - R:localhost/127.0.0.1:51299]' for 'POST' to 'http://localhost:51299/session/c955731bbb400c427756f3ecefdbb0ab/element'
16:05:47.196 [Forwarding findElement on session c955731bbb400c427756f3ecefdbb0ab to remote] DEBUG org.asynchttpclient.netty.request.NettyRequestSender - Using open Channel [id: 0xaba261e1, L:/127.0.0.1:60836 - R:localhost/127.0.0.1:51299] for POST '/session/c955731bbb400c427756f3ecefdbb0ab/element'
16:05:47.216 [AsyncHttpClient-1-12] DEBUG org.asynchttpclient.netty.handler.HttpHandler - 

Request DefaultHttpRequest(decodeResult: success, version: HTTP/1.1)
POST /session/c955731bbb400c427756f3ecefdbb0ab/element HTTP/1.1
User-Agent: selenium/4.1.2 (java windows)
Content-Length: 66
Content-Type: application/json; charset=utf-8
host: localhost:51299
accept: */*

Response DefaultHttpResponse(decodeResult: success, version: HTTP/1.1)
HTTP/1.1 200 OK
Content-Type: application/json; charset=utf-8
cache-control: no-cache
content-length: 88

16:05:47.216 [AsyncHttpClient-1-12] DEBUG org.asynchttpclient.netty.channel.ChannelManager - Adding key: http://localhost:51299 for channel [id: 0xaba261e1, L:/127.0.0.1:60836 - R:localhost/127.0.0.1:51299]
16:05:47.216 [Forwarding clearElement on session c955731bbb400c427756f3ecefdbb0ab to remote] DEBUG org.asynchttpclient.netty.request.NettyRequestSender - Using pooled Channel '[id: 0xaba261e1, L:/127.0.0.1:60836 - R:localhost/127.0.0.1:51299]' for 'POST' to 'http://localhost:51299/session/c955731bbb400c427756f3ecefdbb0ab/element/1abf5959-c202-4dd2-9f89-3cae75f04c8f/clear'
16:05:47.216 [Forwarding clearElement on session c955731bbb400c427756f3ecefdbb0ab to remote] DEBUG org.asynchttpclient.netty.request.NettyRequestSender - Using open Channel [id: 0xaba261e1, L:/127.0.0.1:60836 - R:localhost/127.0.0.1:51299] for POST '/session/c955731bbb400c427756f3ecefdbb0ab/element/1abf5959-c202-4dd2-9f89-3cae75f04c8f/clear'
16:05:47.267 [AsyncHttpClient-1-12] DEBUG org.asynchttpclient.netty.handler.HttpHandler - 

Request DefaultHttpRequest(decodeResult: success, version: HTTP/1.1)
POST /session/c955731bbb400c427756f3ecefdbb0ab/element/1abf5959-c202-4dd2-9f89-3cae75f04c8f/clear HTTP/1.1
User-Agent: selenium/4.1.2 (java windows)
Content-Length: 50
Content-Type: application/json; charset=utf-8
host: localhost:51299
accept: */*

Response DefaultHttpResponse(decodeResult: success, version: HTTP/1.1)
HTTP/1.1 200 OK
Content-Type: application/json; charset=utf-8
cache-control: no-cache
content-length: 14

16:05:47.267 [AsyncHttpClient-1-12] DEBUG org.asynchttpclient.netty.channel.ChannelManager - Adding key: http://localhost:51299 for channel [id: 0xaba261e1, L:/127.0.0.1:60836 - R:localhost/127.0.0.1:51299]
16:05:47.267 [Forwarding sendKeysToElement on session c955731bbb400c427756f3ecefdbb0ab to remote] DEBUG org.asynchttpclient.netty.request.NettyRequestSender - Using pooled Channel '[id: 0xaba261e1, L:/127.0.0.1:60836 - R:localhost/127.0.0.1:51299]' for 'POST' to 'http://localhost:51299/session/c955731bbb400c427756f3ecefdbb0ab/element/1abf5959-c202-4dd2-9f89-3cae75f04c8f/value'
16:05:47.267 [Forwarding sendKeysToElement on session c955731bbb400c427756f3ecefdbb0ab to remote] DEBUG org.asynchttpclient.netty.request.NettyRequestSender - Using open Channel [id: 0xaba261e1, L:/127.0.0.1:60836 - R:localhost/127.0.0.1:51299] for POST '/session/c955731bbb400c427756f3ecefdbb0ab/element/1abf5959-c202-4dd2-9f89-3cae75f04c8f/value'
16:05:47.324 [AsyncHttpClient-1-12] DEBUG org.asynchttpclient.netty.handler.HttpHandler - 

Request DefaultHttpRequest(decodeResult: success, version: HTTP/1.1)
POST /session/c955731bbb400c427756f3ecefdbb0ab/element/1abf5959-c202-4dd2-9f89-3cae75f04c8f/value HTTP/1.1
User-Agent: selenium/4.1.2 (java windows)
Content-Length: 82
Content-Type: application/json; charset=utf-8
host: localhost:51299
accept: */*

Response DefaultHttpResponse(decodeResult: success, version: HTTP/1.1)
HTTP/1.1 200 OK
Content-Type: application/json; charset=utf-8
cache-control: no-cache
content-length: 14

16:05:47.324 [AsyncHttpClient-1-12] DEBUG org.asynchttpclient.netty.channel.ChannelManager - Adding key: http://localhost:51299 for channel [id: 0xaba261e1, L:/127.0.0.1:60836 - R:localhost/127.0.0.1:51299]
16:05:47.324 [Forwarding findElement on session c955731bbb400c427756f3ecefdbb0ab to remote] DEBUG org.asynchttpclient.netty.request.NettyRequestSender - Using pooled Channel '[id: 0xaba261e1, L:/127.0.0.1:60836 - R:localhost/127.0.0.1:51299]' for 'POST' to 'http://localhost:51299/session/c955731bbb400c427756f3ecefdbb0ab/element'
16:05:47.324 [Forwarding findElement on session c955731bbb400c427756f3ecefdbb0ab to remote] DEBUG org.asynchttpclient.netty.request.NettyRequestSender - Using open Channel [id: 0xaba261e1, L:/127.0.0.1:60836 - R:localhost/127.0.0.1:51299] for POST '/session/c955731bbb400c427756f3ecefdbb0ab/element'
16:05:47.344 [AsyncHttpClient-1-12] DEBUG org.asynchttpclient.netty.handler.HttpHandler - 

Request DefaultHttpRequest(decodeResult: success, version: HTTP/1.1)
POST /session/c955731bbb400c427756f3ecefdbb0ab/element HTTP/1.1
User-Agent: selenium/4.1.2 (java windows)
Content-Length: 63
Content-Type: application/json; charset=utf-8
host: localhost:51299
accept: */*

Response DefaultHttpResponse(decodeResult: success, version: HTTP/1.1)
HTTP/1.1 200 OK
Content-Type: application/json; charset=utf-8
cache-control: no-cache
content-length: 88

16:05:47.344 [AsyncHttpClient-1-12] DEBUG org.asynchttpclient.netty.channel.ChannelManager - Adding key: http://localhost:51299 for channel [id: 0xaba261e1, L:/127.0.0.1:60836 - R:localhost/127.0.0.1:51299]
16:05:47.344 [Forwarding clearElement on session c955731bbb400c427756f3ecefdbb0ab to remote] DEBUG org.asynchttpclient.netty.request.NettyRequestSender - Using pooled Channel '[id: 0xaba261e1, L:/127.0.0.1:60836 - R:localhost/127.0.0.1:51299]' for 'POST' to 'http://localhost:51299/session/c955731bbb400c427756f3ecefdbb0ab/element/cf05f940-853b-448d-bea7-f011058987d4/clear'
16:05:47.344 [Forwarding clearElement on session c955731bbb400c427756f3ecefdbb0ab to remote] DEBUG org.asynchttpclient.netty.request.NettyRequestSender - Using open Channel [id: 0xaba261e1, L:/127.0.0.1:60836 - R:localhost/127.0.0.1:51299] for POST '/session/c955731bbb400c427756f3ecefdbb0ab/element/cf05f940-853b-448d-bea7-f011058987d4/clear'
16:05:47.386 [AsyncHttpClient-1-12] DEBUG org.asynchttpclient.netty.handler.HttpHandler - 

Request DefaultHttpRequest(decodeResult: success, version: HTTP/1.1)
POST /session/c955731bbb400c427756f3ecefdbb0ab/element/cf05f940-853b-448d-bea7-f011058987d4/clear HTTP/1.1
User-Agent: selenium/4.1.2 (java windows)
Content-Length: 50
Content-Type: application/json; charset=utf-8
host: localhost:51299
accept: */*

Response DefaultHttpResponse(decodeResult: success, version: HTTP/1.1)
HTTP/1.1 200 OK
Content-Type: application/json; charset=utf-8
cache-control: no-cache
content-length: 14

16:05:47.386 [AsyncHttpClient-1-12] DEBUG org.asynchttpclient.netty.channel.ChannelManager - Adding key: http://localhost:51299 for channel [id: 0xaba261e1, L:/127.0.0.1:60836 - R:localhost/127.0.0.1:51299]
16:05:47.386 [Forwarding sendKeysToElement on session c955731bbb400c427756f3ecefdbb0ab to remote] DEBUG org.asynchttpclient.netty.request.NettyRequestSender - Using pooled Channel '[id: 0xaba261e1, L:/127.0.0.1:60836 - R:localhost/127.0.0.1:51299]' for 'POST' to 'http://localhost:51299/session/c955731bbb400c427756f3ecefdbb0ab/element/cf05f940-853b-448d-bea7-f011058987d4/value'
16:05:47.386 [Forwarding sendKeysToElement on session c955731bbb400c427756f3ecefdbb0ab to remote] DEBUG org.asynchttpclient.netty.request.NettyRequestSender - Using open Channel [id: 0xaba261e1, L:/127.0.0.1:60836 - R:localhost/127.0.0.1:51299] for POST '/session/c955731bbb400c427756f3ecefdbb0ab/element/cf05f940-853b-448d-bea7-f011058987d4/value'
16:05:47.557 [AsyncHttpClient-1-12] DEBUG org.asynchttpclient.netty.handler.HttpHandler - 

Request DefaultHttpRequest(decodeResult: success, version: HTTP/1.1)
POST /session/c955731bbb400c427756f3ecefdbb0ab/element/cf05f940-853b-448d-bea7-f011058987d4/value HTTP/1.1
User-Agent: selenium/4.1.2 (java windows)
Content-Length: 331
Content-Type: application/json; charset=utf-8
host: localhost:51299
accept: */*

Response DefaultHttpResponse(decodeResult: success, version: HTTP/1.1)
HTTP/1.1 200 OK
Content-Type: application/json; charset=utf-8
cache-control: no-cache
content-length: 14

16:05:47.557 [AsyncHttpClient-1-12] DEBUG org.asynchttpclient.netty.channel.ChannelManager - Adding key: http://localhost:51299 for channel [id: 0xaba261e1, L:/127.0.0.1:60836 - R:localhost/127.0.0.1:51299]
16:05:47.557 [Forwarding findElement on session c955731bbb400c427756f3ecefdbb0ab to remote] DEBUG org.asynchttpclient.netty.request.NettyRequestSender - Using pooled Channel '[id: 0xaba261e1, L:/127.0.0.1:60836 - R:localhost/127.0.0.1:51299]' for 'POST' to 'http://localhost:51299/session/c955731bbb400c427756f3ecefdbb0ab/element'
16:05:47.557 [Forwarding findElement on session c955731bbb400c427756f3ecefdbb0ab to remote] DEBUG org.asynchttpclient.netty.request.NettyRequestSender - Using open Channel [id: 0xaba261e1, L:/127.0.0.1:60836 - R:localhost/127.0.0.1:51299] for POST '/session/c955731bbb400c427756f3ecefdbb0ab/element'
16:05:47.575 [AsyncHttpClient-1-12] DEBUG org.asynchttpclient.netty.handler.HttpHandler - 

Request DefaultHttpRequest(decodeResult: success, version: HTTP/1.1)
POST /session/c955731bbb400c427756f3ecefdbb0ab/element HTTP/1.1
User-Agent: selenium/4.1.2 (java windows)
Content-Length: 68
Content-Type: application/json; charset=utf-8
host: localhost:51299
accept: */*

Response DefaultHttpResponse(decodeResult: success, version: HTTP/1.1)
HTTP/1.1 200 OK
Content-Type: application/json; charset=utf-8
cache-control: no-cache
content-length: 88

16:05:47.575 [AsyncHttpClient-1-12] DEBUG org.asynchttpclient.netty.channel.ChannelManager - Adding key: http://localhost:51299 for channel [id: 0xaba261e1, L:/127.0.0.1:60836 - R:localhost/127.0.0.1:51299]
16:05:47.575 [Forwarding clearElement on session c955731bbb400c427756f3ecefdbb0ab to remote] DEBUG org.asynchttpclient.netty.request.NettyRequestSender - Using pooled Channel '[id: 0xaba261e1, L:/127.0.0.1:60836 - R:localhost/127.0.0.1:51299]' for 'POST' to 'http://localhost:51299/session/c955731bbb400c427756f3ecefdbb0ab/element/d8d2653d-3849-4b06-b68a-e08b27e7744c/clear'
16:05:47.575 [Forwarding clearElement on session c955731bbb400c427756f3ecefdbb0ab to remote] DEBUG org.asynchttpclient.netty.request.NettyRequestSender - Using open Channel [id: 0xaba261e1, L:/127.0.0.1:60836 - R:localhost/127.0.0.1:51299] for POST '/session/c955731bbb400c427756f3ecefdbb0ab/element/d8d2653d-3849-4b06-b68a-e08b27e7744c/clear'
16:05:47.619 [AsyncHttpClient-1-12] DEBUG org.asynchttpclient.netty.handler.HttpHandler - 

Request DefaultHttpRequest(decodeResult: success, version: HTTP/1.1)
POST /session/c955731bbb400c427756f3ecefdbb0ab/element/d8d2653d-3849-4b06-b68a-e08b27e7744c/clear HTTP/1.1
User-Agent: selenium/4.1.2 (java windows)
Content-Length: 50
Content-Type: application/json; charset=utf-8
host: localhost:51299
accept: */*

Response DefaultHttpResponse(decodeResult: success, version: HTTP/1.1)
HTTP/1.1 200 OK
Content-Type: application/json; charset=utf-8
cache-control: no-cache
content-length: 14

16:05:47.619 [AsyncHttpClient-1-12] DEBUG org.asynchttpclient.netty.channel.ChannelManager - Adding key: http://localhost:51299 for channel [id: 0xaba261e1, L:/127.0.0.1:60836 - R:localhost/127.0.0.1:51299]
16:05:47.619 [Forwarding sendKeysToElement on session c955731bbb400c427756f3ecefdbb0ab to remote] DEBUG org.asynchttpclient.netty.request.NettyRequestSender - Using pooled Channel '[id: 0xaba261e1, L:/127.0.0.1:60836 - R:localhost/127.0.0.1:51299]' for 'POST' to 'http://localhost:51299/session/c955731bbb400c427756f3ecefdbb0ab/element/d8d2653d-3849-4b06-b68a-e08b27e7744c/value'
16:05:47.619 [Forwarding sendKeysToElement on session c955731bbb400c427756f3ecefdbb0ab to remote] DEBUG org.asynchttpclient.netty.request.NettyRequestSender - Using open Channel [id: 0xaba261e1, L:/127.0.0.1:60836 - R:localhost/127.0.0.1:51299] for POST '/session/c955731bbb400c427756f3ecefdbb0ab/element/d8d2653d-3849-4b06-b68a-e08b27e7744c/value'
16:05:47.665 [AsyncHttpClient-1-12] DEBUG org.asynchttpclient.netty.handler.HttpHandler - 

Request DefaultHttpRequest(decodeResult: success, version: HTTP/1.1)
POST /session/c955731bbb400c427756f3ecefdbb0ab/element/d8d2653d-3849-4b06-b68a-e08b27e7744c/value HTTP/1.1
User-Agent: selenium/4.1.2 (java windows)
Content-Length: 82
Content-Type: application/json; charset=utf-8
host: localhost:51299
accept: */*

Response DefaultHttpResponse(decodeResult: success, version: HTTP/1.1)
HTTP/1.1 200 OK
Content-Type: application/json; charset=utf-8
cache-control: no-cache
content-length: 14

16:05:47.665 [AsyncHttpClient-1-12] DEBUG org.asynchttpclient.netty.channel.ChannelManager - Adding key: http://localhost:51299 for channel [id: 0xaba261e1, L:/127.0.0.1:60836 - R:localhost/127.0.0.1:51299]
16:05:47.673 [Forwarding findElement on session c955731bbb400c427756f3ecefdbb0ab to remote] DEBUG org.asynchttpclient.netty.request.NettyRequestSender - Using pooled Channel '[id: 0xaba261e1, L:/127.0.0.1:60836 - R:localhost/127.0.0.1:51299]' for 'POST' to 'http://localhost:51299/session/c955731bbb400c427756f3ecefdbb0ab/element'
16:05:47.673 [Forwarding findElement on session c955731bbb400c427756f3ecefdbb0ab to remote] DEBUG org.asynchttpclient.netty.request.NettyRequestSender - Using open Channel [id: 0xaba261e1, L:/127.0.0.1:60836 - R:localhost/127.0.0.1:51299] for POST '/session/c955731bbb400c427756f3ecefdbb0ab/element'
16:05:47.685 [AsyncHttpClient-1-12] DEBUG org.asynchttpclient.netty.handler.HttpHandler - 

Request DefaultHttpRequest(decodeResult: success, version: HTTP/1.1)
POST /session/c955731bbb400c427756f3ecefdbb0ab/element HTTP/1.1
User-Agent: selenium/4.1.2 (java windows)
Content-Length: 77
Content-Type: application/json; charset=utf-8
host: localhost:51299
accept: */*

Response DefaultHttpResponse(decodeResult: success, version: HTTP/1.1)
HTTP/1.1 200 OK
Content-Type: application/json; charset=utf-8
cache-control: no-cache
content-length: 88

16:05:47.685 [AsyncHttpClient-1-12] DEBUG org.asynchttpclient.netty.channel.ChannelManager - Adding key: http://localhost:51299 for channel [id: 0xaba261e1, L:/127.0.0.1:60836 - R:localhost/127.0.0.1:51299]
16:05:47.685 [Forwarding clearElement on session c955731bbb400c427756f3ecefdbb0ab to remote] DEBUG org.asynchttpclient.netty.request.NettyRequestSender - Using pooled Channel '[id: 0xaba261e1, L:/127.0.0.1:60836 - R:localhost/127.0.0.1:51299]' for 'POST' to 'http://localhost:51299/session/c955731bbb400c427756f3ecefdbb0ab/element/84e9bcd3-ab7c-4131-b8ba-4304ba2c471a/clear'
16:05:47.693 [Forwarding clearElement on session c955731bbb400c427756f3ecefdbb0ab to remote] DEBUG org.asynchttpclient.netty.request.NettyRequestSender - Using open Channel [id: 0xaba261e1, L:/127.0.0.1:60836 - R:localhost/127.0.0.1:51299] for POST '/session/c955731bbb400c427756f3ecefdbb0ab/element/84e9bcd3-ab7c-4131-b8ba-4304ba2c471a/clear'
16:05:47.756 [AsyncHttpClient-1-12] DEBUG org.asynchttpclient.netty.handler.HttpHandler - 

Request DefaultHttpRequest(decodeResult: success, version: HTTP/1.1)
POST /session/c955731bbb400c427756f3ecefdbb0ab/element/84e9bcd3-ab7c-4131-b8ba-4304ba2c471a/clear HTTP/1.1
User-Agent: selenium/4.1.2 (java windows)
Content-Length: 50
Content-Type: application/json; charset=utf-8
host: localhost:51299
accept: */*

Response DefaultHttpResponse(decodeResult: success, version: HTTP/1.1)
HTTP/1.1 200 OK
Content-Type: application/json; charset=utf-8
cache-control: no-cache
content-length: 14

16:05:47.756 [AsyncHttpClient-1-12] DEBUG org.asynchttpclient.netty.channel.ChannelManager - Adding key: http://localhost:51299 for channel [id: 0xaba261e1, L:/127.0.0.1:60836 - R:localhost/127.0.0.1:51299]
16:05:47.758 [Forwarding sendKeysToElement on session c955731bbb400c427756f3ecefdbb0ab to remote] DEBUG org.asynchttpclient.netty.request.NettyRequestSender - Using pooled Channel '[id: 0xaba261e1, L:/127.0.0.1:60836 - R:localhost/127.0.0.1:51299]' for 'POST' to 'http://localhost:51299/session/c955731bbb400c427756f3ecefdbb0ab/element/84e9bcd3-ab7c-4131-b8ba-4304ba2c471a/value'
16:05:47.758 [Forwarding sendKeysToElement on session c955731bbb400c427756f3ecefdbb0ab to remote] DEBUG org.asynchttpclient.netty.request.NettyRequestSender - Using open Channel [id: 0xaba261e1, L:/127.0.0.1:60836 - R:localhost/127.0.0.1:51299] for POST '/session/c955731bbb400c427756f3ecefdbb0ab/element/84e9bcd3-ab7c-4131-b8ba-4304ba2c471a/value'
16:05:47.794 [AsyncHttpClient-1-12] DEBUG org.asynchttpclient.netty.handler.HttpHandler - 

Request DefaultHttpRequest(decodeResult: success, version: HTTP/1.1)
POST /session/c955731bbb400c427756f3ecefdbb0ab/element/84e9bcd3-ab7c-4131-b8ba-4304ba2c471a/value HTTP/1.1
User-Agent: selenium/4.1.2 (java windows)
Content-Length: 82
Content-Type: application/json; charset=utf-8
host: localhost:51299
accept: */*

Response DefaultHttpResponse(decodeResult: success, version: HTTP/1.1)
HTTP/1.1 200 OK
Content-Type: application/json; charset=utf-8
cache-control: no-cache
content-length: 14

16:05:47.794 [AsyncHttpClient-1-12] DEBUG org.asynchttpclient.netty.channel.ChannelManager - Adding key: http://localhost:51299 for channel [id: 0xaba261e1, L:/127.0.0.1:60836 - R:localhost/127.0.0.1:51299]
  &amp#27;[32mAnd &amp#27;[0m&amp#27;[32mi input &amp#27;[0m&amp#27;[32m&amp#27;[1m""&amp#27;[0m&amp#27;[32m and &amp#27;[0m&amp#27;[32m&amp#27;[1m""&amp#27;[0m&amp#27;[32m and &amp#27;[0m&amp#27;[32m&amp#27;[1m""&amp#27;[0m&amp#27;[32m and &amp#27;[0m&amp#27;[32m&amp#27;[1m""&amp#27;[0m   &amp#27;[90m# starter.stepdefinitions.registerSteps.iInputAndAndAnd(java.lang.String,java.lang.String,java.lang.String,java.lang.String)&amp#27;[0m
16:05:47.802 [Forwarding screenshot on session c955731bbb400c427756f3ecefdbb0ab to remote] DEBUG org.asynchttpclient.netty.request.NettyRequestSender - Using pooled Channel '[id: 0xaba261e1, L:/127.0.0.1:60836 - R:localhost/127.0.0.1:51299]' for 'GET' to 'http://localhost:51299/session/c955731bbb400c427756f3ecefdbb0ab/screenshot'
16:05:47.802 [Forwarding screenshot on session c955731bbb400c427756f3ecefdbb0ab to remote] DEBUG org.asynchttpclient.netty.request.NettyRequestSender - Using open Channel [id: 0xaba261e1, L:/127.0.0.1:60836 - R:localhost/127.0.0.1:51299] for GET '/session/c955731bbb400c427756f3ecefdbb0ab/screenshot'
16:05:48.019 [AsyncHttpClient-1-1] DEBUG org.asynchttpclient.netty.channel.DefaultChannelPool - Entry count for : http://localhost:60837 : 1
16:05:48.246 [AsyncHttpClient-1-12] DEBUG org.asynchttpclient.netty.handler.HttpHandler - 

Request DefaultFullHttpRequest(decodeResult: success, version: HTTP/1.1, content: EmptyByteBufBE)
GET /session/c955731bbb400c427756f3ecefdbb0ab/screenshot HTTP/1.1
User-Agent: selenium/4.1.2 (java windows)
Cache-Control: no-cache
Content-Type: application/json; charset=utf-8
host: localhost:51299
accept: */*

Response DefaultHttpResponse(decodeResult: success, version: HTTP/1.1)
HTTP/1.1 200 OK
Content-Type: application/json; charset=utf-8
cache-control: no-cache
content-length: 148580

16:05:48.246 [AsyncHttpClient-1-12] DEBUG org.asynchttpclient.netty.channel.ChannelManager - Adding key: http://localhost:51299 for channel [id: 0xaba261e1, L:/127.0.0.1:60836 - R:localhost/127.0.0.1:51299]
16:05:48.255 [main] DEBUG net.serenitybdd.core.photography.Darkroom - Send negative for processing for target\site\serenity\13369764bff0fc59e59e137367d787241c2adb9f6204efe3ce951bc8e4f07598.png
16:05:48.255 [Darkroom Processing Line] DEBUG net.serenitybdd.core.photography.DarkroomProcessingLine - Processing screenshot image in /var/screenshots/screenshot-2485212878652063292
16:05:48.263 [Darkroom Processing Line] DEBUG net.serenitybdd.core.photography.DarkroomProcessingLine - Saving screenshot to target\site\serenity\13369764bff0fc59e59e137367d787241c2adb9f6204efe3ce951bc8e4f07598.png
16:05:48.266 [Forwarding findElement on session c955731bbb400c427756f3ecefdbb0ab to remote] DEBUG org.asynchttpclient.netty.request.NettyRequestSender - Using pooled Channel '[id: 0xaba261e1, L:/127.0.0.1:60836 - R:localhost/127.0.0.1:51299]' for 'POST' to 'http://localhost:51299/session/c955731bbb400c427756f3ecefdbb0ab/element'
16:05:48.266 [Forwarding findElement on session c955731bbb400c427756f3ecefdbb0ab to remote] DEBUG org.asynchttpclient.netty.request.NettyRequestSender - Using open Channel [id: 0xaba261e1, L:/127.0.0.1:60836 - R:localhost/127.0.0.1:51299] for POST '/session/c955731bbb400c427756f3ecefdbb0ab/element'
16:05:48.285 [AsyncHttpClient-1-12] DEBUG org.asynchttpclient.netty.handler.HttpHandler - 

Request DefaultHttpRequest(decodeResult: success, version: HTTP/1.1)
POST /session/c955731bbb400c427756f3ecefdbb0ab/element HTTP/1.1
User-Agent: selenium/4.1.2 (java windows)
Content-Length: 56
Content-Type: application/json; charset=utf-8
host: localhost:51299
accept: */*

Response DefaultHttpResponse(decodeResult: success, version: HTTP/1.1)
HTTP/1.1 200 OK
Content-Type: application/json; charset=utf-8
cache-control: no-cache
content-length: 88

16:05:48.285 [AsyncHttpClient-1-12] DEBUG org.asynchttpclient.netty.channel.ChannelManager - Adding key: http://localhost:51299 for channel [id: 0xaba261e1, L:/127.0.0.1:60836 - R:localhost/127.0.0.1:51299]
16:05:48.285 [Forwarding getElementTagName on session c955731bbb400c427756f3ecefdbb0ab to remote] DEBUG org.asynchttpclient.netty.request.NettyRequestSender - Using pooled Channel '[id: 0xaba261e1, L:/127.0.0.1:60836 - R:localhost/127.0.0.1:51299]' for 'GET' to 'http://localhost:51299/session/c955731bbb400c427756f3ecefdbb0ab/element/a32e3996-646c-44ff-9b43-71f02bafc647/name'
16:05:48.285 [Forwarding getElementTagName on session c955731bbb400c427756f3ecefdbb0ab to remote] DEBUG org.asynchttpclient.netty.request.NettyRequestSender - Using open Channel [id: 0xaba261e1, L:/127.0.0.1:60836 - R:localhost/127.0.0.1:51299] for GET '/session/c955731bbb400c427756f3ecefdbb0ab/element/a32e3996-646c-44ff-9b43-71f02bafc647/name'
16:05:48.295 [AsyncHttpClient-1-12] DEBUG org.asynchttpclient.netty.handler.HttpHandler - 

Request DefaultFullHttpRequest(decodeResult: success, version: HTTP/1.1, content: EmptyByteBufBE)
GET /session/c955731bbb400c427756f3ecefdbb0ab/element/a32e3996-646c-44ff-9b43-71f02bafc647/name HTTP/1.1
User-Agent: selenium/4.1.2 (java windows)
Cache-Control: no-cache
Content-Type: application/json; charset=utf-8
host: localhost:51299
accept: */*

Response DefaultHttpResponse(decodeResult: success, version: HTTP/1.1)
HTTP/1.1 200 OK
Content-Type: application/json; charset=utf-8
cache-control: no-cache
content-length: 18

16:05:48.295 [AsyncHttpClient-1-12] DEBUG org.asynchttpclient.netty.channel.ChannelManager - Adding key: http://localhost:51299 for channel [id: 0xaba261e1, L:/127.0.0.1:60836 - R:localhost/127.0.0.1:51299]
16:05:48.295 [Forwarding getElementTagName on session c955731bbb400c427756f3ecefdbb0ab to remote] DEBUG org.asynchttpclient.netty.request.NettyRequestSender - Using pooled Channel '[id: 0xaba261e1, L:/127.0.0.1:60836 - R:localhost/127.0.0.1:51299]' for 'GET' to 'http://localhost:51299/session/c955731bbb400c427756f3ecefdbb0ab/element/a32e3996-646c-44ff-9b43-71f02bafc647/name'
16:05:48.295 [Forwarding getElementTagName on session c955731bbb400c427756f3ecefdbb0ab to remote] DEBUG org.asynchttpclient.netty.request.NettyRequestSender - Using open Channel [id: 0xaba261e1, L:/127.0.0.1:60836 - R:localhost/127.0.0.1:51299] for GET '/session/c955731bbb400c427756f3ecefdbb0ab/element/a32e3996-646c-44ff-9b43-71f02bafc647/name'
16:05:48.295 [AsyncHttpClient-1-12] DEBUG org.asynchttpclient.netty.handler.HttpHandler - 

Request DefaultFullHttpRequest(decodeResult: success, version: HTTP/1.1, content: EmptyByteBufBE)
GET /session/c955731bbb400c427756f3ecefdbb0ab/element/a32e3996-646c-44ff-9b43-71f02bafc647/name HTTP/1.1
User-Agent: selenium/4.1.2 (java windows)
Cache-Control: no-cache
Content-Type: application/json; charset=utf-8
host: localhost:51299
accept: */*

Response DefaultHttpResponse(decodeResult: success, version: HTTP/1.1)
HTTP/1.1 200 OK
Content-Type: application/json; charset=utf-8
cache-control: no-cache
content-length: 18

16:05:48.295 [AsyncHttpClient-1-12] DEBUG org.asynchttpclient.netty.channel.ChannelManager - Adding key: http://localhost:51299 for channel [id: 0xaba261e1, L:/127.0.0.1:60836 - R:localhost/127.0.0.1:51299]
16:05:48.295 [Forwarding isElementEnabled on session c955731bbb400c427756f3ecefdbb0ab to remote] DEBUG org.asynchttpclient.netty.request.NettyRequestSender - Using pooled Channel '[id: 0xaba261e1, L:/127.0.0.1:60836 - R:localhost/127.0.0.1:51299]' for 'GET' to 'http://localhost:51299/session/c955731bbb400c427756f3ecefdbb0ab/element/a32e3996-646c-44ff-9b43-71f02bafc647/enabled'
16:05:48.295 [Forwarding isElementEnabled on session c955731bbb400c427756f3ecefdbb0ab to remote] DEBUG org.asynchttpclient.netty.request.NettyRequestSender - Using open Channel [id: 0xaba261e1, L:/127.0.0.1:60836 - R:localhost/127.0.0.1:51299] for GET '/session/c955731bbb400c427756f3ecefdbb0ab/element/a32e3996-646c-44ff-9b43-71f02bafc647/enabled'
16:05:48.308 [AsyncHttpClient-1-12] DEBUG org.asynchttpclient.netty.handler.HttpHandler - 

Request DefaultFullHttpRequest(decodeResult: success, version: HTTP/1.1, content: EmptyByteBufBE)
GET /session/c955731bbb400c427756f3ecefdbb0ab/element/a32e3996-646c-44ff-9b43-71f02bafc647/enabled HTTP/1.1
User-Agent: selenium/4.1.2 (java windows)
Cache-Control: no-cache
Content-Type: application/json; charset=utf-8
host: localhost:51299
accept: */*

Response DefaultHttpResponse(decodeResult: success, version: HTTP/1.1)
HTTP/1.1 200 OK
Content-Type: application/json; charset=utf-8
cache-control: no-cache
content-length: 14

16:05:48.308 [AsyncHttpClient-1-12] DEBUG org.asynchttpclient.netty.channel.ChannelManager - Adding key: http://localhost:51299 for channel [id: 0xaba261e1, L:/127.0.0.1:60836 - R:localhost/127.0.0.1:51299]
16:05:48.308 [Forwarding isElementEnabled on session c955731bbb400c427756f3ecefdbb0ab to remote] DEBUG org.asynchttpclient.netty.request.NettyRequestSender - Using pooled Channel '[id: 0xaba261e1, L:/127.0.0.1:60836 - R:localhost/127.0.0.1:51299]' for 'GET' to 'http://localhost:51299/session/c955731bbb400c427756f3ecefdbb0ab/element/a32e3996-646c-44ff-9b43-71f02bafc647/enabled'
16:05:48.308 [Forwarding isElementEnabled on session c955731bbb400c427756f3ecefdbb0ab to remote] DEBUG org.asynchttpclient.netty.request.NettyRequestSender - Using open Channel [id: 0xaba261e1, L:/127.0.0.1:60836 - R:localhost/127.0.0.1:51299] for GET '/session/c955731bbb400c427756f3ecefdbb0ab/element/a32e3996-646c-44ff-9b43-71f02bafc647/enabled'
16:05:48.316 [AsyncHttpClient-1-12] DEBUG org.asynchttpclient.netty.handler.HttpHandler - 

Request DefaultFullHttpRequest(decodeResult: success, version: HTTP/1.1, content: EmptyByteBufBE)
GET /session/c955731bbb400c427756f3ecefdbb0ab/element/a32e3996-646c-44ff-9b43-71f02bafc647/enabled HTTP/1.1
User-Agent: selenium/4.1.2 (java windows)
Cache-Control: no-cache
Content-Type: application/json; charset=utf-8
host: localhost:51299
accept: */*

Response DefaultHttpResponse(decodeResult: success, version: HTTP/1.1)
HTTP/1.1 200 OK
Content-Type: application/json; charset=utf-8
cache-control: no-cache
content-length: 14

16:05:48.316 [AsyncHttpClient-1-12] DEBUG org.asynchttpclient.netty.channel.ChannelManager - Adding key: http://localhost:51299 for channel [id: 0xaba261e1, L:/127.0.0.1:60836 - R:localhost/127.0.0.1:51299]
16:05:48.316 [Forwarding findElement on session c955731bbb400c427756f3ecefdbb0ab to remote] DEBUG org.asynchttpclient.netty.request.NettyRequestSender - Using pooled Channel '[id: 0xaba261e1, L:/127.0.0.1:60836 - R:localhost/127.0.0.1:51299]' for 'POST' to 'http://localhost:51299/session/c955731bbb400c427756f3ecefdbb0ab/element'
16:05:48.316 [Forwarding findElement on session c955731bbb400c427756f3ecefdbb0ab to remote] DEBUG org.asynchttpclient.netty.request.NettyRequestSender - Using open Channel [id: 0xaba261e1, L:/127.0.0.1:60836 - R:localhost/127.0.0.1:51299] for POST '/session/c955731bbb400c427756f3ecefdbb0ab/element'
16:05:48.326 [AsyncHttpClient-1-12] DEBUG org.asynchttpclient.netty.handler.HttpHandler - 

Request DefaultHttpRequest(decodeResult: success, version: HTTP/1.1)
POST /session/c955731bbb400c427756f3ecefdbb0ab/element HTTP/1.1
User-Agent: selenium/4.1.2 (java windows)
Content-Length: 56
Content-Type: application/json; charset=utf-8
host: localhost:51299
accept: */*

Response DefaultHttpResponse(decodeResult: success, version: HTTP/1.1)
HTTP/1.1 200 OK
Content-Type: application/json; charset=utf-8
cache-control: no-cache
content-length: 88

16:05:48.326 [AsyncHttpClient-1-12] DEBUG org.asynchttpclient.netty.channel.ChannelManager - Adding key: http://localhost:51299 for channel [id: 0xaba261e1, L:/127.0.0.1:60836 - R:localhost/127.0.0.1:51299]
16:05:48.326 [Forwarding clickElement on session c955731bbb400c427756f3ecefdbb0ab to remote] DEBUG org.asynchttpclient.netty.request.NettyRequestSender - Using pooled Channel '[id: 0xaba261e1, L:/127.0.0.1:60836 - R:localhost/127.0.0.1:51299]' for 'POST' to 'http://localhost:51299/session/c955731bbb400c427756f3ecefdbb0ab/element/a32e3996-646c-44ff-9b43-71f02bafc647/click'
16:05:48.326 [Forwarding clickElement on session c955731bbb400c427756f3ecefdbb0ab to remote] DEBUG org.asynchttpclient.netty.request.NettyRequestSender - Using open Channel [id: 0xaba261e1, L:/127.0.0.1:60836 - R:localhost/127.0.0.1:51299] for POST '/session/c955731bbb400c427756f3ecefdbb0ab/element/a32e3996-646c-44ff-9b43-71f02bafc647/click'
16:05:48.620 [AsyncHttpClient-1-12] DEBUG org.asynchttpclient.netty.handler.HttpHandler - 

Request DefaultHttpRequest(decodeResult: success, version: HTTP/1.1)
POST /session/c955731bbb400c427756f3ecefdbb0ab/element/a32e3996-646c-44ff-9b43-71f02bafc647/click HTTP/1.1
User-Agent: selenium/4.1.2 (java windows)
Content-Length: 50
Content-Type: application/json; charset=utf-8
host: localhost:51299
accept: */*

Response DefaultHttpResponse(decodeResult: success, version: HTTP/1.1)
HTTP/1.1 200 OK
Content-Type: application/json; charset=utf-8
cache-control: no-cache
content-length: 14

16:05:48.620 [AsyncHttpClient-1-12] DEBUG org.asynchttpclient.netty.channel.ChannelManager - Adding key: http://localhost:51299 for channel [id: 0xaba261e1, L:/127.0.0.1:60836 - R:localhost/127.0.0.1:51299]
  &amp#27;[32mAnd &amp#27;[0m&amp#27;[32mi click continue button&amp#27;[0m           &amp#27;[90m# starter.stepdefinitions.registerSteps.iClickContinueButton()&amp#27;[0m
16:05:48.638 [Forwarding screenshot on session c955731bbb400c427756f3ecefdbb0ab to remote] DEBUG org.asynchttpclient.netty.request.NettyRequestSender - Using pooled Channel '[id: 0xaba261e1, L:/127.0.0.1:60836 - R:localhost/127.0.0.1:51299]' for 'GET' to 'http://localhost:51299/session/c955731bbb400c427756f3ecefdbb0ab/screenshot'
16:05:48.638 [Forwarding screenshot on session c955731bbb400c427756f3ecefdbb0ab to remote] DEBUG org.asynchttpclient.netty.request.NettyRequestSender - Using open Channel [id: 0xaba261e1, L:/127.0.0.1:60836 - R:localhost/127.0.0.1:51299] for GET '/session/c955731bbb400c427756f3ecefdbb0ab/screenshot'
16:05:49.149 [AsyncHttpClient-1-1] DEBUG org.asynchttpclient.netty.channel.DefaultChannelPool - Entry count for : http://localhost:60837 : 1
16:05:49.636 [AsyncHttpClient-1-12] DEBUG org.asynchttpclient.netty.handler.HttpHandler - 

Request DefaultFullHttpRequest(decodeResult: success, version: HTTP/1.1, content: EmptyByteBufBE)
GET /session/c955731bbb400c427756f3ecefdbb0ab/screenshot HTTP/1.1
User-Agent: selenium/4.1.2 (java windows)
Cache-Control: no-cache
Content-Type: application/json; charset=utf-8
host: localhost:51299
accept: */*

Response DefaultHttpResponse(decodeResult: success, version: HTTP/1.1)
HTTP/1.1 200 OK
Content-Type: application/json; charset=utf-8
cache-control: no-cache
content-length: 153628

16:05:49.644 [AsyncHttpClient-1-12] DEBUG org.asynchttpclient.netty.channel.ChannelManager - Adding key: http://localhost:51299 for channel [id: 0xaba261e1, L:/127.0.0.1:60836 - R:localhost/127.0.0.1:51299]
16:05:49.644 [main] DEBUG net.serenitybdd.core.photography.Darkroom - Send negative for processing for target\site\serenity\b2f9b8b1fc5d4d3eae98f5469cf173b7f1901ea06914bfbf9265126c1d486c15.png
16:05:49.644 [Darkroom Processing Line] DEBUG net.serenitybdd.core.photography.DarkroomProcessingLine - Processing screenshot image in /var/screenshots/screenshot-9116585525162642162
16:05:49.644 [Darkroom Processing Line] DEBUG net.serenitybdd.core.photography.DarkroomProcessingLine - Saving screenshot to target\site\serenity\b2f9b8b1fc5d4d3eae98f5469cf173b7f1901ea06914bfbf9265126c1d486c15.png
16:05:49.659 [Forwarding findElement on session c955731bbb400c427756f3ecefdbb0ab to remote] DEBUG org.asynchttpclient.netty.request.NettyRequestSender - Using pooled Channel '[id: 0xaba261e1, L:/127.0.0.1:60836 - R:localhost/127.0.0.1:51299]' for 'POST' to 'http://localhost:51299/session/c955731bbb400c427756f3ecefdbb0ab/element'
16:05:49.659 [Forwarding findElement on session c955731bbb400c427756f3ecefdbb0ab to remote] DEBUG org.asynchttpclient.netty.request.NettyRequestSender - Using open Channel [id: 0xaba261e1, L:/127.0.0.1:60836 - R:localhost/127.0.0.1:51299] for POST '/session/c955731bbb400c427756f3ecefdbb0ab/element'
16:05:49.667 [AsyncHttpClient-1-12] DEBUG org.asynchttpclient.netty.handler.HttpHandler - 

Request DefaultHttpRequest(decodeResult: success, version: HTTP/1.1)
POST /session/c955731bbb400c427756f3ecefdbb0ab/element HTTP/1.1
User-Agent: selenium/4.1.2 (java windows)
Content-Length: 69
Content-Type: application/json; charset=utf-8
host: localhost:51299
accept: */*

Response DefaultHttpResponse(decodeResult: success, version: HTTP/1.1)
HTTP/1.1 200 OK
Content-Type: application/json; charset=utf-8
cache-control: no-cache
content-length: 88

16:05:49.667 [AsyncHttpClient-1-12] DEBUG org.asynchttpclient.netty.channel.ChannelManager - Adding key: http://localhost:51299 for channel [id: 0xaba261e1, L:/127.0.0.1:60836 - R:localhost/127.0.0.1:51299]
16:05:49.667 [Forwarding isElementDisplayed on session c955731bbb400c427756f3ecefdbb0ab to remote] DEBUG org.asynchttpclient.netty.request.NettyRequestSender - Using pooled Channel '[id: 0xaba261e1, L:/127.0.0.1:60836 - R:localhost/127.0.0.1:51299]' for 'POST' to 'http://localhost:51299/session/c955731bbb400c427756f3ecefdbb0ab/execute/sync'
16:05:49.667 [Forwarding isElementDisplayed on session c955731bbb400c427756f3ecefdbb0ab to remote] DEBUG org.asynchttpclient.netty.request.NettyRequestSender - Using open Channel [id: 0xaba261e1, L:/127.0.0.1:60836 - R:localhost/127.0.0.1:51299] for POST '/session/c955731bbb400c427756f3ecefdbb0ab/execute/sync'
16:05:49.678 [AsyncHttpClient-1-12] DEBUG org.asynchttpclient.netty.handler.HttpHandler - 

Request DefaultHttpRequest(decodeResult: success, version: HTTP/1.1)
POST /session/c955731bbb400c427756f3ecefdbb0ab/execute/sync HTTP/1.1
User-Agent: selenium/4.1.2 (java windows)
Content-Length: 48780
Content-Type: application/json; charset=utf-8
host: localhost:51299
accept: */*

Response DefaultHttpResponse(decodeResult: success, version: HTTP/1.1)
HTTP/1.1 200 OK
Content-Type: application/json; charset=utf-8
cache-control: no-cache
content-length: 14

16:05:49.678 [AsyncHttpClient-1-12] DEBUG org.asynchttpclient.netty.channel.ChannelManager - Adding key: http://localhost:51299 for channel [id: 0xaba261e1, L:/127.0.0.1:60836 - R:localhost/127.0.0.1:51299]
16:05:49.678 [Forwarding findElement on session c955731bbb400c427756f3ecefdbb0ab to remote] DEBUG org.asynchttpclient.netty.request.NettyRequestSender - Using pooled Channel '[id: 0xaba261e1, L:/127.0.0.1:60836 - R:localhost/127.0.0.1:51299]' for 'POST' to 'http://localhost:51299/session/c955731bbb400c427756f3ecefdbb0ab/element'
16:05:49.678 [Forwarding findElement on session c955731bbb400c427756f3ecefdbb0ab to remote] DEBUG org.asynchttpclient.netty.request.NettyRequestSender - Using open Channel [id: 0xaba261e1, L:/127.0.0.1:60836 - R:localhost/127.0.0.1:51299] for POST '/session/c955731bbb400c427756f3ecefdbb0ab/element'
16:05:49.687 [AsyncHttpClient-1-12] DEBUG org.asynchttpclient.netty.handler.HttpHandler - 

Request DefaultHttpRequest(decodeResult: success, version: HTTP/1.1)
POST /session/c955731bbb400c427756f3ecefdbb0ab/element HTTP/1.1
User-Agent: selenium/4.1.2 (java windows)
Content-Length: 69
Content-Type: application/json; charset=utf-8
host: localhost:51299
accept: */*

Response DefaultHttpResponse(decodeResult: success, version: HTTP/1.1)
HTTP/1.1 200 OK
Content-Type: application/json; charset=utf-8
cache-control: no-cache
content-length: 88

16:05:49.687 [AsyncHttpClient-1-12] DEBUG org.asynchttpclient.netty.channel.ChannelManager - Adding key: http://localhost:51299 for channel [id: 0xaba261e1, L:/127.0.0.1:60836 - R:localhost/127.0.0.1:51299]
16:05:49.696 [Forwarding isElementDisplayed on session c955731bbb400c427756f3ecefdbb0ab to remote] DEBUG org.asynchttpclient.netty.request.NettyRequestSender - Using pooled Channel '[id: 0xaba261e1, L:/127.0.0.1:60836 - R:localhost/127.0.0.1:51299]' for 'POST' to 'http://localhost:51299/session/c955731bbb400c427756f3ecefdbb0ab/execute/sync'
16:05:49.696 [Forwarding isElementDisplayed on session c955731bbb400c427756f3ecefdbb0ab to remote] DEBUG org.asynchttpclient.netty.request.NettyRequestSender - Using open Channel [id: 0xaba261e1, L:/127.0.0.1:60836 - R:localhost/127.0.0.1:51299] for POST '/session/c955731bbb400c427756f3ecefdbb0ab/execute/sync'
16:05:49.713 [AsyncHttpClient-1-12] DEBUG org.asynchttpclient.netty.handler.HttpHandler - 

Request DefaultHttpRequest(decodeResult: success, version: HTTP/1.1)
POST /session/c955731bbb400c427756f3ecefdbb0ab/execute/sync HTTP/1.1
User-Agent: selenium/4.1.2 (java windows)
Content-Length: 48780
Content-Type: application/json; charset=utf-8
host: localhost:51299
accept: */*

Response DefaultHttpResponse(decodeResult: success, version: HTTP/1.1)
HTTP/1.1 200 OK
Content-Type: application/json; charset=utf-8
cache-control: no-cache
content-length: 14

16:05:49.713 [AsyncHttpClient-1-12] DEBUG org.asynchttpclient.netty.channel.ChannelManager - Adding key: http://localhost:51299 for channel [id: 0xaba261e1, L:/127.0.0.1:60836 - R:localhost/127.0.0.1:51299]
  &amp#27;[32mThen &amp#27;[0m&amp#27;[32mi get my &amp#27;[0m&amp#27;[32m&amp#27;[1m"null"&amp#27;[0m                  &amp#27;[90m# starter.stepdefinitions.registerSteps.iGetMy(java.lang.String)&amp#27;[0m
16:05:49.725 [Forwarding screenshot on session c955731bbb400c427756f3ecefdbb0ab to remote] DEBUG org.asynchttpclient.netty.request.NettyRequestSender - Using pooled Channel '[id: 0xaba261e1, L:/127.0.0.1:60836 - R:localhost/127.0.0.1:51299]' for 'GET' to 'http://localhost:51299/session/c955731bbb400c427756f3ecefdbb0ab/screenshot'
16:05:49.725 [Forwarding screenshot on session c955731bbb400c427756f3ecefdbb0ab to remote] DEBUG org.asynchttpclient.netty.request.NettyRequestSender - Using open Channel [id: 0xaba261e1, L:/127.0.0.1:60836 - R:localhost/127.0.0.1:51299] for GET '/session/c955731bbb400c427756f3ecefdbb0ab/screenshot'
16:05:50.087 [AsyncHttpClient-1-12] DEBUG org.asynchttpclient.netty.handler.HttpHandler - 

Request DefaultFullHttpRequest(decodeResult: success, version: HTTP/1.1, content: EmptyByteBufBE)
GET /session/c955731bbb400c427756f3ecefdbb0ab/screenshot HTTP/1.1
User-Agent: selenium/4.1.2 (java windows)
Cache-Control: no-cache
Content-Type: application/json; charset=utf-8
host: localhost:51299
accept: */*

Response DefaultHttpResponse(decodeResult: success, version: HTTP/1.1)
HTTP/1.1 200 OK
Content-Type: application/json; charset=utf-8
cache-control: no-cache
content-length: 153976

16:05:50.087 [AsyncHttpClient-1-12] DEBUG org.asynchttpclient.netty.channel.ChannelManager - Adding key: http://localhost:51299 for channel [id: 0xaba261e1, L:/127.0.0.1:60836 - R:localhost/127.0.0.1:51299]
16:05:50.087 [main] DEBUG net.serenitybdd.core.photography.Darkroom - Send negative for processing for target\site\serenity\c966ae38d31f8c424d786ce12e228a7b1e1b140bbe44eba1350365bd81ef6880.png
16:05:50.087 [Darkroom Processing Line] DEBUG net.serenitybdd.core.photography.DarkroomProcessingLine - Processing screenshot image in /var/screenshots/screenshot-16236785194364895516
16:05:50.087 [Darkroom Processing Line] DEBUG net.serenitybdd.core.photography.DarkroomProcessingLine - Saving screenshot to target\site\serenity\c966ae38d31f8c424d786ce12e228a7b1e1b140bbe44eba1350365bd81ef6880.png
16:05:50.095 [AsyncHttpClient-1-14] DEBUG org.asynchttpclient.netty.handler.WebSocketHandler - Channel Closed: [id: 0x8ce62ee7, L:/127.0.0.1:60848 ! R:localhost/127.0.0.1:60837] with attribute NettyResponseFuture{currentRetry=5,
	isDone=1,
	isCancelled=0,
	asyncHandler=org.asynchttpclient.ws.WebSocketUpgradeHandler@57d58c71,
	nettyRequest=org.asynchttpclient.netty.request.NettyRequest@4a1913aa,
	future=java.util.concurrent.CompletableFuture@18dc6418[Completed normally],
	uri=ws://localhost:60837/devtools/browser/8f404c5a-a661-4d80-9b1e-2b3a6e5f51d5,
	keepAlive=true,
	redirectCount=0,
	timeoutsHolder=null,
	inAuth=0,
	touch=1658480738996}
16:05:50.095 [AsyncHttpClient-1-14] DEBUG org.asynchttpclient.netty.channel.ChannelManager - Closing Channel [id: 0x8ce62ee7, L:/127.0.0.1:60848 ! R:localhost/127.0.0.1:60837] 
16:05:50.095 [Driver Command Executor] DEBUG org.asynchttpclient.netty.request.NettyRequestSender - Using pooled Channel '[id: 0xaba261e1, L:/127.0.0.1:60836 - R:localhost/127.0.0.1:51299]' for 'DELETE' to 'http://localhost:51299/session/c955731bbb400c427756f3ecefdbb0ab'
16:05:50.095 [Driver Command Executor] DEBUG org.asynchttpclient.netty.request.NettyRequestSender - Using open Channel [id: 0xaba261e1, L:/127.0.0.1:60836 - R:localhost/127.0.0.1:51299] for DELETE '/session/c955731bbb400c427756f3ecefdbb0ab'
16:05:50.143 [AsyncHttpClient-1-13] DEBUG org.asynchttpclient.netty.handler.HttpHandler - Unexpected I/O exception on channel [id: 0xca33c280, L:/127.0.0.1:60847 - R:localhost/127.0.0.1:60837]
java.net.SocketException: Connection reset
	at java.base/sun.nio.ch.SocketChannelImpl.throwConnectionReset(SocketChannelImpl.java:367)
	at java.base/sun.nio.ch.SocketChannelImpl.read(SocketChannelImpl.java:398)
	at io.netty.buffer.PooledByteBuf.setBytes(PooledByteBuf.java:258)
	at io.netty.buffer.AbstractByteBuf.writeBytes(AbstractByteBuf.java:1132)
	at io.netty.channel.socket.nio.NioSocketChannel.doReadBytes(NioSocketChannel.java:350)
	at io.netty.channel.nio.AbstractNioByteChannel$NioByteUnsafe.read(AbstractNioByteChannel.java:151)
	at io.netty.channel.nio.NioEventLoop.processSelectedKey(NioEventLoop.java:722)
	at io.netty.channel.nio.NioEventLoop.processSelectedKeysOptimized(NioEventLoop.java:658)
	at io.netty.channel.nio.NioEventLoop.processSelectedKeys(NioEventLoop.java:584)
	at io.netty.channel.nio.NioEventLoop.run(NioEventLoop.java:496)
	at io.netty.util.concurrent.SingleThreadEventExecutor$4.run(SingleThreadEventExecutor.java:986)
	at io.netty.util.internal.ThreadExecutorMap$2.run(ThreadExecutorMap.java:74)
	at io.netty.util.concurrent.FastThreadLocalRunnable.run(FastThreadLocalRunnable.java:30)
	at java.base/java.lang.Thread.run(Thread.java:832)
16:05:50.143 [AsyncHttpClient-1-13] DEBUG org.asynchttpclient.netty.channel.ChannelManager - Closing Channel [id: 0xca33c280, L:/127.0.0.1:60847 - R:localhost/127.0.0.1:60837] 
16:05:50.143 [AsyncHttpClient-1-13] DEBUG org.asynchttpclient.netty.handler.HttpHandler - Channel Closed: [id: 0xca33c280, L:/127.0.0.1:60847 ! R:localhost/127.0.0.1:60837] with attribute DISCARD
16:05:50.174 [AsyncHttpClient-1-12] DEBUG org.asynchttpclient.netty.handler.HttpHandler - 

Request DefaultFullHttpRequest(decodeResult: success, version: HTTP/1.1, content: EmptyByteBufBE)
DELETE /session/c955731bbb400c427756f3ecefdbb0ab HTTP/1.1
User-Agent: selenium/4.1.2 (java windows)
Content-Type: application/json; charset=utf-8
host: localhost:51299
accept: */*

Response DefaultHttpResponse(decodeResult: success, version: HTTP/1.1)
HTTP/1.1 200 OK
Content-Type: application/json; charset=utf-8
cache-control: no-cache
content-length: 14

16:05:50.175 [AsyncHttpClient-1-12] DEBUG org.asynchttpclient.netty.channel.ChannelManager - Adding key: http://localhost:51299 for channel [id: 0xaba261e1, L:/127.0.0.1:60836 - R:localhost/127.0.0.1:51299]
16:05:50.227 [AsyncHttpClient-1-1] DEBUG org.asynchttpclient.netty.channel.DefaultChannelPool - Entry count for : http://localhost:51299 : 1
16:05:50.227 [AsyncHttpClient-1-1] DEBUG org.asynchttpclient.netty.channel.DefaultChannelPool - Entry count for : http://localhost:60837 : 1
16:05:50.227 [AsyncHttpClient-1-1] DEBUG org.asynchttpclient.netty.channel.DefaultChannelPool - Adding Candidate expired Channel [id: 0xca33c280, L:/127.0.0.1:60847 ! R:localhost/127.0.0.1:60837] isIdleTimeoutExpired=false isRemotelyClosed=true isTtlExpired=false
16:05:50.227 [AsyncHttpClient-1-1] DEBUG org.asynchttpclient.netty.channel.DefaultChannelPool - Closing Idle Channel [id: 0xca33c280, L:/127.0.0.1:60847 ! R:localhost/127.0.0.1:60837]
16:05:50.227 [AsyncHttpClient-1-1] DEBUG org.asynchttpclient.netty.channel.DefaultChannelPool - Closed 1 connections out of 2 in 0 ms
16:05:50.373 [AsyncHttpClient-1-12] DEBUG org.asynchttpclient.netty.handler.HttpHandler - Channel Closed: [id: 0xaba261e1, L:/127.0.0.1:60836 ! R:localhost/127.0.0.1:51299] with attribute DISCARD
]]></system-out>
    <system-err><![CDATA[Starting ChromeDriver 102.0.5005.61 (0e59bcc00cc4985ce39ad31c150065f159d95ad3-refs/branch-heads/5005@{#819}) on port 51299
Only local connections are allowed.
Please see https://chromedriver.chromium.org/security-considerations for suggestions on keeping ChromeDriver safe.
ChromeDriver was started successfully.
[1658480738.855][WARNING]: This version of ChromeDriver has not been tested with Chrome version 103.
Jul 22, 2022 4:05:38 PM org.openqa.selenium.remote.ProtocolHandshake createSession
INFO: Detected dialect: W3C
Jul 22, 2022 4:05:39 PM org.openqa.selenium.devtools.CdpVersionFinder findNearestMatch
WARNING: Unable to find an exact match for CDP version 103, so returning the closest version found: a no-op implementation
Jul 22, 2022 4:05:39 PM org.openqa.selenium.devtools.CdpVersionFinder findNearestMatch
INFO: Unable to find CDP implementation matching 103.
Jul 22, 2022 4:05:39 PM org.openqa.selenium.chromium.ChromiumDriver lambda$new$3
WARNING: Unable to find version of CDP to use for . You may need to include a dependency on a specific version of the CDP using something similar to `org.seleniumhq.selenium:selenium-devtools-v86:4.1.2` where the version ("v86") matches the version of the chromium-based browser you're using and the version number of the artifact is the same as Selenium's.
]]></system-err>
  </testcase>
  <testcase name="Registration scenario #8" classname="Registration" time="14.651">
    <system-out><![CDATA[
@register
Scenario Outline: Registration scenario                                        &amp#27;[90m# src/test/resources/features/register.feature:26&amp#27;[0m
16:05:50.895 [main] INFO io.cucumber.core.plugin.SerenityReporter - Running feature from file:///D:/PERKULIAHAN/Semester%206,Hebatt%20glad!/QE-FGD/Automation-test-Website%20-%20Copy/src/test/resources/features/register.feature
16:05:50.903 [main] INFO net.serenitybdd.core.webdriver.driverproviders.ChromeDriverProvider - Using automatically driver download
16:05:51.112 [main] DEBUG io.github.bonigarcia.wdm.cache.ResolutionCache - Resolution chrome=103 in cache (valid until 16:34:03 22/07/2022 WIB)
16:05:51.116 [main] DEBUG io.github.bonigarcia.wdm.cache.ResolutionCache - Resolution chrome103=103.0.5060.134 in cache (valid until 17:00:36 22/07/2022 WIB)
16:05:51.116 [main] INFO io.github.bonigarcia.wdm.WebDriverManager - Using chromedriver 103.0.5060.134 (resolved driver for Chrome 103)
16:05:51.132 [main] DEBUG io.github.bonigarcia.wdm.WebDriverManager - Driver chromedriver 103.0.5060.134 found in cache
16:05:51.132 [main] INFO io.github.bonigarcia.wdm.WebDriverManager - Exporting webdriver.chrome.driver as C:\Users\ASUS\.cache\selenium\chromedriver\win32\103.0.5060.134\chromedriver.exe
16:05:51.296 [main] DEBUG net.serenitybdd.core.webdriver.driverproviders.ProvideNewDriver - Instantiating driver
16:05:51.296 [main] DEBUG net.serenitybdd.core.webdriver.driverproviders.ProvideNewDriver - Driver capabilities: Capabilities {acceptInsecureCerts: false, base.url: https://found-capstone20.ne..., browserName: chrome, chrome.driver: src/test/resources/webdrive..., driver: chrome, goog:chromeOptions: {args: [], extensions: []}}
16:05:51.324 [AsyncHttpClient-1-1] DEBUG org.asynchttpclient.netty.channel.DefaultChannelPool - Entry count for : http://localhost:51299 : 1
16:05:51.324 [AsyncHttpClient-1-1] DEBUG org.asynchttpclient.netty.channel.DefaultChannelPool - Adding Candidate expired Channel [id: 0xaba261e1, L:/127.0.0.1:60836 ! R:localhost/127.0.0.1:51299] isIdleTimeoutExpired=false isRemotelyClosed=true isTtlExpired=false
16:05:51.324 [AsyncHttpClient-1-1] DEBUG org.asynchttpclient.netty.channel.DefaultChannelPool - Closing Idle Channel [id: 0xaba261e1, L:/127.0.0.1:60836 ! R:localhost/127.0.0.1:51299]
16:05:51.324 [AsyncHttpClient-1-1] DEBUG org.asynchttpclient.netty.channel.DefaultChannelPool - Closed 1 connections out of 1 in 0 ms
16:05:51.837 [AsyncHttpClient-1-15] DEBUG org.asynchttpclient.netty.channel.NettyConnectListener - Using new Channel '[id: 0xd8a3a907, L:/127.0.0.1:60874 - R:localhost/127.0.0.1:55245]' for 'POST' to '/session'
16:05:53.260 [AsyncHttpClient-1-15] DEBUG org.asynchttpclient.netty.handler.HttpHandler - 

Request DefaultHttpRequest(decodeResult: success, version: HTTP/1.1)
POST /session HTTP/1.1
User-Agent: selenium/4.1.2 (java windows)
Content-Length: 623
Content-Type: application/json; charset=utf-8
host: localhost:55245
accept: */*

Response DefaultHttpResponse(decodeResult: success, version: HTTP/1.1)
HTTP/1.1 200 OK
Content-Type: application/json; charset=utf-8
cache-control: no-cache
content-length: 789

16:05:53.260 [AsyncHttpClient-1-15] DEBUG org.asynchttpclient.netty.channel.ChannelManager - Adding key: http://localhost:55245 for channel [id: 0xd8a3a907, L:/127.0.0.1:60874 - R:localhost/127.0.0.1:55245]
16:05:53.276 [AsyncHttpClient-1-16] DEBUG org.asynchttpclient.netty.channel.NettyConnectListener - Using new Channel '[id: 0xa85856dd, L:/127.0.0.1:60882 - R:localhost/127.0.0.1:60876]' for 'GET' to '/json/version'
16:05:53.276 [AsyncHttpClient-1-16] DEBUG org.asynchttpclient.netty.handler.HttpHandler - 

Request DefaultFullHttpRequest(decodeResult: success, version: HTTP/1.1, content: EmptyByteBufBE)
GET /json/version HTTP/1.1
User-Agent: selenium/4.1.2 (java windows)
host: localhost:60876
accept: */*

Response DefaultHttpResponse(decodeResult: success, version: HTTP/1.1)
HTTP/1.1 200 OK
Content-Type: application/json; charset=UTF-8
content-length: 429

16:05:53.276 [AsyncHttpClient-1-16] DEBUG org.asynchttpclient.netty.channel.ChannelManager - Adding key: http://localhost:60876 for channel [id: 0xa85856dd, L:/127.0.0.1:60882 - R:localhost/127.0.0.1:60876]
16:05:53.284 [AsyncHttpClient-1-17] DEBUG org.asynchttpclient.netty.channel.NettyConnectListener - Using new Channel '[id: 0x46675b85, L:/127.0.0.1:60883 - R:localhost/127.0.0.1:60876]' for 'GET' to '/devtools/browser/2ebabbc7-1da5-405c-b01a-7dc9b5c5fd21'
16:05:53.284 [AsyncHttpClient-1-17] DEBUG org.asynchttpclient.netty.handler.WebSocketHandler - 

Request DefaultFullHttpRequest(decodeResult: success, version: HTTP/1.1, content: EmptyByteBufBE)
GET /devtools/browser/2ebabbc7-1da5-405c-b01a-7dc9b5c5fd21 HTTP/1.1
upgrade: websocket
connection: upgrade
sec-websocket-key: r/wgPRtyP6itbQU+IwdVTw==
sec-websocket-version: 13
origin: http://localhost:60876
host: localhost:60876
accept: */*
user-agent: AHC/2.1

Response DefaultHttpResponse(decodeResult: success, version: HTTP/1.1)
HTTP/1.1 101 WebSocket Protocol Handshake
Upgrade: WebSocket
Connection: Upgrade
Sec-WebSocket-Accept: iu9UZEGmjq7xIXY2Z6Ot6Gy2970=

16:05:53.292 [Forwarding maximizeCurrentWindow on session 5cc14e555ae246263ec99bfc5fbbd0e3 to remote] DEBUG org.asynchttpclient.netty.request.NettyRequestSender - Using pooled Channel '[id: 0xd8a3a907, L:/127.0.0.1:60874 - R:localhost/127.0.0.1:55245]' for 'POST' to 'http://localhost:55245/session/5cc14e555ae246263ec99bfc5fbbd0e3/window/maximize'
16:05:53.292 [Forwarding maximizeCurrentWindow on session 5cc14e555ae246263ec99bfc5fbbd0e3 to remote] DEBUG org.asynchttpclient.netty.request.NettyRequestSender - Using open Channel [id: 0xd8a3a907, L:/127.0.0.1:60874 - R:localhost/127.0.0.1:55245] for POST '/session/5cc14e555ae246263ec99bfc5fbbd0e3/window/maximize'
16:05:53.461 [AsyncHttpClient-1-15] DEBUG org.asynchttpclient.netty.handler.HttpHandler - 

Request DefaultHttpRequest(decodeResult: success, version: HTTP/1.1)
POST /session/5cc14e555ae246263ec99bfc5fbbd0e3/window/maximize HTTP/1.1
User-Agent: selenium/4.1.2 (java windows)
Content-Length: 3
Content-Type: application/json; charset=utf-8
host: localhost:55245
accept: */*

Response DefaultHttpResponse(decodeResult: success, version: HTTP/1.1)
HTTP/1.1 200 OK
Content-Type: application/json; charset=utf-8
cache-control: no-cache
content-length: 51

16:05:53.461 [AsyncHttpClient-1-15] DEBUG org.asynchttpclient.netty.channel.ChannelManager - Adding key: http://localhost:55245 for channel [id: 0xd8a3a907, L:/127.0.0.1:60874 - R:localhost/127.0.0.1:55245]
16:05:53.461 [Forwarding get on session 5cc14e555ae246263ec99bfc5fbbd0e3 to remote] DEBUG org.asynchttpclient.netty.request.NettyRequestSender - Using pooled Channel '[id: 0xd8a3a907, L:/127.0.0.1:60874 - R:localhost/127.0.0.1:55245]' for 'POST' to 'http://localhost:55245/session/5cc14e555ae246263ec99bfc5fbbd0e3/url'
16:05:53.461 [Forwarding get on session 5cc14e555ae246263ec99bfc5fbbd0e3 to remote] DEBUG org.asynchttpclient.netty.request.NettyRequestSender - Using open Channel [id: 0xd8a3a907, L:/127.0.0.1:60874 - R:localhost/127.0.0.1:55245] for POST '/session/5cc14e555ae246263ec99bfc5fbbd0e3/url'
16:05:53.523 [AsyncHttpClient-1-1] DEBUG org.asynchttpclient.netty.channel.DefaultChannelPool - Entry count for : http://localhost:60876 : 1
16:05:54.633 [AsyncHttpClient-1-1] DEBUG org.asynchttpclient.netty.channel.DefaultChannelPool - Entry count for : http://localhost:60876 : 1
16:05:55.772 [AsyncHttpClient-1-1] DEBUG org.asynchttpclient.netty.channel.DefaultChannelPool - Entry count for : http://localhost:60876 : 1
16:05:56.882 [AsyncHttpClient-1-1] DEBUG org.asynchttpclient.netty.channel.DefaultChannelPool - Entry count for : http://localhost:60876 : 1
16:05:57.926 [AsyncHttpClient-1-1] DEBUG org.asynchttpclient.netty.channel.DefaultChannelPool - Entry count for : http://localhost:60876 : 1
16:05:59.024 [AsyncHttpClient-1-1] DEBUG org.asynchttpclient.netty.channel.DefaultChannelPool - Entry count for : http://localhost:60876 : 1
16:06:00.126 [AsyncHttpClient-1-1] DEBUG org.asynchttpclient.netty.channel.DefaultChannelPool - Entry count for : http://localhost:60876 : 1
16:06:00.617 [AsyncHttpClient-1-15] DEBUG org.asynchttpclient.netty.handler.HttpHandler - 

Request DefaultHttpRequest(decodeResult: success, version: HTTP/1.1)
POST /session/5cc14e555ae246263ec99bfc5fbbd0e3/url HTTP/1.1
User-Agent: selenium/4.1.2 (java windows)
Content-Length: 67
Content-Type: application/json; charset=utf-8
host: localhost:55245
accept: */*

Response DefaultHttpResponse(decodeResult: success, version: HTTP/1.1)
HTTP/1.1 200 OK
Content-Type: application/json; charset=utf-8
cache-control: no-cache
content-length: 14

16:06:00.617 [AsyncHttpClient-1-15] DEBUG org.asynchttpclient.netty.channel.ChannelManager - Adding key: http://localhost:55245 for channel [id: 0xd8a3a907, L:/127.0.0.1:60874 - R:localhost/127.0.0.1:55245]
16:06:00.617 [Forwarding setTimeout on session 5cc14e555ae246263ec99bfc5fbbd0e3 to remote] DEBUG org.asynchttpclient.netty.request.NettyRequestSender - Using pooled Channel '[id: 0xd8a3a907, L:/127.0.0.1:60874 - R:localhost/127.0.0.1:55245]' for 'POST' to 'http://localhost:55245/session/5cc14e555ae246263ec99bfc5fbbd0e3/timeouts'
16:06:00.617 [Forwarding setTimeout on session 5cc14e555ae246263ec99bfc5fbbd0e3 to remote] DEBUG org.asynchttpclient.netty.request.NettyRequestSender - Using open Channel [id: 0xd8a3a907, L:/127.0.0.1:60874 - R:localhost/127.0.0.1:55245] for POST '/session/5cc14e555ae246263ec99bfc5fbbd0e3/timeouts'
16:06:00.617 [AsyncHttpClient-1-15] DEBUG org.asynchttpclient.netty.handler.HttpHandler - 

Request DefaultHttpRequest(decodeResult: success, version: HTTP/1.1)
POST /session/5cc14e555ae246263ec99bfc5fbbd0e3/timeouts HTTP/1.1
User-Agent: selenium/4.1.2 (java windows)
Content-Length: 22
Content-Type: application/json; charset=utf-8
host: localhost:55245
accept: */*

Response DefaultHttpResponse(decodeResult: success, version: HTTP/1.1)
HTTP/1.1 200 OK
Content-Type: application/json; charset=utf-8
cache-control: no-cache
content-length: 14

16:06:00.617 [AsyncHttpClient-1-15] DEBUG org.asynchttpclient.netty.channel.ChannelManager - Adding key: http://localhost:55245 for channel [id: 0xd8a3a907, L:/127.0.0.1:60874 - R:localhost/127.0.0.1:55245]
16:06:00.617 [Forwarding getCurrentUrl on session 5cc14e555ae246263ec99bfc5fbbd0e3 to remote] DEBUG org.asynchttpclient.netty.request.NettyRequestSender - Using pooled Channel '[id: 0xd8a3a907, L:/127.0.0.1:60874 - R:localhost/127.0.0.1:55245]' for 'GET' to 'http://localhost:55245/session/5cc14e555ae246263ec99bfc5fbbd0e3/url'
16:06:00.617 [Forwarding getCurrentUrl on session 5cc14e555ae246263ec99bfc5fbbd0e3 to remote] DEBUG org.asynchttpclient.netty.request.NettyRequestSender - Using open Channel [id: 0xd8a3a907, L:/127.0.0.1:60874 - R:localhost/127.0.0.1:55245] for GET '/session/5cc14e555ae246263ec99bfc5fbbd0e3/url'
16:06:00.632 [AsyncHttpClient-1-15] DEBUG org.asynchttpclient.netty.handler.HttpHandler - 

Request DefaultFullHttpRequest(decodeResult: success, version: HTTP/1.1, content: EmptyByteBufBE)
GET /session/5cc14e555ae246263ec99bfc5fbbd0e3/url HTTP/1.1
User-Agent: selenium/4.1.2 (java windows)
Cache-Control: no-cache
Content-Type: application/json; charset=utf-8
host: localhost:55245
accept: */*

Response DefaultHttpResponse(decodeResult: success, version: HTTP/1.1)
HTTP/1.1 200 OK
Content-Type: application/json; charset=utf-8
cache-control: no-cache
content-length: 49

16:06:00.632 [AsyncHttpClient-1-15] DEBUG org.asynchttpclient.netty.channel.ChannelManager - Adding key: http://localhost:55245 for channel [id: 0xd8a3a907, L:/127.0.0.1:60874 - R:localhost/127.0.0.1:55245]
  &amp#27;[32mGiven &amp#27;[0m&amp#27;[32mi access the web&amp#27;[0m                                                       &amp#27;[90m# starter.stepdefinitions.registerSteps.iAccessTheWeb()&amp#27;[0m
16:06:00.637 [Forwarding screenshot on session 5cc14e555ae246263ec99bfc5fbbd0e3 to remote] DEBUG org.asynchttpclient.netty.request.NettyRequestSender - Using pooled Channel '[id: 0xd8a3a907, L:/127.0.0.1:60874 - R:localhost/127.0.0.1:55245]' for 'GET' to 'http://localhost:55245/session/5cc14e555ae246263ec99bfc5fbbd0e3/screenshot'
16:06:00.637 [Forwarding screenshot on session 5cc14e555ae246263ec99bfc5fbbd0e3 to remote] DEBUG org.asynchttpclient.netty.request.NettyRequestSender - Using open Channel [id: 0xd8a3a907, L:/127.0.0.1:60874 - R:localhost/127.0.0.1:55245] for GET '/session/5cc14e555ae246263ec99bfc5fbbd0e3/screenshot'
16:06:01.075 [AsyncHttpClient-1-15] DEBUG org.asynchttpclient.netty.handler.HttpHandler - 

Request DefaultFullHttpRequest(decodeResult: success, version: HTTP/1.1, content: EmptyByteBufBE)
GET /session/5cc14e555ae246263ec99bfc5fbbd0e3/screenshot HTTP/1.1
User-Agent: selenium/4.1.2 (java windows)
Cache-Control: no-cache
Content-Type: application/json; charset=utf-8
host: localhost:55245
accept: */*

Response DefaultHttpResponse(decodeResult: success, version: HTTP/1.1)
HTTP/1.1 200 OK
Content-Type: application/json; charset=utf-8
cache-control: no-cache
content-length: 354376

16:06:01.075 [AsyncHttpClient-1-15] DEBUG org.asynchttpclient.netty.channel.ChannelManager - Adding key: http://localhost:55245 for channel [id: 0xd8a3a907, L:/127.0.0.1:60874 - R:localhost/127.0.0.1:55245]
16:06:01.086 [main] DEBUG net.serenitybdd.core.photography.Darkroom - Send negative for processing for target\site\serenity\4660354df54a12fcd895682f5709ada0fe64cb7be35e163b54bdc9c5bb06ca8f.png
16:06:01.086 [Forwarding findElement on session 5cc14e555ae246263ec99bfc5fbbd0e3 to remote] DEBUG org.asynchttpclient.netty.request.NettyRequestSender - Using pooled Channel '[id: 0xd8a3a907, L:/127.0.0.1:60874 - R:localhost/127.0.0.1:55245]' for 'POST' to 'http://localhost:55245/session/5cc14e555ae246263ec99bfc5fbbd0e3/element'
16:06:01.086 [Forwarding findElement on session 5cc14e555ae246263ec99bfc5fbbd0e3 to remote] DEBUG org.asynchttpclient.netty.request.NettyRequestSender - Using open Channel [id: 0xd8a3a907, L:/127.0.0.1:60874 - R:localhost/127.0.0.1:55245] for POST '/session/5cc14e555ae246263ec99bfc5fbbd0e3/element'
16:06:01.107 [AsyncHttpClient-1-15] DEBUG org.asynchttpclient.netty.handler.HttpHandler - 

Request DefaultHttpRequest(decodeResult: success, version: HTTP/1.1)
POST /session/5cc14e555ae246263ec99bfc5fbbd0e3/element HTTP/1.1
User-Agent: selenium/4.1.2 (java windows)
Content-Length: 55
Content-Type: application/json; charset=utf-8
host: localhost:55245
accept: */*

Response DefaultHttpResponse(decodeResult: success, version: HTTP/1.1)
HTTP/1.1 200 OK
Content-Type: application/json; charset=utf-8
cache-control: no-cache
content-length: 88

16:06:01.107 [AsyncHttpClient-1-15] DEBUG org.asynchttpclient.netty.channel.ChannelManager - Adding key: http://localhost:55245 for channel [id: 0xd8a3a907, L:/127.0.0.1:60874 - R:localhost/127.0.0.1:55245]
16:06:01.108 [Forwarding isElementDisplayed on session 5cc14e555ae246263ec99bfc5fbbd0e3 to remote] DEBUG org.asynchttpclient.netty.request.NettyRequestSender - Using pooled Channel '[id: 0xd8a3a907, L:/127.0.0.1:60874 - R:localhost/127.0.0.1:55245]' for 'POST' to 'http://localhost:55245/session/5cc14e555ae246263ec99bfc5fbbd0e3/execute/sync'
16:06:01.108 [Forwarding isElementDisplayed on session 5cc14e555ae246263ec99bfc5fbbd0e3 to remote] DEBUG org.asynchttpclient.netty.request.NettyRequestSender - Using open Channel [id: 0xd8a3a907, L:/127.0.0.1:60874 - R:localhost/127.0.0.1:55245] for POST '/session/5cc14e555ae246263ec99bfc5fbbd0e3/execute/sync'
16:06:01.125 [AsyncHttpClient-1-15] DEBUG org.asynchttpclient.netty.handler.HttpHandler - 

Request DefaultHttpRequest(decodeResult: success, version: HTTP/1.1)
POST /session/5cc14e555ae246263ec99bfc5fbbd0e3/execute/sync HTTP/1.1
User-Agent: selenium/4.1.2 (java windows)
Content-Length: 48780
Content-Type: application/json; charset=utf-8
host: localhost:55245
accept: */*

Response DefaultHttpResponse(decodeResult: success, version: HTTP/1.1)
HTTP/1.1 200 OK
Content-Type: application/json; charset=utf-8
cache-control: no-cache
content-length: 14

16:06:01.125 [AsyncHttpClient-1-15] DEBUG org.asynchttpclient.netty.channel.ChannelManager - Adding key: http://localhost:55245 for channel [id: 0xd8a3a907, L:/127.0.0.1:60874 - R:localhost/127.0.0.1:55245]
16:06:01.133 [Forwarding findElement on session 5cc14e555ae246263ec99bfc5fbbd0e3 to remote] DEBUG org.asynchttpclient.netty.request.NettyRequestSender - Using pooled Channel '[id: 0xd8a3a907, L:/127.0.0.1:60874 - R:localhost/127.0.0.1:55245]' for 'POST' to 'http://localhost:55245/session/5cc14e555ae246263ec99bfc5fbbd0e3/element'
16:06:01.133 [Forwarding findElement on session 5cc14e555ae246263ec99bfc5fbbd0e3 to remote] DEBUG org.asynchttpclient.netty.request.NettyRequestSender - Using open Channel [id: 0xd8a3a907, L:/127.0.0.1:60874 - R:localhost/127.0.0.1:55245] for POST '/session/5cc14e555ae246263ec99bfc5fbbd0e3/element'
16:06:01.177 [AsyncHttpClient-1-15] DEBUG org.asynchttpclient.netty.handler.HttpHandler - 

Request DefaultHttpRequest(decodeResult: success, version: HTTP/1.1)
POST /session/5cc14e555ae246263ec99bfc5fbbd0e3/element HTTP/1.1
User-Agent: selenium/4.1.2 (java windows)
Content-Length: 72
Content-Type: application/json; charset=utf-8
host: localhost:55245
accept: */*

Response DefaultHttpResponse(decodeResult: success, version: HTTP/1.1)
HTTP/1.1 200 OK
Content-Type: application/json; charset=utf-8
cache-control: no-cache
content-length: 88

16:06:01.177 [AsyncHttpClient-1-15] DEBUG org.asynchttpclient.netty.channel.ChannelManager - Adding key: http://localhost:55245 for channel [id: 0xd8a3a907, L:/127.0.0.1:60874 - R:localhost/127.0.0.1:55245]
16:06:01.183 [Forwarding getElementTagName on session 5cc14e555ae246263ec99bfc5fbbd0e3 to remote] DEBUG org.asynchttpclient.netty.request.NettyRequestSender - Using pooled Channel '[id: 0xd8a3a907, L:/127.0.0.1:60874 - R:localhost/127.0.0.1:55245]' for 'GET' to 'http://localhost:55245/session/5cc14e555ae246263ec99bfc5fbbd0e3/element/b1432403-f5e4-4012-8d7a-d8412c11cb23/name'
16:06:01.183 [Forwarding getElementTagName on session 5cc14e555ae246263ec99bfc5fbbd0e3 to remote] DEBUG org.asynchttpclient.netty.request.NettyRequestSender - Using open Channel [id: 0xd8a3a907, L:/127.0.0.1:60874 - R:localhost/127.0.0.1:55245] for GET '/session/5cc14e555ae246263ec99bfc5fbbd0e3/element/b1432403-f5e4-4012-8d7a-d8412c11cb23/name'
16:06:01.188 [AsyncHttpClient-1-15] DEBUG org.asynchttpclient.netty.handler.HttpHandler - 

Request DefaultFullHttpRequest(decodeResult: success, version: HTTP/1.1, content: EmptyByteBufBE)
GET /session/5cc14e555ae246263ec99bfc5fbbd0e3/element/b1432403-f5e4-4012-8d7a-d8412c11cb23/name HTTP/1.1
User-Agent: selenium/4.1.2 (java windows)
Cache-Control: no-cache
Content-Type: application/json; charset=utf-8
host: localhost:55245
accept: */*

Response DefaultHttpResponse(decodeResult: success, version: HTTP/1.1)
HTTP/1.1 200 OK
Content-Type: application/json; charset=utf-8
cache-control: no-cache
content-length: 13

16:06:01.188 [AsyncHttpClient-1-15] DEBUG org.asynchttpclient.netty.channel.ChannelManager - Adding key: http://localhost:55245 for channel [id: 0xd8a3a907, L:/127.0.0.1:60874 - R:localhost/127.0.0.1:55245]
16:06:01.188 [Forwarding getElementTagName on session 5cc14e555ae246263ec99bfc5fbbd0e3 to remote] DEBUG org.asynchttpclient.netty.request.NettyRequestSender - Using pooled Channel '[id: 0xd8a3a907, L:/127.0.0.1:60874 - R:localhost/127.0.0.1:55245]' for 'GET' to 'http://localhost:55245/session/5cc14e555ae246263ec99bfc5fbbd0e3/element/b1432403-f5e4-4012-8d7a-d8412c11cb23/name'
16:06:01.188 [Forwarding getElementTagName on session 5cc14e555ae246263ec99bfc5fbbd0e3 to remote] DEBUG org.asynchttpclient.netty.request.NettyRequestSender - Using open Channel [id: 0xd8a3a907, L:/127.0.0.1:60874 - R:localhost/127.0.0.1:55245] for GET '/session/5cc14e555ae246263ec99bfc5fbbd0e3/element/b1432403-f5e4-4012-8d7a-d8412c11cb23/name'
16:06:01.188 [AsyncHttpClient-1-15] DEBUG org.asynchttpclient.netty.handler.HttpHandler - 

Request DefaultFullHttpRequest(decodeResult: success, version: HTTP/1.1, content: EmptyByteBufBE)
GET /session/5cc14e555ae246263ec99bfc5fbbd0e3/element/b1432403-f5e4-4012-8d7a-d8412c11cb23/name HTTP/1.1
User-Agent: selenium/4.1.2 (java windows)
Cache-Control: no-cache
Content-Type: application/json; charset=utf-8
host: localhost:55245
accept: */*

Response DefaultHttpResponse(decodeResult: success, version: HTTP/1.1)
HTTP/1.1 200 OK
Content-Type: application/json; charset=utf-8
cache-control: no-cache
content-length: 13

16:06:01.188 [AsyncHttpClient-1-15] DEBUG org.asynchttpclient.netty.channel.ChannelManager - Adding key: http://localhost:55245 for channel [id: 0xd8a3a907, L:/127.0.0.1:60874 - R:localhost/127.0.0.1:55245]
16:06:01.196 [Forwarding findElement on session 5cc14e555ae246263ec99bfc5fbbd0e3 to remote] DEBUG org.asynchttpclient.netty.request.NettyRequestSender - Using pooled Channel '[id: 0xd8a3a907, L:/127.0.0.1:60874 - R:localhost/127.0.0.1:55245]' for 'POST' to 'http://localhost:55245/session/5cc14e555ae246263ec99bfc5fbbd0e3/element'
16:06:01.196 [Forwarding findElement on session 5cc14e555ae246263ec99bfc5fbbd0e3 to remote] DEBUG org.asynchttpclient.netty.request.NettyRequestSender - Using open Channel [id: 0xd8a3a907, L:/127.0.0.1:60874 - R:localhost/127.0.0.1:55245] for POST '/session/5cc14e555ae246263ec99bfc5fbbd0e3/element'
16:06:01.206 [AsyncHttpClient-1-15] DEBUG org.asynchttpclient.netty.handler.HttpHandler - 

Request DefaultHttpRequest(decodeResult: success, version: HTTP/1.1)
POST /session/5cc14e555ae246263ec99bfc5fbbd0e3/element HTTP/1.1
User-Agent: selenium/4.1.2 (java windows)
Content-Length: 72
Content-Type: application/json; charset=utf-8
host: localhost:55245
accept: */*

Response DefaultHttpResponse(decodeResult: success, version: HTTP/1.1)
HTTP/1.1 200 OK
Content-Type: application/json; charset=utf-8
cache-control: no-cache
content-length: 88

16:06:01.206 [AsyncHttpClient-1-15] DEBUG org.asynchttpclient.netty.channel.ChannelManager - Adding key: http://localhost:55245 for channel [id: 0xd8a3a907, L:/127.0.0.1:60874 - R:localhost/127.0.0.1:55245]
16:06:01.207 [Forwarding clickElement on session 5cc14e555ae246263ec99bfc5fbbd0e3 to remote] DEBUG org.asynchttpclient.netty.request.NettyRequestSender - Using pooled Channel '[id: 0xd8a3a907, L:/127.0.0.1:60874 - R:localhost/127.0.0.1:55245]' for 'POST' to 'http://localhost:55245/session/5cc14e555ae246263ec99bfc5fbbd0e3/element/b1432403-f5e4-4012-8d7a-d8412c11cb23/click'
16:06:01.207 [Forwarding clickElement on session 5cc14e555ae246263ec99bfc5fbbd0e3 to remote] DEBUG org.asynchttpclient.netty.request.NettyRequestSender - Using open Channel [id: 0xd8a3a907, L:/127.0.0.1:60874 - R:localhost/127.0.0.1:55245] for POST '/session/5cc14e555ae246263ec99bfc5fbbd0e3/element/b1432403-f5e4-4012-8d7a-d8412c11cb23/click'
16:06:01.221 [AsyncHttpClient-1-1] DEBUG org.asynchttpclient.netty.channel.DefaultChannelPool - Entry count for : http://localhost:60876 : 1
16:06:01.273 [AsyncHttpClient-1-15] DEBUG org.asynchttpclient.netty.handler.HttpHandler - 

Request DefaultHttpRequest(decodeResult: success, version: HTTP/1.1)
POST /session/5cc14e555ae246263ec99bfc5fbbd0e3/element/b1432403-f5e4-4012-8d7a-d8412c11cb23/click HTTP/1.1
User-Agent: selenium/4.1.2 (java windows)
Content-Length: 50
Content-Type: application/json; charset=utf-8
host: localhost:55245
accept: */*

Response DefaultHttpResponse(decodeResult: success, version: HTTP/1.1)
HTTP/1.1 200 OK
Content-Type: application/json; charset=utf-8
cache-control: no-cache
content-length: 14

16:06:01.273 [AsyncHttpClient-1-15] DEBUG org.asynchttpclient.netty.channel.ChannelManager - Adding key: http://localhost:55245 for channel [id: 0xd8a3a907, L:/127.0.0.1:60874 - R:localhost/127.0.0.1:55245]
  &amp#27;[32mWhen &amp#27;[0m&amp#27;[32mi click get started&amp#27;[0m                                                     &amp#27;[90m# starter.stepdefinitions.registerSteps.iClickGetStarted()&amp#27;[0m
16:06:01.281 [Forwarding screenshot on session 5cc14e555ae246263ec99bfc5fbbd0e3 to remote] DEBUG org.asynchttpclient.netty.request.NettyRequestSender - Using pooled Channel '[id: 0xd8a3a907, L:/127.0.0.1:60874 - R:localhost/127.0.0.1:55245]' for 'GET' to 'http://localhost:55245/session/5cc14e555ae246263ec99bfc5fbbd0e3/screenshot'
16:06:01.281 [Forwarding screenshot on session 5cc14e555ae246263ec99bfc5fbbd0e3 to remote] DEBUG org.asynchttpclient.netty.request.NettyRequestSender - Using open Channel [id: 0xd8a3a907, L:/127.0.0.1:60874 - R:localhost/127.0.0.1:55245] for GET '/session/5cc14e555ae246263ec99bfc5fbbd0e3/screenshot'
16:06:01.764 [AsyncHttpClient-1-15] DEBUG org.asynchttpclient.netty.handler.HttpHandler - 

Request DefaultFullHttpRequest(decodeResult: success, version: HTTP/1.1, content: EmptyByteBufBE)
GET /session/5cc14e555ae246263ec99bfc5fbbd0e3/screenshot HTTP/1.1
User-Agent: selenium/4.1.2 (java windows)
Cache-Control: no-cache
Content-Type: application/json; charset=utf-8
host: localhost:55245
accept: */*

Response DefaultHttpResponse(decodeResult: success, version: HTTP/1.1)
HTTP/1.1 200 OK
Content-Type: application/json; charset=utf-8
cache-control: no-cache
content-length: 139180

16:06:01.764 [AsyncHttpClient-1-15] DEBUG org.asynchttpclient.netty.channel.ChannelManager - Adding key: http://localhost:55245 for channel [id: 0xd8a3a907, L:/127.0.0.1:60874 - R:localhost/127.0.0.1:55245]
16:06:01.772 [main] DEBUG net.serenitybdd.core.photography.Darkroom - Send negative for processing for target\site\serenity\0c5dbf85d5b95bc4e5b1977997e74a466568101abfc01abf91f4b1d88ebb90df.png
16:06:01.772 [Darkroom Processing Line] DEBUG net.serenitybdd.core.photography.DarkroomProcessingLine - Processing screenshot image in /var/screenshots/screenshot-11212061131670136063
16:06:01.772 [Darkroom Processing Line] DEBUG net.serenitybdd.core.photography.DarkroomProcessingLine - Saving screenshot to target\site\serenity\0c5dbf85d5b95bc4e5b1977997e74a466568101abfc01abf91f4b1d88ebb90df.png
16:06:01.786 [Forwarding findElement on session 5cc14e555ae246263ec99bfc5fbbd0e3 to remote] DEBUG org.asynchttpclient.netty.request.NettyRequestSender - Using pooled Channel '[id: 0xd8a3a907, L:/127.0.0.1:60874 - R:localhost/127.0.0.1:55245]' for 'POST' to 'http://localhost:55245/session/5cc14e555ae246263ec99bfc5fbbd0e3/element'
16:06:01.786 [Forwarding findElement on session 5cc14e555ae246263ec99bfc5fbbd0e3 to remote] DEBUG org.asynchttpclient.netty.request.NettyRequestSender - Using open Channel [id: 0xd8a3a907, L:/127.0.0.1:60874 - R:localhost/127.0.0.1:55245] for POST '/session/5cc14e555ae246263ec99bfc5fbbd0e3/element'
16:06:01.797 [AsyncHttpClient-1-15] DEBUG org.asynchttpclient.netty.handler.HttpHandler - 

Request DefaultHttpRequest(decodeResult: success, version: HTTP/1.1)
POST /session/5cc14e555ae246263ec99bfc5fbbd0e3/element HTTP/1.1
User-Agent: selenium/4.1.2 (java windows)
Content-Length: 68
Content-Type: application/json; charset=utf-8
host: localhost:55245
accept: */*

Response DefaultHttpResponse(decodeResult: success, version: HTTP/1.1)
HTTP/1.1 200 OK
Content-Type: application/json; charset=utf-8
cache-control: no-cache
content-length: 88

16:06:01.797 [AsyncHttpClient-1-15] DEBUG org.asynchttpclient.netty.channel.ChannelManager - Adding key: http://localhost:55245 for channel [id: 0xd8a3a907, L:/127.0.0.1:60874 - R:localhost/127.0.0.1:55245]
16:06:01.797 [Forwarding getElementTagName on session 5cc14e555ae246263ec99bfc5fbbd0e3 to remote] DEBUG org.asynchttpclient.netty.request.NettyRequestSender - Using pooled Channel '[id: 0xd8a3a907, L:/127.0.0.1:60874 - R:localhost/127.0.0.1:55245]' for 'GET' to 'http://localhost:55245/session/5cc14e555ae246263ec99bfc5fbbd0e3/element/17e50d08-d413-4006-88fb-6d330816c03e/name'
16:06:01.797 [Forwarding getElementTagName on session 5cc14e555ae246263ec99bfc5fbbd0e3 to remote] DEBUG org.asynchttpclient.netty.request.NettyRequestSender - Using open Channel [id: 0xd8a3a907, L:/127.0.0.1:60874 - R:localhost/127.0.0.1:55245] for GET '/session/5cc14e555ae246263ec99bfc5fbbd0e3/element/17e50d08-d413-4006-88fb-6d330816c03e/name'
16:06:01.806 [AsyncHttpClient-1-15] DEBUG org.asynchttpclient.netty.handler.HttpHandler - 

Request DefaultFullHttpRequest(decodeResult: success, version: HTTP/1.1, content: EmptyByteBufBE)
GET /session/5cc14e555ae246263ec99bfc5fbbd0e3/element/17e50d08-d413-4006-88fb-6d330816c03e/name HTTP/1.1
User-Agent: selenium/4.1.2 (java windows)
Cache-Control: no-cache
Content-Type: application/json; charset=utf-8
host: localhost:55245
accept: */*

Response DefaultHttpResponse(decodeResult: success, version: HTTP/1.1)
HTTP/1.1 200 OK
Content-Type: application/json; charset=utf-8
cache-control: no-cache
content-length: 13

16:06:01.806 [AsyncHttpClient-1-15] DEBUG org.asynchttpclient.netty.channel.ChannelManager - Adding key: http://localhost:55245 for channel [id: 0xd8a3a907, L:/127.0.0.1:60874 - R:localhost/127.0.0.1:55245]
16:06:01.808 [Forwarding getElementTagName on session 5cc14e555ae246263ec99bfc5fbbd0e3 to remote] DEBUG org.asynchttpclient.netty.request.NettyRequestSender - Using pooled Channel '[id: 0xd8a3a907, L:/127.0.0.1:60874 - R:localhost/127.0.0.1:55245]' for 'GET' to 'http://localhost:55245/session/5cc14e555ae246263ec99bfc5fbbd0e3/element/17e50d08-d413-4006-88fb-6d330816c03e/name'
16:06:01.808 [Forwarding getElementTagName on session 5cc14e555ae246263ec99bfc5fbbd0e3 to remote] DEBUG org.asynchttpclient.netty.request.NettyRequestSender - Using open Channel [id: 0xd8a3a907, L:/127.0.0.1:60874 - R:localhost/127.0.0.1:55245] for GET '/session/5cc14e555ae246263ec99bfc5fbbd0e3/element/17e50d08-d413-4006-88fb-6d330816c03e/name'
16:06:01.808 [AsyncHttpClient-1-15] DEBUG org.asynchttpclient.netty.handler.HttpHandler - 

Request DefaultFullHttpRequest(decodeResult: success, version: HTTP/1.1, content: EmptyByteBufBE)
GET /session/5cc14e555ae246263ec99bfc5fbbd0e3/element/17e50d08-d413-4006-88fb-6d330816c03e/name HTTP/1.1
User-Agent: selenium/4.1.2 (java windows)
Cache-Control: no-cache
Content-Type: application/json; charset=utf-8
host: localhost:55245
accept: */*

Response DefaultHttpResponse(decodeResult: success, version: HTTP/1.1)
HTTP/1.1 200 OK
Content-Type: application/json; charset=utf-8
cache-control: no-cache
content-length: 13

16:06:01.808 [AsyncHttpClient-1-15] DEBUG org.asynchttpclient.netty.channel.ChannelManager - Adding key: http://localhost:55245 for channel [id: 0xd8a3a907, L:/127.0.0.1:60874 - R:localhost/127.0.0.1:55245]
16:06:01.808 [Forwarding findElement on session 5cc14e555ae246263ec99bfc5fbbd0e3 to remote] DEBUG org.asynchttpclient.netty.request.NettyRequestSender - Using pooled Channel '[id: 0xd8a3a907, L:/127.0.0.1:60874 - R:localhost/127.0.0.1:55245]' for 'POST' to 'http://localhost:55245/session/5cc14e555ae246263ec99bfc5fbbd0e3/element'
16:06:01.808 [Forwarding findElement on session 5cc14e555ae246263ec99bfc5fbbd0e3 to remote] DEBUG org.asynchttpclient.netty.request.NettyRequestSender - Using open Channel [id: 0xd8a3a907, L:/127.0.0.1:60874 - R:localhost/127.0.0.1:55245] for POST '/session/5cc14e555ae246263ec99bfc5fbbd0e3/element'
16:06:01.821 [AsyncHttpClient-1-15] DEBUG org.asynchttpclient.netty.handler.HttpHandler - 

Request DefaultHttpRequest(decodeResult: success, version: HTTP/1.1)
POST /session/5cc14e555ae246263ec99bfc5fbbd0e3/element HTTP/1.1
User-Agent: selenium/4.1.2 (java windows)
Content-Length: 68
Content-Type: application/json; charset=utf-8
host: localhost:55245
accept: */*

Response DefaultHttpResponse(decodeResult: success, version: HTTP/1.1)
HTTP/1.1 200 OK
Content-Type: application/json; charset=utf-8
cache-control: no-cache
content-length: 88

16:06:01.821 [AsyncHttpClient-1-15] DEBUG org.asynchttpclient.netty.channel.ChannelManager - Adding key: http://localhost:55245 for channel [id: 0xd8a3a907, L:/127.0.0.1:60874 - R:localhost/127.0.0.1:55245]
16:06:01.822 [Forwarding clickElement on session 5cc14e555ae246263ec99bfc5fbbd0e3 to remote] DEBUG org.asynchttpclient.netty.request.NettyRequestSender - Using pooled Channel '[id: 0xd8a3a907, L:/127.0.0.1:60874 - R:localhost/127.0.0.1:55245]' for 'POST' to 'http://localhost:55245/session/5cc14e555ae246263ec99bfc5fbbd0e3/element/17e50d08-d413-4006-88fb-6d330816c03e/click'
16:06:01.822 [Forwarding clickElement on session 5cc14e555ae246263ec99bfc5fbbd0e3 to remote] DEBUG org.asynchttpclient.netty.request.NettyRequestSender - Using open Channel [id: 0xd8a3a907, L:/127.0.0.1:60874 - R:localhost/127.0.0.1:55245] for POST '/session/5cc14e555ae246263ec99bfc5fbbd0e3/element/17e50d08-d413-4006-88fb-6d330816c03e/click'
16:06:01.883 [AsyncHttpClient-1-15] DEBUG org.asynchttpclient.netty.handler.HttpHandler - 

Request DefaultHttpRequest(decodeResult: success, version: HTTP/1.1)
POST /session/5cc14e555ae246263ec99bfc5fbbd0e3/element/17e50d08-d413-4006-88fb-6d330816c03e/click HTTP/1.1
User-Agent: selenium/4.1.2 (java windows)
Content-Length: 50
Content-Type: application/json; charset=utf-8
host: localhost:55245
accept: */*

Response DefaultHttpResponse(decodeResult: success, version: HTTP/1.1)
HTTP/1.1 200 OK
Content-Type: application/json; charset=utf-8
cache-control: no-cache
content-length: 14

16:06:01.883 [AsyncHttpClient-1-15] DEBUG org.asynchttpclient.netty.channel.ChannelManager - Adding key: http://localhost:55245 for channel [id: 0xd8a3a907, L:/127.0.0.1:60874 - R:localhost/127.0.0.1:55245]
16:06:01.886 [Forwarding findElement on session 5cc14e555ae246263ec99bfc5fbbd0e3 to remote] DEBUG org.asynchttpclient.netty.request.NettyRequestSender - Using pooled Channel '[id: 0xd8a3a907, L:/127.0.0.1:60874 - R:localhost/127.0.0.1:55245]' for 'POST' to 'http://localhost:55245/session/5cc14e555ae246263ec99bfc5fbbd0e3/element'
16:06:01.886 [Forwarding findElement on session 5cc14e555ae246263ec99bfc5fbbd0e3 to remote] DEBUG org.asynchttpclient.netty.request.NettyRequestSender - Using open Channel [id: 0xd8a3a907, L:/127.0.0.1:60874 - R:localhost/127.0.0.1:55245] for POST '/session/5cc14e555ae246263ec99bfc5fbbd0e3/element'
16:06:01.898 [AsyncHttpClient-1-15] DEBUG org.asynchttpclient.netty.handler.HttpHandler - 

Request DefaultHttpRequest(decodeResult: success, version: HTTP/1.1)
POST /session/5cc14e555ae246263ec99bfc5fbbd0e3/element HTTP/1.1
User-Agent: selenium/4.1.2 (java windows)
Content-Length: 69
Content-Type: application/json; charset=utf-8
host: localhost:55245
accept: */*

Response DefaultHttpResponse(decodeResult: success, version: HTTP/1.1)
HTTP/1.1 200 OK
Content-Type: application/json; charset=utf-8
cache-control: no-cache
content-length: 88

16:06:01.898 [AsyncHttpClient-1-15] DEBUG org.asynchttpclient.netty.channel.ChannelManager - Adding key: http://localhost:55245 for channel [id: 0xd8a3a907, L:/127.0.0.1:60874 - R:localhost/127.0.0.1:55245]
16:06:01.906 [Forwarding isElementDisplayed on session 5cc14e555ae246263ec99bfc5fbbd0e3 to remote] DEBUG org.asynchttpclient.netty.request.NettyRequestSender - Using pooled Channel '[id: 0xd8a3a907, L:/127.0.0.1:60874 - R:localhost/127.0.0.1:55245]' for 'POST' to 'http://localhost:55245/session/5cc14e555ae246263ec99bfc5fbbd0e3/execute/sync'
16:06:01.906 [Forwarding isElementDisplayed on session 5cc14e555ae246263ec99bfc5fbbd0e3 to remote] DEBUG org.asynchttpclient.netty.request.NettyRequestSender - Using open Channel [id: 0xd8a3a907, L:/127.0.0.1:60874 - R:localhost/127.0.0.1:55245] for POST '/session/5cc14e555ae246263ec99bfc5fbbd0e3/execute/sync'
16:06:01.922 [AsyncHttpClient-1-15] DEBUG org.asynchttpclient.netty.handler.HttpHandler - 

Request DefaultHttpRequest(decodeResult: success, version: HTTP/1.1)
POST /session/5cc14e555ae246263ec99bfc5fbbd0e3/execute/sync HTTP/1.1
User-Agent: selenium/4.1.2 (java windows)
Content-Length: 48780
Content-Type: application/json; charset=utf-8
host: localhost:55245
accept: */*

Response DefaultHttpResponse(decodeResult: success, version: HTTP/1.1)
HTTP/1.1 200 OK
Content-Type: application/json; charset=utf-8
cache-control: no-cache
content-length: 14

16:06:01.922 [AsyncHttpClient-1-15] DEBUG org.asynchttpclient.netty.channel.ChannelManager - Adding key: http://localhost:55245 for channel [id: 0xd8a3a907, L:/127.0.0.1:60874 - R:localhost/127.0.0.1:55245]
  &amp#27;[32mAnd &amp#27;[0m&amp#27;[32mi click sign up&amp#27;[0m                                                          &amp#27;[90m# starter.stepdefinitions.registerSteps.iClickSignUp()&amp#27;[0m
16:06:01.926 [Forwarding screenshot on session 5cc14e555ae246263ec99bfc5fbbd0e3 to remote] DEBUG org.asynchttpclient.netty.request.NettyRequestSender - Using pooled Channel '[id: 0xd8a3a907, L:/127.0.0.1:60874 - R:localhost/127.0.0.1:55245]' for 'GET' to 'http://localhost:55245/session/5cc14e555ae246263ec99bfc5fbbd0e3/screenshot'
16:06:01.926 [Forwarding screenshot on session 5cc14e555ae246263ec99bfc5fbbd0e3 to remote] DEBUG org.asynchttpclient.netty.request.NettyRequestSender - Using open Channel [id: 0xd8a3a907, L:/127.0.0.1:60874 - R:localhost/127.0.0.1:55245] for GET '/session/5cc14e555ae246263ec99bfc5fbbd0e3/screenshot'
16:06:02.141 [AsyncHttpClient-1-15] DEBUG org.asynchttpclient.netty.handler.HttpHandler - 

Request DefaultFullHttpRequest(decodeResult: success, version: HTTP/1.1, content: EmptyByteBufBE)
GET /session/5cc14e555ae246263ec99bfc5fbbd0e3/screenshot HTTP/1.1
User-Agent: selenium/4.1.2 (java windows)
Cache-Control: no-cache
Content-Type: application/json; charset=utf-8
host: localhost:55245
accept: */*

Response DefaultHttpResponse(decodeResult: success, version: HTTP/1.1)
HTTP/1.1 200 OK
Content-Type: application/json; charset=utf-8
cache-control: no-cache
content-length: 86552

16:06:02.141 [AsyncHttpClient-1-15] DEBUG org.asynchttpclient.netty.channel.ChannelManager - Adding key: http://localhost:55245 for channel [id: 0xd8a3a907, L:/127.0.0.1:60874 - R:localhost/127.0.0.1:55245]
16:06:02.141 [main] DEBUG net.serenitybdd.core.photography.Darkroom - Send negative for processing for target\site\serenity\74c2ae455b8f414219e6672ba9b099425e78b11120b1b1ffd4e1bf6dd5df90e4.png
16:06:02.141 [Darkroom Processing Line] DEBUG net.serenitybdd.core.photography.DarkroomProcessingLine - Processing screenshot image in /var/screenshots/screenshot-16196252032327915049
16:06:02.141 [Darkroom Processing Line] DEBUG net.serenitybdd.core.photography.DarkroomProcessingLine - Saving screenshot to target\site\serenity\74c2ae455b8f414219e6672ba9b099425e78b11120b1b1ffd4e1bf6dd5df90e4.png
16:06:02.165 [Forwarding findElement on session 5cc14e555ae246263ec99bfc5fbbd0e3 to remote] DEBUG org.asynchttpclient.netty.request.NettyRequestSender - Using pooled Channel '[id: 0xd8a3a907, L:/127.0.0.1:60874 - R:localhost/127.0.0.1:55245]' for 'POST' to 'http://localhost:55245/session/5cc14e555ae246263ec99bfc5fbbd0e3/element'
16:06:02.165 [Forwarding findElement on session 5cc14e555ae246263ec99bfc5fbbd0e3 to remote] DEBUG org.asynchttpclient.netty.request.NettyRequestSender - Using open Channel [id: 0xd8a3a907, L:/127.0.0.1:60874 - R:localhost/127.0.0.1:55245] for POST '/session/5cc14e555ae246263ec99bfc5fbbd0e3/element'
16:06:02.221 [AsyncHttpClient-1-15] DEBUG org.asynchttpclient.netty.handler.HttpHandler - 

Request DefaultHttpRequest(decodeResult: success, version: HTTP/1.1)
POST /session/5cc14e555ae246263ec99bfc5fbbd0e3/element HTTP/1.1
User-Agent: selenium/4.1.2 (java windows)
Content-Length: 66
Content-Type: application/json; charset=utf-8
host: localhost:55245
accept: */*

Response DefaultHttpResponse(decodeResult: success, version: HTTP/1.1)
HTTP/1.1 200 OK
Content-Type: application/json; charset=utf-8
cache-control: no-cache
content-length: 88

16:06:02.222 [AsyncHttpClient-1-15] DEBUG org.asynchttpclient.netty.channel.ChannelManager - Adding key: http://localhost:55245 for channel [id: 0xd8a3a907, L:/127.0.0.1:60874 - R:localhost/127.0.0.1:55245]
16:06:02.222 [Forwarding clearElement on session 5cc14e555ae246263ec99bfc5fbbd0e3 to remote] DEBUG org.asynchttpclient.netty.request.NettyRequestSender - Using pooled Channel '[id: 0xd8a3a907, L:/127.0.0.1:60874 - R:localhost/127.0.0.1:55245]' for 'POST' to 'http://localhost:55245/session/5cc14e555ae246263ec99bfc5fbbd0e3/element/7f3f1465-4f9f-4944-8c63-257937271745/clear'
16:06:02.222 [Forwarding clearElement on session 5cc14e555ae246263ec99bfc5fbbd0e3 to remote] DEBUG org.asynchttpclient.netty.request.NettyRequestSender - Using open Channel [id: 0xd8a3a907, L:/127.0.0.1:60874 - R:localhost/127.0.0.1:55245] for POST '/session/5cc14e555ae246263ec99bfc5fbbd0e3/element/7f3f1465-4f9f-4944-8c63-257937271745/clear'
16:06:02.298 [AsyncHttpClient-1-15] DEBUG org.asynchttpclient.netty.handler.HttpHandler - 

Request DefaultHttpRequest(decodeResult: success, version: HTTP/1.1)
POST /session/5cc14e555ae246263ec99bfc5fbbd0e3/element/7f3f1465-4f9f-4944-8c63-257937271745/clear HTTP/1.1
User-Agent: selenium/4.1.2 (java windows)
Content-Length: 50
Content-Type: application/json; charset=utf-8
host: localhost:55245
accept: */*

Response DefaultHttpResponse(decodeResult: success, version: HTTP/1.1)
HTTP/1.1 200 OK
Content-Type: application/json; charset=utf-8
cache-control: no-cache
content-length: 14

16:06:02.298 [AsyncHttpClient-1-15] DEBUG org.asynchttpclient.netty.channel.ChannelManager - Adding key: http://localhost:55245 for channel [id: 0xd8a3a907, L:/127.0.0.1:60874 - R:localhost/127.0.0.1:55245]
16:06:02.306 [Forwarding sendKeysToElement on session 5cc14e555ae246263ec99bfc5fbbd0e3 to remote] DEBUG org.asynchttpclient.netty.request.NettyRequestSender - Using pooled Channel '[id: 0xd8a3a907, L:/127.0.0.1:60874 - R:localhost/127.0.0.1:55245]' for 'POST' to 'http://localhost:55245/session/5cc14e555ae246263ec99bfc5fbbd0e3/element/7f3f1465-4f9f-4944-8c63-257937271745/value'
16:06:02.306 [Forwarding sendKeysToElement on session 5cc14e555ae246263ec99bfc5fbbd0e3 to remote] DEBUG org.asynchttpclient.netty.request.NettyRequestSender - Using open Channel [id: 0xd8a3a907, L:/127.0.0.1:60874 - R:localhost/127.0.0.1:55245] for POST '/session/5cc14e555ae246263ec99bfc5fbbd0e3/element/7f3f1465-4f9f-4944-8c63-257937271745/value'
16:06:02.322 [AsyncHttpClient-1-1] DEBUG org.asynchttpclient.netty.channel.DefaultChannelPool - Entry count for : http://localhost:60876 : 1
16:06:02.374 [AsyncHttpClient-1-15] DEBUG org.asynchttpclient.netty.handler.HttpHandler - 

Request DefaultHttpRequest(decodeResult: success, version: HTTP/1.1)
POST /session/5cc14e555ae246263ec99bfc5fbbd0e3/element/7f3f1465-4f9f-4944-8c63-257937271745/value HTTP/1.1
User-Agent: selenium/4.1.2 (java windows)
Content-Length: 82
Content-Type: application/json; charset=utf-8
host: localhost:55245
accept: */*

Response DefaultHttpResponse(decodeResult: success, version: HTTP/1.1)
HTTP/1.1 200 OK
Content-Type: application/json; charset=utf-8
cache-control: no-cache
content-length: 14

16:06:02.374 [AsyncHttpClient-1-15] DEBUG org.asynchttpclient.netty.channel.ChannelManager - Adding key: http://localhost:55245 for channel [id: 0xd8a3a907, L:/127.0.0.1:60874 - R:localhost/127.0.0.1:55245]
16:06:02.382 [Forwarding findElement on session 5cc14e555ae246263ec99bfc5fbbd0e3 to remote] DEBUG org.asynchttpclient.netty.request.NettyRequestSender - Using pooled Channel '[id: 0xd8a3a907, L:/127.0.0.1:60874 - R:localhost/127.0.0.1:55245]' for 'POST' to 'http://localhost:55245/session/5cc14e555ae246263ec99bfc5fbbd0e3/element'
16:06:02.382 [Forwarding findElement on session 5cc14e555ae246263ec99bfc5fbbd0e3 to remote] DEBUG org.asynchttpclient.netty.request.NettyRequestSender - Using open Channel [id: 0xd8a3a907, L:/127.0.0.1:60874 - R:localhost/127.0.0.1:55245] for POST '/session/5cc14e555ae246263ec99bfc5fbbd0e3/element'
16:06:02.406 [AsyncHttpClient-1-15] DEBUG org.asynchttpclient.netty.handler.HttpHandler - 

Request DefaultHttpRequest(decodeResult: success, version: HTTP/1.1)
POST /session/5cc14e555ae246263ec99bfc5fbbd0e3/element HTTP/1.1
User-Agent: selenium/4.1.2 (java windows)
Content-Length: 63
Content-Type: application/json; charset=utf-8
host: localhost:55245
accept: */*

Response DefaultHttpResponse(decodeResult: success, version: HTTP/1.1)
HTTP/1.1 200 OK
Content-Type: application/json; charset=utf-8
cache-control: no-cache
content-length: 88

16:06:02.406 [AsyncHttpClient-1-15] DEBUG org.asynchttpclient.netty.channel.ChannelManager - Adding key: http://localhost:55245 for channel [id: 0xd8a3a907, L:/127.0.0.1:60874 - R:localhost/127.0.0.1:55245]
16:06:02.414 [Forwarding clearElement on session 5cc14e555ae246263ec99bfc5fbbd0e3 to remote] DEBUG org.asynchttpclient.netty.request.NettyRequestSender - Using pooled Channel '[id: 0xd8a3a907, L:/127.0.0.1:60874 - R:localhost/127.0.0.1:55245]' for 'POST' to 'http://localhost:55245/session/5cc14e555ae246263ec99bfc5fbbd0e3/element/0d838787-42ab-466e-9f2e-350eac90cb88/clear'
16:06:02.414 [Forwarding clearElement on session 5cc14e555ae246263ec99bfc5fbbd0e3 to remote] DEBUG org.asynchttpclient.netty.request.NettyRequestSender - Using open Channel [id: 0xd8a3a907, L:/127.0.0.1:60874 - R:localhost/127.0.0.1:55245] for POST '/session/5cc14e555ae246263ec99bfc5fbbd0e3/element/0d838787-42ab-466e-9f2e-350eac90cb88/clear'
16:06:02.496 [AsyncHttpClient-1-15] DEBUG org.asynchttpclient.netty.handler.HttpHandler - 

Request DefaultHttpRequest(decodeResult: success, version: HTTP/1.1)
POST /session/5cc14e555ae246263ec99bfc5fbbd0e3/element/0d838787-42ab-466e-9f2e-350eac90cb88/clear HTTP/1.1
User-Agent: selenium/4.1.2 (java windows)
Content-Length: 50
Content-Type: application/json; charset=utf-8
host: localhost:55245
accept: */*

Response DefaultHttpResponse(decodeResult: success, version: HTTP/1.1)
HTTP/1.1 200 OK
Content-Type: application/json; charset=utf-8
cache-control: no-cache
content-length: 14

16:06:02.496 [AsyncHttpClient-1-15] DEBUG org.asynchttpclient.netty.channel.ChannelManager - Adding key: http://localhost:55245 for channel [id: 0xd8a3a907, L:/127.0.0.1:60874 - R:localhost/127.0.0.1:55245]
16:06:02.496 [Forwarding sendKeysToElement on session 5cc14e555ae246263ec99bfc5fbbd0e3 to remote] DEBUG org.asynchttpclient.netty.request.NettyRequestSender - Using pooled Channel '[id: 0xd8a3a907, L:/127.0.0.1:60874 - R:localhost/127.0.0.1:55245]' for 'POST' to 'http://localhost:55245/session/5cc14e555ae246263ec99bfc5fbbd0e3/element/0d838787-42ab-466e-9f2e-350eac90cb88/value'
16:06:02.496 [Forwarding sendKeysToElement on session 5cc14e555ae246263ec99bfc5fbbd0e3 to remote] DEBUG org.asynchttpclient.netty.request.NettyRequestSender - Using open Channel [id: 0xd8a3a907, L:/127.0.0.1:60874 - R:localhost/127.0.0.1:55245] for POST '/session/5cc14e555ae246263ec99bfc5fbbd0e3/element/0d838787-42ab-466e-9f2e-350eac90cb88/value'
16:06:02.684 [AsyncHttpClient-1-15] DEBUG org.asynchttpclient.netty.handler.HttpHandler - 

Request DefaultHttpRequest(decodeResult: success, version: HTTP/1.1)
POST /session/5cc14e555ae246263ec99bfc5fbbd0e3/element/0d838787-42ab-466e-9f2e-350eac90cb88/value HTTP/1.1
User-Agent: selenium/4.1.2 (java windows)
Content-Length: 331
Content-Type: application/json; charset=utf-8
host: localhost:55245
accept: */*

Response DefaultHttpResponse(decodeResult: success, version: HTTP/1.1)
HTTP/1.1 200 OK
Content-Type: application/json; charset=utf-8
cache-control: no-cache
content-length: 14

16:06:02.684 [AsyncHttpClient-1-15] DEBUG org.asynchttpclient.netty.channel.ChannelManager - Adding key: http://localhost:55245 for channel [id: 0xd8a3a907, L:/127.0.0.1:60874 - R:localhost/127.0.0.1:55245]
16:06:02.684 [Forwarding findElement on session 5cc14e555ae246263ec99bfc5fbbd0e3 to remote] DEBUG org.asynchttpclient.netty.request.NettyRequestSender - Using pooled Channel '[id: 0xd8a3a907, L:/127.0.0.1:60874 - R:localhost/127.0.0.1:55245]' for 'POST' to 'http://localhost:55245/session/5cc14e555ae246263ec99bfc5fbbd0e3/element'
16:06:02.684 [Forwarding findElement on session 5cc14e555ae246263ec99bfc5fbbd0e3 to remote] DEBUG org.asynchttpclient.netty.request.NettyRequestSender - Using open Channel [id: 0xd8a3a907, L:/127.0.0.1:60874 - R:localhost/127.0.0.1:55245] for POST '/session/5cc14e555ae246263ec99bfc5fbbd0e3/element'
16:06:02.727 [AsyncHttpClient-1-15] DEBUG org.asynchttpclient.netty.handler.HttpHandler - 

Request DefaultHttpRequest(decodeResult: success, version: HTTP/1.1)
POST /session/5cc14e555ae246263ec99bfc5fbbd0e3/element HTTP/1.1
User-Agent: selenium/4.1.2 (java windows)
Content-Length: 68
Content-Type: application/json; charset=utf-8
host: localhost:55245
accept: */*

Response DefaultHttpResponse(decodeResult: success, version: HTTP/1.1)
HTTP/1.1 200 OK
Content-Type: application/json; charset=utf-8
cache-control: no-cache
content-length: 88

16:06:02.727 [AsyncHttpClient-1-15] DEBUG org.asynchttpclient.netty.channel.ChannelManager - Adding key: http://localhost:55245 for channel [id: 0xd8a3a907, L:/127.0.0.1:60874 - R:localhost/127.0.0.1:55245]
16:06:02.727 [Forwarding clearElement on session 5cc14e555ae246263ec99bfc5fbbd0e3 to remote] DEBUG org.asynchttpclient.netty.request.NettyRequestSender - Using pooled Channel '[id: 0xd8a3a907, L:/127.0.0.1:60874 - R:localhost/127.0.0.1:55245]' for 'POST' to 'http://localhost:55245/session/5cc14e555ae246263ec99bfc5fbbd0e3/element/2aa47043-9770-4132-85fb-4c478b58befe/clear'
16:06:02.727 [Forwarding clearElement on session 5cc14e555ae246263ec99bfc5fbbd0e3 to remote] DEBUG org.asynchttpclient.netty.request.NettyRequestSender - Using open Channel [id: 0xd8a3a907, L:/127.0.0.1:60874 - R:localhost/127.0.0.1:55245] for POST '/session/5cc14e555ae246263ec99bfc5fbbd0e3/element/2aa47043-9770-4132-85fb-4c478b58befe/clear'
16:06:02.766 [AsyncHttpClient-1-15] DEBUG org.asynchttpclient.netty.handler.HttpHandler - 

Request DefaultHttpRequest(decodeResult: success, version: HTTP/1.1)
POST /session/5cc14e555ae246263ec99bfc5fbbd0e3/element/2aa47043-9770-4132-85fb-4c478b58befe/clear HTTP/1.1
User-Agent: selenium/4.1.2 (java windows)
Content-Length: 50
Content-Type: application/json; charset=utf-8
host: localhost:55245
accept: */*

Response DefaultHttpResponse(decodeResult: success, version: HTTP/1.1)
HTTP/1.1 200 OK
Content-Type: application/json; charset=utf-8
cache-control: no-cache
content-length: 14

16:06:02.766 [AsyncHttpClient-1-15] DEBUG org.asynchttpclient.netty.channel.ChannelManager - Adding key: http://localhost:55245 for channel [id: 0xd8a3a907, L:/127.0.0.1:60874 - R:localhost/127.0.0.1:55245]
16:06:02.767 [Forwarding sendKeysToElement on session 5cc14e555ae246263ec99bfc5fbbd0e3 to remote] DEBUG org.asynchttpclient.netty.request.NettyRequestSender - Using pooled Channel '[id: 0xd8a3a907, L:/127.0.0.1:60874 - R:localhost/127.0.0.1:55245]' for 'POST' to 'http://localhost:55245/session/5cc14e555ae246263ec99bfc5fbbd0e3/element/2aa47043-9770-4132-85fb-4c478b58befe/value'
16:06:02.767 [Forwarding sendKeysToElement on session 5cc14e555ae246263ec99bfc5fbbd0e3 to remote] DEBUG org.asynchttpclient.netty.request.NettyRequestSender - Using open Channel [id: 0xd8a3a907, L:/127.0.0.1:60874 - R:localhost/127.0.0.1:55245] for POST '/session/5cc14e555ae246263ec99bfc5fbbd0e3/element/2aa47043-9770-4132-85fb-4c478b58befe/value'
16:06:02.875 [AsyncHttpClient-1-15] DEBUG org.asynchttpclient.netty.handler.HttpHandler - 

Request DefaultHttpRequest(decodeResult: success, version: HTTP/1.1)
POST /session/5cc14e555ae246263ec99bfc5fbbd0e3/element/2aa47043-9770-4132-85fb-4c478b58befe/value HTTP/1.1
User-Agent: selenium/4.1.2 (java windows)
Content-Length: 211
Content-Type: application/json; charset=utf-8
host: localhost:55245
accept: */*

Response DefaultHttpResponse(decodeResult: success, version: HTTP/1.1)
HTTP/1.1 200 OK
Content-Type: application/json; charset=utf-8
cache-control: no-cache
content-length: 14

16:06:02.875 [AsyncHttpClient-1-15] DEBUG org.asynchttpclient.netty.channel.ChannelManager - Adding key: http://localhost:55245 for channel [id: 0xd8a3a907, L:/127.0.0.1:60874 - R:localhost/127.0.0.1:55245]
16:06:02.875 [Forwarding findElement on session 5cc14e555ae246263ec99bfc5fbbd0e3 to remote] DEBUG org.asynchttpclient.netty.request.NettyRequestSender - Using pooled Channel '[id: 0xd8a3a907, L:/127.0.0.1:60874 - R:localhost/127.0.0.1:55245]' for 'POST' to 'http://localhost:55245/session/5cc14e555ae246263ec99bfc5fbbd0e3/element'
16:06:02.875 [Forwarding findElement on session 5cc14e555ae246263ec99bfc5fbbd0e3 to remote] DEBUG org.asynchttpclient.netty.request.NettyRequestSender - Using open Channel [id: 0xd8a3a907, L:/127.0.0.1:60874 - R:localhost/127.0.0.1:55245] for POST '/session/5cc14e555ae246263ec99bfc5fbbd0e3/element'
16:06:02.896 [AsyncHttpClient-1-15] DEBUG org.asynchttpclient.netty.handler.HttpHandler - 

Request DefaultHttpRequest(decodeResult: success, version: HTTP/1.1)
POST /session/5cc14e555ae246263ec99bfc5fbbd0e3/element HTTP/1.1
User-Agent: selenium/4.1.2 (java windows)
Content-Length: 77
Content-Type: application/json; charset=utf-8
host: localhost:55245
accept: */*

Response DefaultHttpResponse(decodeResult: success, version: HTTP/1.1)
HTTP/1.1 200 OK
Content-Type: application/json; charset=utf-8
cache-control: no-cache
content-length: 88

16:06:02.896 [AsyncHttpClient-1-15] DEBUG org.asynchttpclient.netty.channel.ChannelManager - Adding key: http://localhost:55245 for channel [id: 0xd8a3a907, L:/127.0.0.1:60874 - R:localhost/127.0.0.1:55245]
16:06:02.896 [Forwarding clearElement on session 5cc14e555ae246263ec99bfc5fbbd0e3 to remote] DEBUG org.asynchttpclient.netty.request.NettyRequestSender - Using pooled Channel '[id: 0xd8a3a907, L:/127.0.0.1:60874 - R:localhost/127.0.0.1:55245]' for 'POST' to 'http://localhost:55245/session/5cc14e555ae246263ec99bfc5fbbd0e3/element/d5f17fe1-cbfe-4973-817d-5945c73b523a/clear'
16:06:02.896 [Forwarding clearElement on session 5cc14e555ae246263ec99bfc5fbbd0e3 to remote] DEBUG org.asynchttpclient.netty.request.NettyRequestSender - Using open Channel [id: 0xd8a3a907, L:/127.0.0.1:60874 - R:localhost/127.0.0.1:55245] for POST '/session/5cc14e555ae246263ec99bfc5fbbd0e3/element/d5f17fe1-cbfe-4973-817d-5945c73b523a/clear'
16:06:02.935 [AsyncHttpClient-1-15] DEBUG org.asynchttpclient.netty.handler.HttpHandler - 

Request DefaultHttpRequest(decodeResult: success, version: HTTP/1.1)
POST /session/5cc14e555ae246263ec99bfc5fbbd0e3/element/d5f17fe1-cbfe-4973-817d-5945c73b523a/clear HTTP/1.1
User-Agent: selenium/4.1.2 (java windows)
Content-Length: 50
Content-Type: application/json; charset=utf-8
host: localhost:55245
accept: */*

Response DefaultHttpResponse(decodeResult: success, version: HTTP/1.1)
HTTP/1.1 200 OK
Content-Type: application/json; charset=utf-8
cache-control: no-cache
content-length: 14

16:06:02.935 [AsyncHttpClient-1-15] DEBUG org.asynchttpclient.netty.channel.ChannelManager - Adding key: http://localhost:55245 for channel [id: 0xd8a3a907, L:/127.0.0.1:60874 - R:localhost/127.0.0.1:55245]
16:06:02.935 [Forwarding sendKeysToElement on session 5cc14e555ae246263ec99bfc5fbbd0e3 to remote] DEBUG org.asynchttpclient.netty.request.NettyRequestSender - Using pooled Channel '[id: 0xd8a3a907, L:/127.0.0.1:60874 - R:localhost/127.0.0.1:55245]' for 'POST' to 'http://localhost:55245/session/5cc14e555ae246263ec99bfc5fbbd0e3/element/d5f17fe1-cbfe-4973-817d-5945c73b523a/value'
16:06:02.935 [Forwarding sendKeysToElement on session 5cc14e555ae246263ec99bfc5fbbd0e3 to remote] DEBUG org.asynchttpclient.netty.request.NettyRequestSender - Using open Channel [id: 0xd8a3a907, L:/127.0.0.1:60874 - R:localhost/127.0.0.1:55245] for POST '/session/5cc14e555ae246263ec99bfc5fbbd0e3/element/d5f17fe1-cbfe-4973-817d-5945c73b523a/value'
16:06:03.008 [AsyncHttpClient-1-15] DEBUG org.asynchttpclient.netty.handler.HttpHandler - 

Request DefaultHttpRequest(decodeResult: success, version: HTTP/1.1)
POST /session/5cc14e555ae246263ec99bfc5fbbd0e3/element/d5f17fe1-cbfe-4973-817d-5945c73b523a/value HTTP/1.1
User-Agent: selenium/4.1.2 (java windows)
Content-Length: 181
Content-Type: application/json; charset=utf-8
host: localhost:55245
accept: */*

Response DefaultHttpResponse(decodeResult: success, version: HTTP/1.1)
HTTP/1.1 200 OK
Content-Type: application/json; charset=utf-8
cache-control: no-cache
content-length: 14

16:06:03.008 [AsyncHttpClient-1-15] DEBUG org.asynchttpclient.netty.channel.ChannelManager - Adding key: http://localhost:55245 for channel [id: 0xd8a3a907, L:/127.0.0.1:60874 - R:localhost/127.0.0.1:55245]
  &amp#27;[32mAnd &amp#27;[0m&amp#27;[32mi input &amp#27;[0m&amp#27;[32m&amp#27;[1m"son"&amp#27;[0m&amp#27;[32m and &amp#27;[0m&amp#27;[32m&amp#27;[1m"sonya@gmail.com"&amp#27;[0m&amp#27;[32m and &amp#27;[0m&amp#27;[32m&amp#27;[1m"SonyaPrds1511"&amp#27;[0m&amp#27;[32m and &amp#27;[0m&amp#27;[32m&amp#27;[1m"SonyaPrds1"&amp#27;[0m &amp#27;[90m# starter.stepdefinitions.registerSteps.iInputAndAndAnd(java.lang.String,java.lang.String,java.lang.String,java.lang.String)&amp#27;[0m
16:06:03.022 [Forwarding screenshot on session 5cc14e555ae246263ec99bfc5fbbd0e3 to remote] DEBUG org.asynchttpclient.netty.request.NettyRequestSender - Using pooled Channel '[id: 0xd8a3a907, L:/127.0.0.1:60874 - R:localhost/127.0.0.1:55245]' for 'GET' to 'http://localhost:55245/session/5cc14e555ae246263ec99bfc5fbbd0e3/screenshot'
16:06:03.022 [Forwarding screenshot on session 5cc14e555ae246263ec99bfc5fbbd0e3 to remote] DEBUG org.asynchttpclient.netty.request.NettyRequestSender - Using open Channel [id: 0xd8a3a907, L:/127.0.0.1:60874 - R:localhost/127.0.0.1:55245] for GET '/session/5cc14e555ae246263ec99bfc5fbbd0e3/screenshot'
16:06:03.238 [AsyncHttpClient-1-15] DEBUG org.asynchttpclient.netty.handler.HttpHandler - 

Request DefaultFullHttpRequest(decodeResult: success, version: HTTP/1.1, content: EmptyByteBufBE)
GET /session/5cc14e555ae246263ec99bfc5fbbd0e3/screenshot HTTP/1.1
User-Agent: selenium/4.1.2 (java windows)
Cache-Control: no-cache
Content-Type: application/json; charset=utf-8
host: localhost:55245
accept: */*

Response DefaultHttpResponse(decodeResult: success, version: HTTP/1.1)
HTTP/1.1 200 OK
Content-Type: application/json; charset=utf-8
cache-control: no-cache
content-length: 154888

16:06:03.238 [AsyncHttpClient-1-15] DEBUG org.asynchttpclient.netty.channel.ChannelManager - Adding key: http://localhost:55245 for channel [id: 0xd8a3a907, L:/127.0.0.1:60874 - R:localhost/127.0.0.1:55245]
16:06:03.245 [main] DEBUG net.serenitybdd.core.photography.Darkroom - Send negative for processing for target\site\serenity\1843c6ed860a42105da1e0d5c3502dcacca109b23744c1621b05adbbca6b5629.png
16:06:03.245 [Darkroom Processing Line] DEBUG net.serenitybdd.core.photography.DarkroomProcessingLine - Processing screenshot image in /var/screenshots/screenshot-17613115334061820415
16:06:03.245 [Darkroom Processing Line] DEBUG net.serenitybdd.core.photography.DarkroomProcessingLine - Saving screenshot to target\site\serenity\1843c6ed860a42105da1e0d5c3502dcacca109b23744c1621b05adbbca6b5629.png
16:06:03.257 [Forwarding findElement on session 5cc14e555ae246263ec99bfc5fbbd0e3 to remote] DEBUG org.asynchttpclient.netty.request.NettyRequestSender - Using pooled Channel '[id: 0xd8a3a907, L:/127.0.0.1:60874 - R:localhost/127.0.0.1:55245]' for 'POST' to 'http://localhost:55245/session/5cc14e555ae246263ec99bfc5fbbd0e3/element'
16:06:03.257 [Forwarding findElement on session 5cc14e555ae246263ec99bfc5fbbd0e3 to remote] DEBUG org.asynchttpclient.netty.request.NettyRequestSender - Using open Channel [id: 0xd8a3a907, L:/127.0.0.1:60874 - R:localhost/127.0.0.1:55245] for POST '/session/5cc14e555ae246263ec99bfc5fbbd0e3/element'
16:06:03.265 [AsyncHttpClient-1-15] DEBUG org.asynchttpclient.netty.handler.HttpHandler - 

Request DefaultHttpRequest(decodeResult: success, version: HTTP/1.1)
POST /session/5cc14e555ae246263ec99bfc5fbbd0e3/element HTTP/1.1
User-Agent: selenium/4.1.2 (java windows)
Content-Length: 56
Content-Type: application/json; charset=utf-8
host: localhost:55245
accept: */*

Response DefaultHttpResponse(decodeResult: success, version: HTTP/1.1)
HTTP/1.1 200 OK
Content-Type: application/json; charset=utf-8
cache-control: no-cache
content-length: 88

16:06:03.265 [AsyncHttpClient-1-15] DEBUG org.asynchttpclient.netty.channel.ChannelManager - Adding key: http://localhost:55245 for channel [id: 0xd8a3a907, L:/127.0.0.1:60874 - R:localhost/127.0.0.1:55245]
16:06:03.265 [Forwarding getElementTagName on session 5cc14e555ae246263ec99bfc5fbbd0e3 to remote] DEBUG org.asynchttpclient.netty.request.NettyRequestSender - Using pooled Channel '[id: 0xd8a3a907, L:/127.0.0.1:60874 - R:localhost/127.0.0.1:55245]' for 'GET' to 'http://localhost:55245/session/5cc14e555ae246263ec99bfc5fbbd0e3/element/d7e13bc4-3d3e-40a6-a050-98073c72beba/name'
16:06:03.265 [Forwarding getElementTagName on session 5cc14e555ae246263ec99bfc5fbbd0e3 to remote] DEBUG org.asynchttpclient.netty.request.NettyRequestSender - Using open Channel [id: 0xd8a3a907, L:/127.0.0.1:60874 - R:localhost/127.0.0.1:55245] for GET '/session/5cc14e555ae246263ec99bfc5fbbd0e3/element/d7e13bc4-3d3e-40a6-a050-98073c72beba/name'
16:06:03.277 [AsyncHttpClient-1-15] DEBUG org.asynchttpclient.netty.handler.HttpHandler - 

Request DefaultFullHttpRequest(decodeResult: success, version: HTTP/1.1, content: EmptyByteBufBE)
GET /session/5cc14e555ae246263ec99bfc5fbbd0e3/element/d7e13bc4-3d3e-40a6-a050-98073c72beba/name HTTP/1.1
User-Agent: selenium/4.1.2 (java windows)
Cache-Control: no-cache
Content-Type: application/json; charset=utf-8
host: localhost:55245
accept: */*

Response DefaultHttpResponse(decodeResult: success, version: HTTP/1.1)
HTTP/1.1 200 OK
Content-Type: application/json; charset=utf-8
cache-control: no-cache
content-length: 18

16:06:03.277 [AsyncHttpClient-1-15] DEBUG org.asynchttpclient.netty.channel.ChannelManager - Adding key: http://localhost:55245 for channel [id: 0xd8a3a907, L:/127.0.0.1:60874 - R:localhost/127.0.0.1:55245]
16:06:03.277 [Forwarding getElementTagName on session 5cc14e555ae246263ec99bfc5fbbd0e3 to remote] DEBUG org.asynchttpclient.netty.request.NettyRequestSender - Using pooled Channel '[id: 0xd8a3a907, L:/127.0.0.1:60874 - R:localhost/127.0.0.1:55245]' for 'GET' to 'http://localhost:55245/session/5cc14e555ae246263ec99bfc5fbbd0e3/element/d7e13bc4-3d3e-40a6-a050-98073c72beba/name'
16:06:03.277 [Forwarding getElementTagName on session 5cc14e555ae246263ec99bfc5fbbd0e3 to remote] DEBUG org.asynchttpclient.netty.request.NettyRequestSender - Using open Channel [id: 0xd8a3a907, L:/127.0.0.1:60874 - R:localhost/127.0.0.1:55245] for GET '/session/5cc14e555ae246263ec99bfc5fbbd0e3/element/d7e13bc4-3d3e-40a6-a050-98073c72beba/name'
16:06:03.285 [AsyncHttpClient-1-15] DEBUG org.asynchttpclient.netty.handler.HttpHandler - 

Request DefaultFullHttpRequest(decodeResult: success, version: HTTP/1.1, content: EmptyByteBufBE)
GET /session/5cc14e555ae246263ec99bfc5fbbd0e3/element/d7e13bc4-3d3e-40a6-a050-98073c72beba/name HTTP/1.1
User-Agent: selenium/4.1.2 (java windows)
Cache-Control: no-cache
Content-Type: application/json; charset=utf-8
host: localhost:55245
accept: */*

Response DefaultHttpResponse(decodeResult: success, version: HTTP/1.1)
HTTP/1.1 200 OK
Content-Type: application/json; charset=utf-8
cache-control: no-cache
content-length: 18

16:06:03.285 [AsyncHttpClient-1-15] DEBUG org.asynchttpclient.netty.channel.ChannelManager - Adding key: http://localhost:55245 for channel [id: 0xd8a3a907, L:/127.0.0.1:60874 - R:localhost/127.0.0.1:55245]
16:06:03.285 [Forwarding isElementEnabled on session 5cc14e555ae246263ec99bfc5fbbd0e3 to remote] DEBUG org.asynchttpclient.netty.request.NettyRequestSender - Using pooled Channel '[id: 0xd8a3a907, L:/127.0.0.1:60874 - R:localhost/127.0.0.1:55245]' for 'GET' to 'http://localhost:55245/session/5cc14e555ae246263ec99bfc5fbbd0e3/element/d7e13bc4-3d3e-40a6-a050-98073c72beba/enabled'
16:06:03.285 [Forwarding isElementEnabled on session 5cc14e555ae246263ec99bfc5fbbd0e3 to remote] DEBUG org.asynchttpclient.netty.request.NettyRequestSender - Using open Channel [id: 0xd8a3a907, L:/127.0.0.1:60874 - R:localhost/127.0.0.1:55245] for GET '/session/5cc14e555ae246263ec99bfc5fbbd0e3/element/d7e13bc4-3d3e-40a6-a050-98073c72beba/enabled'
16:06:03.298 [AsyncHttpClient-1-15] DEBUG org.asynchttpclient.netty.handler.HttpHandler - 

Request DefaultFullHttpRequest(decodeResult: success, version: HTTP/1.1, content: EmptyByteBufBE)
GET /session/5cc14e555ae246263ec99bfc5fbbd0e3/element/d7e13bc4-3d3e-40a6-a050-98073c72beba/enabled HTTP/1.1
User-Agent: selenium/4.1.2 (java windows)
Cache-Control: no-cache
Content-Type: application/json; charset=utf-8
host: localhost:55245
accept: */*

Response DefaultHttpResponse(decodeResult: success, version: HTTP/1.1)
HTTP/1.1 200 OK
Content-Type: application/json; charset=utf-8
cache-control: no-cache
content-length: 14

16:06:03.298 [AsyncHttpClient-1-15] DEBUG org.asynchttpclient.netty.channel.ChannelManager - Adding key: http://localhost:55245 for channel [id: 0xd8a3a907, L:/127.0.0.1:60874 - R:localhost/127.0.0.1:55245]
16:06:03.298 [Forwarding isElementEnabled on session 5cc14e555ae246263ec99bfc5fbbd0e3 to remote] DEBUG org.asynchttpclient.netty.request.NettyRequestSender - Using pooled Channel '[id: 0xd8a3a907, L:/127.0.0.1:60874 - R:localhost/127.0.0.1:55245]' for 'GET' to 'http://localhost:55245/session/5cc14e555ae246263ec99bfc5fbbd0e3/element/d7e13bc4-3d3e-40a6-a050-98073c72beba/enabled'
16:06:03.298 [Forwarding isElementEnabled on session 5cc14e555ae246263ec99bfc5fbbd0e3 to remote] DEBUG org.asynchttpclient.netty.request.NettyRequestSender - Using open Channel [id: 0xd8a3a907, L:/127.0.0.1:60874 - R:localhost/127.0.0.1:55245] for GET '/session/5cc14e555ae246263ec99bfc5fbbd0e3/element/d7e13bc4-3d3e-40a6-a050-98073c72beba/enabled'
16:06:03.305 [AsyncHttpClient-1-15] DEBUG org.asynchttpclient.netty.handler.HttpHandler - 

Request DefaultFullHttpRequest(decodeResult: success, version: HTTP/1.1, content: EmptyByteBufBE)
GET /session/5cc14e555ae246263ec99bfc5fbbd0e3/element/d7e13bc4-3d3e-40a6-a050-98073c72beba/enabled HTTP/1.1
User-Agent: selenium/4.1.2 (java windows)
Cache-Control: no-cache
Content-Type: application/json; charset=utf-8
host: localhost:55245
accept: */*

Response DefaultHttpResponse(decodeResult: success, version: HTTP/1.1)
HTTP/1.1 200 OK
Content-Type: application/json; charset=utf-8
cache-control: no-cache
content-length: 14

16:06:03.305 [AsyncHttpClient-1-15] DEBUG org.asynchttpclient.netty.channel.ChannelManager - Adding key: http://localhost:55245 for channel [id: 0xd8a3a907, L:/127.0.0.1:60874 - R:localhost/127.0.0.1:55245]
16:06:03.305 [Forwarding findElement on session 5cc14e555ae246263ec99bfc5fbbd0e3 to remote] DEBUG org.asynchttpclient.netty.request.NettyRequestSender - Using pooled Channel '[id: 0xd8a3a907, L:/127.0.0.1:60874 - R:localhost/127.0.0.1:55245]' for 'POST' to 'http://localhost:55245/session/5cc14e555ae246263ec99bfc5fbbd0e3/element'
16:06:03.305 [Forwarding findElement on session 5cc14e555ae246263ec99bfc5fbbd0e3 to remote] DEBUG org.asynchttpclient.netty.request.NettyRequestSender - Using open Channel [id: 0xd8a3a907, L:/127.0.0.1:60874 - R:localhost/127.0.0.1:55245] for POST '/session/5cc14e555ae246263ec99bfc5fbbd0e3/element'
16:06:03.317 [AsyncHttpClient-1-15] DEBUG org.asynchttpclient.netty.handler.HttpHandler - 

Request DefaultHttpRequest(decodeResult: success, version: HTTP/1.1)
POST /session/5cc14e555ae246263ec99bfc5fbbd0e3/element HTTP/1.1
User-Agent: selenium/4.1.2 (java windows)
Content-Length: 56
Content-Type: application/json; charset=utf-8
host: localhost:55245
accept: */*

Response DefaultHttpResponse(decodeResult: success, version: HTTP/1.1)
HTTP/1.1 200 OK
Content-Type: application/json; charset=utf-8
cache-control: no-cache
content-length: 88

16:06:03.317 [AsyncHttpClient-1-15] DEBUG org.asynchttpclient.netty.channel.ChannelManager - Adding key: http://localhost:55245 for channel [id: 0xd8a3a907, L:/127.0.0.1:60874 - R:localhost/127.0.0.1:55245]
16:06:03.317 [Forwarding clickElement on session 5cc14e555ae246263ec99bfc5fbbd0e3 to remote] DEBUG org.asynchttpclient.netty.request.NettyRequestSender - Using pooled Channel '[id: 0xd8a3a907, L:/127.0.0.1:60874 - R:localhost/127.0.0.1:55245]' for 'POST' to 'http://localhost:55245/session/5cc14e555ae246263ec99bfc5fbbd0e3/element/d7e13bc4-3d3e-40a6-a050-98073c72beba/click'
16:06:03.317 [Forwarding clickElement on session 5cc14e555ae246263ec99bfc5fbbd0e3 to remote] DEBUG org.asynchttpclient.netty.request.NettyRequestSender - Using open Channel [id: 0xd8a3a907, L:/127.0.0.1:60874 - R:localhost/127.0.0.1:55245] for POST '/session/5cc14e555ae246263ec99bfc5fbbd0e3/element/d7e13bc4-3d3e-40a6-a050-98073c72beba/click'
16:06:03.426 [AsyncHttpClient-1-1] DEBUG org.asynchttpclient.netty.channel.DefaultChannelPool - Entry count for : http://localhost:60876 : 1
16:06:03.646 [AsyncHttpClient-1-15] DEBUG org.asynchttpclient.netty.handler.HttpHandler - 

Request DefaultHttpRequest(decodeResult: success, version: HTTP/1.1)
POST /session/5cc14e555ae246263ec99bfc5fbbd0e3/element/d7e13bc4-3d3e-40a6-a050-98073c72beba/click HTTP/1.1
User-Agent: selenium/4.1.2 (java windows)
Content-Length: 50
Content-Type: application/json; charset=utf-8
host: localhost:55245
accept: */*

Response DefaultHttpResponse(decodeResult: success, version: HTTP/1.1)
HTTP/1.1 200 OK
Content-Type: application/json; charset=utf-8
cache-control: no-cache
content-length: 14

16:06:03.646 [AsyncHttpClient-1-15] DEBUG org.asynchttpclient.netty.channel.ChannelManager - Adding key: http://localhost:55245 for channel [id: 0xd8a3a907, L:/127.0.0.1:60874 - R:localhost/127.0.0.1:55245]
  &amp#27;[32mAnd &amp#27;[0m&amp#27;[32mi click continue button&amp#27;[0m                                                  &amp#27;[90m# starter.stepdefinitions.registerSteps.iClickContinueButton()&amp#27;[0m
16:06:03.663 [Forwarding screenshot on session 5cc14e555ae246263ec99bfc5fbbd0e3 to remote] DEBUG org.asynchttpclient.netty.request.NettyRequestSender - Using pooled Channel '[id: 0xd8a3a907, L:/127.0.0.1:60874 - R:localhost/127.0.0.1:55245]' for 'GET' to 'http://localhost:55245/session/5cc14e555ae246263ec99bfc5fbbd0e3/screenshot'
16:06:03.663 [Forwarding screenshot on session 5cc14e555ae246263ec99bfc5fbbd0e3 to remote] DEBUG org.asynchttpclient.netty.request.NettyRequestSender - Using open Channel [id: 0xd8a3a907, L:/127.0.0.1:60874 - R:localhost/127.0.0.1:55245] for GET '/session/5cc14e555ae246263ec99bfc5fbbd0e3/screenshot'
16:06:04.196 [AsyncHttpClient-1-15] DEBUG org.asynchttpclient.netty.handler.HttpHandler - 

Request DefaultFullHttpRequest(decodeResult: success, version: HTTP/1.1, content: EmptyByteBufBE)
GET /session/5cc14e555ae246263ec99bfc5fbbd0e3/screenshot HTTP/1.1
User-Agent: selenium/4.1.2 (java windows)
Cache-Control: no-cache
Content-Type: application/json; charset=utf-8
host: localhost:55245
accept: */*

Response DefaultHttpResponse(decodeResult: success, version: HTTP/1.1)
HTTP/1.1 200 OK
Content-Type: application/json; charset=utf-8
cache-control: no-cache
content-length: 160644

16:06:04.204 [AsyncHttpClient-1-15] DEBUG org.asynchttpclient.netty.channel.ChannelManager - Adding key: http://localhost:55245 for channel [id: 0xd8a3a907, L:/127.0.0.1:60874 - R:localhost/127.0.0.1:55245]
16:06:04.204 [main] DEBUG net.serenitybdd.core.photography.Darkroom - Send negative for processing for target\site\serenity\35545a5308dfe830e94a2f3948726c5f9e4366a1f21df612eba18157b3ddc32f.png
16:06:04.204 [Darkroom Processing Line] DEBUG net.serenitybdd.core.photography.DarkroomProcessingLine - Processing screenshot image in /var/screenshots/screenshot-12413527285783188954
16:06:04.204 [Darkroom Processing Line] DEBUG net.serenitybdd.core.photography.DarkroomProcessingLine - Saving screenshot to target\site\serenity\35545a5308dfe830e94a2f3948726c5f9e4366a1f21df612eba18157b3ddc32f.png
16:06:04.213 [Forwarding findElement on session 5cc14e555ae246263ec99bfc5fbbd0e3 to remote] DEBUG org.asynchttpclient.netty.request.NettyRequestSender - Using pooled Channel '[id: 0xd8a3a907, L:/127.0.0.1:60874 - R:localhost/127.0.0.1:55245]' for 'POST' to 'http://localhost:55245/session/5cc14e555ae246263ec99bfc5fbbd0e3/element'
16:06:04.213 [Forwarding findElement on session 5cc14e555ae246263ec99bfc5fbbd0e3 to remote] DEBUG org.asynchttpclient.netty.request.NettyRequestSender - Using open Channel [id: 0xd8a3a907, L:/127.0.0.1:60874 - R:localhost/127.0.0.1:55245] for POST '/session/5cc14e555ae246263ec99bfc5fbbd0e3/element'
16:06:04.224 [AsyncHttpClient-1-15] DEBUG org.asynchttpclient.netty.handler.HttpHandler - 

Request DefaultHttpRequest(decodeResult: success, version: HTTP/1.1)
POST /session/5cc14e555ae246263ec99bfc5fbbd0e3/element HTTP/1.1
User-Agent: selenium/4.1.2 (java windows)
Content-Length: 69
Content-Type: application/json; charset=utf-8
host: localhost:55245
accept: */*

Response DefaultHttpResponse(decodeResult: success, version: HTTP/1.1)
HTTP/1.1 200 OK
Content-Type: application/json; charset=utf-8
cache-control: no-cache
content-length: 88

16:06:04.224 [AsyncHttpClient-1-15] DEBUG org.asynchttpclient.netty.channel.ChannelManager - Adding key: http://localhost:55245 for channel [id: 0xd8a3a907, L:/127.0.0.1:60874 - R:localhost/127.0.0.1:55245]
16:06:04.224 [Forwarding isElementDisplayed on session 5cc14e555ae246263ec99bfc5fbbd0e3 to remote] DEBUG org.asynchttpclient.netty.request.NettyRequestSender - Using pooled Channel '[id: 0xd8a3a907, L:/127.0.0.1:60874 - R:localhost/127.0.0.1:55245]' for 'POST' to 'http://localhost:55245/session/5cc14e555ae246263ec99bfc5fbbd0e3/execute/sync'
16:06:04.224 [Forwarding isElementDisplayed on session 5cc14e555ae246263ec99bfc5fbbd0e3 to remote] DEBUG org.asynchttpclient.netty.request.NettyRequestSender - Using open Channel [id: 0xd8a3a907, L:/127.0.0.1:60874 - R:localhost/127.0.0.1:55245] for POST '/session/5cc14e555ae246263ec99bfc5fbbd0e3/execute/sync'
16:06:04.236 [AsyncHttpClient-1-15] DEBUG org.asynchttpclient.netty.handler.HttpHandler - 

Request DefaultHttpRequest(decodeResult: success, version: HTTP/1.1)
POST /session/5cc14e555ae246263ec99bfc5fbbd0e3/execute/sync HTTP/1.1
User-Agent: selenium/4.1.2 (java windows)
Content-Length: 48780
Content-Type: application/json; charset=utf-8
host: localhost:55245
accept: */*

Response DefaultHttpResponse(decodeResult: success, version: HTTP/1.1)
HTTP/1.1 200 OK
Content-Type: application/json; charset=utf-8
cache-control: no-cache
content-length: 14

16:06:04.236 [AsyncHttpClient-1-15] DEBUG org.asynchttpclient.netty.channel.ChannelManager - Adding key: http://localhost:55245 for channel [id: 0xd8a3a907, L:/127.0.0.1:60874 - R:localhost/127.0.0.1:55245]
16:06:04.236 [Forwarding findElement on session 5cc14e555ae246263ec99bfc5fbbd0e3 to remote] DEBUG org.asynchttpclient.netty.request.NettyRequestSender - Using pooled Channel '[id: 0xd8a3a907, L:/127.0.0.1:60874 - R:localhost/127.0.0.1:55245]' for 'POST' to 'http://localhost:55245/session/5cc14e555ae246263ec99bfc5fbbd0e3/element'
16:06:04.236 [Forwarding findElement on session 5cc14e555ae246263ec99bfc5fbbd0e3 to remote] DEBUG org.asynchttpclient.netty.request.NettyRequestSender - Using open Channel [id: 0xd8a3a907, L:/127.0.0.1:60874 - R:localhost/127.0.0.1:55245] for POST '/session/5cc14e555ae246263ec99bfc5fbbd0e3/element'
16:06:04.244 [AsyncHttpClient-1-15] DEBUG org.asynchttpclient.netty.handler.HttpHandler - 

Request DefaultHttpRequest(decodeResult: success, version: HTTP/1.1)
POST /session/5cc14e555ae246263ec99bfc5fbbd0e3/element HTTP/1.1
User-Agent: selenium/4.1.2 (java windows)
Content-Length: 69
Content-Type: application/json; charset=utf-8
host: localhost:55245
accept: */*

Response DefaultHttpResponse(decodeResult: success, version: HTTP/1.1)
HTTP/1.1 200 OK
Content-Type: application/json; charset=utf-8
cache-control: no-cache
content-length: 88

16:06:04.244 [AsyncHttpClient-1-15] DEBUG org.asynchttpclient.netty.channel.ChannelManager - Adding key: http://localhost:55245 for channel [id: 0xd8a3a907, L:/127.0.0.1:60874 - R:localhost/127.0.0.1:55245]
16:06:04.244 [Forwarding isElementDisplayed on session 5cc14e555ae246263ec99bfc5fbbd0e3 to remote] DEBUG org.asynchttpclient.netty.request.NettyRequestSender - Using pooled Channel '[id: 0xd8a3a907, L:/127.0.0.1:60874 - R:localhost/127.0.0.1:55245]' for 'POST' to 'http://localhost:55245/session/5cc14e555ae246263ec99bfc5fbbd0e3/execute/sync'
16:06:04.244 [Forwarding isElementDisplayed on session 5cc14e555ae246263ec99bfc5fbbd0e3 to remote] DEBUG org.asynchttpclient.netty.request.NettyRequestSender - Using open Channel [id: 0xd8a3a907, L:/127.0.0.1:60874 - R:localhost/127.0.0.1:55245] for POST '/session/5cc14e555ae246263ec99bfc5fbbd0e3/execute/sync'
16:06:04.256 [AsyncHttpClient-1-15] DEBUG org.asynchttpclient.netty.handler.HttpHandler - 

Request DefaultHttpRequest(decodeResult: success, version: HTTP/1.1)
POST /session/5cc14e555ae246263ec99bfc5fbbd0e3/execute/sync HTTP/1.1
User-Agent: selenium/4.1.2 (java windows)
Content-Length: 48780
Content-Type: application/json; charset=utf-8
host: localhost:55245
accept: */*

Response DefaultHttpResponse(decodeResult: success, version: HTTP/1.1)
HTTP/1.1 200 OK
Content-Type: application/json; charset=utf-8
cache-control: no-cache
content-length: 14

16:06:04.256 [AsyncHttpClient-1-15] DEBUG org.asynchttpclient.netty.channel.ChannelManager - Adding key: http://localhost:55245 for channel [id: 0xd8a3a907, L:/127.0.0.1:60874 - R:localhost/127.0.0.1:55245]
  &amp#27;[32mThen &amp#27;[0m&amp#27;[32mi get my &amp#27;[0m&amp#27;[32m&amp#27;[1m"register page"&amp#27;[0m                                                &amp#27;[90m# starter.stepdefinitions.registerSteps.iGetMy(java.lang.String)&amp#27;[0m
16:06:04.264 [Forwarding screenshot on session 5cc14e555ae246263ec99bfc5fbbd0e3 to remote] DEBUG org.asynchttpclient.netty.request.NettyRequestSender - Using pooled Channel '[id: 0xd8a3a907, L:/127.0.0.1:60874 - R:localhost/127.0.0.1:55245]' for 'GET' to 'http://localhost:55245/session/5cc14e555ae246263ec99bfc5fbbd0e3/screenshot'
16:06:04.264 [Forwarding screenshot on session 5cc14e555ae246263ec99bfc5fbbd0e3 to remote] DEBUG org.asynchttpclient.netty.request.NettyRequestSender - Using open Channel [id: 0xd8a3a907, L:/127.0.0.1:60874 - R:localhost/127.0.0.1:55245] for GET '/session/5cc14e555ae246263ec99bfc5fbbd0e3/screenshot'
16:06:04.525 [AsyncHttpClient-1-1] DEBUG org.asynchttpclient.netty.channel.DefaultChannelPool - Entry count for : http://localhost:60876 : 1
16:06:04.606 [AsyncHttpClient-1-15] DEBUG org.asynchttpclient.netty.handler.HttpHandler - 

Request DefaultFullHttpRequest(decodeResult: success, version: HTTP/1.1, content: EmptyByteBufBE)
GET /session/5cc14e555ae246263ec99bfc5fbbd0e3/screenshot HTTP/1.1
User-Agent: selenium/4.1.2 (java windows)
Cache-Control: no-cache
Content-Type: application/json; charset=utf-8
host: localhost:55245
accept: */*

Response DefaultHttpResponse(decodeResult: success, version: HTTP/1.1)
HTTP/1.1 200 OK
Content-Type: application/json; charset=utf-8
cache-control: no-cache
content-length: 160760

16:06:04.606 [AsyncHttpClient-1-15] DEBUG org.asynchttpclient.netty.channel.ChannelManager - Adding key: http://localhost:55245 for channel [id: 0xd8a3a907, L:/127.0.0.1:60874 - R:localhost/127.0.0.1:55245]
16:06:04.615 [main] DEBUG net.serenitybdd.core.photography.Darkroom - Send negative for processing for target\site\serenity\27b7f7b290628ff9ea2b93b58374eb2dd0a2bda1150f3c0b0895946c683daa82.png
16:06:04.615 [Darkroom Processing Line] DEBUG net.serenitybdd.core.photography.DarkroomProcessingLine - Processing screenshot image in /var/screenshots/screenshot-14218029123887870071
16:06:04.615 [Darkroom Processing Line] DEBUG net.serenitybdd.core.photography.DarkroomProcessingLine - Saving screenshot to target\site\serenity\27b7f7b290628ff9ea2b93b58374eb2dd0a2bda1150f3c0b0895946c683daa82.png
16:06:04.628 [AsyncHttpClient-1-17] DEBUG org.asynchttpclient.netty.handler.WebSocketHandler - Channel Closed: [id: 0x46675b85, L:/127.0.0.1:60883 ! R:localhost/127.0.0.1:60876] with attribute NettyResponseFuture{currentRetry=5,
	isDone=1,
	isCancelled=0,
	asyncHandler=org.asynchttpclient.ws.WebSocketUpgradeHandler@964eb79,
	nettyRequest=org.asynchttpclient.netty.request.NettyRequest@49ff6958,
	future=java.util.concurrent.CompletableFuture@37bebf23[Completed normally],
	uri=ws://localhost:60876/devtools/browser/2ebabbc7-1da5-405c-b01a-7dc9b5c5fd21,
	keepAlive=true,
	redirectCount=0,
	timeoutsHolder=null,
	inAuth=0,
	touch=1658480753284}
16:06:04.628 [AsyncHttpClient-1-17] DEBUG org.asynchttpclient.netty.channel.ChannelManager - Closing Channel [id: 0x46675b85, L:/127.0.0.1:60883 ! R:localhost/127.0.0.1:60876] 
16:06:04.628 [Driver Command Executor] DEBUG org.asynchttpclient.netty.request.NettyRequestSender - Using pooled Channel '[id: 0xd8a3a907, L:/127.0.0.1:60874 - R:localhost/127.0.0.1:55245]' for 'DELETE' to 'http://localhost:55245/session/5cc14e555ae246263ec99bfc5fbbd0e3'
16:06:04.628 [Driver Command Executor] DEBUG org.asynchttpclient.netty.request.NettyRequestSender - Using open Channel [id: 0xd8a3a907, L:/127.0.0.1:60874 - R:localhost/127.0.0.1:55245] for DELETE '/session/5cc14e555ae246263ec99bfc5fbbd0e3'
16:06:04.752 [AsyncHttpClient-1-16] DEBUG org.asynchttpclient.netty.handler.HttpHandler - Unexpected I/O exception on channel [id: 0xa85856dd, L:/127.0.0.1:60882 - R:localhost/127.0.0.1:60876]
java.net.SocketException: Connection reset
	at java.base/sun.nio.ch.SocketChannelImpl.throwConnectionReset(SocketChannelImpl.java:367)
	at java.base/sun.nio.ch.SocketChannelImpl.read(SocketChannelImpl.java:398)
	at io.netty.buffer.PooledByteBuf.setBytes(PooledByteBuf.java:258)
	at io.netty.buffer.AbstractByteBuf.writeBytes(AbstractByteBuf.java:1132)
	at io.netty.channel.socket.nio.NioSocketChannel.doReadBytes(NioSocketChannel.java:350)
	at io.netty.channel.nio.AbstractNioByteChannel$NioByteUnsafe.read(AbstractNioByteChannel.java:151)
	at io.netty.channel.nio.NioEventLoop.processSelectedKey(NioEventLoop.java:722)
	at io.netty.channel.nio.NioEventLoop.processSelectedKeysOptimized(NioEventLoop.java:658)
	at io.netty.channel.nio.NioEventLoop.processSelectedKeys(NioEventLoop.java:584)
	at io.netty.channel.nio.NioEventLoop.run(NioEventLoop.java:496)
	at io.netty.util.concurrent.SingleThreadEventExecutor$4.run(SingleThreadEventExecutor.java:986)
	at io.netty.util.internal.ThreadExecutorMap$2.run(ThreadExecutorMap.java:74)
	at io.netty.util.concurrent.FastThreadLocalRunnable.run(FastThreadLocalRunnable.java:30)
	at java.base/java.lang.Thread.run(Thread.java:832)
16:06:04.752 [AsyncHttpClient-1-16] DEBUG org.asynchttpclient.netty.channel.ChannelManager - Closing Channel [id: 0xa85856dd, L:/127.0.0.1:60882 - R:localhost/127.0.0.1:60876] 
16:06:04.752 [AsyncHttpClient-1-16] DEBUG org.asynchttpclient.netty.handler.HttpHandler - Channel Closed: [id: 0xa85856dd, L:/127.0.0.1:60882 ! R:localhost/127.0.0.1:60876] with attribute DISCARD
16:06:04.792 [AsyncHttpClient-1-15] DEBUG org.asynchttpclient.netty.handler.HttpHandler - 

Request DefaultFullHttpRequest(decodeResult: success, version: HTTP/1.1, content: EmptyByteBufBE)
DELETE /session/5cc14e555ae246263ec99bfc5fbbd0e3 HTTP/1.1
User-Agent: selenium/4.1.2 (java windows)
Content-Type: application/json; charset=utf-8
host: localhost:55245
accept: */*

Response DefaultHttpResponse(decodeResult: success, version: HTTP/1.1)
HTTP/1.1 200 OK
Content-Type: application/json; charset=utf-8
cache-control: no-cache
content-length: 14

16:06:04.792 [AsyncHttpClient-1-15] DEBUG org.asynchttpclient.netty.channel.ChannelManager - Adding key: http://localhost:55245 for channel [id: 0xd8a3a907, L:/127.0.0.1:60874 - R:localhost/127.0.0.1:55245]
16:06:05.006 [AsyncHttpClient-1-15] DEBUG org.asynchttpclient.netty.handler.HttpHandler - Channel Closed: [id: 0xd8a3a907, L:/127.0.0.1:60874 ! R:localhost/127.0.0.1:55245] with attribute DISCARD
]]></system-out>
    <system-err><![CDATA[Starting ChromeDriver 102.0.5005.61 (0e59bcc00cc4985ce39ad31c150065f159d95ad3-refs/branch-heads/5005@{#819}) on port 55245
Only local connections are allowed.
Please see https://chromedriver.chromium.org/security-considerations for suggestions on keeping ChromeDriver safe.
ChromeDriver was started successfully.
[1658480753.106][WARNING]: This version of ChromeDriver has not been tested with Chrome version 103.
Jul 22, 2022 4:05:53 PM org.openqa.selenium.remote.ProtocolHandshake createSession
INFO: Detected dialect: W3C
Jul 22, 2022 4:05:53 PM org.openqa.selenium.devtools.CdpVersionFinder findNearestMatch
WARNING: Unable to find an exact match for CDP version 103, so returning the closest version found: a no-op implementation
Jul 22, 2022 4:05:53 PM org.openqa.selenium.devtools.CdpVersionFinder findNearestMatch
INFO: Unable to find CDP implementation matching 103.
Jul 22, 2022 4:05:53 PM org.openqa.selenium.chromium.ChromiumDriver lambda$new$3
WARNING: Unable to find version of CDP to use for . You may need to include a dependency on a specific version of the CDP using something similar to `org.seleniumhq.selenium:selenium-devtools-v86:4.1.2` where the version ("v86") matches the version of the chromium-based browser you're using and the version number of the artifact is the same as Selenium's.
]]></system-err>
  </testcase>
  <testcase name="Registration scenario #9" classname="Registration" time="11.7">
    <system-out><![CDATA[
@register
Scenario Outline: Registration scenario                                             &amp#27;[90m# src/test/resources/features/register.feature:27&amp#27;[0m
16:06:05.546 [main] INFO io.cucumber.core.plugin.SerenityReporter - Running feature from file:///D:/PERKULIAHAN/Semester%206,Hebatt%20glad!/QE-FGD/Automation-test-Website%20-%20Copy/src/test/resources/features/register.feature
16:06:05.555 [main] INFO net.serenitybdd.core.webdriver.driverproviders.ChromeDriverProvider - Using automatically driver download
16:06:05.621 [AsyncHttpClient-1-1] DEBUG org.asynchttpclient.netty.channel.DefaultChannelPool - Entry count for : http://localhost:60876 : 1
16:06:05.621 [AsyncHttpClient-1-1] DEBUG org.asynchttpclient.netty.channel.DefaultChannelPool - Entry count for : http://localhost:55245 : 1
16:06:05.621 [AsyncHttpClient-1-1] DEBUG org.asynchttpclient.netty.channel.DefaultChannelPool - Adding Candidate expired Channel [id: 0xa85856dd, L:/127.0.0.1:60882 ! R:localhost/127.0.0.1:60876] isIdleTimeoutExpired=false isRemotelyClosed=true isTtlExpired=false
16:06:05.621 [AsyncHttpClient-1-1] DEBUG org.asynchttpclient.netty.channel.DefaultChannelPool - Closing Idle Channel [id: 0xa85856dd, L:/127.0.0.1:60882 ! R:localhost/127.0.0.1:60876]
16:06:05.621 [AsyncHttpClient-1-1] DEBUG org.asynchttpclient.netty.channel.DefaultChannelPool - Adding Candidate expired Channel [id: 0xd8a3a907, L:/127.0.0.1:60874 ! R:localhost/127.0.0.1:55245] isIdleTimeoutExpired=false isRemotelyClosed=true isTtlExpired=false
16:06:05.621 [AsyncHttpClient-1-1] DEBUG org.asynchttpclient.netty.channel.DefaultChannelPool - Closing Idle Channel [id: 0xd8a3a907, L:/127.0.0.1:60874 ! R:localhost/127.0.0.1:55245]
16:06:05.621 [AsyncHttpClient-1-1] DEBUG org.asynchttpclient.netty.channel.DefaultChannelPool - Closed 2 connections out of 2 in 0 ms
16:06:05.776 [main] DEBUG io.github.bonigarcia.wdm.cache.ResolutionCache - Resolution chrome=103 in cache (valid until 16:34:03 22/07/2022 WIB)
16:06:05.776 [main] DEBUG io.github.bonigarcia.wdm.cache.ResolutionCache - Resolution chrome103=103.0.5060.134 in cache (valid until 17:00:36 22/07/2022 WIB)
16:06:05.776 [main] INFO io.github.bonigarcia.wdm.WebDriverManager - Using chromedriver 103.0.5060.134 (resolved driver for Chrome 103)
16:06:05.796 [main] DEBUG io.github.bonigarcia.wdm.WebDriverManager - Driver chromedriver 103.0.5060.134 found in cache
16:06:05.797 [main] INFO io.github.bonigarcia.wdm.WebDriverManager - Exporting webdriver.chrome.driver as C:\Users\ASUS\.cache\selenium\chromedriver\win32\103.0.5060.134\chromedriver.exe
16:06:05.954 [main] DEBUG net.serenitybdd.core.webdriver.driverproviders.ProvideNewDriver - Instantiating driver
16:06:05.954 [main] DEBUG net.serenitybdd.core.webdriver.driverproviders.ProvideNewDriver - Driver capabilities: Capabilities {acceptInsecureCerts: false, base.url: https://found-capstone20.ne..., browserName: chrome, chrome.driver: src/test/resources/webdrive..., driver: chrome, goog:chromeOptions: {args: [], extensions: []}}
16:06:06.493 [AsyncHttpClient-1-2] DEBUG org.asynchttpclient.netty.channel.NettyConnectListener - Using new Channel '[id: 0x2c69097f, L:/127.0.0.1:60910 - R:localhost/127.0.0.1:56926]' for 'POST' to '/session'
16:06:07.314 [AsyncHttpClient-1-2] DEBUG org.asynchttpclient.netty.handler.HttpHandler - 

Request DefaultHttpRequest(decodeResult: success, version: HTTP/1.1)
POST /session HTTP/1.1
User-Agent: selenium/4.1.2 (java windows)
Content-Length: 623
Content-Type: application/json; charset=utf-8
host: localhost:56926
accept: */*

Response DefaultHttpResponse(decodeResult: success, version: HTTP/1.1)
HTTP/1.1 200 OK
Content-Type: application/json; charset=utf-8
cache-control: no-cache
content-length: 790

16:06:07.314 [AsyncHttpClient-1-2] DEBUG org.asynchttpclient.netty.channel.ChannelManager - Adding key: http://localhost:56926 for channel [id: 0x2c69097f, L:/127.0.0.1:60910 - R:localhost/127.0.0.1:56926]
16:06:07.314 [AsyncHttpClient-1-3] DEBUG org.asynchttpclient.netty.channel.NettyConnectListener - Using new Channel '[id: 0x33dab2de, L:/127.0.0.1:60918 - R:localhost/127.0.0.1:60911]' for 'GET' to '/json/version'
16:06:07.322 [AsyncHttpClient-1-3] DEBUG org.asynchttpclient.netty.handler.HttpHandler - 

Request DefaultFullHttpRequest(decodeResult: success, version: HTTP/1.1, content: EmptyByteBufBE)
GET /json/version HTTP/1.1
User-Agent: selenium/4.1.2 (java windows)
host: localhost:60911
accept: */*

Response DefaultHttpResponse(decodeResult: success, version: HTTP/1.1)
HTTP/1.1 200 OK
Content-Type: application/json; charset=UTF-8
content-length: 429

16:06:07.322 [AsyncHttpClient-1-3] DEBUG org.asynchttpclient.netty.channel.ChannelManager - Adding key: http://localhost:60911 for channel [id: 0x33dab2de, L:/127.0.0.1:60918 - R:localhost/127.0.0.1:60911]
16:06:07.324 [AsyncHttpClient-1-4] DEBUG org.asynchttpclient.netty.channel.NettyConnectListener - Using new Channel '[id: 0x2df5cbc2, L:/127.0.0.1:60919 - R:localhost/127.0.0.1:60911]' for 'GET' to '/devtools/browser/7631d9d7-badc-4a76-a180-46bb951e30ea'
16:06:07.324 [AsyncHttpClient-1-4] DEBUG org.asynchttpclient.netty.handler.WebSocketHandler - 

Request DefaultFullHttpRequest(decodeResult: success, version: HTTP/1.1, content: EmptyByteBufBE)
GET /devtools/browser/7631d9d7-badc-4a76-a180-46bb951e30ea HTTP/1.1
upgrade: websocket
connection: upgrade
sec-websocket-key: 8H84fLGxygQqP+2UKHVB/w==
sec-websocket-version: 13
origin: http://localhost:60911
host: localhost:60911
accept: */*
user-agent: AHC/2.1

Response DefaultHttpResponse(decodeResult: success, version: HTTP/1.1)
HTTP/1.1 101 WebSocket Protocol Handshake
Upgrade: WebSocket
Connection: Upgrade
Sec-WebSocket-Accept: nhIL4SJAYFs73sXTXlySZrml8jg=

16:06:07.329 [Forwarding maximizeCurrentWindow on session f42174b31d6060e689773af88a4f6d4a to remote] DEBUG org.asynchttpclient.netty.request.NettyRequestSender - Using pooled Channel '[id: 0x2c69097f, L:/127.0.0.1:60910 - R:localhost/127.0.0.1:56926]' for 'POST' to 'http://localhost:56926/session/f42174b31d6060e689773af88a4f6d4a/window/maximize'
16:06:07.329 [Forwarding maximizeCurrentWindow on session f42174b31d6060e689773af88a4f6d4a to remote] DEBUG org.asynchttpclient.netty.request.NettyRequestSender - Using open Channel [id: 0x2c69097f, L:/127.0.0.1:60910 - R:localhost/127.0.0.1:56926] for POST '/session/f42174b31d6060e689773af88a4f6d4a/window/maximize'
16:06:07.465 [AsyncHttpClient-1-2] DEBUG org.asynchttpclient.netty.handler.HttpHandler - 

Request DefaultHttpRequest(decodeResult: success, version: HTTP/1.1)
POST /session/f42174b31d6060e689773af88a4f6d4a/window/maximize HTTP/1.1
User-Agent: selenium/4.1.2 (java windows)
Content-Length: 3
Content-Type: application/json; charset=utf-8
host: localhost:56926
accept: */*

Response DefaultHttpResponse(decodeResult: success, version: HTTP/1.1)
HTTP/1.1 200 OK
Content-Type: application/json; charset=utf-8
cache-control: no-cache
content-length: 51

16:06:07.465 [AsyncHttpClient-1-2] DEBUG org.asynchttpclient.netty.channel.ChannelManager - Adding key: http://localhost:56926 for channel [id: 0x2c69097f, L:/127.0.0.1:60910 - R:localhost/127.0.0.1:56926]
16:06:07.465 [Forwarding get on session f42174b31d6060e689773af88a4f6d4a to remote] DEBUG org.asynchttpclient.netty.request.NettyRequestSender - Using pooled Channel '[id: 0x2c69097f, L:/127.0.0.1:60910 - R:localhost/127.0.0.1:56926]' for 'POST' to 'http://localhost:56926/session/f42174b31d6060e689773af88a4f6d4a/url'
16:06:07.465 [Forwarding get on session f42174b31d6060e689773af88a4f6d4a to remote] DEBUG org.asynchttpclient.netty.request.NettyRequestSender - Using open Channel [id: 0x2c69097f, L:/127.0.0.1:60910 - R:localhost/127.0.0.1:56926] for POST '/session/f42174b31d6060e689773af88a4f6d4a/url'
16:06:07.821 [AsyncHttpClient-1-1] DEBUG org.asynchttpclient.netty.channel.DefaultChannelPool - Entry count for : http://localhost:60911 : 1
16:06:08.926 [AsyncHttpClient-1-1] DEBUG org.asynchttpclient.netty.channel.DefaultChannelPool - Entry count for : http://localhost:60911 : 1
16:06:10.034 [AsyncHttpClient-1-1] DEBUG org.asynchttpclient.netty.channel.DefaultChannelPool - Entry count for : http://localhost:60911 : 1
16:06:11.122 [AsyncHttpClient-1-1] DEBUG org.asynchttpclient.netty.channel.DefaultChannelPool - Entry count for : http://localhost:60911 : 1
16:06:12.224 [AsyncHttpClient-1-1] DEBUG org.asynchttpclient.netty.channel.DefaultChannelPool - Entry count for : http://localhost:60911 : 1
16:06:12.582 [AsyncHttpClient-1-2] DEBUG org.asynchttpclient.netty.handler.HttpHandler - 

Request DefaultHttpRequest(decodeResult: success, version: HTTP/1.1)
POST /session/f42174b31d6060e689773af88a4f6d4a/url HTTP/1.1
User-Agent: selenium/4.1.2 (java windows)
Content-Length: 67
Content-Type: application/json; charset=utf-8
host: localhost:56926
accept: */*

Response DefaultHttpResponse(decodeResult: success, version: HTTP/1.1)
HTTP/1.1 200 OK
Content-Type: application/json; charset=utf-8
cache-control: no-cache
content-length: 14

16:06:12.590 [AsyncHttpClient-1-2] DEBUG org.asynchttpclient.netty.channel.ChannelManager - Adding key: http://localhost:56926 for channel [id: 0x2c69097f, L:/127.0.0.1:60910 - R:localhost/127.0.0.1:56926]
16:06:12.590 [Forwarding setTimeout on session f42174b31d6060e689773af88a4f6d4a to remote] DEBUG org.asynchttpclient.netty.request.NettyRequestSender - Using pooled Channel '[id: 0x2c69097f, L:/127.0.0.1:60910 - R:localhost/127.0.0.1:56926]' for 'POST' to 'http://localhost:56926/session/f42174b31d6060e689773af88a4f6d4a/timeouts'
16:06:12.590 [Forwarding setTimeout on session f42174b31d6060e689773af88a4f6d4a to remote] DEBUG org.asynchttpclient.netty.request.NettyRequestSender - Using open Channel [id: 0x2c69097f, L:/127.0.0.1:60910 - R:localhost/127.0.0.1:56926] for POST '/session/f42174b31d6060e689773af88a4f6d4a/timeouts'
16:06:12.592 [AsyncHttpClient-1-2] DEBUG org.asynchttpclient.netty.handler.HttpHandler - 

Request DefaultHttpRequest(decodeResult: success, version: HTTP/1.1)
POST /session/f42174b31d6060e689773af88a4f6d4a/timeouts HTTP/1.1
User-Agent: selenium/4.1.2 (java windows)
Content-Length: 22
Content-Type: application/json; charset=utf-8
host: localhost:56926
accept: */*

Response DefaultHttpResponse(decodeResult: success, version: HTTP/1.1)
HTTP/1.1 200 OK
Content-Type: application/json; charset=utf-8
cache-control: no-cache
content-length: 14

16:06:12.592 [AsyncHttpClient-1-2] DEBUG org.asynchttpclient.netty.channel.ChannelManager - Adding key: http://localhost:56926 for channel [id: 0x2c69097f, L:/127.0.0.1:60910 - R:localhost/127.0.0.1:56926]
16:06:12.592 [Forwarding getCurrentUrl on session f42174b31d6060e689773af88a4f6d4a to remote] DEBUG org.asynchttpclient.netty.request.NettyRequestSender - Using pooled Channel '[id: 0x2c69097f, L:/127.0.0.1:60910 - R:localhost/127.0.0.1:56926]' for 'GET' to 'http://localhost:56926/session/f42174b31d6060e689773af88a4f6d4a/url'
16:06:12.592 [Forwarding getCurrentUrl on session f42174b31d6060e689773af88a4f6d4a to remote] DEBUG org.asynchttpclient.netty.request.NettyRequestSender - Using open Channel [id: 0x2c69097f, L:/127.0.0.1:60910 - R:localhost/127.0.0.1:56926] for GET '/session/f42174b31d6060e689773af88a4f6d4a/url'
16:06:12.606 [AsyncHttpClient-1-2] DEBUG org.asynchttpclient.netty.handler.HttpHandler - 

Request DefaultFullHttpRequest(decodeResult: success, version: HTTP/1.1, content: EmptyByteBufBE)
GET /session/f42174b31d6060e689773af88a4f6d4a/url HTTP/1.1
User-Agent: selenium/4.1.2 (java windows)
Cache-Control: no-cache
Content-Type: application/json; charset=utf-8
host: localhost:56926
accept: */*

Response DefaultHttpResponse(decodeResult: success, version: HTTP/1.1)
HTTP/1.1 200 OK
Content-Type: application/json; charset=utf-8
cache-control: no-cache
content-length: 49

16:06:12.606 [AsyncHttpClient-1-2] DEBUG org.asynchttpclient.netty.channel.ChannelManager - Adding key: http://localhost:56926 for channel [id: 0x2c69097f, L:/127.0.0.1:60910 - R:localhost/127.0.0.1:56926]
  &amp#27;[32mGiven &amp#27;[0m&amp#27;[32mi access the web&amp#27;[0m                                                            &amp#27;[90m# starter.stepdefinitions.registerSteps.iAccessTheWeb()&amp#27;[0m
16:06:12.606 [Forwarding screenshot on session f42174b31d6060e689773af88a4f6d4a to remote] DEBUG org.asynchttpclient.netty.request.NettyRequestSender - Using pooled Channel '[id: 0x2c69097f, L:/127.0.0.1:60910 - R:localhost/127.0.0.1:56926]' for 'GET' to 'http://localhost:56926/session/f42174b31d6060e689773af88a4f6d4a/screenshot'
16:06:12.606 [Forwarding screenshot on session f42174b31d6060e689773af88a4f6d4a to remote] DEBUG org.asynchttpclient.netty.request.NettyRequestSender - Using open Channel [id: 0x2c69097f, L:/127.0.0.1:60910 - R:localhost/127.0.0.1:56926] for GET '/session/f42174b31d6060e689773af88a4f6d4a/screenshot'
16:06:13.108 [AsyncHttpClient-1-2] DEBUG org.asynchttpclient.netty.handler.HttpHandler - 

Request DefaultFullHttpRequest(decodeResult: success, version: HTTP/1.1, content: EmptyByteBufBE)
GET /session/f42174b31d6060e689773af88a4f6d4a/screenshot HTTP/1.1
User-Agent: selenium/4.1.2 (java windows)
Cache-Control: no-cache
Content-Type: application/json; charset=utf-8
host: localhost:56926
accept: */*

Response DefaultHttpResponse(decodeResult: success, version: HTTP/1.1)
HTTP/1.1 200 OK
Content-Type: application/json; charset=utf-8
cache-control: no-cache
content-length: 354376

16:06:13.108 [AsyncHttpClient-1-2] DEBUG org.asynchttpclient.netty.channel.ChannelManager - Adding key: http://localhost:56926 for channel [id: 0x2c69097f, L:/127.0.0.1:60910 - R:localhost/127.0.0.1:56926]
16:06:13.123 [main] DEBUG net.serenitybdd.core.photography.Darkroom - Send negative for processing for target\site\serenity\4660354df54a12fcd895682f5709ada0fe64cb7be35e163b54bdc9c5bb06ca8f.png
16:06:13.137 [Forwarding findElement on session f42174b31d6060e689773af88a4f6d4a to remote] DEBUG org.asynchttpclient.netty.request.NettyRequestSender - Using pooled Channel '[id: 0x2c69097f, L:/127.0.0.1:60910 - R:localhost/127.0.0.1:56926]' for 'POST' to 'http://localhost:56926/session/f42174b31d6060e689773af88a4f6d4a/element'
16:06:13.137 [Forwarding findElement on session f42174b31d6060e689773af88a4f6d4a to remote] DEBUG org.asynchttpclient.netty.request.NettyRequestSender - Using open Channel [id: 0x2c69097f, L:/127.0.0.1:60910 - R:localhost/127.0.0.1:56926] for POST '/session/f42174b31d6060e689773af88a4f6d4a/element'
16:06:13.185 [AsyncHttpClient-1-2] DEBUG org.asynchttpclient.netty.handler.HttpHandler - 

Request DefaultHttpRequest(decodeResult: success, version: HTTP/1.1)
POST /session/f42174b31d6060e689773af88a4f6d4a/element HTTP/1.1
User-Agent: selenium/4.1.2 (java windows)
Content-Length: 55
Content-Type: application/json; charset=utf-8
host: localhost:56926
accept: */*

Response DefaultHttpResponse(decodeResult: success, version: HTTP/1.1)
HTTP/1.1 200 OK
Content-Type: application/json; charset=utf-8
cache-control: no-cache
content-length: 88

16:06:13.185 [AsyncHttpClient-1-2] DEBUG org.asynchttpclient.netty.channel.ChannelManager - Adding key: http://localhost:56926 for channel [id: 0x2c69097f, L:/127.0.0.1:60910 - R:localhost/127.0.0.1:56926]
16:06:13.193 [Forwarding isElementDisplayed on session f42174b31d6060e689773af88a4f6d4a to remote] DEBUG org.asynchttpclient.netty.request.NettyRequestSender - Using pooled Channel '[id: 0x2c69097f, L:/127.0.0.1:60910 - R:localhost/127.0.0.1:56926]' for 'POST' to 'http://localhost:56926/session/f42174b31d6060e689773af88a4f6d4a/execute/sync'
16:06:13.194 [Forwarding isElementDisplayed on session f42174b31d6060e689773af88a4f6d4a to remote] DEBUG org.asynchttpclient.netty.request.NettyRequestSender - Using open Channel [id: 0x2c69097f, L:/127.0.0.1:60910 - R:localhost/127.0.0.1:56926] for POST '/session/f42174b31d6060e689773af88a4f6d4a/execute/sync'
16:06:13.232 [AsyncHttpClient-1-2] DEBUG org.asynchttpclient.netty.handler.HttpHandler - 

Request DefaultHttpRequest(decodeResult: success, version: HTTP/1.1)
POST /session/f42174b31d6060e689773af88a4f6d4a/execute/sync HTTP/1.1
User-Agent: selenium/4.1.2 (java windows)
Content-Length: 48780
Content-Type: application/json; charset=utf-8
host: localhost:56926
accept: */*

Response DefaultHttpResponse(decodeResult: success, version: HTTP/1.1)
HTTP/1.1 200 OK
Content-Type: application/json; charset=utf-8
cache-control: no-cache
content-length: 14

16:06:13.232 [AsyncHttpClient-1-2] DEBUG org.asynchttpclient.netty.channel.ChannelManager - Adding key: http://localhost:56926 for channel [id: 0x2c69097f, L:/127.0.0.1:60910 - R:localhost/127.0.0.1:56926]
16:06:13.239 [Forwarding findElement on session f42174b31d6060e689773af88a4f6d4a to remote] DEBUG org.asynchttpclient.netty.request.NettyRequestSender - Using pooled Channel '[id: 0x2c69097f, L:/127.0.0.1:60910 - R:localhost/127.0.0.1:56926]' for 'POST' to 'http://localhost:56926/session/f42174b31d6060e689773af88a4f6d4a/element'
16:06:13.239 [Forwarding findElement on session f42174b31d6060e689773af88a4f6d4a to remote] DEBUG org.asynchttpclient.netty.request.NettyRequestSender - Using open Channel [id: 0x2c69097f, L:/127.0.0.1:60910 - R:localhost/127.0.0.1:56926] for POST '/session/f42174b31d6060e689773af88a4f6d4a/element'
16:06:13.287 [AsyncHttpClient-1-2] DEBUG org.asynchttpclient.netty.handler.HttpHandler - 

Request DefaultHttpRequest(decodeResult: success, version: HTTP/1.1)
POST /session/f42174b31d6060e689773af88a4f6d4a/element HTTP/1.1
User-Agent: selenium/4.1.2 (java windows)
Content-Length: 72
Content-Type: application/json; charset=utf-8
host: localhost:56926
accept: */*

Response DefaultHttpResponse(decodeResult: success, version: HTTP/1.1)
HTTP/1.1 200 OK
Content-Type: application/json; charset=utf-8
cache-control: no-cache
content-length: 88

16:06:13.287 [AsyncHttpClient-1-2] DEBUG org.asynchttpclient.netty.channel.ChannelManager - Adding key: http://localhost:56926 for channel [id: 0x2c69097f, L:/127.0.0.1:60910 - R:localhost/127.0.0.1:56926]
16:06:13.295 [Forwarding getElementTagName on session f42174b31d6060e689773af88a4f6d4a to remote] DEBUG org.asynchttpclient.netty.request.NettyRequestSender - Using pooled Channel '[id: 0x2c69097f, L:/127.0.0.1:60910 - R:localhost/127.0.0.1:56926]' for 'GET' to 'http://localhost:56926/session/f42174b31d6060e689773af88a4f6d4a/element/12b07c7e-38a2-49b8-8adb-cc3e7bb5fe1b/name'
16:06:13.295 [Forwarding getElementTagName on session f42174b31d6060e689773af88a4f6d4a to remote] DEBUG org.asynchttpclient.netty.request.NettyRequestSender - Using open Channel [id: 0x2c69097f, L:/127.0.0.1:60910 - R:localhost/127.0.0.1:56926] for GET '/session/f42174b31d6060e689773af88a4f6d4a/element/12b07c7e-38a2-49b8-8adb-cc3e7bb5fe1b/name'
16:06:13.322 [AsyncHttpClient-1-1] DEBUG org.asynchttpclient.netty.channel.DefaultChannelPool - Entry count for : http://localhost:60911 : 1
16:06:13.335 [AsyncHttpClient-1-2] DEBUG org.asynchttpclient.netty.handler.HttpHandler - 

Request DefaultFullHttpRequest(decodeResult: success, version: HTTP/1.1, content: EmptyByteBufBE)
GET /session/f42174b31d6060e689773af88a4f6d4a/element/12b07c7e-38a2-49b8-8adb-cc3e7bb5fe1b/name HTTP/1.1
User-Agent: selenium/4.1.2 (java windows)
Cache-Control: no-cache
Content-Type: application/json; charset=utf-8
host: localhost:56926
accept: */*

Response DefaultHttpResponse(decodeResult: success, version: HTTP/1.1)
HTTP/1.1 200 OK
Content-Type: application/json; charset=utf-8
cache-control: no-cache
content-length: 13

16:06:13.335 [AsyncHttpClient-1-2] DEBUG org.asynchttpclient.netty.channel.ChannelManager - Adding key: http://localhost:56926 for channel [id: 0x2c69097f, L:/127.0.0.1:60910 - R:localhost/127.0.0.1:56926]
16:06:13.335 [Forwarding getElementTagName on session f42174b31d6060e689773af88a4f6d4a to remote] DEBUG org.asynchttpclient.netty.request.NettyRequestSender - Using pooled Channel '[id: 0x2c69097f, L:/127.0.0.1:60910 - R:localhost/127.0.0.1:56926]' for 'GET' to 'http://localhost:56926/session/f42174b31d6060e689773af88a4f6d4a/element/12b07c7e-38a2-49b8-8adb-cc3e7bb5fe1b/name'
16:06:13.335 [Forwarding getElementTagName on session f42174b31d6060e689773af88a4f6d4a to remote] DEBUG org.asynchttpclient.netty.request.NettyRequestSender - Using open Channel [id: 0x2c69097f, L:/127.0.0.1:60910 - R:localhost/127.0.0.1:56926] for GET '/session/f42174b31d6060e689773af88a4f6d4a/element/12b07c7e-38a2-49b8-8adb-cc3e7bb5fe1b/name'
16:06:13.386 [AsyncHttpClient-1-2] DEBUG org.asynchttpclient.netty.handler.HttpHandler - 

Request DefaultFullHttpRequest(decodeResult: success, version: HTTP/1.1, content: EmptyByteBufBE)
GET /session/f42174b31d6060e689773af88a4f6d4a/element/12b07c7e-38a2-49b8-8adb-cc3e7bb5fe1b/name HTTP/1.1
User-Agent: selenium/4.1.2 (java windows)
Cache-Control: no-cache
Content-Type: application/json; charset=utf-8
host: localhost:56926
accept: */*

Response DefaultHttpResponse(decodeResult: success, version: HTTP/1.1)
HTTP/1.1 200 OK
Content-Type: application/json; charset=utf-8
cache-control: no-cache
content-length: 13

16:06:13.386 [AsyncHttpClient-1-2] DEBUG org.asynchttpclient.netty.channel.ChannelManager - Adding key: http://localhost:56926 for channel [id: 0x2c69097f, L:/127.0.0.1:60910 - R:localhost/127.0.0.1:56926]
16:06:13.386 [Forwarding findElement on session f42174b31d6060e689773af88a4f6d4a to remote] DEBUG org.asynchttpclient.netty.request.NettyRequestSender - Using pooled Channel '[id: 0x2c69097f, L:/127.0.0.1:60910 - R:localhost/127.0.0.1:56926]' for 'POST' to 'http://localhost:56926/session/f42174b31d6060e689773af88a4f6d4a/element'
16:06:13.386 [Forwarding findElement on session f42174b31d6060e689773af88a4f6d4a to remote] DEBUG org.asynchttpclient.netty.request.NettyRequestSender - Using open Channel [id: 0x2c69097f, L:/127.0.0.1:60910 - R:localhost/127.0.0.1:56926] for POST '/session/f42174b31d6060e689773af88a4f6d4a/element'
16:06:13.434 [AsyncHttpClient-1-2] DEBUG org.asynchttpclient.netty.handler.HttpHandler - 

Request DefaultHttpRequest(decodeResult: success, version: HTTP/1.1)
POST /session/f42174b31d6060e689773af88a4f6d4a/element HTTP/1.1
User-Agent: selenium/4.1.2 (java windows)
Content-Length: 72
Content-Type: application/json; charset=utf-8
host: localhost:56926
accept: */*

Response DefaultHttpResponse(decodeResult: success, version: HTTP/1.1)
HTTP/1.1 200 OK
Content-Type: application/json; charset=utf-8
cache-control: no-cache
content-length: 88

16:06:13.434 [AsyncHttpClient-1-2] DEBUG org.asynchttpclient.netty.channel.ChannelManager - Adding key: http://localhost:56926 for channel [id: 0x2c69097f, L:/127.0.0.1:60910 - R:localhost/127.0.0.1:56926]
16:06:13.434 [Forwarding clickElement on session f42174b31d6060e689773af88a4f6d4a to remote] DEBUG org.asynchttpclient.netty.request.NettyRequestSender - Using pooled Channel '[id: 0x2c69097f, L:/127.0.0.1:60910 - R:localhost/127.0.0.1:56926]' for 'POST' to 'http://localhost:56926/session/f42174b31d6060e689773af88a4f6d4a/element/12b07c7e-38a2-49b8-8adb-cc3e7bb5fe1b/click'
16:06:13.434 [Forwarding clickElement on session f42174b31d6060e689773af88a4f6d4a to remote] DEBUG org.asynchttpclient.netty.request.NettyRequestSender - Using open Channel [id: 0x2c69097f, L:/127.0.0.1:60910 - R:localhost/127.0.0.1:56926] for POST '/session/f42174b31d6060e689773af88a4f6d4a/element/12b07c7e-38a2-49b8-8adb-cc3e7bb5fe1b/click'
16:06:13.666 [AsyncHttpClient-1-2] DEBUG org.asynchttpclient.netty.handler.HttpHandler - 

Request DefaultHttpRequest(decodeResult: success, version: HTTP/1.1)
POST /session/f42174b31d6060e689773af88a4f6d4a/element/12b07c7e-38a2-49b8-8adb-cc3e7bb5fe1b/click HTTP/1.1
User-Agent: selenium/4.1.2 (java windows)
Content-Length: 50
Content-Type: application/json; charset=utf-8
host: localhost:56926
accept: */*

Response DefaultHttpResponse(decodeResult: success, version: HTTP/1.1)
HTTP/1.1 200 OK
Content-Type: application/json; charset=utf-8
cache-control: no-cache
content-length: 14

16:06:13.666 [AsyncHttpClient-1-2] DEBUG org.asynchttpclient.netty.channel.ChannelManager - Adding key: http://localhost:56926 for channel [id: 0x2c69097f, L:/127.0.0.1:60910 - R:localhost/127.0.0.1:56926]
  &amp#27;[32mWhen &amp#27;[0m&amp#27;[32mi click get started&amp#27;[0m                                                          &amp#27;[90m# starter.stepdefinitions.registerSteps.iClickGetStarted()&amp#27;[0m
16:06:13.677 [Forwarding screenshot on session f42174b31d6060e689773af88a4f6d4a to remote] DEBUG org.asynchttpclient.netty.request.NettyRequestSender - Using pooled Channel '[id: 0x2c69097f, L:/127.0.0.1:60910 - R:localhost/127.0.0.1:56926]' for 'GET' to 'http://localhost:56926/session/f42174b31d6060e689773af88a4f6d4a/screenshot'
16:06:13.677 [Forwarding screenshot on session f42174b31d6060e689773af88a4f6d4a to remote] DEBUG org.asynchttpclient.netty.request.NettyRequestSender - Using open Channel [id: 0x2c69097f, L:/127.0.0.1:60910 - R:localhost/127.0.0.1:56926] for GET '/session/f42174b31d6060e689773af88a4f6d4a/screenshot'
16:06:14.196 [AsyncHttpClient-1-2] DEBUG org.asynchttpclient.netty.handler.HttpHandler - 

Request DefaultFullHttpRequest(decodeResult: success, version: HTTP/1.1, content: EmptyByteBufBE)
GET /session/f42174b31d6060e689773af88a4f6d4a/screenshot HTTP/1.1
User-Agent: selenium/4.1.2 (java windows)
Cache-Control: no-cache
Content-Type: application/json; charset=utf-8
host: localhost:56926
accept: */*

Response DefaultHttpResponse(decodeResult: success, version: HTTP/1.1)
HTTP/1.1 200 OK
Content-Type: application/json; charset=utf-8
cache-control: no-cache
content-length: 137552

16:06:14.196 [AsyncHttpClient-1-2] DEBUG org.asynchttpclient.netty.channel.ChannelManager - Adding key: http://localhost:56926 for channel [id: 0x2c69097f, L:/127.0.0.1:60910 - R:localhost/127.0.0.1:56926]
16:06:14.204 [main] DEBUG net.serenitybdd.core.photography.Darkroom - Send negative for processing for target\site\serenity\bc62dc8b92cb5cda32a9b19fbbc515f5ff039e55b938403953fe53334577d47d.png
16:06:14.204 [Darkroom Processing Line] DEBUG net.serenitybdd.core.photography.DarkroomProcessingLine - Processing screenshot image in /var/screenshots/screenshot-8821208966434691764
16:06:14.204 [Darkroom Processing Line] DEBUG net.serenitybdd.core.photography.DarkroomProcessingLine - Saving screenshot to target\site\serenity\bc62dc8b92cb5cda32a9b19fbbc515f5ff039e55b938403953fe53334577d47d.png
16:06:14.216 [Forwarding findElement on session f42174b31d6060e689773af88a4f6d4a to remote] DEBUG org.asynchttpclient.netty.request.NettyRequestSender - Using pooled Channel '[id: 0x2c69097f, L:/127.0.0.1:60910 - R:localhost/127.0.0.1:56926]' for 'POST' to 'http://localhost:56926/session/f42174b31d6060e689773af88a4f6d4a/element'
16:06:14.216 [Forwarding findElement on session f42174b31d6060e689773af88a4f6d4a to remote] DEBUG org.asynchttpclient.netty.request.NettyRequestSender - Using open Channel [id: 0x2c69097f, L:/127.0.0.1:60910 - R:localhost/127.0.0.1:56926] for POST '/session/f42174b31d6060e689773af88a4f6d4a/element'
16:06:14.243 [AsyncHttpClient-1-2] DEBUG org.asynchttpclient.netty.handler.HttpHandler - 

Request DefaultHttpRequest(decodeResult: success, version: HTTP/1.1)
POST /session/f42174b31d6060e689773af88a4f6d4a/element HTTP/1.1
User-Agent: selenium/4.1.2 (java windows)
Content-Length: 68
Content-Type: application/json; charset=utf-8
host: localhost:56926
accept: */*

Response DefaultHttpResponse(decodeResult: success, version: HTTP/1.1)
HTTP/1.1 200 OK
Content-Type: application/json; charset=utf-8
cache-control: no-cache
content-length: 88

16:06:14.243 [AsyncHttpClient-1-2] DEBUG org.asynchttpclient.netty.channel.ChannelManager - Adding key: http://localhost:56926 for channel [id: 0x2c69097f, L:/127.0.0.1:60910 - R:localhost/127.0.0.1:56926]
16:06:14.243 [Forwarding getElementTagName on session f42174b31d6060e689773af88a4f6d4a to remote] DEBUG org.asynchttpclient.netty.request.NettyRequestSender - Using pooled Channel '[id: 0x2c69097f, L:/127.0.0.1:60910 - R:localhost/127.0.0.1:56926]' for 'GET' to 'http://localhost:56926/session/f42174b31d6060e689773af88a4f6d4a/element/22828030-1030-4b8c-b7d9-dcbe98212f75/name'
16:06:14.243 [Forwarding getElementTagName on session f42174b31d6060e689773af88a4f6d4a to remote] DEBUG org.asynchttpclient.netty.request.NettyRequestSender - Using open Channel [id: 0x2c69097f, L:/127.0.0.1:60910 - R:localhost/127.0.0.1:56926] for GET '/session/f42174b31d6060e689773af88a4f6d4a/element/22828030-1030-4b8c-b7d9-dcbe98212f75/name'
16:06:14.247 [AsyncHttpClient-1-2] DEBUG org.asynchttpclient.netty.handler.HttpHandler - 

Request DefaultFullHttpRequest(decodeResult: success, version: HTTP/1.1, content: EmptyByteBufBE)
GET /session/f42174b31d6060e689773af88a4f6d4a/element/22828030-1030-4b8c-b7d9-dcbe98212f75/name HTTP/1.1
User-Agent: selenium/4.1.2 (java windows)
Cache-Control: no-cache
Content-Type: application/json; charset=utf-8
host: localhost:56926
accept: */*

Response DefaultHttpResponse(decodeResult: success, version: HTTP/1.1)
HTTP/1.1 200 OK
Content-Type: application/json; charset=utf-8
cache-control: no-cache
content-length: 13

16:06:14.247 [AsyncHttpClient-1-2] DEBUG org.asynchttpclient.netty.channel.ChannelManager - Adding key: http://localhost:56926 for channel [id: 0x2c69097f, L:/127.0.0.1:60910 - R:localhost/127.0.0.1:56926]
16:06:14.254 [Forwarding getElementTagName on session f42174b31d6060e689773af88a4f6d4a to remote] DEBUG org.asynchttpclient.netty.request.NettyRequestSender - Using pooled Channel '[id: 0x2c69097f, L:/127.0.0.1:60910 - R:localhost/127.0.0.1:56926]' for 'GET' to 'http://localhost:56926/session/f42174b31d6060e689773af88a4f6d4a/element/22828030-1030-4b8c-b7d9-dcbe98212f75/name'
16:06:14.254 [Forwarding getElementTagName on session f42174b31d6060e689773af88a4f6d4a to remote] DEBUG org.asynchttpclient.netty.request.NettyRequestSender - Using open Channel [id: 0x2c69097f, L:/127.0.0.1:60910 - R:localhost/127.0.0.1:56926] for GET '/session/f42174b31d6060e689773af88a4f6d4a/element/22828030-1030-4b8c-b7d9-dcbe98212f75/name'
16:06:14.254 [AsyncHttpClient-1-2] DEBUG org.asynchttpclient.netty.handler.HttpHandler - 

Request DefaultFullHttpRequest(decodeResult: success, version: HTTP/1.1, content: EmptyByteBufBE)
GET /session/f42174b31d6060e689773af88a4f6d4a/element/22828030-1030-4b8c-b7d9-dcbe98212f75/name HTTP/1.1
User-Agent: selenium/4.1.2 (java windows)
Cache-Control: no-cache
Content-Type: application/json; charset=utf-8
host: localhost:56926
accept: */*

Response DefaultHttpResponse(decodeResult: success, version: HTTP/1.1)
HTTP/1.1 200 OK
Content-Type: application/json; charset=utf-8
cache-control: no-cache
content-length: 13

16:06:14.254 [AsyncHttpClient-1-2] DEBUG org.asynchttpclient.netty.channel.ChannelManager - Adding key: http://localhost:56926 for channel [id: 0x2c69097f, L:/127.0.0.1:60910 - R:localhost/127.0.0.1:56926]
16:06:14.262 [Forwarding findElement on session f42174b31d6060e689773af88a4f6d4a to remote] DEBUG org.asynchttpclient.netty.request.NettyRequestSender - Using pooled Channel '[id: 0x2c69097f, L:/127.0.0.1:60910 - R:localhost/127.0.0.1:56926]' for 'POST' to 'http://localhost:56926/session/f42174b31d6060e689773af88a4f6d4a/element'
16:06:14.262 [Forwarding findElement on session f42174b31d6060e689773af88a4f6d4a to remote] DEBUG org.asynchttpclient.netty.request.NettyRequestSender - Using open Channel [id: 0x2c69097f, L:/127.0.0.1:60910 - R:localhost/127.0.0.1:56926] for POST '/session/f42174b31d6060e689773af88a4f6d4a/element'
16:06:14.274 [AsyncHttpClient-1-2] DEBUG org.asynchttpclient.netty.handler.HttpHandler - 

Request DefaultHttpRequest(decodeResult: success, version: HTTP/1.1)
POST /session/f42174b31d6060e689773af88a4f6d4a/element HTTP/1.1
User-Agent: selenium/4.1.2 (java windows)
Content-Length: 68
Content-Type: application/json; charset=utf-8
host: localhost:56926
accept: */*

Response DefaultHttpResponse(decodeResult: success, version: HTTP/1.1)
HTTP/1.1 200 OK
Content-Type: application/json; charset=utf-8
cache-control: no-cache
content-length: 88

16:06:14.274 [AsyncHttpClient-1-2] DEBUG org.asynchttpclient.netty.channel.ChannelManager - Adding key: http://localhost:56926 for channel [id: 0x2c69097f, L:/127.0.0.1:60910 - R:localhost/127.0.0.1:56926]
16:06:14.274 [Forwarding clickElement on session f42174b31d6060e689773af88a4f6d4a to remote] DEBUG org.asynchttpclient.netty.request.NettyRequestSender - Using pooled Channel '[id: 0x2c69097f, L:/127.0.0.1:60910 - R:localhost/127.0.0.1:56926]' for 'POST' to 'http://localhost:56926/session/f42174b31d6060e689773af88a4f6d4a/element/22828030-1030-4b8c-b7d9-dcbe98212f75/click'
16:06:14.274 [Forwarding clickElement on session f42174b31d6060e689773af88a4f6d4a to remote] DEBUG org.asynchttpclient.netty.request.NettyRequestSender - Using open Channel [id: 0x2c69097f, L:/127.0.0.1:60910 - R:localhost/127.0.0.1:56926] for POST '/session/f42174b31d6060e689773af88a4f6d4a/element/22828030-1030-4b8c-b7d9-dcbe98212f75/click'
16:06:14.365 [AsyncHttpClient-1-2] DEBUG org.asynchttpclient.netty.handler.HttpHandler - 

Request DefaultHttpRequest(decodeResult: success, version: HTTP/1.1)
POST /session/f42174b31d6060e689773af88a4f6d4a/element/22828030-1030-4b8c-b7d9-dcbe98212f75/click HTTP/1.1
User-Agent: selenium/4.1.2 (java windows)
Content-Length: 50
Content-Type: application/json; charset=utf-8
host: localhost:56926
accept: */*

Response DefaultHttpResponse(decodeResult: success, version: HTTP/1.1)
HTTP/1.1 200 OK
Content-Type: application/json; charset=utf-8
cache-control: no-cache
content-length: 14

16:06:14.373 [AsyncHttpClient-1-2] DEBUG org.asynchttpclient.netty.channel.ChannelManager - Adding key: http://localhost:56926 for channel [id: 0x2c69097f, L:/127.0.0.1:60910 - R:localhost/127.0.0.1:56926]
16:06:14.376 [Forwarding findElement on session f42174b31d6060e689773af88a4f6d4a to remote] DEBUG org.asynchttpclient.netty.request.NettyRequestSender - Using pooled Channel '[id: 0x2c69097f, L:/127.0.0.1:60910 - R:localhost/127.0.0.1:56926]' for 'POST' to 'http://localhost:56926/session/f42174b31d6060e689773af88a4f6d4a/element'
16:06:14.376 [Forwarding findElement on session f42174b31d6060e689773af88a4f6d4a to remote] DEBUG org.asynchttpclient.netty.request.NettyRequestSender - Using open Channel [id: 0x2c69097f, L:/127.0.0.1:60910 - R:localhost/127.0.0.1:56926] for POST '/session/f42174b31d6060e689773af88a4f6d4a/element'
16:06:14.385 [AsyncHttpClient-1-2] DEBUG org.asynchttpclient.netty.handler.HttpHandler - 

Request DefaultHttpRequest(decodeResult: success, version: HTTP/1.1)
POST /session/f42174b31d6060e689773af88a4f6d4a/element HTTP/1.1
User-Agent: selenium/4.1.2 (java windows)
Content-Length: 69
Content-Type: application/json; charset=utf-8
host: localhost:56926
accept: */*

Response DefaultHttpResponse(decodeResult: success, version: HTTP/1.1)
HTTP/1.1 200 OK
Content-Type: application/json; charset=utf-8
cache-control: no-cache
content-length: 88

16:06:14.385 [AsyncHttpClient-1-2] DEBUG org.asynchttpclient.netty.channel.ChannelManager - Adding key: http://localhost:56926 for channel [id: 0x2c69097f, L:/127.0.0.1:60910 - R:localhost/127.0.0.1:56926]
16:06:14.395 [Forwarding isElementDisplayed on session f42174b31d6060e689773af88a4f6d4a to remote] DEBUG org.asynchttpclient.netty.request.NettyRequestSender - Using pooled Channel '[id: 0x2c69097f, L:/127.0.0.1:60910 - R:localhost/127.0.0.1:56926]' for 'POST' to 'http://localhost:56926/session/f42174b31d6060e689773af88a4f6d4a/execute/sync'
16:06:14.395 [Forwarding isElementDisplayed on session f42174b31d6060e689773af88a4f6d4a to remote] DEBUG org.asynchttpclient.netty.request.NettyRequestSender - Using open Channel [id: 0x2c69097f, L:/127.0.0.1:60910 - R:localhost/127.0.0.1:56926] for POST '/session/f42174b31d6060e689773af88a4f6d4a/execute/sync'
16:06:14.412 [AsyncHttpClient-1-2] DEBUG org.asynchttpclient.netty.handler.HttpHandler - 

Request DefaultHttpRequest(decodeResult: success, version: HTTP/1.1)
POST /session/f42174b31d6060e689773af88a4f6d4a/execute/sync HTTP/1.1
User-Agent: selenium/4.1.2 (java windows)
Content-Length: 48780
Content-Type: application/json; charset=utf-8
host: localhost:56926
accept: */*

Response DefaultHttpResponse(decodeResult: success, version: HTTP/1.1)
HTTP/1.1 200 OK
Content-Type: application/json; charset=utf-8
cache-control: no-cache
content-length: 14

16:06:14.412 [AsyncHttpClient-1-2] DEBUG org.asynchttpclient.netty.channel.ChannelManager - Adding key: http://localhost:56926 for channel [id: 0x2c69097f, L:/127.0.0.1:60910 - R:localhost/127.0.0.1:56926]
  &amp#27;[32mAnd &amp#27;[0m&amp#27;[32mi click sign up&amp#27;[0m                                                               &amp#27;[90m# starter.stepdefinitions.registerSteps.iClickSignUp()&amp#27;[0m
16:06:14.416 [Forwarding screenshot on session f42174b31d6060e689773af88a4f6d4a to remote] DEBUG org.asynchttpclient.netty.request.NettyRequestSender - Using pooled Channel '[id: 0x2c69097f, L:/127.0.0.1:60910 - R:localhost/127.0.0.1:56926]' for 'GET' to 'http://localhost:56926/session/f42174b31d6060e689773af88a4f6d4a/screenshot'
16:06:14.416 [Forwarding screenshot on session f42174b31d6060e689773af88a4f6d4a to remote] DEBUG org.asynchttpclient.netty.request.NettyRequestSender - Using open Channel [id: 0x2c69097f, L:/127.0.0.1:60910 - R:localhost/127.0.0.1:56926] for GET '/session/f42174b31d6060e689773af88a4f6d4a/screenshot'
16:06:14.424 [AsyncHttpClient-1-1] DEBUG org.asynchttpclient.netty.channel.DefaultChannelPool - Entry count for : http://localhost:60911 : 1
16:06:14.704 [AsyncHttpClient-1-2] DEBUG org.asynchttpclient.netty.handler.HttpHandler - 

Request DefaultFullHttpRequest(decodeResult: success, version: HTTP/1.1, content: EmptyByteBufBE)
GET /session/f42174b31d6060e689773af88a4f6d4a/screenshot HTTP/1.1
User-Agent: selenium/4.1.2 (java windows)
Cache-Control: no-cache
Content-Type: application/json; charset=utf-8
host: localhost:56926
accept: */*

Response DefaultHttpResponse(decodeResult: success, version: HTTP/1.1)
HTTP/1.1 200 OK
Content-Type: application/json; charset=utf-8
cache-control: no-cache
content-length: 86420

16:06:14.704 [AsyncHttpClient-1-2] DEBUG org.asynchttpclient.netty.channel.ChannelManager - Adding key: http://localhost:56926 for channel [id: 0x2c69097f, L:/127.0.0.1:60910 - R:localhost/127.0.0.1:56926]
16:06:14.704 [main] DEBUG net.serenitybdd.core.photography.Darkroom - Send negative for processing for target\site\serenity\9e6068eec7be302e88a4c669e8aebae7be885b70f8a6ea9da4bee3c5c97b4c5c.png
16:06:14.704 [Darkroom Processing Line] DEBUG net.serenitybdd.core.photography.DarkroomProcessingLine - Processing screenshot image in /var/screenshots/screenshot-7037261787761733568
16:06:14.704 [Darkroom Processing Line] DEBUG net.serenitybdd.core.photography.DarkroomProcessingLine - Saving screenshot to target\site\serenity\9e6068eec7be302e88a4c669e8aebae7be885b70f8a6ea9da4bee3c5c97b4c5c.png
16:06:14.720 [Forwarding findElement on session f42174b31d6060e689773af88a4f6d4a to remote] DEBUG org.asynchttpclient.netty.request.NettyRequestSender - Using pooled Channel '[id: 0x2c69097f, L:/127.0.0.1:60910 - R:localhost/127.0.0.1:56926]' for 'POST' to 'http://localhost:56926/session/f42174b31d6060e689773af88a4f6d4a/element'
16:06:14.720 [Forwarding findElement on session f42174b31d6060e689773af88a4f6d4a to remote] DEBUG org.asynchttpclient.netty.request.NettyRequestSender - Using open Channel [id: 0x2c69097f, L:/127.0.0.1:60910 - R:localhost/127.0.0.1:56926] for POST '/session/f42174b31d6060e689773af88a4f6d4a/element'
16:06:14.736 [AsyncHttpClient-1-2] DEBUG org.asynchttpclient.netty.handler.HttpHandler - 

Request DefaultHttpRequest(decodeResult: success, version: HTTP/1.1)
POST /session/f42174b31d6060e689773af88a4f6d4a/element HTTP/1.1
User-Agent: selenium/4.1.2 (java windows)
Content-Length: 66
Content-Type: application/json; charset=utf-8
host: localhost:56926
accept: */*

Response DefaultHttpResponse(decodeResult: success, version: HTTP/1.1)
HTTP/1.1 200 OK
Content-Type: application/json; charset=utf-8
cache-control: no-cache
content-length: 88

16:06:14.736 [AsyncHttpClient-1-2] DEBUG org.asynchttpclient.netty.channel.ChannelManager - Adding key: http://localhost:56926 for channel [id: 0x2c69097f, L:/127.0.0.1:60910 - R:localhost/127.0.0.1:56926]
16:06:14.736 [Forwarding clearElement on session f42174b31d6060e689773af88a4f6d4a to remote] DEBUG org.asynchttpclient.netty.request.NettyRequestSender - Using pooled Channel '[id: 0x2c69097f, L:/127.0.0.1:60910 - R:localhost/127.0.0.1:56926]' for 'POST' to 'http://localhost:56926/session/f42174b31d6060e689773af88a4f6d4a/element/f8e07c3c-f1eb-4418-a736-1709f3a11cd5/clear'
16:06:14.736 [Forwarding clearElement on session f42174b31d6060e689773af88a4f6d4a to remote] DEBUG org.asynchttpclient.netty.request.NettyRequestSender - Using open Channel [id: 0x2c69097f, L:/127.0.0.1:60910 - R:localhost/127.0.0.1:56926] for POST '/session/f42174b31d6060e689773af88a4f6d4a/element/f8e07c3c-f1eb-4418-a736-1709f3a11cd5/clear'
16:06:14.786 [AsyncHttpClient-1-2] DEBUG org.asynchttpclient.netty.handler.HttpHandler - 

Request DefaultHttpRequest(decodeResult: success, version: HTTP/1.1)
POST /session/f42174b31d6060e689773af88a4f6d4a/element/f8e07c3c-f1eb-4418-a736-1709f3a11cd5/clear HTTP/1.1
User-Agent: selenium/4.1.2 (java windows)
Content-Length: 50
Content-Type: application/json; charset=utf-8
host: localhost:56926
accept: */*

Response DefaultHttpResponse(decodeResult: success, version: HTTP/1.1)
HTTP/1.1 200 OK
Content-Type: application/json; charset=utf-8
cache-control: no-cache
content-length: 14

16:06:14.786 [AsyncHttpClient-1-2] DEBUG org.asynchttpclient.netty.channel.ChannelManager - Adding key: http://localhost:56926 for channel [id: 0x2c69097f, L:/127.0.0.1:60910 - R:localhost/127.0.0.1:56926]
16:06:14.786 [Forwarding sendKeysToElement on session f42174b31d6060e689773af88a4f6d4a to remote] DEBUG org.asynchttpclient.netty.request.NettyRequestSender - Using pooled Channel '[id: 0x2c69097f, L:/127.0.0.1:60910 - R:localhost/127.0.0.1:56926]' for 'POST' to 'http://localhost:56926/session/f42174b31d6060e689773af88a4f6d4a/element/f8e07c3c-f1eb-4418-a736-1709f3a11cd5/value'
16:06:14.786 [Forwarding sendKeysToElement on session f42174b31d6060e689773af88a4f6d4a to remote] DEBUG org.asynchttpclient.netty.request.NettyRequestSender - Using open Channel [id: 0x2c69097f, L:/127.0.0.1:60910 - R:localhost/127.0.0.1:56926] for POST '/session/f42174b31d6060e689773af88a4f6d4a/element/f8e07c3c-f1eb-4418-a736-1709f3a11cd5/value'
16:06:14.854 [AsyncHttpClient-1-2] DEBUG org.asynchttpclient.netty.handler.HttpHandler - 

Request DefaultHttpRequest(decodeResult: success, version: HTTP/1.1)
POST /session/f42174b31d6060e689773af88a4f6d4a/element/f8e07c3c-f1eb-4418-a736-1709f3a11cd5/value HTTP/1.1
User-Agent: selenium/4.1.2 (java windows)
Content-Length: 171
Content-Type: application/json; charset=utf-8
host: localhost:56926
accept: */*

Response DefaultHttpResponse(decodeResult: success, version: HTTP/1.1)
HTTP/1.1 200 OK
Content-Type: application/json; charset=utf-8
cache-control: no-cache
content-length: 14

16:06:14.854 [AsyncHttpClient-1-2] DEBUG org.asynchttpclient.netty.channel.ChannelManager - Adding key: http://localhost:56926 for channel [id: 0x2c69097f, L:/127.0.0.1:60910 - R:localhost/127.0.0.1:56926]
16:06:14.854 [Forwarding findElement on session f42174b31d6060e689773af88a4f6d4a to remote] DEBUG org.asynchttpclient.netty.request.NettyRequestSender - Using pooled Channel '[id: 0x2c69097f, L:/127.0.0.1:60910 - R:localhost/127.0.0.1:56926]' for 'POST' to 'http://localhost:56926/session/f42174b31d6060e689773af88a4f6d4a/element'
16:06:14.854 [Forwarding findElement on session f42174b31d6060e689773af88a4f6d4a to remote] DEBUG org.asynchttpclient.netty.request.NettyRequestSender - Using open Channel [id: 0x2c69097f, L:/127.0.0.1:60910 - R:localhost/127.0.0.1:56926] for POST '/session/f42174b31d6060e689773af88a4f6d4a/element'
16:06:14.865 [AsyncHttpClient-1-2] DEBUG org.asynchttpclient.netty.handler.HttpHandler - 

Request DefaultHttpRequest(decodeResult: success, version: HTTP/1.1)
POST /session/f42174b31d6060e689773af88a4f6d4a/element HTTP/1.1
User-Agent: selenium/4.1.2 (java windows)
Content-Length: 63
Content-Type: application/json; charset=utf-8
host: localhost:56926
accept: */*

Response DefaultHttpResponse(decodeResult: success, version: HTTP/1.1)
HTTP/1.1 200 OK
Content-Type: application/json; charset=utf-8
cache-control: no-cache
content-length: 88

16:06:14.865 [AsyncHttpClient-1-2] DEBUG org.asynchttpclient.netty.channel.ChannelManager - Adding key: http://localhost:56926 for channel [id: 0x2c69097f, L:/127.0.0.1:60910 - R:localhost/127.0.0.1:56926]
16:06:14.865 [Forwarding clearElement on session f42174b31d6060e689773af88a4f6d4a to remote] DEBUG org.asynchttpclient.netty.request.NettyRequestSender - Using pooled Channel '[id: 0x2c69097f, L:/127.0.0.1:60910 - R:localhost/127.0.0.1:56926]' for 'POST' to 'http://localhost:56926/session/f42174b31d6060e689773af88a4f6d4a/element/19d7dba8-37d8-408f-988d-2e4b0ef7eb02/clear'
16:06:14.865 [Forwarding clearElement on session f42174b31d6060e689773af88a4f6d4a to remote] DEBUG org.asynchttpclient.netty.request.NettyRequestSender - Using open Channel [id: 0x2c69097f, L:/127.0.0.1:60910 - R:localhost/127.0.0.1:56926] for POST '/session/f42174b31d6060e689773af88a4f6d4a/element/19d7dba8-37d8-408f-988d-2e4b0ef7eb02/clear'
16:06:14.906 [AsyncHttpClient-1-2] DEBUG org.asynchttpclient.netty.handler.HttpHandler - 

Request DefaultHttpRequest(decodeResult: success, version: HTTP/1.1)
POST /session/f42174b31d6060e689773af88a4f6d4a/element/19d7dba8-37d8-408f-988d-2e4b0ef7eb02/clear HTTP/1.1
User-Agent: selenium/4.1.2 (java windows)
Content-Length: 50
Content-Type: application/json; charset=utf-8
host: localhost:56926
accept: */*

Response DefaultHttpResponse(decodeResult: success, version: HTTP/1.1)
HTTP/1.1 200 OK
Content-Type: application/json; charset=utf-8
cache-control: no-cache
content-length: 14

16:06:14.906 [AsyncHttpClient-1-2] DEBUG org.asynchttpclient.netty.channel.ChannelManager - Adding key: http://localhost:56926 for channel [id: 0x2c69097f, L:/127.0.0.1:60910 - R:localhost/127.0.0.1:56926]
16:06:14.906 [Forwarding sendKeysToElement on session f42174b31d6060e689773af88a4f6d4a to remote] DEBUG org.asynchttpclient.netty.request.NettyRequestSender - Using pooled Channel '[id: 0x2c69097f, L:/127.0.0.1:60910 - R:localhost/127.0.0.1:56926]' for 'POST' to 'http://localhost:56926/session/f42174b31d6060e689773af88a4f6d4a/element/19d7dba8-37d8-408f-988d-2e4b0ef7eb02/value'
16:06:14.906 [Forwarding sendKeysToElement on session f42174b31d6060e689773af88a4f6d4a to remote] DEBUG org.asynchttpclient.netty.request.NettyRequestSender - Using open Channel [id: 0x2c69097f, L:/127.0.0.1:60910 - R:localhost/127.0.0.1:56926] for POST '/session/f42174b31d6060e689773af88a4f6d4a/element/19d7dba8-37d8-408f-988d-2e4b0ef7eb02/value'
16:06:15.063 [AsyncHttpClient-1-2] DEBUG org.asynchttpclient.netty.handler.HttpHandler - 

Request DefaultHttpRequest(decodeResult: success, version: HTTP/1.1)
POST /session/f42174b31d6060e689773af88a4f6d4a/element/19d7dba8-37d8-408f-988d-2e4b0ef7eb02/value HTTP/1.1
User-Agent: selenium/4.1.2 (java windows)
Content-Length: 331
Content-Type: application/json; charset=utf-8
host: localhost:56926
accept: */*

Response DefaultHttpResponse(decodeResult: success, version: HTTP/1.1)
HTTP/1.1 200 OK
Content-Type: application/json; charset=utf-8
cache-control: no-cache
content-length: 14

16:06:15.063 [AsyncHttpClient-1-2] DEBUG org.asynchttpclient.netty.channel.ChannelManager - Adding key: http://localhost:56926 for channel [id: 0x2c69097f, L:/127.0.0.1:60910 - R:localhost/127.0.0.1:56926]
16:06:15.066 [Forwarding findElement on session f42174b31d6060e689773af88a4f6d4a to remote] DEBUG org.asynchttpclient.netty.request.NettyRequestSender - Using pooled Channel '[id: 0x2c69097f, L:/127.0.0.1:60910 - R:localhost/127.0.0.1:56926]' for 'POST' to 'http://localhost:56926/session/f42174b31d6060e689773af88a4f6d4a/element'
16:06:15.066 [Forwarding findElement on session f42174b31d6060e689773af88a4f6d4a to remote] DEBUG org.asynchttpclient.netty.request.NettyRequestSender - Using open Channel [id: 0x2c69097f, L:/127.0.0.1:60910 - R:localhost/127.0.0.1:56926] for POST '/session/f42174b31d6060e689773af88a4f6d4a/element'
16:06:15.078 [AsyncHttpClient-1-2] DEBUG org.asynchttpclient.netty.handler.HttpHandler - 

Request DefaultHttpRequest(decodeResult: success, version: HTTP/1.1)
POST /session/f42174b31d6060e689773af88a4f6d4a/element HTTP/1.1
User-Agent: selenium/4.1.2 (java windows)
Content-Length: 68
Content-Type: application/json; charset=utf-8
host: localhost:56926
accept: */*

Response DefaultHttpResponse(decodeResult: success, version: HTTP/1.1)
HTTP/1.1 200 OK
Content-Type: application/json; charset=utf-8
cache-control: no-cache
content-length: 88

16:06:15.078 [AsyncHttpClient-1-2] DEBUG org.asynchttpclient.netty.channel.ChannelManager - Adding key: http://localhost:56926 for channel [id: 0x2c69097f, L:/127.0.0.1:60910 - R:localhost/127.0.0.1:56926]
16:06:15.078 [Forwarding clearElement on session f42174b31d6060e689773af88a4f6d4a to remote] DEBUG org.asynchttpclient.netty.request.NettyRequestSender - Using pooled Channel '[id: 0x2c69097f, L:/127.0.0.1:60910 - R:localhost/127.0.0.1:56926]' for 'POST' to 'http://localhost:56926/session/f42174b31d6060e689773af88a4f6d4a/element/bb75f71d-9335-49d4-ac9b-181b083187bd/clear'
16:06:15.078 [Forwarding clearElement on session f42174b31d6060e689773af88a4f6d4a to remote] DEBUG org.asynchttpclient.netty.request.NettyRequestSender - Using open Channel [id: 0x2c69097f, L:/127.0.0.1:60910 - R:localhost/127.0.0.1:56926] for POST '/session/f42174b31d6060e689773af88a4f6d4a/element/bb75f71d-9335-49d4-ac9b-181b083187bd/clear'
16:06:15.119 [AsyncHttpClient-1-2] DEBUG org.asynchttpclient.netty.handler.HttpHandler - 

Request DefaultHttpRequest(decodeResult: success, version: HTTP/1.1)
POST /session/f42174b31d6060e689773af88a4f6d4a/element/bb75f71d-9335-49d4-ac9b-181b083187bd/clear HTTP/1.1
User-Agent: selenium/4.1.2 (java windows)
Content-Length: 50
Content-Type: application/json; charset=utf-8
host: localhost:56926
accept: */*

Response DefaultHttpResponse(decodeResult: success, version: HTTP/1.1)
HTTP/1.1 200 OK
Content-Type: application/json; charset=utf-8
cache-control: no-cache
content-length: 14

16:06:15.119 [AsyncHttpClient-1-2] DEBUG org.asynchttpclient.netty.channel.ChannelManager - Adding key: http://localhost:56926 for channel [id: 0x2c69097f, L:/127.0.0.1:60910 - R:localhost/127.0.0.1:56926]
16:06:15.121 [Forwarding sendKeysToElement on session f42174b31d6060e689773af88a4f6d4a to remote] DEBUG org.asynchttpclient.netty.request.NettyRequestSender - Using pooled Channel '[id: 0x2c69097f, L:/127.0.0.1:60910 - R:localhost/127.0.0.1:56926]' for 'POST' to 'http://localhost:56926/session/f42174b31d6060e689773af88a4f6d4a/element/bb75f71d-9335-49d4-ac9b-181b083187bd/value'
16:06:15.121 [Forwarding sendKeysToElement on session f42174b31d6060e689773af88a4f6d4a to remote] DEBUG org.asynchttpclient.netty.request.NettyRequestSender - Using open Channel [id: 0x2c69097f, L:/127.0.0.1:60910 - R:localhost/127.0.0.1:56926] for POST '/session/f42174b31d6060e689773af88a4f6d4a/element/bb75f71d-9335-49d4-ac9b-181b083187bd/value'
16:06:15.187 [AsyncHttpClient-1-2] DEBUG org.asynchttpclient.netty.handler.HttpHandler - 

Request DefaultHttpRequest(decodeResult: success, version: HTTP/1.1)
POST /session/f42174b31d6060e689773af88a4f6d4a/element/bb75f71d-9335-49d4-ac9b-181b083187bd/value HTTP/1.1
User-Agent: selenium/4.1.2 (java windows)
Content-Length: 211
Content-Type: application/json; charset=utf-8
host: localhost:56926
accept: */*

Response DefaultHttpResponse(decodeResult: success, version: HTTP/1.1)
HTTP/1.1 200 OK
Content-Type: application/json; charset=utf-8
cache-control: no-cache
content-length: 14

16:06:15.187 [AsyncHttpClient-1-2] DEBUG org.asynchttpclient.netty.channel.ChannelManager - Adding key: http://localhost:56926 for channel [id: 0x2c69097f, L:/127.0.0.1:60910 - R:localhost/127.0.0.1:56926]
16:06:15.195 [Forwarding findElement on session f42174b31d6060e689773af88a4f6d4a to remote] DEBUG org.asynchttpclient.netty.request.NettyRequestSender - Using pooled Channel '[id: 0x2c69097f, L:/127.0.0.1:60910 - R:localhost/127.0.0.1:56926]' for 'POST' to 'http://localhost:56926/session/f42174b31d6060e689773af88a4f6d4a/element'
16:06:15.195 [Forwarding findElement on session f42174b31d6060e689773af88a4f6d4a to remote] DEBUG org.asynchttpclient.netty.request.NettyRequestSender - Using open Channel [id: 0x2c69097f, L:/127.0.0.1:60910 - R:localhost/127.0.0.1:56926] for POST '/session/f42174b31d6060e689773af88a4f6d4a/element'
16:06:15.207 [AsyncHttpClient-1-2] DEBUG org.asynchttpclient.netty.handler.HttpHandler - 

Request DefaultHttpRequest(decodeResult: success, version: HTTP/1.1)
POST /session/f42174b31d6060e689773af88a4f6d4a/element HTTP/1.1
User-Agent: selenium/4.1.2 (java windows)
Content-Length: 77
Content-Type: application/json; charset=utf-8
host: localhost:56926
accept: */*

Response DefaultHttpResponse(decodeResult: success, version: HTTP/1.1)
HTTP/1.1 200 OK
Content-Type: application/json; charset=utf-8
cache-control: no-cache
content-length: 88

16:06:15.207 [AsyncHttpClient-1-2] DEBUG org.asynchttpclient.netty.channel.ChannelManager - Adding key: http://localhost:56926 for channel [id: 0x2c69097f, L:/127.0.0.1:60910 - R:localhost/127.0.0.1:56926]
16:06:15.207 [Forwarding clearElement on session f42174b31d6060e689773af88a4f6d4a to remote] DEBUG org.asynchttpclient.netty.request.NettyRequestSender - Using pooled Channel '[id: 0x2c69097f, L:/127.0.0.1:60910 - R:localhost/127.0.0.1:56926]' for 'POST' to 'http://localhost:56926/session/f42174b31d6060e689773af88a4f6d4a/element/96ee1f6e-bc39-40bc-a642-1ffc728a95ef/clear'
16:06:15.207 [Forwarding clearElement on session f42174b31d6060e689773af88a4f6d4a to remote] DEBUG org.asynchttpclient.netty.request.NettyRequestSender - Using open Channel [id: 0x2c69097f, L:/127.0.0.1:60910 - R:localhost/127.0.0.1:56926] for POST '/session/f42174b31d6060e689773af88a4f6d4a/element/96ee1f6e-bc39-40bc-a642-1ffc728a95ef/clear'
16:06:15.234 [AsyncHttpClient-1-2] DEBUG org.asynchttpclient.netty.handler.HttpHandler - 

Request DefaultHttpRequest(decodeResult: success, version: HTTP/1.1)
POST /session/f42174b31d6060e689773af88a4f6d4a/element/96ee1f6e-bc39-40bc-a642-1ffc728a95ef/clear HTTP/1.1
User-Agent: selenium/4.1.2 (java windows)
Content-Length: 50
Content-Type: application/json; charset=utf-8
host: localhost:56926
accept: */*

Response DefaultHttpResponse(decodeResult: success, version: HTTP/1.1)
HTTP/1.1 200 OK
Content-Type: application/json; charset=utf-8
cache-control: no-cache
content-length: 14

16:06:15.234 [AsyncHttpClient-1-2] DEBUG org.asynchttpclient.netty.channel.ChannelManager - Adding key: http://localhost:56926 for channel [id: 0x2c69097f, L:/127.0.0.1:60910 - R:localhost/127.0.0.1:56926]
16:06:15.242 [Forwarding sendKeysToElement on session f42174b31d6060e689773af88a4f6d4a to remote] DEBUG org.asynchttpclient.netty.request.NettyRequestSender - Using pooled Channel '[id: 0x2c69097f, L:/127.0.0.1:60910 - R:localhost/127.0.0.1:56926]' for 'POST' to 'http://localhost:56926/session/f42174b31d6060e689773af88a4f6d4a/element/96ee1f6e-bc39-40bc-a642-1ffc728a95ef/value'
16:06:15.242 [Forwarding sendKeysToElement on session f42174b31d6060e689773af88a4f6d4a to remote] DEBUG org.asynchttpclient.netty.request.NettyRequestSender - Using open Channel [id: 0x2c69097f, L:/127.0.0.1:60910 - R:localhost/127.0.0.1:56926] for POST '/session/f42174b31d6060e689773af88a4f6d4a/element/96ee1f6e-bc39-40bc-a642-1ffc728a95ef/value'
16:06:15.326 [AsyncHttpClient-1-2] DEBUG org.asynchttpclient.netty.handler.HttpHandler - 

Request DefaultHttpRequest(decodeResult: success, version: HTTP/1.1)
POST /session/f42174b31d6060e689773af88a4f6d4a/element/96ee1f6e-bc39-40bc-a642-1ffc728a95ef/value HTTP/1.1
User-Agent: selenium/4.1.2 (java windows)
Content-Length: 181
Content-Type: application/json; charset=utf-8
host: localhost:56926
accept: */*

Response DefaultHttpResponse(decodeResult: success, version: HTTP/1.1)
HTTP/1.1 200 OK
Content-Type: application/json; charset=utf-8
cache-control: no-cache
content-length: 14

16:06:15.326 [AsyncHttpClient-1-2] DEBUG org.asynchttpclient.netty.channel.ChannelManager - Adding key: http://localhost:56926 for channel [id: 0x2c69097f, L:/127.0.0.1:60910 - R:localhost/127.0.0.1:56926]
  &amp#27;[32mAnd &amp#27;[0m&amp#27;[32mi input &amp#27;[0m&amp#27;[32m&amp#27;[1m"sonyaprds"&amp#27;[0m&amp#27;[32m and &amp#27;[0m&amp#27;[32m&amp#27;[1m"sonya@gmailcom"&amp#27;[0m&amp#27;[32m and &amp#27;[0m&amp#27;[32m&amp#27;[1m"SonyaPrds1511"&amp#27;[0m&amp#27;[32m and &amp#27;[0m&amp#27;[32m&amp#27;[1m"SonyaPrds1"&amp#27;[0m &amp#27;[90m# starter.stepdefinitions.registerSteps.iInputAndAndAnd(java.lang.String,java.lang.String,java.lang.String,java.lang.String)&amp#27;[0m
16:06:15.327 [Forwarding screenshot on session f42174b31d6060e689773af88a4f6d4a to remote] DEBUG org.asynchttpclient.netty.request.NettyRequestSender - Using pooled Channel '[id: 0x2c69097f, L:/127.0.0.1:60910 - R:localhost/127.0.0.1:56926]' for 'GET' to 'http://localhost:56926/session/f42174b31d6060e689773af88a4f6d4a/screenshot'
16:06:15.327 [Forwarding screenshot on session f42174b31d6060e689773af88a4f6d4a to remote] DEBUG org.asynchttpclient.netty.request.NettyRequestSender - Using open Channel [id: 0x2c69097f, L:/127.0.0.1:60910 - R:localhost/127.0.0.1:56926] for GET '/session/f42174b31d6060e689773af88a4f6d4a/screenshot'
16:06:15.523 [AsyncHttpClient-1-1] DEBUG org.asynchttpclient.netty.channel.DefaultChannelPool - Entry count for : http://localhost:60911 : 1
16:06:15.572 [AsyncHttpClient-1-2] DEBUG org.asynchttpclient.netty.handler.HttpHandler - 

Request DefaultFullHttpRequest(decodeResult: success, version: HTTP/1.1, content: EmptyByteBufBE)
GET /session/f42174b31d6060e689773af88a4f6d4a/screenshot HTTP/1.1
User-Agent: selenium/4.1.2 (java windows)
Cache-Control: no-cache
Content-Type: application/json; charset=utf-8
host: localhost:56926
accept: */*

Response DefaultHttpResponse(decodeResult: success, version: HTTP/1.1)
HTTP/1.1 200 OK
Content-Type: application/json; charset=utf-8
cache-control: no-cache
content-length: 155920

16:06:15.572 [AsyncHttpClient-1-2] DEBUG org.asynchttpclient.netty.channel.ChannelManager - Adding key: http://localhost:56926 for channel [id: 0x2c69097f, L:/127.0.0.1:60910 - R:localhost/127.0.0.1:56926]
16:06:15.572 [main] DEBUG net.serenitybdd.core.photography.Darkroom - Send negative for processing for target\site\serenity\c9033455ea945516b383a82dd314a427dc7e2e24262d12cbbd9219fe9a12cd41.png
16:06:15.580 [Darkroom Processing Line] DEBUG net.serenitybdd.core.photography.DarkroomProcessingLine - Processing screenshot image in /var/screenshots/screenshot-17167107359660876044
16:06:15.580 [Darkroom Processing Line] DEBUG net.serenitybdd.core.photography.DarkroomProcessingLine - Saving screenshot to target\site\serenity\c9033455ea945516b383a82dd314a427dc7e2e24262d12cbbd9219fe9a12cd41.png
16:06:15.586 [Forwarding findElement on session f42174b31d6060e689773af88a4f6d4a to remote] DEBUG org.asynchttpclient.netty.request.NettyRequestSender - Using pooled Channel '[id: 0x2c69097f, L:/127.0.0.1:60910 - R:localhost/127.0.0.1:56926]' for 'POST' to 'http://localhost:56926/session/f42174b31d6060e689773af88a4f6d4a/element'
16:06:15.586 [Forwarding findElement on session f42174b31d6060e689773af88a4f6d4a to remote] DEBUG org.asynchttpclient.netty.request.NettyRequestSender - Using open Channel [id: 0x2c69097f, L:/127.0.0.1:60910 - R:localhost/127.0.0.1:56926] for POST '/session/f42174b31d6060e689773af88a4f6d4a/element'
16:06:15.595 [AsyncHttpClient-1-2] DEBUG org.asynchttpclient.netty.handler.HttpHandler - 

Request DefaultHttpRequest(decodeResult: success, version: HTTP/1.1)
POST /session/f42174b31d6060e689773af88a4f6d4a/element HTTP/1.1
User-Agent: selenium/4.1.2 (java windows)
Content-Length: 56
Content-Type: application/json; charset=utf-8
host: localhost:56926
accept: */*

Response DefaultHttpResponse(decodeResult: success, version: HTTP/1.1)
HTTP/1.1 200 OK
Content-Type: application/json; charset=utf-8
cache-control: no-cache
content-length: 88

16:06:15.595 [AsyncHttpClient-1-2] DEBUG org.asynchttpclient.netty.channel.ChannelManager - Adding key: http://localhost:56926 for channel [id: 0x2c69097f, L:/127.0.0.1:60910 - R:localhost/127.0.0.1:56926]
16:06:15.595 [Forwarding getElementTagName on session f42174b31d6060e689773af88a4f6d4a to remote] DEBUG org.asynchttpclient.netty.request.NettyRequestSender - Using pooled Channel '[id: 0x2c69097f, L:/127.0.0.1:60910 - R:localhost/127.0.0.1:56926]' for 'GET' to 'http://localhost:56926/session/f42174b31d6060e689773af88a4f6d4a/element/0f3af053-7a13-4035-8ee7-26a1a385a8d7/name'
16:06:15.595 [Forwarding getElementTagName on session f42174b31d6060e689773af88a4f6d4a to remote] DEBUG org.asynchttpclient.netty.request.NettyRequestSender - Using open Channel [id: 0x2c69097f, L:/127.0.0.1:60910 - R:localhost/127.0.0.1:56926] for GET '/session/f42174b31d6060e689773af88a4f6d4a/element/0f3af053-7a13-4035-8ee7-26a1a385a8d7/name'
16:06:15.603 [AsyncHttpClient-1-2] DEBUG org.asynchttpclient.netty.handler.HttpHandler - 

Request DefaultFullHttpRequest(decodeResult: success, version: HTTP/1.1, content: EmptyByteBufBE)
GET /session/f42174b31d6060e689773af88a4f6d4a/element/0f3af053-7a13-4035-8ee7-26a1a385a8d7/name HTTP/1.1
User-Agent: selenium/4.1.2 (java windows)
Cache-Control: no-cache
Content-Type: application/json; charset=utf-8
host: localhost:56926
accept: */*

Response DefaultHttpResponse(decodeResult: success, version: HTTP/1.1)
HTTP/1.1 200 OK
Content-Type: application/json; charset=utf-8
cache-control: no-cache
content-length: 18

16:06:15.603 [AsyncHttpClient-1-2] DEBUG org.asynchttpclient.netty.channel.ChannelManager - Adding key: http://localhost:56926 for channel [id: 0x2c69097f, L:/127.0.0.1:60910 - R:localhost/127.0.0.1:56926]
16:06:15.606 [Forwarding getElementTagName on session f42174b31d6060e689773af88a4f6d4a to remote] DEBUG org.asynchttpclient.netty.request.NettyRequestSender - Using pooled Channel '[id: 0x2c69097f, L:/127.0.0.1:60910 - R:localhost/127.0.0.1:56926]' for 'GET' to 'http://localhost:56926/session/f42174b31d6060e689773af88a4f6d4a/element/0f3af053-7a13-4035-8ee7-26a1a385a8d7/name'
16:06:15.606 [Forwarding getElementTagName on session f42174b31d6060e689773af88a4f6d4a to remote] DEBUG org.asynchttpclient.netty.request.NettyRequestSender - Using open Channel [id: 0x2c69097f, L:/127.0.0.1:60910 - R:localhost/127.0.0.1:56926] for GET '/session/f42174b31d6060e689773af88a4f6d4a/element/0f3af053-7a13-4035-8ee7-26a1a385a8d7/name'
16:06:15.607 [AsyncHttpClient-1-2] DEBUG org.asynchttpclient.netty.handler.HttpHandler - 

Request DefaultFullHttpRequest(decodeResult: success, version: HTTP/1.1, content: EmptyByteBufBE)
GET /session/f42174b31d6060e689773af88a4f6d4a/element/0f3af053-7a13-4035-8ee7-26a1a385a8d7/name HTTP/1.1
User-Agent: selenium/4.1.2 (java windows)
Cache-Control: no-cache
Content-Type: application/json; charset=utf-8
host: localhost:56926
accept: */*

Response DefaultHttpResponse(decodeResult: success, version: HTTP/1.1)
HTTP/1.1 200 OK
Content-Type: application/json; charset=utf-8
cache-control: no-cache
content-length: 18

16:06:15.607 [AsyncHttpClient-1-2] DEBUG org.asynchttpclient.netty.channel.ChannelManager - Adding key: http://localhost:56926 for channel [id: 0x2c69097f, L:/127.0.0.1:60910 - R:localhost/127.0.0.1:56926]
16:06:15.607 [Forwarding isElementEnabled on session f42174b31d6060e689773af88a4f6d4a to remote] DEBUG org.asynchttpclient.netty.request.NettyRequestSender - Using pooled Channel '[id: 0x2c69097f, L:/127.0.0.1:60910 - R:localhost/127.0.0.1:56926]' for 'GET' to 'http://localhost:56926/session/f42174b31d6060e689773af88a4f6d4a/element/0f3af053-7a13-4035-8ee7-26a1a385a8d7/enabled'
16:06:15.607 [Forwarding isElementEnabled on session f42174b31d6060e689773af88a4f6d4a to remote] DEBUG org.asynchttpclient.netty.request.NettyRequestSender - Using open Channel [id: 0x2c69097f, L:/127.0.0.1:60910 - R:localhost/127.0.0.1:56926] for GET '/session/f42174b31d6060e689773af88a4f6d4a/element/0f3af053-7a13-4035-8ee7-26a1a385a8d7/enabled'
16:06:15.622 [AsyncHttpClient-1-2] DEBUG org.asynchttpclient.netty.handler.HttpHandler - 

Request DefaultFullHttpRequest(decodeResult: success, version: HTTP/1.1, content: EmptyByteBufBE)
GET /session/f42174b31d6060e689773af88a4f6d4a/element/0f3af053-7a13-4035-8ee7-26a1a385a8d7/enabled HTTP/1.1
User-Agent: selenium/4.1.2 (java windows)
Cache-Control: no-cache
Content-Type: application/json; charset=utf-8
host: localhost:56926
accept: */*

Response DefaultHttpResponse(decodeResult: success, version: HTTP/1.1)
HTTP/1.1 200 OK
Content-Type: application/json; charset=utf-8
cache-control: no-cache
content-length: 14

16:06:15.622 [AsyncHttpClient-1-2] DEBUG org.asynchttpclient.netty.channel.ChannelManager - Adding key: http://localhost:56926 for channel [id: 0x2c69097f, L:/127.0.0.1:60910 - R:localhost/127.0.0.1:56926]
16:06:15.623 [Forwarding isElementEnabled on session f42174b31d6060e689773af88a4f6d4a to remote] DEBUG org.asynchttpclient.netty.request.NettyRequestSender - Using pooled Channel '[id: 0x2c69097f, L:/127.0.0.1:60910 - R:localhost/127.0.0.1:56926]' for 'GET' to 'http://localhost:56926/session/f42174b31d6060e689773af88a4f6d4a/element/0f3af053-7a13-4035-8ee7-26a1a385a8d7/enabled'
16:06:15.623 [Forwarding isElementEnabled on session f42174b31d6060e689773af88a4f6d4a to remote] DEBUG org.asynchttpclient.netty.request.NettyRequestSender - Using open Channel [id: 0x2c69097f, L:/127.0.0.1:60910 - R:localhost/127.0.0.1:56926] for GET '/session/f42174b31d6060e689773af88a4f6d4a/element/0f3af053-7a13-4035-8ee7-26a1a385a8d7/enabled'
16:06:15.627 [AsyncHttpClient-1-2] DEBUG org.asynchttpclient.netty.handler.HttpHandler - 

Request DefaultFullHttpRequest(decodeResult: success, version: HTTP/1.1, content: EmptyByteBufBE)
GET /session/f42174b31d6060e689773af88a4f6d4a/element/0f3af053-7a13-4035-8ee7-26a1a385a8d7/enabled HTTP/1.1
User-Agent: selenium/4.1.2 (java windows)
Cache-Control: no-cache
Content-Type: application/json; charset=utf-8
host: localhost:56926
accept: */*

Response DefaultHttpResponse(decodeResult: success, version: HTTP/1.1)
HTTP/1.1 200 OK
Content-Type: application/json; charset=utf-8
cache-control: no-cache
content-length: 14

16:06:15.627 [AsyncHttpClient-1-2] DEBUG org.asynchttpclient.netty.channel.ChannelManager - Adding key: http://localhost:56926 for channel [id: 0x2c69097f, L:/127.0.0.1:60910 - R:localhost/127.0.0.1:56926]
16:06:15.627 [Forwarding findElement on session f42174b31d6060e689773af88a4f6d4a to remote] DEBUG org.asynchttpclient.netty.request.NettyRequestSender - Using pooled Channel '[id: 0x2c69097f, L:/127.0.0.1:60910 - R:localhost/127.0.0.1:56926]' for 'POST' to 'http://localhost:56926/session/f42174b31d6060e689773af88a4f6d4a/element'
16:06:15.627 [Forwarding findElement on session f42174b31d6060e689773af88a4f6d4a to remote] DEBUG org.asynchttpclient.netty.request.NettyRequestSender - Using open Channel [id: 0x2c69097f, L:/127.0.0.1:60910 - R:localhost/127.0.0.1:56926] for POST '/session/f42174b31d6060e689773af88a4f6d4a/element'
16:06:15.662 [AsyncHttpClient-1-2] DEBUG org.asynchttpclient.netty.handler.HttpHandler - 

Request DefaultHttpRequest(decodeResult: success, version: HTTP/1.1)
POST /session/f42174b31d6060e689773af88a4f6d4a/element HTTP/1.1
User-Agent: selenium/4.1.2 (java windows)
Content-Length: 56
Content-Type: application/json; charset=utf-8
host: localhost:56926
accept: */*

Response DefaultHttpResponse(decodeResult: success, version: HTTP/1.1)
HTTP/1.1 200 OK
Content-Type: application/json; charset=utf-8
cache-control: no-cache
content-length: 88

16:06:15.662 [AsyncHttpClient-1-2] DEBUG org.asynchttpclient.netty.channel.ChannelManager - Adding key: http://localhost:56926 for channel [id: 0x2c69097f, L:/127.0.0.1:60910 - R:localhost/127.0.0.1:56926]
16:06:15.662 [Forwarding clickElement on session f42174b31d6060e689773af88a4f6d4a to remote] DEBUG org.asynchttpclient.netty.request.NettyRequestSender - Using pooled Channel '[id: 0x2c69097f, L:/127.0.0.1:60910 - R:localhost/127.0.0.1:56926]' for 'POST' to 'http://localhost:56926/session/f42174b31d6060e689773af88a4f6d4a/element/0f3af053-7a13-4035-8ee7-26a1a385a8d7/click'
16:06:15.662 [Forwarding clickElement on session f42174b31d6060e689773af88a4f6d4a to remote] DEBUG org.asynchttpclient.netty.request.NettyRequestSender - Using open Channel [id: 0x2c69097f, L:/127.0.0.1:60910 - R:localhost/127.0.0.1:56926] for POST '/session/f42174b31d6060e689773af88a4f6d4a/element/0f3af053-7a13-4035-8ee7-26a1a385a8d7/click'
16:06:15.817 [AsyncHttpClient-1-2] DEBUG org.asynchttpclient.netty.handler.HttpHandler - 

Request DefaultHttpRequest(decodeResult: success, version: HTTP/1.1)
POST /session/f42174b31d6060e689773af88a4f6d4a/element/0f3af053-7a13-4035-8ee7-26a1a385a8d7/click HTTP/1.1
User-Agent: selenium/4.1.2 (java windows)
Content-Length: 50
Content-Type: application/json; charset=utf-8
host: localhost:56926
accept: */*

Response DefaultHttpResponse(decodeResult: success, version: HTTP/1.1)
HTTP/1.1 200 OK
Content-Type: application/json; charset=utf-8
cache-control: no-cache
content-length: 14

16:06:15.817 [AsyncHttpClient-1-2] DEBUG org.asynchttpclient.netty.channel.ChannelManager - Adding key: http://localhost:56926 for channel [id: 0x2c69097f, L:/127.0.0.1:60910 - R:localhost/127.0.0.1:56926]
  &amp#27;[32mAnd &amp#27;[0m&amp#27;[32mi click continue button&amp#27;[0m                                                       &amp#27;[90m# starter.stepdefinitions.registerSteps.iClickContinueButton()&amp#27;[0m
16:06:15.834 [Forwarding screenshot on session f42174b31d6060e689773af88a4f6d4a to remote] DEBUG org.asynchttpclient.netty.request.NettyRequestSender - Using pooled Channel '[id: 0x2c69097f, L:/127.0.0.1:60910 - R:localhost/127.0.0.1:56926]' for 'GET' to 'http://localhost:56926/session/f42174b31d6060e689773af88a4f6d4a/screenshot'
16:06:15.836 [Forwarding screenshot on session f42174b31d6060e689773af88a4f6d4a to remote] DEBUG org.asynchttpclient.netty.request.NettyRequestSender - Using open Channel [id: 0x2c69097f, L:/127.0.0.1:60910 - R:localhost/127.0.0.1:56926] for GET '/session/f42174b31d6060e689773af88a4f6d4a/screenshot'
16:06:15.847 [AsyncHttpClient-1-2] DEBUG org.asynchttpclient.netty.handler.HttpHandler - 

Request DefaultFullHttpRequest(decodeResult: success, version: HTTP/1.1, content: EmptyByteBufBE)
GET /session/f42174b31d6060e689773af88a4f6d4a/screenshot HTTP/1.1
User-Agent: selenium/4.1.2 (java windows)
Cache-Control: no-cache
Content-Type: application/json; charset=utf-8
host: localhost:56926
accept: */*

Response DefaultHttpResponse(decodeResult: success, version: HTTP/1.1)
HTTP/1.1 500 Internal Server Error
Content-Type: application/json; charset=utf-8
cache-control: no-cache
content-length: 893

16:06:15.859 [AsyncHttpClient-1-2] DEBUG org.asynchttpclient.netty.channel.ChannelManager - Adding key: http://localhost:56926 for channel [id: 0x2c69097f, L:/127.0.0.1:60910 - R:localhost/127.0.0.1:56926]
16:06:15.859 [main] WARN net.thucydides.core.webdriver.WebDriverFacade - Failed to take screenshot (unexpected alert open: {Alert text : Data does not match}
  (Session info: chrome=103.0.5060.134): Data does not match
Build info: version: '4.1.2', revision: '9a5a329c5a'
System info: host: 'DESKTOP-01SKV80', ip: '172.20.40.12', os.name: 'Windows 10', os.arch: 'amd64', os.version: '10.0', java.version: '15.0.2'
Driver info: org.openqa.selenium.chrome.ChromeDriver
Command: [f42174b31d6060e689773af88a4f6d4a, screenshot {}]
Capabilities {acceptInsecureCerts: false, browserName: chrome, browserVersion: 103.0.5060.134, chrome: {chromedriverVersion: 102.0.5005.61 (0e59bcc00cc4..., userDataDir: C:\Users\ASUS\AppData\Local...}, goog:chromeOptions: {debuggerAddress: localhost:60911}, javascriptEnabled: true, networkConnectionEnabled: false, pageLoadStrategy: normal, platform: WINDOWS, platformName: WINDOWS, proxy: Proxy(), se:cdp: ws://localhost:60911/devtoo..., se:cdpVersion: 103.0.5060.134, setWindowRect: true, strictFileInteractability: false, timeouts: {implicit: 0, pageLoad: 300000, script: 30000}, unhandledPromptBehavior: dismiss and notify, webauthn:extension:credBlob: true, webauthn:extension:largeBlob: true, webauthn:virtualAuthenticators: true}
Session ID: f42174b31d6060e689773af88a4f6d4a)
16:06:15.886 [Forwarding screenshot on session f42174b31d6060e689773af88a4f6d4a to remote] DEBUG org.asynchttpclient.netty.request.NettyRequestSender - Using pooled Channel '[id: 0x2c69097f, L:/127.0.0.1:60910 - R:localhost/127.0.0.1:56926]' for 'GET' to 'http://localhost:56926/session/f42174b31d6060e689773af88a4f6d4a/screenshot'
16:06:15.886 [Forwarding screenshot on session f42174b31d6060e689773af88a4f6d4a to remote] DEBUG org.asynchttpclient.netty.request.NettyRequestSender - Using open Channel [id: 0x2c69097f, L:/127.0.0.1:60910 - R:localhost/127.0.0.1:56926] for GET '/session/f42174b31d6060e689773af88a4f6d4a/screenshot'
16:06:16.146 [AsyncHttpClient-1-2] DEBUG org.asynchttpclient.netty.handler.HttpHandler - 

Request DefaultFullHttpRequest(decodeResult: success, version: HTTP/1.1, content: EmptyByteBufBE)
GET /session/f42174b31d6060e689773af88a4f6d4a/screenshot HTTP/1.1
User-Agent: selenium/4.1.2 (java windows)
Cache-Control: no-cache
Content-Type: application/json; charset=utf-8
host: localhost:56926
accept: */*

Response DefaultHttpResponse(decodeResult: success, version: HTTP/1.1)
HTTP/1.1 200 OK
Content-Type: application/json; charset=utf-8
cache-control: no-cache
content-length: 155948

16:06:16.147 [AsyncHttpClient-1-2] DEBUG org.asynchttpclient.netty.channel.ChannelManager - Adding key: http://localhost:56926 for channel [id: 0x2c69097f, L:/127.0.0.1:60910 - R:localhost/127.0.0.1:56926]
16:06:16.147 [main] DEBUG net.serenitybdd.core.photography.Darkroom - Send negative for processing for target\site\serenity\1cabc8fb612536e3bf9bb5365b031f67c728ae9fa269d1854eaa5243a5308996.png
16:06:16.147 [Darkroom Processing Line] DEBUG net.serenitybdd.core.photography.DarkroomProcessingLine - Processing screenshot image in /var/screenshots/screenshot-16452798719995298386
16:06:16.147 [Darkroom Processing Line] DEBUG net.serenitybdd.core.photography.DarkroomProcessingLine - Saving screenshot to target\site\serenity\1cabc8fb612536e3bf9bb5365b031f67c728ae9fa269d1854eaa5243a5308996.png
16:06:16.155 [Forwarding findElement on session f42174b31d6060e689773af88a4f6d4a to remote] DEBUG org.asynchttpclient.netty.request.NettyRequestSender - Using pooled Channel '[id: 0x2c69097f, L:/127.0.0.1:60910 - R:localhost/127.0.0.1:56926]' for 'POST' to 'http://localhost:56926/session/f42174b31d6060e689773af88a4f6d4a/element'
16:06:16.155 [Forwarding findElement on session f42174b31d6060e689773af88a4f6d4a to remote] DEBUG org.asynchttpclient.netty.request.NettyRequestSender - Using open Channel [id: 0x2c69097f, L:/127.0.0.1:60910 - R:localhost/127.0.0.1:56926] for POST '/session/f42174b31d6060e689773af88a4f6d4a/element'
16:06:16.166 [AsyncHttpClient-1-2] DEBUG org.asynchttpclient.netty.handler.HttpHandler - 

Request DefaultHttpRequest(decodeResult: success, version: HTTP/1.1)
POST /session/f42174b31d6060e689773af88a4f6d4a/element HTTP/1.1
User-Agent: selenium/4.1.2 (java windows)
Content-Length: 69
Content-Type: application/json; charset=utf-8
host: localhost:56926
accept: */*

Response DefaultHttpResponse(decodeResult: success, version: HTTP/1.1)
HTTP/1.1 200 OK
Content-Type: application/json; charset=utf-8
cache-control: no-cache
content-length: 88

16:06:16.166 [AsyncHttpClient-1-2] DEBUG org.asynchttpclient.netty.channel.ChannelManager - Adding key: http://localhost:56926 for channel [id: 0x2c69097f, L:/127.0.0.1:60910 - R:localhost/127.0.0.1:56926]
16:06:16.174 [Forwarding isElementDisplayed on session f42174b31d6060e689773af88a4f6d4a to remote] DEBUG org.asynchttpclient.netty.request.NettyRequestSender - Using pooled Channel '[id: 0x2c69097f, L:/127.0.0.1:60910 - R:localhost/127.0.0.1:56926]' for 'POST' to 'http://localhost:56926/session/f42174b31d6060e689773af88a4f6d4a/execute/sync'
16:06:16.174 [Forwarding isElementDisplayed on session f42174b31d6060e689773af88a4f6d4a to remote] DEBUG org.asynchttpclient.netty.request.NettyRequestSender - Using open Channel [id: 0x2c69097f, L:/127.0.0.1:60910 - R:localhost/127.0.0.1:56926] for POST '/session/f42174b31d6060e689773af88a4f6d4a/execute/sync'
16:06:16.185 [AsyncHttpClient-1-2] DEBUG org.asynchttpclient.netty.handler.HttpHandler - 

Request DefaultHttpRequest(decodeResult: success, version: HTTP/1.1)
POST /session/f42174b31d6060e689773af88a4f6d4a/execute/sync HTTP/1.1
User-Agent: selenium/4.1.2 (java windows)
Content-Length: 48780
Content-Type: application/json; charset=utf-8
host: localhost:56926
accept: */*

Response DefaultHttpResponse(decodeResult: success, version: HTTP/1.1)
HTTP/1.1 200 OK
Content-Type: application/json; charset=utf-8
cache-control: no-cache
content-length: 14

16:06:16.185 [AsyncHttpClient-1-2] DEBUG org.asynchttpclient.netty.channel.ChannelManager - Adding key: http://localhost:56926 for channel [id: 0x2c69097f, L:/127.0.0.1:60910 - R:localhost/127.0.0.1:56926]
16:06:16.194 [Forwarding findElement on session f42174b31d6060e689773af88a4f6d4a to remote] DEBUG org.asynchttpclient.netty.request.NettyRequestSender - Using pooled Channel '[id: 0x2c69097f, L:/127.0.0.1:60910 - R:localhost/127.0.0.1:56926]' for 'POST' to 'http://localhost:56926/session/f42174b31d6060e689773af88a4f6d4a/element'
16:06:16.194 [Forwarding findElement on session f42174b31d6060e689773af88a4f6d4a to remote] DEBUG org.asynchttpclient.netty.request.NettyRequestSender - Using open Channel [id: 0x2c69097f, L:/127.0.0.1:60910 - R:localhost/127.0.0.1:56926] for POST '/session/f42174b31d6060e689773af88a4f6d4a/element'
16:06:16.206 [AsyncHttpClient-1-2] DEBUG org.asynchttpclient.netty.handler.HttpHandler - 

Request DefaultHttpRequest(decodeResult: success, version: HTTP/1.1)
POST /session/f42174b31d6060e689773af88a4f6d4a/element HTTP/1.1
User-Agent: selenium/4.1.2 (java windows)
Content-Length: 69
Content-Type: application/json; charset=utf-8
host: localhost:56926
accept: */*

Response DefaultHttpResponse(decodeResult: success, version: HTTP/1.1)
HTTP/1.1 200 OK
Content-Type: application/json; charset=utf-8
cache-control: no-cache
content-length: 88

16:06:16.206 [AsyncHttpClient-1-2] DEBUG org.asynchttpclient.netty.channel.ChannelManager - Adding key: http://localhost:56926 for channel [id: 0x2c69097f, L:/127.0.0.1:60910 - R:localhost/127.0.0.1:56926]
16:06:16.206 [Forwarding isElementDisplayed on session f42174b31d6060e689773af88a4f6d4a to remote] DEBUG org.asynchttpclient.netty.request.NettyRequestSender - Using pooled Channel '[id: 0x2c69097f, L:/127.0.0.1:60910 - R:localhost/127.0.0.1:56926]' for 'POST' to 'http://localhost:56926/session/f42174b31d6060e689773af88a4f6d4a/execute/sync'
16:06:16.206 [Forwarding isElementDisplayed on session f42174b31d6060e689773af88a4f6d4a to remote] DEBUG org.asynchttpclient.netty.request.NettyRequestSender - Using open Channel [id: 0x2c69097f, L:/127.0.0.1:60910 - R:localhost/127.0.0.1:56926] for POST '/session/f42174b31d6060e689773af88a4f6d4a/execute/sync'
16:06:16.222 [AsyncHttpClient-1-2] DEBUG org.asynchttpclient.netty.handler.HttpHandler - 

Request DefaultHttpRequest(decodeResult: success, version: HTTP/1.1)
POST /session/f42174b31d6060e689773af88a4f6d4a/execute/sync HTTP/1.1
User-Agent: selenium/4.1.2 (java windows)
Content-Length: 48780
Content-Type: application/json; charset=utf-8
host: localhost:56926
accept: */*

Response DefaultHttpResponse(decodeResult: success, version: HTTP/1.1)
HTTP/1.1 200 OK
Content-Type: application/json; charset=utf-8
cache-control: no-cache
content-length: 14

16:06:16.222 [AsyncHttpClient-1-2] DEBUG org.asynchttpclient.netty.channel.ChannelManager - Adding key: http://localhost:56926 for channel [id: 0x2c69097f, L:/127.0.0.1:60910 - R:localhost/127.0.0.1:56926]
  &amp#27;[32mThen &amp#27;[0m&amp#27;[32mi get my &amp#27;[0m&amp#27;[32m&amp#27;[1m"register page"&amp#27;[0m                                                     &amp#27;[90m# starter.stepdefinitions.registerSteps.iGetMy(java.lang.String)&amp#27;[0m
16:06:16.227 [Forwarding screenshot on session f42174b31d6060e689773af88a4f6d4a to remote] DEBUG org.asynchttpclient.netty.request.NettyRequestSender - Using pooled Channel '[id: 0x2c69097f, L:/127.0.0.1:60910 - R:localhost/127.0.0.1:56926]' for 'GET' to 'http://localhost:56926/session/f42174b31d6060e689773af88a4f6d4a/screenshot'
16:06:16.227 [Forwarding screenshot on session f42174b31d6060e689773af88a4f6d4a to remote] DEBUG org.asynchttpclient.netty.request.NettyRequestSender - Using open Channel [id: 0x2c69097f, L:/127.0.0.1:60910 - R:localhost/127.0.0.1:56926] for GET '/session/f42174b31d6060e689773af88a4f6d4a/screenshot'
16:06:16.405 [AsyncHttpClient-1-2] DEBUG org.asynchttpclient.netty.handler.HttpHandler - 

Request DefaultFullHttpRequest(decodeResult: success, version: HTTP/1.1, content: EmptyByteBufBE)
GET /session/f42174b31d6060e689773af88a4f6d4a/screenshot HTTP/1.1
User-Agent: selenium/4.1.2 (java windows)
Cache-Control: no-cache
Content-Type: application/json; charset=utf-8
host: localhost:56926
accept: */*

Response DefaultHttpResponse(decodeResult: success, version: HTTP/1.1)
HTTP/1.1 200 OK
Content-Type: application/json; charset=utf-8
cache-control: no-cache
content-length: 155948

16:06:16.405 [AsyncHttpClient-1-2] DEBUG org.asynchttpclient.netty.channel.ChannelManager - Adding key: http://localhost:56926 for channel [id: 0x2c69097f, L:/127.0.0.1:60910 - R:localhost/127.0.0.1:56926]
16:06:16.405 [main] DEBUG net.serenitybdd.core.photography.Darkroom - Send negative for processing for target\site\serenity\1cabc8fb612536e3bf9bb5365b031f67c728ae9fa269d1854eaa5243a5308996.png
16:06:16.420 [AsyncHttpClient-1-4] DEBUG org.asynchttpclient.netty.handler.WebSocketHandler - Channel Closed: [id: 0x2df5cbc2, L:/127.0.0.1:60919 ! R:localhost/127.0.0.1:60911] with attribute NettyResponseFuture{currentRetry=5,
	isDone=1,
	isCancelled=0,
	asyncHandler=org.asynchttpclient.ws.WebSocketUpgradeHandler@48e9b3b5,
	nettyRequest=org.asynchttpclient.netty.request.NettyRequest@713d8bf8,
	future=java.util.concurrent.CompletableFuture@b2171f4[Completed normally],
	uri=ws://localhost:60911/devtools/browser/7631d9d7-badc-4a76-a180-46bb951e30ea,
	keepAlive=true,
	redirectCount=0,
	timeoutsHolder=null,
	inAuth=0,
	touch=1658480767326}
16:06:16.420 [AsyncHttpClient-1-4] DEBUG org.asynchttpclient.netty.channel.ChannelManager - Closing Channel [id: 0x2df5cbc2, L:/127.0.0.1:60919 ! R:localhost/127.0.0.1:60911] 
16:06:16.420 [Driver Command Executor] DEBUG org.asynchttpclient.netty.request.NettyRequestSender - Using pooled Channel '[id: 0x2c69097f, L:/127.0.0.1:60910 - R:localhost/127.0.0.1:56926]' for 'DELETE' to 'http://localhost:56926/session/f42174b31d6060e689773af88a4f6d4a'
16:06:16.420 [Driver Command Executor] DEBUG org.asynchttpclient.netty.request.NettyRequestSender - Using open Channel [id: 0x2c69097f, L:/127.0.0.1:60910 - R:localhost/127.0.0.1:56926] for DELETE '/session/f42174b31d6060e689773af88a4f6d4a'
16:06:16.515 [AsyncHttpClient-1-3] DEBUG org.asynchttpclient.netty.handler.HttpHandler - Unexpected I/O exception on channel [id: 0x33dab2de, L:/127.0.0.1:60918 - R:localhost/127.0.0.1:60911]
java.net.SocketException: Connection reset
	at java.base/sun.nio.ch.SocketChannelImpl.throwConnectionReset(SocketChannelImpl.java:367)
	at java.base/sun.nio.ch.SocketChannelImpl.read(SocketChannelImpl.java:398)
	at io.netty.buffer.PooledByteBuf.setBytes(PooledByteBuf.java:258)
	at io.netty.buffer.AbstractByteBuf.writeBytes(AbstractByteBuf.java:1132)
	at io.netty.channel.socket.nio.NioSocketChannel.doReadBytes(NioSocketChannel.java:350)
	at io.netty.channel.nio.AbstractNioByteChannel$NioByteUnsafe.read(AbstractNioByteChannel.java:151)
	at io.netty.channel.nio.NioEventLoop.processSelectedKey(NioEventLoop.java:722)
	at io.netty.channel.nio.NioEventLoop.processSelectedKeysOptimized(NioEventLoop.java:658)
	at io.netty.channel.nio.NioEventLoop.processSelectedKeys(NioEventLoop.java:584)
	at io.netty.channel.nio.NioEventLoop.run(NioEventLoop.java:496)
	at io.netty.util.concurrent.SingleThreadEventExecutor$4.run(SingleThreadEventExecutor.java:986)
	at io.netty.util.internal.ThreadExecutorMap$2.run(ThreadExecutorMap.java:74)
	at io.netty.util.concurrent.FastThreadLocalRunnable.run(FastThreadLocalRunnable.java:30)
	at java.base/java.lang.Thread.run(Thread.java:832)
16:06:16.516 [AsyncHttpClient-1-3] DEBUG org.asynchttpclient.netty.channel.ChannelManager - Closing Channel [id: 0x33dab2de, L:/127.0.0.1:60918 - R:localhost/127.0.0.1:60911] 
16:06:16.516 [AsyncHttpClient-1-3] DEBUG org.asynchttpclient.netty.handler.HttpHandler - Channel Closed: [id: 0x33dab2de, L:/127.0.0.1:60918 ! R:localhost/127.0.0.1:60911] with attribute DISCARD
16:06:16.553 [AsyncHttpClient-1-2] DEBUG org.asynchttpclient.netty.handler.HttpHandler - 

Request DefaultFullHttpRequest(decodeResult: success, version: HTTP/1.1, content: EmptyByteBufBE)
DELETE /session/f42174b31d6060e689773af88a4f6d4a HTTP/1.1
User-Agent: selenium/4.1.2 (java windows)
Content-Type: application/json; charset=utf-8
host: localhost:56926
accept: */*

Response DefaultHttpResponse(decodeResult: success, version: HTTP/1.1)
HTTP/1.1 200 OK
Content-Type: application/json; charset=utf-8
cache-control: no-cache
content-length: 14

16:06:16.553 [AsyncHttpClient-1-2] DEBUG org.asynchttpclient.netty.channel.ChannelManager - Adding key: http://localhost:56926 for channel [id: 0x2c69097f, L:/127.0.0.1:60910 - R:localhost/127.0.0.1:56926]
16:06:16.621 [AsyncHttpClient-1-1] DEBUG org.asynchttpclient.netty.channel.DefaultChannelPool - Entry count for : http://localhost:60911 : 1
16:06:16.621 [AsyncHttpClient-1-1] DEBUG org.asynchttpclient.netty.channel.DefaultChannelPool - Entry count for : http://localhost:56926 : 1
16:06:16.621 [AsyncHttpClient-1-1] DEBUG org.asynchttpclient.netty.channel.DefaultChannelPool - Adding Candidate expired Channel [id: 0x33dab2de, L:/127.0.0.1:60918 ! R:localhost/127.0.0.1:60911] isIdleTimeoutExpired=false isRemotelyClosed=true isTtlExpired=false
16:06:16.621 [AsyncHttpClient-1-1] DEBUG org.asynchttpclient.netty.channel.DefaultChannelPool - Closing Idle Channel [id: 0x33dab2de, L:/127.0.0.1:60918 ! R:localhost/127.0.0.1:60911]
16:06:16.621 [AsyncHttpClient-1-1] DEBUG org.asynchttpclient.netty.channel.DefaultChannelPool - Closed 1 connections out of 2 in 0 ms
16:06:16.716 [AsyncHttpClient-1-2] DEBUG org.asynchttpclient.netty.handler.HttpHandler - Channel Closed: [id: 0x2c69097f, L:/127.0.0.1:60910 ! R:localhost/127.0.0.1:56926] with attribute DISCARD
]]></system-out>
    <system-err><![CDATA[Starting ChromeDriver 102.0.5005.61 (0e59bcc00cc4985ce39ad31c150065f159d95ad3-refs/branch-heads/5005@{#819}) on port 56926
Only local connections are allowed.
Please see https://chromedriver.chromium.org/security-considerations for suggestions on keeping ChromeDriver safe.
ChromeDriver was started successfully.
[1658480767.298][WARNING]: This version of ChromeDriver has not been tested with Chrome version 103.
Jul 22, 2022 4:06:07 PM org.openqa.selenium.remote.ProtocolHandshake createSession
INFO: Detected dialect: W3C
Jul 22, 2022 4:06:07 PM org.openqa.selenium.devtools.CdpVersionFinder findNearestMatch
WARNING: Unable to find an exact match for CDP version 103, so returning the closest version found: a no-op implementation
Jul 22, 2022 4:06:07 PM org.openqa.selenium.devtools.CdpVersionFinder findNearestMatch
INFO: Unable to find CDP implementation matching 103.
Jul 22, 2022 4:06:07 PM org.openqa.selenium.chromium.ChromiumDriver lambda$new$3
WARNING: Unable to find version of CDP to use for . You may need to include a dependency on a specific version of the CDP using something similar to `org.seleniumhq.selenium:selenium-devtools-v86:4.1.2` where the version ("v86") matches the version of the chromium-based browser you're using and the version number of the artifact is the same as Selenium's.
]]></system-err>
  </testcase>
  <testcase name="Registration scenario #10" classname="Registration" time="34.427">
    <system-out><![CDATA[
@register
Scenario Outline: Registration scenario                                         &amp#27;[90m# src/test/resources/features/register.feature:28&amp#27;[0m
16:06:17.245 [main] INFO io.cucumber.core.plugin.SerenityReporter - Running feature from file:///D:/PERKULIAHAN/Semester%206,Hebatt%20glad!/QE-FGD/Automation-test-Website%20-%20Copy/src/test/resources/features/register.feature
16:06:17.261 [main] INFO net.serenitybdd.core.webdriver.driverproviders.ChromeDriverProvider - Using automatically driver download
16:06:17.402 [main] DEBUG io.github.bonigarcia.wdm.cache.ResolutionCache - Resolution chrome=103 in cache (valid until 16:34:03 22/07/2022 WIB)
16:06:17.406 [main] DEBUG io.github.bonigarcia.wdm.cache.ResolutionCache - Resolution chrome103=103.0.5060.134 in cache (valid until 17:00:36 22/07/2022 WIB)
16:06:17.406 [main] INFO io.github.bonigarcia.wdm.WebDriverManager - Using chromedriver 103.0.5060.134 (resolved driver for Chrome 103)
16:06:17.421 [main] DEBUG io.github.bonigarcia.wdm.WebDriverManager - Driver chromedriver 103.0.5060.134 found in cache
16:06:17.426 [main] INFO io.github.bonigarcia.wdm.WebDriverManager - Exporting webdriver.chrome.driver as C:\Users\ASUS\.cache\selenium\chromedriver\win32\103.0.5060.134\chromedriver.exe
16:06:17.566 [main] DEBUG net.serenitybdd.core.webdriver.driverproviders.ProvideNewDriver - Instantiating driver
16:06:17.566 [main] DEBUG net.serenitybdd.core.webdriver.driverproviders.ProvideNewDriver - Driver capabilities: Capabilities {acceptInsecureCerts: false, base.url: https://found-capstone20.ne..., browserName: chrome, chrome.driver: src/test/resources/webdrive..., driver: chrome, goog:chromeOptions: {args: [], extensions: []}}
16:06:17.719 [AsyncHttpClient-1-1] DEBUG org.asynchttpclient.netty.channel.DefaultChannelPool - Entry count for : http://localhost:56926 : 1
16:06:17.719 [AsyncHttpClient-1-1] DEBUG org.asynchttpclient.netty.channel.DefaultChannelPool - Adding Candidate expired Channel [id: 0x2c69097f, L:/127.0.0.1:60910 ! R:localhost/127.0.0.1:56926] isIdleTimeoutExpired=false isRemotelyClosed=true isTtlExpired=false
16:06:17.719 [AsyncHttpClient-1-1] DEBUG org.asynchttpclient.netty.channel.DefaultChannelPool - Closing Idle Channel [id: 0x2c69097f, L:/127.0.0.1:60910 ! R:localhost/127.0.0.1:56926]
16:06:17.719 [AsyncHttpClient-1-1] DEBUG org.asynchttpclient.netty.channel.DefaultChannelPool - Closed 1 connections out of 1 in 0 ms
16:06:18.639 [AsyncHttpClient-1-5] DEBUG org.asynchttpclient.netty.channel.NettyConnectListener - Using new Channel '[id: 0x0b295206, L:/127.0.0.1:60941 - R:localhost/127.0.0.1:50836]' for 'POST' to '/session'
16:06:20.929 [AsyncHttpClient-1-5] DEBUG org.asynchttpclient.netty.handler.HttpHandler - 

Request DefaultHttpRequest(decodeResult: success, version: HTTP/1.1)
POST /session HTTP/1.1
User-Agent: selenium/4.1.2 (java windows)
Content-Length: 623
Content-Type: application/json; charset=utf-8
host: localhost:50836
accept: */*

Response DefaultHttpResponse(decodeResult: success, version: HTTP/1.1)
HTTP/1.1 200 OK
Content-Type: application/json; charset=utf-8
cache-control: no-cache
content-length: 789

16:06:20.929 [AsyncHttpClient-1-5] DEBUG org.asynchttpclient.netty.channel.ChannelManager - Adding key: http://localhost:50836 for channel [id: 0x0b295206, L:/127.0.0.1:60941 - R:localhost/127.0.0.1:50836]
16:06:20.938 [AsyncHttpClient-1-6] DEBUG org.asynchttpclient.netty.channel.NettyConnectListener - Using new Channel '[id: 0x92226f04, L:/127.0.0.1:60950 - R:localhost/127.0.0.1:60942]' for 'GET' to '/json/version'
16:06:20.938 [AsyncHttpClient-1-6] DEBUG org.asynchttpclient.netty.handler.HttpHandler - 

Request DefaultFullHttpRequest(decodeResult: success, version: HTTP/1.1, content: EmptyByteBufBE)
GET /json/version HTTP/1.1
User-Agent: selenium/4.1.2 (java windows)
host: localhost:60942
accept: */*

Response DefaultHttpResponse(decodeResult: success, version: HTTP/1.1)
HTTP/1.1 200 OK
Content-Type: application/json; charset=UTF-8
content-length: 429

16:06:20.938 [AsyncHttpClient-1-6] DEBUG org.asynchttpclient.netty.channel.ChannelManager - Adding key: http://localhost:60942 for channel [id: 0x92226f04, L:/127.0.0.1:60950 - R:localhost/127.0.0.1:60942]
16:06:20.944 [AsyncHttpClient-1-7] DEBUG org.asynchttpclient.netty.channel.NettyConnectListener - Using new Channel '[id: 0x69b6c635, L:/127.0.0.1:60951 - R:localhost/127.0.0.1:60942]' for 'GET' to '/devtools/browser/9dc7de5b-5711-47df-abae-ecf1346ed479'
16:06:20.944 [AsyncHttpClient-1-7] DEBUG org.asynchttpclient.netty.handler.WebSocketHandler - 

Request DefaultFullHttpRequest(decodeResult: success, version: HTTP/1.1, content: EmptyByteBufBE)
GET /devtools/browser/9dc7de5b-5711-47df-abae-ecf1346ed479 HTTP/1.1
upgrade: websocket
connection: upgrade
sec-websocket-key: jwwS5LrQ2SycqWZYGLSPyg==
sec-websocket-version: 13
origin: http://localhost:60942
host: localhost:60942
accept: */*
user-agent: AHC/2.1

Response DefaultHttpResponse(decodeResult: success, version: HTTP/1.1)
HTTP/1.1 101 WebSocket Protocol Handshake
Upgrade: WebSocket
Connection: Upgrade
Sec-WebSocket-Accept: bKq0KoZyrQxGZ4XqWHFApbF7M/w=

16:06:20.947 [Forwarding maximizeCurrentWindow on session 39c5bdfa4fced9936857fc7180449eec to remote] DEBUG org.asynchttpclient.netty.request.NettyRequestSender - Using pooled Channel '[id: 0x0b295206, L:/127.0.0.1:60941 - R:localhost/127.0.0.1:50836]' for 'POST' to 'http://localhost:50836/session/39c5bdfa4fced9936857fc7180449eec/window/maximize'
16:06:20.947 [Forwarding maximizeCurrentWindow on session 39c5bdfa4fced9936857fc7180449eec to remote] DEBUG org.asynchttpclient.netty.request.NettyRequestSender - Using open Channel [id: 0x0b295206, L:/127.0.0.1:60941 - R:localhost/127.0.0.1:50836] for POST '/session/39c5bdfa4fced9936857fc7180449eec/window/maximize'
16:06:21.034 [AsyncHttpClient-1-1] DEBUG org.asynchttpclient.netty.channel.DefaultChannelPool - Entry count for : http://localhost:60942 : 1
16:06:21.075 [AsyncHttpClient-1-5] DEBUG org.asynchttpclient.netty.handler.HttpHandler - 

Request DefaultHttpRequest(decodeResult: success, version: HTTP/1.1)
POST /session/39c5bdfa4fced9936857fc7180449eec/window/maximize HTTP/1.1
User-Agent: selenium/4.1.2 (java windows)
Content-Length: 3
Content-Type: application/json; charset=utf-8
host: localhost:50836
accept: */*

Response DefaultHttpResponse(decodeResult: success, version: HTTP/1.1)
HTTP/1.1 200 OK
Content-Type: application/json; charset=utf-8
cache-control: no-cache
content-length: 51

16:06:21.075 [AsyncHttpClient-1-5] DEBUG org.asynchttpclient.netty.channel.ChannelManager - Adding key: http://localhost:50836 for channel [id: 0x0b295206, L:/127.0.0.1:60941 - R:localhost/127.0.0.1:50836]
16:06:21.075 [Forwarding get on session 39c5bdfa4fced9936857fc7180449eec to remote] DEBUG org.asynchttpclient.netty.request.NettyRequestSender - Using pooled Channel '[id: 0x0b295206, L:/127.0.0.1:60941 - R:localhost/127.0.0.1:50836]' for 'POST' to 'http://localhost:50836/session/39c5bdfa4fced9936857fc7180449eec/url'
16:06:21.075 [Forwarding get on session 39c5bdfa4fced9936857fc7180449eec to remote] DEBUG org.asynchttpclient.netty.request.NettyRequestSender - Using open Channel [id: 0x0b295206, L:/127.0.0.1:60941 - R:localhost/127.0.0.1:50836] for POST '/session/39c5bdfa4fced9936857fc7180449eec/url'
16:06:22.121 [AsyncHttpClient-1-1] DEBUG org.asynchttpclient.netty.channel.DefaultChannelPool - Entry count for : http://localhost:60942 : 1
16:06:23.226 [AsyncHttpClient-1-1] DEBUG org.asynchttpclient.netty.channel.DefaultChannelPool - Entry count for : http://localhost:60942 : 1
16:06:24.323 [AsyncHttpClient-1-1] DEBUG org.asynchttpclient.netty.channel.DefaultChannelPool - Entry count for : http://localhost:60942 : 1
16:06:25.424 [AsyncHttpClient-1-1] DEBUG org.asynchttpclient.netty.channel.DefaultChannelPool - Entry count for : http://localhost:60942 : 1
16:06:26.535 [AsyncHttpClient-1-1] DEBUG org.asynchttpclient.netty.channel.DefaultChannelPool - Entry count for : http://localhost:60942 : 1
16:06:27.621 [AsyncHttpClient-1-1] DEBUG org.asynchttpclient.netty.channel.DefaultChannelPool - Entry count for : http://localhost:60942 : 1
16:06:28.724 [AsyncHttpClient-1-1] DEBUG org.asynchttpclient.netty.channel.DefaultChannelPool - Entry count for : http://localhost:60942 : 1
16:06:29.832 [AsyncHttpClient-1-1] DEBUG org.asynchttpclient.netty.channel.DefaultChannelPool - Entry count for : http://localhost:60942 : 1
16:06:30.924 [AsyncHttpClient-1-1] DEBUG org.asynchttpclient.netty.channel.DefaultChannelPool - Entry count for : http://localhost:60942 : 1
16:06:32.035 [AsyncHttpClient-1-1] DEBUG org.asynchttpclient.netty.channel.DefaultChannelPool - Entry count for : http://localhost:60942 : 1
16:06:33.125 [AsyncHttpClient-1-1] DEBUG org.asynchttpclient.netty.channel.DefaultChannelPool - Entry count for : http://localhost:60942 : 1
16:06:34.221 [AsyncHttpClient-1-1] DEBUG org.asynchttpclient.netty.channel.DefaultChannelPool - Entry count for : http://localhost:60942 : 1
16:06:35.321 [AsyncHttpClient-1-1] DEBUG org.asynchttpclient.netty.channel.DefaultChannelPool - Entry count for : http://localhost:60942 : 1
16:06:36.425 [AsyncHttpClient-1-1] DEBUG org.asynchttpclient.netty.channel.DefaultChannelPool - Entry count for : http://localhost:60942 : 1
16:06:37.522 [AsyncHttpClient-1-1] DEBUG org.asynchttpclient.netty.channel.DefaultChannelPool - Entry count for : http://localhost:60942 : 1
16:06:38.624 [AsyncHttpClient-1-1] DEBUG org.asynchttpclient.netty.channel.DefaultChannelPool - Entry count for : http://localhost:60942 : 1
16:06:39.726 [AsyncHttpClient-1-1] DEBUG org.asynchttpclient.netty.channel.DefaultChannelPool - Entry count for : http://localhost:60942 : 1
16:06:40.366 [AsyncHttpClient-1-5] DEBUG org.asynchttpclient.netty.handler.HttpHandler - 

Request DefaultHttpRequest(decodeResult: success, version: HTTP/1.1)
POST /session/39c5bdfa4fced9936857fc7180449eec/url HTTP/1.1
User-Agent: selenium/4.1.2 (java windows)
Content-Length: 67
Content-Type: application/json; charset=utf-8
host: localhost:50836
accept: */*

Response DefaultHttpResponse(decodeResult: success, version: HTTP/1.1)
HTTP/1.1 200 OK
Content-Type: application/json; charset=utf-8
cache-control: no-cache
content-length: 14

16:06:40.366 [AsyncHttpClient-1-5] DEBUG org.asynchttpclient.netty.channel.ChannelManager - Adding key: http://localhost:50836 for channel [id: 0x0b295206, L:/127.0.0.1:60941 - R:localhost/127.0.0.1:50836]
16:06:40.366 [Forwarding setTimeout on session 39c5bdfa4fced9936857fc7180449eec to remote] DEBUG org.asynchttpclient.netty.request.NettyRequestSender - Using pooled Channel '[id: 0x0b295206, L:/127.0.0.1:60941 - R:localhost/127.0.0.1:50836]' for 'POST' to 'http://localhost:50836/session/39c5bdfa4fced9936857fc7180449eec/timeouts'
16:06:40.366 [Forwarding setTimeout on session 39c5bdfa4fced9936857fc7180449eec to remote] DEBUG org.asynchttpclient.netty.request.NettyRequestSender - Using open Channel [id: 0x0b295206, L:/127.0.0.1:60941 - R:localhost/127.0.0.1:50836] for POST '/session/39c5bdfa4fced9936857fc7180449eec/timeouts'
16:06:40.374 [AsyncHttpClient-1-5] DEBUG org.asynchttpclient.netty.handler.HttpHandler - 

Request DefaultHttpRequest(decodeResult: success, version: HTTP/1.1)
POST /session/39c5bdfa4fced9936857fc7180449eec/timeouts HTTP/1.1
User-Agent: selenium/4.1.2 (java windows)
Content-Length: 22
Content-Type: application/json; charset=utf-8
host: localhost:50836
accept: */*

Response DefaultHttpResponse(decodeResult: success, version: HTTP/1.1)
HTTP/1.1 200 OK
Content-Type: application/json; charset=utf-8
cache-control: no-cache
content-length: 14

16:06:40.374 [AsyncHttpClient-1-5] DEBUG org.asynchttpclient.netty.channel.ChannelManager - Adding key: http://localhost:50836 for channel [id: 0x0b295206, L:/127.0.0.1:60941 - R:localhost/127.0.0.1:50836]
16:06:40.374 [Forwarding getCurrentUrl on session 39c5bdfa4fced9936857fc7180449eec to remote] DEBUG org.asynchttpclient.netty.request.NettyRequestSender - Using pooled Channel '[id: 0x0b295206, L:/127.0.0.1:60941 - R:localhost/127.0.0.1:50836]' for 'GET' to 'http://localhost:50836/session/39c5bdfa4fced9936857fc7180449eec/url'
16:06:40.374 [Forwarding getCurrentUrl on session 39c5bdfa4fced9936857fc7180449eec to remote] DEBUG org.asynchttpclient.netty.request.NettyRequestSender - Using open Channel [id: 0x0b295206, L:/127.0.0.1:60941 - R:localhost/127.0.0.1:50836] for GET '/session/39c5bdfa4fced9936857fc7180449eec/url'
16:06:40.385 [AsyncHttpClient-1-5] DEBUG org.asynchttpclient.netty.handler.HttpHandler - 

Request DefaultFullHttpRequest(decodeResult: success, version: HTTP/1.1, content: EmptyByteBufBE)
GET /session/39c5bdfa4fced9936857fc7180449eec/url HTTP/1.1
User-Agent: selenium/4.1.2 (java windows)
Cache-Control: no-cache
Content-Type: application/json; charset=utf-8
host: localhost:50836
accept: */*

Response DefaultHttpResponse(decodeResult: success, version: HTTP/1.1)
HTTP/1.1 200 OK
Content-Type: application/json; charset=utf-8
cache-control: no-cache
content-length: 49

16:06:40.385 [AsyncHttpClient-1-5] DEBUG org.asynchttpclient.netty.channel.ChannelManager - Adding key: http://localhost:50836 for channel [id: 0x0b295206, L:/127.0.0.1:60941 - R:localhost/127.0.0.1:50836]
  &amp#27;[32mGiven &amp#27;[0m&amp#27;[32mi access the web&amp#27;[0m                                                        &amp#27;[90m# starter.stepdefinitions.registerSteps.iAccessTheWeb()&amp#27;[0m
16:06:40.395 [Forwarding screenshot on session 39c5bdfa4fced9936857fc7180449eec to remote] DEBUG org.asynchttpclient.netty.request.NettyRequestSender - Using pooled Channel '[id: 0x0b295206, L:/127.0.0.1:60941 - R:localhost/127.0.0.1:50836]' for 'GET' to 'http://localhost:50836/session/39c5bdfa4fced9936857fc7180449eec/screenshot'
16:06:40.395 [Forwarding screenshot on session 39c5bdfa4fced9936857fc7180449eec to remote] DEBUG org.asynchttpclient.netty.request.NettyRequestSender - Using open Channel [id: 0x0b295206, L:/127.0.0.1:60941 - R:localhost/127.0.0.1:50836] for GET '/session/39c5bdfa4fced9936857fc7180449eec/screenshot'
16:06:40.766 [AsyncHttpClient-1-5] DEBUG org.asynchttpclient.netty.handler.HttpHandler - 

Request DefaultFullHttpRequest(decodeResult: success, version: HTTP/1.1, content: EmptyByteBufBE)
GET /session/39c5bdfa4fced9936857fc7180449eec/screenshot HTTP/1.1
User-Agent: selenium/4.1.2 (java windows)
Cache-Control: no-cache
Content-Type: application/json; charset=utf-8
host: localhost:50836
accept: */*

Response DefaultHttpResponse(decodeResult: success, version: HTTP/1.1)
HTTP/1.1 200 OK
Content-Type: application/json; charset=utf-8
cache-control: no-cache
content-length: 354376

16:06:40.766 [AsyncHttpClient-1-5] DEBUG org.asynchttpclient.netty.channel.ChannelManager - Adding key: http://localhost:50836 for channel [id: 0x0b295206, L:/127.0.0.1:60941 - R:localhost/127.0.0.1:50836]
16:06:40.774 [main] DEBUG net.serenitybdd.core.photography.Darkroom - Send negative for processing for target\site\serenity\4660354df54a12fcd895682f5709ada0fe64cb7be35e163b54bdc9c5bb06ca8f.png
16:06:40.782 [Forwarding findElement on session 39c5bdfa4fced9936857fc7180449eec to remote] DEBUG org.asynchttpclient.netty.request.NettyRequestSender - Using pooled Channel '[id: 0x0b295206, L:/127.0.0.1:60941 - R:localhost/127.0.0.1:50836]' for 'POST' to 'http://localhost:50836/session/39c5bdfa4fced9936857fc7180449eec/element'
16:06:40.782 [Forwarding findElement on session 39c5bdfa4fced9936857fc7180449eec to remote] DEBUG org.asynchttpclient.netty.request.NettyRequestSender - Using open Channel [id: 0x0b295206, L:/127.0.0.1:60941 - R:localhost/127.0.0.1:50836] for POST '/session/39c5bdfa4fced9936857fc7180449eec/element'
16:06:40.795 [AsyncHttpClient-1-5] DEBUG org.asynchttpclient.netty.handler.HttpHandler - 

Request DefaultHttpRequest(decodeResult: success, version: HTTP/1.1)
POST /session/39c5bdfa4fced9936857fc7180449eec/element HTTP/1.1
User-Agent: selenium/4.1.2 (java windows)
Content-Length: 55
Content-Type: application/json; charset=utf-8
host: localhost:50836
accept: */*

Response DefaultHttpResponse(decodeResult: success, version: HTTP/1.1)
HTTP/1.1 200 OK
Content-Type: application/json; charset=utf-8
cache-control: no-cache
content-length: 88

16:06:40.795 [AsyncHttpClient-1-5] DEBUG org.asynchttpclient.netty.channel.ChannelManager - Adding key: http://localhost:50836 for channel [id: 0x0b295206, L:/127.0.0.1:60941 - R:localhost/127.0.0.1:50836]
16:06:40.795 [Forwarding isElementDisplayed on session 39c5bdfa4fced9936857fc7180449eec to remote] DEBUG org.asynchttpclient.netty.request.NettyRequestSender - Using pooled Channel '[id: 0x0b295206, L:/127.0.0.1:60941 - R:localhost/127.0.0.1:50836]' for 'POST' to 'http://localhost:50836/session/39c5bdfa4fced9936857fc7180449eec/execute/sync'
16:06:40.795 [Forwarding isElementDisplayed on session 39c5bdfa4fced9936857fc7180449eec to remote] DEBUG org.asynchttpclient.netty.request.NettyRequestSender - Using open Channel [id: 0x0b295206, L:/127.0.0.1:60941 - R:localhost/127.0.0.1:50836] for POST '/session/39c5bdfa4fced9936857fc7180449eec/execute/sync'
16:06:40.823 [AsyncHttpClient-1-5] DEBUG org.asynchttpclient.netty.handler.HttpHandler - 

Request DefaultHttpRequest(decodeResult: success, version: HTTP/1.1)
POST /session/39c5bdfa4fced9936857fc7180449eec/execute/sync HTTP/1.1
User-Agent: selenium/4.1.2 (java windows)
Content-Length: 48780
Content-Type: application/json; charset=utf-8
host: localhost:50836
accept: */*

Response DefaultHttpResponse(decodeResult: success, version: HTTP/1.1)
HTTP/1.1 200 OK
Content-Type: application/json; charset=utf-8
cache-control: no-cache
content-length: 14

16:06:40.823 [AsyncHttpClient-1-5] DEBUG org.asynchttpclient.netty.channel.ChannelManager - Adding key: http://localhost:50836 for channel [id: 0x0b295206, L:/127.0.0.1:60941 - R:localhost/127.0.0.1:50836]
16:06:40.825 [Forwarding findElement on session 39c5bdfa4fced9936857fc7180449eec to remote] DEBUG org.asynchttpclient.netty.request.NettyRequestSender - Using pooled Channel '[id: 0x0b295206, L:/127.0.0.1:60941 - R:localhost/127.0.0.1:50836]' for 'POST' to 'http://localhost:50836/session/39c5bdfa4fced9936857fc7180449eec/element'
16:06:40.825 [Forwarding findElement on session 39c5bdfa4fced9936857fc7180449eec to remote] DEBUG org.asynchttpclient.netty.request.NettyRequestSender - Using open Channel [id: 0x0b295206, L:/127.0.0.1:60941 - R:localhost/127.0.0.1:50836] for POST '/session/39c5bdfa4fced9936857fc7180449eec/element'
16:06:40.835 [AsyncHttpClient-1-1] DEBUG org.asynchttpclient.netty.channel.DefaultChannelPool - Entry count for : http://localhost:60942 : 1
16:06:40.835 [AsyncHttpClient-1-5] DEBUG org.asynchttpclient.netty.handler.HttpHandler - 

Request DefaultHttpRequest(decodeResult: success, version: HTTP/1.1)
POST /session/39c5bdfa4fced9936857fc7180449eec/element HTTP/1.1
User-Agent: selenium/4.1.2 (java windows)
Content-Length: 72
Content-Type: application/json; charset=utf-8
host: localhost:50836
accept: */*

Response DefaultHttpResponse(decodeResult: success, version: HTTP/1.1)
HTTP/1.1 200 OK
Content-Type: application/json; charset=utf-8
cache-control: no-cache
content-length: 88

16:06:40.835 [AsyncHttpClient-1-5] DEBUG org.asynchttpclient.netty.channel.ChannelManager - Adding key: http://localhost:50836 for channel [id: 0x0b295206, L:/127.0.0.1:60941 - R:localhost/127.0.0.1:50836]
16:06:40.835 [Forwarding getElementTagName on session 39c5bdfa4fced9936857fc7180449eec to remote] DEBUG org.asynchttpclient.netty.request.NettyRequestSender - Using pooled Channel '[id: 0x0b295206, L:/127.0.0.1:60941 - R:localhost/127.0.0.1:50836]' for 'GET' to 'http://localhost:50836/session/39c5bdfa4fced9936857fc7180449eec/element/eb93df55-5357-472b-b890-4072a5c4656f/name'
16:06:40.835 [Forwarding getElementTagName on session 39c5bdfa4fced9936857fc7180449eec to remote] DEBUG org.asynchttpclient.netty.request.NettyRequestSender - Using open Channel [id: 0x0b295206, L:/127.0.0.1:60941 - R:localhost/127.0.0.1:50836] for GET '/session/39c5bdfa4fced9936857fc7180449eec/element/eb93df55-5357-472b-b890-4072a5c4656f/name'
16:06:40.846 [AsyncHttpClient-1-5] DEBUG org.asynchttpclient.netty.handler.HttpHandler - 

Request DefaultFullHttpRequest(decodeResult: success, version: HTTP/1.1, content: EmptyByteBufBE)
GET /session/39c5bdfa4fced9936857fc7180449eec/element/eb93df55-5357-472b-b890-4072a5c4656f/name HTTP/1.1
User-Agent: selenium/4.1.2 (java windows)
Cache-Control: no-cache
Content-Type: application/json; charset=utf-8
host: localhost:50836
accept: */*

Response DefaultHttpResponse(decodeResult: success, version: HTTP/1.1)
HTTP/1.1 200 OK
Content-Type: application/json; charset=utf-8
cache-control: no-cache
content-length: 13

16:06:40.846 [AsyncHttpClient-1-5] DEBUG org.asynchttpclient.netty.channel.ChannelManager - Adding key: http://localhost:50836 for channel [id: 0x0b295206, L:/127.0.0.1:60941 - R:localhost/127.0.0.1:50836]
16:06:40.847 [Forwarding getElementTagName on session 39c5bdfa4fced9936857fc7180449eec to remote] DEBUG org.asynchttpclient.netty.request.NettyRequestSender - Using pooled Channel '[id: 0x0b295206, L:/127.0.0.1:60941 - R:localhost/127.0.0.1:50836]' for 'GET' to 'http://localhost:50836/session/39c5bdfa4fced9936857fc7180449eec/element/eb93df55-5357-472b-b890-4072a5c4656f/name'
16:06:40.847 [Forwarding getElementTagName on session 39c5bdfa4fced9936857fc7180449eec to remote] DEBUG org.asynchttpclient.netty.request.NettyRequestSender - Using open Channel [id: 0x0b295206, L:/127.0.0.1:60941 - R:localhost/127.0.0.1:50836] for GET '/session/39c5bdfa4fced9936857fc7180449eec/element/eb93df55-5357-472b-b890-4072a5c4656f/name'
16:06:40.847 [AsyncHttpClient-1-5] DEBUG org.asynchttpclient.netty.handler.HttpHandler - 

Request DefaultFullHttpRequest(decodeResult: success, version: HTTP/1.1, content: EmptyByteBufBE)
GET /session/39c5bdfa4fced9936857fc7180449eec/element/eb93df55-5357-472b-b890-4072a5c4656f/name HTTP/1.1
User-Agent: selenium/4.1.2 (java windows)
Cache-Control: no-cache
Content-Type: application/json; charset=utf-8
host: localhost:50836
accept: */*

Response DefaultHttpResponse(decodeResult: success, version: HTTP/1.1)
HTTP/1.1 200 OK
Content-Type: application/json; charset=utf-8
cache-control: no-cache
content-length: 13

16:06:40.847 [AsyncHttpClient-1-5] DEBUG org.asynchttpclient.netty.channel.ChannelManager - Adding key: http://localhost:50836 for channel [id: 0x0b295206, L:/127.0.0.1:60941 - R:localhost/127.0.0.1:50836]
16:06:40.854 [Forwarding findElement on session 39c5bdfa4fced9936857fc7180449eec to remote] DEBUG org.asynchttpclient.netty.request.NettyRequestSender - Using pooled Channel '[id: 0x0b295206, L:/127.0.0.1:60941 - R:localhost/127.0.0.1:50836]' for 'POST' to 'http://localhost:50836/session/39c5bdfa4fced9936857fc7180449eec/element'
16:06:40.854 [Forwarding findElement on session 39c5bdfa4fced9936857fc7180449eec to remote] DEBUG org.asynchttpclient.netty.request.NettyRequestSender - Using open Channel [id: 0x0b295206, L:/127.0.0.1:60941 - R:localhost/127.0.0.1:50836] for POST '/session/39c5bdfa4fced9936857fc7180449eec/element'
16:06:40.856 [AsyncHttpClient-1-5] DEBUG org.asynchttpclient.netty.handler.HttpHandler - 

Request DefaultHttpRequest(decodeResult: success, version: HTTP/1.1)
POST /session/39c5bdfa4fced9936857fc7180449eec/element HTTP/1.1
User-Agent: selenium/4.1.2 (java windows)
Content-Length: 72
Content-Type: application/json; charset=utf-8
host: localhost:50836
accept: */*

Response DefaultHttpResponse(decodeResult: success, version: HTTP/1.1)
HTTP/1.1 200 OK
Content-Type: application/json; charset=utf-8
cache-control: no-cache
content-length: 88

16:06:40.856 [AsyncHttpClient-1-5] DEBUG org.asynchttpclient.netty.channel.ChannelManager - Adding key: http://localhost:50836 for channel [id: 0x0b295206, L:/127.0.0.1:60941 - R:localhost/127.0.0.1:50836]
16:06:40.856 [Forwarding clickElement on session 39c5bdfa4fced9936857fc7180449eec to remote] DEBUG org.asynchttpclient.netty.request.NettyRequestSender - Using pooled Channel '[id: 0x0b295206, L:/127.0.0.1:60941 - R:localhost/127.0.0.1:50836]' for 'POST' to 'http://localhost:50836/session/39c5bdfa4fced9936857fc7180449eec/element/eb93df55-5357-472b-b890-4072a5c4656f/click'
16:06:40.856 [Forwarding clickElement on session 39c5bdfa4fced9936857fc7180449eec to remote] DEBUG org.asynchttpclient.netty.request.NettyRequestSender - Using open Channel [id: 0x0b295206, L:/127.0.0.1:60941 - R:localhost/127.0.0.1:50836] for POST '/session/39c5bdfa4fced9936857fc7180449eec/element/eb93df55-5357-472b-b890-4072a5c4656f/click'
16:06:40.933 [AsyncHttpClient-1-5] DEBUG org.asynchttpclient.netty.handler.HttpHandler - 

Request DefaultHttpRequest(decodeResult: success, version: HTTP/1.1)
POST /session/39c5bdfa4fced9936857fc7180449eec/element/eb93df55-5357-472b-b890-4072a5c4656f/click HTTP/1.1
User-Agent: selenium/4.1.2 (java windows)
Content-Length: 50
Content-Type: application/json; charset=utf-8
host: localhost:50836
accept: */*

Response DefaultHttpResponse(decodeResult: success, version: HTTP/1.1)
HTTP/1.1 200 OK
Content-Type: application/json; charset=utf-8
cache-control: no-cache
content-length: 14

16:06:40.933 [AsyncHttpClient-1-5] DEBUG org.asynchttpclient.netty.channel.ChannelManager - Adding key: http://localhost:50836 for channel [id: 0x0b295206, L:/127.0.0.1:60941 - R:localhost/127.0.0.1:50836]
  &amp#27;[32mWhen &amp#27;[0m&amp#27;[32mi click get started&amp#27;[0m                                                      &amp#27;[90m# starter.stepdefinitions.registerSteps.iClickGetStarted()&amp#27;[0m
16:06:40.945 [Forwarding screenshot on session 39c5bdfa4fced9936857fc7180449eec to remote] DEBUG org.asynchttpclient.netty.request.NettyRequestSender - Using pooled Channel '[id: 0x0b295206, L:/127.0.0.1:60941 - R:localhost/127.0.0.1:50836]' for 'GET' to 'http://localhost:50836/session/39c5bdfa4fced9936857fc7180449eec/screenshot'
16:06:40.945 [Forwarding screenshot on session 39c5bdfa4fced9936857fc7180449eec to remote] DEBUG org.asynchttpclient.netty.request.NettyRequestSender - Using open Channel [id: 0x0b295206, L:/127.0.0.1:60941 - R:localhost/127.0.0.1:50836] for GET '/session/39c5bdfa4fced9936857fc7180449eec/screenshot'
16:06:41.506 [AsyncHttpClient-1-5] DEBUG org.asynchttpclient.netty.handler.HttpHandler - 

Request DefaultFullHttpRequest(decodeResult: success, version: HTTP/1.1, content: EmptyByteBufBE)
GET /session/39c5bdfa4fced9936857fc7180449eec/screenshot HTTP/1.1
User-Agent: selenium/4.1.2 (java windows)
Cache-Control: no-cache
Content-Type: application/json; charset=utf-8
host: localhost:50836
accept: */*

Response DefaultHttpResponse(decodeResult: success, version: HTTP/1.1)
HTTP/1.1 200 OK
Content-Type: application/json; charset=utf-8
cache-control: no-cache
content-length: 152344

16:06:41.506 [AsyncHttpClient-1-5] DEBUG org.asynchttpclient.netty.channel.ChannelManager - Adding key: http://localhost:50836 for channel [id: 0x0b295206, L:/127.0.0.1:60941 - R:localhost/127.0.0.1:50836]
16:06:41.514 [main] DEBUG net.serenitybdd.core.photography.Darkroom - Send negative for processing for target\site\serenity\dda59d00f64ebbccda88aa069094d2803215de2dc8b7eaffaa5b9a1ee1165b54.png
16:06:41.514 [Darkroom Processing Line] DEBUG net.serenitybdd.core.photography.DarkroomProcessingLine - Processing screenshot image in /var/screenshots/screenshot-17925468660284144499
16:06:41.514 [Darkroom Processing Line] DEBUG net.serenitybdd.core.photography.DarkroomProcessingLine - Saving screenshot to target\site\serenity\dda59d00f64ebbccda88aa069094d2803215de2dc8b7eaffaa5b9a1ee1165b54.png
16:06:41.525 [Forwarding findElement on session 39c5bdfa4fced9936857fc7180449eec to remote] DEBUG org.asynchttpclient.netty.request.NettyRequestSender - Using pooled Channel '[id: 0x0b295206, L:/127.0.0.1:60941 - R:localhost/127.0.0.1:50836]' for 'POST' to 'http://localhost:50836/session/39c5bdfa4fced9936857fc7180449eec/element'
16:06:41.525 [Forwarding findElement on session 39c5bdfa4fced9936857fc7180449eec to remote] DEBUG org.asynchttpclient.netty.request.NettyRequestSender - Using open Channel [id: 0x0b295206, L:/127.0.0.1:60941 - R:localhost/127.0.0.1:50836] for POST '/session/39c5bdfa4fced9936857fc7180449eec/element'
16:06:41.548 [AsyncHttpClient-1-5] DEBUG org.asynchttpclient.netty.handler.HttpHandler - 

Request DefaultHttpRequest(decodeResult: success, version: HTTP/1.1)
POST /session/39c5bdfa4fced9936857fc7180449eec/element HTTP/1.1
User-Agent: selenium/4.1.2 (java windows)
Content-Length: 68
Content-Type: application/json; charset=utf-8
host: localhost:50836
accept: */*

Response DefaultHttpResponse(decodeResult: success, version: HTTP/1.1)
HTTP/1.1 200 OK
Content-Type: application/json; charset=utf-8
cache-control: no-cache
content-length: 88

16:06:41.548 [AsyncHttpClient-1-5] DEBUG org.asynchttpclient.netty.channel.ChannelManager - Adding key: http://localhost:50836 for channel [id: 0x0b295206, L:/127.0.0.1:60941 - R:localhost/127.0.0.1:50836]
16:06:41.548 [Forwarding getElementTagName on session 39c5bdfa4fced9936857fc7180449eec to remote] DEBUG org.asynchttpclient.netty.request.NettyRequestSender - Using pooled Channel '[id: 0x0b295206, L:/127.0.0.1:60941 - R:localhost/127.0.0.1:50836]' for 'GET' to 'http://localhost:50836/session/39c5bdfa4fced9936857fc7180449eec/element/22c97a62-bfc7-4df0-9fc5-a5e91c88efb6/name'
16:06:41.548 [Forwarding getElementTagName on session 39c5bdfa4fced9936857fc7180449eec to remote] DEBUG org.asynchttpclient.netty.request.NettyRequestSender - Using open Channel [id: 0x0b295206, L:/127.0.0.1:60941 - R:localhost/127.0.0.1:50836] for GET '/session/39c5bdfa4fced9936857fc7180449eec/element/22c97a62-bfc7-4df0-9fc5-a5e91c88efb6/name'
16:06:41.575 [AsyncHttpClient-1-5] DEBUG org.asynchttpclient.netty.handler.HttpHandler - 

Request DefaultFullHttpRequest(decodeResult: success, version: HTTP/1.1, content: EmptyByteBufBE)
GET /session/39c5bdfa4fced9936857fc7180449eec/element/22c97a62-bfc7-4df0-9fc5-a5e91c88efb6/name HTTP/1.1
User-Agent: selenium/4.1.2 (java windows)
Cache-Control: no-cache
Content-Type: application/json; charset=utf-8
host: localhost:50836
accept: */*

Response DefaultHttpResponse(decodeResult: success, version: HTTP/1.1)
HTTP/1.1 200 OK
Content-Type: application/json; charset=utf-8
cache-control: no-cache
content-length: 13

16:06:41.575 [AsyncHttpClient-1-5] DEBUG org.asynchttpclient.netty.channel.ChannelManager - Adding key: http://localhost:50836 for channel [id: 0x0b295206, L:/127.0.0.1:60941 - R:localhost/127.0.0.1:50836]
16:06:41.575 [Forwarding getElementTagName on session 39c5bdfa4fced9936857fc7180449eec to remote] DEBUG org.asynchttpclient.netty.request.NettyRequestSender - Using pooled Channel '[id: 0x0b295206, L:/127.0.0.1:60941 - R:localhost/127.0.0.1:50836]' for 'GET' to 'http://localhost:50836/session/39c5bdfa4fced9936857fc7180449eec/element/22c97a62-bfc7-4df0-9fc5-a5e91c88efb6/name'
16:06:41.575 [Forwarding getElementTagName on session 39c5bdfa4fced9936857fc7180449eec to remote] DEBUG org.asynchttpclient.netty.request.NettyRequestSender - Using open Channel [id: 0x0b295206, L:/127.0.0.1:60941 - R:localhost/127.0.0.1:50836] for GET '/session/39c5bdfa4fced9936857fc7180449eec/element/22c97a62-bfc7-4df0-9fc5-a5e91c88efb6/name'
16:06:41.581 [AsyncHttpClient-1-5] DEBUG org.asynchttpclient.netty.handler.HttpHandler - 

Request DefaultFullHttpRequest(decodeResult: success, version: HTTP/1.1, content: EmptyByteBufBE)
GET /session/39c5bdfa4fced9936857fc7180449eec/element/22c97a62-bfc7-4df0-9fc5-a5e91c88efb6/name HTTP/1.1
User-Agent: selenium/4.1.2 (java windows)
Cache-Control: no-cache
Content-Type: application/json; charset=utf-8
host: localhost:50836
accept: */*

Response DefaultHttpResponse(decodeResult: success, version: HTTP/1.1)
HTTP/1.1 200 OK
Content-Type: application/json; charset=utf-8
cache-control: no-cache
content-length: 13

16:06:41.581 [AsyncHttpClient-1-5] DEBUG org.asynchttpclient.netty.channel.ChannelManager - Adding key: http://localhost:50836 for channel [id: 0x0b295206, L:/127.0.0.1:60941 - R:localhost/127.0.0.1:50836]
16:06:41.581 [Forwarding findElement on session 39c5bdfa4fced9936857fc7180449eec to remote] DEBUG org.asynchttpclient.netty.request.NettyRequestSender - Using pooled Channel '[id: 0x0b295206, L:/127.0.0.1:60941 - R:localhost/127.0.0.1:50836]' for 'POST' to 'http://localhost:50836/session/39c5bdfa4fced9936857fc7180449eec/element'
16:06:41.581 [Forwarding findElement on session 39c5bdfa4fced9936857fc7180449eec to remote] DEBUG org.asynchttpclient.netty.request.NettyRequestSender - Using open Channel [id: 0x0b295206, L:/127.0.0.1:60941 - R:localhost/127.0.0.1:50836] for POST '/session/39c5bdfa4fced9936857fc7180449eec/element'
16:06:41.594 [AsyncHttpClient-1-5] DEBUG org.asynchttpclient.netty.handler.HttpHandler - 

Request DefaultHttpRequest(decodeResult: success, version: HTTP/1.1)
POST /session/39c5bdfa4fced9936857fc7180449eec/element HTTP/1.1
User-Agent: selenium/4.1.2 (java windows)
Content-Length: 68
Content-Type: application/json; charset=utf-8
host: localhost:50836
accept: */*

Response DefaultHttpResponse(decodeResult: success, version: HTTP/1.1)
HTTP/1.1 200 OK
Content-Type: application/json; charset=utf-8
cache-control: no-cache
content-length: 88

16:06:41.594 [AsyncHttpClient-1-5] DEBUG org.asynchttpclient.netty.channel.ChannelManager - Adding key: http://localhost:50836 for channel [id: 0x0b295206, L:/127.0.0.1:60941 - R:localhost/127.0.0.1:50836]
16:06:41.602 [Forwarding clickElement on session 39c5bdfa4fced9936857fc7180449eec to remote] DEBUG org.asynchttpclient.netty.request.NettyRequestSender - Using pooled Channel '[id: 0x0b295206, L:/127.0.0.1:60941 - R:localhost/127.0.0.1:50836]' for 'POST' to 'http://localhost:50836/session/39c5bdfa4fced9936857fc7180449eec/element/22c97a62-bfc7-4df0-9fc5-a5e91c88efb6/click'
16:06:41.602 [Forwarding clickElement on session 39c5bdfa4fced9936857fc7180449eec to remote] DEBUG org.asynchttpclient.netty.request.NettyRequestSender - Using open Channel [id: 0x0b295206, L:/127.0.0.1:60941 - R:localhost/127.0.0.1:50836] for POST '/session/39c5bdfa4fced9936857fc7180449eec/element/22c97a62-bfc7-4df0-9fc5-a5e91c88efb6/click'
16:06:41.658 [AsyncHttpClient-1-5] DEBUG org.asynchttpclient.netty.handler.HttpHandler - 

Request DefaultHttpRequest(decodeResult: success, version: HTTP/1.1)
POST /session/39c5bdfa4fced9936857fc7180449eec/element/22c97a62-bfc7-4df0-9fc5-a5e91c88efb6/click HTTP/1.1
User-Agent: selenium/4.1.2 (java windows)
Content-Length: 50
Content-Type: application/json; charset=utf-8
host: localhost:50836
accept: */*

Response DefaultHttpResponse(decodeResult: success, version: HTTP/1.1)
HTTP/1.1 200 OK
Content-Type: application/json; charset=utf-8
cache-control: no-cache
content-length: 14

16:06:41.658 [AsyncHttpClient-1-5] DEBUG org.asynchttpclient.netty.channel.ChannelManager - Adding key: http://localhost:50836 for channel [id: 0x0b295206, L:/127.0.0.1:60941 - R:localhost/127.0.0.1:50836]
16:06:41.661 [Forwarding findElement on session 39c5bdfa4fced9936857fc7180449eec to remote] DEBUG org.asynchttpclient.netty.request.NettyRequestSender - Using pooled Channel '[id: 0x0b295206, L:/127.0.0.1:60941 - R:localhost/127.0.0.1:50836]' for 'POST' to 'http://localhost:50836/session/39c5bdfa4fced9936857fc7180449eec/element'
16:06:41.661 [Forwarding findElement on session 39c5bdfa4fced9936857fc7180449eec to remote] DEBUG org.asynchttpclient.netty.request.NettyRequestSender - Using open Channel [id: 0x0b295206, L:/127.0.0.1:60941 - R:localhost/127.0.0.1:50836] for POST '/session/39c5bdfa4fced9936857fc7180449eec/element'
16:06:41.695 [AsyncHttpClient-1-5] DEBUG org.asynchttpclient.netty.handler.HttpHandler - 

Request DefaultHttpRequest(decodeResult: success, version: HTTP/1.1)
POST /session/39c5bdfa4fced9936857fc7180449eec/element HTTP/1.1
User-Agent: selenium/4.1.2 (java windows)
Content-Length: 69
Content-Type: application/json; charset=utf-8
host: localhost:50836
accept: */*

Response DefaultHttpResponse(decodeResult: success, version: HTTP/1.1)
HTTP/1.1 200 OK
Content-Type: application/json; charset=utf-8
cache-control: no-cache
content-length: 88

16:06:41.695 [AsyncHttpClient-1-5] DEBUG org.asynchttpclient.netty.channel.ChannelManager - Adding key: http://localhost:50836 for channel [id: 0x0b295206, L:/127.0.0.1:60941 - R:localhost/127.0.0.1:50836]
16:06:41.703 [Forwarding isElementDisplayed on session 39c5bdfa4fced9936857fc7180449eec to remote] DEBUG org.asynchttpclient.netty.request.NettyRequestSender - Using pooled Channel '[id: 0x0b295206, L:/127.0.0.1:60941 - R:localhost/127.0.0.1:50836]' for 'POST' to 'http://localhost:50836/session/39c5bdfa4fced9936857fc7180449eec/execute/sync'
16:06:41.703 [Forwarding isElementDisplayed on session 39c5bdfa4fced9936857fc7180449eec to remote] DEBUG org.asynchttpclient.netty.request.NettyRequestSender - Using open Channel [id: 0x0b295206, L:/127.0.0.1:60941 - R:localhost/127.0.0.1:50836] for POST '/session/39c5bdfa4fced9936857fc7180449eec/execute/sync'
16:06:41.742 [AsyncHttpClient-1-5] DEBUG org.asynchttpclient.netty.handler.HttpHandler - 

Request DefaultHttpRequest(decodeResult: success, version: HTTP/1.1)
POST /session/39c5bdfa4fced9936857fc7180449eec/execute/sync HTTP/1.1
User-Agent: selenium/4.1.2 (java windows)
Content-Length: 48780
Content-Type: application/json; charset=utf-8
host: localhost:50836
accept: */*

Response DefaultHttpResponse(decodeResult: success, version: HTTP/1.1)
HTTP/1.1 200 OK
Content-Type: application/json; charset=utf-8
cache-control: no-cache
content-length: 14

16:06:41.744 [AsyncHttpClient-1-5] DEBUG org.asynchttpclient.netty.channel.ChannelManager - Adding key: http://localhost:50836 for channel [id: 0x0b295206, L:/127.0.0.1:60941 - R:localhost/127.0.0.1:50836]
  &amp#27;[32mAnd &amp#27;[0m&amp#27;[32mi click sign up&amp#27;[0m                                                           &amp#27;[90m# starter.stepdefinitions.registerSteps.iClickSignUp()&amp#27;[0m
16:06:41.747 [Forwarding screenshot on session 39c5bdfa4fced9936857fc7180449eec to remote] DEBUG org.asynchttpclient.netty.request.NettyRequestSender - Using pooled Channel '[id: 0x0b295206, L:/127.0.0.1:60941 - R:localhost/127.0.0.1:50836]' for 'GET' to 'http://localhost:50836/session/39c5bdfa4fced9936857fc7180449eec/screenshot'
16:06:41.747 [Forwarding screenshot on session 39c5bdfa4fced9936857fc7180449eec to remote] DEBUG org.asynchttpclient.netty.request.NettyRequestSender - Using open Channel [id: 0x0b295206, L:/127.0.0.1:60941 - R:localhost/127.0.0.1:50836] for GET '/session/39c5bdfa4fced9936857fc7180449eec/screenshot'
16:06:41.919 [AsyncHttpClient-1-1] DEBUG org.asynchttpclient.netty.channel.DefaultChannelPool - Entry count for : http://localhost:60942 : 1
16:06:42.145 [AsyncHttpClient-1-5] DEBUG org.asynchttpclient.netty.handler.HttpHandler - 

Request DefaultFullHttpRequest(decodeResult: success, version: HTTP/1.1, content: EmptyByteBufBE)
GET /session/39c5bdfa4fced9936857fc7180449eec/screenshot HTTP/1.1
User-Agent: selenium/4.1.2 (java windows)
Cache-Control: no-cache
Content-Type: application/json; charset=utf-8
host: localhost:50836
accept: */*

Response DefaultHttpResponse(decodeResult: success, version: HTTP/1.1)
HTTP/1.1 200 OK
Content-Type: application/json; charset=utf-8
cache-control: no-cache
content-length: 145644

16:06:42.145 [AsyncHttpClient-1-5] DEBUG org.asynchttpclient.netty.channel.ChannelManager - Adding key: http://localhost:50836 for channel [id: 0x0b295206, L:/127.0.0.1:60941 - R:localhost/127.0.0.1:50836]
16:06:42.153 [main] DEBUG net.serenitybdd.core.photography.Darkroom - Send negative for processing for target\site\serenity\4a69f546add2a04d628ab8750da13202fee23918d9229a85a7a5654eee246439.png
16:06:42.153 [Darkroom Processing Line] DEBUG net.serenitybdd.core.photography.DarkroomProcessingLine - Processing screenshot image in /var/screenshots/screenshot-15759360755793759508
16:06:42.153 [Darkroom Processing Line] DEBUG net.serenitybdd.core.photography.DarkroomProcessingLine - Saving screenshot to target\site\serenity\4a69f546add2a04d628ab8750da13202fee23918d9229a85a7a5654eee246439.png
16:06:42.166 [Forwarding findElement on session 39c5bdfa4fced9936857fc7180449eec to remote] DEBUG org.asynchttpclient.netty.request.NettyRequestSender - Using pooled Channel '[id: 0x0b295206, L:/127.0.0.1:60941 - R:localhost/127.0.0.1:50836]' for 'POST' to 'http://localhost:50836/session/39c5bdfa4fced9936857fc7180449eec/element'
16:06:42.166 [Forwarding findElement on session 39c5bdfa4fced9936857fc7180449eec to remote] DEBUG org.asynchttpclient.netty.request.NettyRequestSender - Using open Channel [id: 0x0b295206, L:/127.0.0.1:60941 - R:localhost/127.0.0.1:50836] for POST '/session/39c5bdfa4fced9936857fc7180449eec/element'
16:06:42.194 [AsyncHttpClient-1-5] DEBUG org.asynchttpclient.netty.handler.HttpHandler - 

Request DefaultHttpRequest(decodeResult: success, version: HTTP/1.1)
POST /session/39c5bdfa4fced9936857fc7180449eec/element HTTP/1.1
User-Agent: selenium/4.1.2 (java windows)
Content-Length: 66
Content-Type: application/json; charset=utf-8
host: localhost:50836
accept: */*

Response DefaultHttpResponse(decodeResult: success, version: HTTP/1.1)
HTTP/1.1 200 OK
Content-Type: application/json; charset=utf-8
cache-control: no-cache
content-length: 88

16:06:42.194 [AsyncHttpClient-1-5] DEBUG org.asynchttpclient.netty.channel.ChannelManager - Adding key: http://localhost:50836 for channel [id: 0x0b295206, L:/127.0.0.1:60941 - R:localhost/127.0.0.1:50836]
16:06:42.196 [Forwarding clearElement on session 39c5bdfa4fced9936857fc7180449eec to remote] DEBUG org.asynchttpclient.netty.request.NettyRequestSender - Using pooled Channel '[id: 0x0b295206, L:/127.0.0.1:60941 - R:localhost/127.0.0.1:50836]' for 'POST' to 'http://localhost:50836/session/39c5bdfa4fced9936857fc7180449eec/element/9694f636-d321-45af-a44e-b181776e6965/clear'
16:06:42.196 [Forwarding clearElement on session 39c5bdfa4fced9936857fc7180449eec to remote] DEBUG org.asynchttpclient.netty.request.NettyRequestSender - Using open Channel [id: 0x0b295206, L:/127.0.0.1:60941 - R:localhost/127.0.0.1:50836] for POST '/session/39c5bdfa4fced9936857fc7180449eec/element/9694f636-d321-45af-a44e-b181776e6965/clear'
16:06:42.234 [AsyncHttpClient-1-5] DEBUG org.asynchttpclient.netty.handler.HttpHandler - 

Request DefaultHttpRequest(decodeResult: success, version: HTTP/1.1)
POST /session/39c5bdfa4fced9936857fc7180449eec/element/9694f636-d321-45af-a44e-b181776e6965/clear HTTP/1.1
User-Agent: selenium/4.1.2 (java windows)
Content-Length: 50
Content-Type: application/json; charset=utf-8
host: localhost:50836
accept: */*

Response DefaultHttpResponse(decodeResult: success, version: HTTP/1.1)
HTTP/1.1 200 OK
Content-Type: application/json; charset=utf-8
cache-control: no-cache
content-length: 14

16:06:42.234 [AsyncHttpClient-1-5] DEBUG org.asynchttpclient.netty.channel.ChannelManager - Adding key: http://localhost:50836 for channel [id: 0x0b295206, L:/127.0.0.1:60941 - R:localhost/127.0.0.1:50836]
16:06:42.236 [Forwarding sendKeysToElement on session 39c5bdfa4fced9936857fc7180449eec to remote] DEBUG org.asynchttpclient.netty.request.NettyRequestSender - Using pooled Channel '[id: 0x0b295206, L:/127.0.0.1:60941 - R:localhost/127.0.0.1:50836]' for 'POST' to 'http://localhost:50836/session/39c5bdfa4fced9936857fc7180449eec/element/9694f636-d321-45af-a44e-b181776e6965/value'
16:06:42.236 [Forwarding sendKeysToElement on session 39c5bdfa4fced9936857fc7180449eec to remote] DEBUG org.asynchttpclient.netty.request.NettyRequestSender - Using open Channel [id: 0x0b295206, L:/127.0.0.1:60941 - R:localhost/127.0.0.1:50836] for POST '/session/39c5bdfa4fced9936857fc7180449eec/element/9694f636-d321-45af-a44e-b181776e6965/value'
16:06:42.343 [AsyncHttpClient-1-5] DEBUG org.asynchttpclient.netty.handler.HttpHandler - 

Request DefaultHttpRequest(decodeResult: success, version: HTTP/1.1)
POST /session/39c5bdfa4fced9936857fc7180449eec/element/9694f636-d321-45af-a44e-b181776e6965/value HTTP/1.1
User-Agent: selenium/4.1.2 (java windows)
Content-Length: 171
Content-Type: application/json; charset=utf-8
host: localhost:50836
accept: */*

Response DefaultHttpResponse(decodeResult: success, version: HTTP/1.1)
HTTP/1.1 200 OK
Content-Type: application/json; charset=utf-8
cache-control: no-cache
content-length: 14

16:06:42.343 [AsyncHttpClient-1-5] DEBUG org.asynchttpclient.netty.channel.ChannelManager - Adding key: http://localhost:50836 for channel [id: 0x0b295206, L:/127.0.0.1:60941 - R:localhost/127.0.0.1:50836]
16:06:42.343 [Forwarding findElement on session 39c5bdfa4fced9936857fc7180449eec to remote] DEBUG org.asynchttpclient.netty.request.NettyRequestSender - Using pooled Channel '[id: 0x0b295206, L:/127.0.0.1:60941 - R:localhost/127.0.0.1:50836]' for 'POST' to 'http://localhost:50836/session/39c5bdfa4fced9936857fc7180449eec/element'
16:06:42.343 [Forwarding findElement on session 39c5bdfa4fced9936857fc7180449eec to remote] DEBUG org.asynchttpclient.netty.request.NettyRequestSender - Using open Channel [id: 0x0b295206, L:/127.0.0.1:60941 - R:localhost/127.0.0.1:50836] for POST '/session/39c5bdfa4fced9936857fc7180449eec/element'
16:06:42.355 [AsyncHttpClient-1-5] DEBUG org.asynchttpclient.netty.handler.HttpHandler - 

Request DefaultHttpRequest(decodeResult: success, version: HTTP/1.1)
POST /session/39c5bdfa4fced9936857fc7180449eec/element HTTP/1.1
User-Agent: selenium/4.1.2 (java windows)
Content-Length: 63
Content-Type: application/json; charset=utf-8
host: localhost:50836
accept: */*

Response DefaultHttpResponse(decodeResult: success, version: HTTP/1.1)
HTTP/1.1 200 OK
Content-Type: application/json; charset=utf-8
cache-control: no-cache
content-length: 88

16:06:42.355 [AsyncHttpClient-1-5] DEBUG org.asynchttpclient.netty.channel.ChannelManager - Adding key: http://localhost:50836 for channel [id: 0x0b295206, L:/127.0.0.1:60941 - R:localhost/127.0.0.1:50836]
16:06:42.355 [Forwarding clearElement on session 39c5bdfa4fced9936857fc7180449eec to remote] DEBUG org.asynchttpclient.netty.request.NettyRequestSender - Using pooled Channel '[id: 0x0b295206, L:/127.0.0.1:60941 - R:localhost/127.0.0.1:50836]' for 'POST' to 'http://localhost:50836/session/39c5bdfa4fced9936857fc7180449eec/element/9753cea9-30fa-4b94-ba7d-35f2019bdeca/clear'
16:06:42.355 [Forwarding clearElement on session 39c5bdfa4fced9936857fc7180449eec to remote] DEBUG org.asynchttpclient.netty.request.NettyRequestSender - Using open Channel [id: 0x0b295206, L:/127.0.0.1:60941 - R:localhost/127.0.0.1:50836] for POST '/session/39c5bdfa4fced9936857fc7180449eec/element/9753cea9-30fa-4b94-ba7d-35f2019bdeca/clear'
16:06:42.396 [AsyncHttpClient-1-5] DEBUG org.asynchttpclient.netty.handler.HttpHandler - 

Request DefaultHttpRequest(decodeResult: success, version: HTTP/1.1)
POST /session/39c5bdfa4fced9936857fc7180449eec/element/9753cea9-30fa-4b94-ba7d-35f2019bdeca/clear HTTP/1.1
User-Agent: selenium/4.1.2 (java windows)
Content-Length: 50
Content-Type: application/json; charset=utf-8
host: localhost:50836
accept: */*

Response DefaultHttpResponse(decodeResult: success, version: HTTP/1.1)
HTTP/1.1 200 OK
Content-Type: application/json; charset=utf-8
cache-control: no-cache
content-length: 14

16:06:42.396 [AsyncHttpClient-1-5] DEBUG org.asynchttpclient.netty.channel.ChannelManager - Adding key: http://localhost:50836 for channel [id: 0x0b295206, L:/127.0.0.1:60941 - R:localhost/127.0.0.1:50836]
16:06:42.396 [Forwarding sendKeysToElement on session 39c5bdfa4fced9936857fc7180449eec to remote] DEBUG org.asynchttpclient.netty.request.NettyRequestSender - Using pooled Channel '[id: 0x0b295206, L:/127.0.0.1:60941 - R:localhost/127.0.0.1:50836]' for 'POST' to 'http://localhost:50836/session/39c5bdfa4fced9936857fc7180449eec/element/9753cea9-30fa-4b94-ba7d-35f2019bdeca/value'
16:06:42.396 [Forwarding sendKeysToElement on session 39c5bdfa4fced9936857fc7180449eec to remote] DEBUG org.asynchttpclient.netty.request.NettyRequestSender - Using open Channel [id: 0x0b295206, L:/127.0.0.1:60941 - R:localhost/127.0.0.1:50836] for POST '/session/39c5bdfa4fced9936857fc7180449eec/element/9753cea9-30fa-4b94-ba7d-35f2019bdeca/value'
16:06:42.576 [AsyncHttpClient-1-5] DEBUG org.asynchttpclient.netty.handler.HttpHandler - 

Request DefaultHttpRequest(decodeResult: success, version: HTTP/1.1)
POST /session/39c5bdfa4fced9936857fc7180449eec/element/9753cea9-30fa-4b94-ba7d-35f2019bdeca/value HTTP/1.1
User-Agent: selenium/4.1.2 (java windows)
Content-Length: 331
Content-Type: application/json; charset=utf-8
host: localhost:50836
accept: */*

Response DefaultHttpResponse(decodeResult: success, version: HTTP/1.1)
HTTP/1.1 200 OK
Content-Type: application/json; charset=utf-8
cache-control: no-cache
content-length: 14

16:06:42.576 [AsyncHttpClient-1-5] DEBUG org.asynchttpclient.netty.channel.ChannelManager - Adding key: http://localhost:50836 for channel [id: 0x0b295206, L:/127.0.0.1:60941 - R:localhost/127.0.0.1:50836]
16:06:42.588 [Forwarding findElement on session 39c5bdfa4fced9936857fc7180449eec to remote] DEBUG org.asynchttpclient.netty.request.NettyRequestSender - Using pooled Channel '[id: 0x0b295206, L:/127.0.0.1:60941 - R:localhost/127.0.0.1:50836]' for 'POST' to 'http://localhost:50836/session/39c5bdfa4fced9936857fc7180449eec/element'
16:06:42.588 [Forwarding findElement on session 39c5bdfa4fced9936857fc7180449eec to remote] DEBUG org.asynchttpclient.netty.request.NettyRequestSender - Using open Channel [id: 0x0b295206, L:/127.0.0.1:60941 - R:localhost/127.0.0.1:50836] for POST '/session/39c5bdfa4fced9936857fc7180449eec/element'
16:06:42.605 [AsyncHttpClient-1-5] DEBUG org.asynchttpclient.netty.handler.HttpHandler - 

Request DefaultHttpRequest(decodeResult: success, version: HTTP/1.1)
POST /session/39c5bdfa4fced9936857fc7180449eec/element HTTP/1.1
User-Agent: selenium/4.1.2 (java windows)
Content-Length: 68
Content-Type: application/json; charset=utf-8
host: localhost:50836
accept: */*

Response DefaultHttpResponse(decodeResult: success, version: HTTP/1.1)
HTTP/1.1 200 OK
Content-Type: application/json; charset=utf-8
cache-control: no-cache
content-length: 88

16:06:42.605 [AsyncHttpClient-1-5] DEBUG org.asynchttpclient.netty.channel.ChannelManager - Adding key: http://localhost:50836 for channel [id: 0x0b295206, L:/127.0.0.1:60941 - R:localhost/127.0.0.1:50836]
16:06:42.605 [Forwarding clearElement on session 39c5bdfa4fced9936857fc7180449eec to remote] DEBUG org.asynchttpclient.netty.request.NettyRequestSender - Using pooled Channel '[id: 0x0b295206, L:/127.0.0.1:60941 - R:localhost/127.0.0.1:50836]' for 'POST' to 'http://localhost:50836/session/39c5bdfa4fced9936857fc7180449eec/element/55e1ce84-b537-453b-ba10-a05196133736/clear'
16:06:42.605 [Forwarding clearElement on session 39c5bdfa4fced9936857fc7180449eec to remote] DEBUG org.asynchttpclient.netty.request.NettyRequestSender - Using open Channel [id: 0x0b295206, L:/127.0.0.1:60941 - R:localhost/127.0.0.1:50836] for POST '/session/39c5bdfa4fced9936857fc7180449eec/element/55e1ce84-b537-453b-ba10-a05196133736/clear'
16:06:42.656 [AsyncHttpClient-1-5] DEBUG org.asynchttpclient.netty.handler.HttpHandler - 

Request DefaultHttpRequest(decodeResult: success, version: HTTP/1.1)
POST /session/39c5bdfa4fced9936857fc7180449eec/element/55e1ce84-b537-453b-ba10-a05196133736/clear HTTP/1.1
User-Agent: selenium/4.1.2 (java windows)
Content-Length: 50
Content-Type: application/json; charset=utf-8
host: localhost:50836
accept: */*

Response DefaultHttpResponse(decodeResult: success, version: HTTP/1.1)
HTTP/1.1 200 OK
Content-Type: application/json; charset=utf-8
cache-control: no-cache
content-length: 14

16:06:42.656 [AsyncHttpClient-1-5] DEBUG org.asynchttpclient.netty.channel.ChannelManager - Adding key: http://localhost:50836 for channel [id: 0x0b295206, L:/127.0.0.1:60941 - R:localhost/127.0.0.1:50836]
16:06:42.664 [Forwarding sendKeysToElement on session 39c5bdfa4fced9936857fc7180449eec to remote] DEBUG org.asynchttpclient.netty.request.NettyRequestSender - Using pooled Channel '[id: 0x0b295206, L:/127.0.0.1:60941 - R:localhost/127.0.0.1:50836]' for 'POST' to 'http://localhost:50836/session/39c5bdfa4fced9936857fc7180449eec/element/55e1ce84-b537-453b-ba10-a05196133736/value'
16:06:42.664 [Forwarding sendKeysToElement on session 39c5bdfa4fced9936857fc7180449eec to remote] DEBUG org.asynchttpclient.netty.request.NettyRequestSender - Using open Channel [id: 0x0b295206, L:/127.0.0.1:60941 - R:localhost/127.0.0.1:50836] for POST '/session/39c5bdfa4fced9936857fc7180449eec/element/55e1ce84-b537-453b-ba10-a05196133736/value'
16:06:42.725 [AsyncHttpClient-1-5] DEBUG org.asynchttpclient.netty.handler.HttpHandler - 

Request DefaultHttpRequest(decodeResult: success, version: HTTP/1.1)
POST /session/39c5bdfa4fced9936857fc7180449eec/element/55e1ce84-b537-453b-ba10-a05196133736/value HTTP/1.1
User-Agent: selenium/4.1.2 (java windows)
Content-Length: 82
Content-Type: application/json; charset=utf-8
host: localhost:50836
accept: */*

Response DefaultHttpResponse(decodeResult: success, version: HTTP/1.1)
HTTP/1.1 200 OK
Content-Type: application/json; charset=utf-8
cache-control: no-cache
content-length: 14

16:06:42.725 [AsyncHttpClient-1-5] DEBUG org.asynchttpclient.netty.channel.ChannelManager - Adding key: http://localhost:50836 for channel [id: 0x0b295206, L:/127.0.0.1:60941 - R:localhost/127.0.0.1:50836]
16:06:42.736 [Forwarding findElement on session 39c5bdfa4fced9936857fc7180449eec to remote] DEBUG org.asynchttpclient.netty.request.NettyRequestSender - Using pooled Channel '[id: 0x0b295206, L:/127.0.0.1:60941 - R:localhost/127.0.0.1:50836]' for 'POST' to 'http://localhost:50836/session/39c5bdfa4fced9936857fc7180449eec/element'
16:06:42.736 [Forwarding findElement on session 39c5bdfa4fced9936857fc7180449eec to remote] DEBUG org.asynchttpclient.netty.request.NettyRequestSender - Using open Channel [id: 0x0b295206, L:/127.0.0.1:60941 - R:localhost/127.0.0.1:50836] for POST '/session/39c5bdfa4fced9936857fc7180449eec/element'
16:06:42.748 [AsyncHttpClient-1-5] DEBUG org.asynchttpclient.netty.handler.HttpHandler - 

Request DefaultHttpRequest(decodeResult: success, version: HTTP/1.1)
POST /session/39c5bdfa4fced9936857fc7180449eec/element HTTP/1.1
User-Agent: selenium/4.1.2 (java windows)
Content-Length: 77
Content-Type: application/json; charset=utf-8
host: localhost:50836
accept: */*

Response DefaultHttpResponse(decodeResult: success, version: HTTP/1.1)
HTTP/1.1 200 OK
Content-Type: application/json; charset=utf-8
cache-control: no-cache
content-length: 88

16:06:42.748 [AsyncHttpClient-1-5] DEBUG org.asynchttpclient.netty.channel.ChannelManager - Adding key: http://localhost:50836 for channel [id: 0x0b295206, L:/127.0.0.1:60941 - R:localhost/127.0.0.1:50836]
16:06:42.748 [Forwarding clearElement on session 39c5bdfa4fced9936857fc7180449eec to remote] DEBUG org.asynchttpclient.netty.request.NettyRequestSender - Using pooled Channel '[id: 0x0b295206, L:/127.0.0.1:60941 - R:localhost/127.0.0.1:50836]' for 'POST' to 'http://localhost:50836/session/39c5bdfa4fced9936857fc7180449eec/element/3e218685-af54-40bb-a439-2233142aacdf/clear'
16:06:42.748 [Forwarding clearElement on session 39c5bdfa4fced9936857fc7180449eec to remote] DEBUG org.asynchttpclient.netty.request.NettyRequestSender - Using open Channel [id: 0x0b295206, L:/127.0.0.1:60941 - R:localhost/127.0.0.1:50836] for POST '/session/39c5bdfa4fced9936857fc7180449eec/element/3e218685-af54-40bb-a439-2233142aacdf/clear'
16:06:42.787 [AsyncHttpClient-1-5] DEBUG org.asynchttpclient.netty.handler.HttpHandler - 

Request DefaultHttpRequest(decodeResult: success, version: HTTP/1.1)
POST /session/39c5bdfa4fced9936857fc7180449eec/element/3e218685-af54-40bb-a439-2233142aacdf/clear HTTP/1.1
User-Agent: selenium/4.1.2 (java windows)
Content-Length: 50
Content-Type: application/json; charset=utf-8
host: localhost:50836
accept: */*

Response DefaultHttpResponse(decodeResult: success, version: HTTP/1.1)
HTTP/1.1 200 OK
Content-Type: application/json; charset=utf-8
cache-control: no-cache
content-length: 14

16:06:42.787 [AsyncHttpClient-1-5] DEBUG org.asynchttpclient.netty.channel.ChannelManager - Adding key: http://localhost:50836 for channel [id: 0x0b295206, L:/127.0.0.1:60941 - R:localhost/127.0.0.1:50836]
16:06:42.795 [Forwarding sendKeysToElement on session 39c5bdfa4fced9936857fc7180449eec to remote] DEBUG org.asynchttpclient.netty.request.NettyRequestSender - Using pooled Channel '[id: 0x0b295206, L:/127.0.0.1:60941 - R:localhost/127.0.0.1:50836]' for 'POST' to 'http://localhost:50836/session/39c5bdfa4fced9936857fc7180449eec/element/3e218685-af54-40bb-a439-2233142aacdf/value'
16:06:42.795 [Forwarding sendKeysToElement on session 39c5bdfa4fced9936857fc7180449eec to remote] DEBUG org.asynchttpclient.netty.request.NettyRequestSender - Using open Channel [id: 0x0b295206, L:/127.0.0.1:60941 - R:localhost/127.0.0.1:50836] for POST '/session/39c5bdfa4fced9936857fc7180449eec/element/3e218685-af54-40bb-a439-2233142aacdf/value'
16:06:42.886 [AsyncHttpClient-1-5] DEBUG org.asynchttpclient.netty.handler.HttpHandler - 

Request DefaultHttpRequest(decodeResult: success, version: HTTP/1.1)
POST /session/39c5bdfa4fced9936857fc7180449eec/element/3e218685-af54-40bb-a439-2233142aacdf/value HTTP/1.1
User-Agent: selenium/4.1.2 (java windows)
Content-Length: 181
Content-Type: application/json; charset=utf-8
host: localhost:50836
accept: */*

Response DefaultHttpResponse(decodeResult: success, version: HTTP/1.1)
HTTP/1.1 200 OK
Content-Type: application/json; charset=utf-8
cache-control: no-cache
content-length: 14

16:06:42.886 [AsyncHttpClient-1-5] DEBUG org.asynchttpclient.netty.channel.ChannelManager - Adding key: http://localhost:50836 for channel [id: 0x0b295206, L:/127.0.0.1:60941 - R:localhost/127.0.0.1:50836]
  &amp#27;[32mAnd &amp#27;[0m&amp#27;[32mi input &amp#27;[0m&amp#27;[32m&amp#27;[1m"sonyaprds"&amp#27;[0m&amp#27;[32m and &amp#27;[0m&amp#27;[32m&amp#27;[1m"sonya@gmailcom"&amp#27;[0m&amp#27;[32m and &amp#27;[0m&amp#27;[32m&amp#27;[1m"SonyaPrds"&amp#27;[0m&amp#27;[32m and &amp#27;[0m&amp#27;[32m&amp#27;[1m"SonyaPrds1"&amp#27;[0m &amp#27;[90m# starter.stepdefinitions.registerSteps.iInputAndAndAnd(java.lang.String,java.lang.String,java.lang.String,java.lang.String)&amp#27;[0m
16:06:42.886 [Forwarding screenshot on session 39c5bdfa4fced9936857fc7180449eec to remote] DEBUG org.asynchttpclient.netty.request.NettyRequestSender - Using pooled Channel '[id: 0x0b295206, L:/127.0.0.1:60941 - R:localhost/127.0.0.1:50836]' for 'GET' to 'http://localhost:50836/session/39c5bdfa4fced9936857fc7180449eec/screenshot'
16:06:42.886 [Forwarding screenshot on session 39c5bdfa4fced9936857fc7180449eec to remote] DEBUG org.asynchttpclient.netty.request.NettyRequestSender - Using open Channel [id: 0x0b295206, L:/127.0.0.1:60941 - R:localhost/127.0.0.1:50836] for GET '/session/39c5bdfa4fced9936857fc7180449eec/screenshot'
16:06:43.026 [AsyncHttpClient-1-1] DEBUG org.asynchttpclient.netty.channel.DefaultChannelPool - Entry count for : http://localhost:60942 : 1
16:06:43.177 [AsyncHttpClient-1-5] DEBUG org.asynchttpclient.netty.handler.HttpHandler - 

Request DefaultFullHttpRequest(decodeResult: success, version: HTTP/1.1, content: EmptyByteBufBE)
GET /session/39c5bdfa4fced9936857fc7180449eec/screenshot HTTP/1.1
User-Agent: selenium/4.1.2 (java windows)
Cache-Control: no-cache
Content-Type: application/json; charset=utf-8
host: localhost:50836
accept: */*

Response DefaultHttpResponse(decodeResult: success, version: HTTP/1.1)
HTTP/1.1 200 OK
Content-Type: application/json; charset=utf-8
cache-control: no-cache
content-length: 159328

16:06:43.177 [AsyncHttpClient-1-5] DEBUG org.asynchttpclient.netty.channel.ChannelManager - Adding key: http://localhost:50836 for channel [id: 0x0b295206, L:/127.0.0.1:60941 - R:localhost/127.0.0.1:50836]
16:06:43.185 [main] DEBUG net.serenitybdd.core.photography.Darkroom - Send negative for processing for target\site\serenity\66ae96b17f07d1dd18e9b8a0f50981c7e0527b044f8dbd72f62436ed22b8501a.png
16:06:43.185 [Darkroom Processing Line] DEBUG net.serenitybdd.core.photography.DarkroomProcessingLine - Processing screenshot image in /var/screenshots/screenshot-7791169603372526668
16:06:43.185 [Darkroom Processing Line] DEBUG net.serenitybdd.core.photography.DarkroomProcessingLine - Saving screenshot to target\site\serenity\66ae96b17f07d1dd18e9b8a0f50981c7e0527b044f8dbd72f62436ed22b8501a.png
16:06:43.196 [Forwarding findElement on session 39c5bdfa4fced9936857fc7180449eec to remote] DEBUG org.asynchttpclient.netty.request.NettyRequestSender - Using pooled Channel '[id: 0x0b295206, L:/127.0.0.1:60941 - R:localhost/127.0.0.1:50836]' for 'POST' to 'http://localhost:50836/session/39c5bdfa4fced9936857fc7180449eec/element'
16:06:43.196 [Forwarding findElement on session 39c5bdfa4fced9936857fc7180449eec to remote] DEBUG org.asynchttpclient.netty.request.NettyRequestSender - Using open Channel [id: 0x0b295206, L:/127.0.0.1:60941 - R:localhost/127.0.0.1:50836] for POST '/session/39c5bdfa4fced9936857fc7180449eec/element'
16:06:43.219 [AsyncHttpClient-1-5] DEBUG org.asynchttpclient.netty.handler.HttpHandler - 

Request DefaultHttpRequest(decodeResult: success, version: HTTP/1.1)
POST /session/39c5bdfa4fced9936857fc7180449eec/element HTTP/1.1
User-Agent: selenium/4.1.2 (java windows)
Content-Length: 56
Content-Type: application/json; charset=utf-8
host: localhost:50836
accept: */*

Response DefaultHttpResponse(decodeResult: success, version: HTTP/1.1)
HTTP/1.1 200 OK
Content-Type: application/json; charset=utf-8
cache-control: no-cache
content-length: 88

16:06:43.219 [AsyncHttpClient-1-5] DEBUG org.asynchttpclient.netty.channel.ChannelManager - Adding key: http://localhost:50836 for channel [id: 0x0b295206, L:/127.0.0.1:60941 - R:localhost/127.0.0.1:50836]
16:06:43.221 [Forwarding getElementTagName on session 39c5bdfa4fced9936857fc7180449eec to remote] DEBUG org.asynchttpclient.netty.request.NettyRequestSender - Using pooled Channel '[id: 0x0b295206, L:/127.0.0.1:60941 - R:localhost/127.0.0.1:50836]' for 'GET' to 'http://localhost:50836/session/39c5bdfa4fced9936857fc7180449eec/element/1e6a4ed8-b9be-406e-8281-14349743b9f1/name'
16:06:43.221 [Forwarding getElementTagName on session 39c5bdfa4fced9936857fc7180449eec to remote] DEBUG org.asynchttpclient.netty.request.NettyRequestSender - Using open Channel [id: 0x0b295206, L:/127.0.0.1:60941 - R:localhost/127.0.0.1:50836] for GET '/session/39c5bdfa4fced9936857fc7180449eec/element/1e6a4ed8-b9be-406e-8281-14349743b9f1/name'
16:06:43.228 [AsyncHttpClient-1-5] DEBUG org.asynchttpclient.netty.handler.HttpHandler - 

Request DefaultFullHttpRequest(decodeResult: success, version: HTTP/1.1, content: EmptyByteBufBE)
GET /session/39c5bdfa4fced9936857fc7180449eec/element/1e6a4ed8-b9be-406e-8281-14349743b9f1/name HTTP/1.1
User-Agent: selenium/4.1.2 (java windows)
Cache-Control: no-cache
Content-Type: application/json; charset=utf-8
host: localhost:50836
accept: */*

Response DefaultHttpResponse(decodeResult: success, version: HTTP/1.1)
HTTP/1.1 200 OK
Content-Type: application/json; charset=utf-8
cache-control: no-cache
content-length: 18

16:06:43.228 [AsyncHttpClient-1-5] DEBUG org.asynchttpclient.netty.channel.ChannelManager - Adding key: http://localhost:50836 for channel [id: 0x0b295206, L:/127.0.0.1:60941 - R:localhost/127.0.0.1:50836]
16:06:43.228 [Forwarding getElementTagName on session 39c5bdfa4fced9936857fc7180449eec to remote] DEBUG org.asynchttpclient.netty.request.NettyRequestSender - Using pooled Channel '[id: 0x0b295206, L:/127.0.0.1:60941 - R:localhost/127.0.0.1:50836]' for 'GET' to 'http://localhost:50836/session/39c5bdfa4fced9936857fc7180449eec/element/1e6a4ed8-b9be-406e-8281-14349743b9f1/name'
16:06:43.228 [Forwarding getElementTagName on session 39c5bdfa4fced9936857fc7180449eec to remote] DEBUG org.asynchttpclient.netty.request.NettyRequestSender - Using open Channel [id: 0x0b295206, L:/127.0.0.1:60941 - R:localhost/127.0.0.1:50836] for GET '/session/39c5bdfa4fced9936857fc7180449eec/element/1e6a4ed8-b9be-406e-8281-14349743b9f1/name'
16:06:43.238 [AsyncHttpClient-1-5] DEBUG org.asynchttpclient.netty.handler.HttpHandler - 

Request DefaultFullHttpRequest(decodeResult: success, version: HTTP/1.1, content: EmptyByteBufBE)
GET /session/39c5bdfa4fced9936857fc7180449eec/element/1e6a4ed8-b9be-406e-8281-14349743b9f1/name HTTP/1.1
User-Agent: selenium/4.1.2 (java windows)
Cache-Control: no-cache
Content-Type: application/json; charset=utf-8
host: localhost:50836
accept: */*

Response DefaultHttpResponse(decodeResult: success, version: HTTP/1.1)
HTTP/1.1 200 OK
Content-Type: application/json; charset=utf-8
cache-control: no-cache
content-length: 18

16:06:43.238 [AsyncHttpClient-1-5] DEBUG org.asynchttpclient.netty.channel.ChannelManager - Adding key: http://localhost:50836 for channel [id: 0x0b295206, L:/127.0.0.1:60941 - R:localhost/127.0.0.1:50836]
16:06:43.238 [Forwarding isElementEnabled on session 39c5bdfa4fced9936857fc7180449eec to remote] DEBUG org.asynchttpclient.netty.request.NettyRequestSender - Using pooled Channel '[id: 0x0b295206, L:/127.0.0.1:60941 - R:localhost/127.0.0.1:50836]' for 'GET' to 'http://localhost:50836/session/39c5bdfa4fced9936857fc7180449eec/element/1e6a4ed8-b9be-406e-8281-14349743b9f1/enabled'
16:06:43.238 [Forwarding isElementEnabled on session 39c5bdfa4fced9936857fc7180449eec to remote] DEBUG org.asynchttpclient.netty.request.NettyRequestSender - Using open Channel [id: 0x0b295206, L:/127.0.0.1:60941 - R:localhost/127.0.0.1:50836] for GET '/session/39c5bdfa4fced9936857fc7180449eec/element/1e6a4ed8-b9be-406e-8281-14349743b9f1/enabled'
16:06:43.246 [AsyncHttpClient-1-5] DEBUG org.asynchttpclient.netty.handler.HttpHandler - 

Request DefaultFullHttpRequest(decodeResult: success, version: HTTP/1.1, content: EmptyByteBufBE)
GET /session/39c5bdfa4fced9936857fc7180449eec/element/1e6a4ed8-b9be-406e-8281-14349743b9f1/enabled HTTP/1.1
User-Agent: selenium/4.1.2 (java windows)
Cache-Control: no-cache
Content-Type: application/json; charset=utf-8
host: localhost:50836
accept: */*

Response DefaultHttpResponse(decodeResult: success, version: HTTP/1.1)
HTTP/1.1 200 OK
Content-Type: application/json; charset=utf-8
cache-control: no-cache
content-length: 14

16:06:43.246 [AsyncHttpClient-1-5] DEBUG org.asynchttpclient.netty.channel.ChannelManager - Adding key: http://localhost:50836 for channel [id: 0x0b295206, L:/127.0.0.1:60941 - R:localhost/127.0.0.1:50836]
16:06:43.255 [Forwarding isElementEnabled on session 39c5bdfa4fced9936857fc7180449eec to remote] DEBUG org.asynchttpclient.netty.request.NettyRequestSender - Using pooled Channel '[id: 0x0b295206, L:/127.0.0.1:60941 - R:localhost/127.0.0.1:50836]' for 'GET' to 'http://localhost:50836/session/39c5bdfa4fced9936857fc7180449eec/element/1e6a4ed8-b9be-406e-8281-14349743b9f1/enabled'
16:06:43.255 [Forwarding isElementEnabled on session 39c5bdfa4fced9936857fc7180449eec to remote] DEBUG org.asynchttpclient.netty.request.NettyRequestSender - Using open Channel [id: 0x0b295206, L:/127.0.0.1:60941 - R:localhost/127.0.0.1:50836] for GET '/session/39c5bdfa4fced9936857fc7180449eec/element/1e6a4ed8-b9be-406e-8281-14349743b9f1/enabled'
16:06:43.257 [AsyncHttpClient-1-5] DEBUG org.asynchttpclient.netty.handler.HttpHandler - 

Request DefaultFullHttpRequest(decodeResult: success, version: HTTP/1.1, content: EmptyByteBufBE)
GET /session/39c5bdfa4fced9936857fc7180449eec/element/1e6a4ed8-b9be-406e-8281-14349743b9f1/enabled HTTP/1.1
User-Agent: selenium/4.1.2 (java windows)
Cache-Control: no-cache
Content-Type: application/json; charset=utf-8
host: localhost:50836
accept: */*

Response DefaultHttpResponse(decodeResult: success, version: HTTP/1.1)
HTTP/1.1 200 OK
Content-Type: application/json; charset=utf-8
cache-control: no-cache
content-length: 14

16:06:43.257 [AsyncHttpClient-1-5] DEBUG org.asynchttpclient.netty.channel.ChannelManager - Adding key: http://localhost:50836 for channel [id: 0x0b295206, L:/127.0.0.1:60941 - R:localhost/127.0.0.1:50836]
16:06:43.257 [Forwarding findElement on session 39c5bdfa4fced9936857fc7180449eec to remote] DEBUG org.asynchttpclient.netty.request.NettyRequestSender - Using pooled Channel '[id: 0x0b295206, L:/127.0.0.1:60941 - R:localhost/127.0.0.1:50836]' for 'POST' to 'http://localhost:50836/session/39c5bdfa4fced9936857fc7180449eec/element'
16:06:43.257 [Forwarding findElement on session 39c5bdfa4fced9936857fc7180449eec to remote] DEBUG org.asynchttpclient.netty.request.NettyRequestSender - Using open Channel [id: 0x0b295206, L:/127.0.0.1:60941 - R:localhost/127.0.0.1:50836] for POST '/session/39c5bdfa4fced9936857fc7180449eec/element'
16:06:43.265 [AsyncHttpClient-1-5] DEBUG org.asynchttpclient.netty.handler.HttpHandler - 

Request DefaultHttpRequest(decodeResult: success, version: HTTP/1.1)
POST /session/39c5bdfa4fced9936857fc7180449eec/element HTTP/1.1
User-Agent: selenium/4.1.2 (java windows)
Content-Length: 56
Content-Type: application/json; charset=utf-8
host: localhost:50836
accept: */*

Response DefaultHttpResponse(decodeResult: success, version: HTTP/1.1)
HTTP/1.1 200 OK
Content-Type: application/json; charset=utf-8
cache-control: no-cache
content-length: 88

16:06:43.265 [AsyncHttpClient-1-5] DEBUG org.asynchttpclient.netty.channel.ChannelManager - Adding key: http://localhost:50836 for channel [id: 0x0b295206, L:/127.0.0.1:60941 - R:localhost/127.0.0.1:50836]
16:06:43.273 [Forwarding clickElement on session 39c5bdfa4fced9936857fc7180449eec to remote] DEBUG org.asynchttpclient.netty.request.NettyRequestSender - Using pooled Channel '[id: 0x0b295206, L:/127.0.0.1:60941 - R:localhost/127.0.0.1:50836]' for 'POST' to 'http://localhost:50836/session/39c5bdfa4fced9936857fc7180449eec/element/1e6a4ed8-b9be-406e-8281-14349743b9f1/click'
16:06:43.273 [Forwarding clickElement on session 39c5bdfa4fced9936857fc7180449eec to remote] DEBUG org.asynchttpclient.netty.request.NettyRequestSender - Using open Channel [id: 0x0b295206, L:/127.0.0.1:60941 - R:localhost/127.0.0.1:50836] for POST '/session/39c5bdfa4fced9936857fc7180449eec/element/1e6a4ed8-b9be-406e-8281-14349743b9f1/click'
16:06:44.161 [AsyncHttpClient-1-1] DEBUG org.asynchttpclient.netty.channel.DefaultChannelPool - Entry count for : http://localhost:60942 : 1
16:06:45.228 [AsyncHttpClient-1-1] DEBUG org.asynchttpclient.netty.channel.DefaultChannelPool - Entry count for : http://localhost:60942 : 1
16:06:46.149 [AsyncHttpClient-1-5] DEBUG org.asynchttpclient.netty.handler.HttpHandler - 

Request DefaultHttpRequest(decodeResult: success, version: HTTP/1.1)
POST /session/39c5bdfa4fced9936857fc7180449eec/element/1e6a4ed8-b9be-406e-8281-14349743b9f1/click HTTP/1.1
User-Agent: selenium/4.1.2 (java windows)
Content-Length: 50
Content-Type: application/json; charset=utf-8
host: localhost:50836
accept: */*

Response DefaultHttpResponse(decodeResult: success, version: HTTP/1.1)
HTTP/1.1 200 OK
Content-Type: application/json; charset=utf-8
cache-control: no-cache
content-length: 14

16:06:46.149 [AsyncHttpClient-1-5] DEBUG org.asynchttpclient.netty.channel.ChannelManager - Adding key: http://localhost:50836 for channel [id: 0x0b295206, L:/127.0.0.1:60941 - R:localhost/127.0.0.1:50836]
  &amp#27;[32mAnd &amp#27;[0m&amp#27;[32mi click continue button&amp#27;[0m                                                   &amp#27;[90m# starter.stepdefinitions.registerSteps.iClickContinueButton()&amp#27;[0m
16:06:46.441 [AsyncHttpClient-1-1] DEBUG org.asynchttpclient.netty.channel.DefaultChannelPool - Entry count for : http://localhost:50836 : 1
16:06:46.441 [AsyncHttpClient-1-1] DEBUG org.asynchttpclient.netty.channel.DefaultChannelPool - Entry count for : http://localhost:60942 : 1
16:06:46.479 [Forwarding screenshot on session 39c5bdfa4fced9936857fc7180449eec to remote] DEBUG org.asynchttpclient.netty.request.NettyRequestSender - Using pooled Channel '[id: 0x0b295206, L:/127.0.0.1:60941 - R:localhost/127.0.0.1:50836]' for 'GET' to 'http://localhost:50836/session/39c5bdfa4fced9936857fc7180449eec/screenshot'
16:06:46.479 [Forwarding screenshot on session 39c5bdfa4fced9936857fc7180449eec to remote] DEBUG org.asynchttpclient.netty.request.NettyRequestSender - Using open Channel [id: 0x0b295206, L:/127.0.0.1:60941 - R:localhost/127.0.0.1:50836] for GET '/session/39c5bdfa4fced9936857fc7180449eec/screenshot'
16:06:47.607 [AsyncHttpClient-1-1] DEBUG org.asynchttpclient.netty.channel.DefaultChannelPool - Entry count for : http://localhost:60942 : 1
16:06:48.621 [AsyncHttpClient-1-1] DEBUG org.asynchttpclient.netty.channel.DefaultChannelPool - Entry count for : http://localhost:60942 : 1
16:06:48.715 [AsyncHttpClient-1-5] DEBUG org.asynchttpclient.netty.handler.HttpHandler - 

Request DefaultFullHttpRequest(decodeResult: success, version: HTTP/1.1, content: EmptyByteBufBE)
GET /session/39c5bdfa4fced9936857fc7180449eec/screenshot HTTP/1.1
User-Agent: selenium/4.1.2 (java windows)
Cache-Control: no-cache
Content-Type: application/json; charset=utf-8
host: localhost:50836
accept: */*

Response DefaultHttpResponse(decodeResult: success, version: HTTP/1.1)
HTTP/1.1 200 OK
Content-Type: application/json; charset=utf-8
cache-control: no-cache
content-length: 159376

16:06:48.718 [AsyncHttpClient-1-5] DEBUG org.asynchttpclient.netty.channel.ChannelManager - Adding key: http://localhost:50836 for channel [id: 0x0b295206, L:/127.0.0.1:60941 - R:localhost/127.0.0.1:50836]
16:06:48.718 [main] DEBUG net.serenitybdd.core.photography.Darkroom - Send negative for processing for target\site\serenity\942782601e20f17478f9f7bf6a4b609da0d7fe7f723e2554d05d965435fd80f7.png
16:06:48.718 [Darkroom Processing Line] DEBUG net.serenitybdd.core.photography.DarkroomProcessingLine - Processing screenshot image in /var/screenshots/screenshot-5197000883137083287
16:06:48.718 [Darkroom Processing Line] DEBUG net.serenitybdd.core.photography.DarkroomProcessingLine - Saving screenshot to target\site\serenity\942782601e20f17478f9f7bf6a4b609da0d7fe7f723e2554d05d965435fd80f7.png
16:06:48.727 [Forwarding findElement on session 39c5bdfa4fced9936857fc7180449eec to remote] DEBUG org.asynchttpclient.netty.request.NettyRequestSender - Using pooled Channel '[id: 0x0b295206, L:/127.0.0.1:60941 - R:localhost/127.0.0.1:50836]' for 'POST' to 'http://localhost:50836/session/39c5bdfa4fced9936857fc7180449eec/element'
16:06:48.727 [Forwarding findElement on session 39c5bdfa4fced9936857fc7180449eec to remote] DEBUG org.asynchttpclient.netty.request.NettyRequestSender - Using open Channel [id: 0x0b295206, L:/127.0.0.1:60941 - R:localhost/127.0.0.1:50836] for POST '/session/39c5bdfa4fced9936857fc7180449eec/element'
16:06:48.743 [AsyncHttpClient-1-5] DEBUG org.asynchttpclient.netty.handler.HttpHandler - 

Request DefaultHttpRequest(decodeResult: success, version: HTTP/1.1)
POST /session/39c5bdfa4fced9936857fc7180449eec/element HTTP/1.1
User-Agent: selenium/4.1.2 (java windows)
Content-Length: 69
Content-Type: application/json; charset=utf-8
host: localhost:50836
accept: */*

Response DefaultHttpResponse(decodeResult: success, version: HTTP/1.1)
HTTP/1.1 200 OK
Content-Type: application/json; charset=utf-8
cache-control: no-cache
content-length: 88

16:06:48.743 [AsyncHttpClient-1-5] DEBUG org.asynchttpclient.netty.channel.ChannelManager - Adding key: http://localhost:50836 for channel [id: 0x0b295206, L:/127.0.0.1:60941 - R:localhost/127.0.0.1:50836]
16:06:48.747 [Forwarding isElementDisplayed on session 39c5bdfa4fced9936857fc7180449eec to remote] DEBUG org.asynchttpclient.netty.request.NettyRequestSender - Using pooled Channel '[id: 0x0b295206, L:/127.0.0.1:60941 - R:localhost/127.0.0.1:50836]' for 'POST' to 'http://localhost:50836/session/39c5bdfa4fced9936857fc7180449eec/execute/sync'
16:06:48.747 [Forwarding isElementDisplayed on session 39c5bdfa4fced9936857fc7180449eec to remote] DEBUG org.asynchttpclient.netty.request.NettyRequestSender - Using open Channel [id: 0x0b295206, L:/127.0.0.1:60941 - R:localhost/127.0.0.1:50836] for POST '/session/39c5bdfa4fced9936857fc7180449eec/execute/sync'
16:06:48.756 [AsyncHttpClient-1-5] DEBUG org.asynchttpclient.netty.handler.HttpHandler - 

Request DefaultHttpRequest(decodeResult: success, version: HTTP/1.1)
POST /session/39c5bdfa4fced9936857fc7180449eec/execute/sync HTTP/1.1
User-Agent: selenium/4.1.2 (java windows)
Content-Length: 48780
Content-Type: application/json; charset=utf-8
host: localhost:50836
accept: */*

Response DefaultHttpResponse(decodeResult: success, version: HTTP/1.1)
HTTP/1.1 200 OK
Content-Type: application/json; charset=utf-8
cache-control: no-cache
content-length: 14

16:06:48.756 [AsyncHttpClient-1-5] DEBUG org.asynchttpclient.netty.channel.ChannelManager - Adding key: http://localhost:50836 for channel [id: 0x0b295206, L:/127.0.0.1:60941 - R:localhost/127.0.0.1:50836]
16:06:48.764 [Forwarding findElement on session 39c5bdfa4fced9936857fc7180449eec to remote] DEBUG org.asynchttpclient.netty.request.NettyRequestSender - Using pooled Channel '[id: 0x0b295206, L:/127.0.0.1:60941 - R:localhost/127.0.0.1:50836]' for 'POST' to 'http://localhost:50836/session/39c5bdfa4fced9936857fc7180449eec/element'
16:06:48.764 [Forwarding findElement on session 39c5bdfa4fced9936857fc7180449eec to remote] DEBUG org.asynchttpclient.netty.request.NettyRequestSender - Using open Channel [id: 0x0b295206, L:/127.0.0.1:60941 - R:localhost/127.0.0.1:50836] for POST '/session/39c5bdfa4fced9936857fc7180449eec/element'
16:06:48.776 [AsyncHttpClient-1-5] DEBUG org.asynchttpclient.netty.handler.HttpHandler - 

Request DefaultHttpRequest(decodeResult: success, version: HTTP/1.1)
POST /session/39c5bdfa4fced9936857fc7180449eec/element HTTP/1.1
User-Agent: selenium/4.1.2 (java windows)
Content-Length: 69
Content-Type: application/json; charset=utf-8
host: localhost:50836
accept: */*

Response DefaultHttpResponse(decodeResult: success, version: HTTP/1.1)
HTTP/1.1 200 OK
Content-Type: application/json; charset=utf-8
cache-control: no-cache
content-length: 88

16:06:48.776 [AsyncHttpClient-1-5] DEBUG org.asynchttpclient.netty.channel.ChannelManager - Adding key: http://localhost:50836 for channel [id: 0x0b295206, L:/127.0.0.1:60941 - R:localhost/127.0.0.1:50836]
16:06:48.776 [Forwarding isElementDisplayed on session 39c5bdfa4fced9936857fc7180449eec to remote] DEBUG org.asynchttpclient.netty.request.NettyRequestSender - Using pooled Channel '[id: 0x0b295206, L:/127.0.0.1:60941 - R:localhost/127.0.0.1:50836]' for 'POST' to 'http://localhost:50836/session/39c5bdfa4fced9936857fc7180449eec/execute/sync'
16:06:48.776 [Forwarding isElementDisplayed on session 39c5bdfa4fced9936857fc7180449eec to remote] DEBUG org.asynchttpclient.netty.request.NettyRequestSender - Using open Channel [id: 0x0b295206, L:/127.0.0.1:60941 - R:localhost/127.0.0.1:50836] for POST '/session/39c5bdfa4fced9936857fc7180449eec/execute/sync'
16:06:48.784 [AsyncHttpClient-1-5] DEBUG org.asynchttpclient.netty.handler.HttpHandler - 

Request DefaultHttpRequest(decodeResult: success, version: HTTP/1.1)
POST /session/39c5bdfa4fced9936857fc7180449eec/execute/sync HTTP/1.1
User-Agent: selenium/4.1.2 (java windows)
Content-Length: 48780
Content-Type: application/json; charset=utf-8
host: localhost:50836
accept: */*

Response DefaultHttpResponse(decodeResult: success, version: HTTP/1.1)
HTTP/1.1 200 OK
Content-Type: application/json; charset=utf-8
cache-control: no-cache
content-length: 14

16:06:48.784 [AsyncHttpClient-1-5] DEBUG org.asynchttpclient.netty.channel.ChannelManager - Adding key: http://localhost:50836 for channel [id: 0x0b295206, L:/127.0.0.1:60941 - R:localhost/127.0.0.1:50836]
  &amp#27;[32mThen &amp#27;[0m&amp#27;[32mi get my &amp#27;[0m&amp#27;[32m&amp#27;[1m"register page"&amp#27;[0m                                                 &amp#27;[90m# starter.stepdefinitions.registerSteps.iGetMy(java.lang.String)&amp#27;[0m
16:06:48.793 [Forwarding screenshot on session 39c5bdfa4fced9936857fc7180449eec to remote] DEBUG org.asynchttpclient.netty.request.NettyRequestSender - Using pooled Channel '[id: 0x0b295206, L:/127.0.0.1:60941 - R:localhost/127.0.0.1:50836]' for 'GET' to 'http://localhost:50836/session/39c5bdfa4fced9936857fc7180449eec/screenshot'
16:06:48.793 [Forwarding screenshot on session 39c5bdfa4fced9936857fc7180449eec to remote] DEBUG org.asynchttpclient.netty.request.NettyRequestSender - Using open Channel [id: 0x0b295206, L:/127.0.0.1:60941 - R:localhost/127.0.0.1:50836] for GET '/session/39c5bdfa4fced9936857fc7180449eec/screenshot'
16:06:48.985 [AsyncHttpClient-1-5] DEBUG org.asynchttpclient.netty.handler.HttpHandler - 

Request DefaultFullHttpRequest(decodeResult: success, version: HTTP/1.1, content: EmptyByteBufBE)
GET /session/39c5bdfa4fced9936857fc7180449eec/screenshot HTTP/1.1
User-Agent: selenium/4.1.2 (java windows)
Cache-Control: no-cache
Content-Type: application/json; charset=utf-8
host: localhost:50836
accept: */*

Response DefaultHttpResponse(decodeResult: success, version: HTTP/1.1)
HTTP/1.1 200 OK
Content-Type: application/json; charset=utf-8
cache-control: no-cache
content-length: 159376

16:06:48.985 [AsyncHttpClient-1-5] DEBUG org.asynchttpclient.netty.channel.ChannelManager - Adding key: http://localhost:50836 for channel [id: 0x0b295206, L:/127.0.0.1:60941 - R:localhost/127.0.0.1:50836]
16:06:48.985 [main] DEBUG net.serenitybdd.core.photography.Darkroom - Send negative for processing for target\site\serenity\942782601e20f17478f9f7bf6a4b609da0d7fe7f723e2554d05d965435fd80f7.png
16:06:48.997 [AsyncHttpClient-1-7] DEBUG org.asynchttpclient.netty.handler.WebSocketHandler - Channel Closed: [id: 0x69b6c635, L:/127.0.0.1:60951 ! R:localhost/127.0.0.1:60942] with attribute NettyResponseFuture{currentRetry=5,
	isDone=1,
	isCancelled=0,
	asyncHandler=org.asynchttpclient.ws.WebSocketUpgradeHandler@6e1688ef,
	nettyRequest=org.asynchttpclient.netty.request.NettyRequest@5cb6eea9,
	future=java.util.concurrent.CompletableFuture@e279aa6[Completed normally],
	uri=ws://localhost:60942/devtools/browser/9dc7de5b-5711-47df-abae-ecf1346ed479,
	keepAlive=true,
	redirectCount=0,
	timeoutsHolder=null,
	inAuth=0,
	touch=1658480780946}
16:06:48.997 [AsyncHttpClient-1-7] DEBUG org.asynchttpclient.netty.channel.ChannelManager - Closing Channel [id: 0x69b6c635, L:/127.0.0.1:60951 ! R:localhost/127.0.0.1:60942] 
16:06:48.997 [Driver Command Executor] DEBUG org.asynchttpclient.netty.request.NettyRequestSender - Using pooled Channel '[id: 0x0b295206, L:/127.0.0.1:60941 - R:localhost/127.0.0.1:50836]' for 'DELETE' to 'http://localhost:50836/session/39c5bdfa4fced9936857fc7180449eec'
16:06:48.997 [Driver Command Executor] DEBUG org.asynchttpclient.netty.request.NettyRequestSender - Using open Channel [id: 0x0b295206, L:/127.0.0.1:60941 - R:localhost/127.0.0.1:50836] for DELETE '/session/39c5bdfa4fced9936857fc7180449eec'
16:06:49.730 [AsyncHttpClient-1-1] DEBUG org.asynchttpclient.netty.channel.DefaultChannelPool - Entry count for : http://localhost:60942 : 1
16:06:50.821 [AsyncHttpClient-1-1] DEBUG org.asynchttpclient.netty.channel.DefaultChannelPool - Entry count for : http://localhost:60942 : 1
16:06:50.994 [AsyncHttpClient-1-6] DEBUG org.asynchttpclient.netty.handler.HttpHandler - Unexpected I/O exception on channel [id: 0x92226f04, L:/127.0.0.1:60950 - R:localhost/127.0.0.1:60942]
java.net.SocketException: Connection reset
	at java.base/sun.nio.ch.SocketChannelImpl.throwConnectionReset(SocketChannelImpl.java:367)
	at java.base/sun.nio.ch.SocketChannelImpl.read(SocketChannelImpl.java:398)
	at io.netty.buffer.PooledByteBuf.setBytes(PooledByteBuf.java:258)
	at io.netty.buffer.AbstractByteBuf.writeBytes(AbstractByteBuf.java:1132)
	at io.netty.channel.socket.nio.NioSocketChannel.doReadBytes(NioSocketChannel.java:350)
	at io.netty.channel.nio.AbstractNioByteChannel$NioByteUnsafe.read(AbstractNioByteChannel.java:151)
	at io.netty.channel.nio.NioEventLoop.processSelectedKey(NioEventLoop.java:722)
	at io.netty.channel.nio.NioEventLoop.processSelectedKeysOptimized(NioEventLoop.java:658)
	at io.netty.channel.nio.NioEventLoop.processSelectedKeys(NioEventLoop.java:584)
	at io.netty.channel.nio.NioEventLoop.run(NioEventLoop.java:496)
	at io.netty.util.concurrent.SingleThreadEventExecutor$4.run(SingleThreadEventExecutor.java:986)
	at io.netty.util.internal.ThreadExecutorMap$2.run(ThreadExecutorMap.java:74)
	at io.netty.util.concurrent.FastThreadLocalRunnable.run(FastThreadLocalRunnable.java:30)
	at java.base/java.lang.Thread.run(Thread.java:832)
16:06:50.994 [AsyncHttpClient-1-6] DEBUG org.asynchttpclient.netty.channel.ChannelManager - Closing Channel [id: 0x92226f04, L:/127.0.0.1:60950 - R:localhost/127.0.0.1:60942] 
16:06:50.994 [AsyncHttpClient-1-6] DEBUG org.asynchttpclient.netty.handler.HttpHandler - Channel Closed: [id: 0x92226f04, L:/127.0.0.1:60950 ! R:localhost/127.0.0.1:60942] with attribute DISCARD
16:06:51.027 [AsyncHttpClient-1-5] DEBUG org.asynchttpclient.netty.handler.HttpHandler - 

Request DefaultFullHttpRequest(decodeResult: success, version: HTTP/1.1, content: EmptyByteBufBE)
DELETE /session/39c5bdfa4fced9936857fc7180449eec HTTP/1.1
User-Agent: selenium/4.1.2 (java windows)
Content-Type: application/json; charset=utf-8
host: localhost:50836
accept: */*

Response DefaultHttpResponse(decodeResult: success, version: HTTP/1.1)
HTTP/1.1 200 OK
Content-Type: application/json; charset=utf-8
cache-control: no-cache
content-length: 14

16:06:51.027 [AsyncHttpClient-1-5] DEBUG org.asynchttpclient.netty.channel.ChannelManager - Adding key: http://localhost:50836 for channel [id: 0x0b295206, L:/127.0.0.1:60941 - R:localhost/127.0.0.1:50836]
16:06:51.135 [AsyncHttpClient-1-5] DEBUG org.asynchttpclient.netty.handler.HttpHandler - Channel Closed: [id: 0x0b295206, L:/127.0.0.1:60941 ! R:localhost/127.0.0.1:50836] with attribute DISCARD
]]></system-out>
    <system-err><![CDATA[Starting ChromeDriver 102.0.5005.61 (0e59bcc00cc4985ce39ad31c150065f159d95ad3-refs/branch-heads/5005@{#819}) on port 50836
Only local connections are allowed.
Please see https://chromedriver.chromium.org/security-considerations for suggestions on keeping ChromeDriver safe.
ChromeDriver was started successfully.
[1658480779.794][WARNING]: This version of ChromeDriver has not been tested with Chrome version 103.
Jul 22, 2022 4:06:20 PM org.openqa.selenium.remote.ProtocolHandshake createSession
INFO: Detected dialect: W3C
Jul 22, 2022 4:06:20 PM org.openqa.selenium.devtools.CdpVersionFinder findNearestMatch
WARNING: Unable to find an exact match for CDP version 103, so returning the closest version found: a no-op implementation
Jul 22, 2022 4:06:20 PM org.openqa.selenium.devtools.CdpVersionFinder findNearestMatch
INFO: Unable to find CDP implementation matching 103.
Jul 22, 2022 4:06:20 PM org.openqa.selenium.chromium.ChromiumDriver lambda$new$3
WARNING: Unable to find version of CDP to use for . You may need to include a dependency on a specific version of the CDP using something similar to `org.seleniumhq.selenium:selenium-devtools-v86:4.1.2` where the version ("v86") matches the version of the chromium-based browser you're using and the version number of the artifact is the same as Selenium's.
]]></system-err>
  </testcase>
</testsuite>